<?xml version="1.0" encoding="UTF-8"?>
<testsuite name="EquationGeneratorUnitTest" tests="1" skipped="0" failures="0" errors="0" timestamp="2022-02-10T19:44:02" hostname="cb570fbb-6b73-4ac4-9e9b-b5524a168b2b.fritz.box" time="1.266">
  <properties/>
  <testcase name="testEquationGenerator()" classname="EquationGeneratorUnitTest" time="1.266"/>
  <system-out><![CDATA[
Difference: 6
Calculating: 6+6
Solving node: 6+6
x: 6
y: 6
Solving node: 6+6
x: 6
y: 6
Difference: 12
Last: 6; Last sum: 6
Calculating: 6+6-3
Solving node: 6+6
x: 6
y: 6
Solving node: 12-3
x: 12
y: 3
Solving node: 6+6
x: 6
y: 6
Solving node: 12-3
x: 12
y: 3
Solving node: 6+6
x: 6
y: 6
Difference: 12-3
Calculating: 6+6-3+2
Solving node: 6+6
x: 6
y: 6
Solving node: 12-3
x: 12
y: 3
Solving node: 9+2
x: 9
y: 2
Solving node: 6+6
x: 6
y: 6
Solving node: 12-3
x: 12
y: 3
Solving node: 6+6
x: 6
y: 6
Solving node: 12-3
x: 12
y: 3
Solving node: 9+2
x: 9
y: 2
Difference: 11
Using default bounds (multiplication)
Calculating: 6+6-3+2*3
Solving node: 2*3
x: 2
y: 3
Solving node: 6+6
x: 6
y: 6
Solving node: 12-3
x: 12
y: 3
Solving node: 9+6
x: 9
y: 6
Solving node: 2*3
x: 2
y: 3
Solving node: 6+6
x: 6
y: 6
Solving node: 12-3
x: 12
y: 3
Solving node: 2*3
x: 2
y: 3
Solving node: 6+6
x: 6
y: 6
Solving node: 12-3
x: 12
y: 3
Solving node: 9+6
x: 9
y: 6
Difference: 15
Last: 3; Last sum: 6
Calculating: 6+6-3+2*3-2
Solving node: 2*3
x: 2
y: 3
Solving node: 6+6
x: 6
y: 6
Solving node: 12-3
x: 12
y: 3
Solving node: 9+6
x: 9
y: 6
Solving node: 15-2
x: 15
y: 2
Solving node: 2*3
x: 2
y: 3
Solving node: 6+6
x: 6
y: 6
Solving node: 12-3
x: 12
y: 3
Solving node: 9+6
x: 9
y: 6
Solving node: 15-2
x: 15
y: 2
Solving node: 2*3
x: 2
y: 3
Solving node: 6+6
x: 6
y: 6
Solving node: 12-3
x: 12
y: 3
Solving node: 9+6
x: 9
y: 6
Difference: 15-2
Calculating bounds (multiplication)
Previous index: -1 | Last operator index: 2
Upper bound: 2
Calculating: 6+6-3+2*3-2*1
Solving node: 2*3
x: 2
y: 3
Solving node: 2*1
x: 2
y: 1
Solving node: 6+6
x: 6
y: 6
Solving node: 12-3
x: 12
y: 3
Solving node: 9+6
x: 9
y: 6
Solving node: 15-2
x: 15
y: 2
Solving node: 2*3
x: 2
y: 3
Solving node: 2*1
x: 2
y: 1
Solving node: 6+6
x: 6
y: 6
Solving node: 12-3
x: 12
y: 3
Solving node: 9+6
x: 9
y: 6
Solving node: 15-2
x: 15
y: 2
Solving node: 2*3
x: 2
y: 3
Solving node: 2*1
x: 2
y: 1
Solving node: 6+6
x: 6
y: 6
Solving node: 12-3
x: 12
y: 3
Solving node: 9+6
x: 9
y: 6
Difference: 15-2
Calculating: 6+6-3+2*3-2*1+3
Solving node: 2*3
x: 2
y: 3
Solving node: 2*1
x: 2
y: 1
Solving node: 6+6
x: 6
y: 6
Solving node: 12-3
x: 12
y: 3
Solving node: 9+6
x: 9
y: 6
Solving node: 15-2
x: 15
y: 2
Solving node: 13+3
x: 13
y: 3
Solving node: 2*3
x: 2
y: 3
Solving node: 2*1
x: 2
y: 1
Solving node: 6+6
x: 6
y: 6
Solving node: 12-3
x: 12
y: 3
Solving node: 9+6
x: 9
y: 6
Solving node: 15-2
x: 15
y: 2
Solving node: 2*3
x: 2
y: 3
Solving node: 2*1
x: 2
y: 1
Solving node: 6+6
x: 6
y: 6
Solving node: 12-3
x: 12
y: 3
Solving node: 9+6
x: 9
y: 6
Solving node: 15-2
x: 15
y: 2
Solving node: 13+3
x: 13
y: 3
Difference: 16
Using default bounds (multiplication)
Calculating: 6+6-3+2*3-2*1+3*1
Solving node: 2*3
x: 2
y: 3
Solving node: 2*1
x: 2
y: 1
Solving node: 3*1
x: 3
y: 1
Solving node: 6+6
x: 6
y: 6
Solving node: 12-3
x: 12
y: 3
Solving node: 9+6
x: 9
y: 6
Solving node: 15-2
x: 15
y: 2
Solving node: 13+3
x: 13
y: 3
Solving node: 2*3
x: 2
y: 3
Solving node: 2*1
x: 2
y: 1
Solving node: 3*1
x: 3
y: 1
Solving node: 6+6
x: 6
y: 6
Solving node: 12-3
x: 12
y: 3
Solving node: 9+6
x: 9
y: 6
Solving node: 15-2
x: 15
y: 2
Solving node: 2*3
x: 2
y: 3
Solving node: 2*1
x: 2
y: 1
Solving node: 3*1
x: 3
y: 1
Solving node: 6+6
x: 6
y: 6
Solving node: 12-3
x: 12
y: 3
Solving node: 9+6
x: 9
y: 6
Solving node: 15-2
x: 15
y: 2
Solving node: 13+3
x: 13
y: 3
Difference: 16
Calculating: 6+6-3+2*3-2*1+3*1+1
Solving node: 2*3
x: 2
y: 3
Solving node: 2*1
x: 2
y: 1
Solving node: 3*1
x: 3
y: 1
Solving node: 6+6
x: 6
y: 6
Solving node: 12-3
x: 12
y: 3
Solving node: 9+6
x: 9
y: 6
Solving node: 15-2
x: 15
y: 2
Solving node: 13+3
x: 13
y: 3
Solving node: 16+1
x: 16
y: 1
Solving node: 2*3
x: 2
y: 3
Solving node: 2*1
x: 2
y: 1
Solving node: 3*1
x: 3
y: 1
Solving node: 6+6
x: 6
y: 6
Solving node: 12-3
x: 12
y: 3
Solving node: 9+6
x: 9
y: 6
Solving node: 15-2
x: 15
y: 2
Solving node: 2*3
x: 2
y: 3
Solving node: 2*1
x: 2
y: 1
Solving node: 3*1
x: 3
y: 1
Solving node: 6+6
x: 6
y: 6
Solving node: 12-3
x: 12
y: 3
Solving node: 9+6
x: 9
y: 6
Solving node: 15-2
x: 15
y: 2
Solving node: 13+3
x: 13
y: 3
Solving node: 16+1
x: 16
y: 1
Difference: 17
Using default bounds (multiplication)
Calculating: 6+6-3+2*3-2*1+3*1+1*1
Solving node: 2*3
x: 2
y: 3
Solving node: 2*1
x: 2
y: 1
Solving node: 3*1
x: 3
y: 1
Solving node: 1*1
x: 1
y: 1
Solving node: 6+6
x: 6
y: 6
Solving node: 12-3
x: 12
y: 3
Solving node: 9+6
x: 9
y: 6
Solving node: 15-2
x: 15
y: 2
Solving node: 13+3
x: 13
y: 3
Solving node: 16+1
x: 16
y: 1
Solving node: 2*3
x: 2
y: 3
Solving node: 2*1
x: 2
y: 1
Solving node: 3*1
x: 3
y: 1
Solving node: 1*1
x: 1
y: 1
Solving node: 6+6
x: 6
y: 6
Solving node: 12-3
x: 12
y: 3
Solving node: 9+6
x: 9
y: 6
Solving node: 15-2
x: 15
y: 2
Solving node: 2*3
x: 2
y: 3
Solving node: 2*1
x: 2
y: 1
Solving node: 3*1
x: 3
y: 1
Solving node: 1*1
x: 1
y: 1
Solving node: 6+6
x: 6
y: 6
Solving node: 12-3
x: 12
y: 3
Solving node: 9+6
x: 9
y: 6
Solving node: 15-2
x: 15
y: 2
Solving node: 13+3
x: 13
y: 3
Solving node: 16+1
x: 16
y: 1
Difference: 17
Calculating: 6+6-3+2*3-2*1+3*1+1*1+2
Solving node: 2*3
x: 2
y: 3
Solving node: 2*1
x: 2
y: 1
Solving node: 3*1
x: 3
y: 1
Solving node: 1*1
x: 1
y: 1
Solving node: 6+6
x: 6
y: 6
Solving node: 12-3
x: 12
y: 3
Solving node: 9+6
x: 9
y: 6
Solving node: 15-2
x: 15
y: 2
Solving node: 13+3
x: 13
y: 3
Solving node: 16+1
x: 16
y: 1
Solving node: 17+2
x: 17
y: 2
Solving node: 2*3
x: 2
y: 3
Solving node: 2*1
x: 2
y: 1
Solving node: 3*1
x: 3
y: 1
Solving node: 1*1
x: 1
y: 1
Solving node: 6+6
x: 6
y: 6
Solving node: 12-3
x: 12
y: 3
Solving node: 9+6
x: 9
y: 6
Solving node: 15-2
x: 15
y: 2
Solving node: 2*3
x: 2
y: 3
Solving node: 2*1
x: 2
y: 1
Solving node: 3*1
x: 3
y: 1
Solving node: 1*1
x: 1
y: 1
Solving node: 6+6
x: 6
y: 6
Solving node: 12-3
x: 12
y: 3
Solving node: 9+6
x: 9
y: 6
Solving node: 15-2
x: 15
y: 2
Solving node: 13+3
x: 13
y: 3
Solving node: 16+1
x: 16
y: 1
Solving node: 17+2
x: 17
y: 2
Difference: 19
Using default bounds (multiplication)
Calculating: 6+6-3+2*3-2*1+3*1+1*1+2*4
Solving node: 2*3
x: 2
y: 3
Solving node: 2*1
x: 2
y: 1
Solving node: 3*1
x: 3
y: 1
Solving node: 1*1
x: 1
y: 1
Solving node: 2*4
x: 2
y: 4
Solving node: 6+6
x: 6
y: 6
Solving node: 12-3
x: 12
y: 3
Solving node: 9+6
x: 9
y: 6
Solving node: 15-2
x: 15
y: 2
Solving node: 13+3
x: 13
y: 3
Solving node: 16+1
x: 16
y: 1
Solving node: 17+8
x: 17
y: 8
Solving node: 2*3
x: 2
y: 3
Solving node: 2*1
x: 2
y: 1
Solving node: 3*1
x: 3
y: 1
Solving node: 1*1
x: 1
y: 1
Solving node: 2*4
x: 2
y: 4
Solving node: 6+6
x: 6
y: 6
Solving node: 12-3
x: 12
y: 3
Solving node: 9+6
x: 9
y: 6
Solving node: 15-2
x: 15
y: 2
Solving node: 2*3
x: 2
y: 3
Solving node: 2*1
x: 2
y: 1
Solving node: 3*1
x: 3
y: 1
Solving node: 1*1
x: 1
y: 1
Solving node: 2*4
x: 2
y: 4
Solving node: 6+6
x: 6
y: 6
Solving node: 12-3
x: 12
y: 3
Solving node: 9+6
x: 9
y: 6
Solving node: 15-2
x: 15
y: 2
Solving node: 13+3
x: 13
y: 3
Solving node: 16+1
x: 16
y: 1
Solving node: 17+8
x: 17
y: 8
Difference: 25
Last: 4; Last sum: 8
Calculating: 6+6-3+2*3-2*1+3*1+1*1+2*4-3
Solving node: 2*3
x: 2
y: 3
Solving node: 2*1
x: 2
y: 1
Solving node: 3*1
x: 3
y: 1
Solving node: 1*1
x: 1
y: 1
Solving node: 2*4
x: 2
y: 4
Solving node: 6+6
x: 6
y: 6
Solving node: 12-3
x: 12
y: 3
Solving node: 9+6
x: 9
y: 6
Solving node: 15-2
x: 15
y: 2
Solving node: 13+3
x: 13
y: 3
Solving node: 16+1
x: 16
y: 1
Solving node: 17+8
x: 17
y: 8
Solving node: 25-3
x: 25
y: 3
Solving node: 2*3
x: 2
y: 3
Solving node: 2*1
x: 2
y: 1
Solving node: 3*1
x: 3
y: 1
Solving node: 1*1
x: 1
y: 1
Solving node: 2*4
x: 2
y: 4
Solving node: 6+6
x: 6
y: 6
Solving node: 12-3
x: 12
y: 3
Solving node: 9+6
x: 9
y: 6
Solving node: 15-2
x: 15
y: 2
Solving node: 13+3
x: 13
y: 3
Solving node: 16+1
x: 16
y: 1
Solving node: 17+8
x: 17
y: 8
Solving node: 25-3
x: 25
y: 3
Solving node: 2*3
x: 2
y: 3
Solving node: 2*1
x: 2
y: 1
Solving node: 3*1
x: 3
y: 1
Solving node: 1*1
x: 1
y: 1
Solving node: 2*4
x: 2
y: 4
Solving node: 6+6
x: 6
y: 6
Solving node: 12-3
x: 12
y: 3
Solving node: 9+6
x: 9
y: 6
Solving node: 15-2
x: 15
y: 2
Solving node: 13+3
x: 13
y: 3
Solving node: 16+1
x: 16
y: 1
Solving node: 17+8
x: 17
y: 8
Difference: 25-3
Calculating bounds (multiplication)
Previous index: -1 | Last operator index: 2
Upper bound: 3
Calculating: 6+6-3+2*3-2*1+3*1+1*1+2*4-3*2
Solving node: 2*3
x: 2
y: 3
Solving node: 2*1
x: 2
y: 1
Solving node: 3*1
x: 3
y: 1
Solving node: 1*1
x: 1
y: 1
Solving node: 2*4
x: 2
y: 4
Solving node: 3*2
x: 3
y: 2
Solving node: 6+6
x: 6
y: 6
Solving node: 12-3
x: 12
y: 3
Solving node: 9+6
x: 9
y: 6
Solving node: 15-2
x: 15
y: 2
Solving node: 13+3
x: 13
y: 3
Solving node: 16+1
x: 16
y: 1
Solving node: 17+8
x: 17
y: 8
Solving node: 25-6
x: 25
y: 6
Solving node: 2*3
x: 2
y: 3
Solving node: 2*1
x: 2
y: 1
Solving node: 3*1
x: 3
y: 1
Solving node: 1*1
x: 1
y: 1
Solving node: 2*4
x: 2
y: 4
Solving node: 3*2
x: 3
y: 2
Solving node: 6+6
x: 6
y: 6
Solving node: 12-3
x: 12
y: 3
Solving node: 9+6
x: 9
y: 6
Solving node: 15-2
x: 15
y: 2
Solving node: 13+3
x: 13
y: 3
Solving node: 16+1
x: 16
y: 1
Solving node: 17+8
x: 17
y: 8
Solving node: 25-6
x: 25
y: 6
Solving node: 2*3
x: 2
y: 3
Solving node: 2*1
x: 2
y: 1
Solving node: 3*1
x: 3
y: 1
Solving node: 1*1
x: 1
y: 1
Solving node: 2*4
x: 2
y: 4
Solving node: 3*2
x: 3
y: 2
Solving node: 6+6
x: 6
y: 6
Solving node: 12-3
x: 12
y: 3
Solving node: 9+6
x: 9
y: 6
Solving node: 15-2
x: 15
y: 2
Solving node: 13+3
x: 13
y: 3
Solving node: 16+1
x: 16
y: 1
Solving node: 17+8
x: 17
y: 8
Difference: 25-6
Calculating: 6+6-3+2*3-2*1+3*1+1*1+2*4-3*2+8
Solving node: 2*3
x: 2
y: 3
Solving node: 2*1
x: 2
y: 1
Solving node: 3*1
x: 3
y: 1
Solving node: 1*1
x: 1
y: 1
Solving node: 2*4
x: 2
y: 4
Solving node: 3*2
x: 3
y: 2
Solving node: 6+6
x: 6
y: 6
Solving node: 12-3
x: 12
y: 3
Solving node: 9+6
x: 9
y: 6
Solving node: 15-2
x: 15
y: 2
Solving node: 13+3
x: 13
y: 3
Solving node: 16+1
x: 16
y: 1
Solving node: 17+8
x: 17
y: 8
Solving node: 25-6
x: 25
y: 6
Solving node: 19+8
x: 19
y: 8
Solving node: 2*3
x: 2
y: 3
Solving node: 2*1
x: 2
y: 1
Solving node: 3*1
x: 3
y: 1
Solving node: 1*1
x: 1
y: 1
Solving node: 2*4
x: 2
y: 4
Solving node: 3*2
x: 3
y: 2
Solving node: 6+6
x: 6
y: 6
Solving node: 12-3
x: 12
y: 3
Solving node: 9+6
x: 9
y: 6
Solving node: 15-2
x: 15
y: 2
Solving node: 13+3
x: 13
y: 3
Solving node: 16+1
x: 16
y: 1
Solving node: 17+8
x: 17
y: 8
Solving node: 25-6
x: 25
y: 6
Solving node: 2*3
x: 2
y: 3
Solving node: 2*1
x: 2
y: 1
Solving node: 3*1
x: 3
y: 1
Solving node: 1*1
x: 1
y: 1
Solving node: 2*4
x: 2
y: 4
Solving node: 3*2
x: 3
y: 2
Solving node: 6+6
x: 6
y: 6
Solving node: 12-3
x: 12
y: 3
Solving node: 9+6
x: 9
y: 6
Solving node: 15-2
x: 15
y: 2
Solving node: 13+3
x: 13
y: 3
Solving node: 16+1
x: 16
y: 1
Solving node: 17+8
x: 17
y: 8
Solving node: 25-6
x: 25
y: 6
Solving node: 19+8
x: 19
y: 8
Difference: 27
Last: 8; Last sum: 8
Calculating: 6+6-3+2*3-2*1+3*1+1*1+2*4-3*2+8-5
Solving node: 2*3
x: 2
y: 3
Solving node: 2*1
x: 2
y: 1
Solving node: 3*1
x: 3
y: 1
Solving node: 1*1
x: 1
y: 1
Solving node: 2*4
x: 2
y: 4
Solving node: 3*2
x: 3
y: 2
Solving node: 6+6
x: 6
y: 6
Solving node: 12-3
x: 12
y: 3
Solving node: 9+6
x: 9
y: 6
Solving node: 15-2
x: 15
y: 2
Solving node: 13+3
x: 13
y: 3
Solving node: 16+1
x: 16
y: 1
Solving node: 17+8
x: 17
y: 8
Solving node: 25-6
x: 25
y: 6
Solving node: 19+8
x: 19
y: 8
Solving node: 27-5
x: 27
y: 5
Originallösung: 6+6-3+2*3-2*1+3*1+1*1+2*4-3*2+8-5 = 22
[1/100] 6+6-3+2*3-2*1+3*1+1*1+2*4-3*2+8-5
Testing equation: 6+6-3+2*3-2*1+3*1+1*1+2*4-3*2+8-5
Checking node: 2*3
Solving node: 2*3
x: 2
y: 3
Checking node: 2*1
Solving node: 2*1
x: 2
y: 1
Checking node: 3*1
Solving node: 3*1
x: 3
y: 1
Checking node: 1*1
Solving node: 1*1
x: 1
y: 1
Checking node: 2*4
Solving node: 2*4
x: 2
y: 4
Checking node: 3*2
Solving node: 3*2
x: 3
y: 2
Checking node: 6+6
Solving node: 6+6
x: 6
y: 6
Checking node: 12-3
Solving node: 12-3
x: 12
y: 3
Checking node: 9+6
Solving node: 9+6
x: 9
y: 6
Checking node: 15-2
Solving node: 15-2
x: 15
y: 2
Checking node: 13+3
Solving node: 13+3
x: 13
y: 3
Checking node: 16+1
Solving node: 16+1
x: 16
y: 1
Checking node: 17+8
Solving node: 17+8
x: 17
y: 8
Checking node: 25-6
Solving node: 25-6
x: 25
y: 6
Checking node: 19+8
Solving node: 19+8
x: 19
y: 8
Checking node: 27-5
Solving node: 27-5
x: 27
y: 5
Checking node: 6+6
Checking node: 6-3
Checking node: 3+2
Checking node: 2*3
Checking node: 3-2
Checking node: 2*1
Checking node: 1+3
Checking node: 3*1
Checking node: 1+1
Checking node: 1*1
Checking node: 1+2
Checking node: 2*4
Checking node: 4-3
Checking node: 3*2
Checking node: 2+8
Checking node: 8-5
Difference: 9
Calculating: 9+6
Solving node: 9+6
x: 9
y: 6
Solving node: 9+6
x: 9
y: 6
Difference: 15
Calculating: 9+6:2
Solving node: 6:2
x: 6
y: 2
Solving node: 9+3
x: 9
y: 3
Solving node: 6:2
x: 6
y: 2
Solving node: 6:2
x: 6
y: 2
Solving node: 9+3
x: 9
y: 3
Difference: 12
Calculating: 9+6:2+2
Solving node: 6:2
x: 6
y: 2
Solving node: 9+3
x: 9
y: 3
Solving node: 12+2
x: 12
y: 2
Solving node: 6:2
x: 6
y: 2
Solving node: 6:2
x: 6
y: 2
Solving node: 9+3
x: 9
y: 3
Solving node: 12+2
x: 12
y: 2
Difference: 14
Using default bounds (multiplication)
Calculating: 9+6:2+2*3
Solving node: 6:2
x: 6
y: 2
Solving node: 2*3
x: 2
y: 3
Solving node: 9+3
x: 9
y: 3
Solving node: 12+6
x: 12
y: 6
Solving node: 6:2
x: 6
y: 2
Solving node: 2*3
x: 2
y: 3
Solving node: 6:2
x: 6
y: 2
Solving node: 2*3
x: 2
y: 3
Solving node: 9+3
x: 9
y: 3
Solving node: 12+6
x: 12
y: 6
Difference: 18
Last: 3; Last sum: 6
Calculating: 9+6:2+2*3-1
Solving node: 6:2
x: 6
y: 2
Solving node: 2*3
x: 2
y: 3
Solving node: 9+3
x: 9
y: 3
Solving node: 12+6
x: 12
y: 6
Solving node: 18-1
x: 18
y: 1
Solving node: 6:2
x: 6
y: 2
Solving node: 2*3
x: 2
y: 3
Solving node: 9+3
x: 9
y: 3
Solving node: 12+6
x: 12
y: 6
Solving node: 18-1
x: 18
y: 1
Solving node: 6:2
x: 6
y: 2
Solving node: 2*3
x: 2
y: 3
Solving node: 9+3
x: 9
y: 3
Solving node: 12+6
x: 12
y: 6
Difference: 18-1
Calculating: 9+6:2+2*3-1+6
Solving node: 6:2
x: 6
y: 2
Solving node: 2*3
x: 2
y: 3
Solving node: 9+3
x: 9
y: 3
Solving node: 12+6
x: 12
y: 6
Solving node: 18-1
x: 18
y: 1
Solving node: 17+6
x: 17
y: 6
Solving node: 6:2
x: 6
y: 2
Solving node: 2*3
x: 2
y: 3
Solving node: 9+3
x: 9
y: 3
Solving node: 12+6
x: 12
y: 6
Solving node: 18-1
x: 18
y: 1
Solving node: 6:2
x: 6
y: 2
Solving node: 2*3
x: 2
y: 3
Solving node: 9+3
x: 9
y: 3
Solving node: 12+6
x: 12
y: 6
Solving node: 18-1
x: 18
y: 1
Solving node: 17+6
x: 17
y: 6
Difference: 23
Calculating: 9+6:2+2*3-1+6:3
Solving node: 6:2
x: 6
y: 2
Solving node: 2*3
x: 2
y: 3
Solving node: 6:3
x: 6
y: 3
Solving node: 9+3
x: 9
y: 3
Solving node: 12+6
x: 12
y: 6
Solving node: 18-1
x: 18
y: 1
Solving node: 17+2
x: 17
y: 2
Solving node: 6:2
x: 6
y: 2
Solving node: 2*3
x: 2
y: 3
Solving node: 6:3
x: 6
y: 3
Solving node: 9+3
x: 9
y: 3
Solving node: 12+6
x: 12
y: 6
Solving node: 18-1
x: 18
y: 1
Solving node: 6:2
x: 6
y: 2
Solving node: 2*3
x: 2
y: 3
Solving node: 6:3
x: 6
y: 3
Solving node: 9+3
x: 9
y: 3
Solving node: 12+6
x: 12
y: 6
Solving node: 18-1
x: 18
y: 1
Solving node: 17+2
x: 17
y: 2
Difference: 19
Last: 3; Last sum: 2
Calculating: 9+6:2+2*3-1+6:3-1
Solving node: 6:2
x: 6
y: 2
Solving node: 2*3
x: 2
y: 3
Solving node: 6:3
x: 6
y: 3
Solving node: 9+3
x: 9
y: 3
Solving node: 12+6
x: 12
y: 6
Solving node: 18-1
x: 18
y: 1
Solving node: 17+2
x: 17
y: 2
Solving node: 19-1
x: 19
y: 1
Solving node: 6:2
x: 6
y: 2
Solving node: 2*3
x: 2
y: 3
Solving node: 6:3
x: 6
y: 3
Solving node: 9+3
x: 9
y: 3
Solving node: 12+6
x: 12
y: 6
Solving node: 18-1
x: 18
y: 1
Solving node: 17+2
x: 17
y: 2
Solving node: 19-1
x: 19
y: 1
Solving node: 6:2
x: 6
y: 2
Solving node: 2*3
x: 2
y: 3
Solving node: 6:3
x: 6
y: 3
Solving node: 9+3
x: 9
y: 3
Solving node: 12+6
x: 12
y: 6
Solving node: 18-1
x: 18
y: 1
Solving node: 17+2
x: 17
y: 2
Difference: 19-1
Calculating bounds (multiplication)
Previous index: -1 | Last operator index: 2
Upper bound: 1
Solving node: 6:2
x: 6
y: 2
Solving node: 2*3
x: 2
y: 3
Solving node: 6:3
x: 6
y: 3
Solving node: 9+3
x: 9
y: 3
Solving node: 12+6
x: 12
y: 6
Solving node: 18-1
x: 18
y: 1
Solving node: 17+2
x: 17
y: 2
Solving node: 19-1
x: 19
y: 1
Solving node: 6:2
x: 6
y: 2
Solving node: 2*3
x: 2
y: 3
Solving node: 6:3
x: 6
y: 3
Solving node: 9+3
x: 9
y: 3
Solving node: 12+6
x: 12
y: 6
Solving node: 18-1
x: 18
y: 1
Solving node: 17+2
x: 17
y: 2
Difference: 19-1
Calculating: 9+6:2+2*3-1+6:3-1+3
Solving node: 6:2
x: 6
y: 2
Solving node: 2*3
x: 2
y: 3
Solving node: 6:3
x: 6
y: 3
Solving node: 9+3
x: 9
y: 3
Solving node: 12+6
x: 12
y: 6
Solving node: 18-1
x: 18
y: 1
Solving node: 17+2
x: 17
y: 2
Solving node: 19-1
x: 19
y: 1
Solving node: 18+3
x: 18
y: 3
Solving node: 6:2
x: 6
y: 2
Solving node: 2*3
x: 2
y: 3
Solving node: 6:3
x: 6
y: 3
Solving node: 9+3
x: 9
y: 3
Solving node: 12+6
x: 12
y: 6
Solving node: 18-1
x: 18
y: 1
Solving node: 17+2
x: 17
y: 2
Solving node: 19-1
x: 19
y: 1
Solving node: 6:2
x: 6
y: 2
Solving node: 2*3
x: 2
y: 3
Solving node: 6:3
x: 6
y: 3
Solving node: 9+3
x: 9
y: 3
Solving node: 12+6
x: 12
y: 6
Solving node: 18-1
x: 18
y: 1
Solving node: 17+2
x: 17
y: 2
Solving node: 19-1
x: 19
y: 1
Solving node: 18+3
x: 18
y: 3
Difference: 21
Using default bounds (multiplication)
Calculating: 9+6:2+2*3-1+6:3-1+3*4
Solving node: 6:2
x: 6
y: 2
Solving node: 2*3
x: 2
y: 3
Solving node: 6:3
x: 6
y: 3
Solving node: 3*4
x: 3
y: 4
Solving node: 9+3
x: 9
y: 3
Solving node: 12+6
x: 12
y: 6
Solving node: 18-1
x: 18
y: 1
Solving node: 17+2
x: 17
y: 2
Solving node: 19-1
x: 19
y: 1
Solving node: 18+12
x: 18
y: 12
Solving node: 6:2
x: 6
y: 2
Solving node: 2*3
x: 2
y: 3
Solving node: 6:3
x: 6
y: 3
Solving node: 3*4
x: 3
y: 4
Solving node: 9+3
x: 9
y: 3
Solving node: 12+6
x: 12
y: 6
Solving node: 18-1
x: 18
y: 1
Solving node: 17+2
x: 17
y: 2
Solving node: 19-1
x: 19
y: 1
Solving node: 6:2
x: 6
y: 2
Solving node: 2*3
x: 2
y: 3
Solving node: 6:3
x: 6
y: 3
Solving node: 3*4
x: 3
y: 4
Solving node: 9+3
x: 9
y: 3
Solving node: 12+6
x: 12
y: 6
Solving node: 18-1
x: 18
y: 1
Solving node: 17+2
x: 17
y: 2
Solving node: 19-1
x: 19
y: 1
Solving node: 18+12
x: 18
y: 12
Difference: 30
Last: 4; Last sum: 12
Calculating: 9+6:2+2*3-1+6:3-1+3*4-1
Solving node: 6:2
x: 6
y: 2
Solving node: 2*3
x: 2
y: 3
Solving node: 6:3
x: 6
y: 3
Solving node: 3*4
x: 3
y: 4
Solving node: 9+3
x: 9
y: 3
Solving node: 12+6
x: 12
y: 6
Solving node: 18-1
x: 18
y: 1
Solving node: 17+2
x: 17
y: 2
Solving node: 19-1
x: 19
y: 1
Solving node: 18+12
x: 18
y: 12
Solving node: 30-1
x: 30
y: 1
Solving node: 6:2
x: 6
y: 2
Solving node: 2*3
x: 2
y: 3
Solving node: 6:3
x: 6
y: 3
Solving node: 3*4
x: 3
y: 4
Solving node: 9+3
x: 9
y: 3
Solving node: 12+6
x: 12
y: 6
Solving node: 18-1
x: 18
y: 1
Solving node: 17+2
x: 17
y: 2
Solving node: 19-1
x: 19
y: 1
Solving node: 18+12
x: 18
y: 12
Solving node: 30-1
x: 30
y: 1
Solving node: 6:2
x: 6
y: 2
Solving node: 2*3
x: 2
y: 3
Solving node: 6:3
x: 6
y: 3
Solving node: 3*4
x: 3
y: 4
Solving node: 9+3
x: 9
y: 3
Solving node: 12+6
x: 12
y: 6
Solving node: 18-1
x: 18
y: 1
Solving node: 17+2
x: 17
y: 2
Solving node: 19-1
x: 19
y: 1
Solving node: 18+12
x: 18
y: 12
Difference: 30-1
Calculating bounds (multiplication)
Previous index: -1 | Last operator index: 2
Upper bound: 1
Solving node: 6:2
x: 6
y: 2
Solving node: 2*3
x: 2
y: 3
Solving node: 6:3
x: 6
y: 3
Solving node: 3*4
x: 3
y: 4
Solving node: 9+3
x: 9
y: 3
Solving node: 12+6
x: 12
y: 6
Solving node: 18-1
x: 18
y: 1
Solving node: 17+2
x: 17
y: 2
Solving node: 19-1
x: 19
y: 1
Solving node: 18+12
x: 18
y: 12
Solving node: 30-1
x: 30
y: 1
Solving node: 6:2
x: 6
y: 2
Solving node: 2*3
x: 2
y: 3
Solving node: 6:3
x: 6
y: 3
Solving node: 3*4
x: 3
y: 4
Solving node: 9+3
x: 9
y: 3
Solving node: 12+6
x: 12
y: 6
Solving node: 18-1
x: 18
y: 1
Solving node: 17+2
x: 17
y: 2
Solving node: 19-1
x: 19
y: 1
Solving node: 18+12
x: 18
y: 12
Difference: 30-1
Calculating: 9+6:2+2*3-1+6:3-1+3*4-1+7
Solving node: 6:2
x: 6
y: 2
Solving node: 2*3
x: 2
y: 3
Solving node: 6:3
x: 6
y: 3
Solving node: 3*4
x: 3
y: 4
Solving node: 9+3
x: 9
y: 3
Solving node: 12+6
x: 12
y: 6
Solving node: 18-1
x: 18
y: 1
Solving node: 17+2
x: 17
y: 2
Solving node: 19-1
x: 19
y: 1
Solving node: 18+12
x: 18
y: 12
Solving node: 30-1
x: 30
y: 1
Solving node: 29+7
x: 29
y: 7
Solving node: 6:2
x: 6
y: 2
Solving node: 2*3
x: 2
y: 3
Solving node: 6:3
x: 6
y: 3
Solving node: 3*4
x: 3
y: 4
Solving node: 9+3
x: 9
y: 3
Solving node: 12+6
x: 12
y: 6
Solving node: 18-1
x: 18
y: 1
Solving node: 17+2
x: 17
y: 2
Solving node: 19-1
x: 19
y: 1
Solving node: 18+12
x: 18
y: 12
Solving node: 30-1
x: 30
y: 1
Solving node: 6:2
x: 6
y: 2
Solving node: 2*3
x: 2
y: 3
Solving node: 6:3
x: 6
y: 3
Solving node: 3*4
x: 3
y: 4
Solving node: 9+3
x: 9
y: 3
Solving node: 12+6
x: 12
y: 6
Solving node: 18-1
x: 18
y: 1
Solving node: 17+2
x: 17
y: 2
Solving node: 19-1
x: 19
y: 1
Solving node: 18+12
x: 18
y: 12
Solving node: 30-1
x: 30
y: 1
Solving node: 29+7
x: 29
y: 7
Difference: 36
Using default bounds (multiplication)
Calculating: 9+6:2+2*3-1+6:3-1+3*4-1+7*3
Solving node: 6:2
x: 6
y: 2
Solving node: 2*3
x: 2
y: 3
Solving node: 6:3
x: 6
y: 3
Solving node: 3*4
x: 3
y: 4
Solving node: 7*3
x: 7
y: 3
Solving node: 9+3
x: 9
y: 3
Solving node: 12+6
x: 12
y: 6
Solving node: 18-1
x: 18
y: 1
Solving node: 17+2
x: 17
y: 2
Solving node: 19-1
x: 19
y: 1
Solving node: 18+12
x: 18
y: 12
Solving node: 30-1
x: 30
y: 1
Solving node: 29+21
x: 29
y: 21
Solving node: 6:2
x: 6
y: 2
Solving node: 2*3
x: 2
y: 3
Solving node: 6:3
x: 6
y: 3
Solving node: 3*4
x: 3
y: 4
Solving node: 7*3
x: 7
y: 3
Solving node: 9+3
x: 9
y: 3
Solving node: 12+6
x: 12
y: 6
Solving node: 18-1
x: 18
y: 1
Solving node: 17+2
x: 17
y: 2
Solving node: 19-1
x: 19
y: 1
Solving node: 18+12
x: 18
y: 12
Solving node: 30-1
x: 30
y: 1
Solving node: 6:2
x: 6
y: 2
Solving node: 2*3
x: 2
y: 3
Solving node: 6:3
x: 6
y: 3
Solving node: 3*4
x: 3
y: 4
Solving node: 7*3
x: 7
y: 3
Solving node: 9+3
x: 9
y: 3
Solving node: 12+6
x: 12
y: 6
Solving node: 18-1
x: 18
y: 1
Solving node: 17+2
x: 17
y: 2
Solving node: 19-1
x: 19
y: 1
Solving node: 18+12
x: 18
y: 12
Solving node: 30-1
x: 30
y: 1
Solving node: 29+21
x: 29
y: 21
Difference: 50
Calculating: 9+6:2+2*3-1+6:3-1+3*4-1+7*3+6
Solving node: 6:2
x: 6
y: 2
Solving node: 2*3
x: 2
y: 3
Solving node: 6:3
x: 6
y: 3
Solving node: 3*4
x: 3
y: 4
Solving node: 7*3
x: 7
y: 3
Solving node: 9+3
x: 9
y: 3
Solving node: 12+6
x: 12
y: 6
Solving node: 18-1
x: 18
y: 1
Solving node: 17+2
x: 17
y: 2
Solving node: 19-1
x: 19
y: 1
Solving node: 18+12
x: 18
y: 12
Solving node: 30-1
x: 30
y: 1
Solving node: 29+21
x: 29
y: 21
Solving node: 50+6
x: 50
y: 6
Solving node: 6:2
x: 6
y: 2
Solving node: 2*3
x: 2
y: 3
Solving node: 6:3
x: 6
y: 3
Solving node: 3*4
x: 3
y: 4
Solving node: 7*3
x: 7
y: 3
Solving node: 9+3
x: 9
y: 3
Solving node: 12+6
x: 12
y: 6
Solving node: 18-1
x: 18
y: 1
Solving node: 17+2
x: 17
y: 2
Solving node: 19-1
x: 19
y: 1
Solving node: 18+12
x: 18
y: 12
Solving node: 30-1
x: 30
y: 1
Solving node: 6:2
x: 6
y: 2
Solving node: 2*3
x: 2
y: 3
Solving node: 6:3
x: 6
y: 3
Solving node: 3*4
x: 3
y: 4
Solving node: 7*3
x: 7
y: 3
Solving node: 9+3
x: 9
y: 3
Solving node: 12+6
x: 12
y: 6
Solving node: 18-1
x: 18
y: 1
Solving node: 17+2
x: 17
y: 2
Solving node: 19-1
x: 19
y: 1
Solving node: 18+12
x: 18
y: 12
Solving node: 30-1
x: 30
y: 1
Solving node: 29+21
x: 29
y: 21
Solving node: 50+6
x: 50
y: 6
Difference: 56
Using default bounds (multiplication)
Calculating: 9+6:2+2*3-1+6:3-1+3*4-1+7*3+6*9
Solving node: 6:2
x: 6
y: 2
Solving node: 2*3
x: 2
y: 3
Solving node: 6:3
x: 6
y: 3
Solving node: 3*4
x: 3
y: 4
Solving node: 7*3
x: 7
y: 3
Solving node: 6*9
x: 6
y: 9
Solving node: 9+3
x: 9
y: 3
Solving node: 12+6
x: 12
y: 6
Solving node: 18-1
x: 18
y: 1
Solving node: 17+2
x: 17
y: 2
Solving node: 19-1
x: 19
y: 1
Solving node: 18+12
x: 18
y: 12
Solving node: 30-1
x: 30
y: 1
Solving node: 29+21
x: 29
y: 21
Solving node: 50+54
x: 50
y: 54
Solving node: 6:2
x: 6
y: 2
Solving node: 2*3
x: 2
y: 3
Solving node: 6:3
x: 6
y: 3
Solving node: 3*4
x: 3
y: 4
Solving node: 7*3
x: 7
y: 3
Solving node: 6*9
x: 6
y: 9
Solving node: 9+3
x: 9
y: 3
Solving node: 12+6
x: 12
y: 6
Solving node: 18-1
x: 18
y: 1
Solving node: 17+2
x: 17
y: 2
Solving node: 19-1
x: 19
y: 1
Solving node: 18+12
x: 18
y: 12
Solving node: 30-1
x: 30
y: 1
Solving node: 6:2
x: 6
y: 2
Solving node: 2*3
x: 2
y: 3
Solving node: 6:3
x: 6
y: 3
Solving node: 3*4
x: 3
y: 4
Solving node: 7*3
x: 7
y: 3
Solving node: 6*9
x: 6
y: 9
Solving node: 9+3
x: 9
y: 3
Solving node: 12+6
x: 12
y: 6
Solving node: 18-1
x: 18
y: 1
Solving node: 17+2
x: 17
y: 2
Solving node: 19-1
x: 19
y: 1
Solving node: 18+12
x: 18
y: 12
Solving node: 30-1
x: 30
y: 1
Solving node: 29+21
x: 29
y: 21
Solving node: 50+54
x: 50
y: 54
Difference: 104
Last: 9; Last sum: 54
Calculating: 9+6:2+2*3-1+6:3-1+3*4-1+7*3+6*9-6
Solving node: 6:2
x: 6
y: 2
Solving node: 2*3
x: 2
y: 3
Solving node: 6:3
x: 6
y: 3
Solving node: 3*4
x: 3
y: 4
Solving node: 7*3
x: 7
y: 3
Solving node: 6*9
x: 6
y: 9
Solving node: 9+3
x: 9
y: 3
Solving node: 12+6
x: 12
y: 6
Solving node: 18-1
x: 18
y: 1
Solving node: 17+2
x: 17
y: 2
Solving node: 19-1
x: 19
y: 1
Solving node: 18+12
x: 18
y: 12
Solving node: 30-1
x: 30
y: 1
Solving node: 29+21
x: 29
y: 21
Solving node: 50+54
x: 50
y: 54
Solving node: 104-6
x: 104
y: 6
Originallösung: 9+6:2+2*3-1+6:3-1+3*4-1+7*3+6*9-6 = 98
[2/100] 9+6:2+2*3-1+6:3-1+3*4-1+7*3+6*9-6
Testing equation: 9+6:2+2*3-1+6:3-1+3*4-1+7*3+6*9-6
Checking node: 6:2
Solving node: 6:2
x: 6
y: 2
Checking node: 2*3
Solving node: 2*3
x: 2
y: 3
Checking node: 6:3
Solving node: 6:3
x: 6
y: 3
Checking node: 3*4
Solving node: 3*4
x: 3
y: 4
Checking node: 7*3
Solving node: 7*3
x: 7
y: 3
Checking node: 6*9
Solving node: 6*9
x: 6
y: 9
Checking node: 9+3
Solving node: 9+3
x: 9
y: 3
Checking node: 12+6
Solving node: 12+6
x: 12
y: 6
Checking node: 18-1
Solving node: 18-1
x: 18
y: 1
Checking node: 17+2
Solving node: 17+2
x: 17
y: 2
Checking node: 19-1
Solving node: 19-1
x: 19
y: 1
Checking node: 18+12
Solving node: 18+12
x: 18
y: 12
Checking node: 30-1
Solving node: 30-1
x: 30
y: 1
Checking node: 29+21
Solving node: 29+21
x: 29
y: 21
Checking node: 50+54
Solving node: 50+54
x: 50
y: 54
Checking node: 104-6
Solving node: 104-6
x: 104
y: 6
Checking node: 9+6
Checking node: 6:2
Checking node: 2+2
Checking node: 2*3
Checking node: 3-1
Checking node: 1+6
Checking node: 6:3
Checking node: 3-1
Checking node: 1+3
Checking node: 3*4
Checking node: 4-1
Checking node: 1+7
Checking node: 7*3
Checking node: 3+6
Checking node: 6*9
Checking node: 9-6
Difference: 8
Calculating: 8+3
Solving node: 8+3
x: 8
y: 3
Solving node: 8+3
x: 8
y: 3
Difference: 11
Last: 3; Last sum: 3
Calculating: 8+3-2
Solving node: 8+3
x: 8
y: 3
Solving node: 11-2
x: 11
y: 2
Solving node: 8+3
x: 8
y: 3
Solving node: 11-2
x: 11
y: 2
Solving node: 8+3
x: 8
y: 3
Difference: 11-2
Calculating bounds (multiplication)
Previous index: -1 | Last operator index: 2
Upper bound: 2
Calculating: 8+3-2*1
Solving node: 2*1
x: 2
y: 1
Solving node: 8+3
x: 8
y: 3
Solving node: 11-2
x: 11
y: 2
Solving node: 2*1
x: 2
y: 1
Solving node: 8+3
x: 8
y: 3
Solving node: 11-2
x: 11
y: 2
Solving node: 2*1
x: 2
y: 1
Solving node: 8+3
x: 8
y: 3
Difference: 11-2
Calculating: 8+3-2*1+7
Solving node: 2*1
x: 2
y: 1
Solving node: 8+3
x: 8
y: 3
Solving node: 11-2
x: 11
y: 2
Solving node: 9+7
x: 9
y: 7
Solving node: 2*1
x: 2
y: 1
Solving node: 8+3
x: 8
y: 3
Solving node: 11-2
x: 11
y: 2
Solving node: 2*1
x: 2
y: 1
Solving node: 8+3
x: 8
y: 3
Solving node: 11-2
x: 11
y: 2
Solving node: 9+7
x: 9
y: 7
Difference: 16
Using default bounds (multiplication)
Calculating: 8+3-2*1+7*1
Solving node: 2*1
x: 2
y: 1
Solving node: 7*1
x: 7
y: 1
Solving node: 8+3
x: 8
y: 3
Solving node: 11-2
x: 11
y: 2
Solving node: 9+7
x: 9
y: 7
Solving node: 2*1
x: 2
y: 1
Solving node: 7*1
x: 7
y: 1
Solving node: 8+3
x: 8
y: 3
Solving node: 11-2
x: 11
y: 2
Solving node: 2*1
x: 2
y: 1
Solving node: 7*1
x: 7
y: 1
Solving node: 8+3
x: 8
y: 3
Solving node: 11-2
x: 11
y: 2
Solving node: 9+7
x: 9
y: 7
Difference: 16
Calculating: 8+3-2*1+7*1+7
Solving node: 2*1
x: 2
y: 1
Solving node: 7*1
x: 7
y: 1
Solving node: 8+3
x: 8
y: 3
Solving node: 11-2
x: 11
y: 2
Solving node: 9+7
x: 9
y: 7
Solving node: 16+7
x: 16
y: 7
Solving node: 2*1
x: 2
y: 1
Solving node: 7*1
x: 7
y: 1
Solving node: 8+3
x: 8
y: 3
Solving node: 11-2
x: 11
y: 2
Solving node: 2*1
x: 2
y: 1
Solving node: 7*1
x: 7
y: 1
Solving node: 8+3
x: 8
y: 3
Solving node: 11-2
x: 11
y: 2
Solving node: 9+7
x: 9
y: 7
Solving node: 16+7
x: 16
y: 7
Difference: 23
Last: 7; Last sum: 7
Calculating: 8+3-2*1+7*1+7-5
Solving node: 2*1
x: 2
y: 1
Solving node: 7*1
x: 7
y: 1
Solving node: 8+3
x: 8
y: 3
Solving node: 11-2
x: 11
y: 2
Solving node: 9+7
x: 9
y: 7
Solving node: 16+7
x: 16
y: 7
Solving node: 23-5
x: 23
y: 5
Solving node: 2*1
x: 2
y: 1
Solving node: 7*1
x: 7
y: 1
Solving node: 8+3
x: 8
y: 3
Solving node: 11-2
x: 11
y: 2
Solving node: 9+7
x: 9
y: 7
Solving node: 16+7
x: 16
y: 7
Solving node: 23-5
x: 23
y: 5
Solving node: 2*1
x: 2
y: 1
Solving node: 7*1
x: 7
y: 1
Solving node: 8+3
x: 8
y: 3
Solving node: 11-2
x: 11
y: 2
Solving node: 9+7
x: 9
y: 7
Solving node: 16+7
x: 16
y: 7
Difference: 23-5
Calculating bounds (multiplication)
Previous index: -1 | Last operator index: 2
Upper bound: 3
Calculating: 8+3-2*1+7*1+7-5*1
Solving node: 2*1
x: 2
y: 1
Solving node: 7*1
x: 7
y: 1
Solving node: 5*1
x: 5
y: 1
Solving node: 8+3
x: 8
y: 3
Solving node: 11-2
x: 11
y: 2
Solving node: 9+7
x: 9
y: 7
Solving node: 16+7
x: 16
y: 7
Solving node: 23-5
x: 23
y: 5
Solving node: 2*1
x: 2
y: 1
Solving node: 7*1
x: 7
y: 1
Solving node: 5*1
x: 5
y: 1
Solving node: 8+3
x: 8
y: 3
Solving node: 11-2
x: 11
y: 2
Solving node: 9+7
x: 9
y: 7
Solving node: 16+7
x: 16
y: 7
Solving node: 23-5
x: 23
y: 5
Solving node: 2*1
x: 2
y: 1
Solving node: 7*1
x: 7
y: 1
Solving node: 5*1
x: 5
y: 1
Solving node: 8+3
x: 8
y: 3
Solving node: 11-2
x: 11
y: 2
Solving node: 9+7
x: 9
y: 7
Solving node: 16+7
x: 16
y: 7
Difference: 23-5
Calculating: 8+3-2*1+7*1+7-5*1+2
Solving node: 2*1
x: 2
y: 1
Solving node: 7*1
x: 7
y: 1
Solving node: 5*1
x: 5
y: 1
Solving node: 8+3
x: 8
y: 3
Solving node: 11-2
x: 11
y: 2
Solving node: 9+7
x: 9
y: 7
Solving node: 16+7
x: 16
y: 7
Solving node: 23-5
x: 23
y: 5
Solving node: 18+2
x: 18
y: 2
Solving node: 2*1
x: 2
y: 1
Solving node: 7*1
x: 7
y: 1
Solving node: 5*1
x: 5
y: 1
Solving node: 8+3
x: 8
y: 3
Solving node: 11-2
x: 11
y: 2
Solving node: 9+7
x: 9
y: 7
Solving node: 16+7
x: 16
y: 7
Solving node: 23-5
x: 23
y: 5
Solving node: 2*1
x: 2
y: 1
Solving node: 7*1
x: 7
y: 1
Solving node: 5*1
x: 5
y: 1
Solving node: 8+3
x: 8
y: 3
Solving node: 11-2
x: 11
y: 2
Solving node: 9+7
x: 9
y: 7
Solving node: 16+7
x: 16
y: 7
Solving node: 23-5
x: 23
y: 5
Solving node: 18+2
x: 18
y: 2
Difference: 20
Using default bounds (multiplication)
Calculating: 8+3-2*1+7*1+7-5*1+2*6
Solving node: 2*1
x: 2
y: 1
Solving node: 7*1
x: 7
y: 1
Solving node: 5*1
x: 5
y: 1
Solving node: 2*6
x: 2
y: 6
Solving node: 8+3
x: 8
y: 3
Solving node: 11-2
x: 11
y: 2
Solving node: 9+7
x: 9
y: 7
Solving node: 16+7
x: 16
y: 7
Solving node: 23-5
x: 23
y: 5
Solving node: 18+12
x: 18
y: 12
Solving node: 2*1
x: 2
y: 1
Solving node: 7*1
x: 7
y: 1
Solving node: 5*1
x: 5
y: 1
Solving node: 2*6
x: 2
y: 6
Solving node: 8+3
x: 8
y: 3
Solving node: 11-2
x: 11
y: 2
Solving node: 9+7
x: 9
y: 7
Solving node: 16+7
x: 16
y: 7
Solving node: 23-5
x: 23
y: 5
Solving node: 2*1
x: 2
y: 1
Solving node: 7*1
x: 7
y: 1
Solving node: 5*1
x: 5
y: 1
Solving node: 2*6
x: 2
y: 6
Solving node: 8+3
x: 8
y: 3
Solving node: 11-2
x: 11
y: 2
Solving node: 9+7
x: 9
y: 7
Solving node: 16+7
x: 16
y: 7
Solving node: 23-5
x: 23
y: 5
Solving node: 18+12
x: 18
y: 12
Difference: 30
Calculating: 8+3-2*1+7*1+7-5*1+2*6+3
Solving node: 2*1
x: 2
y: 1
Solving node: 7*1
x: 7
y: 1
Solving node: 5*1
x: 5
y: 1
Solving node: 2*6
x: 2
y: 6
Solving node: 8+3
x: 8
y: 3
Solving node: 11-2
x: 11
y: 2
Solving node: 9+7
x: 9
y: 7
Solving node: 16+7
x: 16
y: 7
Solving node: 23-5
x: 23
y: 5
Solving node: 18+12
x: 18
y: 12
Solving node: 30+3
x: 30
y: 3
Solving node: 2*1
x: 2
y: 1
Solving node: 7*1
x: 7
y: 1
Solving node: 5*1
x: 5
y: 1
Solving node: 2*6
x: 2
y: 6
Solving node: 8+3
x: 8
y: 3
Solving node: 11-2
x: 11
y: 2
Solving node: 9+7
x: 9
y: 7
Solving node: 16+7
x: 16
y: 7
Solving node: 23-5
x: 23
y: 5
Solving node: 2*1
x: 2
y: 1
Solving node: 7*1
x: 7
y: 1
Solving node: 5*1
x: 5
y: 1
Solving node: 2*6
x: 2
y: 6
Solving node: 8+3
x: 8
y: 3
Solving node: 11-2
x: 11
y: 2
Solving node: 9+7
x: 9
y: 7
Solving node: 16+7
x: 16
y: 7
Solving node: 23-5
x: 23
y: 5
Solving node: 18+12
x: 18
y: 12
Solving node: 30+3
x: 30
y: 3
Difference: 33
Using default bounds (multiplication)
Calculating: 8+3-2*1+7*1+7-5*1+2*6+3*6
Solving node: 2*1
x: 2
y: 1
Solving node: 7*1
x: 7
y: 1
Solving node: 5*1
x: 5
y: 1
Solving node: 2*6
x: 2
y: 6
Solving node: 3*6
x: 3
y: 6
Solving node: 8+3
x: 8
y: 3
Solving node: 11-2
x: 11
y: 2
Solving node: 9+7
x: 9
y: 7
Solving node: 16+7
x: 16
y: 7
Solving node: 23-5
x: 23
y: 5
Solving node: 18+12
x: 18
y: 12
Solving node: 30+18
x: 30
y: 18
Solving node: 2*1
x: 2
y: 1
Solving node: 7*1
x: 7
y: 1
Solving node: 5*1
x: 5
y: 1
Solving node: 2*6
x: 2
y: 6
Solving node: 3*6
x: 3
y: 6
Solving node: 8+3
x: 8
y: 3
Solving node: 11-2
x: 11
y: 2
Solving node: 9+7
x: 9
y: 7
Solving node: 16+7
x: 16
y: 7
Solving node: 23-5
x: 23
y: 5
Solving node: 2*1
x: 2
y: 1
Solving node: 7*1
x: 7
y: 1
Solving node: 5*1
x: 5
y: 1
Solving node: 2*6
x: 2
y: 6
Solving node: 3*6
x: 3
y: 6
Solving node: 8+3
x: 8
y: 3
Solving node: 11-2
x: 11
y: 2
Solving node: 9+7
x: 9
y: 7
Solving node: 16+7
x: 16
y: 7
Solving node: 23-5
x: 23
y: 5
Solving node: 18+12
x: 18
y: 12
Solving node: 30+18
x: 30
y: 18
Difference: 48
Calculating: 8+3-2*1+7*1+7-5*1+2*6+3*6:1
Solving node: 2*1
x: 2
y: 1
Solving node: 7*1
x: 7
y: 1
Solving node: 5*1
x: 5
y: 1
Solving node: 2*6
x: 2
y: 6
Solving node: 3*6
x: 3
y: 6
Solving node: 18:1
x: 18
y: 1
Solving node: 8+3
x: 8
y: 3
Solving node: 11-2
x: 11
y: 2
Solving node: 9+7
x: 9
y: 7
Solving node: 16+7
x: 16
y: 7
Solving node: 23-5
x: 23
y: 5
Solving node: 18+12
x: 18
y: 12
Solving node: 30+18
x: 30
y: 18
Solving node: 2*1
x: 2
y: 1
Solving node: 7*1
x: 7
y: 1
Solving node: 5*1
x: 5
y: 1
Solving node: 2*6
x: 2
y: 6
Solving node: 3*6
x: 3
y: 6
Solving node: 18:1
x: 18
y: 1
Solving node: 8+3
x: 8
y: 3
Solving node: 11-2
x: 11
y: 2
Solving node: 9+7
x: 9
y: 7
Solving node: 16+7
x: 16
y: 7
Solving node: 23-5
x: 23
y: 5
Solving node: 2*1
x: 2
y: 1
Solving node: 7*1
x: 7
y: 1
Solving node: 5*1
x: 5
y: 1
Solving node: 2*6
x: 2
y: 6
Solving node: 3*6
x: 3
y: 6
Solving node: 18:1
x: 18
y: 1
Solving node: 8+3
x: 8
y: 3
Solving node: 11-2
x: 11
y: 2
Solving node: 9+7
x: 9
y: 7
Solving node: 16+7
x: 16
y: 7
Solving node: 23-5
x: 23
y: 5
Solving node: 18+12
x: 18
y: 12
Solving node: 30+18
x: 30
y: 18
Difference: 48
Using default bounds (multiplication)
Calculating: 8+3-2*1+7*1+7-5*1+2*6+3*6:1*3
Solving node: 2*1
x: 2
y: 1
Solving node: 7*1
x: 7
y: 1
Solving node: 5*1
x: 5
y: 1
Solving node: 2*6
x: 2
y: 6
Solving node: 3*6
x: 3
y: 6
Solving node: 18:1
x: 18
y: 1
Solving node: 18*3
x: 18
y: 3
Solving node: 8+3
x: 8
y: 3
Solving node: 11-2
x: 11
y: 2
Solving node: 9+7
x: 9
y: 7
Solving node: 16+7
x: 16
y: 7
Solving node: 23-5
x: 23
y: 5
Solving node: 18+12
x: 18
y: 12
Solving node: 30+54
x: 30
y: 54
Solving node: 2*1
x: 2
y: 1
Solving node: 7*1
x: 7
y: 1
Solving node: 5*1
x: 5
y: 1
Solving node: 2*6
x: 2
y: 6
Solving node: 3*6
x: 3
y: 6
Solving node: 18:1
x: 18
y: 1
Solving node: 18*3
x: 18
y: 3
Solving node: 8+3
x: 8
y: 3
Solving node: 11-2
x: 11
y: 2
Solving node: 9+7
x: 9
y: 7
Solving node: 16+7
x: 16
y: 7
Solving node: 23-5
x: 23
y: 5
Solving node: 2*1
x: 2
y: 1
Solving node: 7*1
x: 7
y: 1
Solving node: 5*1
x: 5
y: 1
Solving node: 2*6
x: 2
y: 6
Solving node: 3*6
x: 3
y: 6
Solving node: 18:1
x: 18
y: 1
Solving node: 18*3
x: 18
y: 3
Solving node: 8+3
x: 8
y: 3
Solving node: 11-2
x: 11
y: 2
Solving node: 9+7
x: 9
y: 7
Solving node: 16+7
x: 16
y: 7
Solving node: 23-5
x: 23
y: 5
Solving node: 18+12
x: 18
y: 12
Solving node: 30+54
x: 30
y: 54
Difference: 84
Calculating: 8+3-2*1+7*1+7-5*1+2*6+3*6:1*3+2
Solving node: 2*1
x: 2
y: 1
Solving node: 7*1
x: 7
y: 1
Solving node: 5*1
x: 5
y: 1
Solving node: 2*6
x: 2
y: 6
Solving node: 3*6
x: 3
y: 6
Solving node: 18:1
x: 18
y: 1
Solving node: 18*3
x: 18
y: 3
Solving node: 8+3
x: 8
y: 3
Solving node: 11-2
x: 11
y: 2
Solving node: 9+7
x: 9
y: 7
Solving node: 16+7
x: 16
y: 7
Solving node: 23-5
x: 23
y: 5
Solving node: 18+12
x: 18
y: 12
Solving node: 30+54
x: 30
y: 54
Solving node: 84+2
x: 84
y: 2
Solving node: 2*1
x: 2
y: 1
Solving node: 7*1
x: 7
y: 1
Solving node: 5*1
x: 5
y: 1
Solving node: 2*6
x: 2
y: 6
Solving node: 3*6
x: 3
y: 6
Solving node: 18:1
x: 18
y: 1
Solving node: 18*3
x: 18
y: 3
Solving node: 8+3
x: 8
y: 3
Solving node: 11-2
x: 11
y: 2
Solving node: 9+7
x: 9
y: 7
Solving node: 16+7
x: 16
y: 7
Solving node: 23-5
x: 23
y: 5
Solving node: 2*1
x: 2
y: 1
Solving node: 7*1
x: 7
y: 1
Solving node: 5*1
x: 5
y: 1
Solving node: 2*6
x: 2
y: 6
Solving node: 3*6
x: 3
y: 6
Solving node: 18:1
x: 18
y: 1
Solving node: 18*3
x: 18
y: 3
Solving node: 8+3
x: 8
y: 3
Solving node: 11-2
x: 11
y: 2
Solving node: 9+7
x: 9
y: 7
Solving node: 16+7
x: 16
y: 7
Solving node: 23-5
x: 23
y: 5
Solving node: 18+12
x: 18
y: 12
Solving node: 30+54
x: 30
y: 54
Solving node: 84+2
x: 84
y: 2
Difference: 86
Using default bounds (multiplication)
Calculating: 8+3-2*1+7*1+7-5*1+2*6+3*6:1*3+2*5
Solving node: 2*1
x: 2
y: 1
Solving node: 7*1
x: 7
y: 1
Solving node: 5*1
x: 5
y: 1
Solving node: 2*6
x: 2
y: 6
Solving node: 3*6
x: 3
y: 6
Solving node: 18:1
x: 18
y: 1
Solving node: 18*3
x: 18
y: 3
Solving node: 2*5
x: 2
y: 5
Solving node: 8+3
x: 8
y: 3
Solving node: 11-2
x: 11
y: 2
Solving node: 9+7
x: 9
y: 7
Solving node: 16+7
x: 16
y: 7
Solving node: 23-5
x: 23
y: 5
Solving node: 18+12
x: 18
y: 12
Solving node: 30+54
x: 30
y: 54
Solving node: 84+10
x: 84
y: 10
Originallösung: 8+3-2*1+7*1+7-5*1+2*6+3*6:1*3+2*5 = 94
[3/100] 8+3-2*1+7*1+7-5*1+2*6+3*6:1*3+2*5
Testing equation: 8+3-2*1+7*1+7-5*1+2*6+3*6:1*3+2*5
Checking node: 2*1
Solving node: 2*1
x: 2
y: 1
Checking node: 7*1
Solving node: 7*1
x: 7
y: 1
Checking node: 5*1
Solving node: 5*1
x: 5
y: 1
Checking node: 2*6
Solving node: 2*6
x: 2
y: 6
Checking node: 3*6
Solving node: 3*6
x: 3
y: 6
Checking node: 18:1
Solving node: 18:1
x: 18
y: 1
Checking node: 18*3
Solving node: 18*3
x: 18
y: 3
Checking node: 2*5
Solving node: 2*5
x: 2
y: 5
Checking node: 8+3
Solving node: 8+3
x: 8
y: 3
Checking node: 11-2
Solving node: 11-2
x: 11
y: 2
Checking node: 9+7
Solving node: 9+7
x: 9
y: 7
Checking node: 16+7
Solving node: 16+7
x: 16
y: 7
Checking node: 23-5
Solving node: 23-5
x: 23
y: 5
Checking node: 18+12
Solving node: 18+12
x: 18
y: 12
Checking node: 30+54
Solving node: 30+54
x: 30
y: 54
Checking node: 84+10
Solving node: 84+10
x: 84
y: 10
Checking node: 8+3
Checking node: 3-2
Checking node: 2*1
Checking node: 1+7
Checking node: 7*1
Checking node: 1+7
Checking node: 7-5
Checking node: 5*1
Checking node: 1+2
Checking node: 2*6
Checking node: 6+3
Checking node: 3*6
Checking node: 6:1
Checking node: 1*3
Checking node: 3+2
Checking node: 2*5
Difference: 4
Using default bounds (multiplication)
Calculating: 4*3
Solving node: 4*3
x: 4
y: 3
Solving node: 4*3
x: 4
y: 3
Solving node: 4*3
x: 4
y: 3
Difference: 12
Last: 3; Last sum: 12
Calculating: 4*3-1
Solving node: 4*3
x: 4
y: 3
Solving node: 12-1
x: 12
y: 1
Solving node: 4*3
x: 4
y: 3
Solving node: 12-1
x: 12
y: 1
Solving node: 4*3
x: 4
y: 3
Difference: 12-1
Calculating: 4*3-1+7
Solving node: 4*3
x: 4
y: 3
Solving node: 12-1
x: 12
y: 1
Solving node: 11+7
x: 11
y: 7
Solving node: 4*3
x: 4
y: 3
Solving node: 12-1
x: 12
y: 1
Solving node: 4*3
x: 4
y: 3
Solving node: 12-1
x: 12
y: 1
Solving node: 11+7
x: 11
y: 7
Difference: 18
Using default bounds (multiplication)
Calculating: 4*3-1+7*8
Solving node: 4*3
x: 4
y: 3
Solving node: 7*8
x: 7
y: 8
Solving node: 12-1
x: 12
y: 1
Solving node: 11+56
x: 11
y: 56
Solving node: 4*3
x: 4
y: 3
Solving node: 7*8
x: 7
y: 8
Solving node: 12-1
x: 12
y: 1
Solving node: 4*3
x: 4
y: 3
Solving node: 7*8
x: 7
y: 8
Solving node: 12-1
x: 12
y: 1
Solving node: 11+56
x: 11
y: 56
Difference: 67
Calculating: 4*3-1+7*8+6
Solving node: 4*3
x: 4
y: 3
Solving node: 7*8
x: 7
y: 8
Solving node: 12-1
x: 12
y: 1
Solving node: 11+56
x: 11
y: 56
Solving node: 67+6
x: 67
y: 6
Solving node: 4*3
x: 4
y: 3
Solving node: 7*8
x: 7
y: 8
Solving node: 12-1
x: 12
y: 1
Solving node: 4*3
x: 4
y: 3
Solving node: 7*8
x: 7
y: 8
Solving node: 12-1
x: 12
y: 1
Solving node: 11+56
x: 11
y: 56
Solving node: 67+6
x: 67
y: 6
Difference: 73
Last: 6; Last sum: 6
Calculating: 4*3-1+7*8+6-1
Solving node: 4*3
x: 4
y: 3
Solving node: 7*8
x: 7
y: 8
Solving node: 12-1
x: 12
y: 1
Solving node: 11+56
x: 11
y: 56
Solving node: 67+6
x: 67
y: 6
Solving node: 73-1
x: 73
y: 1
Solving node: 4*3
x: 4
y: 3
Solving node: 7*8
x: 7
y: 8
Solving node: 12-1
x: 12
y: 1
Solving node: 11+56
x: 11
y: 56
Solving node: 67+6
x: 67
y: 6
Solving node: 73-1
x: 73
y: 1
Solving node: 4*3
x: 4
y: 3
Solving node: 7*8
x: 7
y: 8
Solving node: 12-1
x: 12
y: 1
Solving node: 11+56
x: 11
y: 56
Solving node: 67+6
x: 67
y: 6
Difference: 73-1
Calculating bounds (multiplication)
Previous index: -1 | Last operator index: 2
Upper bound: 1
Solving node: 4*3
x: 4
y: 3
Solving node: 7*8
x: 7
y: 8
Solving node: 12-1
x: 12
y: 1
Solving node: 11+56
x: 11
y: 56
Solving node: 67+6
x: 67
y: 6
Solving node: 73-1
x: 73
y: 1
Solving node: 4*3
x: 4
y: 3
Solving node: 7*8
x: 7
y: 8
Solving node: 12-1
x: 12
y: 1
Solving node: 11+56
x: 11
y: 56
Solving node: 67+6
x: 67
y: 6
Difference: 73-1
Calculating: 4*3-1+7*8+6-1+6
Solving node: 4*3
x: 4
y: 3
Solving node: 7*8
x: 7
y: 8
Solving node: 12-1
x: 12
y: 1
Solving node: 11+56
x: 11
y: 56
Solving node: 67+6
x: 67
y: 6
Solving node: 73-1
x: 73
y: 1
Solving node: 72+6
x: 72
y: 6
Solving node: 4*3
x: 4
y: 3
Solving node: 7*8
x: 7
y: 8
Solving node: 12-1
x: 12
y: 1
Solving node: 11+56
x: 11
y: 56
Solving node: 67+6
x: 67
y: 6
Solving node: 73-1
x: 73
y: 1
Solving node: 4*3
x: 4
y: 3
Solving node: 7*8
x: 7
y: 8
Solving node: 12-1
x: 12
y: 1
Solving node: 11+56
x: 11
y: 56
Solving node: 67+6
x: 67
y: 6
Solving node: 73-1
x: 73
y: 1
Solving node: 72+6
x: 72
y: 6
Difference: 78
Using default bounds (multiplication)
Calculating: 4*3-1+7*8+6-1+6*9
Solving node: 4*3
x: 4
y: 3
Solving node: 7*8
x: 7
y: 8
Solving node: 6*9
x: 6
y: 9
Solving node: 12-1
x: 12
y: 1
Solving node: 11+56
x: 11
y: 56
Solving node: 67+6
x: 67
y: 6
Solving node: 73-1
x: 73
y: 1
Solving node: 72+54
x: 72
y: 54
Solving node: 4*3
x: 4
y: 3
Solving node: 7*8
x: 7
y: 8
Solving node: 6*9
x: 6
y: 9
Solving node: 12-1
x: 12
y: 1
Solving node: 11+56
x: 11
y: 56
Solving node: 67+6
x: 67
y: 6
Solving node: 73-1
x: 73
y: 1
Solving node: 4*3
x: 4
y: 3
Solving node: 7*8
x: 7
y: 8
Solving node: 6*9
x: 6
y: 9
Solving node: 12-1
x: 12
y: 1
Solving node: 11+56
x: 11
y: 56
Solving node: 67+6
x: 67
y: 6
Solving node: 73-1
x: 73
y: 1
Solving node: 72+54
x: 72
y: 54
Difference: 126
Last: 9; Last sum: 54
Calculating: 4*3-1+7*8+6-1+6*9-6
Solving node: 4*3
x: 4
y: 3
Solving node: 7*8
x: 7
y: 8
Solving node: 6*9
x: 6
y: 9
Solving node: 12-1
x: 12
y: 1
Solving node: 11+56
x: 11
y: 56
Solving node: 67+6
x: 67
y: 6
Solving node: 73-1
x: 73
y: 1
Solving node: 72+54
x: 72
y: 54
Solving node: 126-6
x: 126
y: 6
Solving node: 4*3
x: 4
y: 3
Solving node: 7*8
x: 7
y: 8
Solving node: 6*9
x: 6
y: 9
Solving node: 12-1
x: 12
y: 1
Solving node: 11+56
x: 11
y: 56
Solving node: 67+6
x: 67
y: 6
Solving node: 73-1
x: 73
y: 1
Solving node: 72+54
x: 72
y: 54
Solving node: 126-6
x: 126
y: 6
Solving node: 4*3
x: 4
y: 3
Solving node: 7*8
x: 7
y: 8
Solving node: 6*9
x: 6
y: 9
Solving node: 12-1
x: 12
y: 1
Solving node: 11+56
x: 11
y: 56
Solving node: 67+6
x: 67
y: 6
Solving node: 73-1
x: 73
y: 1
Solving node: 72+54
x: 72
y: 54
Difference: 126-6
Calculating bounds (multiplication)
Previous index: -1 | Last operator index: 3
Upper bound: 6
Calculating: 4*3-1+7*8+6-1+6*9-6*4
Solving node: 4*3
x: 4
y: 3
Solving node: 7*8
x: 7
y: 8
Solving node: 6*9
x: 6
y: 9
Solving node: 6*4
x: 6
y: 4
Solving node: 12-1
x: 12
y: 1
Solving node: 11+56
x: 11
y: 56
Solving node: 67+6
x: 67
y: 6
Solving node: 73-1
x: 73
y: 1
Solving node: 72+54
x: 72
y: 54
Solving node: 126-24
x: 126
y: 24
Solving node: 4*3
x: 4
y: 3
Solving node: 7*8
x: 7
y: 8
Solving node: 6*9
x: 6
y: 9
Solving node: 6*4
x: 6
y: 4
Solving node: 12-1
x: 12
y: 1
Solving node: 11+56
x: 11
y: 56
Solving node: 67+6
x: 67
y: 6
Solving node: 73-1
x: 73
y: 1
Solving node: 72+54
x: 72
y: 54
Solving node: 126-24
x: 126
y: 24
Solving node: 4*3
x: 4
y: 3
Solving node: 7*8
x: 7
y: 8
Solving node: 6*9
x: 6
y: 9
Solving node: 6*4
x: 6
y: 4
Solving node: 12-1
x: 12
y: 1
Solving node: 11+56
x: 11
y: 56
Solving node: 67+6
x: 67
y: 6
Solving node: 73-1
x: 73
y: 1
Solving node: 72+54
x: 72
y: 54
Difference: 126-24
Previous index: -1 | Last operator index: 3
Calculating: 4*3-1+7*8+6-1+6*9-6*4:2
Solving node: 4*3
x: 4
y: 3
Solving node: 7*8
x: 7
y: 8
Solving node: 6*9
x: 6
y: 9
Solving node: 6*4
x: 6
y: 4
Solving node: 24:2
x: 24
y: 2
Solving node: 12-1
x: 12
y: 1
Solving node: 11+56
x: 11
y: 56
Solving node: 67+6
x: 67
y: 6
Solving node: 73-1
x: 73
y: 1
Solving node: 72+54
x: 72
y: 54
Solving node: 126-12
x: 126
y: 12
Solving node: 4*3
x: 4
y: 3
Solving node: 7*8
x: 7
y: 8
Solving node: 6*9
x: 6
y: 9
Solving node: 6*4
x: 6
y: 4
Solving node: 24:2
x: 24
y: 2
Solving node: 12-1
x: 12
y: 1
Solving node: 11+56
x: 11
y: 56
Solving node: 67+6
x: 67
y: 6
Solving node: 73-1
x: 73
y: 1
Solving node: 72+54
x: 72
y: 54
Solving node: 126-12
x: 126
y: 12
Solving node: 4*3
x: 4
y: 3
Solving node: 7*8
x: 7
y: 8
Solving node: 6*9
x: 6
y: 9
Solving node: 6*4
x: 6
y: 4
Solving node: 24:2
x: 24
y: 2
Solving node: 12-1
x: 12
y: 1
Solving node: 11+56
x: 11
y: 56
Solving node: 67+6
x: 67
y: 6
Solving node: 73-1
x: 73
y: 1
Solving node: 72+54
x: 72
y: 54
Difference: 126-12
Calculating bounds (multiplication)
Previous index: -1 | Last operator index: 3
Upper bound: 2
Calculating: 4*3-1+7*8+6-1+6*9-6*4:2*1
Solving node: 4*3
x: 4
y: 3
Solving node: 7*8
x: 7
y: 8
Solving node: 6*9
x: 6
y: 9
Solving node: 6*4
x: 6
y: 4
Solving node: 24:2
x: 24
y: 2
Solving node: 12*1
x: 12
y: 1
Solving node: 12-1
x: 12
y: 1
Solving node: 11+56
x: 11
y: 56
Solving node: 67+6
x: 67
y: 6
Solving node: 73-1
x: 73
y: 1
Solving node: 72+54
x: 72
y: 54
Solving node: 126-12
x: 126
y: 12
Solving node: 4*3
x: 4
y: 3
Solving node: 7*8
x: 7
y: 8
Solving node: 6*9
x: 6
y: 9
Solving node: 6*4
x: 6
y: 4
Solving node: 24:2
x: 24
y: 2
Solving node: 12*1
x: 12
y: 1
Solving node: 12-1
x: 12
y: 1
Solving node: 11+56
x: 11
y: 56
Solving node: 67+6
x: 67
y: 6
Solving node: 73-1
x: 73
y: 1
Solving node: 72+54
x: 72
y: 54
Solving node: 126-12
x: 126
y: 12
Solving node: 4*3
x: 4
y: 3
Solving node: 7*8
x: 7
y: 8
Solving node: 6*9
x: 6
y: 9
Solving node: 6*4
x: 6
y: 4
Solving node: 24:2
x: 24
y: 2
Solving node: 12*1
x: 12
y: 1
Solving node: 12-1
x: 12
y: 1
Solving node: 11+56
x: 11
y: 56
Solving node: 67+6
x: 67
y: 6
Solving node: 73-1
x: 73
y: 1
Solving node: 72+54
x: 72
y: 54
Difference: 126-12
Calculating: 4*3-1+7*8+6-1+6*9-6*4:2*1+1
Solving node: 4*3
x: 4
y: 3
Solving node: 7*8
x: 7
y: 8
Solving node: 6*9
x: 6
y: 9
Solving node: 6*4
x: 6
y: 4
Solving node: 24:2
x: 24
y: 2
Solving node: 12*1
x: 12
y: 1
Solving node: 12-1
x: 12
y: 1
Solving node: 11+56
x: 11
y: 56
Solving node: 67+6
x: 67
y: 6
Solving node: 73-1
x: 73
y: 1
Solving node: 72+54
x: 72
y: 54
Solving node: 126-12
x: 126
y: 12
Solving node: 114+1
x: 114
y: 1
Solving node: 4*3
x: 4
y: 3
Solving node: 7*8
x: 7
y: 8
Solving node: 6*9
x: 6
y: 9
Solving node: 6*4
x: 6
y: 4
Solving node: 24:2
x: 24
y: 2
Solving node: 12*1
x: 12
y: 1
Solving node: 12-1
x: 12
y: 1
Solving node: 11+56
x: 11
y: 56
Solving node: 67+6
x: 67
y: 6
Solving node: 73-1
x: 73
y: 1
Solving node: 72+54
x: 72
y: 54
Solving node: 126-12
x: 126
y: 12
Solving node: 4*3
x: 4
y: 3
Solving node: 7*8
x: 7
y: 8
Solving node: 6*9
x: 6
y: 9
Solving node: 6*4
x: 6
y: 4
Solving node: 24:2
x: 24
y: 2
Solving node: 12*1
x: 12
y: 1
Solving node: 12-1
x: 12
y: 1
Solving node: 11+56
x: 11
y: 56
Solving node: 67+6
x: 67
y: 6
Solving node: 73-1
x: 73
y: 1
Solving node: 72+54
x: 72
y: 54
Solving node: 126-12
x: 126
y: 12
Solving node: 114+1
x: 114
y: 1
Difference: 115
Using default bounds (multiplication)
Calculating: 4*3-1+7*8+6-1+6*9-6*4:2*1+1*7
Solving node: 4*3
x: 4
y: 3
Solving node: 7*8
x: 7
y: 8
Solving node: 6*9
x: 6
y: 9
Solving node: 6*4
x: 6
y: 4
Solving node: 24:2
x: 24
y: 2
Solving node: 12*1
x: 12
y: 1
Solving node: 1*7
x: 1
y: 7
Solving node: 12-1
x: 12
y: 1
Solving node: 11+56
x: 11
y: 56
Solving node: 67+6
x: 67
y: 6
Solving node: 73-1
x: 73
y: 1
Solving node: 72+54
x: 72
y: 54
Solving node: 126-12
x: 126
y: 12
Solving node: 114+7
x: 114
y: 7
Solving node: 4*3
x: 4
y: 3
Solving node: 7*8
x: 7
y: 8
Solving node: 6*9
x: 6
y: 9
Solving node: 6*4
x: 6
y: 4
Solving node: 24:2
x: 24
y: 2
Solving node: 12*1
x: 12
y: 1
Solving node: 1*7
x: 1
y: 7
Solving node: 12-1
x: 12
y: 1
Solving node: 11+56
x: 11
y: 56
Solving node: 67+6
x: 67
y: 6
Solving node: 73-1
x: 73
y: 1
Solving node: 72+54
x: 72
y: 54
Solving node: 126-12
x: 126
y: 12
Solving node: 4*3
x: 4
y: 3
Solving node: 7*8
x: 7
y: 8
Solving node: 6*9
x: 6
y: 9
Solving node: 6*4
x: 6
y: 4
Solving node: 24:2
x: 24
y: 2
Solving node: 12*1
x: 12
y: 1
Solving node: 1*7
x: 1
y: 7
Solving node: 12-1
x: 12
y: 1
Solving node: 11+56
x: 11
y: 56
Solving node: 67+6
x: 67
y: 6
Solving node: 73-1
x: 73
y: 1
Solving node: 72+54
x: 72
y: 54
Solving node: 126-12
x: 126
y: 12
Solving node: 114+7
x: 114
y: 7
Difference: 121
Calculating: 4*3-1+7*8+6-1+6*9-6*4:2*1+1*7+7
Solving node: 4*3
x: 4
y: 3
Solving node: 7*8
x: 7
y: 8
Solving node: 6*9
x: 6
y: 9
Solving node: 6*4
x: 6
y: 4
Solving node: 24:2
x: 24
y: 2
Solving node: 12*1
x: 12
y: 1
Solving node: 1*7
x: 1
y: 7
Solving node: 12-1
x: 12
y: 1
Solving node: 11+56
x: 11
y: 56
Solving node: 67+6
x: 67
y: 6
Solving node: 73-1
x: 73
y: 1
Solving node: 72+54
x: 72
y: 54
Solving node: 126-12
x: 126
y: 12
Solving node: 114+7
x: 114
y: 7
Solving node: 121+7
x: 121
y: 7
Solving node: 4*3
x: 4
y: 3
Solving node: 7*8
x: 7
y: 8
Solving node: 6*9
x: 6
y: 9
Solving node: 6*4
x: 6
y: 4
Solving node: 24:2
x: 24
y: 2
Solving node: 12*1
x: 12
y: 1
Solving node: 1*7
x: 1
y: 7
Solving node: 12-1
x: 12
y: 1
Solving node: 11+56
x: 11
y: 56
Solving node: 67+6
x: 67
y: 6
Solving node: 73-1
x: 73
y: 1
Solving node: 72+54
x: 72
y: 54
Solving node: 126-12
x: 126
y: 12
Solving node: 4*3
x: 4
y: 3
Solving node: 7*8
x: 7
y: 8
Solving node: 6*9
x: 6
y: 9
Solving node: 6*4
x: 6
y: 4
Solving node: 24:2
x: 24
y: 2
Solving node: 12*1
x: 12
y: 1
Solving node: 1*7
x: 1
y: 7
Solving node: 12-1
x: 12
y: 1
Solving node: 11+56
x: 11
y: 56
Solving node: 67+6
x: 67
y: 6
Solving node: 73-1
x: 73
y: 1
Solving node: 72+54
x: 72
y: 54
Solving node: 126-12
x: 126
y: 12
Solving node: 114+7
x: 114
y: 7
Solving node: 121+7
x: 121
y: 7
Difference: 128
Last: 7; Last sum: 7
Calculating: 4*3-1+7*8+6-1+6*9-6*4:2*1+1*7+7-2
Solving node: 4*3
x: 4
y: 3
Solving node: 7*8
x: 7
y: 8
Solving node: 6*9
x: 6
y: 9
Solving node: 6*4
x: 6
y: 4
Solving node: 24:2
x: 24
y: 2
Solving node: 12*1
x: 12
y: 1
Solving node: 1*7
x: 1
y: 7
Solving node: 12-1
x: 12
y: 1
Solving node: 11+56
x: 11
y: 56
Solving node: 67+6
x: 67
y: 6
Solving node: 73-1
x: 73
y: 1
Solving node: 72+54
x: 72
y: 54
Solving node: 126-12
x: 126
y: 12
Solving node: 114+7
x: 114
y: 7
Solving node: 121+7
x: 121
y: 7
Solving node: 128-2
x: 128
y: 2
Originallösung: 4*3-1+7*8+6-1+6*9-6*4:2*1+1*7+7-2 = 126
[4/100] 4*3-1+7*8+6-1+6*9-6*4:2*1+1*7+7-2
Testing equation: 4*3-1+7*8+6-1+6*9-6*4:2*1+1*7+7-2
Checking node: 4*3
Solving node: 4*3
x: 4
y: 3
Checking node: 7*8
Solving node: 7*8
x: 7
y: 8
Checking node: 6*9
Solving node: 6*9
x: 6
y: 9
Checking node: 6*4
Solving node: 6*4
x: 6
y: 4
Checking node: 24:2
Solving node: 24:2
x: 24
y: 2
Checking node: 12*1
Solving node: 12*1
x: 12
y: 1
Checking node: 1*7
Solving node: 1*7
x: 1
y: 7
Checking node: 12-1
Solving node: 12-1
x: 12
y: 1
Checking node: 11+56
Solving node: 11+56
x: 11
y: 56
Checking node: 67+6
Solving node: 67+6
x: 67
y: 6
Checking node: 73-1
Solving node: 73-1
x: 73
y: 1
Checking node: 72+54
Solving node: 72+54
x: 72
y: 54
Checking node: 126-12
Solving node: 126-12
x: 126
y: 12
Checking node: 114+7
Solving node: 114+7
x: 114
y: 7
Checking node: 121+7
Solving node: 121+7
x: 121
y: 7
Checking node: 128-2
Solving node: 128-2
x: 128
y: 2
Checking node: 4*3
Checking node: 3-1
Checking node: 1+7
Checking node: 7*8
Checking node: 8+6
Checking node: 6-1
Checking node: 1+6
Checking node: 6*9
Checking node: 9-6
Checking node: 6*4
Checking node: 4:2
Checking node: 2*1
Checking node: 1+1
Checking node: 1*7
Checking node: 7+7
Checking node: 7-2
Difference: 5
Calculating: 5+1
Solving node: 5+1
x: 5
y: 1
Solving node: 5+1
x: 5
y: 1
Difference: 6
Using default bounds (multiplication)
Calculating: 5+1*5
Solving node: 1*5
x: 1
y: 5
Solving node: 5+5
x: 5
y: 5
Solving node: 1*5
x: 1
y: 5
Solving node: 1*5
x: 1
y: 5
Solving node: 5+5
x: 5
y: 5
Difference: 10
Calculating: 5+1*5+6
Solving node: 1*5
x: 1
y: 5
Solving node: 5+5
x: 5
y: 5
Solving node: 10+6
x: 10
y: 6
Solving node: 1*5
x: 1
y: 5
Solving node: 1*5
x: 1
y: 5
Solving node: 5+5
x: 5
y: 5
Solving node: 10+6
x: 10
y: 6
Difference: 16
Using default bounds (multiplication)
Calculating: 5+1*5+6*6
Solving node: 1*5
x: 1
y: 5
Solving node: 6*6
x: 6
y: 6
Solving node: 5+5
x: 5
y: 5
Solving node: 10+36
x: 10
y: 36
Solving node: 1*5
x: 1
y: 5
Solving node: 6*6
x: 6
y: 6
Solving node: 1*5
x: 1
y: 5
Solving node: 6*6
x: 6
y: 6
Solving node: 5+5
x: 5
y: 5
Solving node: 10+36
x: 10
y: 36
Difference: 46
Calculating: 5+1*5+6*6:1
Solving node: 1*5
x: 1
y: 5
Solving node: 6*6
x: 6
y: 6
Solving node: 36:1
x: 36
y: 1
Solving node: 5+5
x: 5
y: 5
Solving node: 10+36
x: 10
y: 36
Solving node: 1*5
x: 1
y: 5
Solving node: 6*6
x: 6
y: 6
Solving node: 36:1
x: 36
y: 1
Solving node: 1*5
x: 1
y: 5
Solving node: 6*6
x: 6
y: 6
Solving node: 36:1
x: 36
y: 1
Solving node: 5+5
x: 5
y: 5
Solving node: 10+36
x: 10
y: 36
Difference: 46
Calculating: 5+1*5+6*6:1+4
Solving node: 1*5
x: 1
y: 5
Solving node: 6*6
x: 6
y: 6
Solving node: 36:1
x: 36
y: 1
Solving node: 5+5
x: 5
y: 5
Solving node: 10+36
x: 10
y: 36
Solving node: 46+4
x: 46
y: 4
Solving node: 1*5
x: 1
y: 5
Solving node: 6*6
x: 6
y: 6
Solving node: 36:1
x: 36
y: 1
Solving node: 1*5
x: 1
y: 5
Solving node: 6*6
x: 6
y: 6
Solving node: 36:1
x: 36
y: 1
Solving node: 5+5
x: 5
y: 5
Solving node: 10+36
x: 10
y: 36
Solving node: 46+4
x: 46
y: 4
Difference: 50
Using default bounds (multiplication)
Calculating: 5+1*5+6*6:1+4*8
Solving node: 1*5
x: 1
y: 5
Solving node: 6*6
x: 6
y: 6
Solving node: 36:1
x: 36
y: 1
Solving node: 4*8
x: 4
y: 8
Solving node: 5+5
x: 5
y: 5
Solving node: 10+36
x: 10
y: 36
Solving node: 46+32
x: 46
y: 32
Solving node: 1*5
x: 1
y: 5
Solving node: 6*6
x: 6
y: 6
Solving node: 36:1
x: 36
y: 1
Solving node: 4*8
x: 4
y: 8
Solving node: 1*5
x: 1
y: 5
Solving node: 6*6
x: 6
y: 6
Solving node: 36:1
x: 36
y: 1
Solving node: 4*8
x: 4
y: 8
Solving node: 5+5
x: 5
y: 5
Solving node: 10+36
x: 10
y: 36
Solving node: 46+32
x: 46
y: 32
Difference: 78
Calculating: 5+1*5+6*6:1+4*8:1
Solving node: 1*5
x: 1
y: 5
Solving node: 6*6
x: 6
y: 6
Solving node: 36:1
x: 36
y: 1
Solving node: 4*8
x: 4
y: 8
Solving node: 32:1
x: 32
y: 1
Solving node: 5+5
x: 5
y: 5
Solving node: 10+36
x: 10
y: 36
Solving node: 46+32
x: 46
y: 32
Solving node: 1*5
x: 1
y: 5
Solving node: 6*6
x: 6
y: 6
Solving node: 36:1
x: 36
y: 1
Solving node: 4*8
x: 4
y: 8
Solving node: 32:1
x: 32
y: 1
Solving node: 1*5
x: 1
y: 5
Solving node: 6*6
x: 6
y: 6
Solving node: 36:1
x: 36
y: 1
Solving node: 4*8
x: 4
y: 8
Solving node: 32:1
x: 32
y: 1
Solving node: 5+5
x: 5
y: 5
Solving node: 10+36
x: 10
y: 36
Solving node: 46+32
x: 46
y: 32
Difference: 78
Calculating: 5+1*5+6*6:1+4*8:1+3
Solving node: 1*5
x: 1
y: 5
Solving node: 6*6
x: 6
y: 6
Solving node: 36:1
x: 36
y: 1
Solving node: 4*8
x: 4
y: 8
Solving node: 32:1
x: 32
y: 1
Solving node: 5+5
x: 5
y: 5
Solving node: 10+36
x: 10
y: 36
Solving node: 46+32
x: 46
y: 32
Solving node: 78+3
x: 78
y: 3
Solving node: 1*5
x: 1
y: 5
Solving node: 6*6
x: 6
y: 6
Solving node: 36:1
x: 36
y: 1
Solving node: 4*8
x: 4
y: 8
Solving node: 32:1
x: 32
y: 1
Solving node: 1*5
x: 1
y: 5
Solving node: 6*6
x: 6
y: 6
Solving node: 36:1
x: 36
y: 1
Solving node: 4*8
x: 4
y: 8
Solving node: 32:1
x: 32
y: 1
Solving node: 5+5
x: 5
y: 5
Solving node: 10+36
x: 10
y: 36
Solving node: 46+32
x: 46
y: 32
Solving node: 78+3
x: 78
y: 3
Difference: 81
Using default bounds (multiplication)
Calculating: 5+1*5+6*6:1+4*8:1+3*1
Solving node: 1*5
x: 1
y: 5
Solving node: 6*6
x: 6
y: 6
Solving node: 36:1
x: 36
y: 1
Solving node: 4*8
x: 4
y: 8
Solving node: 32:1
x: 32
y: 1
Solving node: 3*1
x: 3
y: 1
Solving node: 5+5
x: 5
y: 5
Solving node: 10+36
x: 10
y: 36
Solving node: 46+32
x: 46
y: 32
Solving node: 78+3
x: 78
y: 3
Solving node: 1*5
x: 1
y: 5
Solving node: 6*6
x: 6
y: 6
Solving node: 36:1
x: 36
y: 1
Solving node: 4*8
x: 4
y: 8
Solving node: 32:1
x: 32
y: 1
Solving node: 3*1
x: 3
y: 1
Solving node: 1*5
x: 1
y: 5
Solving node: 6*6
x: 6
y: 6
Solving node: 36:1
x: 36
y: 1
Solving node: 4*8
x: 4
y: 8
Solving node: 32:1
x: 32
y: 1
Solving node: 3*1
x: 3
y: 1
Solving node: 5+5
x: 5
y: 5
Solving node: 10+36
x: 10
y: 36
Solving node: 46+32
x: 46
y: 32
Solving node: 78+3
x: 78
y: 3
Difference: 81
Calculating: 5+1*5+6*6:1+4*8:1+3*1+8
Solving node: 1*5
x: 1
y: 5
Solving node: 6*6
x: 6
y: 6
Solving node: 36:1
x: 36
y: 1
Solving node: 4*8
x: 4
y: 8
Solving node: 32:1
x: 32
y: 1
Solving node: 3*1
x: 3
y: 1
Solving node: 5+5
x: 5
y: 5
Solving node: 10+36
x: 10
y: 36
Solving node: 46+32
x: 46
y: 32
Solving node: 78+3
x: 78
y: 3
Solving node: 81+8
x: 81
y: 8
Solving node: 1*5
x: 1
y: 5
Solving node: 6*6
x: 6
y: 6
Solving node: 36:1
x: 36
y: 1
Solving node: 4*8
x: 4
y: 8
Solving node: 32:1
x: 32
y: 1
Solving node: 3*1
x: 3
y: 1
Solving node: 1*5
x: 1
y: 5
Solving node: 6*6
x: 6
y: 6
Solving node: 36:1
x: 36
y: 1
Solving node: 4*8
x: 4
y: 8
Solving node: 32:1
x: 32
y: 1
Solving node: 3*1
x: 3
y: 1
Solving node: 5+5
x: 5
y: 5
Solving node: 10+36
x: 10
y: 36
Solving node: 46+32
x: 46
y: 32
Solving node: 78+3
x: 78
y: 3
Solving node: 81+8
x: 81
y: 8
Difference: 89
Using default bounds (multiplication)
Calculating: 5+1*5+6*6:1+4*8:1+3*1+8*3
Solving node: 1*5
x: 1
y: 5
Solving node: 6*6
x: 6
y: 6
Solving node: 36:1
x: 36
y: 1
Solving node: 4*8
x: 4
y: 8
Solving node: 32:1
x: 32
y: 1
Solving node: 3*1
x: 3
y: 1
Solving node: 8*3
x: 8
y: 3
Solving node: 5+5
x: 5
y: 5
Solving node: 10+36
x: 10
y: 36
Solving node: 46+32
x: 46
y: 32
Solving node: 78+3
x: 78
y: 3
Solving node: 81+24
x: 81
y: 24
Solving node: 1*5
x: 1
y: 5
Solving node: 6*6
x: 6
y: 6
Solving node: 36:1
x: 36
y: 1
Solving node: 4*8
x: 4
y: 8
Solving node: 32:1
x: 32
y: 1
Solving node: 3*1
x: 3
y: 1
Solving node: 8*3
x: 8
y: 3
Solving node: 1*5
x: 1
y: 5
Solving node: 6*6
x: 6
y: 6
Solving node: 36:1
x: 36
y: 1
Solving node: 4*8
x: 4
y: 8
Solving node: 32:1
x: 32
y: 1
Solving node: 3*1
x: 3
y: 1
Solving node: 8*3
x: 8
y: 3
Solving node: 5+5
x: 5
y: 5
Solving node: 10+36
x: 10
y: 36
Solving node: 46+32
x: 46
y: 32
Solving node: 78+3
x: 78
y: 3
Solving node: 81+24
x: 81
y: 24
Difference: 105
Calculating: 5+1*5+6*6:1+4*8:1+3*1+8*3+1
Solving node: 1*5
x: 1
y: 5
Solving node: 6*6
x: 6
y: 6
Solving node: 36:1
x: 36
y: 1
Solving node: 4*8
x: 4
y: 8
Solving node: 32:1
x: 32
y: 1
Solving node: 3*1
x: 3
y: 1
Solving node: 8*3
x: 8
y: 3
Solving node: 5+5
x: 5
y: 5
Solving node: 10+36
x: 10
y: 36
Solving node: 46+32
x: 46
y: 32
Solving node: 78+3
x: 78
y: 3
Solving node: 81+24
x: 81
y: 24
Solving node: 105+1
x: 105
y: 1
Solving node: 1*5
x: 1
y: 5
Solving node: 6*6
x: 6
y: 6
Solving node: 36:1
x: 36
y: 1
Solving node: 4*8
x: 4
y: 8
Solving node: 32:1
x: 32
y: 1
Solving node: 3*1
x: 3
y: 1
Solving node: 8*3
x: 8
y: 3
Solving node: 1*5
x: 1
y: 5
Solving node: 6*6
x: 6
y: 6
Solving node: 36:1
x: 36
y: 1
Solving node: 4*8
x: 4
y: 8
Solving node: 32:1
x: 32
y: 1
Solving node: 3*1
x: 3
y: 1
Solving node: 8*3
x: 8
y: 3
Solving node: 5+5
x: 5
y: 5
Solving node: 10+36
x: 10
y: 36
Solving node: 46+32
x: 46
y: 32
Solving node: 78+3
x: 78
y: 3
Solving node: 81+24
x: 81
y: 24
Solving node: 105+1
x: 105
y: 1
Difference: 106
Using default bounds (multiplication)
Calculating: 5+1*5+6*6:1+4*8:1+3*1+8*3+1*2
Solving node: 1*5
x: 1
y: 5
Solving node: 6*6
x: 6
y: 6
Solving node: 36:1
x: 36
y: 1
Solving node: 4*8
x: 4
y: 8
Solving node: 32:1
x: 32
y: 1
Solving node: 3*1
x: 3
y: 1
Solving node: 8*3
x: 8
y: 3
Solving node: 1*2
x: 1
y: 2
Solving node: 5+5
x: 5
y: 5
Solving node: 10+36
x: 10
y: 36
Solving node: 46+32
x: 46
y: 32
Solving node: 78+3
x: 78
y: 3
Solving node: 81+24
x: 81
y: 24
Solving node: 105+2
x: 105
y: 2
Solving node: 1*5
x: 1
y: 5
Solving node: 6*6
x: 6
y: 6
Solving node: 36:1
x: 36
y: 1
Solving node: 4*8
x: 4
y: 8
Solving node: 32:1
x: 32
y: 1
Solving node: 3*1
x: 3
y: 1
Solving node: 8*3
x: 8
y: 3
Solving node: 1*2
x: 1
y: 2
Solving node: 1*5
x: 1
y: 5
Solving node: 6*6
x: 6
y: 6
Solving node: 36:1
x: 36
y: 1
Solving node: 4*8
x: 4
y: 8
Solving node: 32:1
x: 32
y: 1
Solving node: 3*1
x: 3
y: 1
Solving node: 8*3
x: 8
y: 3
Solving node: 1*2
x: 1
y: 2
Solving node: 5+5
x: 5
y: 5
Solving node: 10+36
x: 10
y: 36
Solving node: 46+32
x: 46
y: 32
Solving node: 78+3
x: 78
y: 3
Solving node: 81+24
x: 81
y: 24
Solving node: 105+2
x: 105
y: 2
Difference: 107
Calculating: 5+1*5+6*6:1+4*8:1+3*1+8*3+1*2+3
Solving node: 1*5
x: 1
y: 5
Solving node: 6*6
x: 6
y: 6
Solving node: 36:1
x: 36
y: 1
Solving node: 4*8
x: 4
y: 8
Solving node: 32:1
x: 32
y: 1
Solving node: 3*1
x: 3
y: 1
Solving node: 8*3
x: 8
y: 3
Solving node: 1*2
x: 1
y: 2
Solving node: 5+5
x: 5
y: 5
Solving node: 10+36
x: 10
y: 36
Solving node: 46+32
x: 46
y: 32
Solving node: 78+3
x: 78
y: 3
Solving node: 81+24
x: 81
y: 24
Solving node: 105+2
x: 105
y: 2
Solving node: 107+3
x: 107
y: 3
Solving node: 1*5
x: 1
y: 5
Solving node: 6*6
x: 6
y: 6
Solving node: 36:1
x: 36
y: 1
Solving node: 4*8
x: 4
y: 8
Solving node: 32:1
x: 32
y: 1
Solving node: 3*1
x: 3
y: 1
Solving node: 8*3
x: 8
y: 3
Solving node: 1*2
x: 1
y: 2
Solving node: 1*5
x: 1
y: 5
Solving node: 6*6
x: 6
y: 6
Solving node: 36:1
x: 36
y: 1
Solving node: 4*8
x: 4
y: 8
Solving node: 32:1
x: 32
y: 1
Solving node: 3*1
x: 3
y: 1
Solving node: 8*3
x: 8
y: 3
Solving node: 1*2
x: 1
y: 2
Solving node: 5+5
x: 5
y: 5
Solving node: 10+36
x: 10
y: 36
Solving node: 46+32
x: 46
y: 32
Solving node: 78+3
x: 78
y: 3
Solving node: 81+24
x: 81
y: 24
Solving node: 105+2
x: 105
y: 2
Solving node: 107+3
x: 107
y: 3
Difference: 110
Last: 3; Last sum: 3
Calculating: 5+1*5+6*6:1+4*8:1+3*1+8*3+1*2+3-2
Solving node: 1*5
x: 1
y: 5
Solving node: 6*6
x: 6
y: 6
Solving node: 36:1
x: 36
y: 1
Solving node: 4*8
x: 4
y: 8
Solving node: 32:1
x: 32
y: 1
Solving node: 3*1
x: 3
y: 1
Solving node: 8*3
x: 8
y: 3
Solving node: 1*2
x: 1
y: 2
Solving node: 5+5
x: 5
y: 5
Solving node: 10+36
x: 10
y: 36
Solving node: 46+32
x: 46
y: 32
Solving node: 78+3
x: 78
y: 3
Solving node: 81+24
x: 81
y: 24
Solving node: 105+2
x: 105
y: 2
Solving node: 107+3
x: 107
y: 3
Solving node: 110-2
x: 110
y: 2
Originallösung: 5+1*5+6*6:1+4*8:1+3*1+8*3+1*2+3-2 = 108
[5/100] 5+1*5+6*6:1+4*8:1+3*1+8*3+1*2+3-2
Testing equation: 5+1*5+6*6:1+4*8:1+3*1+8*3+1*2+3-2
Checking node: 1*5
Solving node: 1*5
x: 1
y: 5
Checking node: 6*6
Solving node: 6*6
x: 6
y: 6
Checking node: 36:1
Solving node: 36:1
x: 36
y: 1
Checking node: 4*8
Solving node: 4*8
x: 4
y: 8
Checking node: 32:1
Solving node: 32:1
x: 32
y: 1
Checking node: 3*1
Solving node: 3*1
x: 3
y: 1
Checking node: 8*3
Solving node: 8*3
x: 8
y: 3
Checking node: 1*2
Solving node: 1*2
x: 1
y: 2
Checking node: 5+5
Solving node: 5+5
x: 5
y: 5
Checking node: 10+36
Solving node: 10+36
x: 10
y: 36
Checking node: 46+32
Solving node: 46+32
x: 46
y: 32
Checking node: 78+3
Solving node: 78+3
x: 78
y: 3
Checking node: 81+24
Solving node: 81+24
x: 81
y: 24
Checking node: 105+2
Solving node: 105+2
x: 105
y: 2
Checking node: 107+3
Solving node: 107+3
x: 107
y: 3
Checking node: 110-2
Solving node: 110-2
x: 110
y: 2
Checking node: 5+1
Checking node: 1*5
Checking node: 5+6
Checking node: 6*6
Checking node: 6:1
Checking node: 1+4
Checking node: 4*8
Checking node: 8:1
Checking node: 1+3
Checking node: 3*1
Checking node: 1+8
Checking node: 8*3
Checking node: 3+1
Checking node: 1*2
Checking node: 2+3
Checking node: 3-2
Difference: 1
Calculating: 1+6
Solving node: 1+6
x: 1
y: 6
Solving node: 1+6
x: 1
y: 6
Difference: 7
Calculating: 1+6:2
Solving node: 6:2
x: 6
y: 2
Solving node: 1+3
x: 1
y: 3
Solving node: 6:2
x: 6
y: 2
Solving node: 6:2
x: 6
y: 2
Solving node: 1+3
x: 1
y: 3
Difference: 4
Calculating: 1+6:2+4
Solving node: 6:2
x: 6
y: 2
Solving node: 1+3
x: 1
y: 3
Solving node: 4+4
x: 4
y: 4
Solving node: 6:2
x: 6
y: 2
Solving node: 6:2
x: 6
y: 2
Solving node: 1+3
x: 1
y: 3
Solving node: 4+4
x: 4
y: 4
Difference: 8
Calculating: 1+6:2+4:2
Solving node: 6:2
x: 6
y: 2
Solving node: 4:2
x: 4
y: 2
Solving node: 1+3
x: 1
y: 3
Solving node: 4+2
x: 4
y: 2
Solving node: 6:2
x: 6
y: 2
Solving node: 4:2
x: 4
y: 2
Solving node: 6:2
x: 6
y: 2
Solving node: 4:2
x: 4
y: 2
Solving node: 1+3
x: 1
y: 3
Solving node: 4+2
x: 4
y: 2
Difference: 6
Using default bounds (multiplication)
Calculating: 1+6:2+4:2*4
Solving node: 6:2
x: 6
y: 2
Solving node: 4:2
x: 4
y: 2
Solving node: 2*4
x: 2
y: 4
Solving node: 1+3
x: 1
y: 3
Solving node: 4+8
x: 4
y: 8
Solving node: 6:2
x: 6
y: 2
Solving node: 4:2
x: 4
y: 2
Solving node: 2*4
x: 2
y: 4
Solving node: 6:2
x: 6
y: 2
Solving node: 4:2
x: 4
y: 2
Solving node: 2*4
x: 2
y: 4
Solving node: 1+3
x: 1
y: 3
Solving node: 4+8
x: 4
y: 8
Difference: 12
Last: 4; Last sum: 8
Calculating: 1+6:2+4:2*4-1
Solving node: 6:2
x: 6
y: 2
Solving node: 4:2
x: 4
y: 2
Solving node: 2*4
x: 2
y: 4
Solving node: 1+3
x: 1
y: 3
Solving node: 4+8
x: 4
y: 8
Solving node: 12-1
x: 12
y: 1
Solving node: 6:2
x: 6
y: 2
Solving node: 4:2
x: 4
y: 2
Solving node: 2*4
x: 2
y: 4
Solving node: 1+3
x: 1
y: 3
Solving node: 4+8
x: 4
y: 8
Solving node: 12-1
x: 12
y: 1
Solving node: 6:2
x: 6
y: 2
Solving node: 4:2
x: 4
y: 2
Solving node: 2*4
x: 2
y: 4
Solving node: 1+3
x: 1
y: 3
Solving node: 4+8
x: 4
y: 8
Difference: 12-1
Calculating bounds (multiplication)
Previous index: -1 | Last operator index: 2
Upper bound: 1
Solving node: 6:2
x: 6
y: 2
Solving node: 4:2
x: 4
y: 2
Solving node: 2*4
x: 2
y: 4
Solving node: 1+3
x: 1
y: 3
Solving node: 4+8
x: 4
y: 8
Solving node: 12-1
x: 12
y: 1
Solving node: 6:2
x: 6
y: 2
Solving node: 4:2
x: 4
y: 2
Solving node: 2*4
x: 2
y: 4
Solving node: 1+3
x: 1
y: 3
Solving node: 4+8
x: 4
y: 8
Difference: 12-1
Calculating: 1+6:2+4:2*4-1+5
Solving node: 6:2
x: 6
y: 2
Solving node: 4:2
x: 4
y: 2
Solving node: 2*4
x: 2
y: 4
Solving node: 1+3
x: 1
y: 3
Solving node: 4+8
x: 4
y: 8
Solving node: 12-1
x: 12
y: 1
Solving node: 11+5
x: 11
y: 5
Solving node: 6:2
x: 6
y: 2
Solving node: 4:2
x: 4
y: 2
Solving node: 2*4
x: 2
y: 4
Solving node: 1+3
x: 1
y: 3
Solving node: 4+8
x: 4
y: 8
Solving node: 12-1
x: 12
y: 1
Solving node: 6:2
x: 6
y: 2
Solving node: 4:2
x: 4
y: 2
Solving node: 2*4
x: 2
y: 4
Solving node: 1+3
x: 1
y: 3
Solving node: 4+8
x: 4
y: 8
Solving node: 12-1
x: 12
y: 1
Solving node: 11+5
x: 11
y: 5
Difference: 16
Last: 5; Last sum: 5
Calculating: 1+6:2+4:2*4-1+5-2
Solving node: 6:2
x: 6
y: 2
Solving node: 4:2
x: 4
y: 2
Solving node: 2*4
x: 2
y: 4
Solving node: 1+3
x: 1
y: 3
Solving node: 4+8
x: 4
y: 8
Solving node: 12-1
x: 12
y: 1
Solving node: 11+5
x: 11
y: 5
Solving node: 16-2
x: 16
y: 2
Solving node: 6:2
x: 6
y: 2
Solving node: 4:2
x: 4
y: 2
Solving node: 2*4
x: 2
y: 4
Solving node: 1+3
x: 1
y: 3
Solving node: 4+8
x: 4
y: 8
Solving node: 12-1
x: 12
y: 1
Solving node: 11+5
x: 11
y: 5
Solving node: 16-2
x: 16
y: 2
Solving node: 6:2
x: 6
y: 2
Solving node: 4:2
x: 4
y: 2
Solving node: 2*4
x: 2
y: 4
Solving node: 1+3
x: 1
y: 3
Solving node: 4+8
x: 4
y: 8
Solving node: 12-1
x: 12
y: 1
Solving node: 11+5
x: 11
y: 5
Difference: 16-2
Calculating: 1+6:2+4:2*4-1+5-2+3
Solving node: 6:2
x: 6
y: 2
Solving node: 4:2
x: 4
y: 2
Solving node: 2*4
x: 2
y: 4
Solving node: 1+3
x: 1
y: 3
Solving node: 4+8
x: 4
y: 8
Solving node: 12-1
x: 12
y: 1
Solving node: 11+5
x: 11
y: 5
Solving node: 16-2
x: 16
y: 2
Solving node: 14+3
x: 14
y: 3
Solving node: 6:2
x: 6
y: 2
Solving node: 4:2
x: 4
y: 2
Solving node: 2*4
x: 2
y: 4
Solving node: 1+3
x: 1
y: 3
Solving node: 4+8
x: 4
y: 8
Solving node: 12-1
x: 12
y: 1
Solving node: 11+5
x: 11
y: 5
Solving node: 16-2
x: 16
y: 2
Solving node: 6:2
x: 6
y: 2
Solving node: 4:2
x: 4
y: 2
Solving node: 2*4
x: 2
y: 4
Solving node: 1+3
x: 1
y: 3
Solving node: 4+8
x: 4
y: 8
Solving node: 12-1
x: 12
y: 1
Solving node: 11+5
x: 11
y: 5
Solving node: 16-2
x: 16
y: 2
Solving node: 14+3
x: 14
y: 3
Difference: 17
Using default bounds (multiplication)
Calculating: 1+6:2+4:2*4-1+5-2+3*3
Solving node: 6:2
x: 6
y: 2
Solving node: 4:2
x: 4
y: 2
Solving node: 2*4
x: 2
y: 4
Solving node: 3*3
x: 3
y: 3
Solving node: 1+3
x: 1
y: 3
Solving node: 4+8
x: 4
y: 8
Solving node: 12-1
x: 12
y: 1
Solving node: 11+5
x: 11
y: 5
Solving node: 16-2
x: 16
y: 2
Solving node: 14+9
x: 14
y: 9
Solving node: 6:2
x: 6
y: 2
Solving node: 4:2
x: 4
y: 2
Solving node: 2*4
x: 2
y: 4
Solving node: 3*3
x: 3
y: 3
Solving node: 1+3
x: 1
y: 3
Solving node: 4+8
x: 4
y: 8
Solving node: 12-1
x: 12
y: 1
Solving node: 11+5
x: 11
y: 5
Solving node: 16-2
x: 16
y: 2
Solving node: 6:2
x: 6
y: 2
Solving node: 4:2
x: 4
y: 2
Solving node: 2*4
x: 2
y: 4
Solving node: 3*3
x: 3
y: 3
Solving node: 1+3
x: 1
y: 3
Solving node: 4+8
x: 4
y: 8
Solving node: 12-1
x: 12
y: 1
Solving node: 11+5
x: 11
y: 5
Solving node: 16-2
x: 16
y: 2
Solving node: 14+9
x: 14
y: 9
Difference: 23
Last: 3; Last sum: 9
Calculating: 1+6:2+4:2*4-1+5-2+3*3-1
Solving node: 6:2
x: 6
y: 2
Solving node: 4:2
x: 4
y: 2
Solving node: 2*4
x: 2
y: 4
Solving node: 3*3
x: 3
y: 3
Solving node: 1+3
x: 1
y: 3
Solving node: 4+8
x: 4
y: 8
Solving node: 12-1
x: 12
y: 1
Solving node: 11+5
x: 11
y: 5
Solving node: 16-2
x: 16
y: 2
Solving node: 14+9
x: 14
y: 9
Solving node: 23-1
x: 23
y: 1
Solving node: 6:2
x: 6
y: 2
Solving node: 4:2
x: 4
y: 2
Solving node: 2*4
x: 2
y: 4
Solving node: 3*3
x: 3
y: 3
Solving node: 1+3
x: 1
y: 3
Solving node: 4+8
x: 4
y: 8
Solving node: 12-1
x: 12
y: 1
Solving node: 11+5
x: 11
y: 5
Solving node: 16-2
x: 16
y: 2
Solving node: 14+9
x: 14
y: 9
Solving node: 23-1
x: 23
y: 1
Solving node: 6:2
x: 6
y: 2
Solving node: 4:2
x: 4
y: 2
Solving node: 2*4
x: 2
y: 4
Solving node: 3*3
x: 3
y: 3
Solving node: 1+3
x: 1
y: 3
Solving node: 4+8
x: 4
y: 8
Solving node: 12-1
x: 12
y: 1
Solving node: 11+5
x: 11
y: 5
Solving node: 16-2
x: 16
y: 2
Solving node: 14+9
x: 14
y: 9
Difference: 23-1
Calculating bounds (multiplication)
Previous index: -1 | Last operator index: 2
Upper bound: 1
Solving node: 6:2
x: 6
y: 2
Solving node: 4:2
x: 4
y: 2
Solving node: 2*4
x: 2
y: 4
Solving node: 3*3
x: 3
y: 3
Solving node: 1+3
x: 1
y: 3
Solving node: 4+8
x: 4
y: 8
Solving node: 12-1
x: 12
y: 1
Solving node: 11+5
x: 11
y: 5
Solving node: 16-2
x: 16
y: 2
Solving node: 14+9
x: 14
y: 9
Solving node: 23-1
x: 23
y: 1
Solving node: 6:2
x: 6
y: 2
Solving node: 4:2
x: 4
y: 2
Solving node: 2*4
x: 2
y: 4
Solving node: 3*3
x: 3
y: 3
Solving node: 1+3
x: 1
y: 3
Solving node: 4+8
x: 4
y: 8
Solving node: 12-1
x: 12
y: 1
Solving node: 11+5
x: 11
y: 5
Solving node: 16-2
x: 16
y: 2
Solving node: 14+9
x: 14
y: 9
Difference: 23-1
Calculating: 1+6:2+4:2*4-1+5-2+3*3-1+2
Solving node: 6:2
x: 6
y: 2
Solving node: 4:2
x: 4
y: 2
Solving node: 2*4
x: 2
y: 4
Solving node: 3*3
x: 3
y: 3
Solving node: 1+3
x: 1
y: 3
Solving node: 4+8
x: 4
y: 8
Solving node: 12-1
x: 12
y: 1
Solving node: 11+5
x: 11
y: 5
Solving node: 16-2
x: 16
y: 2
Solving node: 14+9
x: 14
y: 9
Solving node: 23-1
x: 23
y: 1
Solving node: 22+2
x: 22
y: 2
Solving node: 6:2
x: 6
y: 2
Solving node: 4:2
x: 4
y: 2
Solving node: 2*4
x: 2
y: 4
Solving node: 3*3
x: 3
y: 3
Solving node: 1+3
x: 1
y: 3
Solving node: 4+8
x: 4
y: 8
Solving node: 12-1
x: 12
y: 1
Solving node: 11+5
x: 11
y: 5
Solving node: 16-2
x: 16
y: 2
Solving node: 14+9
x: 14
y: 9
Solving node: 23-1
x: 23
y: 1
Solving node: 6:2
x: 6
y: 2
Solving node: 4:2
x: 4
y: 2
Solving node: 2*4
x: 2
y: 4
Solving node: 3*3
x: 3
y: 3
Solving node: 1+3
x: 1
y: 3
Solving node: 4+8
x: 4
y: 8
Solving node: 12-1
x: 12
y: 1
Solving node: 11+5
x: 11
y: 5
Solving node: 16-2
x: 16
y: 2
Solving node: 14+9
x: 14
y: 9
Solving node: 23-1
x: 23
y: 1
Solving node: 22+2
x: 22
y: 2
Difference: 24
Using default bounds (multiplication)
Calculating: 1+6:2+4:2*4-1+5-2+3*3-1+2*3
Solving node: 6:2
x: 6
y: 2
Solving node: 4:2
x: 4
y: 2
Solving node: 2*4
x: 2
y: 4
Solving node: 3*3
x: 3
y: 3
Solving node: 2*3
x: 2
y: 3
Solving node: 1+3
x: 1
y: 3
Solving node: 4+8
x: 4
y: 8
Solving node: 12-1
x: 12
y: 1
Solving node: 11+5
x: 11
y: 5
Solving node: 16-2
x: 16
y: 2
Solving node: 14+9
x: 14
y: 9
Solving node: 23-1
x: 23
y: 1
Solving node: 22+6
x: 22
y: 6
Solving node: 6:2
x: 6
y: 2
Solving node: 4:2
x: 4
y: 2
Solving node: 2*4
x: 2
y: 4
Solving node: 3*3
x: 3
y: 3
Solving node: 2*3
x: 2
y: 3
Solving node: 1+3
x: 1
y: 3
Solving node: 4+8
x: 4
y: 8
Solving node: 12-1
x: 12
y: 1
Solving node: 11+5
x: 11
y: 5
Solving node: 16-2
x: 16
y: 2
Solving node: 14+9
x: 14
y: 9
Solving node: 23-1
x: 23
y: 1
Solving node: 6:2
x: 6
y: 2
Solving node: 4:2
x: 4
y: 2
Solving node: 2*4
x: 2
y: 4
Solving node: 3*3
x: 3
y: 3
Solving node: 2*3
x: 2
y: 3
Solving node: 1+3
x: 1
y: 3
Solving node: 4+8
x: 4
y: 8
Solving node: 12-1
x: 12
y: 1
Solving node: 11+5
x: 11
y: 5
Solving node: 16-2
x: 16
y: 2
Solving node: 14+9
x: 14
y: 9
Solving node: 23-1
x: 23
y: 1
Solving node: 22+6
x: 22
y: 6
Difference: 28
Calculating: 1+6:2+4:2*4-1+5-2+3*3-1+2*3+2
Solving node: 6:2
x: 6
y: 2
Solving node: 4:2
x: 4
y: 2
Solving node: 2*4
x: 2
y: 4
Solving node: 3*3
x: 3
y: 3
Solving node: 2*3
x: 2
y: 3
Solving node: 1+3
x: 1
y: 3
Solving node: 4+8
x: 4
y: 8
Solving node: 12-1
x: 12
y: 1
Solving node: 11+5
x: 11
y: 5
Solving node: 16-2
x: 16
y: 2
Solving node: 14+9
x: 14
y: 9
Solving node: 23-1
x: 23
y: 1
Solving node: 22+6
x: 22
y: 6
Solving node: 28+2
x: 28
y: 2
Solving node: 6:2
x: 6
y: 2
Solving node: 4:2
x: 4
y: 2
Solving node: 2*4
x: 2
y: 4
Solving node: 3*3
x: 3
y: 3
Solving node: 2*3
x: 2
y: 3
Solving node: 1+3
x: 1
y: 3
Solving node: 4+8
x: 4
y: 8
Solving node: 12-1
x: 12
y: 1
Solving node: 11+5
x: 11
y: 5
Solving node: 16-2
x: 16
y: 2
Solving node: 14+9
x: 14
y: 9
Solving node: 23-1
x: 23
y: 1
Solving node: 6:2
x: 6
y: 2
Solving node: 4:2
x: 4
y: 2
Solving node: 2*4
x: 2
y: 4
Solving node: 3*3
x: 3
y: 3
Solving node: 2*3
x: 2
y: 3
Solving node: 1+3
x: 1
y: 3
Solving node: 4+8
x: 4
y: 8
Solving node: 12-1
x: 12
y: 1
Solving node: 11+5
x: 11
y: 5
Solving node: 16-2
x: 16
y: 2
Solving node: 14+9
x: 14
y: 9
Solving node: 23-1
x: 23
y: 1
Solving node: 22+6
x: 22
y: 6
Solving node: 28+2
x: 28
y: 2
Difference: 30
Using default bounds (multiplication)
Calculating: 1+6:2+4:2*4-1+5-2+3*3-1+2*3+2*8
Solving node: 6:2
x: 6
y: 2
Solving node: 4:2
x: 4
y: 2
Solving node: 2*4
x: 2
y: 4
Solving node: 3*3
x: 3
y: 3
Solving node: 2*3
x: 2
y: 3
Solving node: 2*8
x: 2
y: 8
Solving node: 1+3
x: 1
y: 3
Solving node: 4+8
x: 4
y: 8
Solving node: 12-1
x: 12
y: 1
Solving node: 11+5
x: 11
y: 5
Solving node: 16-2
x: 16
y: 2
Solving node: 14+9
x: 14
y: 9
Solving node: 23-1
x: 23
y: 1
Solving node: 22+6
x: 22
y: 6
Solving node: 28+16
x: 28
y: 16
Solving node: 6:2
x: 6
y: 2
Solving node: 4:2
x: 4
y: 2
Solving node: 2*4
x: 2
y: 4
Solving node: 3*3
x: 3
y: 3
Solving node: 2*3
x: 2
y: 3
Solving node: 2*8
x: 2
y: 8
Solving node: 1+3
x: 1
y: 3
Solving node: 4+8
x: 4
y: 8
Solving node: 12-1
x: 12
y: 1
Solving node: 11+5
x: 11
y: 5
Solving node: 16-2
x: 16
y: 2
Solving node: 14+9
x: 14
y: 9
Solving node: 23-1
x: 23
y: 1
Solving node: 6:2
x: 6
y: 2
Solving node: 4:2
x: 4
y: 2
Solving node: 2*4
x: 2
y: 4
Solving node: 3*3
x: 3
y: 3
Solving node: 2*3
x: 2
y: 3
Solving node: 2*8
x: 2
y: 8
Solving node: 1+3
x: 1
y: 3
Solving node: 4+8
x: 4
y: 8
Solving node: 12-1
x: 12
y: 1
Solving node: 11+5
x: 11
y: 5
Solving node: 16-2
x: 16
y: 2
Solving node: 14+9
x: 14
y: 9
Solving node: 23-1
x: 23
y: 1
Solving node: 22+6
x: 22
y: 6
Solving node: 28+16
x: 28
y: 16
Difference: 44
Last: 8; Last sum: 16
Calculating: 1+6:2+4:2*4-1+5-2+3*3-1+2*3+2*8-2
Solving node: 6:2
x: 6
y: 2
Solving node: 4:2
x: 4
y: 2
Solving node: 2*4
x: 2
y: 4
Solving node: 3*3
x: 3
y: 3
Solving node: 2*3
x: 2
y: 3
Solving node: 2*8
x: 2
y: 8
Solving node: 1+3
x: 1
y: 3
Solving node: 4+8
x: 4
y: 8
Solving node: 12-1
x: 12
y: 1
Solving node: 11+5
x: 11
y: 5
Solving node: 16-2
x: 16
y: 2
Solving node: 14+9
x: 14
y: 9
Solving node: 23-1
x: 23
y: 1
Solving node: 22+6
x: 22
y: 6
Solving node: 28+16
x: 28
y: 16
Solving node: 44-2
x: 44
y: 2
Originallösung: 1+6:2+4:2*4-1+5-2+3*3-1+2*3+2*8-2 = 42
[6/100] 1+6:2+4:2*4-1+5-2+3*3-1+2*3+2*8-2
Testing equation: 1+6:2+4:2*4-1+5-2+3*3-1+2*3+2*8-2
Checking node: 6:2
Solving node: 6:2
x: 6
y: 2
Checking node: 4:2
Solving node: 4:2
x: 4
y: 2
Checking node: 2*4
Solving node: 2*4
x: 2
y: 4
Checking node: 3*3
Solving node: 3*3
x: 3
y: 3
Checking node: 2*3
Solving node: 2*3
x: 2
y: 3
Checking node: 2*8
Solving node: 2*8
x: 2
y: 8
Checking node: 1+3
Solving node: 1+3
x: 1
y: 3
Checking node: 4+8
Solving node: 4+8
x: 4
y: 8
Checking node: 12-1
Solving node: 12-1
x: 12
y: 1
Checking node: 11+5
Solving node: 11+5
x: 11
y: 5
Checking node: 16-2
Solving node: 16-2
x: 16
y: 2
Checking node: 14+9
Solving node: 14+9
x: 14
y: 9
Checking node: 23-1
Solving node: 23-1
x: 23
y: 1
Checking node: 22+6
Solving node: 22+6
x: 22
y: 6
Checking node: 28+16
Solving node: 28+16
x: 28
y: 16
Checking node: 44-2
Solving node: 44-2
x: 44
y: 2
Checking node: 1+6
Checking node: 6:2
Checking node: 2+4
Checking node: 4:2
Checking node: 2*4
Checking node: 4-1
Checking node: 1+5
Checking node: 5-2
Checking node: 2+3
Checking node: 3*3
Checking node: 3-1
Checking node: 1+2
Checking node: 2*3
Checking node: 3+2
Checking node: 2*8
Checking node: 8-2
Difference: 1
Calculating: 1+1
Solving node: 1+1
x: 1
y: 1
Solving node: 1+1
x: 1
y: 1
Difference: 2
Using default bounds (multiplication)
Calculating: 1+1*3
Solving node: 1*3
x: 1
y: 3
Solving node: 1+3
x: 1
y: 3
Solving node: 1*3
x: 1
y: 3
Solving node: 1*3
x: 1
y: 3
Solving node: 1+3
x: 1
y: 3
Difference: 4
Last: 3; Last sum: 3
Calculating: 1+1*3-2
Solving node: 1*3
x: 1
y: 3
Solving node: 1+3
x: 1
y: 3
Solving node: 4-2
x: 4
y: 2
Solving node: 1*3
x: 1
y: 3
Solving node: 1+3
x: 1
y: 3
Solving node: 4-2
x: 4
y: 2
Solving node: 1*3
x: 1
y: 3
Solving node: 1+3
x: 1
y: 3
Difference: 4-2
Calculating bounds (multiplication)
Upper bound: 1
Solving node: 1*3
x: 1
y: 3
Solving node: 1+3
x: 1
y: 3
Solving node: 4-2
x: 4
y: 2
Solving node: 1*3
x: 1
y: 3
Solving node: 1+3
x: 1
y: 3
Difference: 4-2
Calculating: 1+1*3-2+6
Solving node: 1*3
x: 1
y: 3
Solving node: 1+3
x: 1
y: 3
Solving node: 4-2
x: 4
y: 2
Solving node: 2+6
x: 2
y: 6
Solving node: 1*3
x: 1
y: 3
Solving node: 1+3
x: 1
y: 3
Solving node: 4-2
x: 4
y: 2
Solving node: 1*3
x: 1
y: 3
Solving node: 1+3
x: 1
y: 3
Solving node: 4-2
x: 4
y: 2
Solving node: 2+6
x: 2
y: 6
Difference: 8
Last: 6; Last sum: 6
Calculating: 1+1*3-2+6-4
Solving node: 1*3
x: 1
y: 3
Solving node: 1+3
x: 1
y: 3
Solving node: 4-2
x: 4
y: 2
Solving node: 2+6
x: 2
y: 6
Solving node: 8-4
x: 8
y: 4
Solving node: 1*3
x: 1
y: 3
Solving node: 1+3
x: 1
y: 3
Solving node: 4-2
x: 4
y: 2
Solving node: 2+6
x: 2
y: 6
Solving node: 8-4
x: 8
y: 4
Solving node: 1*3
x: 1
y: 3
Solving node: 1+3
x: 1
y: 3
Solving node: 4-2
x: 4
y: 2
Solving node: 2+6
x: 2
y: 6
Difference: 8-4
Calculating: 1+1*3-2+6-4:2
Solving node: 1*3
x: 1
y: 3
Solving node: 4:2
x: 4
y: 2
Solving node: 1+3
x: 1
y: 3
Solving node: 4-2
x: 4
y: 2
Solving node: 2+6
x: 2
y: 6
Solving node: 8-2
x: 8
y: 2
Solving node: 1*3
x: 1
y: 3
Solving node: 4:2
x: 4
y: 2
Solving node: 1+3
x: 1
y: 3
Solving node: 4-2
x: 4
y: 2
Solving node: 2+6
x: 2
y: 6
Solving node: 8-2
x: 8
y: 2
Solving node: 1*3
x: 1
y: 3
Solving node: 4:2
x: 4
y: 2
Solving node: 1+3
x: 1
y: 3
Solving node: 4-2
x: 4
y: 2
Solving node: 2+6
x: 2
y: 6
Difference: 8-2
Calculating bounds (multiplication)
Upper bound: 2
Calculating: 1+1*3-2+6-4:2*1
Solving node: 1*3
x: 1
y: 3
Solving node: 4:2
x: 4
y: 2
Solving node: 2*1
x: 2
y: 1
Solving node: 1+3
x: 1
y: 3
Solving node: 4-2
x: 4
y: 2
Solving node: 2+6
x: 2
y: 6
Solving node: 8-2
x: 8
y: 2
Solving node: 1*3
x: 1
y: 3
Solving node: 4:2
x: 4
y: 2
Solving node: 2*1
x: 2
y: 1
Solving node: 1+3
x: 1
y: 3
Solving node: 4-2
x: 4
y: 2
Solving node: 2+6
x: 2
y: 6
Solving node: 8-2
x: 8
y: 2
Solving node: 1*3
x: 1
y: 3
Solving node: 4:2
x: 4
y: 2
Solving node: 2*1
x: 2
y: 1
Solving node: 1+3
x: 1
y: 3
Solving node: 4-2
x: 4
y: 2
Solving node: 2+6
x: 2
y: 6
Difference: 8-2
Calculating: 1+1*3-2+6-4:2*1+2
Solving node: 1*3
x: 1
y: 3
Solving node: 4:2
x: 4
y: 2
Solving node: 2*1
x: 2
y: 1
Solving node: 1+3
x: 1
y: 3
Solving node: 4-2
x: 4
y: 2
Solving node: 2+6
x: 2
y: 6
Solving node: 8-2
x: 8
y: 2
Solving node: 6+2
x: 6
y: 2
Solving node: 1*3
x: 1
y: 3
Solving node: 4:2
x: 4
y: 2
Solving node: 2*1
x: 2
y: 1
Solving node: 1+3
x: 1
y: 3
Solving node: 4-2
x: 4
y: 2
Solving node: 2+6
x: 2
y: 6
Solving node: 8-2
x: 8
y: 2
Solving node: 1*3
x: 1
y: 3
Solving node: 4:2
x: 4
y: 2
Solving node: 2*1
x: 2
y: 1
Solving node: 1+3
x: 1
y: 3
Solving node: 4-2
x: 4
y: 2
Solving node: 2+6
x: 2
y: 6
Solving node: 8-2
x: 8
y: 2
Solving node: 6+2
x: 6
y: 2
Difference: 8
Using default bounds (multiplication)
Calculating: 1+1*3-2+6-4:2*1+2*9
Solving node: 1*3
x: 1
y: 3
Solving node: 4:2
x: 4
y: 2
Solving node: 2*1
x: 2
y: 1
Solving node: 2*9
x: 2
y: 9
Solving node: 1+3
x: 1
y: 3
Solving node: 4-2
x: 4
y: 2
Solving node: 2+6
x: 2
y: 6
Solving node: 8-2
x: 8
y: 2
Solving node: 6+18
x: 6
y: 18
Solving node: 1*3
x: 1
y: 3
Solving node: 4:2
x: 4
y: 2
Solving node: 2*1
x: 2
y: 1
Solving node: 2*9
x: 2
y: 9
Solving node: 1+3
x: 1
y: 3
Solving node: 4-2
x: 4
y: 2
Solving node: 2+6
x: 2
y: 6
Solving node: 8-2
x: 8
y: 2
Solving node: 1*3
x: 1
y: 3
Solving node: 4:2
x: 4
y: 2
Solving node: 2*1
x: 2
y: 1
Solving node: 2*9
x: 2
y: 9
Solving node: 1+3
x: 1
y: 3
Solving node: 4-2
x: 4
y: 2
Solving node: 2+6
x: 2
y: 6
Solving node: 8-2
x: 8
y: 2
Solving node: 6+18
x: 6
y: 18
Difference: 24
Last: 9; Last sum: 18
Calculating: 1+1*3-2+6-4:2*1+2*9-1
Solving node: 1*3
x: 1
y: 3
Solving node: 4:2
x: 4
y: 2
Solving node: 2*1
x: 2
y: 1
Solving node: 2*9
x: 2
y: 9
Solving node: 1+3
x: 1
y: 3
Solving node: 4-2
x: 4
y: 2
Solving node: 2+6
x: 2
y: 6
Solving node: 8-2
x: 8
y: 2
Solving node: 6+18
x: 6
y: 18
Solving node: 24-1
x: 24
y: 1
Solving node: 1*3
x: 1
y: 3
Solving node: 4:2
x: 4
y: 2
Solving node: 2*1
x: 2
y: 1
Solving node: 2*9
x: 2
y: 9
Solving node: 1+3
x: 1
y: 3
Solving node: 4-2
x: 4
y: 2
Solving node: 2+6
x: 2
y: 6
Solving node: 8-2
x: 8
y: 2
Solving node: 6+18
x: 6
y: 18
Solving node: 24-1
x: 24
y: 1
Solving node: 1*3
x: 1
y: 3
Solving node: 4:2
x: 4
y: 2
Solving node: 2*1
x: 2
y: 1
Solving node: 2*9
x: 2
y: 9
Solving node: 1+3
x: 1
y: 3
Solving node: 4-2
x: 4
y: 2
Solving node: 2+6
x: 2
y: 6
Solving node: 8-2
x: 8
y: 2
Solving node: 6+18
x: 6
y: 18
Difference: 24-1
Calculating bounds (multiplication)
Previous index: -1 | Last operator index: 2
Upper bound: 1
Solving node: 1*3
x: 1
y: 3
Solving node: 4:2
x: 4
y: 2
Solving node: 2*1
x: 2
y: 1
Solving node: 2*9
x: 2
y: 9
Solving node: 1+3
x: 1
y: 3
Solving node: 4-2
x: 4
y: 2
Solving node: 2+6
x: 2
y: 6
Solving node: 8-2
x: 8
y: 2
Solving node: 6+18
x: 6
y: 18
Solving node: 24-1
x: 24
y: 1
Solving node: 1*3
x: 1
y: 3
Solving node: 4:2
x: 4
y: 2
Solving node: 2*1
x: 2
y: 1
Solving node: 2*9
x: 2
y: 9
Solving node: 1+3
x: 1
y: 3
Solving node: 4-2
x: 4
y: 2
Solving node: 2+6
x: 2
y: 6
Solving node: 8-2
x: 8
y: 2
Solving node: 6+18
x: 6
y: 18
Difference: 24-1
Calculating: 1+1*3-2+6-4:2*1+2*9-1+2
Solving node: 1*3
x: 1
y: 3
Solving node: 4:2
x: 4
y: 2
Solving node: 2*1
x: 2
y: 1
Solving node: 2*9
x: 2
y: 9
Solving node: 1+3
x: 1
y: 3
Solving node: 4-2
x: 4
y: 2
Solving node: 2+6
x: 2
y: 6
Solving node: 8-2
x: 8
y: 2
Solving node: 6+18
x: 6
y: 18
Solving node: 24-1
x: 24
y: 1
Solving node: 23+2
x: 23
y: 2
Solving node: 1*3
x: 1
y: 3
Solving node: 4:2
x: 4
y: 2
Solving node: 2*1
x: 2
y: 1
Solving node: 2*9
x: 2
y: 9
Solving node: 1+3
x: 1
y: 3
Solving node: 4-2
x: 4
y: 2
Solving node: 2+6
x: 2
y: 6
Solving node: 8-2
x: 8
y: 2
Solving node: 6+18
x: 6
y: 18
Solving node: 24-1
x: 24
y: 1
Solving node: 1*3
x: 1
y: 3
Solving node: 4:2
x: 4
y: 2
Solving node: 2*1
x: 2
y: 1
Solving node: 2*9
x: 2
y: 9
Solving node: 1+3
x: 1
y: 3
Solving node: 4-2
x: 4
y: 2
Solving node: 2+6
x: 2
y: 6
Solving node: 8-2
x: 8
y: 2
Solving node: 6+18
x: 6
y: 18
Solving node: 24-1
x: 24
y: 1
Solving node: 23+2
x: 23
y: 2
Difference: 25
Using default bounds (multiplication)
Calculating: 1+1*3-2+6-4:2*1+2*9-1+2*6
Solving node: 1*3
x: 1
y: 3
Solving node: 4:2
x: 4
y: 2
Solving node: 2*1
x: 2
y: 1
Solving node: 2*9
x: 2
y: 9
Solving node: 2*6
x: 2
y: 6
Solving node: 1+3
x: 1
y: 3
Solving node: 4-2
x: 4
y: 2
Solving node: 2+6
x: 2
y: 6
Solving node: 8-2
x: 8
y: 2
Solving node: 6+18
x: 6
y: 18
Solving node: 24-1
x: 24
y: 1
Solving node: 23+12
x: 23
y: 12
Solving node: 1*3
x: 1
y: 3
Solving node: 4:2
x: 4
y: 2
Solving node: 2*1
x: 2
y: 1
Solving node: 2*9
x: 2
y: 9
Solving node: 2*6
x: 2
y: 6
Solving node: 1+3
x: 1
y: 3
Solving node: 4-2
x: 4
y: 2
Solving node: 2+6
x: 2
y: 6
Solving node: 8-2
x: 8
y: 2
Solving node: 6+18
x: 6
y: 18
Solving node: 24-1
x: 24
y: 1
Solving node: 1*3
x: 1
y: 3
Solving node: 4:2
x: 4
y: 2
Solving node: 2*1
x: 2
y: 1
Solving node: 2*9
x: 2
y: 9
Solving node: 2*6
x: 2
y: 6
Solving node: 1+3
x: 1
y: 3
Solving node: 4-2
x: 4
y: 2
Solving node: 2+6
x: 2
y: 6
Solving node: 8-2
x: 8
y: 2
Solving node: 6+18
x: 6
y: 18
Solving node: 24-1
x: 24
y: 1
Solving node: 23+12
x: 23
y: 12
Difference: 35
Calculating: 1+1*3-2+6-4:2*1+2*9-1+2*6+3
Solving node: 1*3
x: 1
y: 3
Solving node: 4:2
x: 4
y: 2
Solving node: 2*1
x: 2
y: 1
Solving node: 2*9
x: 2
y: 9
Solving node: 2*6
x: 2
y: 6
Solving node: 1+3
x: 1
y: 3
Solving node: 4-2
x: 4
y: 2
Solving node: 2+6
x: 2
y: 6
Solving node: 8-2
x: 8
y: 2
Solving node: 6+18
x: 6
y: 18
Solving node: 24-1
x: 24
y: 1
Solving node: 23+12
x: 23
y: 12
Solving node: 35+3
x: 35
y: 3
Solving node: 1*3
x: 1
y: 3
Solving node: 4:2
x: 4
y: 2
Solving node: 2*1
x: 2
y: 1
Solving node: 2*9
x: 2
y: 9
Solving node: 2*6
x: 2
y: 6
Solving node: 1+3
x: 1
y: 3
Solving node: 4-2
x: 4
y: 2
Solving node: 2+6
x: 2
y: 6
Solving node: 8-2
x: 8
y: 2
Solving node: 6+18
x: 6
y: 18
Solving node: 24-1
x: 24
y: 1
Solving node: 1*3
x: 1
y: 3
Solving node: 4:2
x: 4
y: 2
Solving node: 2*1
x: 2
y: 1
Solving node: 2*9
x: 2
y: 9
Solving node: 2*6
x: 2
y: 6
Solving node: 1+3
x: 1
y: 3
Solving node: 4-2
x: 4
y: 2
Solving node: 2+6
x: 2
y: 6
Solving node: 8-2
x: 8
y: 2
Solving node: 6+18
x: 6
y: 18
Solving node: 24-1
x: 24
y: 1
Solving node: 23+12
x: 23
y: 12
Solving node: 35+3
x: 35
y: 3
Difference: 38
Using default bounds (multiplication)
Calculating: 1+1*3-2+6-4:2*1+2*9-1+2*6+3*6
Solving node: 1*3
x: 1
y: 3
Solving node: 4:2
x: 4
y: 2
Solving node: 2*1
x: 2
y: 1
Solving node: 2*9
x: 2
y: 9
Solving node: 2*6
x: 2
y: 6
Solving node: 3*6
x: 3
y: 6
Solving node: 1+3
x: 1
y: 3
Solving node: 4-2
x: 4
y: 2
Solving node: 2+6
x: 2
y: 6
Solving node: 8-2
x: 8
y: 2
Solving node: 6+18
x: 6
y: 18
Solving node: 24-1
x: 24
y: 1
Solving node: 23+12
x: 23
y: 12
Solving node: 35+18
x: 35
y: 18
Solving node: 1*3
x: 1
y: 3
Solving node: 4:2
x: 4
y: 2
Solving node: 2*1
x: 2
y: 1
Solving node: 2*9
x: 2
y: 9
Solving node: 2*6
x: 2
y: 6
Solving node: 3*6
x: 3
y: 6
Solving node: 1+3
x: 1
y: 3
Solving node: 4-2
x: 4
y: 2
Solving node: 2+6
x: 2
y: 6
Solving node: 8-2
x: 8
y: 2
Solving node: 6+18
x: 6
y: 18
Solving node: 24-1
x: 24
y: 1
Solving node: 1*3
x: 1
y: 3
Solving node: 4:2
x: 4
y: 2
Solving node: 2*1
x: 2
y: 1
Solving node: 2*9
x: 2
y: 9
Solving node: 2*6
x: 2
y: 6
Solving node: 3*6
x: 3
y: 6
Solving node: 1+3
x: 1
y: 3
Solving node: 4-2
x: 4
y: 2
Solving node: 2+6
x: 2
y: 6
Solving node: 8-2
x: 8
y: 2
Solving node: 6+18
x: 6
y: 18
Solving node: 24-1
x: 24
y: 1
Solving node: 23+12
x: 23
y: 12
Solving node: 35+18
x: 35
y: 18
Difference: 53
Calculating: 1+1*3-2+6-4:2*1+2*9-1+2*6+3*6:3
Solving node: 1*3
x: 1
y: 3
Solving node: 4:2
x: 4
y: 2
Solving node: 2*1
x: 2
y: 1
Solving node: 2*9
x: 2
y: 9
Solving node: 2*6
x: 2
y: 6
Solving node: 3*6
x: 3
y: 6
Solving node: 18:3
x: 18
y: 3
Solving node: 1+3
x: 1
y: 3
Solving node: 4-2
x: 4
y: 2
Solving node: 2+6
x: 2
y: 6
Solving node: 8-2
x: 8
y: 2
Solving node: 6+18
x: 6
y: 18
Solving node: 24-1
x: 24
y: 1
Solving node: 23+12
x: 23
y: 12
Solving node: 35+6
x: 35
y: 6
Solving node: 1*3
x: 1
y: 3
Solving node: 4:2
x: 4
y: 2
Solving node: 2*1
x: 2
y: 1
Solving node: 2*9
x: 2
y: 9
Solving node: 2*6
x: 2
y: 6
Solving node: 3*6
x: 3
y: 6
Solving node: 18:3
x: 18
y: 3
Solving node: 1+3
x: 1
y: 3
Solving node: 4-2
x: 4
y: 2
Solving node: 2+6
x: 2
y: 6
Solving node: 8-2
x: 8
y: 2
Solving node: 6+18
x: 6
y: 18
Solving node: 24-1
x: 24
y: 1
Solving node: 1*3
x: 1
y: 3
Solving node: 4:2
x: 4
y: 2
Solving node: 2*1
x: 2
y: 1
Solving node: 2*9
x: 2
y: 9
Solving node: 2*6
x: 2
y: 6
Solving node: 3*6
x: 3
y: 6
Solving node: 18:3
x: 18
y: 3
Solving node: 1+3
x: 1
y: 3
Solving node: 4-2
x: 4
y: 2
Solving node: 2+6
x: 2
y: 6
Solving node: 8-2
x: 8
y: 2
Solving node: 6+18
x: 6
y: 18
Solving node: 24-1
x: 24
y: 1
Solving node: 23+12
x: 23
y: 12
Solving node: 35+6
x: 35
y: 6
Difference: 41
Using default bounds (multiplication)
Calculating: 1+1*3-2+6-4:2*1+2*9-1+2*6+3*6:3*2
Solving node: 1*3
x: 1
y: 3
Solving node: 4:2
x: 4
y: 2
Solving node: 2*1
x: 2
y: 1
Solving node: 2*9
x: 2
y: 9
Solving node: 2*6
x: 2
y: 6
Solving node: 3*6
x: 3
y: 6
Solving node: 18:3
x: 18
y: 3
Solving node: 6*2
x: 6
y: 2
Solving node: 1+3
x: 1
y: 3
Solving node: 4-2
x: 4
y: 2
Solving node: 2+6
x: 2
y: 6
Solving node: 8-2
x: 8
y: 2
Solving node: 6+18
x: 6
y: 18
Solving node: 24-1
x: 24
y: 1
Solving node: 23+12
x: 23
y: 12
Solving node: 35+12
x: 35
y: 12
Originallösung: 1+1*3-2+6-4:2*1+2*9-1+2*6+3*6:3*2 = 47
[7/100] 1+1*3-2+6-4:2*1+2*9-1+2*6+3*6:3*2
Testing equation: 1+1*3-2+6-4:2*1+2*9-1+2*6+3*6:3*2
Checking node: 1*3
Solving node: 1*3
x: 1
y: 3
Checking node: 4:2
Solving node: 4:2
x: 4
y: 2
Checking node: 2*1
Solving node: 2*1
x: 2
y: 1
Checking node: 2*9
Solving node: 2*9
x: 2
y: 9
Checking node: 2*6
Solving node: 2*6
x: 2
y: 6
Checking node: 3*6
Solving node: 3*6
x: 3
y: 6
Checking node: 18:3
Solving node: 18:3
x: 18
y: 3
Checking node: 6*2
Solving node: 6*2
x: 6
y: 2
Checking node: 1+3
Solving node: 1+3
x: 1
y: 3
Checking node: 4-2
Solving node: 4-2
x: 4
y: 2
Checking node: 2+6
Solving node: 2+6
x: 2
y: 6
Checking node: 8-2
Solving node: 8-2
x: 8
y: 2
Checking node: 6+18
Solving node: 6+18
x: 6
y: 18
Checking node: 24-1
Solving node: 24-1
x: 24
y: 1
Checking node: 23+12
Solving node: 23+12
x: 23
y: 12
Checking node: 35+12
Solving node: 35+12
x: 35
y: 12
Checking node: 1+1
Checking node: 1*3
Checking node: 3-2
Checking node: 2+6
Checking node: 6-4
Checking node: 4:2
Checking node: 2*1
Checking node: 1+2
Checking node: 2*9
Checking node: 9-1
Checking node: 1+2
Checking node: 2*6
Checking node: 6+3
Checking node: 3*6
Checking node: 6:3
Checking node: 3*2
Difference: 8
Using default bounds (multiplication)
Calculating: 8*7
Solving node: 8*7
x: 8
y: 7
Solving node: 8*7
x: 8
y: 7
Solving node: 8*7
x: 8
y: 7
Difference: 56
Last: 7; Last sum: 56
Calculating: 8*7-4
Solving node: 8*7
x: 8
y: 7
Solving node: 56-4
x: 56
y: 4
Solving node: 8*7
x: 8
y: 7
Solving node: 56-4
x: 56
y: 4
Solving node: 8*7
x: 8
y: 7
Difference: 56-4
Calculating: 8*7-4+4
Solving node: 8*7
x: 8
y: 7
Solving node: 56-4
x: 56
y: 4
Solving node: 52+4
x: 52
y: 4
Solving node: 8*7
x: 8
y: 7
Solving node: 56-4
x: 56
y: 4
Solving node: 8*7
x: 8
y: 7
Solving node: 56-4
x: 56
y: 4
Solving node: 52+4
x: 52
y: 4
Difference: 56
Calculating: 8*7-4+4:1
Solving node: 8*7
x: 8
y: 7
Solving node: 4:1
x: 4
y: 1
Solving node: 56-4
x: 56
y: 4
Solving node: 52+4
x: 52
y: 4
Solving node: 8*7
x: 8
y: 7
Solving node: 4:1
x: 4
y: 1
Solving node: 56-4
x: 56
y: 4
Solving node: 8*7
x: 8
y: 7
Solving node: 4:1
x: 4
y: 1
Solving node: 56-4
x: 56
y: 4
Solving node: 52+4
x: 52
y: 4
Difference: 56
Calculating: 8*7-4+4:1+7
Solving node: 8*7
x: 8
y: 7
Solving node: 4:1
x: 4
y: 1
Solving node: 56-4
x: 56
y: 4
Solving node: 52+4
x: 52
y: 4
Solving node: 56+7
x: 56
y: 7
Solving node: 8*7
x: 8
y: 7
Solving node: 4:1
x: 4
y: 1
Solving node: 56-4
x: 56
y: 4
Solving node: 8*7
x: 8
y: 7
Solving node: 4:1
x: 4
y: 1
Solving node: 56-4
x: 56
y: 4
Solving node: 52+4
x: 52
y: 4
Solving node: 56+7
x: 56
y: 7
Difference: 63
Last: 7; Last sum: 7
Calculating: 8*7-4+4:1+7-6
Solving node: 8*7
x: 8
y: 7
Solving node: 4:1
x: 4
y: 1
Solving node: 56-4
x: 56
y: 4
Solving node: 52+4
x: 52
y: 4
Solving node: 56+7
x: 56
y: 7
Solving node: 63-6
x: 63
y: 6
Solving node: 8*7
x: 8
y: 7
Solving node: 4:1
x: 4
y: 1
Solving node: 56-4
x: 56
y: 4
Solving node: 52+4
x: 52
y: 4
Solving node: 56+7
x: 56
y: 7
Solving node: 63-6
x: 63
y: 6
Solving node: 8*7
x: 8
y: 7
Solving node: 4:1
x: 4
y: 1
Solving node: 56-4
x: 56
y: 4
Solving node: 52+4
x: 52
y: 4
Solving node: 56+7
x: 56
y: 7
Difference: 63-6
Previous index: -1 | Last operator index: 2
Calculating: 8*7-4+4:1+7-6:2
Solving node: 8*7
x: 8
y: 7
Solving node: 4:1
x: 4
y: 1
Solving node: 6:2
x: 6
y: 2
Solving node: 56-4
x: 56
y: 4
Solving node: 52+4
x: 52
y: 4
Solving node: 56+7
x: 56
y: 7
Solving node: 63-3
x: 63
y: 3
Solving node: 8*7
x: 8
y: 7
Solving node: 4:1
x: 4
y: 1
Solving node: 6:2
x: 6
y: 2
Solving node: 56-4
x: 56
y: 4
Solving node: 52+4
x: 52
y: 4
Solving node: 56+7
x: 56
y: 7
Solving node: 63-3
x: 63
y: 3
Solving node: 8*7
x: 8
y: 7
Solving node: 4:1
x: 4
y: 1
Solving node: 6:2
x: 6
y: 2
Solving node: 56-4
x: 56
y: 4
Solving node: 52+4
x: 52
y: 4
Solving node: 56+7
x: 56
y: 7
Difference: 63-3
Calculating: 8*7-4+4:1+7-6:2+4
Solving node: 8*7
x: 8
y: 7
Solving node: 4:1
x: 4
y: 1
Solving node: 6:2
x: 6
y: 2
Solving node: 56-4
x: 56
y: 4
Solving node: 52+4
x: 52
y: 4
Solving node: 56+7
x: 56
y: 7
Solving node: 63-3
x: 63
y: 3
Solving node: 60+4
x: 60
y: 4
Solving node: 8*7
x: 8
y: 7
Solving node: 4:1
x: 4
y: 1
Solving node: 6:2
x: 6
y: 2
Solving node: 56-4
x: 56
y: 4
Solving node: 52+4
x: 52
y: 4
Solving node: 56+7
x: 56
y: 7
Solving node: 63-3
x: 63
y: 3
Solving node: 8*7
x: 8
y: 7
Solving node: 4:1
x: 4
y: 1
Solving node: 6:2
x: 6
y: 2
Solving node: 56-4
x: 56
y: 4
Solving node: 52+4
x: 52
y: 4
Solving node: 56+7
x: 56
y: 7
Solving node: 63-3
x: 63
y: 3
Solving node: 60+4
x: 60
y: 4
Difference: 64
Calculating: 8*7-4+4:1+7-6:2+4:1
Solving node: 8*7
x: 8
y: 7
Solving node: 4:1
x: 4
y: 1
Solving node: 6:2
x: 6
y: 2
Solving node: 4:1
x: 4
y: 1
Solving node: 56-4
x: 56
y: 4
Solving node: 52+4
x: 52
y: 4
Solving node: 56+7
x: 56
y: 7
Solving node: 63-3
x: 63
y: 3
Solving node: 60+4
x: 60
y: 4
Solving node: 8*7
x: 8
y: 7
Solving node: 4:1
x: 4
y: 1
Solving node: 6:2
x: 6
y: 2
Solving node: 4:1
x: 4
y: 1
Solving node: 56-4
x: 56
y: 4
Solving node: 52+4
x: 52
y: 4
Solving node: 56+7
x: 56
y: 7
Solving node: 63-3
x: 63
y: 3
Solving node: 8*7
x: 8
y: 7
Solving node: 4:1
x: 4
y: 1
Solving node: 6:2
x: 6
y: 2
Solving node: 4:1
x: 4
y: 1
Solving node: 56-4
x: 56
y: 4
Solving node: 52+4
x: 52
y: 4
Solving node: 56+7
x: 56
y: 7
Solving node: 63-3
x: 63
y: 3
Solving node: 60+4
x: 60
y: 4
Difference: 64
Calculating: 8*7-4+4:1+7-6:2+4:1+3
Solving node: 8*7
x: 8
y: 7
Solving node: 4:1
x: 4
y: 1
Solving node: 6:2
x: 6
y: 2
Solving node: 4:1
x: 4
y: 1
Solving node: 56-4
x: 56
y: 4
Solving node: 52+4
x: 52
y: 4
Solving node: 56+7
x: 56
y: 7
Solving node: 63-3
x: 63
y: 3
Solving node: 60+4
x: 60
y: 4
Solving node: 64+3
x: 64
y: 3
Solving node: 8*7
x: 8
y: 7
Solving node: 4:1
x: 4
y: 1
Solving node: 6:2
x: 6
y: 2
Solving node: 4:1
x: 4
y: 1
Solving node: 56-4
x: 56
y: 4
Solving node: 52+4
x: 52
y: 4
Solving node: 56+7
x: 56
y: 7
Solving node: 63-3
x: 63
y: 3
Solving node: 8*7
x: 8
y: 7
Solving node: 4:1
x: 4
y: 1
Solving node: 6:2
x: 6
y: 2
Solving node: 4:1
x: 4
y: 1
Solving node: 56-4
x: 56
y: 4
Solving node: 52+4
x: 52
y: 4
Solving node: 56+7
x: 56
y: 7
Solving node: 63-3
x: 63
y: 3
Solving node: 60+4
x: 60
y: 4
Solving node: 64+3
x: 64
y: 3
Difference: 67
Using default bounds (multiplication)
Calculating: 8*7-4+4:1+7-6:2+4:1+3*3
Solving node: 8*7
x: 8
y: 7
Solving node: 4:1
x: 4
y: 1
Solving node: 6:2
x: 6
y: 2
Solving node: 4:1
x: 4
y: 1
Solving node: 3*3
x: 3
y: 3
Solving node: 56-4
x: 56
y: 4
Solving node: 52+4
x: 52
y: 4
Solving node: 56+7
x: 56
y: 7
Solving node: 63-3
x: 63
y: 3
Solving node: 60+4
x: 60
y: 4
Solving node: 64+9
x: 64
y: 9
Solving node: 8*7
x: 8
y: 7
Solving node: 4:1
x: 4
y: 1
Solving node: 6:2
x: 6
y: 2
Solving node: 4:1
x: 4
y: 1
Solving node: 3*3
x: 3
y: 3
Solving node: 56-4
x: 56
y: 4
Solving node: 52+4
x: 52
y: 4
Solving node: 56+7
x: 56
y: 7
Solving node: 63-3
x: 63
y: 3
Solving node: 8*7
x: 8
y: 7
Solving node: 4:1
x: 4
y: 1
Solving node: 6:2
x: 6
y: 2
Solving node: 4:1
x: 4
y: 1
Solving node: 3*3
x: 3
y: 3
Solving node: 56-4
x: 56
y: 4
Solving node: 52+4
x: 52
y: 4
Solving node: 56+7
x: 56
y: 7
Solving node: 63-3
x: 63
y: 3
Solving node: 60+4
x: 60
y: 4
Solving node: 64+9
x: 64
y: 9
Difference: 73
Last: 3; Last sum: 9
Calculating: 8*7-4+4:1+7-6:2+4:1+3*3-2
Solving node: 8*7
x: 8
y: 7
Solving node: 4:1
x: 4
y: 1
Solving node: 6:2
x: 6
y: 2
Solving node: 4:1
x: 4
y: 1
Solving node: 3*3
x: 3
y: 3
Solving node: 56-4
x: 56
y: 4
Solving node: 52+4
x: 52
y: 4
Solving node: 56+7
x: 56
y: 7
Solving node: 63-3
x: 63
y: 3
Solving node: 60+4
x: 60
y: 4
Solving node: 64+9
x: 64
y: 9
Solving node: 73-2
x: 73
y: 2
Solving node: 8*7
x: 8
y: 7
Solving node: 4:1
x: 4
y: 1
Solving node: 6:2
x: 6
y: 2
Solving node: 4:1
x: 4
y: 1
Solving node: 3*3
x: 3
y: 3
Solving node: 56-4
x: 56
y: 4
Solving node: 52+4
x: 52
y: 4
Solving node: 56+7
x: 56
y: 7
Solving node: 63-3
x: 63
y: 3
Solving node: 60+4
x: 60
y: 4
Solving node: 64+9
x: 64
y: 9
Solving node: 73-2
x: 73
y: 2
Solving node: 8*7
x: 8
y: 7
Solving node: 4:1
x: 4
y: 1
Solving node: 6:2
x: 6
y: 2
Solving node: 4:1
x: 4
y: 1
Solving node: 3*3
x: 3
y: 3
Solving node: 56-4
x: 56
y: 4
Solving node: 52+4
x: 52
y: 4
Solving node: 56+7
x: 56
y: 7
Solving node: 63-3
x: 63
y: 3
Solving node: 60+4
x: 60
y: 4
Solving node: 64+9
x: 64
y: 9
Difference: 73-2
Calculating: 8*7-4+4:1+7-6:2+4:1+3*3-2+6
Solving node: 8*7
x: 8
y: 7
Solving node: 4:1
x: 4
y: 1
Solving node: 6:2
x: 6
y: 2
Solving node: 4:1
x: 4
y: 1
Solving node: 3*3
x: 3
y: 3
Solving node: 56-4
x: 56
y: 4
Solving node: 52+4
x: 52
y: 4
Solving node: 56+7
x: 56
y: 7
Solving node: 63-3
x: 63
y: 3
Solving node: 60+4
x: 60
y: 4
Solving node: 64+9
x: 64
y: 9
Solving node: 73-2
x: 73
y: 2
Solving node: 71+6
x: 71
y: 6
Solving node: 8*7
x: 8
y: 7
Solving node: 4:1
x: 4
y: 1
Solving node: 6:2
x: 6
y: 2
Solving node: 4:1
x: 4
y: 1
Solving node: 3*3
x: 3
y: 3
Solving node: 56-4
x: 56
y: 4
Solving node: 52+4
x: 52
y: 4
Solving node: 56+7
x: 56
y: 7
Solving node: 63-3
x: 63
y: 3
Solving node: 60+4
x: 60
y: 4
Solving node: 64+9
x: 64
y: 9
Solving node: 73-2
x: 73
y: 2
Solving node: 8*7
x: 8
y: 7
Solving node: 4:1
x: 4
y: 1
Solving node: 6:2
x: 6
y: 2
Solving node: 4:1
x: 4
y: 1
Solving node: 3*3
x: 3
y: 3
Solving node: 56-4
x: 56
y: 4
Solving node: 52+4
x: 52
y: 4
Solving node: 56+7
x: 56
y: 7
Solving node: 63-3
x: 63
y: 3
Solving node: 60+4
x: 60
y: 4
Solving node: 64+9
x: 64
y: 9
Solving node: 73-2
x: 73
y: 2
Solving node: 71+6
x: 71
y: 6
Difference: 77
Using default bounds (multiplication)
Calculating: 8*7-4+4:1+7-6:2+4:1+3*3-2+6*9
Solving node: 8*7
x: 8
y: 7
Solving node: 4:1
x: 4
y: 1
Solving node: 6:2
x: 6
y: 2
Solving node: 4:1
x: 4
y: 1
Solving node: 3*3
x: 3
y: 3
Solving node: 6*9
x: 6
y: 9
Solving node: 56-4
x: 56
y: 4
Solving node: 52+4
x: 52
y: 4
Solving node: 56+7
x: 56
y: 7
Solving node: 63-3
x: 63
y: 3
Solving node: 60+4
x: 60
y: 4
Solving node: 64+9
x: 64
y: 9
Solving node: 73-2
x: 73
y: 2
Solving node: 71+54
x: 71
y: 54
Solving node: 8*7
x: 8
y: 7
Solving node: 4:1
x: 4
y: 1
Solving node: 6:2
x: 6
y: 2
Solving node: 4:1
x: 4
y: 1
Solving node: 3*3
x: 3
y: 3
Solving node: 6*9
x: 6
y: 9
Solving node: 56-4
x: 56
y: 4
Solving node: 52+4
x: 52
y: 4
Solving node: 56+7
x: 56
y: 7
Solving node: 63-3
x: 63
y: 3
Solving node: 60+4
x: 60
y: 4
Solving node: 64+9
x: 64
y: 9
Solving node: 73-2
x: 73
y: 2
Solving node: 8*7
x: 8
y: 7
Solving node: 4:1
x: 4
y: 1
Solving node: 6:2
x: 6
y: 2
Solving node: 4:1
x: 4
y: 1
Solving node: 3*3
x: 3
y: 3
Solving node: 6*9
x: 6
y: 9
Solving node: 56-4
x: 56
y: 4
Solving node: 52+4
x: 52
y: 4
Solving node: 56+7
x: 56
y: 7
Solving node: 63-3
x: 63
y: 3
Solving node: 60+4
x: 60
y: 4
Solving node: 64+9
x: 64
y: 9
Solving node: 73-2
x: 73
y: 2
Solving node: 71+54
x: 71
y: 54
Difference: 125
Last: 9; Last sum: 54
Calculating: 8*7-4+4:1+7-6:2+4:1+3*3-2+6*9-6
Solving node: 8*7
x: 8
y: 7
Solving node: 4:1
x: 4
y: 1
Solving node: 6:2
x: 6
y: 2
Solving node: 4:1
x: 4
y: 1
Solving node: 3*3
x: 3
y: 3
Solving node: 6*9
x: 6
y: 9
Solving node: 56-4
x: 56
y: 4
Solving node: 52+4
x: 52
y: 4
Solving node: 56+7
x: 56
y: 7
Solving node: 63-3
x: 63
y: 3
Solving node: 60+4
x: 60
y: 4
Solving node: 64+9
x: 64
y: 9
Solving node: 73-2
x: 73
y: 2
Solving node: 71+54
x: 71
y: 54
Solving node: 125-6
x: 125
y: 6
Solving node: 8*7
x: 8
y: 7
Solving node: 4:1
x: 4
y: 1
Solving node: 6:2
x: 6
y: 2
Solving node: 4:1
x: 4
y: 1
Solving node: 3*3
x: 3
y: 3
Solving node: 6*9
x: 6
y: 9
Solving node: 56-4
x: 56
y: 4
Solving node: 52+4
x: 52
y: 4
Solving node: 56+7
x: 56
y: 7
Solving node: 63-3
x: 63
y: 3
Solving node: 60+4
x: 60
y: 4
Solving node: 64+9
x: 64
y: 9
Solving node: 73-2
x: 73
y: 2
Solving node: 71+54
x: 71
y: 54
Solving node: 125-6
x: 125
y: 6
Solving node: 8*7
x: 8
y: 7
Solving node: 4:1
x: 4
y: 1
Solving node: 6:2
x: 6
y: 2
Solving node: 4:1
x: 4
y: 1
Solving node: 3*3
x: 3
y: 3
Solving node: 6*9
x: 6
y: 9
Solving node: 56-4
x: 56
y: 4
Solving node: 52+4
x: 52
y: 4
Solving node: 56+7
x: 56
y: 7
Solving node: 63-3
x: 63
y: 3
Solving node: 60+4
x: 60
y: 4
Solving node: 64+9
x: 64
y: 9
Solving node: 73-2
x: 73
y: 2
Solving node: 71+54
x: 71
y: 54
Difference: 125-6
Previous index: -1 | Last operator index: 3
Calculating: 8*7-4+4:1+7-6:2+4:1+3*3-2+6*9-6:1
Solving node: 8*7
x: 8
y: 7
Solving node: 4:1
x: 4
y: 1
Solving node: 6:2
x: 6
y: 2
Solving node: 4:1
x: 4
y: 1
Solving node: 3*3
x: 3
y: 3
Solving node: 6*9
x: 6
y: 9
Solving node: 6:1
x: 6
y: 1
Solving node: 56-4
x: 56
y: 4
Solving node: 52+4
x: 52
y: 4
Solving node: 56+7
x: 56
y: 7
Solving node: 63-3
x: 63
y: 3
Solving node: 60+4
x: 60
y: 4
Solving node: 64+9
x: 64
y: 9
Solving node: 73-2
x: 73
y: 2
Solving node: 71+54
x: 71
y: 54
Solving node: 125-6
x: 125
y: 6
Originallösung: 8*7-4+4:1+7-6:2+4:1+3*3-2+6*9-6:1 = 119
[8/100] 8*7-4+4:1+7-6:2+4:1+3*3-2+6*9-6:1
Testing equation: 8*7-4+4:1+7-6:2+4:1+3*3-2+6*9-6:1
Checking node: 8*7
Solving node: 8*7
x: 8
y: 7
Checking node: 4:1
Solving node: 4:1
x: 4
y: 1
Checking node: 6:2
Solving node: 6:2
x: 6
y: 2
Checking node: 4:1
Solving node: 4:1
x: 4
y: 1
Checking node: 3*3
Solving node: 3*3
x: 3
y: 3
Checking node: 6*9
Solving node: 6*9
x: 6
y: 9
Checking node: 6:1
Solving node: 6:1
x: 6
y: 1
Checking node: 56-4
Solving node: 56-4
x: 56
y: 4
Checking node: 52+4
Solving node: 52+4
x: 52
y: 4
Checking node: 56+7
Solving node: 56+7
x: 56
y: 7
Checking node: 63-3
Solving node: 63-3
x: 63
y: 3
Checking node: 60+4
Solving node: 60+4
x: 60
y: 4
Checking node: 64+9
Solving node: 64+9
x: 64
y: 9
Checking node: 73-2
Solving node: 73-2
x: 73
y: 2
Checking node: 71+54
Solving node: 71+54
x: 71
y: 54
Checking node: 125-6
Solving node: 125-6
x: 125
y: 6
Checking node: 8*7
Checking node: 7-4
Checking node: 4+4
Checking node: 4:1
Checking node: 1+7
Checking node: 7-6
Checking node: 6:2
Checking node: 2+4
Checking node: 4:1
Checking node: 1+3
Checking node: 3*3
Checking node: 3-2
Checking node: 2+6
Checking node: 6*9
Checking node: 9-6
Checking node: 6:1
Difference: 9
Calculating: 9+2
Solving node: 9+2
x: 9
y: 2
Solving node: 9+2
x: 9
y: 2
Difference: 11
Using default bounds (multiplication)
Calculating: 9+2*6
Solving node: 2*6
x: 2
y: 6
Solving node: 9+12
x: 9
y: 12
Solving node: 2*6
x: 2
y: 6
Solving node: 2*6
x: 2
y: 6
Solving node: 9+12
x: 9
y: 12
Difference: 21
Last: 6; Last sum: 12
Calculating: 9+2*6-4
Solving node: 2*6
x: 2
y: 6
Solving node: 9+12
x: 9
y: 12
Solving node: 21-4
x: 21
y: 4
Solving node: 2*6
x: 2
y: 6
Solving node: 9+12
x: 9
y: 12
Solving node: 21-4
x: 21
y: 4
Solving node: 2*6
x: 2
y: 6
Solving node: 9+12
x: 9
y: 12
Difference: 21-4
Calculating: 9+2*6-4+1
Solving node: 2*6
x: 2
y: 6
Solving node: 9+12
x: 9
y: 12
Solving node: 21-4
x: 21
y: 4
Solving node: 17+1
x: 17
y: 1
Solving node: 2*6
x: 2
y: 6
Solving node: 9+12
x: 9
y: 12
Solving node: 21-4
x: 21
y: 4
Solving node: 2*6
x: 2
y: 6
Solving node: 9+12
x: 9
y: 12
Solving node: 21-4
x: 21
y: 4
Solving node: 17+1
x: 17
y: 1
Difference: 18
Using default bounds (multiplication)
Calculating: 9+2*6-4+1*2
Solving node: 2*6
x: 2
y: 6
Solving node: 1*2
x: 1
y: 2
Solving node: 9+12
x: 9
y: 12
Solving node: 21-4
x: 21
y: 4
Solving node: 17+2
x: 17
y: 2
Solving node: 2*6
x: 2
y: 6
Solving node: 1*2
x: 1
y: 2
Solving node: 9+12
x: 9
y: 12
Solving node: 21-4
x: 21
y: 4
Solving node: 2*6
x: 2
y: 6
Solving node: 1*2
x: 1
y: 2
Solving node: 9+12
x: 9
y: 12
Solving node: 21-4
x: 21
y: 4
Solving node: 17+2
x: 17
y: 2
Difference: 19
Calculating: 9+2*6-4+1*2+8
Solving node: 2*6
x: 2
y: 6
Solving node: 1*2
x: 1
y: 2
Solving node: 9+12
x: 9
y: 12
Solving node: 21-4
x: 21
y: 4
Solving node: 17+2
x: 17
y: 2
Solving node: 19+8
x: 19
y: 8
Solving node: 2*6
x: 2
y: 6
Solving node: 1*2
x: 1
y: 2
Solving node: 9+12
x: 9
y: 12
Solving node: 21-4
x: 21
y: 4
Solving node: 2*6
x: 2
y: 6
Solving node: 1*2
x: 1
y: 2
Solving node: 9+12
x: 9
y: 12
Solving node: 21-4
x: 21
y: 4
Solving node: 17+2
x: 17
y: 2
Solving node: 19+8
x: 19
y: 8
Difference: 27
Using default bounds (multiplication)
Calculating: 9+2*6-4+1*2+8*5
Solving node: 2*6
x: 2
y: 6
Solving node: 1*2
x: 1
y: 2
Solving node: 8*5
x: 8
y: 5
Solving node: 9+12
x: 9
y: 12
Solving node: 21-4
x: 21
y: 4
Solving node: 17+2
x: 17
y: 2
Solving node: 19+40
x: 19
y: 40
Solving node: 2*6
x: 2
y: 6
Solving node: 1*2
x: 1
y: 2
Solving node: 8*5
x: 8
y: 5
Solving node: 9+12
x: 9
y: 12
Solving node: 21-4
x: 21
y: 4
Solving node: 2*6
x: 2
y: 6
Solving node: 1*2
x: 1
y: 2
Solving node: 8*5
x: 8
y: 5
Solving node: 9+12
x: 9
y: 12
Solving node: 21-4
x: 21
y: 4
Solving node: 17+2
x: 17
y: 2
Solving node: 19+40
x: 19
y: 40
Difference: 59
Last: 5; Last sum: 40
Calculating: 9+2*6-4+1*2+8*5-3
Solving node: 2*6
x: 2
y: 6
Solving node: 1*2
x: 1
y: 2
Solving node: 8*5
x: 8
y: 5
Solving node: 9+12
x: 9
y: 12
Solving node: 21-4
x: 21
y: 4
Solving node: 17+2
x: 17
y: 2
Solving node: 19+40
x: 19
y: 40
Solving node: 59-3
x: 59
y: 3
Solving node: 2*6
x: 2
y: 6
Solving node: 1*2
x: 1
y: 2
Solving node: 8*5
x: 8
y: 5
Solving node: 9+12
x: 9
y: 12
Solving node: 21-4
x: 21
y: 4
Solving node: 17+2
x: 17
y: 2
Solving node: 19+40
x: 19
y: 40
Solving node: 59-3
x: 59
y: 3
Solving node: 2*6
x: 2
y: 6
Solving node: 1*2
x: 1
y: 2
Solving node: 8*5
x: 8
y: 5
Solving node: 9+12
x: 9
y: 12
Solving node: 21-4
x: 21
y: 4
Solving node: 17+2
x: 17
y: 2
Solving node: 19+40
x: 19
y: 40
Difference: 59-3
Calculating bounds (multiplication)
Previous index: -1 | Last operator index: 2
Upper bound: 3
Calculating: 9+2*6-4+1*2+8*5-3*2
Solving node: 2*6
x: 2
y: 6
Solving node: 1*2
x: 1
y: 2
Solving node: 8*5
x: 8
y: 5
Solving node: 3*2
x: 3
y: 2
Solving node: 9+12
x: 9
y: 12
Solving node: 21-4
x: 21
y: 4
Solving node: 17+2
x: 17
y: 2
Solving node: 19+40
x: 19
y: 40
Solving node: 59-6
x: 59
y: 6
Solving node: 2*6
x: 2
y: 6
Solving node: 1*2
x: 1
y: 2
Solving node: 8*5
x: 8
y: 5
Solving node: 3*2
x: 3
y: 2
Solving node: 9+12
x: 9
y: 12
Solving node: 21-4
x: 21
y: 4
Solving node: 17+2
x: 17
y: 2
Solving node: 19+40
x: 19
y: 40
Solving node: 59-6
x: 59
y: 6
Solving node: 2*6
x: 2
y: 6
Solving node: 1*2
x: 1
y: 2
Solving node: 8*5
x: 8
y: 5
Solving node: 3*2
x: 3
y: 2
Solving node: 9+12
x: 9
y: 12
Solving node: 21-4
x: 21
y: 4
Solving node: 17+2
x: 17
y: 2
Solving node: 19+40
x: 19
y: 40
Difference: 59-6
Calculating: 9+2*6-4+1*2+8*5-3*2+2
Solving node: 2*6
x: 2
y: 6
Solving node: 1*2
x: 1
y: 2
Solving node: 8*5
x: 8
y: 5
Solving node: 3*2
x: 3
y: 2
Solving node: 9+12
x: 9
y: 12
Solving node: 21-4
x: 21
y: 4
Solving node: 17+2
x: 17
y: 2
Solving node: 19+40
x: 19
y: 40
Solving node: 59-6
x: 59
y: 6
Solving node: 53+2
x: 53
y: 2
Solving node: 2*6
x: 2
y: 6
Solving node: 1*2
x: 1
y: 2
Solving node: 8*5
x: 8
y: 5
Solving node: 3*2
x: 3
y: 2
Solving node: 9+12
x: 9
y: 12
Solving node: 21-4
x: 21
y: 4
Solving node: 17+2
x: 17
y: 2
Solving node: 19+40
x: 19
y: 40
Solving node: 59-6
x: 59
y: 6
Solving node: 2*6
x: 2
y: 6
Solving node: 1*2
x: 1
y: 2
Solving node: 8*5
x: 8
y: 5
Solving node: 3*2
x: 3
y: 2
Solving node: 9+12
x: 9
y: 12
Solving node: 21-4
x: 21
y: 4
Solving node: 17+2
x: 17
y: 2
Solving node: 19+40
x: 19
y: 40
Solving node: 59-6
x: 59
y: 6
Solving node: 53+2
x: 53
y: 2
Difference: 55
Using default bounds (multiplication)
Calculating: 9+2*6-4+1*2+8*5-3*2+2*6
Solving node: 2*6
x: 2
y: 6
Solving node: 1*2
x: 1
y: 2
Solving node: 8*5
x: 8
y: 5
Solving node: 3*2
x: 3
y: 2
Solving node: 2*6
x: 2
y: 6
Solving node: 9+12
x: 9
y: 12
Solving node: 21-4
x: 21
y: 4
Solving node: 17+2
x: 17
y: 2
Solving node: 19+40
x: 19
y: 40
Solving node: 59-6
x: 59
y: 6
Solving node: 53+12
x: 53
y: 12
Solving node: 2*6
x: 2
y: 6
Solving node: 1*2
x: 1
y: 2
Solving node: 8*5
x: 8
y: 5
Solving node: 3*2
x: 3
y: 2
Solving node: 2*6
x: 2
y: 6
Solving node: 9+12
x: 9
y: 12
Solving node: 21-4
x: 21
y: 4
Solving node: 17+2
x: 17
y: 2
Solving node: 19+40
x: 19
y: 40
Solving node: 59-6
x: 59
y: 6
Solving node: 2*6
x: 2
y: 6
Solving node: 1*2
x: 1
y: 2
Solving node: 8*5
x: 8
y: 5
Solving node: 3*2
x: 3
y: 2
Solving node: 2*6
x: 2
y: 6
Solving node: 9+12
x: 9
y: 12
Solving node: 21-4
x: 21
y: 4
Solving node: 17+2
x: 17
y: 2
Solving node: 19+40
x: 19
y: 40
Solving node: 59-6
x: 59
y: 6
Solving node: 53+12
x: 53
y: 12
Difference: 65
Calculating: 9+2*6-4+1*2+8*5-3*2+2*6+2
Solving node: 2*6
x: 2
y: 6
Solving node: 1*2
x: 1
y: 2
Solving node: 8*5
x: 8
y: 5
Solving node: 3*2
x: 3
y: 2
Solving node: 2*6
x: 2
y: 6
Solving node: 9+12
x: 9
y: 12
Solving node: 21-4
x: 21
y: 4
Solving node: 17+2
x: 17
y: 2
Solving node: 19+40
x: 19
y: 40
Solving node: 59-6
x: 59
y: 6
Solving node: 53+12
x: 53
y: 12
Solving node: 65+2
x: 65
y: 2
Solving node: 2*6
x: 2
y: 6
Solving node: 1*2
x: 1
y: 2
Solving node: 8*5
x: 8
y: 5
Solving node: 3*2
x: 3
y: 2
Solving node: 2*6
x: 2
y: 6
Solving node: 9+12
x: 9
y: 12
Solving node: 21-4
x: 21
y: 4
Solving node: 17+2
x: 17
y: 2
Solving node: 19+40
x: 19
y: 40
Solving node: 59-6
x: 59
y: 6
Solving node: 2*6
x: 2
y: 6
Solving node: 1*2
x: 1
y: 2
Solving node: 8*5
x: 8
y: 5
Solving node: 3*2
x: 3
y: 2
Solving node: 2*6
x: 2
y: 6
Solving node: 9+12
x: 9
y: 12
Solving node: 21-4
x: 21
y: 4
Solving node: 17+2
x: 17
y: 2
Solving node: 19+40
x: 19
y: 40
Solving node: 59-6
x: 59
y: 6
Solving node: 53+12
x: 53
y: 12
Solving node: 65+2
x: 65
y: 2
Difference: 67
Using default bounds (multiplication)
Calculating: 9+2*6-4+1*2+8*5-3*2+2*6+2*1
Solving node: 2*6
x: 2
y: 6
Solving node: 1*2
x: 1
y: 2
Solving node: 8*5
x: 8
y: 5
Solving node: 3*2
x: 3
y: 2
Solving node: 2*6
x: 2
y: 6
Solving node: 2*1
x: 2
y: 1
Solving node: 9+12
x: 9
y: 12
Solving node: 21-4
x: 21
y: 4
Solving node: 17+2
x: 17
y: 2
Solving node: 19+40
x: 19
y: 40
Solving node: 59-6
x: 59
y: 6
Solving node: 53+12
x: 53
y: 12
Solving node: 65+2
x: 65
y: 2
Solving node: 2*6
x: 2
y: 6
Solving node: 1*2
x: 1
y: 2
Solving node: 8*5
x: 8
y: 5
Solving node: 3*2
x: 3
y: 2
Solving node: 2*6
x: 2
y: 6
Solving node: 2*1
x: 2
y: 1
Solving node: 9+12
x: 9
y: 12
Solving node: 21-4
x: 21
y: 4
Solving node: 17+2
x: 17
y: 2
Solving node: 19+40
x: 19
y: 40
Solving node: 59-6
x: 59
y: 6
Solving node: 2*6
x: 2
y: 6
Solving node: 1*2
x: 1
y: 2
Solving node: 8*5
x: 8
y: 5
Solving node: 3*2
x: 3
y: 2
Solving node: 2*6
x: 2
y: 6
Solving node: 2*1
x: 2
y: 1
Solving node: 9+12
x: 9
y: 12
Solving node: 21-4
x: 21
y: 4
Solving node: 17+2
x: 17
y: 2
Solving node: 19+40
x: 19
y: 40
Solving node: 59-6
x: 59
y: 6
Solving node: 53+12
x: 53
y: 12
Solving node: 65+2
x: 65
y: 2
Difference: 67
Calculating: 9+2*6-4+1*2+8*5-3*2+2*6+2*1+9
Solving node: 2*6
x: 2
y: 6
Solving node: 1*2
x: 1
y: 2
Solving node: 8*5
x: 8
y: 5
Solving node: 3*2
x: 3
y: 2
Solving node: 2*6
x: 2
y: 6
Solving node: 2*1
x: 2
y: 1
Solving node: 9+12
x: 9
y: 12
Solving node: 21-4
x: 21
y: 4
Solving node: 17+2
x: 17
y: 2
Solving node: 19+40
x: 19
y: 40
Solving node: 59-6
x: 59
y: 6
Solving node: 53+12
x: 53
y: 12
Solving node: 65+2
x: 65
y: 2
Solving node: 67+9
x: 67
y: 9
Solving node: 2*6
x: 2
y: 6
Solving node: 1*2
x: 1
y: 2
Solving node: 8*5
x: 8
y: 5
Solving node: 3*2
x: 3
y: 2
Solving node: 2*6
x: 2
y: 6
Solving node: 2*1
x: 2
y: 1
Solving node: 9+12
x: 9
y: 12
Solving node: 21-4
x: 21
y: 4
Solving node: 17+2
x: 17
y: 2
Solving node: 19+40
x: 19
y: 40
Solving node: 59-6
x: 59
y: 6
Solving node: 2*6
x: 2
y: 6
Solving node: 1*2
x: 1
y: 2
Solving node: 8*5
x: 8
y: 5
Solving node: 3*2
x: 3
y: 2
Solving node: 2*6
x: 2
y: 6
Solving node: 2*1
x: 2
y: 1
Solving node: 9+12
x: 9
y: 12
Solving node: 21-4
x: 21
y: 4
Solving node: 17+2
x: 17
y: 2
Solving node: 19+40
x: 19
y: 40
Solving node: 59-6
x: 59
y: 6
Solving node: 53+12
x: 53
y: 12
Solving node: 65+2
x: 65
y: 2
Solving node: 67+9
x: 67
y: 9
Difference: 76
Last: 9; Last sum: 9
Calculating: 9+2*6-4+1*2+8*5-3*2+2*6+2*1+9-6
Solving node: 2*6
x: 2
y: 6
Solving node: 1*2
x: 1
y: 2
Solving node: 8*5
x: 8
y: 5
Solving node: 3*2
x: 3
y: 2
Solving node: 2*6
x: 2
y: 6
Solving node: 2*1
x: 2
y: 1
Solving node: 9+12
x: 9
y: 12
Solving node: 21-4
x: 21
y: 4
Solving node: 17+2
x: 17
y: 2
Solving node: 19+40
x: 19
y: 40
Solving node: 59-6
x: 59
y: 6
Solving node: 53+12
x: 53
y: 12
Solving node: 65+2
x: 65
y: 2
Solving node: 67+9
x: 67
y: 9
Solving node: 76-6
x: 76
y: 6
Solving node: 2*6
x: 2
y: 6
Solving node: 1*2
x: 1
y: 2
Solving node: 8*5
x: 8
y: 5
Solving node: 3*2
x: 3
y: 2
Solving node: 2*6
x: 2
y: 6
Solving node: 2*1
x: 2
y: 1
Solving node: 9+12
x: 9
y: 12
Solving node: 21-4
x: 21
y: 4
Solving node: 17+2
x: 17
y: 2
Solving node: 19+40
x: 19
y: 40
Solving node: 59-6
x: 59
y: 6
Solving node: 53+12
x: 53
y: 12
Solving node: 65+2
x: 65
y: 2
Solving node: 67+9
x: 67
y: 9
Solving node: 76-6
x: 76
y: 6
Solving node: 2*6
x: 2
y: 6
Solving node: 1*2
x: 1
y: 2
Solving node: 8*5
x: 8
y: 5
Solving node: 3*2
x: 3
y: 2
Solving node: 2*6
x: 2
y: 6
Solving node: 2*1
x: 2
y: 1
Solving node: 9+12
x: 9
y: 12
Solving node: 21-4
x: 21
y: 4
Solving node: 17+2
x: 17
y: 2
Solving node: 19+40
x: 19
y: 40
Solving node: 59-6
x: 59
y: 6
Solving node: 53+12
x: 53
y: 12
Solving node: 65+2
x: 65
y: 2
Solving node: 67+9
x: 67
y: 9
Difference: 76-6
Previous index: -1 | Last operator index: 2
Calculating: 9+2*6-4+1*2+8*5-3*2+2*6+2*1+9-6:3
Solving node: 2*6
x: 2
y: 6
Solving node: 1*2
x: 1
y: 2
Solving node: 8*5
x: 8
y: 5
Solving node: 3*2
x: 3
y: 2
Solving node: 2*6
x: 2
y: 6
Solving node: 2*1
x: 2
y: 1
Solving node: 6:3
x: 6
y: 3
Solving node: 9+12
x: 9
y: 12
Solving node: 21-4
x: 21
y: 4
Solving node: 17+2
x: 17
y: 2
Solving node: 19+40
x: 19
y: 40
Solving node: 59-6
x: 59
y: 6
Solving node: 53+12
x: 53
y: 12
Solving node: 65+2
x: 65
y: 2
Solving node: 67+9
x: 67
y: 9
Solving node: 76-2
x: 76
y: 2
Originallösung: 9+2*6-4+1*2+8*5-3*2+2*6+2*1+9-6:3 = 74
[9/100] 9+2*6-4+1*2+8*5-3*2+2*6+2*1+9-6:3
Testing equation: 9+2*6-4+1*2+8*5-3*2+2*6+2*1+9-6:3
Checking node: 2*6
Solving node: 2*6
x: 2
y: 6
Checking node: 1*2
Solving node: 1*2
x: 1
y: 2
Checking node: 8*5
Solving node: 8*5
x: 8
y: 5
Checking node: 3*2
Solving node: 3*2
x: 3
y: 2
Checking node: 2*6
Solving node: 2*6
x: 2
y: 6
Checking node: 2*1
Solving node: 2*1
x: 2
y: 1
Checking node: 6:3
Solving node: 6:3
x: 6
y: 3
Checking node: 9+12
Solving node: 9+12
x: 9
y: 12
Checking node: 21-4
Solving node: 21-4
x: 21
y: 4
Checking node: 17+2
Solving node: 17+2
x: 17
y: 2
Checking node: 19+40
Solving node: 19+40
x: 19
y: 40
Checking node: 59-6
Solving node: 59-6
x: 59
y: 6
Checking node: 53+12
Solving node: 53+12
x: 53
y: 12
Checking node: 65+2
Solving node: 65+2
x: 65
y: 2
Checking node: 67+9
Solving node: 67+9
x: 67
y: 9
Checking node: 76-2
Solving node: 76-2
x: 76
y: 2
Checking node: 9+2
Checking node: 2*6
Checking node: 6-4
Checking node: 4+1
Checking node: 1*2
Checking node: 2+8
Checking node: 8*5
Checking node: 5-3
Checking node: 3*2
Checking node: 2+2
Checking node: 2*6
Checking node: 6+2
Checking node: 2*1
Checking node: 1+9
Checking node: 9-6
Checking node: 6:3
Difference: 4
Calculating: 4+7
Solving node: 4+7
x: 4
y: 7
Solving node: 4+7
x: 4
y: 7
Difference: 11
Using default bounds (multiplication)
Calculating: 4+7*6
Solving node: 7*6
x: 7
y: 6
Solving node: 4+42
x: 4
y: 42
Solving node: 7*6
x: 7
y: 6
Solving node: 7*6
x: 7
y: 6
Solving node: 4+42
x: 4
y: 42
Difference: 46
Last: 6; Last sum: 42
Calculating: 4+7*6-2
Solving node: 7*6
x: 7
y: 6
Solving node: 4+42
x: 4
y: 42
Solving node: 46-2
x: 46
y: 2
Solving node: 7*6
x: 7
y: 6
Solving node: 4+42
x: 4
y: 42
Solving node: 46-2
x: 46
y: 2
Solving node: 7*6
x: 7
y: 6
Solving node: 4+42
x: 4
y: 42
Difference: 46-2
Calculating bounds (multiplication)
Previous index: -1 | Last operator index: 2
Upper bound: 2
Calculating: 4+7*6-2*1
Solving node: 7*6
x: 7
y: 6
Solving node: 2*1
x: 2
y: 1
Solving node: 4+42
x: 4
y: 42
Solving node: 46-2
x: 46
y: 2
Solving node: 7*6
x: 7
y: 6
Solving node: 2*1
x: 2
y: 1
Solving node: 4+42
x: 4
y: 42
Solving node: 46-2
x: 46
y: 2
Solving node: 7*6
x: 7
y: 6
Solving node: 2*1
x: 2
y: 1
Solving node: 4+42
x: 4
y: 42
Difference: 46-2
Calculating: 4+7*6-2*1+5
Solving node: 7*6
x: 7
y: 6
Solving node: 2*1
x: 2
y: 1
Solving node: 4+42
x: 4
y: 42
Solving node: 46-2
x: 46
y: 2
Solving node: 44+5
x: 44
y: 5
Solving node: 7*6
x: 7
y: 6
Solving node: 2*1
x: 2
y: 1
Solving node: 4+42
x: 4
y: 42
Solving node: 46-2
x: 46
y: 2
Solving node: 7*6
x: 7
y: 6
Solving node: 2*1
x: 2
y: 1
Solving node: 4+42
x: 4
y: 42
Solving node: 46-2
x: 46
y: 2
Solving node: 44+5
x: 44
y: 5
Difference: 49
Using default bounds (multiplication)
Calculating: 4+7*6-2*1+5*1
Solving node: 7*6
x: 7
y: 6
Solving node: 2*1
x: 2
y: 1
Solving node: 5*1
x: 5
y: 1
Solving node: 4+42
x: 4
y: 42
Solving node: 46-2
x: 46
y: 2
Solving node: 44+5
x: 44
y: 5
Solving node: 7*6
x: 7
y: 6
Solving node: 2*1
x: 2
y: 1
Solving node: 5*1
x: 5
y: 1
Solving node: 4+42
x: 4
y: 42
Solving node: 46-2
x: 46
y: 2
Solving node: 7*6
x: 7
y: 6
Solving node: 2*1
x: 2
y: 1
Solving node: 5*1
x: 5
y: 1
Solving node: 4+42
x: 4
y: 42
Solving node: 46-2
x: 46
y: 2
Solving node: 44+5
x: 44
y: 5
Difference: 49
Calculating: 4+7*6-2*1+5*1+7
Solving node: 7*6
x: 7
y: 6
Solving node: 2*1
x: 2
y: 1
Solving node: 5*1
x: 5
y: 1
Solving node: 4+42
x: 4
y: 42
Solving node: 46-2
x: 46
y: 2
Solving node: 44+5
x: 44
y: 5
Solving node: 49+7
x: 49
y: 7
Solving node: 7*6
x: 7
y: 6
Solving node: 2*1
x: 2
y: 1
Solving node: 5*1
x: 5
y: 1
Solving node: 4+42
x: 4
y: 42
Solving node: 46-2
x: 46
y: 2
Solving node: 7*6
x: 7
y: 6
Solving node: 2*1
x: 2
y: 1
Solving node: 5*1
x: 5
y: 1
Solving node: 4+42
x: 4
y: 42
Solving node: 46-2
x: 46
y: 2
Solving node: 44+5
x: 44
y: 5
Solving node: 49+7
x: 49
y: 7
Difference: 56
Using default bounds (multiplication)
Calculating: 4+7*6-2*1+5*1+7*4
Solving node: 7*6
x: 7
y: 6
Solving node: 2*1
x: 2
y: 1
Solving node: 5*1
x: 5
y: 1
Solving node: 7*4
x: 7
y: 4
Solving node: 4+42
x: 4
y: 42
Solving node: 46-2
x: 46
y: 2
Solving node: 44+5
x: 44
y: 5
Solving node: 49+28
x: 49
y: 28
Solving node: 7*6
x: 7
y: 6
Solving node: 2*1
x: 2
y: 1
Solving node: 5*1
x: 5
y: 1
Solving node: 7*4
x: 7
y: 4
Solving node: 4+42
x: 4
y: 42
Solving node: 46-2
x: 46
y: 2
Solving node: 7*6
x: 7
y: 6
Solving node: 2*1
x: 2
y: 1
Solving node: 5*1
x: 5
y: 1
Solving node: 7*4
x: 7
y: 4
Solving node: 4+42
x: 4
y: 42
Solving node: 46-2
x: 46
y: 2
Solving node: 44+5
x: 44
y: 5
Solving node: 49+28
x: 49
y: 28
Difference: 77
Calculating: 4+7*6-2*1+5*1+7*4:1
Solving node: 7*6
x: 7
y: 6
Solving node: 2*1
x: 2
y: 1
Solving node: 5*1
x: 5
y: 1
Solving node: 7*4
x: 7
y: 4
Solving node: 28:1
x: 28
y: 1
Solving node: 4+42
x: 4
y: 42
Solving node: 46-2
x: 46
y: 2
Solving node: 44+5
x: 44
y: 5
Solving node: 49+28
x: 49
y: 28
Solving node: 7*6
x: 7
y: 6
Solving node: 2*1
x: 2
y: 1
Solving node: 5*1
x: 5
y: 1
Solving node: 7*4
x: 7
y: 4
Solving node: 28:1
x: 28
y: 1
Solving node: 4+42
x: 4
y: 42
Solving node: 46-2
x: 46
y: 2
Solving node: 7*6
x: 7
y: 6
Solving node: 2*1
x: 2
y: 1
Solving node: 5*1
x: 5
y: 1
Solving node: 7*4
x: 7
y: 4
Solving node: 28:1
x: 28
y: 1
Solving node: 4+42
x: 4
y: 42
Solving node: 46-2
x: 46
y: 2
Solving node: 44+5
x: 44
y: 5
Solving node: 49+28
x: 49
y: 28
Difference: 77
Using default bounds (multiplication)
Calculating: 4+7*6-2*1+5*1+7*4:1*8
Solving node: 7*6
x: 7
y: 6
Solving node: 2*1
x: 2
y: 1
Solving node: 5*1
x: 5
y: 1
Solving node: 7*4
x: 7
y: 4
Solving node: 28:1
x: 28
y: 1
Solving node: 28*8
x: 28
y: 8
Solving node: 4+42
x: 4
y: 42
Solving node: 46-2
x: 46
y: 2
Solving node: 44+5
x: 44
y: 5
Solving node: 49+224
x: 49
y: 224
Solving node: 7*6
x: 7
y: 6
Solving node: 2*1
x: 2
y: 1
Solving node: 5*1
x: 5
y: 1
Solving node: 7*4
x: 7
y: 4
Solving node: 28:1
x: 28
y: 1
Solving node: 28*8
x: 28
y: 8
Solving node: 4+42
x: 4
y: 42
Solving node: 46-2
x: 46
y: 2
Solving node: 7*6
x: 7
y: 6
Solving node: 2*1
x: 2
y: 1
Solving node: 5*1
x: 5
y: 1
Solving node: 7*4
x: 7
y: 4
Solving node: 28:1
x: 28
y: 1
Solving node: 28*8
x: 28
y: 8
Solving node: 4+42
x: 4
y: 42
Solving node: 46-2
x: 46
y: 2
Solving node: 44+5
x: 44
y: 5
Solving node: 49+224
x: 49
y: 224
Difference: 273
Calculating: 4+7*6-2*1+5*1+7*4:1*8:4
Solving node: 7*6
x: 7
y: 6
Solving node: 2*1
x: 2
y: 1
Solving node: 5*1
x: 5
y: 1
Solving node: 7*4
x: 7
y: 4
Solving node: 28:1
x: 28
y: 1
Solving node: 28*8
x: 28
y: 8
Solving node: 224:4
x: 224
y: 4
Solving node: 4+42
x: 4
y: 42
Solving node: 46-2
x: 46
y: 2
Solving node: 44+5
x: 44
y: 5
Solving node: 49+56
x: 49
y: 56
Solving node: 7*6
x: 7
y: 6
Solving node: 2*1
x: 2
y: 1
Solving node: 5*1
x: 5
y: 1
Solving node: 7*4
x: 7
y: 4
Solving node: 28:1
x: 28
y: 1
Solving node: 28*8
x: 28
y: 8
Solving node: 224:4
x: 224
y: 4
Solving node: 4+42
x: 4
y: 42
Solving node: 46-2
x: 46
y: 2
Solving node: 7*6
x: 7
y: 6
Solving node: 2*1
x: 2
y: 1
Solving node: 5*1
x: 5
y: 1
Solving node: 7*4
x: 7
y: 4
Solving node: 28:1
x: 28
y: 1
Solving node: 28*8
x: 28
y: 8
Solving node: 224:4
x: 224
y: 4
Solving node: 4+42
x: 4
y: 42
Solving node: 46-2
x: 46
y: 2
Solving node: 44+5
x: 44
y: 5
Solving node: 49+56
x: 49
y: 56
Difference: 105
Last: 4; Last sum: 56
Calculating: 4+7*6-2*1+5*1+7*4:1*8:4-2
Solving node: 7*6
x: 7
y: 6
Solving node: 2*1
x: 2
y: 1
Solving node: 5*1
x: 5
y: 1
Solving node: 7*4
x: 7
y: 4
Solving node: 28:1
x: 28
y: 1
Solving node: 28*8
x: 28
y: 8
Solving node: 224:4
x: 224
y: 4
Solving node: 4+42
x: 4
y: 42
Solving node: 46-2
x: 46
y: 2
Solving node: 44+5
x: 44
y: 5
Solving node: 49+56
x: 49
y: 56
Solving node: 105-2
x: 105
y: 2
Solving node: 7*6
x: 7
y: 6
Solving node: 2*1
x: 2
y: 1
Solving node: 5*1
x: 5
y: 1
Solving node: 7*4
x: 7
y: 4
Solving node: 28:1
x: 28
y: 1
Solving node: 28*8
x: 28
y: 8
Solving node: 224:4
x: 224
y: 4
Solving node: 4+42
x: 4
y: 42
Solving node: 46-2
x: 46
y: 2
Solving node: 44+5
x: 44
y: 5
Solving node: 49+56
x: 49
y: 56
Solving node: 105-2
x: 105
y: 2
Solving node: 7*6
x: 7
y: 6
Solving node: 2*1
x: 2
y: 1
Solving node: 5*1
x: 5
y: 1
Solving node: 7*4
x: 7
y: 4
Solving node: 28:1
x: 28
y: 1
Solving node: 28*8
x: 28
y: 8
Solving node: 224:4
x: 224
y: 4
Solving node: 4+42
x: 4
y: 42
Solving node: 46-2
x: 46
y: 2
Solving node: 44+5
x: 44
y: 5
Solving node: 49+56
x: 49
y: 56
Difference: 105-2
Calculating: 4+7*6-2*1+5*1+7*4:1*8:4-2+1
Solving node: 7*6
x: 7
y: 6
Solving node: 2*1
x: 2
y: 1
Solving node: 5*1
x: 5
y: 1
Solving node: 7*4
x: 7
y: 4
Solving node: 28:1
x: 28
y: 1
Solving node: 28*8
x: 28
y: 8
Solving node: 224:4
x: 224
y: 4
Solving node: 4+42
x: 4
y: 42
Solving node: 46-2
x: 46
y: 2
Solving node: 44+5
x: 44
y: 5
Solving node: 49+56
x: 49
y: 56
Solving node: 105-2
x: 105
y: 2
Solving node: 103+1
x: 103
y: 1
Solving node: 7*6
x: 7
y: 6
Solving node: 2*1
x: 2
y: 1
Solving node: 5*1
x: 5
y: 1
Solving node: 7*4
x: 7
y: 4
Solving node: 28:1
x: 28
y: 1
Solving node: 28*8
x: 28
y: 8
Solving node: 224:4
x: 224
y: 4
Solving node: 4+42
x: 4
y: 42
Solving node: 46-2
x: 46
y: 2
Solving node: 44+5
x: 44
y: 5
Solving node: 49+56
x: 49
y: 56
Solving node: 105-2
x: 105
y: 2
Solving node: 7*6
x: 7
y: 6
Solving node: 2*1
x: 2
y: 1
Solving node: 5*1
x: 5
y: 1
Solving node: 7*4
x: 7
y: 4
Solving node: 28:1
x: 28
y: 1
Solving node: 28*8
x: 28
y: 8
Solving node: 224:4
x: 224
y: 4
Solving node: 4+42
x: 4
y: 42
Solving node: 46-2
x: 46
y: 2
Solving node: 44+5
x: 44
y: 5
Solving node: 49+56
x: 49
y: 56
Solving node: 105-2
x: 105
y: 2
Solving node: 103+1
x: 103
y: 1
Difference: 104
Using default bounds (multiplication)
Calculating: 4+7*6-2*1+5*1+7*4:1*8:4-2+1*5
Solving node: 7*6
x: 7
y: 6
Solving node: 2*1
x: 2
y: 1
Solving node: 5*1
x: 5
y: 1
Solving node: 7*4
x: 7
y: 4
Solving node: 28:1
x: 28
y: 1
Solving node: 28*8
x: 28
y: 8
Solving node: 224:4
x: 224
y: 4
Solving node: 1*5
x: 1
y: 5
Solving node: 4+42
x: 4
y: 42
Solving node: 46-2
x: 46
y: 2
Solving node: 44+5
x: 44
y: 5
Solving node: 49+56
x: 49
y: 56
Solving node: 105-2
x: 105
y: 2
Solving node: 103+5
x: 103
y: 5
Solving node: 7*6
x: 7
y: 6
Solving node: 2*1
x: 2
y: 1
Solving node: 5*1
x: 5
y: 1
Solving node: 7*4
x: 7
y: 4
Solving node: 28:1
x: 28
y: 1
Solving node: 28*8
x: 28
y: 8
Solving node: 224:4
x: 224
y: 4
Solving node: 1*5
x: 1
y: 5
Solving node: 4+42
x: 4
y: 42
Solving node: 46-2
x: 46
y: 2
Solving node: 44+5
x: 44
y: 5
Solving node: 49+56
x: 49
y: 56
Solving node: 105-2
x: 105
y: 2
Solving node: 7*6
x: 7
y: 6
Solving node: 2*1
x: 2
y: 1
Solving node: 5*1
x: 5
y: 1
Solving node: 7*4
x: 7
y: 4
Solving node: 28:1
x: 28
y: 1
Solving node: 28*8
x: 28
y: 8
Solving node: 224:4
x: 224
y: 4
Solving node: 1*5
x: 1
y: 5
Solving node: 4+42
x: 4
y: 42
Solving node: 46-2
x: 46
y: 2
Solving node: 44+5
x: 44
y: 5
Solving node: 49+56
x: 49
y: 56
Solving node: 105-2
x: 105
y: 2
Solving node: 103+5
x: 103
y: 5
Difference: 108
Calculating: 4+7*6-2*1+5*1+7*4:1*8:4-2+1*5+3
Solving node: 7*6
x: 7
y: 6
Solving node: 2*1
x: 2
y: 1
Solving node: 5*1
x: 5
y: 1
Solving node: 7*4
x: 7
y: 4
Solving node: 28:1
x: 28
y: 1
Solving node: 28*8
x: 28
y: 8
Solving node: 224:4
x: 224
y: 4
Solving node: 1*5
x: 1
y: 5
Solving node: 4+42
x: 4
y: 42
Solving node: 46-2
x: 46
y: 2
Solving node: 44+5
x: 44
y: 5
Solving node: 49+56
x: 49
y: 56
Solving node: 105-2
x: 105
y: 2
Solving node: 103+5
x: 103
y: 5
Solving node: 108+3
x: 108
y: 3
Solving node: 7*6
x: 7
y: 6
Solving node: 2*1
x: 2
y: 1
Solving node: 5*1
x: 5
y: 1
Solving node: 7*4
x: 7
y: 4
Solving node: 28:1
x: 28
y: 1
Solving node: 28*8
x: 28
y: 8
Solving node: 224:4
x: 224
y: 4
Solving node: 1*5
x: 1
y: 5
Solving node: 4+42
x: 4
y: 42
Solving node: 46-2
x: 46
y: 2
Solving node: 44+5
x: 44
y: 5
Solving node: 49+56
x: 49
y: 56
Solving node: 105-2
x: 105
y: 2
Solving node: 7*6
x: 7
y: 6
Solving node: 2*1
x: 2
y: 1
Solving node: 5*1
x: 5
y: 1
Solving node: 7*4
x: 7
y: 4
Solving node: 28:1
x: 28
y: 1
Solving node: 28*8
x: 28
y: 8
Solving node: 224:4
x: 224
y: 4
Solving node: 1*5
x: 1
y: 5
Solving node: 4+42
x: 4
y: 42
Solving node: 46-2
x: 46
y: 2
Solving node: 44+5
x: 44
y: 5
Solving node: 49+56
x: 49
y: 56
Solving node: 105-2
x: 105
y: 2
Solving node: 103+5
x: 103
y: 5
Solving node: 108+3
x: 108
y: 3
Difference: 111
Using default bounds (multiplication)
Calculating: 4+7*6-2*1+5*1+7*4:1*8:4-2+1*5+3*5
Solving node: 7*6
x: 7
y: 6
Solving node: 2*1
x: 2
y: 1
Solving node: 5*1
x: 5
y: 1
Solving node: 7*4
x: 7
y: 4
Solving node: 28:1
x: 28
y: 1
Solving node: 28*8
x: 28
y: 8
Solving node: 224:4
x: 224
y: 4
Solving node: 1*5
x: 1
y: 5
Solving node: 3*5
x: 3
y: 5
Solving node: 4+42
x: 4
y: 42
Solving node: 46-2
x: 46
y: 2
Solving node: 44+5
x: 44
y: 5
Solving node: 49+56
x: 49
y: 56
Solving node: 105-2
x: 105
y: 2
Solving node: 103+5
x: 103
y: 5
Solving node: 108+15
x: 108
y: 15
Originallösung: 4+7*6-2*1+5*1+7*4:1*8:4-2+1*5+3*5 = 123
[10/100] 4+7*6-2*1+5*1+7*4:1*8:4-2+1*5+3*5
Testing equation: 4+7*6-2*1+5*1+7*4:1*8:4-2+1*5+3*5
Checking node: 7*6
Solving node: 7*6
x: 7
y: 6
Checking node: 2*1
Solving node: 2*1
x: 2
y: 1
Checking node: 5*1
Solving node: 5*1
x: 5
y: 1
Checking node: 7*4
Solving node: 7*4
x: 7
y: 4
Checking node: 28:1
Solving node: 28:1
x: 28
y: 1
Checking node: 28*8
Solving node: 28*8
x: 28
y: 8
Checking node: 224:4
Solving node: 224:4
x: 224
y: 4
Checking node: 1*5
Solving node: 1*5
x: 1
y: 5
Checking node: 3*5
Solving node: 3*5
x: 3
y: 5
Checking node: 4+42
Solving node: 4+42
x: 4
y: 42
Checking node: 46-2
Solving node: 46-2
x: 46
y: 2
Checking node: 44+5
Solving node: 44+5
x: 44
y: 5
Checking node: 49+56
Solving node: 49+56
x: 49
y: 56
Checking node: 105-2
Solving node: 105-2
x: 105
y: 2
Checking node: 103+5
Solving node: 103+5
x: 103
y: 5
Checking node: 108+15
Solving node: 108+15
x: 108
y: 15
Checking node: 4+7
Checking node: 7*6
Checking node: 6-2
Checking node: 2*1
Checking node: 1+5
Checking node: 5*1
Checking node: 1+7
Checking node: 7*4
Checking node: 4:1
Checking node: 1*8
Checking node: 8:4
Checking node: 4-2
Checking node: 2+1
Checking node: 1*5
Checking node: 5+3
Checking node: 3*5
Difference: 2
Using default bounds (multiplication)
Calculating: 2*1
Solving node: 2*1
x: 2
y: 1
Solving node: 2*1
x: 2
y: 1
Solving node: 2*1
x: 2
y: 1
Difference: 2
Calculating: 2*1+3
Solving node: 2*1
x: 2
y: 1
Solving node: 2+3
x: 2
y: 3
Solving node: 2*1
x: 2
y: 1
Solving node: 2*1
x: 2
y: 1
Solving node: 2+3
x: 2
y: 3
Difference: 5
Last: 3; Last sum: 3
Calculating: 2*1+3-2
Solving node: 2*1
x: 2
y: 1
Solving node: 2+3
x: 2
y: 3
Solving node: 5-2
x: 5
y: 2
Solving node: 2*1
x: 2
y: 1
Solving node: 2+3
x: 2
y: 3
Solving node: 5-2
x: 5
y: 2
Solving node: 2*1
x: 2
y: 1
Solving node: 2+3
x: 2
y: 3
Difference: 5-2
Calculating bounds (multiplication)
Upper bound: 1
Solving node: 2*1
x: 2
y: 1
Solving node: 2+3
x: 2
y: 3
Solving node: 5-2
x: 5
y: 2
Solving node: 2*1
x: 2
y: 1
Solving node: 2+3
x: 2
y: 3
Difference: 5-2
Calculating: 2*1+3-2+1
Solving node: 2*1
x: 2
y: 1
Solving node: 2+3
x: 2
y: 3
Solving node: 5-2
x: 5
y: 2
Solving node: 3+1
x: 3
y: 1
Solving node: 2*1
x: 2
y: 1
Solving node: 2+3
x: 2
y: 3
Solving node: 5-2
x: 5
y: 2
Solving node: 2*1
x: 2
y: 1
Solving node: 2+3
x: 2
y: 3
Solving node: 5-2
x: 5
y: 2
Solving node: 3+1
x: 3
y: 1
Difference: 4
Using default bounds (multiplication)
Calculating: 2*1+3-2+1*6
Solving node: 2*1
x: 2
y: 1
Solving node: 1*6
x: 1
y: 6
Solving node: 2+3
x: 2
y: 3
Solving node: 5-2
x: 5
y: 2
Solving node: 3+6
x: 3
y: 6
Solving node: 2*1
x: 2
y: 1
Solving node: 1*6
x: 1
y: 6
Solving node: 2+3
x: 2
y: 3
Solving node: 5-2
x: 5
y: 2
Solving node: 2*1
x: 2
y: 1
Solving node: 1*6
x: 1
y: 6
Solving node: 2+3
x: 2
y: 3
Solving node: 5-2
x: 5
y: 2
Solving node: 3+6
x: 3
y: 6
Difference: 9
Calculating: 2*1+3-2+1*6:2
Solving node: 2*1
x: 2
y: 1
Solving node: 1*6
x: 1
y: 6
Solving node: 6:2
x: 6
y: 2
Solving node: 2+3
x: 2
y: 3
Solving node: 5-2
x: 5
y: 2
Solving node: 3+3
x: 3
y: 3
Solving node: 2*1
x: 2
y: 1
Solving node: 1*6
x: 1
y: 6
Solving node: 6:2
x: 6
y: 2
Solving node: 2+3
x: 2
y: 3
Solving node: 5-2
x: 5
y: 2
Solving node: 2*1
x: 2
y: 1
Solving node: 1*6
x: 1
y: 6
Solving node: 6:2
x: 6
y: 2
Solving node: 2+3
x: 2
y: 3
Solving node: 5-2
x: 5
y: 2
Solving node: 3+3
x: 3
y: 3
Difference: 6
Calculating: 2*1+3-2+1*6:2+9
Solving node: 2*1
x: 2
y: 1
Solving node: 1*6
x: 1
y: 6
Solving node: 6:2
x: 6
y: 2
Solving node: 2+3
x: 2
y: 3
Solving node: 5-2
x: 5
y: 2
Solving node: 3+3
x: 3
y: 3
Solving node: 6+9
x: 6
y: 9
Solving node: 2*1
x: 2
y: 1
Solving node: 1*6
x: 1
y: 6
Solving node: 6:2
x: 6
y: 2
Solving node: 2+3
x: 2
y: 3
Solving node: 5-2
x: 5
y: 2
Solving node: 2*1
x: 2
y: 1
Solving node: 1*6
x: 1
y: 6
Solving node: 6:2
x: 6
y: 2
Solving node: 2+3
x: 2
y: 3
Solving node: 5-2
x: 5
y: 2
Solving node: 3+3
x: 3
y: 3
Solving node: 6+9
x: 6
y: 9
Difference: 15
Last: 9; Last sum: 9
Calculating: 2*1+3-2+1*6:2+9-2
Solving node: 2*1
x: 2
y: 1
Solving node: 1*6
x: 1
y: 6
Solving node: 6:2
x: 6
y: 2
Solving node: 2+3
x: 2
y: 3
Solving node: 5-2
x: 5
y: 2
Solving node: 3+3
x: 3
y: 3
Solving node: 6+9
x: 6
y: 9
Solving node: 15-2
x: 15
y: 2
Solving node: 2*1
x: 2
y: 1
Solving node: 1*6
x: 1
y: 6
Solving node: 6:2
x: 6
y: 2
Solving node: 2+3
x: 2
y: 3
Solving node: 5-2
x: 5
y: 2
Solving node: 3+3
x: 3
y: 3
Solving node: 6+9
x: 6
y: 9
Solving node: 15-2
x: 15
y: 2
Solving node: 2*1
x: 2
y: 1
Solving node: 1*6
x: 1
y: 6
Solving node: 6:2
x: 6
y: 2
Solving node: 2+3
x: 2
y: 3
Solving node: 5-2
x: 5
y: 2
Solving node: 3+3
x: 3
y: 3
Solving node: 6+9
x: 6
y: 9
Difference: 15-2
Calculating bounds (multiplication)
Previous index: -1 | Last operator index: 2
Upper bound: 2
Calculating: 2*1+3-2+1*6:2+9-2*1
Solving node: 2*1
x: 2
y: 1
Solving node: 1*6
x: 1
y: 6
Solving node: 6:2
x: 6
y: 2
Solving node: 2*1
x: 2
y: 1
Solving node: 2+3
x: 2
y: 3
Solving node: 5-2
x: 5
y: 2
Solving node: 3+3
x: 3
y: 3
Solving node: 6+9
x: 6
y: 9
Solving node: 15-2
x: 15
y: 2
Solving node: 2*1
x: 2
y: 1
Solving node: 1*6
x: 1
y: 6
Solving node: 6:2
x: 6
y: 2
Solving node: 2*1
x: 2
y: 1
Solving node: 2+3
x: 2
y: 3
Solving node: 5-2
x: 5
y: 2
Solving node: 3+3
x: 3
y: 3
Solving node: 6+9
x: 6
y: 9
Solving node: 15-2
x: 15
y: 2
Solving node: 2*1
x: 2
y: 1
Solving node: 1*6
x: 1
y: 6
Solving node: 6:2
x: 6
y: 2
Solving node: 2*1
x: 2
y: 1
Solving node: 2+3
x: 2
y: 3
Solving node: 5-2
x: 5
y: 2
Solving node: 3+3
x: 3
y: 3
Solving node: 6+9
x: 6
y: 9
Difference: 15-2
Calculating: 2*1+3-2+1*6:2+9-2*1+6
Solving node: 2*1
x: 2
y: 1
Solving node: 1*6
x: 1
y: 6
Solving node: 6:2
x: 6
y: 2
Solving node: 2*1
x: 2
y: 1
Solving node: 2+3
x: 2
y: 3
Solving node: 5-2
x: 5
y: 2
Solving node: 3+3
x: 3
y: 3
Solving node: 6+9
x: 6
y: 9
Solving node: 15-2
x: 15
y: 2
Solving node: 13+6
x: 13
y: 6
Solving node: 2*1
x: 2
y: 1
Solving node: 1*6
x: 1
y: 6
Solving node: 6:2
x: 6
y: 2
Solving node: 2*1
x: 2
y: 1
Solving node: 2+3
x: 2
y: 3
Solving node: 5-2
x: 5
y: 2
Solving node: 3+3
x: 3
y: 3
Solving node: 6+9
x: 6
y: 9
Solving node: 15-2
x: 15
y: 2
Solving node: 2*1
x: 2
y: 1
Solving node: 1*6
x: 1
y: 6
Solving node: 6:2
x: 6
y: 2
Solving node: 2*1
x: 2
y: 1
Solving node: 2+3
x: 2
y: 3
Solving node: 5-2
x: 5
y: 2
Solving node: 3+3
x: 3
y: 3
Solving node: 6+9
x: 6
y: 9
Solving node: 15-2
x: 15
y: 2
Solving node: 13+6
x: 13
y: 6
Difference: 19
Using default bounds (multiplication)
Calculating: 2*1+3-2+1*6:2+9-2*1+6*2
Solving node: 2*1
x: 2
y: 1
Solving node: 1*6
x: 1
y: 6
Solving node: 6:2
x: 6
y: 2
Solving node: 2*1
x: 2
y: 1
Solving node: 6*2
x: 6
y: 2
Solving node: 2+3
x: 2
y: 3
Solving node: 5-2
x: 5
y: 2
Solving node: 3+3
x: 3
y: 3
Solving node: 6+9
x: 6
y: 9
Solving node: 15-2
x: 15
y: 2
Solving node: 13+12
x: 13
y: 12
Solving node: 2*1
x: 2
y: 1
Solving node: 1*6
x: 1
y: 6
Solving node: 6:2
x: 6
y: 2
Solving node: 2*1
x: 2
y: 1
Solving node: 6*2
x: 6
y: 2
Solving node: 2+3
x: 2
y: 3
Solving node: 5-2
x: 5
y: 2
Solving node: 3+3
x: 3
y: 3
Solving node: 6+9
x: 6
y: 9
Solving node: 15-2
x: 15
y: 2
Solving node: 2*1
x: 2
y: 1
Solving node: 1*6
x: 1
y: 6
Solving node: 6:2
x: 6
y: 2
Solving node: 2*1
x: 2
y: 1
Solving node: 6*2
x: 6
y: 2
Solving node: 2+3
x: 2
y: 3
Solving node: 5-2
x: 5
y: 2
Solving node: 3+3
x: 3
y: 3
Solving node: 6+9
x: 6
y: 9
Solving node: 15-2
x: 15
y: 2
Solving node: 13+12
x: 13
y: 12
Difference: 25
Calculating: 2*1+3-2+1*6:2+9-2*1+6*2+2
Solving node: 2*1
x: 2
y: 1
Solving node: 1*6
x: 1
y: 6
Solving node: 6:2
x: 6
y: 2
Solving node: 2*1
x: 2
y: 1
Solving node: 6*2
x: 6
y: 2
Solving node: 2+3
x: 2
y: 3
Solving node: 5-2
x: 5
y: 2
Solving node: 3+3
x: 3
y: 3
Solving node: 6+9
x: 6
y: 9
Solving node: 15-2
x: 15
y: 2
Solving node: 13+12
x: 13
y: 12
Solving node: 25+2
x: 25
y: 2
Solving node: 2*1
x: 2
y: 1
Solving node: 1*6
x: 1
y: 6
Solving node: 6:2
x: 6
y: 2
Solving node: 2*1
x: 2
y: 1
Solving node: 6*2
x: 6
y: 2
Solving node: 2+3
x: 2
y: 3
Solving node: 5-2
x: 5
y: 2
Solving node: 3+3
x: 3
y: 3
Solving node: 6+9
x: 6
y: 9
Solving node: 15-2
x: 15
y: 2
Solving node: 2*1
x: 2
y: 1
Solving node: 1*6
x: 1
y: 6
Solving node: 6:2
x: 6
y: 2
Solving node: 2*1
x: 2
y: 1
Solving node: 6*2
x: 6
y: 2
Solving node: 2+3
x: 2
y: 3
Solving node: 5-2
x: 5
y: 2
Solving node: 3+3
x: 3
y: 3
Solving node: 6+9
x: 6
y: 9
Solving node: 15-2
x: 15
y: 2
Solving node: 13+12
x: 13
y: 12
Solving node: 25+2
x: 25
y: 2
Difference: 27
Using default bounds (multiplication)
Calculating: 2*1+3-2+1*6:2+9-2*1+6*2+2*9
Solving node: 2*1
x: 2
y: 1
Solving node: 1*6
x: 1
y: 6
Solving node: 6:2
x: 6
y: 2
Solving node: 2*1
x: 2
y: 1
Solving node: 6*2
x: 6
y: 2
Solving node: 2*9
x: 2
y: 9
Solving node: 2+3
x: 2
y: 3
Solving node: 5-2
x: 5
y: 2
Solving node: 3+3
x: 3
y: 3
Solving node: 6+9
x: 6
y: 9
Solving node: 15-2
x: 15
y: 2
Solving node: 13+12
x: 13
y: 12
Solving node: 25+18
x: 25
y: 18
Solving node: 2*1
x: 2
y: 1
Solving node: 1*6
x: 1
y: 6
Solving node: 6:2
x: 6
y: 2
Solving node: 2*1
x: 2
y: 1
Solving node: 6*2
x: 6
y: 2
Solving node: 2*9
x: 2
y: 9
Solving node: 2+3
x: 2
y: 3
Solving node: 5-2
x: 5
y: 2
Solving node: 3+3
x: 3
y: 3
Solving node: 6+9
x: 6
y: 9
Solving node: 15-2
x: 15
y: 2
Solving node: 2*1
x: 2
y: 1
Solving node: 1*6
x: 1
y: 6
Solving node: 6:2
x: 6
y: 2
Solving node: 2*1
x: 2
y: 1
Solving node: 6*2
x: 6
y: 2
Solving node: 2*9
x: 2
y: 9
Solving node: 2+3
x: 2
y: 3
Solving node: 5-2
x: 5
y: 2
Solving node: 3+3
x: 3
y: 3
Solving node: 6+9
x: 6
y: 9
Solving node: 15-2
x: 15
y: 2
Solving node: 13+12
x: 13
y: 12
Solving node: 25+18
x: 25
y: 18
Difference: 43
Last: 9; Last sum: 18
Calculating: 2*1+3-2+1*6:2+9-2*1+6*2+2*9-7
Solving node: 2*1
x: 2
y: 1
Solving node: 1*6
x: 1
y: 6
Solving node: 6:2
x: 6
y: 2
Solving node: 2*1
x: 2
y: 1
Solving node: 6*2
x: 6
y: 2
Solving node: 2*9
x: 2
y: 9
Solving node: 2+3
x: 2
y: 3
Solving node: 5-2
x: 5
y: 2
Solving node: 3+3
x: 3
y: 3
Solving node: 6+9
x: 6
y: 9
Solving node: 15-2
x: 15
y: 2
Solving node: 13+12
x: 13
y: 12
Solving node: 25+18
x: 25
y: 18
Solving node: 43-7
x: 43
y: 7
Solving node: 2*1
x: 2
y: 1
Solving node: 1*6
x: 1
y: 6
Solving node: 6:2
x: 6
y: 2
Solving node: 2*1
x: 2
y: 1
Solving node: 6*2
x: 6
y: 2
Solving node: 2*9
x: 2
y: 9
Solving node: 2+3
x: 2
y: 3
Solving node: 5-2
x: 5
y: 2
Solving node: 3+3
x: 3
y: 3
Solving node: 6+9
x: 6
y: 9
Solving node: 15-2
x: 15
y: 2
Solving node: 13+12
x: 13
y: 12
Solving node: 25+18
x: 25
y: 18
Solving node: 43-7
x: 43
y: 7
Solving node: 2*1
x: 2
y: 1
Solving node: 1*6
x: 1
y: 6
Solving node: 6:2
x: 6
y: 2
Solving node: 2*1
x: 2
y: 1
Solving node: 6*2
x: 6
y: 2
Solving node: 2*9
x: 2
y: 9
Solving node: 2+3
x: 2
y: 3
Solving node: 5-2
x: 5
y: 2
Solving node: 3+3
x: 3
y: 3
Solving node: 6+9
x: 6
y: 9
Solving node: 15-2
x: 15
y: 2
Solving node: 13+12
x: 13
y: 12
Solving node: 25+18
x: 25
y: 18
Difference: 43-7
Calculating: 2*1+3-2+1*6:2+9-2*1+6*2+2*9-7+8
Solving node: 2*1
x: 2
y: 1
Solving node: 1*6
x: 1
y: 6
Solving node: 6:2
x: 6
y: 2
Solving node: 2*1
x: 2
y: 1
Solving node: 6*2
x: 6
y: 2
Solving node: 2*9
x: 2
y: 9
Solving node: 2+3
x: 2
y: 3
Solving node: 5-2
x: 5
y: 2
Solving node: 3+3
x: 3
y: 3
Solving node: 6+9
x: 6
y: 9
Solving node: 15-2
x: 15
y: 2
Solving node: 13+12
x: 13
y: 12
Solving node: 25+18
x: 25
y: 18
Solving node: 43-7
x: 43
y: 7
Solving node: 36+8
x: 36
y: 8
Solving node: 2*1
x: 2
y: 1
Solving node: 1*6
x: 1
y: 6
Solving node: 6:2
x: 6
y: 2
Solving node: 2*1
x: 2
y: 1
Solving node: 6*2
x: 6
y: 2
Solving node: 2*9
x: 2
y: 9
Solving node: 2+3
x: 2
y: 3
Solving node: 5-2
x: 5
y: 2
Solving node: 3+3
x: 3
y: 3
Solving node: 6+9
x: 6
y: 9
Solving node: 15-2
x: 15
y: 2
Solving node: 13+12
x: 13
y: 12
Solving node: 25+18
x: 25
y: 18
Solving node: 43-7
x: 43
y: 7
Solving node: 2*1
x: 2
y: 1
Solving node: 1*6
x: 1
y: 6
Solving node: 6:2
x: 6
y: 2
Solving node: 2*1
x: 2
y: 1
Solving node: 6*2
x: 6
y: 2
Solving node: 2*9
x: 2
y: 9
Solving node: 2+3
x: 2
y: 3
Solving node: 5-2
x: 5
y: 2
Solving node: 3+3
x: 3
y: 3
Solving node: 6+9
x: 6
y: 9
Solving node: 15-2
x: 15
y: 2
Solving node: 13+12
x: 13
y: 12
Solving node: 25+18
x: 25
y: 18
Solving node: 43-7
x: 43
y: 7
Solving node: 36+8
x: 36
y: 8
Difference: 44
Last: 8; Last sum: 8
Calculating: 2*1+3-2+1*6:2+9-2*1+6*2+2*9-7+8-7
Solving node: 2*1
x: 2
y: 1
Solving node: 1*6
x: 1
y: 6
Solving node: 6:2
x: 6
y: 2
Solving node: 2*1
x: 2
y: 1
Solving node: 6*2
x: 6
y: 2
Solving node: 2*9
x: 2
y: 9
Solving node: 2+3
x: 2
y: 3
Solving node: 5-2
x: 5
y: 2
Solving node: 3+3
x: 3
y: 3
Solving node: 6+9
x: 6
y: 9
Solving node: 15-2
x: 15
y: 2
Solving node: 13+12
x: 13
y: 12
Solving node: 25+18
x: 25
y: 18
Solving node: 43-7
x: 43
y: 7
Solving node: 36+8
x: 36
y: 8
Solving node: 44-7
x: 44
y: 7
Originallösung: 2*1+3-2+1*6:2+9-2*1+6*2+2*9-7+8-7 = 37
[11/100] 2*1+3-2+1*6:2+9-2*1+6*2+2*9-7+8-7
Testing equation: 2*1+3-2+1*6:2+9-2*1+6*2+2*9-7+8-7
Checking node: 2*1
Solving node: 2*1
x: 2
y: 1
Checking node: 1*6
Solving node: 1*6
x: 1
y: 6
Checking node: 6:2
Solving node: 6:2
x: 6
y: 2
Checking node: 2*1
Solving node: 2*1
x: 2
y: 1
Checking node: 6*2
Solving node: 6*2
x: 6
y: 2
Checking node: 2*9
Solving node: 2*9
x: 2
y: 9
Checking node: 2+3
Solving node: 2+3
x: 2
y: 3
Checking node: 5-2
Solving node: 5-2
x: 5
y: 2
Checking node: 3+3
Solving node: 3+3
x: 3
y: 3
Checking node: 6+9
Solving node: 6+9
x: 6
y: 9
Checking node: 15-2
Solving node: 15-2
x: 15
y: 2
Checking node: 13+12
Solving node: 13+12
x: 13
y: 12
Checking node: 25+18
Solving node: 25+18
x: 25
y: 18
Checking node: 43-7
Solving node: 43-7
x: 43
y: 7
Checking node: 36+8
Solving node: 36+8
x: 36
y: 8
Checking node: 44-7
Solving node: 44-7
x: 44
y: 7
Checking node: 2*1
Checking node: 1+3
Checking node: 3-2
Checking node: 2+1
Checking node: 1*6
Checking node: 6:2
Checking node: 2+9
Checking node: 9-2
Checking node: 2*1
Checking node: 1+6
Checking node: 6*2
Checking node: 2+2
Checking node: 2*9
Checking node: 9-7
Checking node: 7+8
Checking node: 8-7
Difference: 2
Calculating: 2+1
Solving node: 2+1
x: 2
y: 1
Solving node: 2+1
x: 2
y: 1
Difference: 3
Using default bounds (multiplication)
Calculating: 2+1*5
Solving node: 1*5
x: 1
y: 5
Solving node: 2+5
x: 2
y: 5
Solving node: 1*5
x: 1
y: 5
Solving node: 1*5
x: 1
y: 5
Solving node: 2+5
x: 2
y: 5
Difference: 7
Last: 5; Last sum: 5
Calculating: 2+1*5-1
Solving node: 1*5
x: 1
y: 5
Solving node: 2+5
x: 2
y: 5
Solving node: 7-1
x: 7
y: 1
Solving node: 1*5
x: 1
y: 5
Solving node: 2+5
x: 2
y: 5
Solving node: 7-1
x: 7
y: 1
Solving node: 1*5
x: 1
y: 5
Solving node: 2+5
x: 2
y: 5
Difference: 7-1
Calculating bounds (multiplication)
Upper bound: 1
Solving node: 1*5
x: 1
y: 5
Solving node: 2+5
x: 2
y: 5
Solving node: 7-1
x: 7
y: 1
Solving node: 1*5
x: 1
y: 5
Solving node: 2+5
x: 2
y: 5
Difference: 7-1
Calculating: 2+1*5-1+3
Solving node: 1*5
x: 1
y: 5
Solving node: 2+5
x: 2
y: 5
Solving node: 7-1
x: 7
y: 1
Solving node: 6+3
x: 6
y: 3
Solving node: 1*5
x: 1
y: 5
Solving node: 2+5
x: 2
y: 5
Solving node: 7-1
x: 7
y: 1
Solving node: 1*5
x: 1
y: 5
Solving node: 2+5
x: 2
y: 5
Solving node: 7-1
x: 7
y: 1
Solving node: 6+3
x: 6
y: 3
Difference: 9
Last: 3; Last sum: 3
Calculating: 2+1*5-1+3-1
Solving node: 1*5
x: 1
y: 5
Solving node: 2+5
x: 2
y: 5
Solving node: 7-1
x: 7
y: 1
Solving node: 6+3
x: 6
y: 3
Solving node: 9-1
x: 9
y: 1
Solving node: 1*5
x: 1
y: 5
Solving node: 2+5
x: 2
y: 5
Solving node: 7-1
x: 7
y: 1
Solving node: 6+3
x: 6
y: 3
Solving node: 9-1
x: 9
y: 1
Solving node: 1*5
x: 1
y: 5
Solving node: 2+5
x: 2
y: 5
Solving node: 7-1
x: 7
y: 1
Solving node: 6+3
x: 6
y: 3
Difference: 9-1
Calculating: 2+1*5-1+3-1+8
Solving node: 1*5
x: 1
y: 5
Solving node: 2+5
x: 2
y: 5
Solving node: 7-1
x: 7
y: 1
Solving node: 6+3
x: 6
y: 3
Solving node: 9-1
x: 9
y: 1
Solving node: 8+8
x: 8
y: 8
Solving node: 1*5
x: 1
y: 5
Solving node: 2+5
x: 2
y: 5
Solving node: 7-1
x: 7
y: 1
Solving node: 6+3
x: 6
y: 3
Solving node: 9-1
x: 9
y: 1
Solving node: 1*5
x: 1
y: 5
Solving node: 2+5
x: 2
y: 5
Solving node: 7-1
x: 7
y: 1
Solving node: 6+3
x: 6
y: 3
Solving node: 9-1
x: 9
y: 1
Solving node: 8+8
x: 8
y: 8
Difference: 16
Last: 8; Last sum: 8
Calculating: 2+1*5-1+3-1+8-7
Solving node: 1*5
x: 1
y: 5
Solving node: 2+5
x: 2
y: 5
Solving node: 7-1
x: 7
y: 1
Solving node: 6+3
x: 6
y: 3
Solving node: 9-1
x: 9
y: 1
Solving node: 8+8
x: 8
y: 8
Solving node: 16-7
x: 16
y: 7
Solving node: 1*5
x: 1
y: 5
Solving node: 2+5
x: 2
y: 5
Solving node: 7-1
x: 7
y: 1
Solving node: 6+3
x: 6
y: 3
Solving node: 9-1
x: 9
y: 1
Solving node: 8+8
x: 8
y: 8
Solving node: 16-7
x: 16
y: 7
Solving node: 1*5
x: 1
y: 5
Solving node: 2+5
x: 2
y: 5
Solving node: 7-1
x: 7
y: 1
Solving node: 6+3
x: 6
y: 3
Solving node: 9-1
x: 9
y: 1
Solving node: 8+8
x: 8
y: 8
Difference: 16-7
Calculating: 2+1*5-1+3-1+8-7+6
Solving node: 1*5
x: 1
y: 5
Solving node: 2+5
x: 2
y: 5
Solving node: 7-1
x: 7
y: 1
Solving node: 6+3
x: 6
y: 3
Solving node: 9-1
x: 9
y: 1
Solving node: 8+8
x: 8
y: 8
Solving node: 16-7
x: 16
y: 7
Solving node: 9+6
x: 9
y: 6
Solving node: 1*5
x: 1
y: 5
Solving node: 2+5
x: 2
y: 5
Solving node: 7-1
x: 7
y: 1
Solving node: 6+3
x: 6
y: 3
Solving node: 9-1
x: 9
y: 1
Solving node: 8+8
x: 8
y: 8
Solving node: 16-7
x: 16
y: 7
Solving node: 1*5
x: 1
y: 5
Solving node: 2+5
x: 2
y: 5
Solving node: 7-1
x: 7
y: 1
Solving node: 6+3
x: 6
y: 3
Solving node: 9-1
x: 9
y: 1
Solving node: 8+8
x: 8
y: 8
Solving node: 16-7
x: 16
y: 7
Solving node: 9+6
x: 9
y: 6
Difference: 15
Calculating: 2+1*5-1+3-1+8-7+6:2
Solving node: 1*5
x: 1
y: 5
Solving node: 6:2
x: 6
y: 2
Solving node: 2+5
x: 2
y: 5
Solving node: 7-1
x: 7
y: 1
Solving node: 6+3
x: 6
y: 3
Solving node: 9-1
x: 9
y: 1
Solving node: 8+8
x: 8
y: 8
Solving node: 16-7
x: 16
y: 7
Solving node: 9+3
x: 9
y: 3
Solving node: 1*5
x: 1
y: 5
Solving node: 6:2
x: 6
y: 2
Solving node: 2+5
x: 2
y: 5
Solving node: 7-1
x: 7
y: 1
Solving node: 6+3
x: 6
y: 3
Solving node: 9-1
x: 9
y: 1
Solving node: 8+8
x: 8
y: 8
Solving node: 16-7
x: 16
y: 7
Solving node: 1*5
x: 1
y: 5
Solving node: 6:2
x: 6
y: 2
Solving node: 2+5
x: 2
y: 5
Solving node: 7-1
x: 7
y: 1
Solving node: 6+3
x: 6
y: 3
Solving node: 9-1
x: 9
y: 1
Solving node: 8+8
x: 8
y: 8
Solving node: 16-7
x: 16
y: 7
Solving node: 9+3
x: 9
y: 3
Difference: 12
Using default bounds (multiplication)
Calculating: 2+1*5-1+3-1+8-7+6:2*4
Solving node: 1*5
x: 1
y: 5
Solving node: 6:2
x: 6
y: 2
Solving node: 3*4
x: 3
y: 4
Solving node: 2+5
x: 2
y: 5
Solving node: 7-1
x: 7
y: 1
Solving node: 6+3
x: 6
y: 3
Solving node: 9-1
x: 9
y: 1
Solving node: 8+8
x: 8
y: 8
Solving node: 16-7
x: 16
y: 7
Solving node: 9+12
x: 9
y: 12
Solving node: 1*5
x: 1
y: 5
Solving node: 6:2
x: 6
y: 2
Solving node: 3*4
x: 3
y: 4
Solving node: 2+5
x: 2
y: 5
Solving node: 7-1
x: 7
y: 1
Solving node: 6+3
x: 6
y: 3
Solving node: 9-1
x: 9
y: 1
Solving node: 8+8
x: 8
y: 8
Solving node: 16-7
x: 16
y: 7
Solving node: 1*5
x: 1
y: 5
Solving node: 6:2
x: 6
y: 2
Solving node: 3*4
x: 3
y: 4
Solving node: 2+5
x: 2
y: 5
Solving node: 7-1
x: 7
y: 1
Solving node: 6+3
x: 6
y: 3
Solving node: 9-1
x: 9
y: 1
Solving node: 8+8
x: 8
y: 8
Solving node: 16-7
x: 16
y: 7
Solving node: 9+12
x: 9
y: 12
Difference: 21
Last: 4; Last sum: 12
Calculating: 2+1*5-1+3-1+8-7+6:2*4-1
Solving node: 1*5
x: 1
y: 5
Solving node: 6:2
x: 6
y: 2
Solving node: 3*4
x: 3
y: 4
Solving node: 2+5
x: 2
y: 5
Solving node: 7-1
x: 7
y: 1
Solving node: 6+3
x: 6
y: 3
Solving node: 9-1
x: 9
y: 1
Solving node: 8+8
x: 8
y: 8
Solving node: 16-7
x: 16
y: 7
Solving node: 9+12
x: 9
y: 12
Solving node: 21-1
x: 21
y: 1
Solving node: 1*5
x: 1
y: 5
Solving node: 6:2
x: 6
y: 2
Solving node: 3*4
x: 3
y: 4
Solving node: 2+5
x: 2
y: 5
Solving node: 7-1
x: 7
y: 1
Solving node: 6+3
x: 6
y: 3
Solving node: 9-1
x: 9
y: 1
Solving node: 8+8
x: 8
y: 8
Solving node: 16-7
x: 16
y: 7
Solving node: 9+12
x: 9
y: 12
Solving node: 21-1
x: 21
y: 1
Solving node: 1*5
x: 1
y: 5
Solving node: 6:2
x: 6
y: 2
Solving node: 3*4
x: 3
y: 4
Solving node: 2+5
x: 2
y: 5
Solving node: 7-1
x: 7
y: 1
Solving node: 6+3
x: 6
y: 3
Solving node: 9-1
x: 9
y: 1
Solving node: 8+8
x: 8
y: 8
Solving node: 16-7
x: 16
y: 7
Solving node: 9+12
x: 9
y: 12
Difference: 21-1
Calculating bounds (multiplication)
Previous index: -1 | Last operator index: 2
Upper bound: 1
Solving node: 1*5
x: 1
y: 5
Solving node: 6:2
x: 6
y: 2
Solving node: 3*4
x: 3
y: 4
Solving node: 2+5
x: 2
y: 5
Solving node: 7-1
x: 7
y: 1
Solving node: 6+3
x: 6
y: 3
Solving node: 9-1
x: 9
y: 1
Solving node: 8+8
x: 8
y: 8
Solving node: 16-7
x: 16
y: 7
Solving node: 9+12
x: 9
y: 12
Solving node: 21-1
x: 21
y: 1
Solving node: 1*5
x: 1
y: 5
Solving node: 6:2
x: 6
y: 2
Solving node: 3*4
x: 3
y: 4
Solving node: 2+5
x: 2
y: 5
Solving node: 7-1
x: 7
y: 1
Solving node: 6+3
x: 6
y: 3
Solving node: 9-1
x: 9
y: 1
Solving node: 8+8
x: 8
y: 8
Solving node: 16-7
x: 16
y: 7
Solving node: 9+12
x: 9
y: 12
Difference: 21-1
Calculating: 2+1*5-1+3-1+8-7+6:2*4-1+8
Solving node: 1*5
x: 1
y: 5
Solving node: 6:2
x: 6
y: 2
Solving node: 3*4
x: 3
y: 4
Solving node: 2+5
x: 2
y: 5
Solving node: 7-1
x: 7
y: 1
Solving node: 6+3
x: 6
y: 3
Solving node: 9-1
x: 9
y: 1
Solving node: 8+8
x: 8
y: 8
Solving node: 16-7
x: 16
y: 7
Solving node: 9+12
x: 9
y: 12
Solving node: 21-1
x: 21
y: 1
Solving node: 20+8
x: 20
y: 8
Solving node: 1*5
x: 1
y: 5
Solving node: 6:2
x: 6
y: 2
Solving node: 3*4
x: 3
y: 4
Solving node: 2+5
x: 2
y: 5
Solving node: 7-1
x: 7
y: 1
Solving node: 6+3
x: 6
y: 3
Solving node: 9-1
x: 9
y: 1
Solving node: 8+8
x: 8
y: 8
Solving node: 16-7
x: 16
y: 7
Solving node: 9+12
x: 9
y: 12
Solving node: 21-1
x: 21
y: 1
Solving node: 1*5
x: 1
y: 5
Solving node: 6:2
x: 6
y: 2
Solving node: 3*4
x: 3
y: 4
Solving node: 2+5
x: 2
y: 5
Solving node: 7-1
x: 7
y: 1
Solving node: 6+3
x: 6
y: 3
Solving node: 9-1
x: 9
y: 1
Solving node: 8+8
x: 8
y: 8
Solving node: 16-7
x: 16
y: 7
Solving node: 9+12
x: 9
y: 12
Solving node: 21-1
x: 21
y: 1
Solving node: 20+8
x: 20
y: 8
Difference: 28
Using default bounds (multiplication)
Calculating: 2+1*5-1+3-1+8-7+6:2*4-1+8*1
Solving node: 1*5
x: 1
y: 5
Solving node: 6:2
x: 6
y: 2
Solving node: 3*4
x: 3
y: 4
Solving node: 8*1
x: 8
y: 1
Solving node: 2+5
x: 2
y: 5
Solving node: 7-1
x: 7
y: 1
Solving node: 6+3
x: 6
y: 3
Solving node: 9-1
x: 9
y: 1
Solving node: 8+8
x: 8
y: 8
Solving node: 16-7
x: 16
y: 7
Solving node: 9+12
x: 9
y: 12
Solving node: 21-1
x: 21
y: 1
Solving node: 20+8
x: 20
y: 8
Solving node: 1*5
x: 1
y: 5
Solving node: 6:2
x: 6
y: 2
Solving node: 3*4
x: 3
y: 4
Solving node: 8*1
x: 8
y: 1
Solving node: 2+5
x: 2
y: 5
Solving node: 7-1
x: 7
y: 1
Solving node: 6+3
x: 6
y: 3
Solving node: 9-1
x: 9
y: 1
Solving node: 8+8
x: 8
y: 8
Solving node: 16-7
x: 16
y: 7
Solving node: 9+12
x: 9
y: 12
Solving node: 21-1
x: 21
y: 1
Solving node: 1*5
x: 1
y: 5
Solving node: 6:2
x: 6
y: 2
Solving node: 3*4
x: 3
y: 4
Solving node: 8*1
x: 8
y: 1
Solving node: 2+5
x: 2
y: 5
Solving node: 7-1
x: 7
y: 1
Solving node: 6+3
x: 6
y: 3
Solving node: 9-1
x: 9
y: 1
Solving node: 8+8
x: 8
y: 8
Solving node: 16-7
x: 16
y: 7
Solving node: 9+12
x: 9
y: 12
Solving node: 21-1
x: 21
y: 1
Solving node: 20+8
x: 20
y: 8
Difference: 28
Calculating: 2+1*5-1+3-1+8-7+6:2*4-1+8*1+7
Solving node: 1*5
x: 1
y: 5
Solving node: 6:2
x: 6
y: 2
Solving node: 3*4
x: 3
y: 4
Solving node: 8*1
x: 8
y: 1
Solving node: 2+5
x: 2
y: 5
Solving node: 7-1
x: 7
y: 1
Solving node: 6+3
x: 6
y: 3
Solving node: 9-1
x: 9
y: 1
Solving node: 8+8
x: 8
y: 8
Solving node: 16-7
x: 16
y: 7
Solving node: 9+12
x: 9
y: 12
Solving node: 21-1
x: 21
y: 1
Solving node: 20+8
x: 20
y: 8
Solving node: 28+7
x: 28
y: 7
Solving node: 1*5
x: 1
y: 5
Solving node: 6:2
x: 6
y: 2
Solving node: 3*4
x: 3
y: 4
Solving node: 8*1
x: 8
y: 1
Solving node: 2+5
x: 2
y: 5
Solving node: 7-1
x: 7
y: 1
Solving node: 6+3
x: 6
y: 3
Solving node: 9-1
x: 9
y: 1
Solving node: 8+8
x: 8
y: 8
Solving node: 16-7
x: 16
y: 7
Solving node: 9+12
x: 9
y: 12
Solving node: 21-1
x: 21
y: 1
Solving node: 1*5
x: 1
y: 5
Solving node: 6:2
x: 6
y: 2
Solving node: 3*4
x: 3
y: 4
Solving node: 8*1
x: 8
y: 1
Solving node: 2+5
x: 2
y: 5
Solving node: 7-1
x: 7
y: 1
Solving node: 6+3
x: 6
y: 3
Solving node: 9-1
x: 9
y: 1
Solving node: 8+8
x: 8
y: 8
Solving node: 16-7
x: 16
y: 7
Solving node: 9+12
x: 9
y: 12
Solving node: 21-1
x: 21
y: 1
Solving node: 20+8
x: 20
y: 8
Solving node: 28+7
x: 28
y: 7
Difference: 35
Using default bounds (multiplication)
Calculating: 2+1*5-1+3-1+8-7+6:2*4-1+8*1+7*7
Solving node: 1*5
x: 1
y: 5
Solving node: 6:2
x: 6
y: 2
Solving node: 3*4
x: 3
y: 4
Solving node: 8*1
x: 8
y: 1
Solving node: 7*7
x: 7
y: 7
Solving node: 2+5
x: 2
y: 5
Solving node: 7-1
x: 7
y: 1
Solving node: 6+3
x: 6
y: 3
Solving node: 9-1
x: 9
y: 1
Solving node: 8+8
x: 8
y: 8
Solving node: 16-7
x: 16
y: 7
Solving node: 9+12
x: 9
y: 12
Solving node: 21-1
x: 21
y: 1
Solving node: 20+8
x: 20
y: 8
Solving node: 28+49
x: 28
y: 49
Solving node: 1*5
x: 1
y: 5
Solving node: 6:2
x: 6
y: 2
Solving node: 3*4
x: 3
y: 4
Solving node: 8*1
x: 8
y: 1
Solving node: 7*7
x: 7
y: 7
Solving node: 2+5
x: 2
y: 5
Solving node: 7-1
x: 7
y: 1
Solving node: 6+3
x: 6
y: 3
Solving node: 9-1
x: 9
y: 1
Solving node: 8+8
x: 8
y: 8
Solving node: 16-7
x: 16
y: 7
Solving node: 9+12
x: 9
y: 12
Solving node: 21-1
x: 21
y: 1
Solving node: 1*5
x: 1
y: 5
Solving node: 6:2
x: 6
y: 2
Solving node: 3*4
x: 3
y: 4
Solving node: 8*1
x: 8
y: 1
Solving node: 7*7
x: 7
y: 7
Solving node: 2+5
x: 2
y: 5
Solving node: 7-1
x: 7
y: 1
Solving node: 6+3
x: 6
y: 3
Solving node: 9-1
x: 9
y: 1
Solving node: 8+8
x: 8
y: 8
Solving node: 16-7
x: 16
y: 7
Solving node: 9+12
x: 9
y: 12
Solving node: 21-1
x: 21
y: 1
Solving node: 20+8
x: 20
y: 8
Solving node: 28+49
x: 28
y: 49
Difference: 77
Last: 7; Last sum: 49
Calculating: 2+1*5-1+3-1+8-7+6:2*4-1+8*1+7*7-3
Solving node: 1*5
x: 1
y: 5
Solving node: 6:2
x: 6
y: 2
Solving node: 3*4
x: 3
y: 4
Solving node: 8*1
x: 8
y: 1
Solving node: 7*7
x: 7
y: 7
Solving node: 2+5
x: 2
y: 5
Solving node: 7-1
x: 7
y: 1
Solving node: 6+3
x: 6
y: 3
Solving node: 9-1
x: 9
y: 1
Solving node: 8+8
x: 8
y: 8
Solving node: 16-7
x: 16
y: 7
Solving node: 9+12
x: 9
y: 12
Solving node: 21-1
x: 21
y: 1
Solving node: 20+8
x: 20
y: 8
Solving node: 28+49
x: 28
y: 49
Solving node: 77-3
x: 77
y: 3
Originallösung: 2+1*5-1+3-1+8-7+6:2*4-1+8*1+7*7-3 = 74
[12/100] 2+1*5-1+3-1+8-7+6:2*4-1+8*1+7*7-3
Testing equation: 2+1*5-1+3-1+8-7+6:2*4-1+8*1+7*7-3
Checking node: 1*5
Solving node: 1*5
x: 1
y: 5
Checking node: 6:2
Solving node: 6:2
x: 6
y: 2
Checking node: 3*4
Solving node: 3*4
x: 3
y: 4
Checking node: 8*1
Solving node: 8*1
x: 8
y: 1
Checking node: 7*7
Solving node: 7*7
x: 7
y: 7
Checking node: 2+5
Solving node: 2+5
x: 2
y: 5
Checking node: 7-1
Solving node: 7-1
x: 7
y: 1
Checking node: 6+3
Solving node: 6+3
x: 6
y: 3
Checking node: 9-1
Solving node: 9-1
x: 9
y: 1
Checking node: 8+8
Solving node: 8+8
x: 8
y: 8
Checking node: 16-7
Solving node: 16-7
x: 16
y: 7
Checking node: 9+12
Solving node: 9+12
x: 9
y: 12
Checking node: 21-1
Solving node: 21-1
x: 21
y: 1
Checking node: 20+8
Solving node: 20+8
x: 20
y: 8
Checking node: 28+49
Solving node: 28+49
x: 28
y: 49
Checking node: 77-3
Solving node: 77-3
x: 77
y: 3
Checking node: 2+1
Checking node: 1*5
Checking node: 5-1
Checking node: 1+3
Checking node: 3-1
Checking node: 1+8
Checking node: 8-7
Checking node: 7+6
Checking node: 6:2
Checking node: 2*4
Checking node: 4-1
Checking node: 1+8
Checking node: 8*1
Checking node: 1+7
Checking node: 7*7
Checking node: 7-3
Difference: 3
Using default bounds (multiplication)
Calculating: 3*6
Solving node: 3*6
x: 3
y: 6
Solving node: 3*6
x: 3
y: 6
Solving node: 3*6
x: 3
y: 6
Difference: 18
Calculating: 3*6:3
Solving node: 3*6
x: 3
y: 6
Solving node: 18:3
x: 18
y: 3
Solving node: 3*6
x: 3
y: 6
Solving node: 18:3
x: 18
y: 3
Solving node: 3*6
x: 3
y: 6
Solving node: 18:3
x: 18
y: 3
Difference: 6
Calculating: 3*6:3+1
Solving node: 3*6
x: 3
y: 6
Solving node: 18:3
x: 18
y: 3
Solving node: 6+1
x: 6
y: 1
Solving node: 3*6
x: 3
y: 6
Solving node: 18:3
x: 18
y: 3
Solving node: 3*6
x: 3
y: 6
Solving node: 18:3
x: 18
y: 3
Solving node: 6+1
x: 6
y: 1
Difference: 7
Using default bounds (multiplication)
Calculating: 3*6:3+1*4
Solving node: 3*6
x: 3
y: 6
Solving node: 18:3
x: 18
y: 3
Solving node: 1*4
x: 1
y: 4
Solving node: 6+4
x: 6
y: 4
Solving node: 3*6
x: 3
y: 6
Solving node: 18:3
x: 18
y: 3
Solving node: 1*4
x: 1
y: 4
Solving node: 3*6
x: 3
y: 6
Solving node: 18:3
x: 18
y: 3
Solving node: 1*4
x: 1
y: 4
Solving node: 6+4
x: 6
y: 4
Difference: 10
Last: 4; Last sum: 4
Calculating: 3*6:3+1*4-1
Solving node: 3*6
x: 3
y: 6
Solving node: 18:3
x: 18
y: 3
Solving node: 1*4
x: 1
y: 4
Solving node: 6+4
x: 6
y: 4
Solving node: 10-1
x: 10
y: 1
Solving node: 3*6
x: 3
y: 6
Solving node: 18:3
x: 18
y: 3
Solving node: 1*4
x: 1
y: 4
Solving node: 6+4
x: 6
y: 4
Solving node: 10-1
x: 10
y: 1
Solving node: 3*6
x: 3
y: 6
Solving node: 18:3
x: 18
y: 3
Solving node: 1*4
x: 1
y: 4
Solving node: 6+4
x: 6
y: 4
Difference: 10-1
Calculating bounds (multiplication)
Previous index: -1 | Last operator index: 2
Upper bound: 1
Solving node: 3*6
x: 3
y: 6
Solving node: 18:3
x: 18
y: 3
Solving node: 1*4
x: 1
y: 4
Solving node: 6+4
x: 6
y: 4
Solving node: 10-1
x: 10
y: 1
Solving node: 3*6
x: 3
y: 6
Solving node: 18:3
x: 18
y: 3
Solving node: 1*4
x: 1
y: 4
Solving node: 6+4
x: 6
y: 4
Difference: 10-1
Calculating: 3*6:3+1*4-1+5
Solving node: 3*6
x: 3
y: 6
Solving node: 18:3
x: 18
y: 3
Solving node: 1*4
x: 1
y: 4
Solving node: 6+4
x: 6
y: 4
Solving node: 10-1
x: 10
y: 1
Solving node: 9+5
x: 9
y: 5
Solving node: 3*6
x: 3
y: 6
Solving node: 18:3
x: 18
y: 3
Solving node: 1*4
x: 1
y: 4
Solving node: 6+4
x: 6
y: 4
Solving node: 10-1
x: 10
y: 1
Solving node: 3*6
x: 3
y: 6
Solving node: 18:3
x: 18
y: 3
Solving node: 1*4
x: 1
y: 4
Solving node: 6+4
x: 6
y: 4
Solving node: 10-1
x: 10
y: 1
Solving node: 9+5
x: 9
y: 5
Difference: 14
Last: 5; Last sum: 5
Calculating: 3*6:3+1*4-1+5-2
Solving node: 3*6
x: 3
y: 6
Solving node: 18:3
x: 18
y: 3
Solving node: 1*4
x: 1
y: 4
Solving node: 6+4
x: 6
y: 4
Solving node: 10-1
x: 10
y: 1
Solving node: 9+5
x: 9
y: 5
Solving node: 14-2
x: 14
y: 2
Solving node: 3*6
x: 3
y: 6
Solving node: 18:3
x: 18
y: 3
Solving node: 1*4
x: 1
y: 4
Solving node: 6+4
x: 6
y: 4
Solving node: 10-1
x: 10
y: 1
Solving node: 9+5
x: 9
y: 5
Solving node: 14-2
x: 14
y: 2
Solving node: 3*6
x: 3
y: 6
Solving node: 18:3
x: 18
y: 3
Solving node: 1*4
x: 1
y: 4
Solving node: 6+4
x: 6
y: 4
Solving node: 10-1
x: 10
y: 1
Solving node: 9+5
x: 9
y: 5
Difference: 14-2
Calculating bounds (multiplication)
Previous index: -1 | Last operator index: 2
Upper bound: 2
Calculating: 3*6:3+1*4-1+5-2*1
Solving node: 3*6
x: 3
y: 6
Solving node: 18:3
x: 18
y: 3
Solving node: 1*4
x: 1
y: 4
Solving node: 2*1
x: 2
y: 1
Solving node: 6+4
x: 6
y: 4
Solving node: 10-1
x: 10
y: 1
Solving node: 9+5
x: 9
y: 5
Solving node: 14-2
x: 14
y: 2
Solving node: 3*6
x: 3
y: 6
Solving node: 18:3
x: 18
y: 3
Solving node: 1*4
x: 1
y: 4
Solving node: 2*1
x: 2
y: 1
Solving node: 6+4
x: 6
y: 4
Solving node: 10-1
x: 10
y: 1
Solving node: 9+5
x: 9
y: 5
Solving node: 14-2
x: 14
y: 2
Solving node: 3*6
x: 3
y: 6
Solving node: 18:3
x: 18
y: 3
Solving node: 1*4
x: 1
y: 4
Solving node: 2*1
x: 2
y: 1
Solving node: 6+4
x: 6
y: 4
Solving node: 10-1
x: 10
y: 1
Solving node: 9+5
x: 9
y: 5
Difference: 14-2
Calculating: 3*6:3+1*4-1+5-2*1+2
Solving node: 3*6
x: 3
y: 6
Solving node: 18:3
x: 18
y: 3
Solving node: 1*4
x: 1
y: 4
Solving node: 2*1
x: 2
y: 1
Solving node: 6+4
x: 6
y: 4
Solving node: 10-1
x: 10
y: 1
Solving node: 9+5
x: 9
y: 5
Solving node: 14-2
x: 14
y: 2
Solving node: 12+2
x: 12
y: 2
Solving node: 3*6
x: 3
y: 6
Solving node: 18:3
x: 18
y: 3
Solving node: 1*4
x: 1
y: 4
Solving node: 2*1
x: 2
y: 1
Solving node: 6+4
x: 6
y: 4
Solving node: 10-1
x: 10
y: 1
Solving node: 9+5
x: 9
y: 5
Solving node: 14-2
x: 14
y: 2
Solving node: 3*6
x: 3
y: 6
Solving node: 18:3
x: 18
y: 3
Solving node: 1*4
x: 1
y: 4
Solving node: 2*1
x: 2
y: 1
Solving node: 6+4
x: 6
y: 4
Solving node: 10-1
x: 10
y: 1
Solving node: 9+5
x: 9
y: 5
Solving node: 14-2
x: 14
y: 2
Solving node: 12+2
x: 12
y: 2
Difference: 14
Using default bounds (multiplication)
Calculating: 3*6:3+1*4-1+5-2*1+2*3
Solving node: 3*6
x: 3
y: 6
Solving node: 18:3
x: 18
y: 3
Solving node: 1*4
x: 1
y: 4
Solving node: 2*1
x: 2
y: 1
Solving node: 2*3
x: 2
y: 3
Solving node: 6+4
x: 6
y: 4
Solving node: 10-1
x: 10
y: 1
Solving node: 9+5
x: 9
y: 5
Solving node: 14-2
x: 14
y: 2
Solving node: 12+6
x: 12
y: 6
Solving node: 3*6
x: 3
y: 6
Solving node: 18:3
x: 18
y: 3
Solving node: 1*4
x: 1
y: 4
Solving node: 2*1
x: 2
y: 1
Solving node: 2*3
x: 2
y: 3
Solving node: 6+4
x: 6
y: 4
Solving node: 10-1
x: 10
y: 1
Solving node: 9+5
x: 9
y: 5
Solving node: 14-2
x: 14
y: 2
Solving node: 3*6
x: 3
y: 6
Solving node: 18:3
x: 18
y: 3
Solving node: 1*4
x: 1
y: 4
Solving node: 2*1
x: 2
y: 1
Solving node: 2*3
x: 2
y: 3
Solving node: 6+4
x: 6
y: 4
Solving node: 10-1
x: 10
y: 1
Solving node: 9+5
x: 9
y: 5
Solving node: 14-2
x: 14
y: 2
Solving node: 12+6
x: 12
y: 6
Difference: 18
Last: 3; Last sum: 6
Calculating: 3*6:3+1*4-1+5-2*1+2*3-2
Solving node: 3*6
x: 3
y: 6
Solving node: 18:3
x: 18
y: 3
Solving node: 1*4
x: 1
y: 4
Solving node: 2*1
x: 2
y: 1
Solving node: 2*3
x: 2
y: 3
Solving node: 6+4
x: 6
y: 4
Solving node: 10-1
x: 10
y: 1
Solving node: 9+5
x: 9
y: 5
Solving node: 14-2
x: 14
y: 2
Solving node: 12+6
x: 12
y: 6
Solving node: 18-2
x: 18
y: 2
Solving node: 3*6
x: 3
y: 6
Solving node: 18:3
x: 18
y: 3
Solving node: 1*4
x: 1
y: 4
Solving node: 2*1
x: 2
y: 1
Solving node: 2*3
x: 2
y: 3
Solving node: 6+4
x: 6
y: 4
Solving node: 10-1
x: 10
y: 1
Solving node: 9+5
x: 9
y: 5
Solving node: 14-2
x: 14
y: 2
Solving node: 12+6
x: 12
y: 6
Solving node: 18-2
x: 18
y: 2
Solving node: 3*6
x: 3
y: 6
Solving node: 18:3
x: 18
y: 3
Solving node: 1*4
x: 1
y: 4
Solving node: 2*1
x: 2
y: 1
Solving node: 2*3
x: 2
y: 3
Solving node: 6+4
x: 6
y: 4
Solving node: 10-1
x: 10
y: 1
Solving node: 9+5
x: 9
y: 5
Solving node: 14-2
x: 14
y: 2
Solving node: 12+6
x: 12
y: 6
Difference: 18-2
Calculating: 3*6:3+1*4-1+5-2*1+2*3-2+1
Solving node: 3*6
x: 3
y: 6
Solving node: 18:3
x: 18
y: 3
Solving node: 1*4
x: 1
y: 4
Solving node: 2*1
x: 2
y: 1
Solving node: 2*3
x: 2
y: 3
Solving node: 6+4
x: 6
y: 4
Solving node: 10-1
x: 10
y: 1
Solving node: 9+5
x: 9
y: 5
Solving node: 14-2
x: 14
y: 2
Solving node: 12+6
x: 12
y: 6
Solving node: 18-2
x: 18
y: 2
Solving node: 16+1
x: 16
y: 1
Solving node: 3*6
x: 3
y: 6
Solving node: 18:3
x: 18
y: 3
Solving node: 1*4
x: 1
y: 4
Solving node: 2*1
x: 2
y: 1
Solving node: 2*3
x: 2
y: 3
Solving node: 6+4
x: 6
y: 4
Solving node: 10-1
x: 10
y: 1
Solving node: 9+5
x: 9
y: 5
Solving node: 14-2
x: 14
y: 2
Solving node: 12+6
x: 12
y: 6
Solving node: 18-2
x: 18
y: 2
Solving node: 3*6
x: 3
y: 6
Solving node: 18:3
x: 18
y: 3
Solving node: 1*4
x: 1
y: 4
Solving node: 2*1
x: 2
y: 1
Solving node: 2*3
x: 2
y: 3
Solving node: 6+4
x: 6
y: 4
Solving node: 10-1
x: 10
y: 1
Solving node: 9+5
x: 9
y: 5
Solving node: 14-2
x: 14
y: 2
Solving node: 12+6
x: 12
y: 6
Solving node: 18-2
x: 18
y: 2
Solving node: 16+1
x: 16
y: 1
Difference: 17
Using default bounds (multiplication)
Calculating: 3*6:3+1*4-1+5-2*1+2*3-2+1*7
Solving node: 3*6
x: 3
y: 6
Solving node: 18:3
x: 18
y: 3
Solving node: 1*4
x: 1
y: 4
Solving node: 2*1
x: 2
y: 1
Solving node: 2*3
x: 2
y: 3
Solving node: 1*7
x: 1
y: 7
Solving node: 6+4
x: 6
y: 4
Solving node: 10-1
x: 10
y: 1
Solving node: 9+5
x: 9
y: 5
Solving node: 14-2
x: 14
y: 2
Solving node: 12+6
x: 12
y: 6
Solving node: 18-2
x: 18
y: 2
Solving node: 16+7
x: 16
y: 7
Solving node: 3*6
x: 3
y: 6
Solving node: 18:3
x: 18
y: 3
Solving node: 1*4
x: 1
y: 4
Solving node: 2*1
x: 2
y: 1
Solving node: 2*3
x: 2
y: 3
Solving node: 1*7
x: 1
y: 7
Solving node: 6+4
x: 6
y: 4
Solving node: 10-1
x: 10
y: 1
Solving node: 9+5
x: 9
y: 5
Solving node: 14-2
x: 14
y: 2
Solving node: 12+6
x: 12
y: 6
Solving node: 18-2
x: 18
y: 2
Solving node: 3*6
x: 3
y: 6
Solving node: 18:3
x: 18
y: 3
Solving node: 1*4
x: 1
y: 4
Solving node: 2*1
x: 2
y: 1
Solving node: 2*3
x: 2
y: 3
Solving node: 1*7
x: 1
y: 7
Solving node: 6+4
x: 6
y: 4
Solving node: 10-1
x: 10
y: 1
Solving node: 9+5
x: 9
y: 5
Solving node: 14-2
x: 14
y: 2
Solving node: 12+6
x: 12
y: 6
Solving node: 18-2
x: 18
y: 2
Solving node: 16+7
x: 16
y: 7
Difference: 23
Last: 7; Last sum: 7
Calculating: 3*6:3+1*4-1+5-2*1+2*3-2+1*7-6
Solving node: 3*6
x: 3
y: 6
Solving node: 18:3
x: 18
y: 3
Solving node: 1*4
x: 1
y: 4
Solving node: 2*1
x: 2
y: 1
Solving node: 2*3
x: 2
y: 3
Solving node: 1*7
x: 1
y: 7
Solving node: 6+4
x: 6
y: 4
Solving node: 10-1
x: 10
y: 1
Solving node: 9+5
x: 9
y: 5
Solving node: 14-2
x: 14
y: 2
Solving node: 12+6
x: 12
y: 6
Solving node: 18-2
x: 18
y: 2
Solving node: 16+7
x: 16
y: 7
Solving node: 23-6
x: 23
y: 6
Solving node: 3*6
x: 3
y: 6
Solving node: 18:3
x: 18
y: 3
Solving node: 1*4
x: 1
y: 4
Solving node: 2*1
x: 2
y: 1
Solving node: 2*3
x: 2
y: 3
Solving node: 1*7
x: 1
y: 7
Solving node: 6+4
x: 6
y: 4
Solving node: 10-1
x: 10
y: 1
Solving node: 9+5
x: 9
y: 5
Solving node: 14-2
x: 14
y: 2
Solving node: 12+6
x: 12
y: 6
Solving node: 18-2
x: 18
y: 2
Solving node: 16+7
x: 16
y: 7
Solving node: 23-6
x: 23
y: 6
Solving node: 3*6
x: 3
y: 6
Solving node: 18:3
x: 18
y: 3
Solving node: 1*4
x: 1
y: 4
Solving node: 2*1
x: 2
y: 1
Solving node: 2*3
x: 2
y: 3
Solving node: 1*7
x: 1
y: 7
Solving node: 6+4
x: 6
y: 4
Solving node: 10-1
x: 10
y: 1
Solving node: 9+5
x: 9
y: 5
Solving node: 14-2
x: 14
y: 2
Solving node: 12+6
x: 12
y: 6
Solving node: 18-2
x: 18
y: 2
Solving node: 16+7
x: 16
y: 7
Difference: 23-6
Calculating bounds (multiplication)
Previous index: -1 | Last operator index: 2
Upper bound: 2
Calculating: 3*6:3+1*4-1+5-2*1+2*3-2+1*7-6*1
Solving node: 3*6
x: 3
y: 6
Solving node: 18:3
x: 18
y: 3
Solving node: 1*4
x: 1
y: 4
Solving node: 2*1
x: 2
y: 1
Solving node: 2*3
x: 2
y: 3
Solving node: 1*7
x: 1
y: 7
Solving node: 6*1
x: 6
y: 1
Solving node: 6+4
x: 6
y: 4
Solving node: 10-1
x: 10
y: 1
Solving node: 9+5
x: 9
y: 5
Solving node: 14-2
x: 14
y: 2
Solving node: 12+6
x: 12
y: 6
Solving node: 18-2
x: 18
y: 2
Solving node: 16+7
x: 16
y: 7
Solving node: 23-6
x: 23
y: 6
Solving node: 3*6
x: 3
y: 6
Solving node: 18:3
x: 18
y: 3
Solving node: 1*4
x: 1
y: 4
Solving node: 2*1
x: 2
y: 1
Solving node: 2*3
x: 2
y: 3
Solving node: 1*7
x: 1
y: 7
Solving node: 6*1
x: 6
y: 1
Solving node: 6+4
x: 6
y: 4
Solving node: 10-1
x: 10
y: 1
Solving node: 9+5
x: 9
y: 5
Solving node: 14-2
x: 14
y: 2
Solving node: 12+6
x: 12
y: 6
Solving node: 18-2
x: 18
y: 2
Solving node: 16+7
x: 16
y: 7
Solving node: 23-6
x: 23
y: 6
Solving node: 3*6
x: 3
y: 6
Solving node: 18:3
x: 18
y: 3
Solving node: 1*4
x: 1
y: 4
Solving node: 2*1
x: 2
y: 1
Solving node: 2*3
x: 2
y: 3
Solving node: 1*7
x: 1
y: 7
Solving node: 6*1
x: 6
y: 1
Solving node: 6+4
x: 6
y: 4
Solving node: 10-1
x: 10
y: 1
Solving node: 9+5
x: 9
y: 5
Solving node: 14-2
x: 14
y: 2
Solving node: 12+6
x: 12
y: 6
Solving node: 18-2
x: 18
y: 2
Solving node: 16+7
x: 16
y: 7
Difference: 23-6
Calculating: 3*6:3+1*4-1+5-2*1+2*3-2+1*7-6*1+9
Solving node: 3*6
x: 3
y: 6
Solving node: 18:3
x: 18
y: 3
Solving node: 1*4
x: 1
y: 4
Solving node: 2*1
x: 2
y: 1
Solving node: 2*3
x: 2
y: 3
Solving node: 1*7
x: 1
y: 7
Solving node: 6*1
x: 6
y: 1
Solving node: 6+4
x: 6
y: 4
Solving node: 10-1
x: 10
y: 1
Solving node: 9+5
x: 9
y: 5
Solving node: 14-2
x: 14
y: 2
Solving node: 12+6
x: 12
y: 6
Solving node: 18-2
x: 18
y: 2
Solving node: 16+7
x: 16
y: 7
Solving node: 23-6
x: 23
y: 6
Solving node: 17+9
x: 17
y: 9
Originallösung: 3*6:3+1*4-1+5-2*1+2*3-2+1*7-6*1+9 = 26
[13/100] 3*6:3+1*4-1+5-2*1+2*3-2+1*7-6*1+9
Testing equation: 3*6:3+1*4-1+5-2*1+2*3-2+1*7-6*1+9
Checking node: 3*6
Solving node: 3*6
x: 3
y: 6
Checking node: 18:3
Solving node: 18:3
x: 18
y: 3
Checking node: 1*4
Solving node: 1*4
x: 1
y: 4
Checking node: 2*1
Solving node: 2*1
x: 2
y: 1
Checking node: 2*3
Solving node: 2*3
x: 2
y: 3
Checking node: 1*7
Solving node: 1*7
x: 1
y: 7
Checking node: 6*1
Solving node: 6*1
x: 6
y: 1
Checking node: 6+4
Solving node: 6+4
x: 6
y: 4
Checking node: 10-1
Solving node: 10-1
x: 10
y: 1
Checking node: 9+5
Solving node: 9+5
x: 9
y: 5
Checking node: 14-2
Solving node: 14-2
x: 14
y: 2
Checking node: 12+6
Solving node: 12+6
x: 12
y: 6
Checking node: 18-2
Solving node: 18-2
x: 18
y: 2
Checking node: 16+7
Solving node: 16+7
x: 16
y: 7
Checking node: 23-6
Solving node: 23-6
x: 23
y: 6
Checking node: 17+9
Solving node: 17+9
x: 17
y: 9
Checking node: 3*6
Checking node: 6:3
Checking node: 3+1
Checking node: 1*4
Checking node: 4-1
Checking node: 1+5
Checking node: 5-2
Checking node: 2*1
Checking node: 1+2
Checking node: 2*3
Checking node: 3-2
Checking node: 2+1
Checking node: 1*7
Checking node: 7-6
Checking node: 6*1
Checking node: 1+9
Difference: 4
Using default bounds (multiplication)
Calculating: 4*6
Solving node: 4*6
x: 4
y: 6
Solving node: 4*6
x: 4
y: 6
Solving node: 4*6
x: 4
y: 6
Difference: 24
Calculating: 4*6:2
Solving node: 4*6
x: 4
y: 6
Solving node: 24:2
x: 24
y: 2
Solving node: 4*6
x: 4
y: 6
Solving node: 24:2
x: 24
y: 2
Solving node: 4*6
x: 4
y: 6
Solving node: 24:2
x: 24
y: 2
Difference: 12
Calculating: 4*6:2+3
Solving node: 4*6
x: 4
y: 6
Solving node: 24:2
x: 24
y: 2
Solving node: 12+3
x: 12
y: 3
Solving node: 4*6
x: 4
y: 6
Solving node: 24:2
x: 24
y: 2
Solving node: 4*6
x: 4
y: 6
Solving node: 24:2
x: 24
y: 2
Solving node: 12+3
x: 12
y: 3
Difference: 15
Last: 3; Last sum: 3
Calculating: 4*6:2+3-1
Solving node: 4*6
x: 4
y: 6
Solving node: 24:2
x: 24
y: 2
Solving node: 12+3
x: 12
y: 3
Solving node: 15-1
x: 15
y: 1
Solving node: 4*6
x: 4
y: 6
Solving node: 24:2
x: 24
y: 2
Solving node: 12+3
x: 12
y: 3
Solving node: 15-1
x: 15
y: 1
Solving node: 4*6
x: 4
y: 6
Solving node: 24:2
x: 24
y: 2
Solving node: 12+3
x: 12
y: 3
Difference: 15-1
Calculating bounds (multiplication)
Previous index: -1 | Last operator index: 2
Upper bound: 1
Solving node: 4*6
x: 4
y: 6
Solving node: 24:2
x: 24
y: 2
Solving node: 12+3
x: 12
y: 3
Solving node: 15-1
x: 15
y: 1
Solving node: 4*6
x: 4
y: 6
Solving node: 24:2
x: 24
y: 2
Solving node: 12+3
x: 12
y: 3
Difference: 15-1
Calculating: 4*6:2+3-1+2
Solving node: 4*6
x: 4
y: 6
Solving node: 24:2
x: 24
y: 2
Solving node: 12+3
x: 12
y: 3
Solving node: 15-1
x: 15
y: 1
Solving node: 14+2
x: 14
y: 2
Solving node: 4*6
x: 4
y: 6
Solving node: 24:2
x: 24
y: 2
Solving node: 12+3
x: 12
y: 3
Solving node: 15-1
x: 15
y: 1
Solving node: 4*6
x: 4
y: 6
Solving node: 24:2
x: 24
y: 2
Solving node: 12+3
x: 12
y: 3
Solving node: 15-1
x: 15
y: 1
Solving node: 14+2
x: 14
y: 2
Difference: 16
Using default bounds (multiplication)
Calculating: 4*6:2+3-1+2*8
Solving node: 4*6
x: 4
y: 6
Solving node: 24:2
x: 24
y: 2
Solving node: 2*8
x: 2
y: 8
Solving node: 12+3
x: 12
y: 3
Solving node: 15-1
x: 15
y: 1
Solving node: 14+16
x: 14
y: 16
Solving node: 4*6
x: 4
y: 6
Solving node: 24:2
x: 24
y: 2
Solving node: 2*8
x: 2
y: 8
Solving node: 12+3
x: 12
y: 3
Solving node: 15-1
x: 15
y: 1
Solving node: 4*6
x: 4
y: 6
Solving node: 24:2
x: 24
y: 2
Solving node: 2*8
x: 2
y: 8
Solving node: 12+3
x: 12
y: 3
Solving node: 15-1
x: 15
y: 1
Solving node: 14+16
x: 14
y: 16
Difference: 30
Calculating: 4*6:2+3-1+2*8:2
Solving node: 4*6
x: 4
y: 6
Solving node: 24:2
x: 24
y: 2
Solving node: 2*8
x: 2
y: 8
Solving node: 16:2
x: 16
y: 2
Solving node: 12+3
x: 12
y: 3
Solving node: 15-1
x: 15
y: 1
Solving node: 14+8
x: 14
y: 8
Solving node: 4*6
x: 4
y: 6
Solving node: 24:2
x: 24
y: 2
Solving node: 2*8
x: 2
y: 8
Solving node: 16:2
x: 16
y: 2
Solving node: 12+3
x: 12
y: 3
Solving node: 15-1
x: 15
y: 1
Solving node: 4*6
x: 4
y: 6
Solving node: 24:2
x: 24
y: 2
Solving node: 2*8
x: 2
y: 8
Solving node: 16:2
x: 16
y: 2
Solving node: 12+3
x: 12
y: 3
Solving node: 15-1
x: 15
y: 1
Solving node: 14+8
x: 14
y: 8
Difference: 22
Calculating: 4*6:2+3-1+2*8:2+9
Solving node: 4*6
x: 4
y: 6
Solving node: 24:2
x: 24
y: 2
Solving node: 2*8
x: 2
y: 8
Solving node: 16:2
x: 16
y: 2
Solving node: 12+3
x: 12
y: 3
Solving node: 15-1
x: 15
y: 1
Solving node: 14+8
x: 14
y: 8
Solving node: 22+9
x: 22
y: 9
Solving node: 4*6
x: 4
y: 6
Solving node: 24:2
x: 24
y: 2
Solving node: 2*8
x: 2
y: 8
Solving node: 16:2
x: 16
y: 2
Solving node: 12+3
x: 12
y: 3
Solving node: 15-1
x: 15
y: 1
Solving node: 4*6
x: 4
y: 6
Solving node: 24:2
x: 24
y: 2
Solving node: 2*8
x: 2
y: 8
Solving node: 16:2
x: 16
y: 2
Solving node: 12+3
x: 12
y: 3
Solving node: 15-1
x: 15
y: 1
Solving node: 14+8
x: 14
y: 8
Solving node: 22+9
x: 22
y: 9
Difference: 31
Using default bounds (multiplication)
Calculating: 4*6:2+3-1+2*8:2+9*8
Solving node: 4*6
x: 4
y: 6
Solving node: 24:2
x: 24
y: 2
Solving node: 2*8
x: 2
y: 8
Solving node: 16:2
x: 16
y: 2
Solving node: 9*8
x: 9
y: 8
Solving node: 12+3
x: 12
y: 3
Solving node: 15-1
x: 15
y: 1
Solving node: 14+8
x: 14
y: 8
Solving node: 22+72
x: 22
y: 72
Solving node: 4*6
x: 4
y: 6
Solving node: 24:2
x: 24
y: 2
Solving node: 2*8
x: 2
y: 8
Solving node: 16:2
x: 16
y: 2
Solving node: 9*8
x: 9
y: 8
Solving node: 12+3
x: 12
y: 3
Solving node: 15-1
x: 15
y: 1
Solving node: 4*6
x: 4
y: 6
Solving node: 24:2
x: 24
y: 2
Solving node: 2*8
x: 2
y: 8
Solving node: 16:2
x: 16
y: 2
Solving node: 9*8
x: 9
y: 8
Solving node: 12+3
x: 12
y: 3
Solving node: 15-1
x: 15
y: 1
Solving node: 14+8
x: 14
y: 8
Solving node: 22+72
x: 22
y: 72
Difference: 94
Calculating: 4*6:2+3-1+2*8:2+9*8+5
Solving node: 4*6
x: 4
y: 6
Solving node: 24:2
x: 24
y: 2
Solving node: 2*8
x: 2
y: 8
Solving node: 16:2
x: 16
y: 2
Solving node: 9*8
x: 9
y: 8
Solving node: 12+3
x: 12
y: 3
Solving node: 15-1
x: 15
y: 1
Solving node: 14+8
x: 14
y: 8
Solving node: 22+72
x: 22
y: 72
Solving node: 94+5
x: 94
y: 5
Solving node: 4*6
x: 4
y: 6
Solving node: 24:2
x: 24
y: 2
Solving node: 2*8
x: 2
y: 8
Solving node: 16:2
x: 16
y: 2
Solving node: 9*8
x: 9
y: 8
Solving node: 12+3
x: 12
y: 3
Solving node: 15-1
x: 15
y: 1
Solving node: 4*6
x: 4
y: 6
Solving node: 24:2
x: 24
y: 2
Solving node: 2*8
x: 2
y: 8
Solving node: 16:2
x: 16
y: 2
Solving node: 9*8
x: 9
y: 8
Solving node: 12+3
x: 12
y: 3
Solving node: 15-1
x: 15
y: 1
Solving node: 14+8
x: 14
y: 8
Solving node: 22+72
x: 22
y: 72
Solving node: 94+5
x: 94
y: 5
Difference: 99
Using default bounds (multiplication)
Calculating: 4*6:2+3-1+2*8:2+9*8+5*3
Solving node: 4*6
x: 4
y: 6
Solving node: 24:2
x: 24
y: 2
Solving node: 2*8
x: 2
y: 8
Solving node: 16:2
x: 16
y: 2
Solving node: 9*8
x: 9
y: 8
Solving node: 5*3
x: 5
y: 3
Solving node: 12+3
x: 12
y: 3
Solving node: 15-1
x: 15
y: 1
Solving node: 14+8
x: 14
y: 8
Solving node: 22+72
x: 22
y: 72
Solving node: 94+15
x: 94
y: 15
Solving node: 4*6
x: 4
y: 6
Solving node: 24:2
x: 24
y: 2
Solving node: 2*8
x: 2
y: 8
Solving node: 16:2
x: 16
y: 2
Solving node: 9*8
x: 9
y: 8
Solving node: 5*3
x: 5
y: 3
Solving node: 12+3
x: 12
y: 3
Solving node: 15-1
x: 15
y: 1
Solving node: 4*6
x: 4
y: 6
Solving node: 24:2
x: 24
y: 2
Solving node: 2*8
x: 2
y: 8
Solving node: 16:2
x: 16
y: 2
Solving node: 9*8
x: 9
y: 8
Solving node: 5*3
x: 5
y: 3
Solving node: 12+3
x: 12
y: 3
Solving node: 15-1
x: 15
y: 1
Solving node: 14+8
x: 14
y: 8
Solving node: 22+72
x: 22
y: 72
Solving node: 94+15
x: 94
y: 15
Difference: 109
Calculating: 4*6:2+3-1+2*8:2+9*8+5*3+8
Solving node: 4*6
x: 4
y: 6
Solving node: 24:2
x: 24
y: 2
Solving node: 2*8
x: 2
y: 8
Solving node: 16:2
x: 16
y: 2
Solving node: 9*8
x: 9
y: 8
Solving node: 5*3
x: 5
y: 3
Solving node: 12+3
x: 12
y: 3
Solving node: 15-1
x: 15
y: 1
Solving node: 14+8
x: 14
y: 8
Solving node: 22+72
x: 22
y: 72
Solving node: 94+15
x: 94
y: 15
Solving node: 109+8
x: 109
y: 8
Solving node: 4*6
x: 4
y: 6
Solving node: 24:2
x: 24
y: 2
Solving node: 2*8
x: 2
y: 8
Solving node: 16:2
x: 16
y: 2
Solving node: 9*8
x: 9
y: 8
Solving node: 5*3
x: 5
y: 3
Solving node: 12+3
x: 12
y: 3
Solving node: 15-1
x: 15
y: 1
Solving node: 4*6
x: 4
y: 6
Solving node: 24:2
x: 24
y: 2
Solving node: 2*8
x: 2
y: 8
Solving node: 16:2
x: 16
y: 2
Solving node: 9*8
x: 9
y: 8
Solving node: 5*3
x: 5
y: 3
Solving node: 12+3
x: 12
y: 3
Solving node: 15-1
x: 15
y: 1
Solving node: 14+8
x: 14
y: 8
Solving node: 22+72
x: 22
y: 72
Solving node: 94+15
x: 94
y: 15
Solving node: 109+8
x: 109
y: 8
Difference: 117
Using default bounds (multiplication)
Calculating: 4*6:2+3-1+2*8:2+9*8+5*3+8*6
Solving node: 4*6
x: 4
y: 6
Solving node: 24:2
x: 24
y: 2
Solving node: 2*8
x: 2
y: 8
Solving node: 16:2
x: 16
y: 2
Solving node: 9*8
x: 9
y: 8
Solving node: 5*3
x: 5
y: 3
Solving node: 8*6
x: 8
y: 6
Solving node: 12+3
x: 12
y: 3
Solving node: 15-1
x: 15
y: 1
Solving node: 14+8
x: 14
y: 8
Solving node: 22+72
x: 22
y: 72
Solving node: 94+15
x: 94
y: 15
Solving node: 109+48
x: 109
y: 48
Solving node: 4*6
x: 4
y: 6
Solving node: 24:2
x: 24
y: 2
Solving node: 2*8
x: 2
y: 8
Solving node: 16:2
x: 16
y: 2
Solving node: 9*8
x: 9
y: 8
Solving node: 5*3
x: 5
y: 3
Solving node: 8*6
x: 8
y: 6
Solving node: 12+3
x: 12
y: 3
Solving node: 15-1
x: 15
y: 1
Solving node: 4*6
x: 4
y: 6
Solving node: 24:2
x: 24
y: 2
Solving node: 2*8
x: 2
y: 8
Solving node: 16:2
x: 16
y: 2
Solving node: 9*8
x: 9
y: 8
Solving node: 5*3
x: 5
y: 3
Solving node: 8*6
x: 8
y: 6
Solving node: 12+3
x: 12
y: 3
Solving node: 15-1
x: 15
y: 1
Solving node: 14+8
x: 14
y: 8
Solving node: 22+72
x: 22
y: 72
Solving node: 94+15
x: 94
y: 15
Solving node: 109+48
x: 109
y: 48
Difference: 157
Last: 6; Last sum: 48
Calculating: 4*6:2+3-1+2*8:2+9*8+5*3+8*6-4
Solving node: 4*6
x: 4
y: 6
Solving node: 24:2
x: 24
y: 2
Solving node: 2*8
x: 2
y: 8
Solving node: 16:2
x: 16
y: 2
Solving node: 9*8
x: 9
y: 8
Solving node: 5*3
x: 5
y: 3
Solving node: 8*6
x: 8
y: 6
Solving node: 12+3
x: 12
y: 3
Solving node: 15-1
x: 15
y: 1
Solving node: 14+8
x: 14
y: 8
Solving node: 22+72
x: 22
y: 72
Solving node: 94+15
x: 94
y: 15
Solving node: 109+48
x: 109
y: 48
Solving node: 157-4
x: 157
y: 4
Solving node: 4*6
x: 4
y: 6
Solving node: 24:2
x: 24
y: 2
Solving node: 2*8
x: 2
y: 8
Solving node: 16:2
x: 16
y: 2
Solving node: 9*8
x: 9
y: 8
Solving node: 5*3
x: 5
y: 3
Solving node: 8*6
x: 8
y: 6
Solving node: 12+3
x: 12
y: 3
Solving node: 15-1
x: 15
y: 1
Solving node: 14+8
x: 14
y: 8
Solving node: 22+72
x: 22
y: 72
Solving node: 94+15
x: 94
y: 15
Solving node: 109+48
x: 109
y: 48
Solving node: 157-4
x: 157
y: 4
Solving node: 4*6
x: 4
y: 6
Solving node: 24:2
x: 24
y: 2
Solving node: 2*8
x: 2
y: 8
Solving node: 16:2
x: 16
y: 2
Solving node: 9*8
x: 9
y: 8
Solving node: 5*3
x: 5
y: 3
Solving node: 8*6
x: 8
y: 6
Solving node: 12+3
x: 12
y: 3
Solving node: 15-1
x: 15
y: 1
Solving node: 14+8
x: 14
y: 8
Solving node: 22+72
x: 22
y: 72
Solving node: 94+15
x: 94
y: 15
Solving node: 109+48
x: 109
y: 48
Difference: 157-4
Calculating: 4*6:2+3-1+2*8:2+9*8+5*3+8*6-4+8
Solving node: 4*6
x: 4
y: 6
Solving node: 24:2
x: 24
y: 2
Solving node: 2*8
x: 2
y: 8
Solving node: 16:2
x: 16
y: 2
Solving node: 9*8
x: 9
y: 8
Solving node: 5*3
x: 5
y: 3
Solving node: 8*6
x: 8
y: 6
Solving node: 12+3
x: 12
y: 3
Solving node: 15-1
x: 15
y: 1
Solving node: 14+8
x: 14
y: 8
Solving node: 22+72
x: 22
y: 72
Solving node: 94+15
x: 94
y: 15
Solving node: 109+48
x: 109
y: 48
Solving node: 157-4
x: 157
y: 4
Solving node: 153+8
x: 153
y: 8
Solving node: 4*6
x: 4
y: 6
Solving node: 24:2
x: 24
y: 2
Solving node: 2*8
x: 2
y: 8
Solving node: 16:2
x: 16
y: 2
Solving node: 9*8
x: 9
y: 8
Solving node: 5*3
x: 5
y: 3
Solving node: 8*6
x: 8
y: 6
Solving node: 12+3
x: 12
y: 3
Solving node: 15-1
x: 15
y: 1
Solving node: 14+8
x: 14
y: 8
Solving node: 22+72
x: 22
y: 72
Solving node: 94+15
x: 94
y: 15
Solving node: 109+48
x: 109
y: 48
Solving node: 157-4
x: 157
y: 4
Solving node: 4*6
x: 4
y: 6
Solving node: 24:2
x: 24
y: 2
Solving node: 2*8
x: 2
y: 8
Solving node: 16:2
x: 16
y: 2
Solving node: 9*8
x: 9
y: 8
Solving node: 5*3
x: 5
y: 3
Solving node: 8*6
x: 8
y: 6
Solving node: 12+3
x: 12
y: 3
Solving node: 15-1
x: 15
y: 1
Solving node: 14+8
x: 14
y: 8
Solving node: 22+72
x: 22
y: 72
Solving node: 94+15
x: 94
y: 15
Solving node: 109+48
x: 109
y: 48
Solving node: 157-4
x: 157
y: 4
Solving node: 153+8
x: 153
y: 8
Difference: 161
Last: 8; Last sum: 8
Calculating: 4*6:2+3-1+2*8:2+9*8+5*3+8*6-4+8-5
Solving node: 4*6
x: 4
y: 6
Solving node: 24:2
x: 24
y: 2
Solving node: 2*8
x: 2
y: 8
Solving node: 16:2
x: 16
y: 2
Solving node: 9*8
x: 9
y: 8
Solving node: 5*3
x: 5
y: 3
Solving node: 8*6
x: 8
y: 6
Solving node: 12+3
x: 12
y: 3
Solving node: 15-1
x: 15
y: 1
Solving node: 14+8
x: 14
y: 8
Solving node: 22+72
x: 22
y: 72
Solving node: 94+15
x: 94
y: 15
Solving node: 109+48
x: 109
y: 48
Solving node: 157-4
x: 157
y: 4
Solving node: 153+8
x: 153
y: 8
Solving node: 161-5
x: 161
y: 5
Originallösung: 4*6:2+3-1+2*8:2+9*8+5*3+8*6-4+8-5 = 156
[14/100] 4*6:2+3-1+2*8:2+9*8+5*3+8*6-4+8-5
Testing equation: 4*6:2+3-1+2*8:2+9*8+5*3+8*6-4+8-5
Checking node: 4*6
Solving node: 4*6
x: 4
y: 6
Checking node: 24:2
Solving node: 24:2
x: 24
y: 2
Checking node: 2*8
Solving node: 2*8
x: 2
y: 8
Checking node: 16:2
Solving node: 16:2
x: 16
y: 2
Checking node: 9*8
Solving node: 9*8
x: 9
y: 8
Checking node: 5*3
Solving node: 5*3
x: 5
y: 3
Checking node: 8*6
Solving node: 8*6
x: 8
y: 6
Checking node: 12+3
Solving node: 12+3
x: 12
y: 3
Checking node: 15-1
Solving node: 15-1
x: 15
y: 1
Checking node: 14+8
Solving node: 14+8
x: 14
y: 8
Checking node: 22+72
Solving node: 22+72
x: 22
y: 72
Checking node: 94+15
Solving node: 94+15
x: 94
y: 15
Checking node: 109+48
Solving node: 109+48
x: 109
y: 48
Checking node: 157-4
Solving node: 157-4
x: 157
y: 4
Checking node: 153+8
Solving node: 153+8
x: 153
y: 8
Checking node: 161-5
Solving node: 161-5
x: 161
y: 5
Checking node: 4*6
Checking node: 6:2
Checking node: 2+3
Checking node: 3-1
Checking node: 1+2
Checking node: 2*8
Checking node: 8:2
Checking node: 2+9
Checking node: 9*8
Checking node: 8+5
Checking node: 5*3
Checking node: 3+8
Checking node: 8*6
Checking node: 6-4
Checking node: 4+8
Checking node: 8-5
Difference: 5
Using default bounds (multiplication)
Calculating: 5*9
Solving node: 5*9
x: 5
y: 9
Solving node: 5*9
x: 5
y: 9
Solving node: 5*9
x: 5
y: 9
Difference: 45
Last: 9; Last sum: 45
Calculating: 5*9-1
Solving node: 5*9
x: 5
y: 9
Solving node: 45-1
x: 45
y: 1
Solving node: 5*9
x: 5
y: 9
Solving node: 45-1
x: 45
y: 1
Solving node: 5*9
x: 5
y: 9
Difference: 45-1
Calculating bounds (multiplication)
Previous index: -1 | Last operator index: 2
Upper bound: 1
Solving node: 5*9
x: 5
y: 9
Solving node: 45-1
x: 45
y: 1
Solving node: 5*9
x: 5
y: 9
Difference: 45-1
Calculating: 5*9-1+2
Solving node: 5*9
x: 5
y: 9
Solving node: 45-1
x: 45
y: 1
Solving node: 44+2
x: 44
y: 2
Solving node: 5*9
x: 5
y: 9
Solving node: 45-1
x: 45
y: 1
Solving node: 5*9
x: 5
y: 9
Solving node: 45-1
x: 45
y: 1
Solving node: 44+2
x: 44
y: 2
Difference: 46
Using default bounds (multiplication)
Calculating: 5*9-1+2*3
Solving node: 5*9
x: 5
y: 9
Solving node: 2*3
x: 2
y: 3
Solving node: 45-1
x: 45
y: 1
Solving node: 44+6
x: 44
y: 6
Solving node: 5*9
x: 5
y: 9
Solving node: 2*3
x: 2
y: 3
Solving node: 45-1
x: 45
y: 1
Solving node: 5*9
x: 5
y: 9
Solving node: 2*3
x: 2
y: 3
Solving node: 45-1
x: 45
y: 1
Solving node: 44+6
x: 44
y: 6
Difference: 50
Last: 3; Last sum: 6
Calculating: 5*9-1+2*3-1
Solving node: 5*9
x: 5
y: 9
Solving node: 2*3
x: 2
y: 3
Solving node: 45-1
x: 45
y: 1
Solving node: 44+6
x: 44
y: 6
Solving node: 50-1
x: 50
y: 1
Solving node: 5*9
x: 5
y: 9
Solving node: 2*3
x: 2
y: 3
Solving node: 45-1
x: 45
y: 1
Solving node: 44+6
x: 44
y: 6
Solving node: 50-1
x: 50
y: 1
Solving node: 5*9
x: 5
y: 9
Solving node: 2*3
x: 2
y: 3
Solving node: 45-1
x: 45
y: 1
Solving node: 44+6
x: 44
y: 6
Difference: 50-1
Calculating: 5*9-1+2*3-1+4
Solving node: 5*9
x: 5
y: 9
Solving node: 2*3
x: 2
y: 3
Solving node: 45-1
x: 45
y: 1
Solving node: 44+6
x: 44
y: 6
Solving node: 50-1
x: 50
y: 1
Solving node: 49+4
x: 49
y: 4
Solving node: 5*9
x: 5
y: 9
Solving node: 2*3
x: 2
y: 3
Solving node: 45-1
x: 45
y: 1
Solving node: 44+6
x: 44
y: 6
Solving node: 50-1
x: 50
y: 1
Solving node: 5*9
x: 5
y: 9
Solving node: 2*3
x: 2
y: 3
Solving node: 45-1
x: 45
y: 1
Solving node: 44+6
x: 44
y: 6
Solving node: 50-1
x: 50
y: 1
Solving node: 49+4
x: 49
y: 4
Difference: 53
Last: 4; Last sum: 4
Calculating: 5*9-1+2*3-1+4-3
Solving node: 5*9
x: 5
y: 9
Solving node: 2*3
x: 2
y: 3
Solving node: 45-1
x: 45
y: 1
Solving node: 44+6
x: 44
y: 6
Solving node: 50-1
x: 50
y: 1
Solving node: 49+4
x: 49
y: 4
Solving node: 53-3
x: 53
y: 3
Solving node: 5*9
x: 5
y: 9
Solving node: 2*3
x: 2
y: 3
Solving node: 45-1
x: 45
y: 1
Solving node: 44+6
x: 44
y: 6
Solving node: 50-1
x: 50
y: 1
Solving node: 49+4
x: 49
y: 4
Solving node: 53-3
x: 53
y: 3
Solving node: 5*9
x: 5
y: 9
Solving node: 2*3
x: 2
y: 3
Solving node: 45-1
x: 45
y: 1
Solving node: 44+6
x: 44
y: 6
Solving node: 50-1
x: 50
y: 1
Solving node: 49+4
x: 49
y: 4
Difference: 53-3
Calculating bounds (multiplication)
Previous index: -1 | Last operator index: 2
Upper bound: 3
Calculating: 5*9-1+2*3-1+4-3*2
Solving node: 5*9
x: 5
y: 9
Solving node: 2*3
x: 2
y: 3
Solving node: 3*2
x: 3
y: 2
Solving node: 45-1
x: 45
y: 1
Solving node: 44+6
x: 44
y: 6
Solving node: 50-1
x: 50
y: 1
Solving node: 49+4
x: 49
y: 4
Solving node: 53-6
x: 53
y: 6
Solving node: 5*9
x: 5
y: 9
Solving node: 2*3
x: 2
y: 3
Solving node: 3*2
x: 3
y: 2
Solving node: 45-1
x: 45
y: 1
Solving node: 44+6
x: 44
y: 6
Solving node: 50-1
x: 50
y: 1
Solving node: 49+4
x: 49
y: 4
Solving node: 53-6
x: 53
y: 6
Solving node: 5*9
x: 5
y: 9
Solving node: 2*3
x: 2
y: 3
Solving node: 3*2
x: 3
y: 2
Solving node: 45-1
x: 45
y: 1
Solving node: 44+6
x: 44
y: 6
Solving node: 50-1
x: 50
y: 1
Solving node: 49+4
x: 49
y: 4
Difference: 53-6
Calculating: 5*9-1+2*3-1+4-3*2+2
Solving node: 5*9
x: 5
y: 9
Solving node: 2*3
x: 2
y: 3
Solving node: 3*2
x: 3
y: 2
Solving node: 45-1
x: 45
y: 1
Solving node: 44+6
x: 44
y: 6
Solving node: 50-1
x: 50
y: 1
Solving node: 49+4
x: 49
y: 4
Solving node: 53-6
x: 53
y: 6
Solving node: 47+2
x: 47
y: 2
Solving node: 5*9
x: 5
y: 9
Solving node: 2*3
x: 2
y: 3
Solving node: 3*2
x: 3
y: 2
Solving node: 45-1
x: 45
y: 1
Solving node: 44+6
x: 44
y: 6
Solving node: 50-1
x: 50
y: 1
Solving node: 49+4
x: 49
y: 4
Solving node: 53-6
x: 53
y: 6
Solving node: 5*9
x: 5
y: 9
Solving node: 2*3
x: 2
y: 3
Solving node: 3*2
x: 3
y: 2
Solving node: 45-1
x: 45
y: 1
Solving node: 44+6
x: 44
y: 6
Solving node: 50-1
x: 50
y: 1
Solving node: 49+4
x: 49
y: 4
Solving node: 53-6
x: 53
y: 6
Solving node: 47+2
x: 47
y: 2
Difference: 49
Using default bounds (multiplication)
Calculating: 5*9-1+2*3-1+4-3*2+2*6
Solving node: 5*9
x: 5
y: 9
Solving node: 2*3
x: 2
y: 3
Solving node: 3*2
x: 3
y: 2
Solving node: 2*6
x: 2
y: 6
Solving node: 45-1
x: 45
y: 1
Solving node: 44+6
x: 44
y: 6
Solving node: 50-1
x: 50
y: 1
Solving node: 49+4
x: 49
y: 4
Solving node: 53-6
x: 53
y: 6
Solving node: 47+12
x: 47
y: 12
Solving node: 5*9
x: 5
y: 9
Solving node: 2*3
x: 2
y: 3
Solving node: 3*2
x: 3
y: 2
Solving node: 2*6
x: 2
y: 6
Solving node: 45-1
x: 45
y: 1
Solving node: 44+6
x: 44
y: 6
Solving node: 50-1
x: 50
y: 1
Solving node: 49+4
x: 49
y: 4
Solving node: 53-6
x: 53
y: 6
Solving node: 5*9
x: 5
y: 9
Solving node: 2*3
x: 2
y: 3
Solving node: 3*2
x: 3
y: 2
Solving node: 2*6
x: 2
y: 6
Solving node: 45-1
x: 45
y: 1
Solving node: 44+6
x: 44
y: 6
Solving node: 50-1
x: 50
y: 1
Solving node: 49+4
x: 49
y: 4
Solving node: 53-6
x: 53
y: 6
Solving node: 47+12
x: 47
y: 12
Difference: 59
Last: 6; Last sum: 12
Calculating: 5*9-1+2*3-1+4-3*2+2*6-4
Solving node: 5*9
x: 5
y: 9
Solving node: 2*3
x: 2
y: 3
Solving node: 3*2
x: 3
y: 2
Solving node: 2*6
x: 2
y: 6
Solving node: 45-1
x: 45
y: 1
Solving node: 44+6
x: 44
y: 6
Solving node: 50-1
x: 50
y: 1
Solving node: 49+4
x: 49
y: 4
Solving node: 53-6
x: 53
y: 6
Solving node: 47+12
x: 47
y: 12
Solving node: 59-4
x: 59
y: 4
Solving node: 5*9
x: 5
y: 9
Solving node: 2*3
x: 2
y: 3
Solving node: 3*2
x: 3
y: 2
Solving node: 2*6
x: 2
y: 6
Solving node: 45-1
x: 45
y: 1
Solving node: 44+6
x: 44
y: 6
Solving node: 50-1
x: 50
y: 1
Solving node: 49+4
x: 49
y: 4
Solving node: 53-6
x: 53
y: 6
Solving node: 47+12
x: 47
y: 12
Solving node: 59-4
x: 59
y: 4
Solving node: 5*9
x: 5
y: 9
Solving node: 2*3
x: 2
y: 3
Solving node: 3*2
x: 3
y: 2
Solving node: 2*6
x: 2
y: 6
Solving node: 45-1
x: 45
y: 1
Solving node: 44+6
x: 44
y: 6
Solving node: 50-1
x: 50
y: 1
Solving node: 49+4
x: 49
y: 4
Solving node: 53-6
x: 53
y: 6
Solving node: 47+12
x: 47
y: 12
Difference: 59-4
Calculating bounds (multiplication)
Previous index: -1 | Last operator index: 2
Upper bound: 4
Calculating: 5*9-1+2*3-1+4-3*2+2*6-4*1
Solving node: 5*9
x: 5
y: 9
Solving node: 2*3
x: 2
y: 3
Solving node: 3*2
x: 3
y: 2
Solving node: 2*6
x: 2
y: 6
Solving node: 4*1
x: 4
y: 1
Solving node: 45-1
x: 45
y: 1
Solving node: 44+6
x: 44
y: 6
Solving node: 50-1
x: 50
y: 1
Solving node: 49+4
x: 49
y: 4
Solving node: 53-6
x: 53
y: 6
Solving node: 47+12
x: 47
y: 12
Solving node: 59-4
x: 59
y: 4
Solving node: 5*9
x: 5
y: 9
Solving node: 2*3
x: 2
y: 3
Solving node: 3*2
x: 3
y: 2
Solving node: 2*6
x: 2
y: 6
Solving node: 4*1
x: 4
y: 1
Solving node: 45-1
x: 45
y: 1
Solving node: 44+6
x: 44
y: 6
Solving node: 50-1
x: 50
y: 1
Solving node: 49+4
x: 49
y: 4
Solving node: 53-6
x: 53
y: 6
Solving node: 47+12
x: 47
y: 12
Solving node: 59-4
x: 59
y: 4
Solving node: 5*9
x: 5
y: 9
Solving node: 2*3
x: 2
y: 3
Solving node: 3*2
x: 3
y: 2
Solving node: 2*6
x: 2
y: 6
Solving node: 4*1
x: 4
y: 1
Solving node: 45-1
x: 45
y: 1
Solving node: 44+6
x: 44
y: 6
Solving node: 50-1
x: 50
y: 1
Solving node: 49+4
x: 49
y: 4
Solving node: 53-6
x: 53
y: 6
Solving node: 47+12
x: 47
y: 12
Difference: 59-4
Calculating: 5*9-1+2*3-1+4-3*2+2*6-4*1+4
Solving node: 5*9
x: 5
y: 9
Solving node: 2*3
x: 2
y: 3
Solving node: 3*2
x: 3
y: 2
Solving node: 2*6
x: 2
y: 6
Solving node: 4*1
x: 4
y: 1
Solving node: 45-1
x: 45
y: 1
Solving node: 44+6
x: 44
y: 6
Solving node: 50-1
x: 50
y: 1
Solving node: 49+4
x: 49
y: 4
Solving node: 53-6
x: 53
y: 6
Solving node: 47+12
x: 47
y: 12
Solving node: 59-4
x: 59
y: 4
Solving node: 55+4
x: 55
y: 4
Solving node: 5*9
x: 5
y: 9
Solving node: 2*3
x: 2
y: 3
Solving node: 3*2
x: 3
y: 2
Solving node: 2*6
x: 2
y: 6
Solving node: 4*1
x: 4
y: 1
Solving node: 45-1
x: 45
y: 1
Solving node: 44+6
x: 44
y: 6
Solving node: 50-1
x: 50
y: 1
Solving node: 49+4
x: 49
y: 4
Solving node: 53-6
x: 53
y: 6
Solving node: 47+12
x: 47
y: 12
Solving node: 59-4
x: 59
y: 4
Solving node: 5*9
x: 5
y: 9
Solving node: 2*3
x: 2
y: 3
Solving node: 3*2
x: 3
y: 2
Solving node: 2*6
x: 2
y: 6
Solving node: 4*1
x: 4
y: 1
Solving node: 45-1
x: 45
y: 1
Solving node: 44+6
x: 44
y: 6
Solving node: 50-1
x: 50
y: 1
Solving node: 49+4
x: 49
y: 4
Solving node: 53-6
x: 53
y: 6
Solving node: 47+12
x: 47
y: 12
Solving node: 59-4
x: 59
y: 4
Solving node: 55+4
x: 55
y: 4
Difference: 59
Calculating: 5*9-1+2*3-1+4-3*2+2*6-4*1+4:2
Solving node: 5*9
x: 5
y: 9
Solving node: 2*3
x: 2
y: 3
Solving node: 3*2
x: 3
y: 2
Solving node: 2*6
x: 2
y: 6
Solving node: 4*1
x: 4
y: 1
Solving node: 4:2
x: 4
y: 2
Solving node: 45-1
x: 45
y: 1
Solving node: 44+6
x: 44
y: 6
Solving node: 50-1
x: 50
y: 1
Solving node: 49+4
x: 49
y: 4
Solving node: 53-6
x: 53
y: 6
Solving node: 47+12
x: 47
y: 12
Solving node: 59-4
x: 59
y: 4
Solving node: 55+2
x: 55
y: 2
Solving node: 5*9
x: 5
y: 9
Solving node: 2*3
x: 2
y: 3
Solving node: 3*2
x: 3
y: 2
Solving node: 2*6
x: 2
y: 6
Solving node: 4*1
x: 4
y: 1
Solving node: 4:2
x: 4
y: 2
Solving node: 45-1
x: 45
y: 1
Solving node: 44+6
x: 44
y: 6
Solving node: 50-1
x: 50
y: 1
Solving node: 49+4
x: 49
y: 4
Solving node: 53-6
x: 53
y: 6
Solving node: 47+12
x: 47
y: 12
Solving node: 59-4
x: 59
y: 4
Solving node: 5*9
x: 5
y: 9
Solving node: 2*3
x: 2
y: 3
Solving node: 3*2
x: 3
y: 2
Solving node: 2*6
x: 2
y: 6
Solving node: 4*1
x: 4
y: 1
Solving node: 4:2
x: 4
y: 2
Solving node: 45-1
x: 45
y: 1
Solving node: 44+6
x: 44
y: 6
Solving node: 50-1
x: 50
y: 1
Solving node: 49+4
x: 49
y: 4
Solving node: 53-6
x: 53
y: 6
Solving node: 47+12
x: 47
y: 12
Solving node: 59-4
x: 59
y: 4
Solving node: 55+2
x: 55
y: 2
Difference: 57
Calculating: 5*9-1+2*3-1+4-3*2+2*6-4*1+4:2+5
Solving node: 5*9
x: 5
y: 9
Solving node: 2*3
x: 2
y: 3
Solving node: 3*2
x: 3
y: 2
Solving node: 2*6
x: 2
y: 6
Solving node: 4*1
x: 4
y: 1
Solving node: 4:2
x: 4
y: 2
Solving node: 45-1
x: 45
y: 1
Solving node: 44+6
x: 44
y: 6
Solving node: 50-1
x: 50
y: 1
Solving node: 49+4
x: 49
y: 4
Solving node: 53-6
x: 53
y: 6
Solving node: 47+12
x: 47
y: 12
Solving node: 59-4
x: 59
y: 4
Solving node: 55+2
x: 55
y: 2
Solving node: 57+5
x: 57
y: 5
Solving node: 5*9
x: 5
y: 9
Solving node: 2*3
x: 2
y: 3
Solving node: 3*2
x: 3
y: 2
Solving node: 2*6
x: 2
y: 6
Solving node: 4*1
x: 4
y: 1
Solving node: 4:2
x: 4
y: 2
Solving node: 45-1
x: 45
y: 1
Solving node: 44+6
x: 44
y: 6
Solving node: 50-1
x: 50
y: 1
Solving node: 49+4
x: 49
y: 4
Solving node: 53-6
x: 53
y: 6
Solving node: 47+12
x: 47
y: 12
Solving node: 59-4
x: 59
y: 4
Solving node: 5*9
x: 5
y: 9
Solving node: 2*3
x: 2
y: 3
Solving node: 3*2
x: 3
y: 2
Solving node: 2*6
x: 2
y: 6
Solving node: 4*1
x: 4
y: 1
Solving node: 4:2
x: 4
y: 2
Solving node: 45-1
x: 45
y: 1
Solving node: 44+6
x: 44
y: 6
Solving node: 50-1
x: 50
y: 1
Solving node: 49+4
x: 49
y: 4
Solving node: 53-6
x: 53
y: 6
Solving node: 47+12
x: 47
y: 12
Solving node: 59-4
x: 59
y: 4
Solving node: 55+2
x: 55
y: 2
Solving node: 57+5
x: 57
y: 5
Difference: 62
Last: 5; Last sum: 5
Calculating: 5*9-1+2*3-1+4-3*2+2*6-4*1+4:2+5-1
Solving node: 5*9
x: 5
y: 9
Solving node: 2*3
x: 2
y: 3
Solving node: 3*2
x: 3
y: 2
Solving node: 2*6
x: 2
y: 6
Solving node: 4*1
x: 4
y: 1
Solving node: 4:2
x: 4
y: 2
Solving node: 45-1
x: 45
y: 1
Solving node: 44+6
x: 44
y: 6
Solving node: 50-1
x: 50
y: 1
Solving node: 49+4
x: 49
y: 4
Solving node: 53-6
x: 53
y: 6
Solving node: 47+12
x: 47
y: 12
Solving node: 59-4
x: 59
y: 4
Solving node: 55+2
x: 55
y: 2
Solving node: 57+5
x: 57
y: 5
Solving node: 62-1
x: 62
y: 1
Originallösung: 5*9-1+2*3-1+4-3*2+2*6-4*1+4:2+5-1 = 61
[15/100] 5*9-1+2*3-1+4-3*2+2*6-4*1+4:2+5-1
Testing equation: 5*9-1+2*3-1+4-3*2+2*6-4*1+4:2+5-1
Checking node: 5*9
Solving node: 5*9
x: 5
y: 9
Checking node: 2*3
Solving node: 2*3
x: 2
y: 3
Checking node: 3*2
Solving node: 3*2
x: 3
y: 2
Checking node: 2*6
Solving node: 2*6
x: 2
y: 6
Checking node: 4*1
Solving node: 4*1
x: 4
y: 1
Checking node: 4:2
Solving node: 4:2
x: 4
y: 2
Checking node: 45-1
Solving node: 45-1
x: 45
y: 1
Checking node: 44+6
Solving node: 44+6
x: 44
y: 6
Checking node: 50-1
Solving node: 50-1
x: 50
y: 1
Checking node: 49+4
Solving node: 49+4
x: 49
y: 4
Checking node: 53-6
Solving node: 53-6
x: 53
y: 6
Checking node: 47+12
Solving node: 47+12
x: 47
y: 12
Checking node: 59-4
Solving node: 59-4
x: 59
y: 4
Checking node: 55+2
Solving node: 55+2
x: 55
y: 2
Checking node: 57+5
Solving node: 57+5
x: 57
y: 5
Checking node: 62-1
Solving node: 62-1
x: 62
y: 1
Checking node: 5*9
Checking node: 9-1
Checking node: 1+2
Checking node: 2*3
Checking node: 3-1
Checking node: 1+4
Checking node: 4-3
Checking node: 3*2
Checking node: 2+2
Checking node: 2*6
Checking node: 6-4
Checking node: 4*1
Checking node: 1+4
Checking node: 4:2
Checking node: 2+5
Checking node: 5-1
Difference: 1
Using default bounds (multiplication)
Calculating: 1*2
Solving node: 1*2
x: 1
y: 2
Solving node: 1*2
x: 1
y: 2
Solving node: 1*2
x: 1
y: 2
Difference: 2
Calculating: 1*2+4
Solving node: 1*2
x: 1
y: 2
Solving node: 2+4
x: 2
y: 4
Solving node: 1*2
x: 1
y: 2
Solving node: 1*2
x: 1
y: 2
Solving node: 2+4
x: 2
y: 4
Difference: 6
Calculating: 1*2+4:2
Solving node: 1*2
x: 1
y: 2
Solving node: 4:2
x: 4
y: 2
Solving node: 2+2
x: 2
y: 2
Solving node: 1*2
x: 1
y: 2
Solving node: 4:2
x: 4
y: 2
Solving node: 1*2
x: 1
y: 2
Solving node: 4:2
x: 4
y: 2
Solving node: 2+2
x: 2
y: 2
Difference: 4
Using default bounds (multiplication)
Calculating: 1*2+4:2*5
Solving node: 1*2
x: 1
y: 2
Solving node: 4:2
x: 4
y: 2
Solving node: 2*5
x: 2
y: 5
Solving node: 2+10
x: 2
y: 10
Solving node: 1*2
x: 1
y: 2
Solving node: 4:2
x: 4
y: 2
Solving node: 2*5
x: 2
y: 5
Solving node: 1*2
x: 1
y: 2
Solving node: 4:2
x: 4
y: 2
Solving node: 2*5
x: 2
y: 5
Solving node: 2+10
x: 2
y: 10
Difference: 12
Calculating: 1*2+4:2*5+3
Solving node: 1*2
x: 1
y: 2
Solving node: 4:2
x: 4
y: 2
Solving node: 2*5
x: 2
y: 5
Solving node: 2+10
x: 2
y: 10
Solving node: 12+3
x: 12
y: 3
Solving node: 1*2
x: 1
y: 2
Solving node: 4:2
x: 4
y: 2
Solving node: 2*5
x: 2
y: 5
Solving node: 1*2
x: 1
y: 2
Solving node: 4:2
x: 4
y: 2
Solving node: 2*5
x: 2
y: 5
Solving node: 2+10
x: 2
y: 10
Solving node: 12+3
x: 12
y: 3
Difference: 15
Last: 3; Last sum: 3
Calculating: 1*2+4:2*5+3-1
Solving node: 1*2
x: 1
y: 2
Solving node: 4:2
x: 4
y: 2
Solving node: 2*5
x: 2
y: 5
Solving node: 2+10
x: 2
y: 10
Solving node: 12+3
x: 12
y: 3
Solving node: 15-1
x: 15
y: 1
Solving node: 1*2
x: 1
y: 2
Solving node: 4:2
x: 4
y: 2
Solving node: 2*5
x: 2
y: 5
Solving node: 2+10
x: 2
y: 10
Solving node: 12+3
x: 12
y: 3
Solving node: 15-1
x: 15
y: 1
Solving node: 1*2
x: 1
y: 2
Solving node: 4:2
x: 4
y: 2
Solving node: 2*5
x: 2
y: 5
Solving node: 2+10
x: 2
y: 10
Solving node: 12+3
x: 12
y: 3
Difference: 15-1
Calculating: 1*2+4:2*5+3-1+2
Solving node: 1*2
x: 1
y: 2
Solving node: 4:2
x: 4
y: 2
Solving node: 2*5
x: 2
y: 5
Solving node: 2+10
x: 2
y: 10
Solving node: 12+3
x: 12
y: 3
Solving node: 15-1
x: 15
y: 1
Solving node: 14+2
x: 14
y: 2
Solving node: 1*2
x: 1
y: 2
Solving node: 4:2
x: 4
y: 2
Solving node: 2*5
x: 2
y: 5
Solving node: 2+10
x: 2
y: 10
Solving node: 12+3
x: 12
y: 3
Solving node: 15-1
x: 15
y: 1
Solving node: 1*2
x: 1
y: 2
Solving node: 4:2
x: 4
y: 2
Solving node: 2*5
x: 2
y: 5
Solving node: 2+10
x: 2
y: 10
Solving node: 12+3
x: 12
y: 3
Solving node: 15-1
x: 15
y: 1
Solving node: 14+2
x: 14
y: 2
Difference: 16
Using default bounds (multiplication)
Calculating: 1*2+4:2*5+3-1+2*9
Solving node: 1*2
x: 1
y: 2
Solving node: 4:2
x: 4
y: 2
Solving node: 2*5
x: 2
y: 5
Solving node: 2*9
x: 2
y: 9
Solving node: 2+10
x: 2
y: 10
Solving node: 12+3
x: 12
y: 3
Solving node: 15-1
x: 15
y: 1
Solving node: 14+18
x: 14
y: 18
Solving node: 1*2
x: 1
y: 2
Solving node: 4:2
x: 4
y: 2
Solving node: 2*5
x: 2
y: 5
Solving node: 2*9
x: 2
y: 9
Solving node: 2+10
x: 2
y: 10
Solving node: 12+3
x: 12
y: 3
Solving node: 15-1
x: 15
y: 1
Solving node: 1*2
x: 1
y: 2
Solving node: 4:2
x: 4
y: 2
Solving node: 2*5
x: 2
y: 5
Solving node: 2*9
x: 2
y: 9
Solving node: 2+10
x: 2
y: 10
Solving node: 12+3
x: 12
y: 3
Solving node: 15-1
x: 15
y: 1
Solving node: 14+18
x: 14
y: 18
Difference: 32
Calculating: 1*2+4:2*5+3-1+2*9+3
Solving node: 1*2
x: 1
y: 2
Solving node: 4:2
x: 4
y: 2
Solving node: 2*5
x: 2
y: 5
Solving node: 2*9
x: 2
y: 9
Solving node: 2+10
x: 2
y: 10
Solving node: 12+3
x: 12
y: 3
Solving node: 15-1
x: 15
y: 1
Solving node: 14+18
x: 14
y: 18
Solving node: 32+3
x: 32
y: 3
Solving node: 1*2
x: 1
y: 2
Solving node: 4:2
x: 4
y: 2
Solving node: 2*5
x: 2
y: 5
Solving node: 2*9
x: 2
y: 9
Solving node: 2+10
x: 2
y: 10
Solving node: 12+3
x: 12
y: 3
Solving node: 15-1
x: 15
y: 1
Solving node: 1*2
x: 1
y: 2
Solving node: 4:2
x: 4
y: 2
Solving node: 2*5
x: 2
y: 5
Solving node: 2*9
x: 2
y: 9
Solving node: 2+10
x: 2
y: 10
Solving node: 12+3
x: 12
y: 3
Solving node: 15-1
x: 15
y: 1
Solving node: 14+18
x: 14
y: 18
Solving node: 32+3
x: 32
y: 3
Difference: 35
Using default bounds (multiplication)
Calculating: 1*2+4:2*5+3-1+2*9+3*5
Solving node: 1*2
x: 1
y: 2
Solving node: 4:2
x: 4
y: 2
Solving node: 2*5
x: 2
y: 5
Solving node: 2*9
x: 2
y: 9
Solving node: 3*5
x: 3
y: 5
Solving node: 2+10
x: 2
y: 10
Solving node: 12+3
x: 12
y: 3
Solving node: 15-1
x: 15
y: 1
Solving node: 14+18
x: 14
y: 18
Solving node: 32+15
x: 32
y: 15
Solving node: 1*2
x: 1
y: 2
Solving node: 4:2
x: 4
y: 2
Solving node: 2*5
x: 2
y: 5
Solving node: 2*9
x: 2
y: 9
Solving node: 3*5
x: 3
y: 5
Solving node: 2+10
x: 2
y: 10
Solving node: 12+3
x: 12
y: 3
Solving node: 15-1
x: 15
y: 1
Solving node: 1*2
x: 1
y: 2
Solving node: 4:2
x: 4
y: 2
Solving node: 2*5
x: 2
y: 5
Solving node: 2*9
x: 2
y: 9
Solving node: 3*5
x: 3
y: 5
Solving node: 2+10
x: 2
y: 10
Solving node: 12+3
x: 12
y: 3
Solving node: 15-1
x: 15
y: 1
Solving node: 14+18
x: 14
y: 18
Solving node: 32+15
x: 32
y: 15
Difference: 47
Calculating: 1*2+4:2*5+3-1+2*9+3*5+1
Solving node: 1*2
x: 1
y: 2
Solving node: 4:2
x: 4
y: 2
Solving node: 2*5
x: 2
y: 5
Solving node: 2*9
x: 2
y: 9
Solving node: 3*5
x: 3
y: 5
Solving node: 2+10
x: 2
y: 10
Solving node: 12+3
x: 12
y: 3
Solving node: 15-1
x: 15
y: 1
Solving node: 14+18
x: 14
y: 18
Solving node: 32+15
x: 32
y: 15
Solving node: 47+1
x: 47
y: 1
Solving node: 1*2
x: 1
y: 2
Solving node: 4:2
x: 4
y: 2
Solving node: 2*5
x: 2
y: 5
Solving node: 2*9
x: 2
y: 9
Solving node: 3*5
x: 3
y: 5
Solving node: 2+10
x: 2
y: 10
Solving node: 12+3
x: 12
y: 3
Solving node: 15-1
x: 15
y: 1
Solving node: 1*2
x: 1
y: 2
Solving node: 4:2
x: 4
y: 2
Solving node: 2*5
x: 2
y: 5
Solving node: 2*9
x: 2
y: 9
Solving node: 3*5
x: 3
y: 5
Solving node: 2+10
x: 2
y: 10
Solving node: 12+3
x: 12
y: 3
Solving node: 15-1
x: 15
y: 1
Solving node: 14+18
x: 14
y: 18
Solving node: 32+15
x: 32
y: 15
Solving node: 47+1
x: 47
y: 1
Difference: 48
Using default bounds (multiplication)
Calculating: 1*2+4:2*5+3-1+2*9+3*5+1*8
Solving node: 1*2
x: 1
y: 2
Solving node: 4:2
x: 4
y: 2
Solving node: 2*5
x: 2
y: 5
Solving node: 2*9
x: 2
y: 9
Solving node: 3*5
x: 3
y: 5
Solving node: 1*8
x: 1
y: 8
Solving node: 2+10
x: 2
y: 10
Solving node: 12+3
x: 12
y: 3
Solving node: 15-1
x: 15
y: 1
Solving node: 14+18
x: 14
y: 18
Solving node: 32+15
x: 32
y: 15
Solving node: 47+8
x: 47
y: 8
Solving node: 1*2
x: 1
y: 2
Solving node: 4:2
x: 4
y: 2
Solving node: 2*5
x: 2
y: 5
Solving node: 2*9
x: 2
y: 9
Solving node: 3*5
x: 3
y: 5
Solving node: 1*8
x: 1
y: 8
Solving node: 2+10
x: 2
y: 10
Solving node: 12+3
x: 12
y: 3
Solving node: 15-1
x: 15
y: 1
Solving node: 1*2
x: 1
y: 2
Solving node: 4:2
x: 4
y: 2
Solving node: 2*5
x: 2
y: 5
Solving node: 2*9
x: 2
y: 9
Solving node: 3*5
x: 3
y: 5
Solving node: 1*8
x: 1
y: 8
Solving node: 2+10
x: 2
y: 10
Solving node: 12+3
x: 12
y: 3
Solving node: 15-1
x: 15
y: 1
Solving node: 14+18
x: 14
y: 18
Solving node: 32+15
x: 32
y: 15
Solving node: 47+8
x: 47
y: 8
Difference: 55
Last: 8; Last sum: 8
Calculating: 1*2+4:2*5+3-1+2*9+3*5+1*8-4
Solving node: 1*2
x: 1
y: 2
Solving node: 4:2
x: 4
y: 2
Solving node: 2*5
x: 2
y: 5
Solving node: 2*9
x: 2
y: 9
Solving node: 3*5
x: 3
y: 5
Solving node: 1*8
x: 1
y: 8
Solving node: 2+10
x: 2
y: 10
Solving node: 12+3
x: 12
y: 3
Solving node: 15-1
x: 15
y: 1
Solving node: 14+18
x: 14
y: 18
Solving node: 32+15
x: 32
y: 15
Solving node: 47+8
x: 47
y: 8
Solving node: 55-4
x: 55
y: 4
Solving node: 1*2
x: 1
y: 2
Solving node: 4:2
x: 4
y: 2
Solving node: 2*5
x: 2
y: 5
Solving node: 2*9
x: 2
y: 9
Solving node: 3*5
x: 3
y: 5
Solving node: 1*8
x: 1
y: 8
Solving node: 2+10
x: 2
y: 10
Solving node: 12+3
x: 12
y: 3
Solving node: 15-1
x: 15
y: 1
Solving node: 14+18
x: 14
y: 18
Solving node: 32+15
x: 32
y: 15
Solving node: 47+8
x: 47
y: 8
Solving node: 55-4
x: 55
y: 4
Solving node: 1*2
x: 1
y: 2
Solving node: 4:2
x: 4
y: 2
Solving node: 2*5
x: 2
y: 5
Solving node: 2*9
x: 2
y: 9
Solving node: 3*5
x: 3
y: 5
Solving node: 1*8
x: 1
y: 8
Solving node: 2+10
x: 2
y: 10
Solving node: 12+3
x: 12
y: 3
Solving node: 15-1
x: 15
y: 1
Solving node: 14+18
x: 14
y: 18
Solving node: 32+15
x: 32
y: 15
Solving node: 47+8
x: 47
y: 8
Difference: 55-4
Previous index: -1 | Last operator index: 2
Calculating: 1*2+4:2*5+3-1+2*9+3*5+1*8-4:2
Solving node: 1*2
x: 1
y: 2
Solving node: 4:2
x: 4
y: 2
Solving node: 2*5
x: 2
y: 5
Solving node: 2*9
x: 2
y: 9
Solving node: 3*5
x: 3
y: 5
Solving node: 1*8
x: 1
y: 8
Solving node: 4:2
x: 4
y: 2
Solving node: 2+10
x: 2
y: 10
Solving node: 12+3
x: 12
y: 3
Solving node: 15-1
x: 15
y: 1
Solving node: 14+18
x: 14
y: 18
Solving node: 32+15
x: 32
y: 15
Solving node: 47+8
x: 47
y: 8
Solving node: 55-2
x: 55
y: 2
Solving node: 1*2
x: 1
y: 2
Solving node: 4:2
x: 4
y: 2
Solving node: 2*5
x: 2
y: 5
Solving node: 2*9
x: 2
y: 9
Solving node: 3*5
x: 3
y: 5
Solving node: 1*8
x: 1
y: 8
Solving node: 4:2
x: 4
y: 2
Solving node: 2+10
x: 2
y: 10
Solving node: 12+3
x: 12
y: 3
Solving node: 15-1
x: 15
y: 1
Solving node: 14+18
x: 14
y: 18
Solving node: 32+15
x: 32
y: 15
Solving node: 47+8
x: 47
y: 8
Solving node: 55-2
x: 55
y: 2
Solving node: 1*2
x: 1
y: 2
Solving node: 4:2
x: 4
y: 2
Solving node: 2*5
x: 2
y: 5
Solving node: 2*9
x: 2
y: 9
Solving node: 3*5
x: 3
y: 5
Solving node: 1*8
x: 1
y: 8
Solving node: 4:2
x: 4
y: 2
Solving node: 2+10
x: 2
y: 10
Solving node: 12+3
x: 12
y: 3
Solving node: 15-1
x: 15
y: 1
Solving node: 14+18
x: 14
y: 18
Solving node: 32+15
x: 32
y: 15
Solving node: 47+8
x: 47
y: 8
Difference: 55-2
Calculating: 1*2+4:2*5+3-1+2*9+3*5+1*8-4:2+7
Solving node: 1*2
x: 1
y: 2
Solving node: 4:2
x: 4
y: 2
Solving node: 2*5
x: 2
y: 5
Solving node: 2*9
x: 2
y: 9
Solving node: 3*5
x: 3
y: 5
Solving node: 1*8
x: 1
y: 8
Solving node: 4:2
x: 4
y: 2
Solving node: 2+10
x: 2
y: 10
Solving node: 12+3
x: 12
y: 3
Solving node: 15-1
x: 15
y: 1
Solving node: 14+18
x: 14
y: 18
Solving node: 32+15
x: 32
y: 15
Solving node: 47+8
x: 47
y: 8
Solving node: 55-2
x: 55
y: 2
Solving node: 53+7
x: 53
y: 7
Solving node: 1*2
x: 1
y: 2
Solving node: 4:2
x: 4
y: 2
Solving node: 2*5
x: 2
y: 5
Solving node: 2*9
x: 2
y: 9
Solving node: 3*5
x: 3
y: 5
Solving node: 1*8
x: 1
y: 8
Solving node: 4:2
x: 4
y: 2
Solving node: 2+10
x: 2
y: 10
Solving node: 12+3
x: 12
y: 3
Solving node: 15-1
x: 15
y: 1
Solving node: 14+18
x: 14
y: 18
Solving node: 32+15
x: 32
y: 15
Solving node: 47+8
x: 47
y: 8
Solving node: 55-2
x: 55
y: 2
Solving node: 1*2
x: 1
y: 2
Solving node: 4:2
x: 4
y: 2
Solving node: 2*5
x: 2
y: 5
Solving node: 2*9
x: 2
y: 9
Solving node: 3*5
x: 3
y: 5
Solving node: 1*8
x: 1
y: 8
Solving node: 4:2
x: 4
y: 2
Solving node: 2+10
x: 2
y: 10
Solving node: 12+3
x: 12
y: 3
Solving node: 15-1
x: 15
y: 1
Solving node: 14+18
x: 14
y: 18
Solving node: 32+15
x: 32
y: 15
Solving node: 47+8
x: 47
y: 8
Solving node: 55-2
x: 55
y: 2
Solving node: 53+7
x: 53
y: 7
Difference: 60
Using default bounds (multiplication)
Calculating: 1*2+4:2*5+3-1+2*9+3*5+1*8-4:2+7*3
Solving node: 1*2
x: 1
y: 2
Solving node: 4:2
x: 4
y: 2
Solving node: 2*5
x: 2
y: 5
Solving node: 2*9
x: 2
y: 9
Solving node: 3*5
x: 3
y: 5
Solving node: 1*8
x: 1
y: 8
Solving node: 4:2
x: 4
y: 2
Solving node: 7*3
x: 7
y: 3
Solving node: 2+10
x: 2
y: 10
Solving node: 12+3
x: 12
y: 3
Solving node: 15-1
x: 15
y: 1
Solving node: 14+18
x: 14
y: 18
Solving node: 32+15
x: 32
y: 15
Solving node: 47+8
x: 47
y: 8
Solving node: 55-2
x: 55
y: 2
Solving node: 53+21
x: 53
y: 21
Originallösung: 1*2+4:2*5+3-1+2*9+3*5+1*8-4:2+7*3 = 74
[16/100] 1*2+4:2*5+3-1+2*9+3*5+1*8-4:2+7*3
Testing equation: 1*2+4:2*5+3-1+2*9+3*5+1*8-4:2+7*3
Checking node: 1*2
Solving node: 1*2
x: 1
y: 2
Checking node: 4:2
Solving node: 4:2
x: 4
y: 2
Checking node: 2*5
Solving node: 2*5
x: 2
y: 5
Checking node: 2*9
Solving node: 2*9
x: 2
y: 9
Checking node: 3*5
Solving node: 3*5
x: 3
y: 5
Checking node: 1*8
Solving node: 1*8
x: 1
y: 8
Checking node: 4:2
Solving node: 4:2
x: 4
y: 2
Checking node: 7*3
Solving node: 7*3
x: 7
y: 3
Checking node: 2+10
Solving node: 2+10
x: 2
y: 10
Checking node: 12+3
Solving node: 12+3
x: 12
y: 3
Checking node: 15-1
Solving node: 15-1
x: 15
y: 1
Checking node: 14+18
Solving node: 14+18
x: 14
y: 18
Checking node: 32+15
Solving node: 32+15
x: 32
y: 15
Checking node: 47+8
Solving node: 47+8
x: 47
y: 8
Checking node: 55-2
Solving node: 55-2
x: 55
y: 2
Checking node: 53+21
Solving node: 53+21
x: 53
y: 21
Checking node: 1*2
Checking node: 2+4
Checking node: 4:2
Checking node: 2*5
Checking node: 5+3
Checking node: 3-1
Checking node: 1+2
Checking node: 2*9
Checking node: 9+3
Checking node: 3*5
Checking node: 5+1
Checking node: 1*8
Checking node: 8-4
Checking node: 4:2
Checking node: 2+7
Checking node: 7*3
Difference: 2
Calculating: 2+5
Solving node: 2+5
x: 2
y: 5
Solving node: 2+5
x: 2
y: 5
Difference: 7
Using default bounds (multiplication)
Calculating: 2+5*3
Solving node: 5*3
x: 5
y: 3
Solving node: 2+15
x: 2
y: 15
Solving node: 5*3
x: 5
y: 3
Solving node: 5*3
x: 5
y: 3
Solving node: 2+15
x: 2
y: 15
Difference: 17
Calculating: 2+5*3+9
Solving node: 5*3
x: 5
y: 3
Solving node: 2+15
x: 2
y: 15
Solving node: 17+9
x: 17
y: 9
Solving node: 5*3
x: 5
y: 3
Solving node: 5*3
x: 5
y: 3
Solving node: 2+15
x: 2
y: 15
Solving node: 17+9
x: 17
y: 9
Difference: 26
Last: 9; Last sum: 9
Calculating: 2+5*3+9-1
Solving node: 5*3
x: 5
y: 3
Solving node: 2+15
x: 2
y: 15
Solving node: 17+9
x: 17
y: 9
Solving node: 26-1
x: 26
y: 1
Solving node: 5*3
x: 5
y: 3
Solving node: 2+15
x: 2
y: 15
Solving node: 17+9
x: 17
y: 9
Solving node: 26-1
x: 26
y: 1
Solving node: 5*3
x: 5
y: 3
Solving node: 2+15
x: 2
y: 15
Solving node: 17+9
x: 17
y: 9
Difference: 26-1
Calculating: 2+5*3+9-1+1
Solving node: 5*3
x: 5
y: 3
Solving node: 2+15
x: 2
y: 15
Solving node: 17+9
x: 17
y: 9
Solving node: 26-1
x: 26
y: 1
Solving node: 25+1
x: 25
y: 1
Solving node: 5*3
x: 5
y: 3
Solving node: 2+15
x: 2
y: 15
Solving node: 17+9
x: 17
y: 9
Solving node: 26-1
x: 26
y: 1
Solving node: 5*3
x: 5
y: 3
Solving node: 2+15
x: 2
y: 15
Solving node: 17+9
x: 17
y: 9
Solving node: 26-1
x: 26
y: 1
Solving node: 25+1
x: 25
y: 1
Difference: 26
Using default bounds (multiplication)
Calculating: 2+5*3+9-1+1*7
Solving node: 5*3
x: 5
y: 3
Solving node: 1*7
x: 1
y: 7
Solving node: 2+15
x: 2
y: 15
Solving node: 17+9
x: 17
y: 9
Solving node: 26-1
x: 26
y: 1
Solving node: 25+7
x: 25
y: 7
Solving node: 5*3
x: 5
y: 3
Solving node: 1*7
x: 1
y: 7
Solving node: 2+15
x: 2
y: 15
Solving node: 17+9
x: 17
y: 9
Solving node: 26-1
x: 26
y: 1
Solving node: 5*3
x: 5
y: 3
Solving node: 1*7
x: 1
y: 7
Solving node: 2+15
x: 2
y: 15
Solving node: 17+9
x: 17
y: 9
Solving node: 26-1
x: 26
y: 1
Solving node: 25+7
x: 25
y: 7
Difference: 32
Last: 7; Last sum: 7
Calculating: 2+5*3+9-1+1*7-6
Solving node: 5*3
x: 5
y: 3
Solving node: 1*7
x: 1
y: 7
Solving node: 2+15
x: 2
y: 15
Solving node: 17+9
x: 17
y: 9
Solving node: 26-1
x: 26
y: 1
Solving node: 25+7
x: 25
y: 7
Solving node: 32-6
x: 32
y: 6
Solving node: 5*3
x: 5
y: 3
Solving node: 1*7
x: 1
y: 7
Solving node: 2+15
x: 2
y: 15
Solving node: 17+9
x: 17
y: 9
Solving node: 26-1
x: 26
y: 1
Solving node: 25+7
x: 25
y: 7
Solving node: 32-6
x: 32
y: 6
Solving node: 5*3
x: 5
y: 3
Solving node: 1*7
x: 1
y: 7
Solving node: 2+15
x: 2
y: 15
Solving node: 17+9
x: 17
y: 9
Solving node: 26-1
x: 26
y: 1
Solving node: 25+7
x: 25
y: 7
Difference: 32-6
Calculating bounds (multiplication)
Previous index: -1 | Last operator index: 2
Upper bound: 4
Calculating: 2+5*3+9-1+1*7-6*3
Solving node: 5*3
x: 5
y: 3
Solving node: 1*7
x: 1
y: 7
Solving node: 6*3
x: 6
y: 3
Solving node: 2+15
x: 2
y: 15
Solving node: 17+9
x: 17
y: 9
Solving node: 26-1
x: 26
y: 1
Solving node: 25+7
x: 25
y: 7
Solving node: 32-18
x: 32
y: 18
Solving node: 5*3
x: 5
y: 3
Solving node: 1*7
x: 1
y: 7
Solving node: 6*3
x: 6
y: 3
Solving node: 2+15
x: 2
y: 15
Solving node: 17+9
x: 17
y: 9
Solving node: 26-1
x: 26
y: 1
Solving node: 25+7
x: 25
y: 7
Solving node: 32-18
x: 32
y: 18
Solving node: 5*3
x: 5
y: 3
Solving node: 1*7
x: 1
y: 7
Solving node: 6*3
x: 6
y: 3
Solving node: 2+15
x: 2
y: 15
Solving node: 17+9
x: 17
y: 9
Solving node: 26-1
x: 26
y: 1
Solving node: 25+7
x: 25
y: 7
Difference: 32-18
Calculating: 2+5*3+9-1+1*7-6*3+1
Solving node: 5*3
x: 5
y: 3
Solving node: 1*7
x: 1
y: 7
Solving node: 6*3
x: 6
y: 3
Solving node: 2+15
x: 2
y: 15
Solving node: 17+9
x: 17
y: 9
Solving node: 26-1
x: 26
y: 1
Solving node: 25+7
x: 25
y: 7
Solving node: 32-18
x: 32
y: 18
Solving node: 14+1
x: 14
y: 1
Solving node: 5*3
x: 5
y: 3
Solving node: 1*7
x: 1
y: 7
Solving node: 6*3
x: 6
y: 3
Solving node: 2+15
x: 2
y: 15
Solving node: 17+9
x: 17
y: 9
Solving node: 26-1
x: 26
y: 1
Solving node: 25+7
x: 25
y: 7
Solving node: 32-18
x: 32
y: 18
Solving node: 5*3
x: 5
y: 3
Solving node: 1*7
x: 1
y: 7
Solving node: 6*3
x: 6
y: 3
Solving node: 2+15
x: 2
y: 15
Solving node: 17+9
x: 17
y: 9
Solving node: 26-1
x: 26
y: 1
Solving node: 25+7
x: 25
y: 7
Solving node: 32-18
x: 32
y: 18
Solving node: 14+1
x: 14
y: 1
Difference: 15
Using default bounds (multiplication)
Calculating: 2+5*3+9-1+1*7-6*3+1*2
Solving node: 5*3
x: 5
y: 3
Solving node: 1*7
x: 1
y: 7
Solving node: 6*3
x: 6
y: 3
Solving node: 1*2
x: 1
y: 2
Solving node: 2+15
x: 2
y: 15
Solving node: 17+9
x: 17
y: 9
Solving node: 26-1
x: 26
y: 1
Solving node: 25+7
x: 25
y: 7
Solving node: 32-18
x: 32
y: 18
Solving node: 14+2
x: 14
y: 2
Solving node: 5*3
x: 5
y: 3
Solving node: 1*7
x: 1
y: 7
Solving node: 6*3
x: 6
y: 3
Solving node: 1*2
x: 1
y: 2
Solving node: 2+15
x: 2
y: 15
Solving node: 17+9
x: 17
y: 9
Solving node: 26-1
x: 26
y: 1
Solving node: 25+7
x: 25
y: 7
Solving node: 32-18
x: 32
y: 18
Solving node: 5*3
x: 5
y: 3
Solving node: 1*7
x: 1
y: 7
Solving node: 6*3
x: 6
y: 3
Solving node: 1*2
x: 1
y: 2
Solving node: 2+15
x: 2
y: 15
Solving node: 17+9
x: 17
y: 9
Solving node: 26-1
x: 26
y: 1
Solving node: 25+7
x: 25
y: 7
Solving node: 32-18
x: 32
y: 18
Solving node: 14+2
x: 14
y: 2
Difference: 16
Calculating: 2+5*3+9-1+1*7-6*3+1*2+2
Solving node: 5*3
x: 5
y: 3
Solving node: 1*7
x: 1
y: 7
Solving node: 6*3
x: 6
y: 3
Solving node: 1*2
x: 1
y: 2
Solving node: 2+15
x: 2
y: 15
Solving node: 17+9
x: 17
y: 9
Solving node: 26-1
x: 26
y: 1
Solving node: 25+7
x: 25
y: 7
Solving node: 32-18
x: 32
y: 18
Solving node: 14+2
x: 14
y: 2
Solving node: 16+2
x: 16
y: 2
Solving node: 5*3
x: 5
y: 3
Solving node: 1*7
x: 1
y: 7
Solving node: 6*3
x: 6
y: 3
Solving node: 1*2
x: 1
y: 2
Solving node: 2+15
x: 2
y: 15
Solving node: 17+9
x: 17
y: 9
Solving node: 26-1
x: 26
y: 1
Solving node: 25+7
x: 25
y: 7
Solving node: 32-18
x: 32
y: 18
Solving node: 5*3
x: 5
y: 3
Solving node: 1*7
x: 1
y: 7
Solving node: 6*3
x: 6
y: 3
Solving node: 1*2
x: 1
y: 2
Solving node: 2+15
x: 2
y: 15
Solving node: 17+9
x: 17
y: 9
Solving node: 26-1
x: 26
y: 1
Solving node: 25+7
x: 25
y: 7
Solving node: 32-18
x: 32
y: 18
Solving node: 14+2
x: 14
y: 2
Solving node: 16+2
x: 16
y: 2
Difference: 18
Using default bounds (multiplication)
Calculating: 2+5*3+9-1+1*7-6*3+1*2+2*2
Solving node: 5*3
x: 5
y: 3
Solving node: 1*7
x: 1
y: 7
Solving node: 6*3
x: 6
y: 3
Solving node: 1*2
x: 1
y: 2
Solving node: 2*2
x: 2
y: 2
Solving node: 2+15
x: 2
y: 15
Solving node: 17+9
x: 17
y: 9
Solving node: 26-1
x: 26
y: 1
Solving node: 25+7
x: 25
y: 7
Solving node: 32-18
x: 32
y: 18
Solving node: 14+2
x: 14
y: 2
Solving node: 16+4
x: 16
y: 4
Solving node: 5*3
x: 5
y: 3
Solving node: 1*7
x: 1
y: 7
Solving node: 6*3
x: 6
y: 3
Solving node: 1*2
x: 1
y: 2
Solving node: 2*2
x: 2
y: 2
Solving node: 2+15
x: 2
y: 15
Solving node: 17+9
x: 17
y: 9
Solving node: 26-1
x: 26
y: 1
Solving node: 25+7
x: 25
y: 7
Solving node: 32-18
x: 32
y: 18
Solving node: 5*3
x: 5
y: 3
Solving node: 1*7
x: 1
y: 7
Solving node: 6*3
x: 6
y: 3
Solving node: 1*2
x: 1
y: 2
Solving node: 2*2
x: 2
y: 2
Solving node: 2+15
x: 2
y: 15
Solving node: 17+9
x: 17
y: 9
Solving node: 26-1
x: 26
y: 1
Solving node: 25+7
x: 25
y: 7
Solving node: 32-18
x: 32
y: 18
Solving node: 14+2
x: 14
y: 2
Solving node: 16+4
x: 16
y: 4
Difference: 20
Calculating: 2+5*3+9-1+1*7-6*3+1*2+2*2+5
Solving node: 5*3
x: 5
y: 3
Solving node: 1*7
x: 1
y: 7
Solving node: 6*3
x: 6
y: 3
Solving node: 1*2
x: 1
y: 2
Solving node: 2*2
x: 2
y: 2
Solving node: 2+15
x: 2
y: 15
Solving node: 17+9
x: 17
y: 9
Solving node: 26-1
x: 26
y: 1
Solving node: 25+7
x: 25
y: 7
Solving node: 32-18
x: 32
y: 18
Solving node: 14+2
x: 14
y: 2
Solving node: 16+4
x: 16
y: 4
Solving node: 20+5
x: 20
y: 5
Solving node: 5*3
x: 5
y: 3
Solving node: 1*7
x: 1
y: 7
Solving node: 6*3
x: 6
y: 3
Solving node: 1*2
x: 1
y: 2
Solving node: 2*2
x: 2
y: 2
Solving node: 2+15
x: 2
y: 15
Solving node: 17+9
x: 17
y: 9
Solving node: 26-1
x: 26
y: 1
Solving node: 25+7
x: 25
y: 7
Solving node: 32-18
x: 32
y: 18
Solving node: 5*3
x: 5
y: 3
Solving node: 1*7
x: 1
y: 7
Solving node: 6*3
x: 6
y: 3
Solving node: 1*2
x: 1
y: 2
Solving node: 2*2
x: 2
y: 2
Solving node: 2+15
x: 2
y: 15
Solving node: 17+9
x: 17
y: 9
Solving node: 26-1
x: 26
y: 1
Solving node: 25+7
x: 25
y: 7
Solving node: 32-18
x: 32
y: 18
Solving node: 14+2
x: 14
y: 2
Solving node: 16+4
x: 16
y: 4
Solving node: 20+5
x: 20
y: 5
Difference: 25
Last: 5; Last sum: 5
Calculating: 2+5*3+9-1+1*7-6*3+1*2+2*2+5-4
Solving node: 5*3
x: 5
y: 3
Solving node: 1*7
x: 1
y: 7
Solving node: 6*3
x: 6
y: 3
Solving node: 1*2
x: 1
y: 2
Solving node: 2*2
x: 2
y: 2
Solving node: 2+15
x: 2
y: 15
Solving node: 17+9
x: 17
y: 9
Solving node: 26-1
x: 26
y: 1
Solving node: 25+7
x: 25
y: 7
Solving node: 32-18
x: 32
y: 18
Solving node: 14+2
x: 14
y: 2
Solving node: 16+4
x: 16
y: 4
Solving node: 20+5
x: 20
y: 5
Solving node: 25-4
x: 25
y: 4
Solving node: 5*3
x: 5
y: 3
Solving node: 1*7
x: 1
y: 7
Solving node: 6*3
x: 6
y: 3
Solving node: 1*2
x: 1
y: 2
Solving node: 2*2
x: 2
y: 2
Solving node: 2+15
x: 2
y: 15
Solving node: 17+9
x: 17
y: 9
Solving node: 26-1
x: 26
y: 1
Solving node: 25+7
x: 25
y: 7
Solving node: 32-18
x: 32
y: 18
Solving node: 14+2
x: 14
y: 2
Solving node: 16+4
x: 16
y: 4
Solving node: 20+5
x: 20
y: 5
Solving node: 25-4
x: 25
y: 4
Solving node: 5*3
x: 5
y: 3
Solving node: 1*7
x: 1
y: 7
Solving node: 6*3
x: 6
y: 3
Solving node: 1*2
x: 1
y: 2
Solving node: 2*2
x: 2
y: 2
Solving node: 2+15
x: 2
y: 15
Solving node: 17+9
x: 17
y: 9
Solving node: 26-1
x: 26
y: 1
Solving node: 25+7
x: 25
y: 7
Solving node: 32-18
x: 32
y: 18
Solving node: 14+2
x: 14
y: 2
Solving node: 16+4
x: 16
y: 4
Solving node: 20+5
x: 20
y: 5
Difference: 25-4
Calculating: 2+5*3+9-1+1*7-6*3+1*2+2*2+5-4+2
Solving node: 5*3
x: 5
y: 3
Solving node: 1*7
x: 1
y: 7
Solving node: 6*3
x: 6
y: 3
Solving node: 1*2
x: 1
y: 2
Solving node: 2*2
x: 2
y: 2
Solving node: 2+15
x: 2
y: 15
Solving node: 17+9
x: 17
y: 9
Solving node: 26-1
x: 26
y: 1
Solving node: 25+7
x: 25
y: 7
Solving node: 32-18
x: 32
y: 18
Solving node: 14+2
x: 14
y: 2
Solving node: 16+4
x: 16
y: 4
Solving node: 20+5
x: 20
y: 5
Solving node: 25-4
x: 25
y: 4
Solving node: 21+2
x: 21
y: 2
Solving node: 5*3
x: 5
y: 3
Solving node: 1*7
x: 1
y: 7
Solving node: 6*3
x: 6
y: 3
Solving node: 1*2
x: 1
y: 2
Solving node: 2*2
x: 2
y: 2
Solving node: 2+15
x: 2
y: 15
Solving node: 17+9
x: 17
y: 9
Solving node: 26-1
x: 26
y: 1
Solving node: 25+7
x: 25
y: 7
Solving node: 32-18
x: 32
y: 18
Solving node: 14+2
x: 14
y: 2
Solving node: 16+4
x: 16
y: 4
Solving node: 20+5
x: 20
y: 5
Solving node: 25-4
x: 25
y: 4
Solving node: 5*3
x: 5
y: 3
Solving node: 1*7
x: 1
y: 7
Solving node: 6*3
x: 6
y: 3
Solving node: 1*2
x: 1
y: 2
Solving node: 2*2
x: 2
y: 2
Solving node: 2+15
x: 2
y: 15
Solving node: 17+9
x: 17
y: 9
Solving node: 26-1
x: 26
y: 1
Solving node: 25+7
x: 25
y: 7
Solving node: 32-18
x: 32
y: 18
Solving node: 14+2
x: 14
y: 2
Solving node: 16+4
x: 16
y: 4
Solving node: 20+5
x: 20
y: 5
Solving node: 25-4
x: 25
y: 4
Solving node: 21+2
x: 21
y: 2
Difference: 23
Using default bounds (multiplication)
Calculating: 2+5*3+9-1+1*7-6*3+1*2+2*2+5-4+2*7
Solving node: 5*3
x: 5
y: 3
Solving node: 1*7
x: 1
y: 7
Solving node: 6*3
x: 6
y: 3
Solving node: 1*2
x: 1
y: 2
Solving node: 2*2
x: 2
y: 2
Solving node: 2*7
x: 2
y: 7
Solving node: 2+15
x: 2
y: 15
Solving node: 17+9
x: 17
y: 9
Solving node: 26-1
x: 26
y: 1
Solving node: 25+7
x: 25
y: 7
Solving node: 32-18
x: 32
y: 18
Solving node: 14+2
x: 14
y: 2
Solving node: 16+4
x: 16
y: 4
Solving node: 20+5
x: 20
y: 5
Solving node: 25-4
x: 25
y: 4
Solving node: 21+14
x: 21
y: 14
Originallösung: 2+5*3+9-1+1*7-6*3+1*2+2*2+5-4+2*7 = 35
[17/100] 2+5*3+9-1+1*7-6*3+1*2+2*2+5-4+2*7
Testing equation: 2+5*3+9-1+1*7-6*3+1*2+2*2+5-4+2*7
Checking node: 5*3
Solving node: 5*3
x: 5
y: 3
Checking node: 1*7
Solving node: 1*7
x: 1
y: 7
Checking node: 6*3
Solving node: 6*3
x: 6
y: 3
Checking node: 1*2
Solving node: 1*2
x: 1
y: 2
Checking node: 2*2
Solving node: 2*2
x: 2
y: 2
Checking node: 2*7
Solving node: 2*7
x: 2
y: 7
Checking node: 2+15
Solving node: 2+15
x: 2
y: 15
Checking node: 17+9
Solving node: 17+9
x: 17
y: 9
Checking node: 26-1
Solving node: 26-1
x: 26
y: 1
Checking node: 25+7
Solving node: 25+7
x: 25
y: 7
Checking node: 32-18
Solving node: 32-18
x: 32
y: 18
Checking node: 14+2
Solving node: 14+2
x: 14
y: 2
Checking node: 16+4
Solving node: 16+4
x: 16
y: 4
Checking node: 20+5
Solving node: 20+5
x: 20
y: 5
Checking node: 25-4
Solving node: 25-4
x: 25
y: 4
Checking node: 21+14
Solving node: 21+14
x: 21
y: 14
Checking node: 2+5
Checking node: 5*3
Checking node: 3+9
Checking node: 9-1
Checking node: 1+1
Checking node: 1*7
Checking node: 7-6
Checking node: 6*3
Checking node: 3+1
Checking node: 1*2
Checking node: 2+2
Checking node: 2*2
Checking node: 2+5
Checking node: 5-4
Checking node: 4+2
Checking node: 2*7
Difference: 8
Using default bounds (multiplication)
Calculating: 8*5
Solving node: 8*5
x: 8
y: 5
Solving node: 8*5
x: 8
y: 5
Solving node: 8*5
x: 8
y: 5
Difference: 40
Last: 5; Last sum: 40
Calculating: 8*5-3
Solving node: 8*5
x: 8
y: 5
Solving node: 40-3
x: 40
y: 3
Solving node: 8*5
x: 8
y: 5
Solving node: 40-3
x: 40
y: 3
Solving node: 8*5
x: 8
y: 5
Difference: 40-3
Calculating: 8*5-3+8
Solving node: 8*5
x: 8
y: 5
Solving node: 40-3
x: 40
y: 3
Solving node: 37+8
x: 37
y: 8
Solving node: 8*5
x: 8
y: 5
Solving node: 40-3
x: 40
y: 3
Solving node: 8*5
x: 8
y: 5
Solving node: 40-3
x: 40
y: 3
Solving node: 37+8
x: 37
y: 8
Difference: 45
Calculating: 8*5-3+8:1
Solving node: 8*5
x: 8
y: 5
Solving node: 8:1
x: 8
y: 1
Solving node: 40-3
x: 40
y: 3
Solving node: 37+8
x: 37
y: 8
Solving node: 8*5
x: 8
y: 5
Solving node: 8:1
x: 8
y: 1
Solving node: 40-3
x: 40
y: 3
Solving node: 8*5
x: 8
y: 5
Solving node: 8:1
x: 8
y: 1
Solving node: 40-3
x: 40
y: 3
Solving node: 37+8
x: 37
y: 8
Difference: 45
Using default bounds (multiplication)
Calculating: 8*5-3+8:1*3
Solving node: 8*5
x: 8
y: 5
Solving node: 8:1
x: 8
y: 1
Solving node: 8*3
x: 8
y: 3
Solving node: 40-3
x: 40
y: 3
Solving node: 37+24
x: 37
y: 24
Solving node: 8*5
x: 8
y: 5
Solving node: 8:1
x: 8
y: 1
Solving node: 8*3
x: 8
y: 3
Solving node: 40-3
x: 40
y: 3
Solving node: 8*5
x: 8
y: 5
Solving node: 8:1
x: 8
y: 1
Solving node: 8*3
x: 8
y: 3
Solving node: 40-3
x: 40
y: 3
Solving node: 37+24
x: 37
y: 24
Difference: 61
Last: 3; Last sum: 24
Calculating: 8*5-3+8:1*3-1
Solving node: 8*5
x: 8
y: 5
Solving node: 8:1
x: 8
y: 1
Solving node: 8*3
x: 8
y: 3
Solving node: 40-3
x: 40
y: 3
Solving node: 37+24
x: 37
y: 24
Solving node: 61-1
x: 61
y: 1
Solving node: 8*5
x: 8
y: 5
Solving node: 8:1
x: 8
y: 1
Solving node: 8*3
x: 8
y: 3
Solving node: 40-3
x: 40
y: 3
Solving node: 37+24
x: 37
y: 24
Solving node: 61-1
x: 61
y: 1
Solving node: 8*5
x: 8
y: 5
Solving node: 8:1
x: 8
y: 1
Solving node: 8*3
x: 8
y: 3
Solving node: 40-3
x: 40
y: 3
Solving node: 37+24
x: 37
y: 24
Difference: 61-1
Calculating bounds (multiplication)
Previous index: -1 | Last operator index: 2
Upper bound: 1
Solving node: 8*5
x: 8
y: 5
Solving node: 8:1
x: 8
y: 1
Solving node: 8*3
x: 8
y: 3
Solving node: 40-3
x: 40
y: 3
Solving node: 37+24
x: 37
y: 24
Solving node: 61-1
x: 61
y: 1
Solving node: 8*5
x: 8
y: 5
Solving node: 8:1
x: 8
y: 1
Solving node: 8*3
x: 8
y: 3
Solving node: 40-3
x: 40
y: 3
Solving node: 37+24
x: 37
y: 24
Difference: 61-1
Calculating: 8*5-3+8:1*3-1+6
Solving node: 8*5
x: 8
y: 5
Solving node: 8:1
x: 8
y: 1
Solving node: 8*3
x: 8
y: 3
Solving node: 40-3
x: 40
y: 3
Solving node: 37+24
x: 37
y: 24
Solving node: 61-1
x: 61
y: 1
Solving node: 60+6
x: 60
y: 6
Solving node: 8*5
x: 8
y: 5
Solving node: 8:1
x: 8
y: 1
Solving node: 8*3
x: 8
y: 3
Solving node: 40-3
x: 40
y: 3
Solving node: 37+24
x: 37
y: 24
Solving node: 61-1
x: 61
y: 1
Solving node: 8*5
x: 8
y: 5
Solving node: 8:1
x: 8
y: 1
Solving node: 8*3
x: 8
y: 3
Solving node: 40-3
x: 40
y: 3
Solving node: 37+24
x: 37
y: 24
Solving node: 61-1
x: 61
y: 1
Solving node: 60+6
x: 60
y: 6
Difference: 66
Last: 6; Last sum: 6
Calculating: 8*5-3+8:1*3-1+6-3
Solving node: 8*5
x: 8
y: 5
Solving node: 8:1
x: 8
y: 1
Solving node: 8*3
x: 8
y: 3
Solving node: 40-3
x: 40
y: 3
Solving node: 37+24
x: 37
y: 24
Solving node: 61-1
x: 61
y: 1
Solving node: 60+6
x: 60
y: 6
Solving node: 66-3
x: 66
y: 3
Solving node: 8*5
x: 8
y: 5
Solving node: 8:1
x: 8
y: 1
Solving node: 8*3
x: 8
y: 3
Solving node: 40-3
x: 40
y: 3
Solving node: 37+24
x: 37
y: 24
Solving node: 61-1
x: 61
y: 1
Solving node: 60+6
x: 60
y: 6
Solving node: 66-3
x: 66
y: 3
Solving node: 8*5
x: 8
y: 5
Solving node: 8:1
x: 8
y: 1
Solving node: 8*3
x: 8
y: 3
Solving node: 40-3
x: 40
y: 3
Solving node: 37+24
x: 37
y: 24
Solving node: 61-1
x: 61
y: 1
Solving node: 60+6
x: 60
y: 6
Difference: 66-3
Calculating bounds (multiplication)
Previous index: -1 | Last operator index: 2
Upper bound: 3
Calculating: 8*5-3+8:1*3-1+6-3*2
Solving node: 8*5
x: 8
y: 5
Solving node: 8:1
x: 8
y: 1
Solving node: 8*3
x: 8
y: 3
Solving node: 3*2
x: 3
y: 2
Solving node: 40-3
x: 40
y: 3
Solving node: 37+24
x: 37
y: 24
Solving node: 61-1
x: 61
y: 1
Solving node: 60+6
x: 60
y: 6
Solving node: 66-6
x: 66
y: 6
Solving node: 8*5
x: 8
y: 5
Solving node: 8:1
x: 8
y: 1
Solving node: 8*3
x: 8
y: 3
Solving node: 3*2
x: 3
y: 2
Solving node: 40-3
x: 40
y: 3
Solving node: 37+24
x: 37
y: 24
Solving node: 61-1
x: 61
y: 1
Solving node: 60+6
x: 60
y: 6
Solving node: 66-6
x: 66
y: 6
Solving node: 8*5
x: 8
y: 5
Solving node: 8:1
x: 8
y: 1
Solving node: 8*3
x: 8
y: 3
Solving node: 3*2
x: 3
y: 2
Solving node: 40-3
x: 40
y: 3
Solving node: 37+24
x: 37
y: 24
Solving node: 61-1
x: 61
y: 1
Solving node: 60+6
x: 60
y: 6
Difference: 66-6
Calculating: 8*5-3+8:1*3-1+6-3*2+3
Solving node: 8*5
x: 8
y: 5
Solving node: 8:1
x: 8
y: 1
Solving node: 8*3
x: 8
y: 3
Solving node: 3*2
x: 3
y: 2
Solving node: 40-3
x: 40
y: 3
Solving node: 37+24
x: 37
y: 24
Solving node: 61-1
x: 61
y: 1
Solving node: 60+6
x: 60
y: 6
Solving node: 66-6
x: 66
y: 6
Solving node: 60+3
x: 60
y: 3
Solving node: 8*5
x: 8
y: 5
Solving node: 8:1
x: 8
y: 1
Solving node: 8*3
x: 8
y: 3
Solving node: 3*2
x: 3
y: 2
Solving node: 40-3
x: 40
y: 3
Solving node: 37+24
x: 37
y: 24
Solving node: 61-1
x: 61
y: 1
Solving node: 60+6
x: 60
y: 6
Solving node: 66-6
x: 66
y: 6
Solving node: 8*5
x: 8
y: 5
Solving node: 8:1
x: 8
y: 1
Solving node: 8*3
x: 8
y: 3
Solving node: 3*2
x: 3
y: 2
Solving node: 40-3
x: 40
y: 3
Solving node: 37+24
x: 37
y: 24
Solving node: 61-1
x: 61
y: 1
Solving node: 60+6
x: 60
y: 6
Solving node: 66-6
x: 66
y: 6
Solving node: 60+3
x: 60
y: 3
Difference: 63
Using default bounds (multiplication)
Calculating: 8*5-3+8:1*3-1+6-3*2+3*2
Solving node: 8*5
x: 8
y: 5
Solving node: 8:1
x: 8
y: 1
Solving node: 8*3
x: 8
y: 3
Solving node: 3*2
x: 3
y: 2
Solving node: 3*2
x: 3
y: 2
Solving node: 40-3
x: 40
y: 3
Solving node: 37+24
x: 37
y: 24
Solving node: 61-1
x: 61
y: 1
Solving node: 60+6
x: 60
y: 6
Solving node: 66-6
x: 66
y: 6
Solving node: 60+6
x: 60
y: 6
Solving node: 8*5
x: 8
y: 5
Solving node: 8:1
x: 8
y: 1
Solving node: 8*3
x: 8
y: 3
Solving node: 3*2
x: 3
y: 2
Solving node: 3*2
x: 3
y: 2
Solving node: 40-3
x: 40
y: 3
Solving node: 37+24
x: 37
y: 24
Solving node: 61-1
x: 61
y: 1
Solving node: 60+6
x: 60
y: 6
Solving node: 66-6
x: 66
y: 6
Solving node: 8*5
x: 8
y: 5
Solving node: 8:1
x: 8
y: 1
Solving node: 8*3
x: 8
y: 3
Solving node: 3*2
x: 3
y: 2
Solving node: 3*2
x: 3
y: 2
Solving node: 40-3
x: 40
y: 3
Solving node: 37+24
x: 37
y: 24
Solving node: 61-1
x: 61
y: 1
Solving node: 60+6
x: 60
y: 6
Solving node: 66-6
x: 66
y: 6
Solving node: 60+6
x: 60
y: 6
Difference: 66
Calculating: 8*5-3+8:1*3-1+6-3*2+3*2+6
Solving node: 8*5
x: 8
y: 5
Solving node: 8:1
x: 8
y: 1
Solving node: 8*3
x: 8
y: 3
Solving node: 3*2
x: 3
y: 2
Solving node: 3*2
x: 3
y: 2
Solving node: 40-3
x: 40
y: 3
Solving node: 37+24
x: 37
y: 24
Solving node: 61-1
x: 61
y: 1
Solving node: 60+6
x: 60
y: 6
Solving node: 66-6
x: 66
y: 6
Solving node: 60+6
x: 60
y: 6
Solving node: 66+6
x: 66
y: 6
Solving node: 8*5
x: 8
y: 5
Solving node: 8:1
x: 8
y: 1
Solving node: 8*3
x: 8
y: 3
Solving node: 3*2
x: 3
y: 2
Solving node: 3*2
x: 3
y: 2
Solving node: 40-3
x: 40
y: 3
Solving node: 37+24
x: 37
y: 24
Solving node: 61-1
x: 61
y: 1
Solving node: 60+6
x: 60
y: 6
Solving node: 66-6
x: 66
y: 6
Solving node: 8*5
x: 8
y: 5
Solving node: 8:1
x: 8
y: 1
Solving node: 8*3
x: 8
y: 3
Solving node: 3*2
x: 3
y: 2
Solving node: 3*2
x: 3
y: 2
Solving node: 40-3
x: 40
y: 3
Solving node: 37+24
x: 37
y: 24
Solving node: 61-1
x: 61
y: 1
Solving node: 60+6
x: 60
y: 6
Solving node: 66-6
x: 66
y: 6
Solving node: 60+6
x: 60
y: 6
Solving node: 66+6
x: 66
y: 6
Difference: 72
Last: 6; Last sum: 6
Calculating: 8*5-3+8:1*3-1+6-3*2+3*2+6-3
Solving node: 8*5
x: 8
y: 5
Solving node: 8:1
x: 8
y: 1
Solving node: 8*3
x: 8
y: 3
Solving node: 3*2
x: 3
y: 2
Solving node: 3*2
x: 3
y: 2
Solving node: 40-3
x: 40
y: 3
Solving node: 37+24
x: 37
y: 24
Solving node: 61-1
x: 61
y: 1
Solving node: 60+6
x: 60
y: 6
Solving node: 66-6
x: 66
y: 6
Solving node: 60+6
x: 60
y: 6
Solving node: 66+6
x: 66
y: 6
Solving node: 72-3
x: 72
y: 3
Solving node: 8*5
x: 8
y: 5
Solving node: 8:1
x: 8
y: 1
Solving node: 8*3
x: 8
y: 3
Solving node: 3*2
x: 3
y: 2
Solving node: 3*2
x: 3
y: 2
Solving node: 40-3
x: 40
y: 3
Solving node: 37+24
x: 37
y: 24
Solving node: 61-1
x: 61
y: 1
Solving node: 60+6
x: 60
y: 6
Solving node: 66-6
x: 66
y: 6
Solving node: 60+6
x: 60
y: 6
Solving node: 66+6
x: 66
y: 6
Solving node: 72-3
x: 72
y: 3
Solving node: 8*5
x: 8
y: 5
Solving node: 8:1
x: 8
y: 1
Solving node: 8*3
x: 8
y: 3
Solving node: 3*2
x: 3
y: 2
Solving node: 3*2
x: 3
y: 2
Solving node: 40-3
x: 40
y: 3
Solving node: 37+24
x: 37
y: 24
Solving node: 61-1
x: 61
y: 1
Solving node: 60+6
x: 60
y: 6
Solving node: 66-6
x: 66
y: 6
Solving node: 60+6
x: 60
y: 6
Solving node: 66+6
x: 66
y: 6
Difference: 72-3
Calculating bounds (multiplication)
Previous index: -1 | Last operator index: 2
Upper bound: 3
Calculating: 8*5-3+8:1*3-1+6-3*2+3*2+6-3*2
Solving node: 8*5
x: 8
y: 5
Solving node: 8:1
x: 8
y: 1
Solving node: 8*3
x: 8
y: 3
Solving node: 3*2
x: 3
y: 2
Solving node: 3*2
x: 3
y: 2
Solving node: 3*2
x: 3
y: 2
Solving node: 40-3
x: 40
y: 3
Solving node: 37+24
x: 37
y: 24
Solving node: 61-1
x: 61
y: 1
Solving node: 60+6
x: 60
y: 6
Solving node: 66-6
x: 66
y: 6
Solving node: 60+6
x: 60
y: 6
Solving node: 66+6
x: 66
y: 6
Solving node: 72-6
x: 72
y: 6
Solving node: 8*5
x: 8
y: 5
Solving node: 8:1
x: 8
y: 1
Solving node: 8*3
x: 8
y: 3
Solving node: 3*2
x: 3
y: 2
Solving node: 3*2
x: 3
y: 2
Solving node: 3*2
x: 3
y: 2
Solving node: 40-3
x: 40
y: 3
Solving node: 37+24
x: 37
y: 24
Solving node: 61-1
x: 61
y: 1
Solving node: 60+6
x: 60
y: 6
Solving node: 66-6
x: 66
y: 6
Solving node: 60+6
x: 60
y: 6
Solving node: 66+6
x: 66
y: 6
Solving node: 72-6
x: 72
y: 6
Solving node: 8*5
x: 8
y: 5
Solving node: 8:1
x: 8
y: 1
Solving node: 8*3
x: 8
y: 3
Solving node: 3*2
x: 3
y: 2
Solving node: 3*2
x: 3
y: 2
Solving node: 3*2
x: 3
y: 2
Solving node: 40-3
x: 40
y: 3
Solving node: 37+24
x: 37
y: 24
Solving node: 61-1
x: 61
y: 1
Solving node: 60+6
x: 60
y: 6
Solving node: 66-6
x: 66
y: 6
Solving node: 60+6
x: 60
y: 6
Solving node: 66+6
x: 66
y: 6
Difference: 72-6
Calculating: 8*5-3+8:1*3-1+6-3*2+3*2+6-3*2+8
Solving node: 8*5
x: 8
y: 5
Solving node: 8:1
x: 8
y: 1
Solving node: 8*3
x: 8
y: 3
Solving node: 3*2
x: 3
y: 2
Solving node: 3*2
x: 3
y: 2
Solving node: 3*2
x: 3
y: 2
Solving node: 40-3
x: 40
y: 3
Solving node: 37+24
x: 37
y: 24
Solving node: 61-1
x: 61
y: 1
Solving node: 60+6
x: 60
y: 6
Solving node: 66-6
x: 66
y: 6
Solving node: 60+6
x: 60
y: 6
Solving node: 66+6
x: 66
y: 6
Solving node: 72-6
x: 72
y: 6
Solving node: 66+8
x: 66
y: 8
Solving node: 8*5
x: 8
y: 5
Solving node: 8:1
x: 8
y: 1
Solving node: 8*3
x: 8
y: 3
Solving node: 3*2
x: 3
y: 2
Solving node: 3*2
x: 3
y: 2
Solving node: 3*2
x: 3
y: 2
Solving node: 40-3
x: 40
y: 3
Solving node: 37+24
x: 37
y: 24
Solving node: 61-1
x: 61
y: 1
Solving node: 60+6
x: 60
y: 6
Solving node: 66-6
x: 66
y: 6
Solving node: 60+6
x: 60
y: 6
Solving node: 66+6
x: 66
y: 6
Solving node: 72-6
x: 72
y: 6
Solving node: 8*5
x: 8
y: 5
Solving node: 8:1
x: 8
y: 1
Solving node: 8*3
x: 8
y: 3
Solving node: 3*2
x: 3
y: 2
Solving node: 3*2
x: 3
y: 2
Solving node: 3*2
x: 3
y: 2
Solving node: 40-3
x: 40
y: 3
Solving node: 37+24
x: 37
y: 24
Solving node: 61-1
x: 61
y: 1
Solving node: 60+6
x: 60
y: 6
Solving node: 66-6
x: 66
y: 6
Solving node: 60+6
x: 60
y: 6
Solving node: 66+6
x: 66
y: 6
Solving node: 72-6
x: 72
y: 6
Solving node: 66+8
x: 66
y: 8
Difference: 74
Last: 8; Last sum: 8
Calculating: 8*5-3+8:1*3-1+6-3*2+3*2+6-3*2+8-7
Solving node: 8*5
x: 8
y: 5
Solving node: 8:1
x: 8
y: 1
Solving node: 8*3
x: 8
y: 3
Solving node: 3*2
x: 3
y: 2
Solving node: 3*2
x: 3
y: 2
Solving node: 3*2
x: 3
y: 2
Solving node: 40-3
x: 40
y: 3
Solving node: 37+24
x: 37
y: 24
Solving node: 61-1
x: 61
y: 1
Solving node: 60+6
x: 60
y: 6
Solving node: 66-6
x: 66
y: 6
Solving node: 60+6
x: 60
y: 6
Solving node: 66+6
x: 66
y: 6
Solving node: 72-6
x: 72
y: 6
Solving node: 66+8
x: 66
y: 8
Solving node: 74-7
x: 74
y: 7
Originallösung: 8*5-3+8:1*3-1+6-3*2+3*2+6-3*2+8-7 = 67
[18/100] 8*5-3+8:1*3-1+6-3*2+3*2+6-3*2+8-7
Testing equation: 8*5-3+8:1*3-1+6-3*2+3*2+6-3*2+8-7
Checking node: 8*5
Solving node: 8*5
x: 8
y: 5
Checking node: 8:1
Solving node: 8:1
x: 8
y: 1
Checking node: 8*3
Solving node: 8*3
x: 8
y: 3
Checking node: 3*2
Solving node: 3*2
x: 3
y: 2
Checking node: 3*2
Solving node: 3*2
x: 3
y: 2
Checking node: 3*2
Solving node: 3*2
x: 3
y: 2
Checking node: 40-3
Solving node: 40-3
x: 40
y: 3
Checking node: 37+24
Solving node: 37+24
x: 37
y: 24
Checking node: 61-1
Solving node: 61-1
x: 61
y: 1
Checking node: 60+6
Solving node: 60+6
x: 60
y: 6
Checking node: 66-6
Solving node: 66-6
x: 66
y: 6
Checking node: 60+6
Solving node: 60+6
x: 60
y: 6
Checking node: 66+6
Solving node: 66+6
x: 66
y: 6
Checking node: 72-6
Solving node: 72-6
x: 72
y: 6
Checking node: 66+8
Solving node: 66+8
x: 66
y: 8
Checking node: 74-7
Solving node: 74-7
x: 74
y: 7
Checking node: 8*5
Checking node: 5-3
Checking node: 3+8
Checking node: 8:1
Checking node: 1*3
Checking node: 3-1
Checking node: 1+6
Checking node: 6-3
Checking node: 3*2
Checking node: 2+3
Checking node: 3*2
Checking node: 2+6
Checking node: 6-3
Checking node: 3*2
Checking node: 2+8
Checking node: 8-7
Difference: 2
Calculating: 2+8
Solving node: 2+8
x: 2
y: 8
Solving node: 2+8
x: 2
y: 8
Difference: 10
Calculating: 2+8:1
Solving node: 8:1
x: 8
y: 1
Solving node: 2+8
x: 2
y: 8
Solving node: 8:1
x: 8
y: 1
Solving node: 8:1
x: 8
y: 1
Solving node: 2+8
x: 2
y: 8
Difference: 10
Using default bounds (multiplication)
Calculating: 2+8:1*7
Solving node: 8:1
x: 8
y: 1
Solving node: 8*7
x: 8
y: 7
Solving node: 2+56
x: 2
y: 56
Solving node: 8:1
x: 8
y: 1
Solving node: 8*7
x: 8
y: 7
Solving node: 8:1
x: 8
y: 1
Solving node: 8*7
x: 8
y: 7
Solving node: 2+56
x: 2
y: 56
Difference: 58
Last: 7; Last sum: 56
Calculating: 2+8:1*7-1
Solving node: 8:1
x: 8
y: 1
Solving node: 8*7
x: 8
y: 7
Solving node: 2+56
x: 2
y: 56
Solving node: 58-1
x: 58
y: 1
Solving node: 8:1
x: 8
y: 1
Solving node: 8*7
x: 8
y: 7
Solving node: 2+56
x: 2
y: 56
Solving node: 58-1
x: 58
y: 1
Solving node: 8:1
x: 8
y: 1
Solving node: 8*7
x: 8
y: 7
Solving node: 2+56
x: 2
y: 56
Difference: 58-1
Calculating: 2+8:1*7-1+1
Solving node: 8:1
x: 8
y: 1
Solving node: 8*7
x: 8
y: 7
Solving node: 2+56
x: 2
y: 56
Solving node: 58-1
x: 58
y: 1
Solving node: 57+1
x: 57
y: 1
Solving node: 8:1
x: 8
y: 1
Solving node: 8*7
x: 8
y: 7
Solving node: 2+56
x: 2
y: 56
Solving node: 58-1
x: 58
y: 1
Solving node: 8:1
x: 8
y: 1
Solving node: 8*7
x: 8
y: 7
Solving node: 2+56
x: 2
y: 56
Solving node: 58-1
x: 58
y: 1
Solving node: 57+1
x: 57
y: 1
Difference: 58
Using default bounds (multiplication)
Calculating: 2+8:1*7-1+1*8
Solving node: 8:1
x: 8
y: 1
Solving node: 8*7
x: 8
y: 7
Solving node: 1*8
x: 1
y: 8
Solving node: 2+56
x: 2
y: 56
Solving node: 58-1
x: 58
y: 1
Solving node: 57+8
x: 57
y: 8
Solving node: 8:1
x: 8
y: 1
Solving node: 8*7
x: 8
y: 7
Solving node: 1*8
x: 1
y: 8
Solving node: 2+56
x: 2
y: 56
Solving node: 58-1
x: 58
y: 1
Solving node: 8:1
x: 8
y: 1
Solving node: 8*7
x: 8
y: 7
Solving node: 1*8
x: 1
y: 8
Solving node: 2+56
x: 2
y: 56
Solving node: 58-1
x: 58
y: 1
Solving node: 57+8
x: 57
y: 8
Difference: 65
Last: 8; Last sum: 8
Calculating: 2+8:1*7-1+1*8-3
Solving node: 8:1
x: 8
y: 1
Solving node: 8*7
x: 8
y: 7
Solving node: 1*8
x: 1
y: 8
Solving node: 2+56
x: 2
y: 56
Solving node: 58-1
x: 58
y: 1
Solving node: 57+8
x: 57
y: 8
Solving node: 65-3
x: 65
y: 3
Solving node: 8:1
x: 8
y: 1
Solving node: 8*7
x: 8
y: 7
Solving node: 1*8
x: 1
y: 8
Solving node: 2+56
x: 2
y: 56
Solving node: 58-1
x: 58
y: 1
Solving node: 57+8
x: 57
y: 8
Solving node: 65-3
x: 65
y: 3
Solving node: 8:1
x: 8
y: 1
Solving node: 8*7
x: 8
y: 7
Solving node: 1*8
x: 1
y: 8
Solving node: 2+56
x: 2
y: 56
Solving node: 58-1
x: 58
y: 1
Solving node: 57+8
x: 57
y: 8
Difference: 65-3
Calculating bounds (multiplication)
Previous index: -1 | Last operator index: 2
Upper bound: 3
Calculating: 2+8:1*7-1+1*8-3*1
Solving node: 8:1
x: 8
y: 1
Solving node: 8*7
x: 8
y: 7
Solving node: 1*8
x: 1
y: 8
Solving node: 3*1
x: 3
y: 1
Solving node: 2+56
x: 2
y: 56
Solving node: 58-1
x: 58
y: 1
Solving node: 57+8
x: 57
y: 8
Solving node: 65-3
x: 65
y: 3
Solving node: 8:1
x: 8
y: 1
Solving node: 8*7
x: 8
y: 7
Solving node: 1*8
x: 1
y: 8
Solving node: 3*1
x: 3
y: 1
Solving node: 2+56
x: 2
y: 56
Solving node: 58-1
x: 58
y: 1
Solving node: 57+8
x: 57
y: 8
Solving node: 65-3
x: 65
y: 3
Solving node: 8:1
x: 8
y: 1
Solving node: 8*7
x: 8
y: 7
Solving node: 1*8
x: 1
y: 8
Solving node: 3*1
x: 3
y: 1
Solving node: 2+56
x: 2
y: 56
Solving node: 58-1
x: 58
y: 1
Solving node: 57+8
x: 57
y: 8
Difference: 65-3
Calculating: 2+8:1*7-1+1*8-3*1+9
Solving node: 8:1
x: 8
y: 1
Solving node: 8*7
x: 8
y: 7
Solving node: 1*8
x: 1
y: 8
Solving node: 3*1
x: 3
y: 1
Solving node: 2+56
x: 2
y: 56
Solving node: 58-1
x: 58
y: 1
Solving node: 57+8
x: 57
y: 8
Solving node: 65-3
x: 65
y: 3
Solving node: 62+9
x: 62
y: 9
Solving node: 8:1
x: 8
y: 1
Solving node: 8*7
x: 8
y: 7
Solving node: 1*8
x: 1
y: 8
Solving node: 3*1
x: 3
y: 1
Solving node: 2+56
x: 2
y: 56
Solving node: 58-1
x: 58
y: 1
Solving node: 57+8
x: 57
y: 8
Solving node: 65-3
x: 65
y: 3
Solving node: 8:1
x: 8
y: 1
Solving node: 8*7
x: 8
y: 7
Solving node: 1*8
x: 1
y: 8
Solving node: 3*1
x: 3
y: 1
Solving node: 2+56
x: 2
y: 56
Solving node: 58-1
x: 58
y: 1
Solving node: 57+8
x: 57
y: 8
Solving node: 65-3
x: 65
y: 3
Solving node: 62+9
x: 62
y: 9
Difference: 71
Last: 9; Last sum: 9
Calculating: 2+8:1*7-1+1*8-3*1+9-8
Solving node: 8:1
x: 8
y: 1
Solving node: 8*7
x: 8
y: 7
Solving node: 1*8
x: 1
y: 8
Solving node: 3*1
x: 3
y: 1
Solving node: 2+56
x: 2
y: 56
Solving node: 58-1
x: 58
y: 1
Solving node: 57+8
x: 57
y: 8
Solving node: 65-3
x: 65
y: 3
Solving node: 62+9
x: 62
y: 9
Solving node: 71-8
x: 71
y: 8
Solving node: 8:1
x: 8
y: 1
Solving node: 8*7
x: 8
y: 7
Solving node: 1*8
x: 1
y: 8
Solving node: 3*1
x: 3
y: 1
Solving node: 2+56
x: 2
y: 56
Solving node: 58-1
x: 58
y: 1
Solving node: 57+8
x: 57
y: 8
Solving node: 65-3
x: 65
y: 3
Solving node: 62+9
x: 62
y: 9
Solving node: 71-8
x: 71
y: 8
Solving node: 8:1
x: 8
y: 1
Solving node: 8*7
x: 8
y: 7
Solving node: 1*8
x: 1
y: 8
Solving node: 3*1
x: 3
y: 1
Solving node: 2+56
x: 2
y: 56
Solving node: 58-1
x: 58
y: 1
Solving node: 57+8
x: 57
y: 8
Solving node: 65-3
x: 65
y: 3
Solving node: 62+9
x: 62
y: 9
Difference: 71-8
Previous index: -1 | Last operator index: 2
Calculating: 2+8:1*7-1+1*8-3*1+9-8:2
Solving node: 8:1
x: 8
y: 1
Solving node: 8*7
x: 8
y: 7
Solving node: 1*8
x: 1
y: 8
Solving node: 3*1
x: 3
y: 1
Solving node: 8:2
x: 8
y: 2
Solving node: 2+56
x: 2
y: 56
Solving node: 58-1
x: 58
y: 1
Solving node: 57+8
x: 57
y: 8
Solving node: 65-3
x: 65
y: 3
Solving node: 62+9
x: 62
y: 9
Solving node: 71-4
x: 71
y: 4
Solving node: 8:1
x: 8
y: 1
Solving node: 8*7
x: 8
y: 7
Solving node: 1*8
x: 1
y: 8
Solving node: 3*1
x: 3
y: 1
Solving node: 8:2
x: 8
y: 2
Solving node: 2+56
x: 2
y: 56
Solving node: 58-1
x: 58
y: 1
Solving node: 57+8
x: 57
y: 8
Solving node: 65-3
x: 65
y: 3
Solving node: 62+9
x: 62
y: 9
Solving node: 71-4
x: 71
y: 4
Solving node: 8:1
x: 8
y: 1
Solving node: 8*7
x: 8
y: 7
Solving node: 1*8
x: 1
y: 8
Solving node: 3*1
x: 3
y: 1
Solving node: 8:2
x: 8
y: 2
Solving node: 2+56
x: 2
y: 56
Solving node: 58-1
x: 58
y: 1
Solving node: 57+8
x: 57
y: 8
Solving node: 65-3
x: 65
y: 3
Solving node: 62+9
x: 62
y: 9
Difference: 71-4
Calculating bounds (multiplication)
Previous index: -1 | Last operator index: 2
Upper bound: 2
Calculating: 2+8:1*7-1+1*8-3*1+9-8:2*1
Solving node: 8:1
x: 8
y: 1
Solving node: 8*7
x: 8
y: 7
Solving node: 1*8
x: 1
y: 8
Solving node: 3*1
x: 3
y: 1
Solving node: 8:2
x: 8
y: 2
Solving node: 4*1
x: 4
y: 1
Solving node: 2+56
x: 2
y: 56
Solving node: 58-1
x: 58
y: 1
Solving node: 57+8
x: 57
y: 8
Solving node: 65-3
x: 65
y: 3
Solving node: 62+9
x: 62
y: 9
Solving node: 71-4
x: 71
y: 4
Solving node: 8:1
x: 8
y: 1
Solving node: 8*7
x: 8
y: 7
Solving node: 1*8
x: 1
y: 8
Solving node: 3*1
x: 3
y: 1
Solving node: 8:2
x: 8
y: 2
Solving node: 4*1
x: 4
y: 1
Solving node: 2+56
x: 2
y: 56
Solving node: 58-1
x: 58
y: 1
Solving node: 57+8
x: 57
y: 8
Solving node: 65-3
x: 65
y: 3
Solving node: 62+9
x: 62
y: 9
Solving node: 71-4
x: 71
y: 4
Solving node: 8:1
x: 8
y: 1
Solving node: 8*7
x: 8
y: 7
Solving node: 1*8
x: 1
y: 8
Solving node: 3*1
x: 3
y: 1
Solving node: 8:2
x: 8
y: 2
Solving node: 4*1
x: 4
y: 1
Solving node: 2+56
x: 2
y: 56
Solving node: 58-1
x: 58
y: 1
Solving node: 57+8
x: 57
y: 8
Solving node: 65-3
x: 65
y: 3
Solving node: 62+9
x: 62
y: 9
Difference: 71-4
Calculating: 2+8:1*7-1+1*8-3*1+9-8:2*1+4
Solving node: 8:1
x: 8
y: 1
Solving node: 8*7
x: 8
y: 7
Solving node: 1*8
x: 1
y: 8
Solving node: 3*1
x: 3
y: 1
Solving node: 8:2
x: 8
y: 2
Solving node: 4*1
x: 4
y: 1
Solving node: 2+56
x: 2
y: 56
Solving node: 58-1
x: 58
y: 1
Solving node: 57+8
x: 57
y: 8
Solving node: 65-3
x: 65
y: 3
Solving node: 62+9
x: 62
y: 9
Solving node: 71-4
x: 71
y: 4
Solving node: 67+4
x: 67
y: 4
Solving node: 8:1
x: 8
y: 1
Solving node: 8*7
x: 8
y: 7
Solving node: 1*8
x: 1
y: 8
Solving node: 3*1
x: 3
y: 1
Solving node: 8:2
x: 8
y: 2
Solving node: 4*1
x: 4
y: 1
Solving node: 2+56
x: 2
y: 56
Solving node: 58-1
x: 58
y: 1
Solving node: 57+8
x: 57
y: 8
Solving node: 65-3
x: 65
y: 3
Solving node: 62+9
x: 62
y: 9
Solving node: 71-4
x: 71
y: 4
Solving node: 8:1
x: 8
y: 1
Solving node: 8*7
x: 8
y: 7
Solving node: 1*8
x: 1
y: 8
Solving node: 3*1
x: 3
y: 1
Solving node: 8:2
x: 8
y: 2
Solving node: 4*1
x: 4
y: 1
Solving node: 2+56
x: 2
y: 56
Solving node: 58-1
x: 58
y: 1
Solving node: 57+8
x: 57
y: 8
Solving node: 65-3
x: 65
y: 3
Solving node: 62+9
x: 62
y: 9
Solving node: 71-4
x: 71
y: 4
Solving node: 67+4
x: 67
y: 4
Difference: 71
Last: 4; Last sum: 4
Calculating: 2+8:1*7-1+1*8-3*1+9-8:2*1+4-3
Solving node: 8:1
x: 8
y: 1
Solving node: 8*7
x: 8
y: 7
Solving node: 1*8
x: 1
y: 8
Solving node: 3*1
x: 3
y: 1
Solving node: 8:2
x: 8
y: 2
Solving node: 4*1
x: 4
y: 1
Solving node: 2+56
x: 2
y: 56
Solving node: 58-1
x: 58
y: 1
Solving node: 57+8
x: 57
y: 8
Solving node: 65-3
x: 65
y: 3
Solving node: 62+9
x: 62
y: 9
Solving node: 71-4
x: 71
y: 4
Solving node: 67+4
x: 67
y: 4
Solving node: 71-3
x: 71
y: 3
Solving node: 8:1
x: 8
y: 1
Solving node: 8*7
x: 8
y: 7
Solving node: 1*8
x: 1
y: 8
Solving node: 3*1
x: 3
y: 1
Solving node: 8:2
x: 8
y: 2
Solving node: 4*1
x: 4
y: 1
Solving node: 2+56
x: 2
y: 56
Solving node: 58-1
x: 58
y: 1
Solving node: 57+8
x: 57
y: 8
Solving node: 65-3
x: 65
y: 3
Solving node: 62+9
x: 62
y: 9
Solving node: 71-4
x: 71
y: 4
Solving node: 67+4
x: 67
y: 4
Solving node: 71-3
x: 71
y: 3
Solving node: 8:1
x: 8
y: 1
Solving node: 8*7
x: 8
y: 7
Solving node: 1*8
x: 1
y: 8
Solving node: 3*1
x: 3
y: 1
Solving node: 8:2
x: 8
y: 2
Solving node: 4*1
x: 4
y: 1
Solving node: 2+56
x: 2
y: 56
Solving node: 58-1
x: 58
y: 1
Solving node: 57+8
x: 57
y: 8
Solving node: 65-3
x: 65
y: 3
Solving node: 62+9
x: 62
y: 9
Solving node: 71-4
x: 71
y: 4
Solving node: 67+4
x: 67
y: 4
Difference: 71-3
Calculating: 2+8:1*7-1+1*8-3*1+9-8:2*1+4-3+4
Solving node: 8:1
x: 8
y: 1
Solving node: 8*7
x: 8
y: 7
Solving node: 1*8
x: 1
y: 8
Solving node: 3*1
x: 3
y: 1
Solving node: 8:2
x: 8
y: 2
Solving node: 4*1
x: 4
y: 1
Solving node: 2+56
x: 2
y: 56
Solving node: 58-1
x: 58
y: 1
Solving node: 57+8
x: 57
y: 8
Solving node: 65-3
x: 65
y: 3
Solving node: 62+9
x: 62
y: 9
Solving node: 71-4
x: 71
y: 4
Solving node: 67+4
x: 67
y: 4
Solving node: 71-3
x: 71
y: 3
Solving node: 68+4
x: 68
y: 4
Solving node: 8:1
x: 8
y: 1
Solving node: 8*7
x: 8
y: 7
Solving node: 1*8
x: 1
y: 8
Solving node: 3*1
x: 3
y: 1
Solving node: 8:2
x: 8
y: 2
Solving node: 4*1
x: 4
y: 1
Solving node: 2+56
x: 2
y: 56
Solving node: 58-1
x: 58
y: 1
Solving node: 57+8
x: 57
y: 8
Solving node: 65-3
x: 65
y: 3
Solving node: 62+9
x: 62
y: 9
Solving node: 71-4
x: 71
y: 4
Solving node: 67+4
x: 67
y: 4
Solving node: 71-3
x: 71
y: 3
Solving node: 8:1
x: 8
y: 1
Solving node: 8*7
x: 8
y: 7
Solving node: 1*8
x: 1
y: 8
Solving node: 3*1
x: 3
y: 1
Solving node: 8:2
x: 8
y: 2
Solving node: 4*1
x: 4
y: 1
Solving node: 2+56
x: 2
y: 56
Solving node: 58-1
x: 58
y: 1
Solving node: 57+8
x: 57
y: 8
Solving node: 65-3
x: 65
y: 3
Solving node: 62+9
x: 62
y: 9
Solving node: 71-4
x: 71
y: 4
Solving node: 67+4
x: 67
y: 4
Solving node: 71-3
x: 71
y: 3
Solving node: 68+4
x: 68
y: 4
Difference: 72
Calculating: 2+8:1*7-1+1*8-3*1+9-8:2*1+4-3+4:1
Solving node: 8:1
x: 8
y: 1
Solving node: 8*7
x: 8
y: 7
Solving node: 1*8
x: 1
y: 8
Solving node: 3*1
x: 3
y: 1
Solving node: 8:2
x: 8
y: 2
Solving node: 4*1
x: 4
y: 1
Solving node: 4:1
x: 4
y: 1
Solving node: 2+56
x: 2
y: 56
Solving node: 58-1
x: 58
y: 1
Solving node: 57+8
x: 57
y: 8
Solving node: 65-3
x: 65
y: 3
Solving node: 62+9
x: 62
y: 9
Solving node: 71-4
x: 71
y: 4
Solving node: 67+4
x: 67
y: 4
Solving node: 71-3
x: 71
y: 3
Solving node: 68+4
x: 68
y: 4
Originallösung: 2+8:1*7-1+1*8-3*1+9-8:2*1+4-3+4:1 = 72
[19/100] 2+8:1*7-1+1*8-3*1+9-8:2*1+4-3+4:1
Testing equation: 2+8:1*7-1+1*8-3*1+9-8:2*1+4-3+4:1
Checking node: 8:1
Solving node: 8:1
x: 8
y: 1
Checking node: 8*7
Solving node: 8*7
x: 8
y: 7
Checking node: 1*8
Solving node: 1*8
x: 1
y: 8
Checking node: 3*1
Solving node: 3*1
x: 3
y: 1
Checking node: 8:2
Solving node: 8:2
x: 8
y: 2
Checking node: 4*1
Solving node: 4*1
x: 4
y: 1
Checking node: 4:1
Solving node: 4:1
x: 4
y: 1
Checking node: 2+56
Solving node: 2+56
x: 2
y: 56
Checking node: 58-1
Solving node: 58-1
x: 58
y: 1
Checking node: 57+8
Solving node: 57+8
x: 57
y: 8
Checking node: 65-3
Solving node: 65-3
x: 65
y: 3
Checking node: 62+9
Solving node: 62+9
x: 62
y: 9
Checking node: 71-4
Solving node: 71-4
x: 71
y: 4
Checking node: 67+4
Solving node: 67+4
x: 67
y: 4
Checking node: 71-3
Solving node: 71-3
x: 71
y: 3
Checking node: 68+4
Solving node: 68+4
x: 68
y: 4
Checking node: 2+8
Checking node: 8:1
Checking node: 1*7
Checking node: 7-1
Checking node: 1+1
Checking node: 1*8
Checking node: 8-3
Checking node: 3*1
Checking node: 1+9
Checking node: 9-8
Checking node: 8:2
Checking node: 2*1
Checking node: 1+4
Checking node: 4-3
Checking node: 3+4
Checking node: 4:1
Difference: 5
Using default bounds (multiplication)
Calculating: 5*5
Solving node: 5*5
x: 5
y: 5
Solving node: 5*5
x: 5
y: 5
Solving node: 5*5
x: 5
y: 5
Difference: 25
Last: 5; Last sum: 25
Calculating: 5*5-1
Solving node: 5*5
x: 5
y: 5
Solving node: 25-1
x: 25
y: 1
Solving node: 5*5
x: 5
y: 5
Solving node: 25-1
x: 25
y: 1
Solving node: 5*5
x: 5
y: 5
Difference: 25-1
Calculating bounds (multiplication)
Previous index: -1 | Last operator index: 2
Upper bound: 1
Solving node: 5*5
x: 5
y: 5
Solving node: 25-1
x: 25
y: 1
Solving node: 5*5
x: 5
y: 5
Difference: 25-1
Calculating: 5*5-1+3
Solving node: 5*5
x: 5
y: 5
Solving node: 25-1
x: 25
y: 1
Solving node: 24+3
x: 24
y: 3
Solving node: 5*5
x: 5
y: 5
Solving node: 25-1
x: 25
y: 1
Solving node: 5*5
x: 5
y: 5
Solving node: 25-1
x: 25
y: 1
Solving node: 24+3
x: 24
y: 3
Difference: 27
Last: 3; Last sum: 3
Calculating: 5*5-1+3-2
Solving node: 5*5
x: 5
y: 5
Solving node: 25-1
x: 25
y: 1
Solving node: 24+3
x: 24
y: 3
Solving node: 27-2
x: 27
y: 2
Solving node: 5*5
x: 5
y: 5
Solving node: 25-1
x: 25
y: 1
Solving node: 24+3
x: 24
y: 3
Solving node: 27-2
x: 27
y: 2
Solving node: 5*5
x: 5
y: 5
Solving node: 25-1
x: 25
y: 1
Solving node: 24+3
x: 24
y: 3
Difference: 27-2
Calculating bounds (multiplication)
Previous index: -1 | Last operator index: 2
Upper bound: 2
Calculating: 5*5-1+3-2*1
Solving node: 5*5
x: 5
y: 5
Solving node: 2*1
x: 2
y: 1
Solving node: 25-1
x: 25
y: 1
Solving node: 24+3
x: 24
y: 3
Solving node: 27-2
x: 27
y: 2
Solving node: 5*5
x: 5
y: 5
Solving node: 2*1
x: 2
y: 1
Solving node: 25-1
x: 25
y: 1
Solving node: 24+3
x: 24
y: 3
Solving node: 27-2
x: 27
y: 2
Solving node: 5*5
x: 5
y: 5
Solving node: 2*1
x: 2
y: 1
Solving node: 25-1
x: 25
y: 1
Solving node: 24+3
x: 24
y: 3
Difference: 27-2
Calculating: 5*5-1+3-2*1+1
Solving node: 5*5
x: 5
y: 5
Solving node: 2*1
x: 2
y: 1
Solving node: 25-1
x: 25
y: 1
Solving node: 24+3
x: 24
y: 3
Solving node: 27-2
x: 27
y: 2
Solving node: 25+1
x: 25
y: 1
Solving node: 5*5
x: 5
y: 5
Solving node: 2*1
x: 2
y: 1
Solving node: 25-1
x: 25
y: 1
Solving node: 24+3
x: 24
y: 3
Solving node: 27-2
x: 27
y: 2
Solving node: 5*5
x: 5
y: 5
Solving node: 2*1
x: 2
y: 1
Solving node: 25-1
x: 25
y: 1
Solving node: 24+3
x: 24
y: 3
Solving node: 27-2
x: 27
y: 2
Solving node: 25+1
x: 25
y: 1
Difference: 26
Using default bounds (multiplication)
Calculating: 5*5-1+3-2*1+1*2
Solving node: 5*5
x: 5
y: 5
Solving node: 2*1
x: 2
y: 1
Solving node: 1*2
x: 1
y: 2
Solving node: 25-1
x: 25
y: 1
Solving node: 24+3
x: 24
y: 3
Solving node: 27-2
x: 27
y: 2
Solving node: 25+2
x: 25
y: 2
Solving node: 5*5
x: 5
y: 5
Solving node: 2*1
x: 2
y: 1
Solving node: 1*2
x: 1
y: 2
Solving node: 25-1
x: 25
y: 1
Solving node: 24+3
x: 24
y: 3
Solving node: 27-2
x: 27
y: 2
Solving node: 5*5
x: 5
y: 5
Solving node: 2*1
x: 2
y: 1
Solving node: 1*2
x: 1
y: 2
Solving node: 25-1
x: 25
y: 1
Solving node: 24+3
x: 24
y: 3
Solving node: 27-2
x: 27
y: 2
Solving node: 25+2
x: 25
y: 2
Difference: 27
Calculating: 5*5-1+3-2*1+1*2+5
Solving node: 5*5
x: 5
y: 5
Solving node: 2*1
x: 2
y: 1
Solving node: 1*2
x: 1
y: 2
Solving node: 25-1
x: 25
y: 1
Solving node: 24+3
x: 24
y: 3
Solving node: 27-2
x: 27
y: 2
Solving node: 25+2
x: 25
y: 2
Solving node: 27+5
x: 27
y: 5
Solving node: 5*5
x: 5
y: 5
Solving node: 2*1
x: 2
y: 1
Solving node: 1*2
x: 1
y: 2
Solving node: 25-1
x: 25
y: 1
Solving node: 24+3
x: 24
y: 3
Solving node: 27-2
x: 27
y: 2
Solving node: 5*5
x: 5
y: 5
Solving node: 2*1
x: 2
y: 1
Solving node: 1*2
x: 1
y: 2
Solving node: 25-1
x: 25
y: 1
Solving node: 24+3
x: 24
y: 3
Solving node: 27-2
x: 27
y: 2
Solving node: 25+2
x: 25
y: 2
Solving node: 27+5
x: 27
y: 5
Difference: 32
Last: 5; Last sum: 5
Calculating: 5*5-1+3-2*1+1*2+5-1
Solving node: 5*5
x: 5
y: 5
Solving node: 2*1
x: 2
y: 1
Solving node: 1*2
x: 1
y: 2
Solving node: 25-1
x: 25
y: 1
Solving node: 24+3
x: 24
y: 3
Solving node: 27-2
x: 27
y: 2
Solving node: 25+2
x: 25
y: 2
Solving node: 27+5
x: 27
y: 5
Solving node: 32-1
x: 32
y: 1
Solving node: 5*5
x: 5
y: 5
Solving node: 2*1
x: 2
y: 1
Solving node: 1*2
x: 1
y: 2
Solving node: 25-1
x: 25
y: 1
Solving node: 24+3
x: 24
y: 3
Solving node: 27-2
x: 27
y: 2
Solving node: 25+2
x: 25
y: 2
Solving node: 27+5
x: 27
y: 5
Solving node: 32-1
x: 32
y: 1
Solving node: 5*5
x: 5
y: 5
Solving node: 2*1
x: 2
y: 1
Solving node: 1*2
x: 1
y: 2
Solving node: 25-1
x: 25
y: 1
Solving node: 24+3
x: 24
y: 3
Solving node: 27-2
x: 27
y: 2
Solving node: 25+2
x: 25
y: 2
Solving node: 27+5
x: 27
y: 5
Difference: 32-1
Calculating bounds (multiplication)
Previous index: -1 | Last operator index: 2
Upper bound: 1
Solving node: 5*5
x: 5
y: 5
Solving node: 2*1
x: 2
y: 1
Solving node: 1*2
x: 1
y: 2
Solving node: 25-1
x: 25
y: 1
Solving node: 24+3
x: 24
y: 3
Solving node: 27-2
x: 27
y: 2
Solving node: 25+2
x: 25
y: 2
Solving node: 27+5
x: 27
y: 5
Solving node: 32-1
x: 32
y: 1
Solving node: 5*5
x: 5
y: 5
Solving node: 2*1
x: 2
y: 1
Solving node: 1*2
x: 1
y: 2
Solving node: 25-1
x: 25
y: 1
Solving node: 24+3
x: 24
y: 3
Solving node: 27-2
x: 27
y: 2
Solving node: 25+2
x: 25
y: 2
Solving node: 27+5
x: 27
y: 5
Difference: 32-1
Calculating: 5*5-1+3-2*1+1*2+5-1+8
Solving node: 5*5
x: 5
y: 5
Solving node: 2*1
x: 2
y: 1
Solving node: 1*2
x: 1
y: 2
Solving node: 25-1
x: 25
y: 1
Solving node: 24+3
x: 24
y: 3
Solving node: 27-2
x: 27
y: 2
Solving node: 25+2
x: 25
y: 2
Solving node: 27+5
x: 27
y: 5
Solving node: 32-1
x: 32
y: 1
Solving node: 31+8
x: 31
y: 8
Solving node: 5*5
x: 5
y: 5
Solving node: 2*1
x: 2
y: 1
Solving node: 1*2
x: 1
y: 2
Solving node: 25-1
x: 25
y: 1
Solving node: 24+3
x: 24
y: 3
Solving node: 27-2
x: 27
y: 2
Solving node: 25+2
x: 25
y: 2
Solving node: 27+5
x: 27
y: 5
Solving node: 32-1
x: 32
y: 1
Solving node: 5*5
x: 5
y: 5
Solving node: 2*1
x: 2
y: 1
Solving node: 1*2
x: 1
y: 2
Solving node: 25-1
x: 25
y: 1
Solving node: 24+3
x: 24
y: 3
Solving node: 27-2
x: 27
y: 2
Solving node: 25+2
x: 25
y: 2
Solving node: 27+5
x: 27
y: 5
Solving node: 32-1
x: 32
y: 1
Solving node: 31+8
x: 31
y: 8
Difference: 39
Calculating: 5*5-1+3-2*1+1*2+5-1+8:4
Solving node: 5*5
x: 5
y: 5
Solving node: 2*1
x: 2
y: 1
Solving node: 1*2
x: 1
y: 2
Solving node: 8:4
x: 8
y: 4
Solving node: 25-1
x: 25
y: 1
Solving node: 24+3
x: 24
y: 3
Solving node: 27-2
x: 27
y: 2
Solving node: 25+2
x: 25
y: 2
Solving node: 27+5
x: 27
y: 5
Solving node: 32-1
x: 32
y: 1
Solving node: 31+2
x: 31
y: 2
Solving node: 5*5
x: 5
y: 5
Solving node: 2*1
x: 2
y: 1
Solving node: 1*2
x: 1
y: 2
Solving node: 8:4
x: 8
y: 4
Solving node: 25-1
x: 25
y: 1
Solving node: 24+3
x: 24
y: 3
Solving node: 27-2
x: 27
y: 2
Solving node: 25+2
x: 25
y: 2
Solving node: 27+5
x: 27
y: 5
Solving node: 32-1
x: 32
y: 1
Solving node: 5*5
x: 5
y: 5
Solving node: 2*1
x: 2
y: 1
Solving node: 1*2
x: 1
y: 2
Solving node: 8:4
x: 8
y: 4
Solving node: 25-1
x: 25
y: 1
Solving node: 24+3
x: 24
y: 3
Solving node: 27-2
x: 27
y: 2
Solving node: 25+2
x: 25
y: 2
Solving node: 27+5
x: 27
y: 5
Solving node: 32-1
x: 32
y: 1
Solving node: 31+2
x: 31
y: 2
Difference: 33
Calculating: 5*5-1+3-2*1+1*2+5-1+8:4+2
Solving node: 5*5
x: 5
y: 5
Solving node: 2*1
x: 2
y: 1
Solving node: 1*2
x: 1
y: 2
Solving node: 8:4
x: 8
y: 4
Solving node: 25-1
x: 25
y: 1
Solving node: 24+3
x: 24
y: 3
Solving node: 27-2
x: 27
y: 2
Solving node: 25+2
x: 25
y: 2
Solving node: 27+5
x: 27
y: 5
Solving node: 32-1
x: 32
y: 1
Solving node: 31+2
x: 31
y: 2
Solving node: 33+2
x: 33
y: 2
Solving node: 5*5
x: 5
y: 5
Solving node: 2*1
x: 2
y: 1
Solving node: 1*2
x: 1
y: 2
Solving node: 8:4
x: 8
y: 4
Solving node: 25-1
x: 25
y: 1
Solving node: 24+3
x: 24
y: 3
Solving node: 27-2
x: 27
y: 2
Solving node: 25+2
x: 25
y: 2
Solving node: 27+5
x: 27
y: 5
Solving node: 32-1
x: 32
y: 1
Solving node: 5*5
x: 5
y: 5
Solving node: 2*1
x: 2
y: 1
Solving node: 1*2
x: 1
y: 2
Solving node: 8:4
x: 8
y: 4
Solving node: 25-1
x: 25
y: 1
Solving node: 24+3
x: 24
y: 3
Solving node: 27-2
x: 27
y: 2
Solving node: 25+2
x: 25
y: 2
Solving node: 27+5
x: 27
y: 5
Solving node: 32-1
x: 32
y: 1
Solving node: 31+2
x: 31
y: 2
Solving node: 33+2
x: 33
y: 2
Difference: 35
Using default bounds (multiplication)
Calculating: 5*5-1+3-2*1+1*2+5-1+8:4+2*4
Solving node: 5*5
x: 5
y: 5
Solving node: 2*1
x: 2
y: 1
Solving node: 1*2
x: 1
y: 2
Solving node: 8:4
x: 8
y: 4
Solving node: 2*4
x: 2
y: 4
Solving node: 25-1
x: 25
y: 1
Solving node: 24+3
x: 24
y: 3
Solving node: 27-2
x: 27
y: 2
Solving node: 25+2
x: 25
y: 2
Solving node: 27+5
x: 27
y: 5
Solving node: 32-1
x: 32
y: 1
Solving node: 31+2
x: 31
y: 2
Solving node: 33+8
x: 33
y: 8
Solving node: 5*5
x: 5
y: 5
Solving node: 2*1
x: 2
y: 1
Solving node: 1*2
x: 1
y: 2
Solving node: 8:4
x: 8
y: 4
Solving node: 2*4
x: 2
y: 4
Solving node: 25-1
x: 25
y: 1
Solving node: 24+3
x: 24
y: 3
Solving node: 27-2
x: 27
y: 2
Solving node: 25+2
x: 25
y: 2
Solving node: 27+5
x: 27
y: 5
Solving node: 32-1
x: 32
y: 1
Solving node: 5*5
x: 5
y: 5
Solving node: 2*1
x: 2
y: 1
Solving node: 1*2
x: 1
y: 2
Solving node: 8:4
x: 8
y: 4
Solving node: 2*4
x: 2
y: 4
Solving node: 25-1
x: 25
y: 1
Solving node: 24+3
x: 24
y: 3
Solving node: 27-2
x: 27
y: 2
Solving node: 25+2
x: 25
y: 2
Solving node: 27+5
x: 27
y: 5
Solving node: 32-1
x: 32
y: 1
Solving node: 31+2
x: 31
y: 2
Solving node: 33+8
x: 33
y: 8
Difference: 41
Calculating: 5*5-1+3-2*1+1*2+5-1+8:4+2*4:2
Solving node: 5*5
x: 5
y: 5
Solving node: 2*1
x: 2
y: 1
Solving node: 1*2
x: 1
y: 2
Solving node: 8:4
x: 8
y: 4
Solving node: 2*4
x: 2
y: 4
Solving node: 8:2
x: 8
y: 2
Solving node: 25-1
x: 25
y: 1
Solving node: 24+3
x: 24
y: 3
Solving node: 27-2
x: 27
y: 2
Solving node: 25+2
x: 25
y: 2
Solving node: 27+5
x: 27
y: 5
Solving node: 32-1
x: 32
y: 1
Solving node: 31+2
x: 31
y: 2
Solving node: 33+4
x: 33
y: 4
Solving node: 5*5
x: 5
y: 5
Solving node: 2*1
x: 2
y: 1
Solving node: 1*2
x: 1
y: 2
Solving node: 8:4
x: 8
y: 4
Solving node: 2*4
x: 2
y: 4
Solving node: 8:2
x: 8
y: 2
Solving node: 25-1
x: 25
y: 1
Solving node: 24+3
x: 24
y: 3
Solving node: 27-2
x: 27
y: 2
Solving node: 25+2
x: 25
y: 2
Solving node: 27+5
x: 27
y: 5
Solving node: 32-1
x: 32
y: 1
Solving node: 5*5
x: 5
y: 5
Solving node: 2*1
x: 2
y: 1
Solving node: 1*2
x: 1
y: 2
Solving node: 8:4
x: 8
y: 4
Solving node: 2*4
x: 2
y: 4
Solving node: 8:2
x: 8
y: 2
Solving node: 25-1
x: 25
y: 1
Solving node: 24+3
x: 24
y: 3
Solving node: 27-2
x: 27
y: 2
Solving node: 25+2
x: 25
y: 2
Solving node: 27+5
x: 27
y: 5
Solving node: 32-1
x: 32
y: 1
Solving node: 31+2
x: 31
y: 2
Solving node: 33+4
x: 33
y: 4
Difference: 37
Calculating: 5*5-1+3-2*1+1*2+5-1+8:4+2*4:2+3
Solving node: 5*5
x: 5
y: 5
Solving node: 2*1
x: 2
y: 1
Solving node: 1*2
x: 1
y: 2
Solving node: 8:4
x: 8
y: 4
Solving node: 2*4
x: 2
y: 4
Solving node: 8:2
x: 8
y: 2
Solving node: 25-1
x: 25
y: 1
Solving node: 24+3
x: 24
y: 3
Solving node: 27-2
x: 27
y: 2
Solving node: 25+2
x: 25
y: 2
Solving node: 27+5
x: 27
y: 5
Solving node: 32-1
x: 32
y: 1
Solving node: 31+2
x: 31
y: 2
Solving node: 33+4
x: 33
y: 4
Solving node: 37+3
x: 37
y: 3
Solving node: 5*5
x: 5
y: 5
Solving node: 2*1
x: 2
y: 1
Solving node: 1*2
x: 1
y: 2
Solving node: 8:4
x: 8
y: 4
Solving node: 2*4
x: 2
y: 4
Solving node: 8:2
x: 8
y: 2
Solving node: 25-1
x: 25
y: 1
Solving node: 24+3
x: 24
y: 3
Solving node: 27-2
x: 27
y: 2
Solving node: 25+2
x: 25
y: 2
Solving node: 27+5
x: 27
y: 5
Solving node: 32-1
x: 32
y: 1
Solving node: 5*5
x: 5
y: 5
Solving node: 2*1
x: 2
y: 1
Solving node: 1*2
x: 1
y: 2
Solving node: 8:4
x: 8
y: 4
Solving node: 2*4
x: 2
y: 4
Solving node: 8:2
x: 8
y: 2
Solving node: 25-1
x: 25
y: 1
Solving node: 24+3
x: 24
y: 3
Solving node: 27-2
x: 27
y: 2
Solving node: 25+2
x: 25
y: 2
Solving node: 27+5
x: 27
y: 5
Solving node: 32-1
x: 32
y: 1
Solving node: 31+2
x: 31
y: 2
Solving node: 33+4
x: 33
y: 4
Solving node: 37+3
x: 37
y: 3
Difference: 40
Last: 3; Last sum: 3
Calculating: 5*5-1+3-2*1+1*2+5-1+8:4+2*4:2+3-1
Solving node: 5*5
x: 5
y: 5
Solving node: 2*1
x: 2
y: 1
Solving node: 1*2
x: 1
y: 2
Solving node: 8:4
x: 8
y: 4
Solving node: 2*4
x: 2
y: 4
Solving node: 8:2
x: 8
y: 2
Solving node: 25-1
x: 25
y: 1
Solving node: 24+3
x: 24
y: 3
Solving node: 27-2
x: 27
y: 2
Solving node: 25+2
x: 25
y: 2
Solving node: 27+5
x: 27
y: 5
Solving node: 32-1
x: 32
y: 1
Solving node: 31+2
x: 31
y: 2
Solving node: 33+4
x: 33
y: 4
Solving node: 37+3
x: 37
y: 3
Solving node: 40-1
x: 40
y: 1
Originallösung: 5*5-1+3-2*1+1*2+5-1+8:4+2*4:2+3-1 = 39
[20/100] 5*5-1+3-2*1+1*2+5-1+8:4+2*4:2+3-1
Testing equation: 5*5-1+3-2*1+1*2+5-1+8:4+2*4:2+3-1
Checking node: 5*5
Solving node: 5*5
x: 5
y: 5
Checking node: 2*1
Solving node: 2*1
x: 2
y: 1
Checking node: 1*2
Solving node: 1*2
x: 1
y: 2
Checking node: 8:4
Solving node: 8:4
x: 8
y: 4
Checking node: 2*4
Solving node: 2*4
x: 2
y: 4
Checking node: 8:2
Solving node: 8:2
x: 8
y: 2
Checking node: 25-1
Solving node: 25-1
x: 25
y: 1
Checking node: 24+3
Solving node: 24+3
x: 24
y: 3
Checking node: 27-2
Solving node: 27-2
x: 27
y: 2
Checking node: 25+2
Solving node: 25+2
x: 25
y: 2
Checking node: 27+5
Solving node: 27+5
x: 27
y: 5
Checking node: 32-1
Solving node: 32-1
x: 32
y: 1
Checking node: 31+2
Solving node: 31+2
x: 31
y: 2
Checking node: 33+4
Solving node: 33+4
x: 33
y: 4
Checking node: 37+3
Solving node: 37+3
x: 37
y: 3
Checking node: 40-1
Solving node: 40-1
x: 40
y: 1
Checking node: 5*5
Checking node: 5-1
Checking node: 1+3
Checking node: 3-2
Checking node: 2*1
Checking node: 1+1
Checking node: 1*2
Checking node: 2+5
Checking node: 5-1
Checking node: 1+8
Checking node: 8:4
Checking node: 4+2
Checking node: 2*4
Checking node: 4:2
Checking node: 2+3
Checking node: 3-1
Difference: 9
Using default bounds (multiplication)
Calculating: 9*8
Solving node: 9*8
x: 9
y: 8
Solving node: 9*8
x: 9
y: 8
Solving node: 9*8
x: 9
y: 8
Difference: 72
Calculating: 9*8:2
Solving node: 9*8
x: 9
y: 8
Solving node: 72:2
x: 72
y: 2
Solving node: 9*8
x: 9
y: 8
Solving node: 72:2
x: 72
y: 2
Solving node: 9*8
x: 9
y: 8
Solving node: 72:2
x: 72
y: 2
Difference: 36
Using default bounds (multiplication)
Calculating: 9*8:2*1
Solving node: 9*8
x: 9
y: 8
Solving node: 72:2
x: 72
y: 2
Solving node: 36*1
x: 36
y: 1
Solving node: 9*8
x: 9
y: 8
Solving node: 72:2
x: 72
y: 2
Solving node: 36*1
x: 36
y: 1
Solving node: 9*8
x: 9
y: 8
Solving node: 72:2
x: 72
y: 2
Solving node: 36*1
x: 36
y: 1
Difference: 36
Calculating: 9*8:2*1+4
Solving node: 9*8
x: 9
y: 8
Solving node: 72:2
x: 72
y: 2
Solving node: 36*1
x: 36
y: 1
Solving node: 36+4
x: 36
y: 4
Solving node: 9*8
x: 9
y: 8
Solving node: 72:2
x: 72
y: 2
Solving node: 36*1
x: 36
y: 1
Solving node: 9*8
x: 9
y: 8
Solving node: 72:2
x: 72
y: 2
Solving node: 36*1
x: 36
y: 1
Solving node: 36+4
x: 36
y: 4
Difference: 40
Calculating: 9*8:2*1+4:1
Solving node: 9*8
x: 9
y: 8
Solving node: 72:2
x: 72
y: 2
Solving node: 36*1
x: 36
y: 1
Solving node: 4:1
x: 4
y: 1
Solving node: 36+4
x: 36
y: 4
Solving node: 9*8
x: 9
y: 8
Solving node: 72:2
x: 72
y: 2
Solving node: 36*1
x: 36
y: 1
Solving node: 4:1
x: 4
y: 1
Solving node: 9*8
x: 9
y: 8
Solving node: 72:2
x: 72
y: 2
Solving node: 36*1
x: 36
y: 1
Solving node: 4:1
x: 4
y: 1
Solving node: 36+4
x: 36
y: 4
Difference: 40
Using default bounds (multiplication)
Calculating: 9*8:2*1+4:1*1
Solving node: 9*8
x: 9
y: 8
Solving node: 72:2
x: 72
y: 2
Solving node: 36*1
x: 36
y: 1
Solving node: 4:1
x: 4
y: 1
Solving node: 4*1
x: 4
y: 1
Solving node: 36+4
x: 36
y: 4
Solving node: 9*8
x: 9
y: 8
Solving node: 72:2
x: 72
y: 2
Solving node: 36*1
x: 36
y: 1
Solving node: 4:1
x: 4
y: 1
Solving node: 4*1
x: 4
y: 1
Solving node: 9*8
x: 9
y: 8
Solving node: 72:2
x: 72
y: 2
Solving node: 36*1
x: 36
y: 1
Solving node: 4:1
x: 4
y: 1
Solving node: 4*1
x: 4
y: 1
Solving node: 36+4
x: 36
y: 4
Difference: 40
Calculating: 9*8:2*1+4:1*1+2
Solving node: 9*8
x: 9
y: 8
Solving node: 72:2
x: 72
y: 2
Solving node: 36*1
x: 36
y: 1
Solving node: 4:1
x: 4
y: 1
Solving node: 4*1
x: 4
y: 1
Solving node: 36+4
x: 36
y: 4
Solving node: 40+2
x: 40
y: 2
Solving node: 9*8
x: 9
y: 8
Solving node: 72:2
x: 72
y: 2
Solving node: 36*1
x: 36
y: 1
Solving node: 4:1
x: 4
y: 1
Solving node: 4*1
x: 4
y: 1
Solving node: 9*8
x: 9
y: 8
Solving node: 72:2
x: 72
y: 2
Solving node: 36*1
x: 36
y: 1
Solving node: 4:1
x: 4
y: 1
Solving node: 4*1
x: 4
y: 1
Solving node: 36+4
x: 36
y: 4
Solving node: 40+2
x: 40
y: 2
Difference: 42
Using default bounds (multiplication)
Calculating: 9*8:2*1+4:1*1+2*2
Solving node: 9*8
x: 9
y: 8
Solving node: 72:2
x: 72
y: 2
Solving node: 36*1
x: 36
y: 1
Solving node: 4:1
x: 4
y: 1
Solving node: 4*1
x: 4
y: 1
Solving node: 2*2
x: 2
y: 2
Solving node: 36+4
x: 36
y: 4
Solving node: 40+4
x: 40
y: 4
Solving node: 9*8
x: 9
y: 8
Solving node: 72:2
x: 72
y: 2
Solving node: 36*1
x: 36
y: 1
Solving node: 4:1
x: 4
y: 1
Solving node: 4*1
x: 4
y: 1
Solving node: 2*2
x: 2
y: 2
Solving node: 9*8
x: 9
y: 8
Solving node: 72:2
x: 72
y: 2
Solving node: 36*1
x: 36
y: 1
Solving node: 4:1
x: 4
y: 1
Solving node: 4*1
x: 4
y: 1
Solving node: 2*2
x: 2
y: 2
Solving node: 36+4
x: 36
y: 4
Solving node: 40+4
x: 40
y: 4
Difference: 44
Calculating: 9*8:2*1+4:1*1+2*2+9
Solving node: 9*8
x: 9
y: 8
Solving node: 72:2
x: 72
y: 2
Solving node: 36*1
x: 36
y: 1
Solving node: 4:1
x: 4
y: 1
Solving node: 4*1
x: 4
y: 1
Solving node: 2*2
x: 2
y: 2
Solving node: 36+4
x: 36
y: 4
Solving node: 40+4
x: 40
y: 4
Solving node: 44+9
x: 44
y: 9
Solving node: 9*8
x: 9
y: 8
Solving node: 72:2
x: 72
y: 2
Solving node: 36*1
x: 36
y: 1
Solving node: 4:1
x: 4
y: 1
Solving node: 4*1
x: 4
y: 1
Solving node: 2*2
x: 2
y: 2
Solving node: 9*8
x: 9
y: 8
Solving node: 72:2
x: 72
y: 2
Solving node: 36*1
x: 36
y: 1
Solving node: 4:1
x: 4
y: 1
Solving node: 4*1
x: 4
y: 1
Solving node: 2*2
x: 2
y: 2
Solving node: 36+4
x: 36
y: 4
Solving node: 40+4
x: 40
y: 4
Solving node: 44+9
x: 44
y: 9
Difference: 53
Last: 9; Last sum: 9
Calculating: 9*8:2*1+4:1*1+2*2+9-7
Solving node: 9*8
x: 9
y: 8
Solving node: 72:2
x: 72
y: 2
Solving node: 36*1
x: 36
y: 1
Solving node: 4:1
x: 4
y: 1
Solving node: 4*1
x: 4
y: 1
Solving node: 2*2
x: 2
y: 2
Solving node: 36+4
x: 36
y: 4
Solving node: 40+4
x: 40
y: 4
Solving node: 44+9
x: 44
y: 9
Solving node: 53-7
x: 53
y: 7
Solving node: 9*8
x: 9
y: 8
Solving node: 72:2
x: 72
y: 2
Solving node: 36*1
x: 36
y: 1
Solving node: 4:1
x: 4
y: 1
Solving node: 4*1
x: 4
y: 1
Solving node: 2*2
x: 2
y: 2
Solving node: 36+4
x: 36
y: 4
Solving node: 40+4
x: 40
y: 4
Solving node: 44+9
x: 44
y: 9
Solving node: 53-7
x: 53
y: 7
Solving node: 9*8
x: 9
y: 8
Solving node: 72:2
x: 72
y: 2
Solving node: 36*1
x: 36
y: 1
Solving node: 4:1
x: 4
y: 1
Solving node: 4*1
x: 4
y: 1
Solving node: 2*2
x: 2
y: 2
Solving node: 36+4
x: 36
y: 4
Solving node: 40+4
x: 40
y: 4
Solving node: 44+9
x: 44
y: 9
Difference: 53-7
Calculating: 9*8:2*1+4:1*1+2*2+9-7+1
Solving node: 9*8
x: 9
y: 8
Solving node: 72:2
x: 72
y: 2
Solving node: 36*1
x: 36
y: 1
Solving node: 4:1
x: 4
y: 1
Solving node: 4*1
x: 4
y: 1
Solving node: 2*2
x: 2
y: 2
Solving node: 36+4
x: 36
y: 4
Solving node: 40+4
x: 40
y: 4
Solving node: 44+9
x: 44
y: 9
Solving node: 53-7
x: 53
y: 7
Solving node: 46+1
x: 46
y: 1
Solving node: 9*8
x: 9
y: 8
Solving node: 72:2
x: 72
y: 2
Solving node: 36*1
x: 36
y: 1
Solving node: 4:1
x: 4
y: 1
Solving node: 4*1
x: 4
y: 1
Solving node: 2*2
x: 2
y: 2
Solving node: 36+4
x: 36
y: 4
Solving node: 40+4
x: 40
y: 4
Solving node: 44+9
x: 44
y: 9
Solving node: 53-7
x: 53
y: 7
Solving node: 9*8
x: 9
y: 8
Solving node: 72:2
x: 72
y: 2
Solving node: 36*1
x: 36
y: 1
Solving node: 4:1
x: 4
y: 1
Solving node: 4*1
x: 4
y: 1
Solving node: 2*2
x: 2
y: 2
Solving node: 36+4
x: 36
y: 4
Solving node: 40+4
x: 40
y: 4
Solving node: 44+9
x: 44
y: 9
Solving node: 53-7
x: 53
y: 7
Solving node: 46+1
x: 46
y: 1
Difference: 47
Using default bounds (multiplication)
Calculating: 9*8:2*1+4:1*1+2*2+9-7+1*9
Solving node: 9*8
x: 9
y: 8
Solving node: 72:2
x: 72
y: 2
Solving node: 36*1
x: 36
y: 1
Solving node: 4:1
x: 4
y: 1
Solving node: 4*1
x: 4
y: 1
Solving node: 2*2
x: 2
y: 2
Solving node: 1*9
x: 1
y: 9
Solving node: 36+4
x: 36
y: 4
Solving node: 40+4
x: 40
y: 4
Solving node: 44+9
x: 44
y: 9
Solving node: 53-7
x: 53
y: 7
Solving node: 46+9
x: 46
y: 9
Solving node: 9*8
x: 9
y: 8
Solving node: 72:2
x: 72
y: 2
Solving node: 36*1
x: 36
y: 1
Solving node: 4:1
x: 4
y: 1
Solving node: 4*1
x: 4
y: 1
Solving node: 2*2
x: 2
y: 2
Solving node: 1*9
x: 1
y: 9
Solving node: 36+4
x: 36
y: 4
Solving node: 40+4
x: 40
y: 4
Solving node: 44+9
x: 44
y: 9
Solving node: 53-7
x: 53
y: 7
Solving node: 9*8
x: 9
y: 8
Solving node: 72:2
x: 72
y: 2
Solving node: 36*1
x: 36
y: 1
Solving node: 4:1
x: 4
y: 1
Solving node: 4*1
x: 4
y: 1
Solving node: 2*2
x: 2
y: 2
Solving node: 1*9
x: 1
y: 9
Solving node: 36+4
x: 36
y: 4
Solving node: 40+4
x: 40
y: 4
Solving node: 44+9
x: 44
y: 9
Solving node: 53-7
x: 53
y: 7
Solving node: 46+9
x: 46
y: 9
Difference: 55
Last: 9; Last sum: 9
Calculating: 9*8:2*1+4:1*1+2*2+9-7+1*9-1
Solving node: 9*8
x: 9
y: 8
Solving node: 72:2
x: 72
y: 2
Solving node: 36*1
x: 36
y: 1
Solving node: 4:1
x: 4
y: 1
Solving node: 4*1
x: 4
y: 1
Solving node: 2*2
x: 2
y: 2
Solving node: 1*9
x: 1
y: 9
Solving node: 36+4
x: 36
y: 4
Solving node: 40+4
x: 40
y: 4
Solving node: 44+9
x: 44
y: 9
Solving node: 53-7
x: 53
y: 7
Solving node: 46+9
x: 46
y: 9
Solving node: 55-1
x: 55
y: 1
Solving node: 9*8
x: 9
y: 8
Solving node: 72:2
x: 72
y: 2
Solving node: 36*1
x: 36
y: 1
Solving node: 4:1
x: 4
y: 1
Solving node: 4*1
x: 4
y: 1
Solving node: 2*2
x: 2
y: 2
Solving node: 1*9
x: 1
y: 9
Solving node: 36+4
x: 36
y: 4
Solving node: 40+4
x: 40
y: 4
Solving node: 44+9
x: 44
y: 9
Solving node: 53-7
x: 53
y: 7
Solving node: 46+9
x: 46
y: 9
Solving node: 55-1
x: 55
y: 1
Solving node: 9*8
x: 9
y: 8
Solving node: 72:2
x: 72
y: 2
Solving node: 36*1
x: 36
y: 1
Solving node: 4:1
x: 4
y: 1
Solving node: 4*1
x: 4
y: 1
Solving node: 2*2
x: 2
y: 2
Solving node: 1*9
x: 1
y: 9
Solving node: 36+4
x: 36
y: 4
Solving node: 40+4
x: 40
y: 4
Solving node: 44+9
x: 44
y: 9
Solving node: 53-7
x: 53
y: 7
Solving node: 46+9
x: 46
y: 9
Difference: 55-1
Calculating: 9*8:2*1+4:1*1+2*2+9-7+1*9-1+8
Solving node: 9*8
x: 9
y: 8
Solving node: 72:2
x: 72
y: 2
Solving node: 36*1
x: 36
y: 1
Solving node: 4:1
x: 4
y: 1
Solving node: 4*1
x: 4
y: 1
Solving node: 2*2
x: 2
y: 2
Solving node: 1*9
x: 1
y: 9
Solving node: 36+4
x: 36
y: 4
Solving node: 40+4
x: 40
y: 4
Solving node: 44+9
x: 44
y: 9
Solving node: 53-7
x: 53
y: 7
Solving node: 46+9
x: 46
y: 9
Solving node: 55-1
x: 55
y: 1
Solving node: 54+8
x: 54
y: 8
Solving node: 9*8
x: 9
y: 8
Solving node: 72:2
x: 72
y: 2
Solving node: 36*1
x: 36
y: 1
Solving node: 4:1
x: 4
y: 1
Solving node: 4*1
x: 4
y: 1
Solving node: 2*2
x: 2
y: 2
Solving node: 1*9
x: 1
y: 9
Solving node: 36+4
x: 36
y: 4
Solving node: 40+4
x: 40
y: 4
Solving node: 44+9
x: 44
y: 9
Solving node: 53-7
x: 53
y: 7
Solving node: 46+9
x: 46
y: 9
Solving node: 55-1
x: 55
y: 1
Solving node: 9*8
x: 9
y: 8
Solving node: 72:2
x: 72
y: 2
Solving node: 36*1
x: 36
y: 1
Solving node: 4:1
x: 4
y: 1
Solving node: 4*1
x: 4
y: 1
Solving node: 2*2
x: 2
y: 2
Solving node: 1*9
x: 1
y: 9
Solving node: 36+4
x: 36
y: 4
Solving node: 40+4
x: 40
y: 4
Solving node: 44+9
x: 44
y: 9
Solving node: 53-7
x: 53
y: 7
Solving node: 46+9
x: 46
y: 9
Solving node: 55-1
x: 55
y: 1
Solving node: 54+8
x: 54
y: 8
Difference: 62
Calculating: 9*8:2*1+4:1*1+2*2+9-7+1*9-1+8:4
Solving node: 9*8
x: 9
y: 8
Solving node: 72:2
x: 72
y: 2
Solving node: 36*1
x: 36
y: 1
Solving node: 4:1
x: 4
y: 1
Solving node: 4*1
x: 4
y: 1
Solving node: 2*2
x: 2
y: 2
Solving node: 1*9
x: 1
y: 9
Solving node: 8:4
x: 8
y: 4
Solving node: 36+4
x: 36
y: 4
Solving node: 40+4
x: 40
y: 4
Solving node: 44+9
x: 44
y: 9
Solving node: 53-7
x: 53
y: 7
Solving node: 46+9
x: 46
y: 9
Solving node: 55-1
x: 55
y: 1
Solving node: 54+2
x: 54
y: 2
Solving node: 9*8
x: 9
y: 8
Solving node: 72:2
x: 72
y: 2
Solving node: 36*1
x: 36
y: 1
Solving node: 4:1
x: 4
y: 1
Solving node: 4*1
x: 4
y: 1
Solving node: 2*2
x: 2
y: 2
Solving node: 1*9
x: 1
y: 9
Solving node: 8:4
x: 8
y: 4
Solving node: 36+4
x: 36
y: 4
Solving node: 40+4
x: 40
y: 4
Solving node: 44+9
x: 44
y: 9
Solving node: 53-7
x: 53
y: 7
Solving node: 46+9
x: 46
y: 9
Solving node: 55-1
x: 55
y: 1
Solving node: 9*8
x: 9
y: 8
Solving node: 72:2
x: 72
y: 2
Solving node: 36*1
x: 36
y: 1
Solving node: 4:1
x: 4
y: 1
Solving node: 4*1
x: 4
y: 1
Solving node: 2*2
x: 2
y: 2
Solving node: 1*9
x: 1
y: 9
Solving node: 8:4
x: 8
y: 4
Solving node: 36+4
x: 36
y: 4
Solving node: 40+4
x: 40
y: 4
Solving node: 44+9
x: 44
y: 9
Solving node: 53-7
x: 53
y: 7
Solving node: 46+9
x: 46
y: 9
Solving node: 55-1
x: 55
y: 1
Solving node: 54+2
x: 54
y: 2
Difference: 56
Calculating: 9*8:2*1+4:1*1+2*2+9-7+1*9-1+8:4+5
Solving node: 9*8
x: 9
y: 8
Solving node: 72:2
x: 72
y: 2
Solving node: 36*1
x: 36
y: 1
Solving node: 4:1
x: 4
y: 1
Solving node: 4*1
x: 4
y: 1
Solving node: 2*2
x: 2
y: 2
Solving node: 1*9
x: 1
y: 9
Solving node: 8:4
x: 8
y: 4
Solving node: 36+4
x: 36
y: 4
Solving node: 40+4
x: 40
y: 4
Solving node: 44+9
x: 44
y: 9
Solving node: 53-7
x: 53
y: 7
Solving node: 46+9
x: 46
y: 9
Solving node: 55-1
x: 55
y: 1
Solving node: 54+2
x: 54
y: 2
Solving node: 56+5
x: 56
y: 5
Originallösung: 9*8:2*1+4:1*1+2*2+9-7+1*9-1+8:4+5 = 61
[21/100] 9*8:2*1+4:1*1+2*2+9-7+1*9-1+8:4+5
Testing equation: 9*8:2*1+4:1*1+2*2+9-7+1*9-1+8:4+5
Checking node: 9*8
Solving node: 9*8
x: 9
y: 8
Checking node: 72:2
Solving node: 72:2
x: 72
y: 2
Checking node: 36*1
Solving node: 36*1
x: 36
y: 1
Checking node: 4:1
Solving node: 4:1
x: 4
y: 1
Checking node: 4*1
Solving node: 4*1
x: 4
y: 1
Checking node: 2*2
Solving node: 2*2
x: 2
y: 2
Checking node: 1*9
Solving node: 1*9
x: 1
y: 9
Checking node: 8:4
Solving node: 8:4
x: 8
y: 4
Checking node: 36+4
Solving node: 36+4
x: 36
y: 4
Checking node: 40+4
Solving node: 40+4
x: 40
y: 4
Checking node: 44+9
Solving node: 44+9
x: 44
y: 9
Checking node: 53-7
Solving node: 53-7
x: 53
y: 7
Checking node: 46+9
Solving node: 46+9
x: 46
y: 9
Checking node: 55-1
Solving node: 55-1
x: 55
y: 1
Checking node: 54+2
Solving node: 54+2
x: 54
y: 2
Checking node: 56+5
Solving node: 56+5
x: 56
y: 5
Checking node: 9*8
Checking node: 8:2
Checking node: 2*1
Checking node: 1+4
Checking node: 4:1
Checking node: 1*1
Checking node: 1+2
Checking node: 2*2
Checking node: 2+9
Checking node: 9-7
Checking node: 7+1
Checking node: 1*9
Checking node: 9-1
Checking node: 1+8
Checking node: 8:4
Checking node: 4+5
Difference: 4
Calculating: 4+6
Solving node: 4+6
x: 4
y: 6
Solving node: 4+6
x: 4
y: 6
Difference: 10
Using default bounds (multiplication)
Calculating: 4+6*7
Solving node: 6*7
x: 6
y: 7
Solving node: 4+42
x: 4
y: 42
Solving node: 6*7
x: 6
y: 7
Solving node: 6*7
x: 6
y: 7
Solving node: 4+42
x: 4
y: 42
Difference: 46
Last: 7; Last sum: 42
Calculating: 4+6*7-4
Solving node: 6*7
x: 6
y: 7
Solving node: 4+42
x: 4
y: 42
Solving node: 46-4
x: 46
y: 4
Solving node: 6*7
x: 6
y: 7
Solving node: 4+42
x: 4
y: 42
Solving node: 46-4
x: 46
y: 4
Solving node: 6*7
x: 6
y: 7
Solving node: 4+42
x: 4
y: 42
Difference: 46-4
Calculating: 4+6*7-4+8
Solving node: 6*7
x: 6
y: 7
Solving node: 4+42
x: 4
y: 42
Solving node: 46-4
x: 46
y: 4
Solving node: 42+8
x: 42
y: 8
Solving node: 6*7
x: 6
y: 7
Solving node: 4+42
x: 4
y: 42
Solving node: 46-4
x: 46
y: 4
Solving node: 6*7
x: 6
y: 7
Solving node: 4+42
x: 4
y: 42
Solving node: 46-4
x: 46
y: 4
Solving node: 42+8
x: 42
y: 8
Difference: 50
Last: 8; Last sum: 8
Calculating: 4+6*7-4+8-5
Solving node: 6*7
x: 6
y: 7
Solving node: 4+42
x: 4
y: 42
Solving node: 46-4
x: 46
y: 4
Solving node: 42+8
x: 42
y: 8
Solving node: 50-5
x: 50
y: 5
Solving node: 6*7
x: 6
y: 7
Solving node: 4+42
x: 4
y: 42
Solving node: 46-4
x: 46
y: 4
Solving node: 42+8
x: 42
y: 8
Solving node: 50-5
x: 50
y: 5
Solving node: 6*7
x: 6
y: 7
Solving node: 4+42
x: 4
y: 42
Solving node: 46-4
x: 46
y: 4
Solving node: 42+8
x: 42
y: 8
Difference: 50-5
Calculating bounds (multiplication)
Previous index: -1 | Last operator index: 2
Upper bound: 5
Calculating: 4+6*7-4+8-5*2
Solving node: 6*7
x: 6
y: 7
Solving node: 5*2
x: 5
y: 2
Solving node: 4+42
x: 4
y: 42
Solving node: 46-4
x: 46
y: 4
Solving node: 42+8
x: 42
y: 8
Solving node: 50-10
x: 50
y: 10
Solving node: 6*7
x: 6
y: 7
Solving node: 5*2
x: 5
y: 2
Solving node: 4+42
x: 4
y: 42
Solving node: 46-4
x: 46
y: 4
Solving node: 42+8
x: 42
y: 8
Solving node: 50-10
x: 50
y: 10
Solving node: 6*7
x: 6
y: 7
Solving node: 5*2
x: 5
y: 2
Solving node: 4+42
x: 4
y: 42
Solving node: 46-4
x: 46
y: 4
Solving node: 42+8
x: 42
y: 8
Difference: 50-10
Calculating: 4+6*7-4+8-5*2+6
Solving node: 6*7
x: 6
y: 7
Solving node: 5*2
x: 5
y: 2
Solving node: 4+42
x: 4
y: 42
Solving node: 46-4
x: 46
y: 4
Solving node: 42+8
x: 42
y: 8
Solving node: 50-10
x: 50
y: 10
Solving node: 40+6
x: 40
y: 6
Solving node: 6*7
x: 6
y: 7
Solving node: 5*2
x: 5
y: 2
Solving node: 4+42
x: 4
y: 42
Solving node: 46-4
x: 46
y: 4
Solving node: 42+8
x: 42
y: 8
Solving node: 50-10
x: 50
y: 10
Solving node: 6*7
x: 6
y: 7
Solving node: 5*2
x: 5
y: 2
Solving node: 4+42
x: 4
y: 42
Solving node: 46-4
x: 46
y: 4
Solving node: 42+8
x: 42
y: 8
Solving node: 50-10
x: 50
y: 10
Solving node: 40+6
x: 40
y: 6
Difference: 46
Last: 6; Last sum: 6
Calculating: 4+6*7-4+8-5*2+6-4
Solving node: 6*7
x: 6
y: 7
Solving node: 5*2
x: 5
y: 2
Solving node: 4+42
x: 4
y: 42
Solving node: 46-4
x: 46
y: 4
Solving node: 42+8
x: 42
y: 8
Solving node: 50-10
x: 50
y: 10
Solving node: 40+6
x: 40
y: 6
Solving node: 46-4
x: 46
y: 4
Solving node: 6*7
x: 6
y: 7
Solving node: 5*2
x: 5
y: 2
Solving node: 4+42
x: 4
y: 42
Solving node: 46-4
x: 46
y: 4
Solving node: 42+8
x: 42
y: 8
Solving node: 50-10
x: 50
y: 10
Solving node: 40+6
x: 40
y: 6
Solving node: 46-4
x: 46
y: 4
Solving node: 6*7
x: 6
y: 7
Solving node: 5*2
x: 5
y: 2
Solving node: 4+42
x: 4
y: 42
Solving node: 46-4
x: 46
y: 4
Solving node: 42+8
x: 42
y: 8
Solving node: 50-10
x: 50
y: 10
Solving node: 40+6
x: 40
y: 6
Difference: 46-4
Calculating bounds (multiplication)
Previous index: -1 | Last operator index: 2
Upper bound: 4
Calculating: 4+6*7-4+8-5*2+6-4*3
Solving node: 6*7
x: 6
y: 7
Solving node: 5*2
x: 5
y: 2
Solving node: 4*3
x: 4
y: 3
Solving node: 4+42
x: 4
y: 42
Solving node: 46-4
x: 46
y: 4
Solving node: 42+8
x: 42
y: 8
Solving node: 50-10
x: 50
y: 10
Solving node: 40+6
x: 40
y: 6
Solving node: 46-12
x: 46
y: 12
Solving node: 6*7
x: 6
y: 7
Solving node: 5*2
x: 5
y: 2
Solving node: 4*3
x: 4
y: 3
Solving node: 4+42
x: 4
y: 42
Solving node: 46-4
x: 46
y: 4
Solving node: 42+8
x: 42
y: 8
Solving node: 50-10
x: 50
y: 10
Solving node: 40+6
x: 40
y: 6
Solving node: 46-12
x: 46
y: 12
Solving node: 6*7
x: 6
y: 7
Solving node: 5*2
x: 5
y: 2
Solving node: 4*3
x: 4
y: 3
Solving node: 4+42
x: 4
y: 42
Solving node: 46-4
x: 46
y: 4
Solving node: 42+8
x: 42
y: 8
Solving node: 50-10
x: 50
y: 10
Solving node: 40+6
x: 40
y: 6
Difference: 46-12
Calculating: 4+6*7-4+8-5*2+6-4*3+5
Solving node: 6*7
x: 6
y: 7
Solving node: 5*2
x: 5
y: 2
Solving node: 4*3
x: 4
y: 3
Solving node: 4+42
x: 4
y: 42
Solving node: 46-4
x: 46
y: 4
Solving node: 42+8
x: 42
y: 8
Solving node: 50-10
x: 50
y: 10
Solving node: 40+6
x: 40
y: 6
Solving node: 46-12
x: 46
y: 12
Solving node: 34+5
x: 34
y: 5
Solving node: 6*7
x: 6
y: 7
Solving node: 5*2
x: 5
y: 2
Solving node: 4*3
x: 4
y: 3
Solving node: 4+42
x: 4
y: 42
Solving node: 46-4
x: 46
y: 4
Solving node: 42+8
x: 42
y: 8
Solving node: 50-10
x: 50
y: 10
Solving node: 40+6
x: 40
y: 6
Solving node: 46-12
x: 46
y: 12
Solving node: 6*7
x: 6
y: 7
Solving node: 5*2
x: 5
y: 2
Solving node: 4*3
x: 4
y: 3
Solving node: 4+42
x: 4
y: 42
Solving node: 46-4
x: 46
y: 4
Solving node: 42+8
x: 42
y: 8
Solving node: 50-10
x: 50
y: 10
Solving node: 40+6
x: 40
y: 6
Solving node: 46-12
x: 46
y: 12
Solving node: 34+5
x: 34
y: 5
Difference: 39
Last: 5; Last sum: 5
Calculating: 4+6*7-4+8-5*2+6-4*3+5-4
Solving node: 6*7
x: 6
y: 7
Solving node: 5*2
x: 5
y: 2
Solving node: 4*3
x: 4
y: 3
Solving node: 4+42
x: 4
y: 42
Solving node: 46-4
x: 46
y: 4
Solving node: 42+8
x: 42
y: 8
Solving node: 50-10
x: 50
y: 10
Solving node: 40+6
x: 40
y: 6
Solving node: 46-12
x: 46
y: 12
Solving node: 34+5
x: 34
y: 5
Solving node: 39-4
x: 39
y: 4
Solving node: 6*7
x: 6
y: 7
Solving node: 5*2
x: 5
y: 2
Solving node: 4*3
x: 4
y: 3
Solving node: 4+42
x: 4
y: 42
Solving node: 46-4
x: 46
y: 4
Solving node: 42+8
x: 42
y: 8
Solving node: 50-10
x: 50
y: 10
Solving node: 40+6
x: 40
y: 6
Solving node: 46-12
x: 46
y: 12
Solving node: 34+5
x: 34
y: 5
Solving node: 39-4
x: 39
y: 4
Solving node: 6*7
x: 6
y: 7
Solving node: 5*2
x: 5
y: 2
Solving node: 4*3
x: 4
y: 3
Solving node: 4+42
x: 4
y: 42
Solving node: 46-4
x: 46
y: 4
Solving node: 42+8
x: 42
y: 8
Solving node: 50-10
x: 50
y: 10
Solving node: 40+6
x: 40
y: 6
Solving node: 46-12
x: 46
y: 12
Solving node: 34+5
x: 34
y: 5
Difference: 39-4
Previous index: -1 | Last operator index: 2
Calculating: 4+6*7-4+8-5*2+6-4*3+5-4:1
Solving node: 6*7
x: 6
y: 7
Solving node: 5*2
x: 5
y: 2
Solving node: 4*3
x: 4
y: 3
Solving node: 4:1
x: 4
y: 1
Solving node: 4+42
x: 4
y: 42
Solving node: 46-4
x: 46
y: 4
Solving node: 42+8
x: 42
y: 8
Solving node: 50-10
x: 50
y: 10
Solving node: 40+6
x: 40
y: 6
Solving node: 46-12
x: 46
y: 12
Solving node: 34+5
x: 34
y: 5
Solving node: 39-4
x: 39
y: 4
Solving node: 6*7
x: 6
y: 7
Solving node: 5*2
x: 5
y: 2
Solving node: 4*3
x: 4
y: 3
Solving node: 4:1
x: 4
y: 1
Solving node: 4+42
x: 4
y: 42
Solving node: 46-4
x: 46
y: 4
Solving node: 42+8
x: 42
y: 8
Solving node: 50-10
x: 50
y: 10
Solving node: 40+6
x: 40
y: 6
Solving node: 46-12
x: 46
y: 12
Solving node: 34+5
x: 34
y: 5
Solving node: 39-4
x: 39
y: 4
Solving node: 6*7
x: 6
y: 7
Solving node: 5*2
x: 5
y: 2
Solving node: 4*3
x: 4
y: 3
Solving node: 4:1
x: 4
y: 1
Solving node: 4+42
x: 4
y: 42
Solving node: 46-4
x: 46
y: 4
Solving node: 42+8
x: 42
y: 8
Solving node: 50-10
x: 50
y: 10
Solving node: 40+6
x: 40
y: 6
Solving node: 46-12
x: 46
y: 12
Solving node: 34+5
x: 34
y: 5
Difference: 39-4
Calculating bounds (multiplication)
Previous index: -1 | Last operator index: 2
Upper bound: 1
Solving node: 6*7
x: 6
y: 7
Solving node: 5*2
x: 5
y: 2
Solving node: 4*3
x: 4
y: 3
Solving node: 4:1
x: 4
y: 1
Solving node: 4+42
x: 4
y: 42
Solving node: 46-4
x: 46
y: 4
Solving node: 42+8
x: 42
y: 8
Solving node: 50-10
x: 50
y: 10
Solving node: 40+6
x: 40
y: 6
Solving node: 46-12
x: 46
y: 12
Solving node: 34+5
x: 34
y: 5
Solving node: 39-4
x: 39
y: 4
Solving node: 6*7
x: 6
y: 7
Solving node: 5*2
x: 5
y: 2
Solving node: 4*3
x: 4
y: 3
Solving node: 4:1
x: 4
y: 1
Solving node: 4+42
x: 4
y: 42
Solving node: 46-4
x: 46
y: 4
Solving node: 42+8
x: 42
y: 8
Solving node: 50-10
x: 50
y: 10
Solving node: 40+6
x: 40
y: 6
Solving node: 46-12
x: 46
y: 12
Solving node: 34+5
x: 34
y: 5
Difference: 39-4
Calculating: 4+6*7-4+8-5*2+6-4*3+5-4:1+8
Solving node: 6*7
x: 6
y: 7
Solving node: 5*2
x: 5
y: 2
Solving node: 4*3
x: 4
y: 3
Solving node: 4:1
x: 4
y: 1
Solving node: 4+42
x: 4
y: 42
Solving node: 46-4
x: 46
y: 4
Solving node: 42+8
x: 42
y: 8
Solving node: 50-10
x: 50
y: 10
Solving node: 40+6
x: 40
y: 6
Solving node: 46-12
x: 46
y: 12
Solving node: 34+5
x: 34
y: 5
Solving node: 39-4
x: 39
y: 4
Solving node: 35+8
x: 35
y: 8
Solving node: 6*7
x: 6
y: 7
Solving node: 5*2
x: 5
y: 2
Solving node: 4*3
x: 4
y: 3
Solving node: 4:1
x: 4
y: 1
Solving node: 4+42
x: 4
y: 42
Solving node: 46-4
x: 46
y: 4
Solving node: 42+8
x: 42
y: 8
Solving node: 50-10
x: 50
y: 10
Solving node: 40+6
x: 40
y: 6
Solving node: 46-12
x: 46
y: 12
Solving node: 34+5
x: 34
y: 5
Solving node: 39-4
x: 39
y: 4
Solving node: 6*7
x: 6
y: 7
Solving node: 5*2
x: 5
y: 2
Solving node: 4*3
x: 4
y: 3
Solving node: 4:1
x: 4
y: 1
Solving node: 4+42
x: 4
y: 42
Solving node: 46-4
x: 46
y: 4
Solving node: 42+8
x: 42
y: 8
Solving node: 50-10
x: 50
y: 10
Solving node: 40+6
x: 40
y: 6
Solving node: 46-12
x: 46
y: 12
Solving node: 34+5
x: 34
y: 5
Solving node: 39-4
x: 39
y: 4
Solving node: 35+8
x: 35
y: 8
Difference: 43
Last: 8; Last sum: 8
Calculating: 4+6*7-4+8-5*2+6-4*3+5-4:1+8-2
Solving node: 6*7
x: 6
y: 7
Solving node: 5*2
x: 5
y: 2
Solving node: 4*3
x: 4
y: 3
Solving node: 4:1
x: 4
y: 1
Solving node: 4+42
x: 4
y: 42
Solving node: 46-4
x: 46
y: 4
Solving node: 42+8
x: 42
y: 8
Solving node: 50-10
x: 50
y: 10
Solving node: 40+6
x: 40
y: 6
Solving node: 46-12
x: 46
y: 12
Solving node: 34+5
x: 34
y: 5
Solving node: 39-4
x: 39
y: 4
Solving node: 35+8
x: 35
y: 8
Solving node: 43-2
x: 43
y: 2
Solving node: 6*7
x: 6
y: 7
Solving node: 5*2
x: 5
y: 2
Solving node: 4*3
x: 4
y: 3
Solving node: 4:1
x: 4
y: 1
Solving node: 4+42
x: 4
y: 42
Solving node: 46-4
x: 46
y: 4
Solving node: 42+8
x: 42
y: 8
Solving node: 50-10
x: 50
y: 10
Solving node: 40+6
x: 40
y: 6
Solving node: 46-12
x: 46
y: 12
Solving node: 34+5
x: 34
y: 5
Solving node: 39-4
x: 39
y: 4
Solving node: 35+8
x: 35
y: 8
Solving node: 43-2
x: 43
y: 2
Solving node: 6*7
x: 6
y: 7
Solving node: 5*2
x: 5
y: 2
Solving node: 4*3
x: 4
y: 3
Solving node: 4:1
x: 4
y: 1
Solving node: 4+42
x: 4
y: 42
Solving node: 46-4
x: 46
y: 4
Solving node: 42+8
x: 42
y: 8
Solving node: 50-10
x: 50
y: 10
Solving node: 40+6
x: 40
y: 6
Solving node: 46-12
x: 46
y: 12
Solving node: 34+5
x: 34
y: 5
Solving node: 39-4
x: 39
y: 4
Solving node: 35+8
x: 35
y: 8
Difference: 43-2
Calculating: 4+6*7-4+8-5*2+6-4*3+5-4:1+8-2+4
Solving node: 6*7
x: 6
y: 7
Solving node: 5*2
x: 5
y: 2
Solving node: 4*3
x: 4
y: 3
Solving node: 4:1
x: 4
y: 1
Solving node: 4+42
x: 4
y: 42
Solving node: 46-4
x: 46
y: 4
Solving node: 42+8
x: 42
y: 8
Solving node: 50-10
x: 50
y: 10
Solving node: 40+6
x: 40
y: 6
Solving node: 46-12
x: 46
y: 12
Solving node: 34+5
x: 34
y: 5
Solving node: 39-4
x: 39
y: 4
Solving node: 35+8
x: 35
y: 8
Solving node: 43-2
x: 43
y: 2
Solving node: 41+4
x: 41
y: 4
Solving node: 6*7
x: 6
y: 7
Solving node: 5*2
x: 5
y: 2
Solving node: 4*3
x: 4
y: 3
Solving node: 4:1
x: 4
y: 1
Solving node: 4+42
x: 4
y: 42
Solving node: 46-4
x: 46
y: 4
Solving node: 42+8
x: 42
y: 8
Solving node: 50-10
x: 50
y: 10
Solving node: 40+6
x: 40
y: 6
Solving node: 46-12
x: 46
y: 12
Solving node: 34+5
x: 34
y: 5
Solving node: 39-4
x: 39
y: 4
Solving node: 35+8
x: 35
y: 8
Solving node: 43-2
x: 43
y: 2
Solving node: 6*7
x: 6
y: 7
Solving node: 5*2
x: 5
y: 2
Solving node: 4*3
x: 4
y: 3
Solving node: 4:1
x: 4
y: 1
Solving node: 4+42
x: 4
y: 42
Solving node: 46-4
x: 46
y: 4
Solving node: 42+8
x: 42
y: 8
Solving node: 50-10
x: 50
y: 10
Solving node: 40+6
x: 40
y: 6
Solving node: 46-12
x: 46
y: 12
Solving node: 34+5
x: 34
y: 5
Solving node: 39-4
x: 39
y: 4
Solving node: 35+8
x: 35
y: 8
Solving node: 43-2
x: 43
y: 2
Solving node: 41+4
x: 41
y: 4
Difference: 45
Using default bounds (multiplication)
Calculating: 4+6*7-4+8-5*2+6-4*3+5-4:1+8-2+4*2
Solving node: 6*7
x: 6
y: 7
Solving node: 5*2
x: 5
y: 2
Solving node: 4*3
x: 4
y: 3
Solving node: 4:1
x: 4
y: 1
Solving node: 4*2
x: 4
y: 2
Solving node: 4+42
x: 4
y: 42
Solving node: 46-4
x: 46
y: 4
Solving node: 42+8
x: 42
y: 8
Solving node: 50-10
x: 50
y: 10
Solving node: 40+6
x: 40
y: 6
Solving node: 46-12
x: 46
y: 12
Solving node: 34+5
x: 34
y: 5
Solving node: 39-4
x: 39
y: 4
Solving node: 35+8
x: 35
y: 8
Solving node: 43-2
x: 43
y: 2
Solving node: 41+8
x: 41
y: 8
Originallösung: 4+6*7-4+8-5*2+6-4*3+5-4:1+8-2+4*2 = 49
[22/100] 4+6*7-4+8-5*2+6-4*3+5-4:1+8-2+4*2
Testing equation: 4+6*7-4+8-5*2+6-4*3+5-4:1+8-2+4*2
Checking node: 6*7
Solving node: 6*7
x: 6
y: 7
Checking node: 5*2
Solving node: 5*2
x: 5
y: 2
Checking node: 4*3
Solving node: 4*3
x: 4
y: 3
Checking node: 4:1
Solving node: 4:1
x: 4
y: 1
Checking node: 4*2
Solving node: 4*2
x: 4
y: 2
Checking node: 4+42
Solving node: 4+42
x: 4
y: 42
Checking node: 46-4
Solving node: 46-4
x: 46
y: 4
Checking node: 42+8
Solving node: 42+8
x: 42
y: 8
Checking node: 50-10
Solving node: 50-10
x: 50
y: 10
Checking node: 40+6
Solving node: 40+6
x: 40
y: 6
Checking node: 46-12
Solving node: 46-12
x: 46
y: 12
Checking node: 34+5
Solving node: 34+5
x: 34
y: 5
Checking node: 39-4
Solving node: 39-4
x: 39
y: 4
Checking node: 35+8
Solving node: 35+8
x: 35
y: 8
Checking node: 43-2
Solving node: 43-2
x: 43
y: 2
Checking node: 41+8
Solving node: 41+8
x: 41
y: 8
Checking node: 4+6
Checking node: 6*7
Checking node: 7-4
Checking node: 4+8
Checking node: 8-5
Checking node: 5*2
Checking node: 2+6
Checking node: 6-4
Checking node: 4*3
Checking node: 3+5
Checking node: 5-4
Checking node: 4:1
Checking node: 1+8
Checking node: 8-2
Checking node: 2+4
Checking node: 4*2
Difference: 2
Calculating: 2+5
Solving node: 2+5
x: 2
y: 5
Solving node: 2+5
x: 2
y: 5
Difference: 7
Last: 5; Last sum: 5
Calculating: 2+5-4
Solving node: 2+5
x: 2
y: 5
Solving node: 7-4
x: 7
y: 4
Solving node: 2+5
x: 2
y: 5
Solving node: 7-4
x: 7
y: 4
Solving node: 2+5
x: 2
y: 5
Difference: 7-4
Calculating: 2+5-4+5
Solving node: 2+5
x: 2
y: 5
Solving node: 7-4
x: 7
y: 4
Solving node: 3+5
x: 3
y: 5
Solving node: 2+5
x: 2
y: 5
Solving node: 7-4
x: 7
y: 4
Solving node: 2+5
x: 2
y: 5
Solving node: 7-4
x: 7
y: 4
Solving node: 3+5
x: 3
y: 5
Difference: 8
Using default bounds (multiplication)
Calculating: 2+5-4+5*6
Solving node: 5*6
x: 5
y: 6
Solving node: 2+5
x: 2
y: 5
Solving node: 7-4
x: 7
y: 4
Solving node: 3+30
x: 3
y: 30
Solving node: 5*6
x: 5
y: 6
Solving node: 2+5
x: 2
y: 5
Solving node: 7-4
x: 7
y: 4
Solving node: 5*6
x: 5
y: 6
Solving node: 2+5
x: 2
y: 5
Solving node: 7-4
x: 7
y: 4
Solving node: 3+30
x: 3
y: 30
Difference: 33
Calculating: 2+5-4+5*6:3
Solving node: 5*6
x: 5
y: 6
Solving node: 30:3
x: 30
y: 3
Solving node: 2+5
x: 2
y: 5
Solving node: 7-4
x: 7
y: 4
Solving node: 3+10
x: 3
y: 10
Solving node: 5*6
x: 5
y: 6
Solving node: 30:3
x: 30
y: 3
Solving node: 2+5
x: 2
y: 5
Solving node: 7-4
x: 7
y: 4
Solving node: 5*6
x: 5
y: 6
Solving node: 30:3
x: 30
y: 3
Solving node: 2+5
x: 2
y: 5
Solving node: 7-4
x: 7
y: 4
Solving node: 3+10
x: 3
y: 10
Difference: 13
Using default bounds (multiplication)
Calculating: 2+5-4+5*6:3*9
Solving node: 5*6
x: 5
y: 6
Solving node: 30:3
x: 30
y: 3
Solving node: 10*9
x: 10
y: 9
Solving node: 2+5
x: 2
y: 5
Solving node: 7-4
x: 7
y: 4
Solving node: 3+90
x: 3
y: 90
Solving node: 5*6
x: 5
y: 6
Solving node: 30:3
x: 30
y: 3
Solving node: 10*9
x: 10
y: 9
Solving node: 2+5
x: 2
y: 5
Solving node: 7-4
x: 7
y: 4
Solving node: 5*6
x: 5
y: 6
Solving node: 30:3
x: 30
y: 3
Solving node: 10*9
x: 10
y: 9
Solving node: 2+5
x: 2
y: 5
Solving node: 7-4
x: 7
y: 4
Solving node: 3+90
x: 3
y: 90
Difference: 93
Last: 9; Last sum: 90
Calculating: 2+5-4+5*6:3*9-8
Solving node: 5*6
x: 5
y: 6
Solving node: 30:3
x: 30
y: 3
Solving node: 10*9
x: 10
y: 9
Solving node: 2+5
x: 2
y: 5
Solving node: 7-4
x: 7
y: 4
Solving node: 3+90
x: 3
y: 90
Solving node: 93-8
x: 93
y: 8
Solving node: 5*6
x: 5
y: 6
Solving node: 30:3
x: 30
y: 3
Solving node: 10*9
x: 10
y: 9
Solving node: 2+5
x: 2
y: 5
Solving node: 7-4
x: 7
y: 4
Solving node: 3+90
x: 3
y: 90
Solving node: 93-8
x: 93
y: 8
Solving node: 5*6
x: 5
y: 6
Solving node: 30:3
x: 30
y: 3
Solving node: 10*9
x: 10
y: 9
Solving node: 2+5
x: 2
y: 5
Solving node: 7-4
x: 7
y: 4
Solving node: 3+90
x: 3
y: 90
Difference: 93-8
Calculating bounds (multiplication)
Previous index: -1 | Last operator index: 2
Upper bound: 8
Calculating: 2+5-4+5*6:3*9-8*3
Solving node: 5*6
x: 5
y: 6
Solving node: 30:3
x: 30
y: 3
Solving node: 10*9
x: 10
y: 9
Solving node: 8*3
x: 8
y: 3
Solving node: 2+5
x: 2
y: 5
Solving node: 7-4
x: 7
y: 4
Solving node: 3+90
x: 3
y: 90
Solving node: 93-24
x: 93
y: 24
Solving node: 5*6
x: 5
y: 6
Solving node: 30:3
x: 30
y: 3
Solving node: 10*9
x: 10
y: 9
Solving node: 8*3
x: 8
y: 3
Solving node: 2+5
x: 2
y: 5
Solving node: 7-4
x: 7
y: 4
Solving node: 3+90
x: 3
y: 90
Solving node: 93-24
x: 93
y: 24
Solving node: 5*6
x: 5
y: 6
Solving node: 30:3
x: 30
y: 3
Solving node: 10*9
x: 10
y: 9
Solving node: 8*3
x: 8
y: 3
Solving node: 2+5
x: 2
y: 5
Solving node: 7-4
x: 7
y: 4
Solving node: 3+90
x: 3
y: 90
Difference: 93-24
Calculating: 2+5-4+5*6:3*9-8*3+7
Solving node: 5*6
x: 5
y: 6
Solving node: 30:3
x: 30
y: 3
Solving node: 10*9
x: 10
y: 9
Solving node: 8*3
x: 8
y: 3
Solving node: 2+5
x: 2
y: 5
Solving node: 7-4
x: 7
y: 4
Solving node: 3+90
x: 3
y: 90
Solving node: 93-24
x: 93
y: 24
Solving node: 69+7
x: 69
y: 7
Solving node: 5*6
x: 5
y: 6
Solving node: 30:3
x: 30
y: 3
Solving node: 10*9
x: 10
y: 9
Solving node: 8*3
x: 8
y: 3
Solving node: 2+5
x: 2
y: 5
Solving node: 7-4
x: 7
y: 4
Solving node: 3+90
x: 3
y: 90
Solving node: 93-24
x: 93
y: 24
Solving node: 5*6
x: 5
y: 6
Solving node: 30:3
x: 30
y: 3
Solving node: 10*9
x: 10
y: 9
Solving node: 8*3
x: 8
y: 3
Solving node: 2+5
x: 2
y: 5
Solving node: 7-4
x: 7
y: 4
Solving node: 3+90
x: 3
y: 90
Solving node: 93-24
x: 93
y: 24
Solving node: 69+7
x: 69
y: 7
Difference: 76
Last: 7; Last sum: 7
Calculating: 2+5-4+5*6:3*9-8*3+7-5
Solving node: 5*6
x: 5
y: 6
Solving node: 30:3
x: 30
y: 3
Solving node: 10*9
x: 10
y: 9
Solving node: 8*3
x: 8
y: 3
Solving node: 2+5
x: 2
y: 5
Solving node: 7-4
x: 7
y: 4
Solving node: 3+90
x: 3
y: 90
Solving node: 93-24
x: 93
y: 24
Solving node: 69+7
x: 69
y: 7
Solving node: 76-5
x: 76
y: 5
Solving node: 5*6
x: 5
y: 6
Solving node: 30:3
x: 30
y: 3
Solving node: 10*9
x: 10
y: 9
Solving node: 8*3
x: 8
y: 3
Solving node: 2+5
x: 2
y: 5
Solving node: 7-4
x: 7
y: 4
Solving node: 3+90
x: 3
y: 90
Solving node: 93-24
x: 93
y: 24
Solving node: 69+7
x: 69
y: 7
Solving node: 76-5
x: 76
y: 5
Solving node: 5*6
x: 5
y: 6
Solving node: 30:3
x: 30
y: 3
Solving node: 10*9
x: 10
y: 9
Solving node: 8*3
x: 8
y: 3
Solving node: 2+5
x: 2
y: 5
Solving node: 7-4
x: 7
y: 4
Solving node: 3+90
x: 3
y: 90
Solving node: 93-24
x: 93
y: 24
Solving node: 69+7
x: 69
y: 7
Difference: 76-5
Calculating: 2+5-4+5*6:3*9-8*3+7-5+8
Solving node: 5*6
x: 5
y: 6
Solving node: 30:3
x: 30
y: 3
Solving node: 10*9
x: 10
y: 9
Solving node: 8*3
x: 8
y: 3
Solving node: 2+5
x: 2
y: 5
Solving node: 7-4
x: 7
y: 4
Solving node: 3+90
x: 3
y: 90
Solving node: 93-24
x: 93
y: 24
Solving node: 69+7
x: 69
y: 7
Solving node: 76-5
x: 76
y: 5
Solving node: 71+8
x: 71
y: 8
Solving node: 5*6
x: 5
y: 6
Solving node: 30:3
x: 30
y: 3
Solving node: 10*9
x: 10
y: 9
Solving node: 8*3
x: 8
y: 3
Solving node: 2+5
x: 2
y: 5
Solving node: 7-4
x: 7
y: 4
Solving node: 3+90
x: 3
y: 90
Solving node: 93-24
x: 93
y: 24
Solving node: 69+7
x: 69
y: 7
Solving node: 76-5
x: 76
y: 5
Solving node: 5*6
x: 5
y: 6
Solving node: 30:3
x: 30
y: 3
Solving node: 10*9
x: 10
y: 9
Solving node: 8*3
x: 8
y: 3
Solving node: 2+5
x: 2
y: 5
Solving node: 7-4
x: 7
y: 4
Solving node: 3+90
x: 3
y: 90
Solving node: 93-24
x: 93
y: 24
Solving node: 69+7
x: 69
y: 7
Solving node: 76-5
x: 76
y: 5
Solving node: 71+8
x: 71
y: 8
Difference: 79
Calculating: 2+5-4+5*6:3*9-8*3+7-5+8:1
Solving node: 5*6
x: 5
y: 6
Solving node: 30:3
x: 30
y: 3
Solving node: 10*9
x: 10
y: 9
Solving node: 8*3
x: 8
y: 3
Solving node: 8:1
x: 8
y: 1
Solving node: 2+5
x: 2
y: 5
Solving node: 7-4
x: 7
y: 4
Solving node: 3+90
x: 3
y: 90
Solving node: 93-24
x: 93
y: 24
Solving node: 69+7
x: 69
y: 7
Solving node: 76-5
x: 76
y: 5
Solving node: 71+8
x: 71
y: 8
Solving node: 5*6
x: 5
y: 6
Solving node: 30:3
x: 30
y: 3
Solving node: 10*9
x: 10
y: 9
Solving node: 8*3
x: 8
y: 3
Solving node: 8:1
x: 8
y: 1
Solving node: 2+5
x: 2
y: 5
Solving node: 7-4
x: 7
y: 4
Solving node: 3+90
x: 3
y: 90
Solving node: 93-24
x: 93
y: 24
Solving node: 69+7
x: 69
y: 7
Solving node: 76-5
x: 76
y: 5
Solving node: 5*6
x: 5
y: 6
Solving node: 30:3
x: 30
y: 3
Solving node: 10*9
x: 10
y: 9
Solving node: 8*3
x: 8
y: 3
Solving node: 8:1
x: 8
y: 1
Solving node: 2+5
x: 2
y: 5
Solving node: 7-4
x: 7
y: 4
Solving node: 3+90
x: 3
y: 90
Solving node: 93-24
x: 93
y: 24
Solving node: 69+7
x: 69
y: 7
Solving node: 76-5
x: 76
y: 5
Solving node: 71+8
x: 71
y: 8
Difference: 79
Using default bounds (multiplication)
Calculating: 2+5-4+5*6:3*9-8*3+7-5+8:1*9
Solving node: 5*6
x: 5
y: 6
Solving node: 30:3
x: 30
y: 3
Solving node: 10*9
x: 10
y: 9
Solving node: 8*3
x: 8
y: 3
Solving node: 8:1
x: 8
y: 1
Solving node: 8*9
x: 8
y: 9
Solving node: 2+5
x: 2
y: 5
Solving node: 7-4
x: 7
y: 4
Solving node: 3+90
x: 3
y: 90
Solving node: 93-24
x: 93
y: 24
Solving node: 69+7
x: 69
y: 7
Solving node: 76-5
x: 76
y: 5
Solving node: 71+72
x: 71
y: 72
Solving node: 5*6
x: 5
y: 6
Solving node: 30:3
x: 30
y: 3
Solving node: 10*9
x: 10
y: 9
Solving node: 8*3
x: 8
y: 3
Solving node: 8:1
x: 8
y: 1
Solving node: 8*9
x: 8
y: 9
Solving node: 2+5
x: 2
y: 5
Solving node: 7-4
x: 7
y: 4
Solving node: 3+90
x: 3
y: 90
Solving node: 93-24
x: 93
y: 24
Solving node: 69+7
x: 69
y: 7
Solving node: 76-5
x: 76
y: 5
Solving node: 5*6
x: 5
y: 6
Solving node: 30:3
x: 30
y: 3
Solving node: 10*9
x: 10
y: 9
Solving node: 8*3
x: 8
y: 3
Solving node: 8:1
x: 8
y: 1
Solving node: 8*9
x: 8
y: 9
Solving node: 2+5
x: 2
y: 5
Solving node: 7-4
x: 7
y: 4
Solving node: 3+90
x: 3
y: 90
Solving node: 93-24
x: 93
y: 24
Solving node: 69+7
x: 69
y: 7
Solving node: 76-5
x: 76
y: 5
Solving node: 71+72
x: 71
y: 72
Difference: 143
Last: 9; Last sum: 72
Calculating: 2+5-4+5*6:3*9-8*3+7-5+8:1*9-7
Solving node: 5*6
x: 5
y: 6
Solving node: 30:3
x: 30
y: 3
Solving node: 10*9
x: 10
y: 9
Solving node: 8*3
x: 8
y: 3
Solving node: 8:1
x: 8
y: 1
Solving node: 8*9
x: 8
y: 9
Solving node: 2+5
x: 2
y: 5
Solving node: 7-4
x: 7
y: 4
Solving node: 3+90
x: 3
y: 90
Solving node: 93-24
x: 93
y: 24
Solving node: 69+7
x: 69
y: 7
Solving node: 76-5
x: 76
y: 5
Solving node: 71+72
x: 71
y: 72
Solving node: 143-7
x: 143
y: 7
Solving node: 5*6
x: 5
y: 6
Solving node: 30:3
x: 30
y: 3
Solving node: 10*9
x: 10
y: 9
Solving node: 8*3
x: 8
y: 3
Solving node: 8:1
x: 8
y: 1
Solving node: 8*9
x: 8
y: 9
Solving node: 2+5
x: 2
y: 5
Solving node: 7-4
x: 7
y: 4
Solving node: 3+90
x: 3
y: 90
Solving node: 93-24
x: 93
y: 24
Solving node: 69+7
x: 69
y: 7
Solving node: 76-5
x: 76
y: 5
Solving node: 71+72
x: 71
y: 72
Solving node: 143-7
x: 143
y: 7
Solving node: 5*6
x: 5
y: 6
Solving node: 30:3
x: 30
y: 3
Solving node: 10*9
x: 10
y: 9
Solving node: 8*3
x: 8
y: 3
Solving node: 8:1
x: 8
y: 1
Solving node: 8*9
x: 8
y: 9
Solving node: 2+5
x: 2
y: 5
Solving node: 7-4
x: 7
y: 4
Solving node: 3+90
x: 3
y: 90
Solving node: 93-24
x: 93
y: 24
Solving node: 69+7
x: 69
y: 7
Solving node: 76-5
x: 76
y: 5
Solving node: 71+72
x: 71
y: 72
Difference: 143-7
Calculating bounds (multiplication)
Previous index: -1 | Last operator index: 3
Upper bound: 7
Calculating: 2+5-4+5*6:3*9-8*3+7-5+8:1*9-7*3
Solving node: 5*6
x: 5
y: 6
Solving node: 30:3
x: 30
y: 3
Solving node: 10*9
x: 10
y: 9
Solving node: 8*3
x: 8
y: 3
Solving node: 8:1
x: 8
y: 1
Solving node: 8*9
x: 8
y: 9
Solving node: 7*3
x: 7
y: 3
Solving node: 2+5
x: 2
y: 5
Solving node: 7-4
x: 7
y: 4
Solving node: 3+90
x: 3
y: 90
Solving node: 93-24
x: 93
y: 24
Solving node: 69+7
x: 69
y: 7
Solving node: 76-5
x: 76
y: 5
Solving node: 71+72
x: 71
y: 72
Solving node: 143-21
x: 143
y: 21
Solving node: 5*6
x: 5
y: 6
Solving node: 30:3
x: 30
y: 3
Solving node: 10*9
x: 10
y: 9
Solving node: 8*3
x: 8
y: 3
Solving node: 8:1
x: 8
y: 1
Solving node: 8*9
x: 8
y: 9
Solving node: 7*3
x: 7
y: 3
Solving node: 2+5
x: 2
y: 5
Solving node: 7-4
x: 7
y: 4
Solving node: 3+90
x: 3
y: 90
Solving node: 93-24
x: 93
y: 24
Solving node: 69+7
x: 69
y: 7
Solving node: 76-5
x: 76
y: 5
Solving node: 71+72
x: 71
y: 72
Solving node: 143-21
x: 143
y: 21
Solving node: 5*6
x: 5
y: 6
Solving node: 30:3
x: 30
y: 3
Solving node: 10*9
x: 10
y: 9
Solving node: 8*3
x: 8
y: 3
Solving node: 8:1
x: 8
y: 1
Solving node: 8*9
x: 8
y: 9
Solving node: 7*3
x: 7
y: 3
Solving node: 2+5
x: 2
y: 5
Solving node: 7-4
x: 7
y: 4
Solving node: 3+90
x: 3
y: 90
Solving node: 93-24
x: 93
y: 24
Solving node: 69+7
x: 69
y: 7
Solving node: 76-5
x: 76
y: 5
Solving node: 71+72
x: 71
y: 72
Difference: 143-21
Last: 3; Last sum: 122
Calculating: 2+5-4+5*6:3*9-8*3+7-5+8:1*9-7*3-2
Solving node: 5*6
x: 5
y: 6
Solving node: 30:3
x: 30
y: 3
Solving node: 10*9
x: 10
y: 9
Solving node: 8*3
x: 8
y: 3
Solving node: 8:1
x: 8
y: 1
Solving node: 8*9
x: 8
y: 9
Solving node: 7*3
x: 7
y: 3
Solving node: 2+5
x: 2
y: 5
Solving node: 7-4
x: 7
y: 4
Solving node: 3+90
x: 3
y: 90
Solving node: 93-24
x: 93
y: 24
Solving node: 69+7
x: 69
y: 7
Solving node: 76-5
x: 76
y: 5
Solving node: 71+72
x: 71
y: 72
Solving node: 143-21
x: 143
y: 21
Solving node: 122-2
x: 122
y: 2
Originallösung: 2+5-4+5*6:3*9-8*3+7-5+8:1*9-7*3-2 = 120
[23/100] 2+5-4+5*6:3*9-8*3+7-5+8:1*9-7*3-2
Testing equation: 2+5-4+5*6:3*9-8*3+7-5+8:1*9-7*3-2
Checking node: 5*6
Solving node: 5*6
x: 5
y: 6
Checking node: 30:3
Solving node: 30:3
x: 30
y: 3
Checking node: 10*9
Solving node: 10*9
x: 10
y: 9
Checking node: 8*3
Solving node: 8*3
x: 8
y: 3
Checking node: 8:1
Solving node: 8:1
x: 8
y: 1
Checking node: 8*9
Solving node: 8*9
x: 8
y: 9
Checking node: 7*3
Solving node: 7*3
x: 7
y: 3
Checking node: 2+5
Solving node: 2+5
x: 2
y: 5
Checking node: 7-4
Solving node: 7-4
x: 7
y: 4
Checking node: 3+90
Solving node: 3+90
x: 3
y: 90
Checking node: 93-24
Solving node: 93-24
x: 93
y: 24
Checking node: 69+7
Solving node: 69+7
x: 69
y: 7
Checking node: 76-5
Solving node: 76-5
x: 76
y: 5
Checking node: 71+72
Solving node: 71+72
x: 71
y: 72
Checking node: 143-21
Solving node: 143-21
x: 143
y: 21
Checking node: 122-2
Solving node: 122-2
x: 122
y: 2
Checking node: 2+5
Checking node: 5-4
Checking node: 4+5
Checking node: 5*6
Checking node: 6:3
Checking node: 3*9
Checking node: 9-8
Checking node: 8*3
Checking node: 3+7
Checking node: 7-5
Checking node: 5+8
Checking node: 8:1
Checking node: 1*9
Checking node: 9-7
Checking node: 7*3
Checking node: 3-2
Difference: 3
Calculating: 3+5
Solving node: 3+5
x: 3
y: 5
Solving node: 3+5
x: 3
y: 5
Difference: 8
Using default bounds (multiplication)
Calculating: 3+5*2
Solving node: 5*2
x: 5
y: 2
Solving node: 3+10
x: 3
y: 10
Solving node: 5*2
x: 5
y: 2
Solving node: 5*2
x: 5
y: 2
Solving node: 3+10
x: 3
y: 10
Difference: 13
Calculating: 3+5*2+8
Solving node: 5*2
x: 5
y: 2
Solving node: 3+10
x: 3
y: 10
Solving node: 13+8
x: 13
y: 8
Solving node: 5*2
x: 5
y: 2
Solving node: 5*2
x: 5
y: 2
Solving node: 3+10
x: 3
y: 10
Solving node: 13+8
x: 13
y: 8
Difference: 21
Last: 8; Last sum: 8
Calculating: 3+5*2+8-1
Solving node: 5*2
x: 5
y: 2
Solving node: 3+10
x: 3
y: 10
Solving node: 13+8
x: 13
y: 8
Solving node: 21-1
x: 21
y: 1
Solving node: 5*2
x: 5
y: 2
Solving node: 3+10
x: 3
y: 10
Solving node: 13+8
x: 13
y: 8
Solving node: 21-1
x: 21
y: 1
Solving node: 5*2
x: 5
y: 2
Solving node: 3+10
x: 3
y: 10
Solving node: 13+8
x: 13
y: 8
Difference: 21-1
Calculating: 3+5*2+8-1+7
Solving node: 5*2
x: 5
y: 2
Solving node: 3+10
x: 3
y: 10
Solving node: 13+8
x: 13
y: 8
Solving node: 21-1
x: 21
y: 1
Solving node: 20+7
x: 20
y: 7
Solving node: 5*2
x: 5
y: 2
Solving node: 3+10
x: 3
y: 10
Solving node: 13+8
x: 13
y: 8
Solving node: 21-1
x: 21
y: 1
Solving node: 5*2
x: 5
y: 2
Solving node: 3+10
x: 3
y: 10
Solving node: 13+8
x: 13
y: 8
Solving node: 21-1
x: 21
y: 1
Solving node: 20+7
x: 20
y: 7
Difference: 27
Last: 7; Last sum: 7
Calculating: 3+5*2+8-1+7-5
Solving node: 5*2
x: 5
y: 2
Solving node: 3+10
x: 3
y: 10
Solving node: 13+8
x: 13
y: 8
Solving node: 21-1
x: 21
y: 1
Solving node: 20+7
x: 20
y: 7
Solving node: 27-5
x: 27
y: 5
Solving node: 5*2
x: 5
y: 2
Solving node: 3+10
x: 3
y: 10
Solving node: 13+8
x: 13
y: 8
Solving node: 21-1
x: 21
y: 1
Solving node: 20+7
x: 20
y: 7
Solving node: 27-5
x: 27
y: 5
Solving node: 5*2
x: 5
y: 2
Solving node: 3+10
x: 3
y: 10
Solving node: 13+8
x: 13
y: 8
Solving node: 21-1
x: 21
y: 1
Solving node: 20+7
x: 20
y: 7
Difference: 27-5
Calculating bounds (multiplication)
Previous index: -1 | Last operator index: 2
Upper bound: 4
Calculating: 3+5*2+8-1+7-5*3
Solving node: 5*2
x: 5
y: 2
Solving node: 5*3
x: 5
y: 3
Solving node: 3+10
x: 3
y: 10
Solving node: 13+8
x: 13
y: 8
Solving node: 21-1
x: 21
y: 1
Solving node: 20+7
x: 20
y: 7
Solving node: 27-15
x: 27
y: 15
Solving node: 5*2
x: 5
y: 2
Solving node: 5*3
x: 5
y: 3
Solving node: 3+10
x: 3
y: 10
Solving node: 13+8
x: 13
y: 8
Solving node: 21-1
x: 21
y: 1
Solving node: 20+7
x: 20
y: 7
Solving node: 27-15
x: 27
y: 15
Solving node: 5*2
x: 5
y: 2
Solving node: 5*3
x: 5
y: 3
Solving node: 3+10
x: 3
y: 10
Solving node: 13+8
x: 13
y: 8
Solving node: 21-1
x: 21
y: 1
Solving node: 20+7
x: 20
y: 7
Difference: 27-15
Calculating: 3+5*2+8-1+7-5*3+1
Solving node: 5*2
x: 5
y: 2
Solving node: 5*3
x: 5
y: 3
Solving node: 3+10
x: 3
y: 10
Solving node: 13+8
x: 13
y: 8
Solving node: 21-1
x: 21
y: 1
Solving node: 20+7
x: 20
y: 7
Solving node: 27-15
x: 27
y: 15
Solving node: 12+1
x: 12
y: 1
Solving node: 5*2
x: 5
y: 2
Solving node: 5*3
x: 5
y: 3
Solving node: 3+10
x: 3
y: 10
Solving node: 13+8
x: 13
y: 8
Solving node: 21-1
x: 21
y: 1
Solving node: 20+7
x: 20
y: 7
Solving node: 27-15
x: 27
y: 15
Solving node: 5*2
x: 5
y: 2
Solving node: 5*3
x: 5
y: 3
Solving node: 3+10
x: 3
y: 10
Solving node: 13+8
x: 13
y: 8
Solving node: 21-1
x: 21
y: 1
Solving node: 20+7
x: 20
y: 7
Solving node: 27-15
x: 27
y: 15
Solving node: 12+1
x: 12
y: 1
Difference: 13
Using default bounds (multiplication)
Calculating: 3+5*2+8-1+7-5*3+1*6
Solving node: 5*2
x: 5
y: 2
Solving node: 5*3
x: 5
y: 3
Solving node: 1*6
x: 1
y: 6
Solving node: 3+10
x: 3
y: 10
Solving node: 13+8
x: 13
y: 8
Solving node: 21-1
x: 21
y: 1
Solving node: 20+7
x: 20
y: 7
Solving node: 27-15
x: 27
y: 15
Solving node: 12+6
x: 12
y: 6
Solving node: 5*2
x: 5
y: 2
Solving node: 5*3
x: 5
y: 3
Solving node: 1*6
x: 1
y: 6
Solving node: 3+10
x: 3
y: 10
Solving node: 13+8
x: 13
y: 8
Solving node: 21-1
x: 21
y: 1
Solving node: 20+7
x: 20
y: 7
Solving node: 27-15
x: 27
y: 15
Solving node: 5*2
x: 5
y: 2
Solving node: 5*3
x: 5
y: 3
Solving node: 1*6
x: 1
y: 6
Solving node: 3+10
x: 3
y: 10
Solving node: 13+8
x: 13
y: 8
Solving node: 21-1
x: 21
y: 1
Solving node: 20+7
x: 20
y: 7
Solving node: 27-15
x: 27
y: 15
Solving node: 12+6
x: 12
y: 6
Difference: 18
Calculating: 3+5*2+8-1+7-5*3+1*6:1
Solving node: 5*2
x: 5
y: 2
Solving node: 5*3
x: 5
y: 3
Solving node: 1*6
x: 1
y: 6
Solving node: 6:1
x: 6
y: 1
Solving node: 3+10
x: 3
y: 10
Solving node: 13+8
x: 13
y: 8
Solving node: 21-1
x: 21
y: 1
Solving node: 20+7
x: 20
y: 7
Solving node: 27-15
x: 27
y: 15
Solving node: 12+6
x: 12
y: 6
Solving node: 5*2
x: 5
y: 2
Solving node: 5*3
x: 5
y: 3
Solving node: 1*6
x: 1
y: 6
Solving node: 6:1
x: 6
y: 1
Solving node: 3+10
x: 3
y: 10
Solving node: 13+8
x: 13
y: 8
Solving node: 21-1
x: 21
y: 1
Solving node: 20+7
x: 20
y: 7
Solving node: 27-15
x: 27
y: 15
Solving node: 5*2
x: 5
y: 2
Solving node: 5*3
x: 5
y: 3
Solving node: 1*6
x: 1
y: 6
Solving node: 6:1
x: 6
y: 1
Solving node: 3+10
x: 3
y: 10
Solving node: 13+8
x: 13
y: 8
Solving node: 21-1
x: 21
y: 1
Solving node: 20+7
x: 20
y: 7
Solving node: 27-15
x: 27
y: 15
Solving node: 12+6
x: 12
y: 6
Difference: 18
Calculating: 3+5*2+8-1+7-5*3+1*6:1+8
Solving node: 5*2
x: 5
y: 2
Solving node: 5*3
x: 5
y: 3
Solving node: 1*6
x: 1
y: 6
Solving node: 6:1
x: 6
y: 1
Solving node: 3+10
x: 3
y: 10
Solving node: 13+8
x: 13
y: 8
Solving node: 21-1
x: 21
y: 1
Solving node: 20+7
x: 20
y: 7
Solving node: 27-15
x: 27
y: 15
Solving node: 12+6
x: 12
y: 6
Solving node: 18+8
x: 18
y: 8
Solving node: 5*2
x: 5
y: 2
Solving node: 5*3
x: 5
y: 3
Solving node: 1*6
x: 1
y: 6
Solving node: 6:1
x: 6
y: 1
Solving node: 3+10
x: 3
y: 10
Solving node: 13+8
x: 13
y: 8
Solving node: 21-1
x: 21
y: 1
Solving node: 20+7
x: 20
y: 7
Solving node: 27-15
x: 27
y: 15
Solving node: 5*2
x: 5
y: 2
Solving node: 5*3
x: 5
y: 3
Solving node: 1*6
x: 1
y: 6
Solving node: 6:1
x: 6
y: 1
Solving node: 3+10
x: 3
y: 10
Solving node: 13+8
x: 13
y: 8
Solving node: 21-1
x: 21
y: 1
Solving node: 20+7
x: 20
y: 7
Solving node: 27-15
x: 27
y: 15
Solving node: 12+6
x: 12
y: 6
Solving node: 18+8
x: 18
y: 8
Difference: 26
Calculating: 3+5*2+8-1+7-5*3+1*6:1+8:2
Solving node: 5*2
x: 5
y: 2
Solving node: 5*3
x: 5
y: 3
Solving node: 1*6
x: 1
y: 6
Solving node: 6:1
x: 6
y: 1
Solving node: 8:2
x: 8
y: 2
Solving node: 3+10
x: 3
y: 10
Solving node: 13+8
x: 13
y: 8
Solving node: 21-1
x: 21
y: 1
Solving node: 20+7
x: 20
y: 7
Solving node: 27-15
x: 27
y: 15
Solving node: 12+6
x: 12
y: 6
Solving node: 18+4
x: 18
y: 4
Solving node: 5*2
x: 5
y: 2
Solving node: 5*3
x: 5
y: 3
Solving node: 1*6
x: 1
y: 6
Solving node: 6:1
x: 6
y: 1
Solving node: 8:2
x: 8
y: 2
Solving node: 3+10
x: 3
y: 10
Solving node: 13+8
x: 13
y: 8
Solving node: 21-1
x: 21
y: 1
Solving node: 20+7
x: 20
y: 7
Solving node: 27-15
x: 27
y: 15
Solving node: 5*2
x: 5
y: 2
Solving node: 5*3
x: 5
y: 3
Solving node: 1*6
x: 1
y: 6
Solving node: 6:1
x: 6
y: 1
Solving node: 8:2
x: 8
y: 2
Solving node: 3+10
x: 3
y: 10
Solving node: 13+8
x: 13
y: 8
Solving node: 21-1
x: 21
y: 1
Solving node: 20+7
x: 20
y: 7
Solving node: 27-15
x: 27
y: 15
Solving node: 12+6
x: 12
y: 6
Solving node: 18+4
x: 18
y: 4
Difference: 22
Calculating: 3+5*2+8-1+7-5*3+1*6:1+8:2+4
Solving node: 5*2
x: 5
y: 2
Solving node: 5*3
x: 5
y: 3
Solving node: 1*6
x: 1
y: 6
Solving node: 6:1
x: 6
y: 1
Solving node: 8:2
x: 8
y: 2
Solving node: 3+10
x: 3
y: 10
Solving node: 13+8
x: 13
y: 8
Solving node: 21-1
x: 21
y: 1
Solving node: 20+7
x: 20
y: 7
Solving node: 27-15
x: 27
y: 15
Solving node: 12+6
x: 12
y: 6
Solving node: 18+4
x: 18
y: 4
Solving node: 22+4
x: 22
y: 4
Solving node: 5*2
x: 5
y: 2
Solving node: 5*3
x: 5
y: 3
Solving node: 1*6
x: 1
y: 6
Solving node: 6:1
x: 6
y: 1
Solving node: 8:2
x: 8
y: 2
Solving node: 3+10
x: 3
y: 10
Solving node: 13+8
x: 13
y: 8
Solving node: 21-1
x: 21
y: 1
Solving node: 20+7
x: 20
y: 7
Solving node: 27-15
x: 27
y: 15
Solving node: 5*2
x: 5
y: 2
Solving node: 5*3
x: 5
y: 3
Solving node: 1*6
x: 1
y: 6
Solving node: 6:1
x: 6
y: 1
Solving node: 8:2
x: 8
y: 2
Solving node: 3+10
x: 3
y: 10
Solving node: 13+8
x: 13
y: 8
Solving node: 21-1
x: 21
y: 1
Solving node: 20+7
x: 20
y: 7
Solving node: 27-15
x: 27
y: 15
Solving node: 12+6
x: 12
y: 6
Solving node: 18+4
x: 18
y: 4
Solving node: 22+4
x: 22
y: 4
Difference: 26
Using default bounds (multiplication)
Calculating: 3+5*2+8-1+7-5*3+1*6:1+8:2+4*4
Solving node: 5*2
x: 5
y: 2
Solving node: 5*3
x: 5
y: 3
Solving node: 1*6
x: 1
y: 6
Solving node: 6:1
x: 6
y: 1
Solving node: 8:2
x: 8
y: 2
Solving node: 4*4
x: 4
y: 4
Solving node: 3+10
x: 3
y: 10
Solving node: 13+8
x: 13
y: 8
Solving node: 21-1
x: 21
y: 1
Solving node: 20+7
x: 20
y: 7
Solving node: 27-15
x: 27
y: 15
Solving node: 12+6
x: 12
y: 6
Solving node: 18+4
x: 18
y: 4
Solving node: 22+16
x: 22
y: 16
Solving node: 5*2
x: 5
y: 2
Solving node: 5*3
x: 5
y: 3
Solving node: 1*6
x: 1
y: 6
Solving node: 6:1
x: 6
y: 1
Solving node: 8:2
x: 8
y: 2
Solving node: 4*4
x: 4
y: 4
Solving node: 3+10
x: 3
y: 10
Solving node: 13+8
x: 13
y: 8
Solving node: 21-1
x: 21
y: 1
Solving node: 20+7
x: 20
y: 7
Solving node: 27-15
x: 27
y: 15
Solving node: 5*2
x: 5
y: 2
Solving node: 5*3
x: 5
y: 3
Solving node: 1*6
x: 1
y: 6
Solving node: 6:1
x: 6
y: 1
Solving node: 8:2
x: 8
y: 2
Solving node: 4*4
x: 4
y: 4
Solving node: 3+10
x: 3
y: 10
Solving node: 13+8
x: 13
y: 8
Solving node: 21-1
x: 21
y: 1
Solving node: 20+7
x: 20
y: 7
Solving node: 27-15
x: 27
y: 15
Solving node: 12+6
x: 12
y: 6
Solving node: 18+4
x: 18
y: 4
Solving node: 22+16
x: 22
y: 16
Difference: 38
Last: 4; Last sum: 16
Calculating: 3+5*2+8-1+7-5*3+1*6:1+8:2+4*4-2
Solving node: 5*2
x: 5
y: 2
Solving node: 5*3
x: 5
y: 3
Solving node: 1*6
x: 1
y: 6
Solving node: 6:1
x: 6
y: 1
Solving node: 8:2
x: 8
y: 2
Solving node: 4*4
x: 4
y: 4
Solving node: 3+10
x: 3
y: 10
Solving node: 13+8
x: 13
y: 8
Solving node: 21-1
x: 21
y: 1
Solving node: 20+7
x: 20
y: 7
Solving node: 27-15
x: 27
y: 15
Solving node: 12+6
x: 12
y: 6
Solving node: 18+4
x: 18
y: 4
Solving node: 22+16
x: 22
y: 16
Solving node: 38-2
x: 38
y: 2
Solving node: 5*2
x: 5
y: 2
Solving node: 5*3
x: 5
y: 3
Solving node: 1*6
x: 1
y: 6
Solving node: 6:1
x: 6
y: 1
Solving node: 8:2
x: 8
y: 2
Solving node: 4*4
x: 4
y: 4
Solving node: 3+10
x: 3
y: 10
Solving node: 13+8
x: 13
y: 8
Solving node: 21-1
x: 21
y: 1
Solving node: 20+7
x: 20
y: 7
Solving node: 27-15
x: 27
y: 15
Solving node: 12+6
x: 12
y: 6
Solving node: 18+4
x: 18
y: 4
Solving node: 22+16
x: 22
y: 16
Solving node: 38-2
x: 38
y: 2
Solving node: 5*2
x: 5
y: 2
Solving node: 5*3
x: 5
y: 3
Solving node: 1*6
x: 1
y: 6
Solving node: 6:1
x: 6
y: 1
Solving node: 8:2
x: 8
y: 2
Solving node: 4*4
x: 4
y: 4
Solving node: 3+10
x: 3
y: 10
Solving node: 13+8
x: 13
y: 8
Solving node: 21-1
x: 21
y: 1
Solving node: 20+7
x: 20
y: 7
Solving node: 27-15
x: 27
y: 15
Solving node: 12+6
x: 12
y: 6
Solving node: 18+4
x: 18
y: 4
Solving node: 22+16
x: 22
y: 16
Difference: 38-2
Calculating bounds (multiplication)
Previous index: -1 | Last operator index: 2
Upper bound: 2
Calculating: 3+5*2+8-1+7-5*3+1*6:1+8:2+4*4-2*1
Solving node: 5*2
x: 5
y: 2
Solving node: 5*3
x: 5
y: 3
Solving node: 1*6
x: 1
y: 6
Solving node: 6:1
x: 6
y: 1
Solving node: 8:2
x: 8
y: 2
Solving node: 4*4
x: 4
y: 4
Solving node: 2*1
x: 2
y: 1
Solving node: 3+10
x: 3
y: 10
Solving node: 13+8
x: 13
y: 8
Solving node: 21-1
x: 21
y: 1
Solving node: 20+7
x: 20
y: 7
Solving node: 27-15
x: 27
y: 15
Solving node: 12+6
x: 12
y: 6
Solving node: 18+4
x: 18
y: 4
Solving node: 22+16
x: 22
y: 16
Solving node: 38-2
x: 38
y: 2
Originallösung: 3+5*2+8-1+7-5*3+1*6:1+8:2+4*4-2*1 = 36
[24/100] 3+5*2+8-1+7-5*3+1*6:1+8:2+4*4-2*1
Testing equation: 3+5*2+8-1+7-5*3+1*6:1+8:2+4*4-2*1
Checking node: 5*2
Solving node: 5*2
x: 5
y: 2
Checking node: 5*3
Solving node: 5*3
x: 5
y: 3
Checking node: 1*6
Solving node: 1*6
x: 1
y: 6
Checking node: 6:1
Solving node: 6:1
x: 6
y: 1
Checking node: 8:2
Solving node: 8:2
x: 8
y: 2
Checking node: 4*4
Solving node: 4*4
x: 4
y: 4
Checking node: 2*1
Solving node: 2*1
x: 2
y: 1
Checking node: 3+10
Solving node: 3+10
x: 3
y: 10
Checking node: 13+8
Solving node: 13+8
x: 13
y: 8
Checking node: 21-1
Solving node: 21-1
x: 21
y: 1
Checking node: 20+7
Solving node: 20+7
x: 20
y: 7
Checking node: 27-15
Solving node: 27-15
x: 27
y: 15
Checking node: 12+6
Solving node: 12+6
x: 12
y: 6
Checking node: 18+4
Solving node: 18+4
x: 18
y: 4
Checking node: 22+16
Solving node: 22+16
x: 22
y: 16
Checking node: 38-2
Solving node: 38-2
x: 38
y: 2
Checking node: 3+5
Checking node: 5*2
Checking node: 2+8
Checking node: 8-1
Checking node: 1+7
Checking node: 7-5
Checking node: 5*3
Checking node: 3+1
Checking node: 1*6
Checking node: 6:1
Checking node: 1+8
Checking node: 8:2
Checking node: 2+4
Checking node: 4*4
Checking node: 4-2
Checking node: 2*1
Difference: 3
Calculating: 3+4
Solving node: 3+4
x: 3
y: 4
Solving node: 3+4
x: 3
y: 4
Difference: 7
Using default bounds (multiplication)
Calculating: 3+4*3
Solving node: 4*3
x: 4
y: 3
Solving node: 3+12
x: 3
y: 12
Solving node: 4*3
x: 4
y: 3
Solving node: 4*3
x: 4
y: 3
Solving node: 3+12
x: 3
y: 12
Difference: 15
Last: 3; Last sum: 12
Calculating: 3+4*3-2
Solving node: 4*3
x: 4
y: 3
Solving node: 3+12
x: 3
y: 12
Solving node: 15-2
x: 15
y: 2
Solving node: 4*3
x: 4
y: 3
Solving node: 3+12
x: 3
y: 12
Solving node: 15-2
x: 15
y: 2
Solving node: 4*3
x: 4
y: 3
Solving node: 3+12
x: 3
y: 12
Difference: 15-2
Calculating: 3+4*3-2+2
Solving node: 4*3
x: 4
y: 3
Solving node: 3+12
x: 3
y: 12
Solving node: 15-2
x: 15
y: 2
Solving node: 13+2
x: 13
y: 2
Solving node: 4*3
x: 4
y: 3
Solving node: 3+12
x: 3
y: 12
Solving node: 15-2
x: 15
y: 2
Solving node: 4*3
x: 4
y: 3
Solving node: 3+12
x: 3
y: 12
Solving node: 15-2
x: 15
y: 2
Solving node: 13+2
x: 13
y: 2
Difference: 15
Using default bounds (multiplication)
Calculating: 3+4*3-2+2*4
Solving node: 4*3
x: 4
y: 3
Solving node: 2*4
x: 2
y: 4
Solving node: 3+12
x: 3
y: 12
Solving node: 15-2
x: 15
y: 2
Solving node: 13+8
x: 13
y: 8
Solving node: 4*3
x: 4
y: 3
Solving node: 2*4
x: 2
y: 4
Solving node: 3+12
x: 3
y: 12
Solving node: 15-2
x: 15
y: 2
Solving node: 4*3
x: 4
y: 3
Solving node: 2*4
x: 2
y: 4
Solving node: 3+12
x: 3
y: 12
Solving node: 15-2
x: 15
y: 2
Solving node: 13+8
x: 13
y: 8
Difference: 21
Calculating: 3+4*3-2+2*4:2
Solving node: 4*3
x: 4
y: 3
Solving node: 2*4
x: 2
y: 4
Solving node: 8:2
x: 8
y: 2
Solving node: 3+12
x: 3
y: 12
Solving node: 15-2
x: 15
y: 2
Solving node: 13+4
x: 13
y: 4
Solving node: 4*3
x: 4
y: 3
Solving node: 2*4
x: 2
y: 4
Solving node: 8:2
x: 8
y: 2
Solving node: 3+12
x: 3
y: 12
Solving node: 15-2
x: 15
y: 2
Solving node: 4*3
x: 4
y: 3
Solving node: 2*4
x: 2
y: 4
Solving node: 8:2
x: 8
y: 2
Solving node: 3+12
x: 3
y: 12
Solving node: 15-2
x: 15
y: 2
Solving node: 13+4
x: 13
y: 4
Difference: 17
Using default bounds (multiplication)
Calculating: 3+4*3-2+2*4:2*2
Solving node: 4*3
x: 4
y: 3
Solving node: 2*4
x: 2
y: 4
Solving node: 8:2
x: 8
y: 2
Solving node: 4*2
x: 4
y: 2
Solving node: 3+12
x: 3
y: 12
Solving node: 15-2
x: 15
y: 2
Solving node: 13+8
x: 13
y: 8
Solving node: 4*3
x: 4
y: 3
Solving node: 2*4
x: 2
y: 4
Solving node: 8:2
x: 8
y: 2
Solving node: 4*2
x: 4
y: 2
Solving node: 3+12
x: 3
y: 12
Solving node: 15-2
x: 15
y: 2
Solving node: 4*3
x: 4
y: 3
Solving node: 2*4
x: 2
y: 4
Solving node: 8:2
x: 8
y: 2
Solving node: 4*2
x: 4
y: 2
Solving node: 3+12
x: 3
y: 12
Solving node: 15-2
x: 15
y: 2
Solving node: 13+8
x: 13
y: 8
Difference: 21
Calculating: 3+4*3-2+2*4:2*2+9
Solving node: 4*3
x: 4
y: 3
Solving node: 2*4
x: 2
y: 4
Solving node: 8:2
x: 8
y: 2
Solving node: 4*2
x: 4
y: 2
Solving node: 3+12
x: 3
y: 12
Solving node: 15-2
x: 15
y: 2
Solving node: 13+8
x: 13
y: 8
Solving node: 21+9
x: 21
y: 9
Solving node: 4*3
x: 4
y: 3
Solving node: 2*4
x: 2
y: 4
Solving node: 8:2
x: 8
y: 2
Solving node: 4*2
x: 4
y: 2
Solving node: 3+12
x: 3
y: 12
Solving node: 15-2
x: 15
y: 2
Solving node: 4*3
x: 4
y: 3
Solving node: 2*4
x: 2
y: 4
Solving node: 8:2
x: 8
y: 2
Solving node: 4*2
x: 4
y: 2
Solving node: 3+12
x: 3
y: 12
Solving node: 15-2
x: 15
y: 2
Solving node: 13+8
x: 13
y: 8
Solving node: 21+9
x: 21
y: 9
Difference: 30
Using default bounds (multiplication)
Calculating: 3+4*3-2+2*4:2*2+9*5
Solving node: 4*3
x: 4
y: 3
Solving node: 2*4
x: 2
y: 4
Solving node: 8:2
x: 8
y: 2
Solving node: 4*2
x: 4
y: 2
Solving node: 9*5
x: 9
y: 5
Solving node: 3+12
x: 3
y: 12
Solving node: 15-2
x: 15
y: 2
Solving node: 13+8
x: 13
y: 8
Solving node: 21+45
x: 21
y: 45
Solving node: 4*3
x: 4
y: 3
Solving node: 2*4
x: 2
y: 4
Solving node: 8:2
x: 8
y: 2
Solving node: 4*2
x: 4
y: 2
Solving node: 9*5
x: 9
y: 5
Solving node: 3+12
x: 3
y: 12
Solving node: 15-2
x: 15
y: 2
Solving node: 4*3
x: 4
y: 3
Solving node: 2*4
x: 2
y: 4
Solving node: 8:2
x: 8
y: 2
Solving node: 4*2
x: 4
y: 2
Solving node: 9*5
x: 9
y: 5
Solving node: 3+12
x: 3
y: 12
Solving node: 15-2
x: 15
y: 2
Solving node: 13+8
x: 13
y: 8
Solving node: 21+45
x: 21
y: 45
Difference: 66
Calculating: 3+4*3-2+2*4:2*2+9*5+1
Solving node: 4*3
x: 4
y: 3
Solving node: 2*4
x: 2
y: 4
Solving node: 8:2
x: 8
y: 2
Solving node: 4*2
x: 4
y: 2
Solving node: 9*5
x: 9
y: 5
Solving node: 3+12
x: 3
y: 12
Solving node: 15-2
x: 15
y: 2
Solving node: 13+8
x: 13
y: 8
Solving node: 21+45
x: 21
y: 45
Solving node: 66+1
x: 66
y: 1
Solving node: 4*3
x: 4
y: 3
Solving node: 2*4
x: 2
y: 4
Solving node: 8:2
x: 8
y: 2
Solving node: 4*2
x: 4
y: 2
Solving node: 9*5
x: 9
y: 5
Solving node: 3+12
x: 3
y: 12
Solving node: 15-2
x: 15
y: 2
Solving node: 4*3
x: 4
y: 3
Solving node: 2*4
x: 2
y: 4
Solving node: 8:2
x: 8
y: 2
Solving node: 4*2
x: 4
y: 2
Solving node: 9*5
x: 9
y: 5
Solving node: 3+12
x: 3
y: 12
Solving node: 15-2
x: 15
y: 2
Solving node: 13+8
x: 13
y: 8
Solving node: 21+45
x: 21
y: 45
Solving node: 66+1
x: 66
y: 1
Difference: 67
Using default bounds (multiplication)
Calculating: 3+4*3-2+2*4:2*2+9*5+1*8
Solving node: 4*3
x: 4
y: 3
Solving node: 2*4
x: 2
y: 4
Solving node: 8:2
x: 8
y: 2
Solving node: 4*2
x: 4
y: 2
Solving node: 9*5
x: 9
y: 5
Solving node: 1*8
x: 1
y: 8
Solving node: 3+12
x: 3
y: 12
Solving node: 15-2
x: 15
y: 2
Solving node: 13+8
x: 13
y: 8
Solving node: 21+45
x: 21
y: 45
Solving node: 66+8
x: 66
y: 8
Solving node: 4*3
x: 4
y: 3
Solving node: 2*4
x: 2
y: 4
Solving node: 8:2
x: 8
y: 2
Solving node: 4*2
x: 4
y: 2
Solving node: 9*5
x: 9
y: 5
Solving node: 1*8
x: 1
y: 8
Solving node: 3+12
x: 3
y: 12
Solving node: 15-2
x: 15
y: 2
Solving node: 4*3
x: 4
y: 3
Solving node: 2*4
x: 2
y: 4
Solving node: 8:2
x: 8
y: 2
Solving node: 4*2
x: 4
y: 2
Solving node: 9*5
x: 9
y: 5
Solving node: 1*8
x: 1
y: 8
Solving node: 3+12
x: 3
y: 12
Solving node: 15-2
x: 15
y: 2
Solving node: 13+8
x: 13
y: 8
Solving node: 21+45
x: 21
y: 45
Solving node: 66+8
x: 66
y: 8
Difference: 74
Last: 8; Last sum: 8
Calculating: 3+4*3-2+2*4:2*2+9*5+1*8-7
Solving node: 4*3
x: 4
y: 3
Solving node: 2*4
x: 2
y: 4
Solving node: 8:2
x: 8
y: 2
Solving node: 4*2
x: 4
y: 2
Solving node: 9*5
x: 9
y: 5
Solving node: 1*8
x: 1
y: 8
Solving node: 3+12
x: 3
y: 12
Solving node: 15-2
x: 15
y: 2
Solving node: 13+8
x: 13
y: 8
Solving node: 21+45
x: 21
y: 45
Solving node: 66+8
x: 66
y: 8
Solving node: 74-7
x: 74
y: 7
Solving node: 4*3
x: 4
y: 3
Solving node: 2*4
x: 2
y: 4
Solving node: 8:2
x: 8
y: 2
Solving node: 4*2
x: 4
y: 2
Solving node: 9*5
x: 9
y: 5
Solving node: 1*8
x: 1
y: 8
Solving node: 3+12
x: 3
y: 12
Solving node: 15-2
x: 15
y: 2
Solving node: 13+8
x: 13
y: 8
Solving node: 21+45
x: 21
y: 45
Solving node: 66+8
x: 66
y: 8
Solving node: 74-7
x: 74
y: 7
Solving node: 4*3
x: 4
y: 3
Solving node: 2*4
x: 2
y: 4
Solving node: 8:2
x: 8
y: 2
Solving node: 4*2
x: 4
y: 2
Solving node: 9*5
x: 9
y: 5
Solving node: 1*8
x: 1
y: 8
Solving node: 3+12
x: 3
y: 12
Solving node: 15-2
x: 15
y: 2
Solving node: 13+8
x: 13
y: 8
Solving node: 21+45
x: 21
y: 45
Solving node: 66+8
x: 66
y: 8
Difference: 74-7
Calculating bounds (multiplication)
Previous index: -1 | Last operator index: 2
Upper bound: 7
Calculating: 3+4*3-2+2*4:2*2+9*5+1*8-7*4
Solving node: 4*3
x: 4
y: 3
Solving node: 2*4
x: 2
y: 4
Solving node: 8:2
x: 8
y: 2
Solving node: 4*2
x: 4
y: 2
Solving node: 9*5
x: 9
y: 5
Solving node: 1*8
x: 1
y: 8
Solving node: 7*4
x: 7
y: 4
Solving node: 3+12
x: 3
y: 12
Solving node: 15-2
x: 15
y: 2
Solving node: 13+8
x: 13
y: 8
Solving node: 21+45
x: 21
y: 45
Solving node: 66+8
x: 66
y: 8
Solving node: 74-28
x: 74
y: 28
Solving node: 4*3
x: 4
y: 3
Solving node: 2*4
x: 2
y: 4
Solving node: 8:2
x: 8
y: 2
Solving node: 4*2
x: 4
y: 2
Solving node: 9*5
x: 9
y: 5
Solving node: 1*8
x: 1
y: 8
Solving node: 7*4
x: 7
y: 4
Solving node: 3+12
x: 3
y: 12
Solving node: 15-2
x: 15
y: 2
Solving node: 13+8
x: 13
y: 8
Solving node: 21+45
x: 21
y: 45
Solving node: 66+8
x: 66
y: 8
Solving node: 74-28
x: 74
y: 28
Solving node: 4*3
x: 4
y: 3
Solving node: 2*4
x: 2
y: 4
Solving node: 8:2
x: 8
y: 2
Solving node: 4*2
x: 4
y: 2
Solving node: 9*5
x: 9
y: 5
Solving node: 1*8
x: 1
y: 8
Solving node: 7*4
x: 7
y: 4
Solving node: 3+12
x: 3
y: 12
Solving node: 15-2
x: 15
y: 2
Solving node: 13+8
x: 13
y: 8
Solving node: 21+45
x: 21
y: 45
Solving node: 66+8
x: 66
y: 8
Difference: 74-28
Previous index: -1 | Last operator index: 2
Calculating: 3+4*3-2+2*4:2*2+9*5+1*8-7*4:2
Solving node: 4*3
x: 4
y: 3
Solving node: 2*4
x: 2
y: 4
Solving node: 8:2
x: 8
y: 2
Solving node: 4*2
x: 4
y: 2
Solving node: 9*5
x: 9
y: 5
Solving node: 1*8
x: 1
y: 8
Solving node: 7*4
x: 7
y: 4
Solving node: 28:2
x: 28
y: 2
Solving node: 3+12
x: 3
y: 12
Solving node: 15-2
x: 15
y: 2
Solving node: 13+8
x: 13
y: 8
Solving node: 21+45
x: 21
y: 45
Solving node: 66+8
x: 66
y: 8
Solving node: 74-14
x: 74
y: 14
Solving node: 4*3
x: 4
y: 3
Solving node: 2*4
x: 2
y: 4
Solving node: 8:2
x: 8
y: 2
Solving node: 4*2
x: 4
y: 2
Solving node: 9*5
x: 9
y: 5
Solving node: 1*8
x: 1
y: 8
Solving node: 7*4
x: 7
y: 4
Solving node: 28:2
x: 28
y: 2
Solving node: 3+12
x: 3
y: 12
Solving node: 15-2
x: 15
y: 2
Solving node: 13+8
x: 13
y: 8
Solving node: 21+45
x: 21
y: 45
Solving node: 66+8
x: 66
y: 8
Solving node: 74-14
x: 74
y: 14
Solving node: 4*3
x: 4
y: 3
Solving node: 2*4
x: 2
y: 4
Solving node: 8:2
x: 8
y: 2
Solving node: 4*2
x: 4
y: 2
Solving node: 9*5
x: 9
y: 5
Solving node: 1*8
x: 1
y: 8
Solving node: 7*4
x: 7
y: 4
Solving node: 28:2
x: 28
y: 2
Solving node: 3+12
x: 3
y: 12
Solving node: 15-2
x: 15
y: 2
Solving node: 13+8
x: 13
y: 8
Solving node: 21+45
x: 21
y: 45
Solving node: 66+8
x: 66
y: 8
Difference: 74-14
Calculating bounds (multiplication)
Previous index: -1 | Last operator index: 2
Upper bound: 2
Calculating: 3+4*3-2+2*4:2*2+9*5+1*8-7*4:2*1
Solving node: 4*3
x: 4
y: 3
Solving node: 2*4
x: 2
y: 4
Solving node: 8:2
x: 8
y: 2
Solving node: 4*2
x: 4
y: 2
Solving node: 9*5
x: 9
y: 5
Solving node: 1*8
x: 1
y: 8
Solving node: 7*4
x: 7
y: 4
Solving node: 28:2
x: 28
y: 2
Solving node: 14*1
x: 14
y: 1
Solving node: 3+12
x: 3
y: 12
Solving node: 15-2
x: 15
y: 2
Solving node: 13+8
x: 13
y: 8
Solving node: 21+45
x: 21
y: 45
Solving node: 66+8
x: 66
y: 8
Solving node: 74-14
x: 74
y: 14
Solving node: 4*3
x: 4
y: 3
Solving node: 2*4
x: 2
y: 4
Solving node: 8:2
x: 8
y: 2
Solving node: 4*2
x: 4
y: 2
Solving node: 9*5
x: 9
y: 5
Solving node: 1*8
x: 1
y: 8
Solving node: 7*4
x: 7
y: 4
Solving node: 28:2
x: 28
y: 2
Solving node: 14*1
x: 14
y: 1
Solving node: 3+12
x: 3
y: 12
Solving node: 15-2
x: 15
y: 2
Solving node: 13+8
x: 13
y: 8
Solving node: 21+45
x: 21
y: 45
Solving node: 66+8
x: 66
y: 8
Solving node: 74-14
x: 74
y: 14
Solving node: 4*3
x: 4
y: 3
Solving node: 2*4
x: 2
y: 4
Solving node: 8:2
x: 8
y: 2
Solving node: 4*2
x: 4
y: 2
Solving node: 9*5
x: 9
y: 5
Solving node: 1*8
x: 1
y: 8
Solving node: 7*4
x: 7
y: 4
Solving node: 28:2
x: 28
y: 2
Solving node: 14*1
x: 14
y: 1
Solving node: 3+12
x: 3
y: 12
Solving node: 15-2
x: 15
y: 2
Solving node: 13+8
x: 13
y: 8
Solving node: 21+45
x: 21
y: 45
Solving node: 66+8
x: 66
y: 8
Difference: 74-14
Calculating: 3+4*3-2+2*4:2*2+9*5+1*8-7*4:2*1+2
Solving node: 4*3
x: 4
y: 3
Solving node: 2*4
x: 2
y: 4
Solving node: 8:2
x: 8
y: 2
Solving node: 4*2
x: 4
y: 2
Solving node: 9*5
x: 9
y: 5
Solving node: 1*8
x: 1
y: 8
Solving node: 7*4
x: 7
y: 4
Solving node: 28:2
x: 28
y: 2
Solving node: 14*1
x: 14
y: 1
Solving node: 3+12
x: 3
y: 12
Solving node: 15-2
x: 15
y: 2
Solving node: 13+8
x: 13
y: 8
Solving node: 21+45
x: 21
y: 45
Solving node: 66+8
x: 66
y: 8
Solving node: 74-14
x: 74
y: 14
Solving node: 60+2
x: 60
y: 2
Originallösung: 3+4*3-2+2*4:2*2+9*5+1*8-7*4:2*1+2 = 62
[25/100] 3+4*3-2+2*4:2*2+9*5+1*8-7*4:2*1+2
Testing equation: 3+4*3-2+2*4:2*2+9*5+1*8-7*4:2*1+2
Checking node: 4*3
Solving node: 4*3
x: 4
y: 3
Checking node: 2*4
Solving node: 2*4
x: 2
y: 4
Checking node: 8:2
Solving node: 8:2
x: 8
y: 2
Checking node: 4*2
Solving node: 4*2
x: 4
y: 2
Checking node: 9*5
Solving node: 9*5
x: 9
y: 5
Checking node: 1*8
Solving node: 1*8
x: 1
y: 8
Checking node: 7*4
Solving node: 7*4
x: 7
y: 4
Checking node: 28:2
Solving node: 28:2
x: 28
y: 2
Checking node: 14*1
Solving node: 14*1
x: 14
y: 1
Checking node: 3+12
Solving node: 3+12
x: 3
y: 12
Checking node: 15-2
Solving node: 15-2
x: 15
y: 2
Checking node: 13+8
Solving node: 13+8
x: 13
y: 8
Checking node: 21+45
Solving node: 21+45
x: 21
y: 45
Checking node: 66+8
Solving node: 66+8
x: 66
y: 8
Checking node: 74-14
Solving node: 74-14
x: 74
y: 14
Checking node: 60+2
Solving node: 60+2
x: 60
y: 2
Checking node: 3+4
Checking node: 4*3
Checking node: 3-2
Checking node: 2+2
Checking node: 2*4
Checking node: 4:2
Checking node: 2*2
Checking node: 2+9
Checking node: 9*5
Checking node: 5+1
Checking node: 1*8
Checking node: 8-7
Checking node: 7*4
Checking node: 4:2
Checking node: 2*1
Checking node: 1+2
Difference: 1
Using default bounds (multiplication)
Calculating: 1*7
Solving node: 1*7
x: 1
y: 7
Solving node: 1*7
x: 1
y: 7
Solving node: 1*7
x: 1
y: 7
Difference: 7
Last: 7; Last sum: 7
Calculating: 1*7-1
Solving node: 1*7
x: 1
y: 7
Solving node: 7-1
x: 7
y: 1
Solving node: 1*7
x: 1
y: 7
Solving node: 7-1
x: 7
y: 1
Solving node: 1*7
x: 1
y: 7
Difference: 7-1
Calculating bounds (multiplication)
Upper bound: 1
Solving node: 1*7
x: 1
y: 7
Solving node: 7-1
x: 7
y: 1
Solving node: 1*7
x: 1
y: 7
Difference: 7-1
Calculating: 1*7-1+8
Solving node: 1*7
x: 1
y: 7
Solving node: 7-1
x: 7
y: 1
Solving node: 6+8
x: 6
y: 8
Solving node: 1*7
x: 1
y: 7
Solving node: 7-1
x: 7
y: 1
Solving node: 1*7
x: 1
y: 7
Solving node: 7-1
x: 7
y: 1
Solving node: 6+8
x: 6
y: 8
Difference: 14
Using default bounds (multiplication)
Calculating: 1*7-1+8*3
Solving node: 1*7
x: 1
y: 7
Solving node: 8*3
x: 8
y: 3
Solving node: 7-1
x: 7
y: 1
Solving node: 6+24
x: 6
y: 24
Solving node: 1*7
x: 1
y: 7
Solving node: 8*3
x: 8
y: 3
Solving node: 7-1
x: 7
y: 1
Solving node: 1*7
x: 1
y: 7
Solving node: 8*3
x: 8
y: 3
Solving node: 7-1
x: 7
y: 1
Solving node: 6+24
x: 6
y: 24
Difference: 30
Last: 3; Last sum: 24
Calculating: 1*7-1+8*3-1
Solving node: 1*7
x: 1
y: 7
Solving node: 8*3
x: 8
y: 3
Solving node: 7-1
x: 7
y: 1
Solving node: 6+24
x: 6
y: 24
Solving node: 30-1
x: 30
y: 1
Solving node: 1*7
x: 1
y: 7
Solving node: 8*3
x: 8
y: 3
Solving node: 7-1
x: 7
y: 1
Solving node: 6+24
x: 6
y: 24
Solving node: 30-1
x: 30
y: 1
Solving node: 1*7
x: 1
y: 7
Solving node: 8*3
x: 8
y: 3
Solving node: 7-1
x: 7
y: 1
Solving node: 6+24
x: 6
y: 24
Difference: 30-1
Calculating bounds (multiplication)
Previous index: -1 | Last operator index: 2
Upper bound: 1
Solving node: 1*7
x: 1
y: 7
Solving node: 8*3
x: 8
y: 3
Solving node: 7-1
x: 7
y: 1
Solving node: 6+24
x: 6
y: 24
Solving node: 30-1
x: 30
y: 1
Solving node: 1*7
x: 1
y: 7
Solving node: 8*3
x: 8
y: 3
Solving node: 7-1
x: 7
y: 1
Solving node: 6+24
x: 6
y: 24
Difference: 30-1
Calculating: 1*7-1+8*3-1+2
Solving node: 1*7
x: 1
y: 7
Solving node: 8*3
x: 8
y: 3
Solving node: 7-1
x: 7
y: 1
Solving node: 6+24
x: 6
y: 24
Solving node: 30-1
x: 30
y: 1
Solving node: 29+2
x: 29
y: 2
Solving node: 1*7
x: 1
y: 7
Solving node: 8*3
x: 8
y: 3
Solving node: 7-1
x: 7
y: 1
Solving node: 6+24
x: 6
y: 24
Solving node: 30-1
x: 30
y: 1
Solving node: 1*7
x: 1
y: 7
Solving node: 8*3
x: 8
y: 3
Solving node: 7-1
x: 7
y: 1
Solving node: 6+24
x: 6
y: 24
Solving node: 30-1
x: 30
y: 1
Solving node: 29+2
x: 29
y: 2
Difference: 31
Using default bounds (multiplication)
Calculating: 1*7-1+8*3-1+2*6
Solving node: 1*7
x: 1
y: 7
Solving node: 8*3
x: 8
y: 3
Solving node: 2*6
x: 2
y: 6
Solving node: 7-1
x: 7
y: 1
Solving node: 6+24
x: 6
y: 24
Solving node: 30-1
x: 30
y: 1
Solving node: 29+12
x: 29
y: 12
Solving node: 1*7
x: 1
y: 7
Solving node: 8*3
x: 8
y: 3
Solving node: 2*6
x: 2
y: 6
Solving node: 7-1
x: 7
y: 1
Solving node: 6+24
x: 6
y: 24
Solving node: 30-1
x: 30
y: 1
Solving node: 1*7
x: 1
y: 7
Solving node: 8*3
x: 8
y: 3
Solving node: 2*6
x: 2
y: 6
Solving node: 7-1
x: 7
y: 1
Solving node: 6+24
x: 6
y: 24
Solving node: 30-1
x: 30
y: 1
Solving node: 29+12
x: 29
y: 12
Difference: 41
Calculating: 1*7-1+8*3-1+2*6:1
Solving node: 1*7
x: 1
y: 7
Solving node: 8*3
x: 8
y: 3
Solving node: 2*6
x: 2
y: 6
Solving node: 12:1
x: 12
y: 1
Solving node: 7-1
x: 7
y: 1
Solving node: 6+24
x: 6
y: 24
Solving node: 30-1
x: 30
y: 1
Solving node: 29+12
x: 29
y: 12
Solving node: 1*7
x: 1
y: 7
Solving node: 8*3
x: 8
y: 3
Solving node: 2*6
x: 2
y: 6
Solving node: 12:1
x: 12
y: 1
Solving node: 7-1
x: 7
y: 1
Solving node: 6+24
x: 6
y: 24
Solving node: 30-1
x: 30
y: 1
Solving node: 1*7
x: 1
y: 7
Solving node: 8*3
x: 8
y: 3
Solving node: 2*6
x: 2
y: 6
Solving node: 12:1
x: 12
y: 1
Solving node: 7-1
x: 7
y: 1
Solving node: 6+24
x: 6
y: 24
Solving node: 30-1
x: 30
y: 1
Solving node: 29+12
x: 29
y: 12
Difference: 41
Calculating: 1*7-1+8*3-1+2*6:1+3
Solving node: 1*7
x: 1
y: 7
Solving node: 8*3
x: 8
y: 3
Solving node: 2*6
x: 2
y: 6
Solving node: 12:1
x: 12
y: 1
Solving node: 7-1
x: 7
y: 1
Solving node: 6+24
x: 6
y: 24
Solving node: 30-1
x: 30
y: 1
Solving node: 29+12
x: 29
y: 12
Solving node: 41+3
x: 41
y: 3
Solving node: 1*7
x: 1
y: 7
Solving node: 8*3
x: 8
y: 3
Solving node: 2*6
x: 2
y: 6
Solving node: 12:1
x: 12
y: 1
Solving node: 7-1
x: 7
y: 1
Solving node: 6+24
x: 6
y: 24
Solving node: 30-1
x: 30
y: 1
Solving node: 1*7
x: 1
y: 7
Solving node: 8*3
x: 8
y: 3
Solving node: 2*6
x: 2
y: 6
Solving node: 12:1
x: 12
y: 1
Solving node: 7-1
x: 7
y: 1
Solving node: 6+24
x: 6
y: 24
Solving node: 30-1
x: 30
y: 1
Solving node: 29+12
x: 29
y: 12
Solving node: 41+3
x: 41
y: 3
Difference: 44
Using default bounds (multiplication)
Calculating: 1*7-1+8*3-1+2*6:1+3*9
Solving node: 1*7
x: 1
y: 7
Solving node: 8*3
x: 8
y: 3
Solving node: 2*6
x: 2
y: 6
Solving node: 12:1
x: 12
y: 1
Solving node: 3*9
x: 3
y: 9
Solving node: 7-1
x: 7
y: 1
Solving node: 6+24
x: 6
y: 24
Solving node: 30-1
x: 30
y: 1
Solving node: 29+12
x: 29
y: 12
Solving node: 41+27
x: 41
y: 27
Solving node: 1*7
x: 1
y: 7
Solving node: 8*3
x: 8
y: 3
Solving node: 2*6
x: 2
y: 6
Solving node: 12:1
x: 12
y: 1
Solving node: 3*9
x: 3
y: 9
Solving node: 7-1
x: 7
y: 1
Solving node: 6+24
x: 6
y: 24
Solving node: 30-1
x: 30
y: 1
Solving node: 1*7
x: 1
y: 7
Solving node: 8*3
x: 8
y: 3
Solving node: 2*6
x: 2
y: 6
Solving node: 12:1
x: 12
y: 1
Solving node: 3*9
x: 3
y: 9
Solving node: 7-1
x: 7
y: 1
Solving node: 6+24
x: 6
y: 24
Solving node: 30-1
x: 30
y: 1
Solving node: 29+12
x: 29
y: 12
Solving node: 41+27
x: 41
y: 27
Difference: 68
Calculating: 1*7-1+8*3-1+2*6:1+3*9+9
Solving node: 1*7
x: 1
y: 7
Solving node: 8*3
x: 8
y: 3
Solving node: 2*6
x: 2
y: 6
Solving node: 12:1
x: 12
y: 1
Solving node: 3*9
x: 3
y: 9
Solving node: 7-1
x: 7
y: 1
Solving node: 6+24
x: 6
y: 24
Solving node: 30-1
x: 30
y: 1
Solving node: 29+12
x: 29
y: 12
Solving node: 41+27
x: 41
y: 27
Solving node: 68+9
x: 68
y: 9
Solving node: 1*7
x: 1
y: 7
Solving node: 8*3
x: 8
y: 3
Solving node: 2*6
x: 2
y: 6
Solving node: 12:1
x: 12
y: 1
Solving node: 3*9
x: 3
y: 9
Solving node: 7-1
x: 7
y: 1
Solving node: 6+24
x: 6
y: 24
Solving node: 30-1
x: 30
y: 1
Solving node: 1*7
x: 1
y: 7
Solving node: 8*3
x: 8
y: 3
Solving node: 2*6
x: 2
y: 6
Solving node: 12:1
x: 12
y: 1
Solving node: 3*9
x: 3
y: 9
Solving node: 7-1
x: 7
y: 1
Solving node: 6+24
x: 6
y: 24
Solving node: 30-1
x: 30
y: 1
Solving node: 29+12
x: 29
y: 12
Solving node: 41+27
x: 41
y: 27
Solving node: 68+9
x: 68
y: 9
Difference: 77
Using default bounds (multiplication)
Calculating: 1*7-1+8*3-1+2*6:1+3*9+9*9
Solving node: 1*7
x: 1
y: 7
Solving node: 8*3
x: 8
y: 3
Solving node: 2*6
x: 2
y: 6
Solving node: 12:1
x: 12
y: 1
Solving node: 3*9
x: 3
y: 9
Solving node: 9*9
x: 9
y: 9
Solving node: 7-1
x: 7
y: 1
Solving node: 6+24
x: 6
y: 24
Solving node: 30-1
x: 30
y: 1
Solving node: 29+12
x: 29
y: 12
Solving node: 41+27
x: 41
y: 27
Solving node: 68+81
x: 68
y: 81
Solving node: 1*7
x: 1
y: 7
Solving node: 8*3
x: 8
y: 3
Solving node: 2*6
x: 2
y: 6
Solving node: 12:1
x: 12
y: 1
Solving node: 3*9
x: 3
y: 9
Solving node: 9*9
x: 9
y: 9
Solving node: 7-1
x: 7
y: 1
Solving node: 6+24
x: 6
y: 24
Solving node: 30-1
x: 30
y: 1
Solving node: 1*7
x: 1
y: 7
Solving node: 8*3
x: 8
y: 3
Solving node: 2*6
x: 2
y: 6
Solving node: 12:1
x: 12
y: 1
Solving node: 3*9
x: 3
y: 9
Solving node: 9*9
x: 9
y: 9
Solving node: 7-1
x: 7
y: 1
Solving node: 6+24
x: 6
y: 24
Solving node: 30-1
x: 30
y: 1
Solving node: 29+12
x: 29
y: 12
Solving node: 41+27
x: 41
y: 27
Solving node: 68+81
x: 68
y: 81
Difference: 149
Calculating: 1*7-1+8*3-1+2*6:1+3*9+9*9+1
Solving node: 1*7
x: 1
y: 7
Solving node: 8*3
x: 8
y: 3
Solving node: 2*6
x: 2
y: 6
Solving node: 12:1
x: 12
y: 1
Solving node: 3*9
x: 3
y: 9
Solving node: 9*9
x: 9
y: 9
Solving node: 7-1
x: 7
y: 1
Solving node: 6+24
x: 6
y: 24
Solving node: 30-1
x: 30
y: 1
Solving node: 29+12
x: 29
y: 12
Solving node: 41+27
x: 41
y: 27
Solving node: 68+81
x: 68
y: 81
Solving node: 149+1
x: 149
y: 1
Solving node: 1*7
x: 1
y: 7
Solving node: 8*3
x: 8
y: 3
Solving node: 2*6
x: 2
y: 6
Solving node: 12:1
x: 12
y: 1
Solving node: 3*9
x: 3
y: 9
Solving node: 9*9
x: 9
y: 9
Solving node: 7-1
x: 7
y: 1
Solving node: 6+24
x: 6
y: 24
Solving node: 30-1
x: 30
y: 1
Solving node: 1*7
x: 1
y: 7
Solving node: 8*3
x: 8
y: 3
Solving node: 2*6
x: 2
y: 6
Solving node: 12:1
x: 12
y: 1
Solving node: 3*9
x: 3
y: 9
Solving node: 9*9
x: 9
y: 9
Solving node: 7-1
x: 7
y: 1
Solving node: 6+24
x: 6
y: 24
Solving node: 30-1
x: 30
y: 1
Solving node: 29+12
x: 29
y: 12
Solving node: 41+27
x: 41
y: 27
Solving node: 68+81
x: 68
y: 81
Solving node: 149+1
x: 149
y: 1
Difference: 150
Using default bounds (multiplication)
Calculating: 1*7-1+8*3-1+2*6:1+3*9+9*9+1*9
Solving node: 1*7
x: 1
y: 7
Solving node: 8*3
x: 8
y: 3
Solving node: 2*6
x: 2
y: 6
Solving node: 12:1
x: 12
y: 1
Solving node: 3*9
x: 3
y: 9
Solving node: 9*9
x: 9
y: 9
Solving node: 1*9
x: 1
y: 9
Solving node: 7-1
x: 7
y: 1
Solving node: 6+24
x: 6
y: 24
Solving node: 30-1
x: 30
y: 1
Solving node: 29+12
x: 29
y: 12
Solving node: 41+27
x: 41
y: 27
Solving node: 68+81
x: 68
y: 81
Solving node: 149+9
x: 149
y: 9
Solving node: 1*7
x: 1
y: 7
Solving node: 8*3
x: 8
y: 3
Solving node: 2*6
x: 2
y: 6
Solving node: 12:1
x: 12
y: 1
Solving node: 3*9
x: 3
y: 9
Solving node: 9*9
x: 9
y: 9
Solving node: 1*9
x: 1
y: 9
Solving node: 7-1
x: 7
y: 1
Solving node: 6+24
x: 6
y: 24
Solving node: 30-1
x: 30
y: 1
Solving node: 1*7
x: 1
y: 7
Solving node: 8*3
x: 8
y: 3
Solving node: 2*6
x: 2
y: 6
Solving node: 12:1
x: 12
y: 1
Solving node: 3*9
x: 3
y: 9
Solving node: 9*9
x: 9
y: 9
Solving node: 1*9
x: 1
y: 9
Solving node: 7-1
x: 7
y: 1
Solving node: 6+24
x: 6
y: 24
Solving node: 30-1
x: 30
y: 1
Solving node: 29+12
x: 29
y: 12
Solving node: 41+27
x: 41
y: 27
Solving node: 68+81
x: 68
y: 81
Solving node: 149+9
x: 149
y: 9
Difference: 158
Calculating: 1*7-1+8*3-1+2*6:1+3*9+9*9+1*9+1
Solving node: 1*7
x: 1
y: 7
Solving node: 8*3
x: 8
y: 3
Solving node: 2*6
x: 2
y: 6
Solving node: 12:1
x: 12
y: 1
Solving node: 3*9
x: 3
y: 9
Solving node: 9*9
x: 9
y: 9
Solving node: 1*9
x: 1
y: 9
Solving node: 7-1
x: 7
y: 1
Solving node: 6+24
x: 6
y: 24
Solving node: 30-1
x: 30
y: 1
Solving node: 29+12
x: 29
y: 12
Solving node: 41+27
x: 41
y: 27
Solving node: 68+81
x: 68
y: 81
Solving node: 149+9
x: 149
y: 9
Solving node: 158+1
x: 158
y: 1
Solving node: 1*7
x: 1
y: 7
Solving node: 8*3
x: 8
y: 3
Solving node: 2*6
x: 2
y: 6
Solving node: 12:1
x: 12
y: 1
Solving node: 3*9
x: 3
y: 9
Solving node: 9*9
x: 9
y: 9
Solving node: 1*9
x: 1
y: 9
Solving node: 7-1
x: 7
y: 1
Solving node: 6+24
x: 6
y: 24
Solving node: 30-1
x: 30
y: 1
Solving node: 1*7
x: 1
y: 7
Solving node: 8*3
x: 8
y: 3
Solving node: 2*6
x: 2
y: 6
Solving node: 12:1
x: 12
y: 1
Solving node: 3*9
x: 3
y: 9
Solving node: 9*9
x: 9
y: 9
Solving node: 1*9
x: 1
y: 9
Solving node: 7-1
x: 7
y: 1
Solving node: 6+24
x: 6
y: 24
Solving node: 30-1
x: 30
y: 1
Solving node: 29+12
x: 29
y: 12
Solving node: 41+27
x: 41
y: 27
Solving node: 68+81
x: 68
y: 81
Solving node: 149+9
x: 149
y: 9
Solving node: 158+1
x: 158
y: 1
Difference: 159
Using default bounds (multiplication)
Calculating: 1*7-1+8*3-1+2*6:1+3*9+9*9+1*9+1*1
Solving node: 1*7
x: 1
y: 7
Solving node: 8*3
x: 8
y: 3
Solving node: 2*6
x: 2
y: 6
Solving node: 12:1
x: 12
y: 1
Solving node: 3*9
x: 3
y: 9
Solving node: 9*9
x: 9
y: 9
Solving node: 1*9
x: 1
y: 9
Solving node: 1*1
x: 1
y: 1
Solving node: 7-1
x: 7
y: 1
Solving node: 6+24
x: 6
y: 24
Solving node: 30-1
x: 30
y: 1
Solving node: 29+12
x: 29
y: 12
Solving node: 41+27
x: 41
y: 27
Solving node: 68+81
x: 68
y: 81
Solving node: 149+9
x: 149
y: 9
Solving node: 158+1
x: 158
y: 1
Originallösung: 1*7-1+8*3-1+2*6:1+3*9+9*9+1*9+1*1 = 159
[26/100] 1*7-1+8*3-1+2*6:1+3*9+9*9+1*9+1*1
Testing equation: 1*7-1+8*3-1+2*6:1+3*9+9*9+1*9+1*1
Checking node: 1*7
Solving node: 1*7
x: 1
y: 7
Checking node: 8*3
Solving node: 8*3
x: 8
y: 3
Checking node: 2*6
Solving node: 2*6
x: 2
y: 6
Checking node: 12:1
Solving node: 12:1
x: 12
y: 1
Checking node: 3*9
Solving node: 3*9
x: 3
y: 9
Checking node: 9*9
Solving node: 9*9
x: 9
y: 9
Checking node: 1*9
Solving node: 1*9
x: 1
y: 9
Checking node: 1*1
Solving node: 1*1
x: 1
y: 1
Checking node: 7-1
Solving node: 7-1
x: 7
y: 1
Checking node: 6+24
Solving node: 6+24
x: 6
y: 24
Checking node: 30-1
Solving node: 30-1
x: 30
y: 1
Checking node: 29+12
Solving node: 29+12
x: 29
y: 12
Checking node: 41+27
Solving node: 41+27
x: 41
y: 27
Checking node: 68+81
Solving node: 68+81
x: 68
y: 81
Checking node: 149+9
Solving node: 149+9
x: 149
y: 9
Checking node: 158+1
Solving node: 158+1
x: 158
y: 1
Checking node: 1*7
Checking node: 7-1
Checking node: 1+8
Checking node: 8*3
Checking node: 3-1
Checking node: 1+2
Checking node: 2*6
Checking node: 6:1
Checking node: 1+3
Checking node: 3*9
Checking node: 9+9
Checking node: 9*9
Checking node: 9+1
Checking node: 1*9
Checking node: 9+1
Checking node: 1*1
Difference: 9
Using default bounds (multiplication)
Calculating: 9*8
Solving node: 9*8
x: 9
y: 8
Solving node: 9*8
x: 9
y: 8
Solving node: 9*8
x: 9
y: 8
Difference: 72
Calculating: 9*8+7
Solving node: 9*8
x: 9
y: 8
Solving node: 72+7
x: 72
y: 7
Solving node: 9*8
x: 9
y: 8
Solving node: 9*8
x: 9
y: 8
Solving node: 72+7
x: 72
y: 7
Difference: 79
Using default bounds (multiplication)
Calculating: 9*8+7*8
Solving node: 9*8
x: 9
y: 8
Solving node: 7*8
x: 7
y: 8
Solving node: 72+56
x: 72
y: 56
Solving node: 9*8
x: 9
y: 8
Solving node: 7*8
x: 7
y: 8
Solving node: 9*8
x: 9
y: 8
Solving node: 7*8
x: 7
y: 8
Solving node: 72+56
x: 72
y: 56
Difference: 128
Last: 8; Last sum: 56
Calculating: 9*8+7*8-6
Solving node: 9*8
x: 9
y: 8
Solving node: 7*8
x: 7
y: 8
Solving node: 72+56
x: 72
y: 56
Solving node: 128-6
x: 128
y: 6
Solving node: 9*8
x: 9
y: 8
Solving node: 7*8
x: 7
y: 8
Solving node: 72+56
x: 72
y: 56
Solving node: 128-6
x: 128
y: 6
Solving node: 9*8
x: 9
y: 8
Solving node: 7*8
x: 7
y: 8
Solving node: 72+56
x: 72
y: 56
Difference: 128-6
Previous index: -1 | Last operator index: 3
Calculating: 9*8+7*8-6:1
Solving node: 9*8
x: 9
y: 8
Solving node: 7*8
x: 7
y: 8
Solving node: 6:1
x: 6
y: 1
Solving node: 72+56
x: 72
y: 56
Solving node: 128-6
x: 128
y: 6
Solving node: 9*8
x: 9
y: 8
Solving node: 7*8
x: 7
y: 8
Solving node: 6:1
x: 6
y: 1
Solving node: 72+56
x: 72
y: 56
Solving node: 128-6
x: 128
y: 6
Solving node: 9*8
x: 9
y: 8
Solving node: 7*8
x: 7
y: 8
Solving node: 6:1
x: 6
y: 1
Solving node: 72+56
x: 72
y: 56
Difference: 128-6
Calculating bounds (multiplication)
Previous index: -1 | Last operator index: 3
Upper bound: 1
Solving node: 9*8
x: 9
y: 8
Solving node: 7*8
x: 7
y: 8
Solving node: 6:1
x: 6
y: 1
Solving node: 72+56
x: 72
y: 56
Solving node: 128-6
x: 128
y: 6
Solving node: 9*8
x: 9
y: 8
Solving node: 7*8
x: 7
y: 8
Solving node: 6:1
x: 6
y: 1
Solving node: 72+56
x: 72
y: 56
Difference: 128-6
Calculating: 9*8+7*8-6:1+2
Solving node: 9*8
x: 9
y: 8
Solving node: 7*8
x: 7
y: 8
Solving node: 6:1
x: 6
y: 1
Solving node: 72+56
x: 72
y: 56
Solving node: 128-6
x: 128
y: 6
Solving node: 122+2
x: 122
y: 2
Solving node: 9*8
x: 9
y: 8
Solving node: 7*8
x: 7
y: 8
Solving node: 6:1
x: 6
y: 1
Solving node: 72+56
x: 72
y: 56
Solving node: 128-6
x: 128
y: 6
Solving node: 9*8
x: 9
y: 8
Solving node: 7*8
x: 7
y: 8
Solving node: 6:1
x: 6
y: 1
Solving node: 72+56
x: 72
y: 56
Solving node: 128-6
x: 128
y: 6
Solving node: 122+2
x: 122
y: 2
Difference: 124
Using default bounds (multiplication)
Calculating: 9*8+7*8-6:1+2*8
Solving node: 9*8
x: 9
y: 8
Solving node: 7*8
x: 7
y: 8
Solving node: 6:1
x: 6
y: 1
Solving node: 2*8
x: 2
y: 8
Solving node: 72+56
x: 72
y: 56
Solving node: 128-6
x: 128
y: 6
Solving node: 122+16
x: 122
y: 16
Solving node: 9*8
x: 9
y: 8
Solving node: 7*8
x: 7
y: 8
Solving node: 6:1
x: 6
y: 1
Solving node: 2*8
x: 2
y: 8
Solving node: 72+56
x: 72
y: 56
Solving node: 128-6
x: 128
y: 6
Solving node: 9*8
x: 9
y: 8
Solving node: 7*8
x: 7
y: 8
Solving node: 6:1
x: 6
y: 1
Solving node: 2*8
x: 2
y: 8
Solving node: 72+56
x: 72
y: 56
Solving node: 128-6
x: 128
y: 6
Solving node: 122+16
x: 122
y: 16
Difference: 138
Calculating: 9*8+7*8-6:1+2*8+3
Solving node: 9*8
x: 9
y: 8
Solving node: 7*8
x: 7
y: 8
Solving node: 6:1
x: 6
y: 1
Solving node: 2*8
x: 2
y: 8
Solving node: 72+56
x: 72
y: 56
Solving node: 128-6
x: 128
y: 6
Solving node: 122+16
x: 122
y: 16
Solving node: 138+3
x: 138
y: 3
Solving node: 9*8
x: 9
y: 8
Solving node: 7*8
x: 7
y: 8
Solving node: 6:1
x: 6
y: 1
Solving node: 2*8
x: 2
y: 8
Solving node: 72+56
x: 72
y: 56
Solving node: 128-6
x: 128
y: 6
Solving node: 9*8
x: 9
y: 8
Solving node: 7*8
x: 7
y: 8
Solving node: 6:1
x: 6
y: 1
Solving node: 2*8
x: 2
y: 8
Solving node: 72+56
x: 72
y: 56
Solving node: 128-6
x: 128
y: 6
Solving node: 122+16
x: 122
y: 16
Solving node: 138+3
x: 138
y: 3
Difference: 141
Last: 3; Last sum: 3
Calculating: 9*8+7*8-6:1+2*8+3-2
Solving node: 9*8
x: 9
y: 8
Solving node: 7*8
x: 7
y: 8
Solving node: 6:1
x: 6
y: 1
Solving node: 2*8
x: 2
y: 8
Solving node: 72+56
x: 72
y: 56
Solving node: 128-6
x: 128
y: 6
Solving node: 122+16
x: 122
y: 16
Solving node: 138+3
x: 138
y: 3
Solving node: 141-2
x: 141
y: 2
Solving node: 9*8
x: 9
y: 8
Solving node: 7*8
x: 7
y: 8
Solving node: 6:1
x: 6
y: 1
Solving node: 2*8
x: 2
y: 8
Solving node: 72+56
x: 72
y: 56
Solving node: 128-6
x: 128
y: 6
Solving node: 122+16
x: 122
y: 16
Solving node: 138+3
x: 138
y: 3
Solving node: 141-2
x: 141
y: 2
Solving node: 9*8
x: 9
y: 8
Solving node: 7*8
x: 7
y: 8
Solving node: 6:1
x: 6
y: 1
Solving node: 2*8
x: 2
y: 8
Solving node: 72+56
x: 72
y: 56
Solving node: 128-6
x: 128
y: 6
Solving node: 122+16
x: 122
y: 16
Solving node: 138+3
x: 138
y: 3
Difference: 141-2
Calculating: 9*8+7*8-6:1+2*8+3-2+9
Solving node: 9*8
x: 9
y: 8
Solving node: 7*8
x: 7
y: 8
Solving node: 6:1
x: 6
y: 1
Solving node: 2*8
x: 2
y: 8
Solving node: 72+56
x: 72
y: 56
Solving node: 128-6
x: 128
y: 6
Solving node: 122+16
x: 122
y: 16
Solving node: 138+3
x: 138
y: 3
Solving node: 141-2
x: 141
y: 2
Solving node: 139+9
x: 139
y: 9
Solving node: 9*8
x: 9
y: 8
Solving node: 7*8
x: 7
y: 8
Solving node: 6:1
x: 6
y: 1
Solving node: 2*8
x: 2
y: 8
Solving node: 72+56
x: 72
y: 56
Solving node: 128-6
x: 128
y: 6
Solving node: 122+16
x: 122
y: 16
Solving node: 138+3
x: 138
y: 3
Solving node: 141-2
x: 141
y: 2
Solving node: 9*8
x: 9
y: 8
Solving node: 7*8
x: 7
y: 8
Solving node: 6:1
x: 6
y: 1
Solving node: 2*8
x: 2
y: 8
Solving node: 72+56
x: 72
y: 56
Solving node: 128-6
x: 128
y: 6
Solving node: 122+16
x: 122
y: 16
Solving node: 138+3
x: 138
y: 3
Solving node: 141-2
x: 141
y: 2
Solving node: 139+9
x: 139
y: 9
Difference: 148
Last: 9; Last sum: 9
Calculating: 9*8+7*8-6:1+2*8+3-2+9-4
Solving node: 9*8
x: 9
y: 8
Solving node: 7*8
x: 7
y: 8
Solving node: 6:1
x: 6
y: 1
Solving node: 2*8
x: 2
y: 8
Solving node: 72+56
x: 72
y: 56
Solving node: 128-6
x: 128
y: 6
Solving node: 122+16
x: 122
y: 16
Solving node: 138+3
x: 138
y: 3
Solving node: 141-2
x: 141
y: 2
Solving node: 139+9
x: 139
y: 9
Solving node: 148-4
x: 148
y: 4
Solving node: 9*8
x: 9
y: 8
Solving node: 7*8
x: 7
y: 8
Solving node: 6:1
x: 6
y: 1
Solving node: 2*8
x: 2
y: 8
Solving node: 72+56
x: 72
y: 56
Solving node: 128-6
x: 128
y: 6
Solving node: 122+16
x: 122
y: 16
Solving node: 138+3
x: 138
y: 3
Solving node: 141-2
x: 141
y: 2
Solving node: 139+9
x: 139
y: 9
Solving node: 148-4
x: 148
y: 4
Solving node: 9*8
x: 9
y: 8
Solving node: 7*8
x: 7
y: 8
Solving node: 6:1
x: 6
y: 1
Solving node: 2*8
x: 2
y: 8
Solving node: 72+56
x: 72
y: 56
Solving node: 128-6
x: 128
y: 6
Solving node: 122+16
x: 122
y: 16
Solving node: 138+3
x: 138
y: 3
Solving node: 141-2
x: 141
y: 2
Solving node: 139+9
x: 139
y: 9
Difference: 148-4
Calculating bounds (multiplication)
Previous index: -1 | Last operator index: 3
Upper bound: 4
Calculating: 9*8+7*8-6:1+2*8+3-2+9-4*2
Solving node: 9*8
x: 9
y: 8
Solving node: 7*8
x: 7
y: 8
Solving node: 6:1
x: 6
y: 1
Solving node: 2*8
x: 2
y: 8
Solving node: 4*2
x: 4
y: 2
Solving node: 72+56
x: 72
y: 56
Solving node: 128-6
x: 128
y: 6
Solving node: 122+16
x: 122
y: 16
Solving node: 138+3
x: 138
y: 3
Solving node: 141-2
x: 141
y: 2
Solving node: 139+9
x: 139
y: 9
Solving node: 148-8
x: 148
y: 8
Solving node: 9*8
x: 9
y: 8
Solving node: 7*8
x: 7
y: 8
Solving node: 6:1
x: 6
y: 1
Solving node: 2*8
x: 2
y: 8
Solving node: 4*2
x: 4
y: 2
Solving node: 72+56
x: 72
y: 56
Solving node: 128-6
x: 128
y: 6
Solving node: 122+16
x: 122
y: 16
Solving node: 138+3
x: 138
y: 3
Solving node: 141-2
x: 141
y: 2
Solving node: 139+9
x: 139
y: 9
Solving node: 148-8
x: 148
y: 8
Solving node: 9*8
x: 9
y: 8
Solving node: 7*8
x: 7
y: 8
Solving node: 6:1
x: 6
y: 1
Solving node: 2*8
x: 2
y: 8
Solving node: 4*2
x: 4
y: 2
Solving node: 72+56
x: 72
y: 56
Solving node: 128-6
x: 128
y: 6
Solving node: 122+16
x: 122
y: 16
Solving node: 138+3
x: 138
y: 3
Solving node: 141-2
x: 141
y: 2
Solving node: 139+9
x: 139
y: 9
Difference: 148-8
Calculating: 9*8+7*8-6:1+2*8+3-2+9-4*2+7
Solving node: 9*8
x: 9
y: 8
Solving node: 7*8
x: 7
y: 8
Solving node: 6:1
x: 6
y: 1
Solving node: 2*8
x: 2
y: 8
Solving node: 4*2
x: 4
y: 2
Solving node: 72+56
x: 72
y: 56
Solving node: 128-6
x: 128
y: 6
Solving node: 122+16
x: 122
y: 16
Solving node: 138+3
x: 138
y: 3
Solving node: 141-2
x: 141
y: 2
Solving node: 139+9
x: 139
y: 9
Solving node: 148-8
x: 148
y: 8
Solving node: 140+7
x: 140
y: 7
Solving node: 9*8
x: 9
y: 8
Solving node: 7*8
x: 7
y: 8
Solving node: 6:1
x: 6
y: 1
Solving node: 2*8
x: 2
y: 8
Solving node: 4*2
x: 4
y: 2
Solving node: 72+56
x: 72
y: 56
Solving node: 128-6
x: 128
y: 6
Solving node: 122+16
x: 122
y: 16
Solving node: 138+3
x: 138
y: 3
Solving node: 141-2
x: 141
y: 2
Solving node: 139+9
x: 139
y: 9
Solving node: 148-8
x: 148
y: 8
Solving node: 9*8
x: 9
y: 8
Solving node: 7*8
x: 7
y: 8
Solving node: 6:1
x: 6
y: 1
Solving node: 2*8
x: 2
y: 8
Solving node: 4*2
x: 4
y: 2
Solving node: 72+56
x: 72
y: 56
Solving node: 128-6
x: 128
y: 6
Solving node: 122+16
x: 122
y: 16
Solving node: 138+3
x: 138
y: 3
Solving node: 141-2
x: 141
y: 2
Solving node: 139+9
x: 139
y: 9
Solving node: 148-8
x: 148
y: 8
Solving node: 140+7
x: 140
y: 7
Difference: 147
Last: 7; Last sum: 7
Calculating: 9*8+7*8-6:1+2*8+3-2+9-4*2+7-1
Solving node: 9*8
x: 9
y: 8
Solving node: 7*8
x: 7
y: 8
Solving node: 6:1
x: 6
y: 1
Solving node: 2*8
x: 2
y: 8
Solving node: 4*2
x: 4
y: 2
Solving node: 72+56
x: 72
y: 56
Solving node: 128-6
x: 128
y: 6
Solving node: 122+16
x: 122
y: 16
Solving node: 138+3
x: 138
y: 3
Solving node: 141-2
x: 141
y: 2
Solving node: 139+9
x: 139
y: 9
Solving node: 148-8
x: 148
y: 8
Solving node: 140+7
x: 140
y: 7
Solving node: 147-1
x: 147
y: 1
Solving node: 9*8
x: 9
y: 8
Solving node: 7*8
x: 7
y: 8
Solving node: 6:1
x: 6
y: 1
Solving node: 2*8
x: 2
y: 8
Solving node: 4*2
x: 4
y: 2
Solving node: 72+56
x: 72
y: 56
Solving node: 128-6
x: 128
y: 6
Solving node: 122+16
x: 122
y: 16
Solving node: 138+3
x: 138
y: 3
Solving node: 141-2
x: 141
y: 2
Solving node: 139+9
x: 139
y: 9
Solving node: 148-8
x: 148
y: 8
Solving node: 140+7
x: 140
y: 7
Solving node: 147-1
x: 147
y: 1
Solving node: 9*8
x: 9
y: 8
Solving node: 7*8
x: 7
y: 8
Solving node: 6:1
x: 6
y: 1
Solving node: 2*8
x: 2
y: 8
Solving node: 4*2
x: 4
y: 2
Solving node: 72+56
x: 72
y: 56
Solving node: 128-6
x: 128
y: 6
Solving node: 122+16
x: 122
y: 16
Solving node: 138+3
x: 138
y: 3
Solving node: 141-2
x: 141
y: 2
Solving node: 139+9
x: 139
y: 9
Solving node: 148-8
x: 148
y: 8
Solving node: 140+7
x: 140
y: 7
Difference: 147-1
Calculating: 9*8+7*8-6:1+2*8+3-2+9-4*2+7-1+8
Solving node: 9*8
x: 9
y: 8
Solving node: 7*8
x: 7
y: 8
Solving node: 6:1
x: 6
y: 1
Solving node: 2*8
x: 2
y: 8
Solving node: 4*2
x: 4
y: 2
Solving node: 72+56
x: 72
y: 56
Solving node: 128-6
x: 128
y: 6
Solving node: 122+16
x: 122
y: 16
Solving node: 138+3
x: 138
y: 3
Solving node: 141-2
x: 141
y: 2
Solving node: 139+9
x: 139
y: 9
Solving node: 148-8
x: 148
y: 8
Solving node: 140+7
x: 140
y: 7
Solving node: 147-1
x: 147
y: 1
Solving node: 146+8
x: 146
y: 8
Solving node: 9*8
x: 9
y: 8
Solving node: 7*8
x: 7
y: 8
Solving node: 6:1
x: 6
y: 1
Solving node: 2*8
x: 2
y: 8
Solving node: 4*2
x: 4
y: 2
Solving node: 72+56
x: 72
y: 56
Solving node: 128-6
x: 128
y: 6
Solving node: 122+16
x: 122
y: 16
Solving node: 138+3
x: 138
y: 3
Solving node: 141-2
x: 141
y: 2
Solving node: 139+9
x: 139
y: 9
Solving node: 148-8
x: 148
y: 8
Solving node: 140+7
x: 140
y: 7
Solving node: 147-1
x: 147
y: 1
Solving node: 9*8
x: 9
y: 8
Solving node: 7*8
x: 7
y: 8
Solving node: 6:1
x: 6
y: 1
Solving node: 2*8
x: 2
y: 8
Solving node: 4*2
x: 4
y: 2
Solving node: 72+56
x: 72
y: 56
Solving node: 128-6
x: 128
y: 6
Solving node: 122+16
x: 122
y: 16
Solving node: 138+3
x: 138
y: 3
Solving node: 141-2
x: 141
y: 2
Solving node: 139+9
x: 139
y: 9
Solving node: 148-8
x: 148
y: 8
Solving node: 140+7
x: 140
y: 7
Solving node: 147-1
x: 147
y: 1
Solving node: 146+8
x: 146
y: 8
Difference: 154
Last: 8; Last sum: 8
Calculating: 9*8+7*8-6:1+2*8+3-2+9-4*2+7-1+8-4
Solving node: 9*8
x: 9
y: 8
Solving node: 7*8
x: 7
y: 8
Solving node: 6:1
x: 6
y: 1
Solving node: 2*8
x: 2
y: 8
Solving node: 4*2
x: 4
y: 2
Solving node: 72+56
x: 72
y: 56
Solving node: 128-6
x: 128
y: 6
Solving node: 122+16
x: 122
y: 16
Solving node: 138+3
x: 138
y: 3
Solving node: 141-2
x: 141
y: 2
Solving node: 139+9
x: 139
y: 9
Solving node: 148-8
x: 148
y: 8
Solving node: 140+7
x: 140
y: 7
Solving node: 147-1
x: 147
y: 1
Solving node: 146+8
x: 146
y: 8
Solving node: 154-4
x: 154
y: 4
Originallösung: 9*8+7*8-6:1+2*8+3-2+9-4*2+7-1+8-4 = 150
[27/100] 9*8+7*8-6:1+2*8+3-2+9-4*2+7-1+8-4
Testing equation: 9*8+7*8-6:1+2*8+3-2+9-4*2+7-1+8-4
Checking node: 9*8
Solving node: 9*8
x: 9
y: 8
Checking node: 7*8
Solving node: 7*8
x: 7
y: 8
Checking node: 6:1
Solving node: 6:1
x: 6
y: 1
Checking node: 2*8
Solving node: 2*8
x: 2
y: 8
Checking node: 4*2
Solving node: 4*2
x: 4
y: 2
Checking node: 72+56
Solving node: 72+56
x: 72
y: 56
Checking node: 128-6
Solving node: 128-6
x: 128
y: 6
Checking node: 122+16
Solving node: 122+16
x: 122
y: 16
Checking node: 138+3
Solving node: 138+3
x: 138
y: 3
Checking node: 141-2
Solving node: 141-2
x: 141
y: 2
Checking node: 139+9
Solving node: 139+9
x: 139
y: 9
Checking node: 148-8
Solving node: 148-8
x: 148
y: 8
Checking node: 140+7
Solving node: 140+7
x: 140
y: 7
Checking node: 147-1
Solving node: 147-1
x: 147
y: 1
Checking node: 146+8
Solving node: 146+8
x: 146
y: 8
Checking node: 154-4
Solving node: 154-4
x: 154
y: 4
Checking node: 9*8
Checking node: 8+7
Checking node: 7*8
Checking node: 8-6
Checking node: 6:1
Checking node: 1+2
Checking node: 2*8
Checking node: 8+3
Checking node: 3-2
Checking node: 2+9
Checking node: 9-4
Checking node: 4*2
Checking node: 2+7
Checking node: 7-1
Checking node: 1+8
Checking node: 8-4
Difference: 1
Calculating: 1+6
Solving node: 1+6
x: 1
y: 6
Solving node: 1+6
x: 1
y: 6
Difference: 7
Last: 6; Last sum: 6
Calculating: 1+6-2
Solving node: 1+6
x: 1
y: 6
Solving node: 7-2
x: 7
y: 2
Solving node: 1+6
x: 1
y: 6
Solving node: 7-2
x: 7
y: 2
Solving node: 1+6
x: 1
y: 6
Difference: 7-2
Calculating: 1+6-2+7
Solving node: 1+6
x: 1
y: 6
Solving node: 7-2
x: 7
y: 2
Solving node: 5+7
x: 5
y: 7
Solving node: 1+6
x: 1
y: 6
Solving node: 7-2
x: 7
y: 2
Solving node: 1+6
x: 1
y: 6
Solving node: 7-2
x: 7
y: 2
Solving node: 5+7
x: 5
y: 7
Difference: 12
Using default bounds (multiplication)
Calculating: 1+6-2+7*6
Solving node: 7*6
x: 7
y: 6
Solving node: 1+6
x: 1
y: 6
Solving node: 7-2
x: 7
y: 2
Solving node: 5+42
x: 5
y: 42
Solving node: 7*6
x: 7
y: 6
Solving node: 1+6
x: 1
y: 6
Solving node: 7-2
x: 7
y: 2
Solving node: 7*6
x: 7
y: 6
Solving node: 1+6
x: 1
y: 6
Solving node: 7-2
x: 7
y: 2
Solving node: 5+42
x: 5
y: 42
Difference: 47
Calculating: 1+6-2+7*6:2
Solving node: 7*6
x: 7
y: 6
Solving node: 42:2
x: 42
y: 2
Solving node: 1+6
x: 1
y: 6
Solving node: 7-2
x: 7
y: 2
Solving node: 5+21
x: 5
y: 21
Solving node: 7*6
x: 7
y: 6
Solving node: 42:2
x: 42
y: 2
Solving node: 1+6
x: 1
y: 6
Solving node: 7-2
x: 7
y: 2
Solving node: 7*6
x: 7
y: 6
Solving node: 42:2
x: 42
y: 2
Solving node: 1+6
x: 1
y: 6
Solving node: 7-2
x: 7
y: 2
Solving node: 5+21
x: 5
y: 21
Difference: 26
Calculating: 1+6-2+7*6:2+5
Solving node: 7*6
x: 7
y: 6
Solving node: 42:2
x: 42
y: 2
Solving node: 1+6
x: 1
y: 6
Solving node: 7-2
x: 7
y: 2
Solving node: 5+21
x: 5
y: 21
Solving node: 26+5
x: 26
y: 5
Solving node: 7*6
x: 7
y: 6
Solving node: 42:2
x: 42
y: 2
Solving node: 1+6
x: 1
y: 6
Solving node: 7-2
x: 7
y: 2
Solving node: 7*6
x: 7
y: 6
Solving node: 42:2
x: 42
y: 2
Solving node: 1+6
x: 1
y: 6
Solving node: 7-2
x: 7
y: 2
Solving node: 5+21
x: 5
y: 21
Solving node: 26+5
x: 26
y: 5
Difference: 31
Last: 5; Last sum: 5
Calculating: 1+6-2+7*6:2+5-1
Solving node: 7*6
x: 7
y: 6
Solving node: 42:2
x: 42
y: 2
Solving node: 1+6
x: 1
y: 6
Solving node: 7-2
x: 7
y: 2
Solving node: 5+21
x: 5
y: 21
Solving node: 26+5
x: 26
y: 5
Solving node: 31-1
x: 31
y: 1
Solving node: 7*6
x: 7
y: 6
Solving node: 42:2
x: 42
y: 2
Solving node: 1+6
x: 1
y: 6
Solving node: 7-2
x: 7
y: 2
Solving node: 5+21
x: 5
y: 21
Solving node: 26+5
x: 26
y: 5
Solving node: 31-1
x: 31
y: 1
Solving node: 7*6
x: 7
y: 6
Solving node: 42:2
x: 42
y: 2
Solving node: 1+6
x: 1
y: 6
Solving node: 7-2
x: 7
y: 2
Solving node: 5+21
x: 5
y: 21
Solving node: 26+5
x: 26
y: 5
Difference: 31-1
Calculating: 1+6-2+7*6:2+5-1+3
Solving node: 7*6
x: 7
y: 6
Solving node: 42:2
x: 42
y: 2
Solving node: 1+6
x: 1
y: 6
Solving node: 7-2
x: 7
y: 2
Solving node: 5+21
x: 5
y: 21
Solving node: 26+5
x: 26
y: 5
Solving node: 31-1
x: 31
y: 1
Solving node: 30+3
x: 30
y: 3
Solving node: 7*6
x: 7
y: 6
Solving node: 42:2
x: 42
y: 2
Solving node: 1+6
x: 1
y: 6
Solving node: 7-2
x: 7
y: 2
Solving node: 5+21
x: 5
y: 21
Solving node: 26+5
x: 26
y: 5
Solving node: 31-1
x: 31
y: 1
Solving node: 7*6
x: 7
y: 6
Solving node: 42:2
x: 42
y: 2
Solving node: 1+6
x: 1
y: 6
Solving node: 7-2
x: 7
y: 2
Solving node: 5+21
x: 5
y: 21
Solving node: 26+5
x: 26
y: 5
Solving node: 31-1
x: 31
y: 1
Solving node: 30+3
x: 30
y: 3
Difference: 33
Last: 3; Last sum: 3
Calculating: 1+6-2+7*6:2+5-1+3-2
Solving node: 7*6
x: 7
y: 6
Solving node: 42:2
x: 42
y: 2
Solving node: 1+6
x: 1
y: 6
Solving node: 7-2
x: 7
y: 2
Solving node: 5+21
x: 5
y: 21
Solving node: 26+5
x: 26
y: 5
Solving node: 31-1
x: 31
y: 1
Solving node: 30+3
x: 30
y: 3
Solving node: 33-2
x: 33
y: 2
Solving node: 7*6
x: 7
y: 6
Solving node: 42:2
x: 42
y: 2
Solving node: 1+6
x: 1
y: 6
Solving node: 7-2
x: 7
y: 2
Solving node: 5+21
x: 5
y: 21
Solving node: 26+5
x: 26
y: 5
Solving node: 31-1
x: 31
y: 1
Solving node: 30+3
x: 30
y: 3
Solving node: 33-2
x: 33
y: 2
Solving node: 7*6
x: 7
y: 6
Solving node: 42:2
x: 42
y: 2
Solving node: 1+6
x: 1
y: 6
Solving node: 7-2
x: 7
y: 2
Solving node: 5+21
x: 5
y: 21
Solving node: 26+5
x: 26
y: 5
Solving node: 31-1
x: 31
y: 1
Solving node: 30+3
x: 30
y: 3
Difference: 33-2
Calculating: 1+6-2+7*6:2+5-1+3-2+1
Solving node: 7*6
x: 7
y: 6
Solving node: 42:2
x: 42
y: 2
Solving node: 1+6
x: 1
y: 6
Solving node: 7-2
x: 7
y: 2
Solving node: 5+21
x: 5
y: 21
Solving node: 26+5
x: 26
y: 5
Solving node: 31-1
x: 31
y: 1
Solving node: 30+3
x: 30
y: 3
Solving node: 33-2
x: 33
y: 2
Solving node: 31+1
x: 31
y: 1
Solving node: 7*6
x: 7
y: 6
Solving node: 42:2
x: 42
y: 2
Solving node: 1+6
x: 1
y: 6
Solving node: 7-2
x: 7
y: 2
Solving node: 5+21
x: 5
y: 21
Solving node: 26+5
x: 26
y: 5
Solving node: 31-1
x: 31
y: 1
Solving node: 30+3
x: 30
y: 3
Solving node: 33-2
x: 33
y: 2
Solving node: 7*6
x: 7
y: 6
Solving node: 42:2
x: 42
y: 2
Solving node: 1+6
x: 1
y: 6
Solving node: 7-2
x: 7
y: 2
Solving node: 5+21
x: 5
y: 21
Solving node: 26+5
x: 26
y: 5
Solving node: 31-1
x: 31
y: 1
Solving node: 30+3
x: 30
y: 3
Solving node: 33-2
x: 33
y: 2
Solving node: 31+1
x: 31
y: 1
Difference: 32
Using default bounds (multiplication)
Calculating: 1+6-2+7*6:2+5-1+3-2+1*8
Solving node: 7*6
x: 7
y: 6
Solving node: 42:2
x: 42
y: 2
Solving node: 1*8
x: 1
y: 8
Solving node: 1+6
x: 1
y: 6
Solving node: 7-2
x: 7
y: 2
Solving node: 5+21
x: 5
y: 21
Solving node: 26+5
x: 26
y: 5
Solving node: 31-1
x: 31
y: 1
Solving node: 30+3
x: 30
y: 3
Solving node: 33-2
x: 33
y: 2
Solving node: 31+8
x: 31
y: 8
Solving node: 7*6
x: 7
y: 6
Solving node: 42:2
x: 42
y: 2
Solving node: 1*8
x: 1
y: 8
Solving node: 1+6
x: 1
y: 6
Solving node: 7-2
x: 7
y: 2
Solving node: 5+21
x: 5
y: 21
Solving node: 26+5
x: 26
y: 5
Solving node: 31-1
x: 31
y: 1
Solving node: 30+3
x: 30
y: 3
Solving node: 33-2
x: 33
y: 2
Solving node: 7*6
x: 7
y: 6
Solving node: 42:2
x: 42
y: 2
Solving node: 1*8
x: 1
y: 8
Solving node: 1+6
x: 1
y: 6
Solving node: 7-2
x: 7
y: 2
Solving node: 5+21
x: 5
y: 21
Solving node: 26+5
x: 26
y: 5
Solving node: 31-1
x: 31
y: 1
Solving node: 30+3
x: 30
y: 3
Solving node: 33-2
x: 33
y: 2
Solving node: 31+8
x: 31
y: 8
Difference: 39
Last: 8; Last sum: 8
Calculating: 1+6-2+7*6:2+5-1+3-2+1*8-7
Solving node: 7*6
x: 7
y: 6
Solving node: 42:2
x: 42
y: 2
Solving node: 1*8
x: 1
y: 8
Solving node: 1+6
x: 1
y: 6
Solving node: 7-2
x: 7
y: 2
Solving node: 5+21
x: 5
y: 21
Solving node: 26+5
x: 26
y: 5
Solving node: 31-1
x: 31
y: 1
Solving node: 30+3
x: 30
y: 3
Solving node: 33-2
x: 33
y: 2
Solving node: 31+8
x: 31
y: 8
Solving node: 39-7
x: 39
y: 7
Solving node: 7*6
x: 7
y: 6
Solving node: 42:2
x: 42
y: 2
Solving node: 1*8
x: 1
y: 8
Solving node: 1+6
x: 1
y: 6
Solving node: 7-2
x: 7
y: 2
Solving node: 5+21
x: 5
y: 21
Solving node: 26+5
x: 26
y: 5
Solving node: 31-1
x: 31
y: 1
Solving node: 30+3
x: 30
y: 3
Solving node: 33-2
x: 33
y: 2
Solving node: 31+8
x: 31
y: 8
Solving node: 39-7
x: 39
y: 7
Solving node: 7*6
x: 7
y: 6
Solving node: 42:2
x: 42
y: 2
Solving node: 1*8
x: 1
y: 8
Solving node: 1+6
x: 1
y: 6
Solving node: 7-2
x: 7
y: 2
Solving node: 5+21
x: 5
y: 21
Solving node: 26+5
x: 26
y: 5
Solving node: 31-1
x: 31
y: 1
Solving node: 30+3
x: 30
y: 3
Solving node: 33-2
x: 33
y: 2
Solving node: 31+8
x: 31
y: 8
Difference: 39-7
Calculating bounds (multiplication)
Previous index: -1 | Last operator index: 2
Upper bound: 4
Calculating: 1+6-2+7*6:2+5-1+3-2+1*8-7*2
Solving node: 7*6
x: 7
y: 6
Solving node: 42:2
x: 42
y: 2
Solving node: 1*8
x: 1
y: 8
Solving node: 7*2
x: 7
y: 2
Solving node: 1+6
x: 1
y: 6
Solving node: 7-2
x: 7
y: 2
Solving node: 5+21
x: 5
y: 21
Solving node: 26+5
x: 26
y: 5
Solving node: 31-1
x: 31
y: 1
Solving node: 30+3
x: 30
y: 3
Solving node: 33-2
x: 33
y: 2
Solving node: 31+8
x: 31
y: 8
Solving node: 39-14
x: 39
y: 14
Solving node: 7*6
x: 7
y: 6
Solving node: 42:2
x: 42
y: 2
Solving node: 1*8
x: 1
y: 8
Solving node: 7*2
x: 7
y: 2
Solving node: 1+6
x: 1
y: 6
Solving node: 7-2
x: 7
y: 2
Solving node: 5+21
x: 5
y: 21
Solving node: 26+5
x: 26
y: 5
Solving node: 31-1
x: 31
y: 1
Solving node: 30+3
x: 30
y: 3
Solving node: 33-2
x: 33
y: 2
Solving node: 31+8
x: 31
y: 8
Solving node: 39-14
x: 39
y: 14
Solving node: 7*6
x: 7
y: 6
Solving node: 42:2
x: 42
y: 2
Solving node: 1*8
x: 1
y: 8
Solving node: 7*2
x: 7
y: 2
Solving node: 1+6
x: 1
y: 6
Solving node: 7-2
x: 7
y: 2
Solving node: 5+21
x: 5
y: 21
Solving node: 26+5
x: 26
y: 5
Solving node: 31-1
x: 31
y: 1
Solving node: 30+3
x: 30
y: 3
Solving node: 33-2
x: 33
y: 2
Solving node: 31+8
x: 31
y: 8
Difference: 39-14
Calculating: 1+6-2+7*6:2+5-1+3-2+1*8-7*2+8
Solving node: 7*6
x: 7
y: 6
Solving node: 42:2
x: 42
y: 2
Solving node: 1*8
x: 1
y: 8
Solving node: 7*2
x: 7
y: 2
Solving node: 1+6
x: 1
y: 6
Solving node: 7-2
x: 7
y: 2
Solving node: 5+21
x: 5
y: 21
Solving node: 26+5
x: 26
y: 5
Solving node: 31-1
x: 31
y: 1
Solving node: 30+3
x: 30
y: 3
Solving node: 33-2
x: 33
y: 2
Solving node: 31+8
x: 31
y: 8
Solving node: 39-14
x: 39
y: 14
Solving node: 25+8
x: 25
y: 8
Solving node: 7*6
x: 7
y: 6
Solving node: 42:2
x: 42
y: 2
Solving node: 1*8
x: 1
y: 8
Solving node: 7*2
x: 7
y: 2
Solving node: 1+6
x: 1
y: 6
Solving node: 7-2
x: 7
y: 2
Solving node: 5+21
x: 5
y: 21
Solving node: 26+5
x: 26
y: 5
Solving node: 31-1
x: 31
y: 1
Solving node: 30+3
x: 30
y: 3
Solving node: 33-2
x: 33
y: 2
Solving node: 31+8
x: 31
y: 8
Solving node: 39-14
x: 39
y: 14
Solving node: 7*6
x: 7
y: 6
Solving node: 42:2
x: 42
y: 2
Solving node: 1*8
x: 1
y: 8
Solving node: 7*2
x: 7
y: 2
Solving node: 1+6
x: 1
y: 6
Solving node: 7-2
x: 7
y: 2
Solving node: 5+21
x: 5
y: 21
Solving node: 26+5
x: 26
y: 5
Solving node: 31-1
x: 31
y: 1
Solving node: 30+3
x: 30
y: 3
Solving node: 33-2
x: 33
y: 2
Solving node: 31+8
x: 31
y: 8
Solving node: 39-14
x: 39
y: 14
Solving node: 25+8
x: 25
y: 8
Difference: 33
Calculating: 1+6-2+7*6:2+5-1+3-2+1*8-7*2+8:2
Solving node: 7*6
x: 7
y: 6
Solving node: 42:2
x: 42
y: 2
Solving node: 1*8
x: 1
y: 8
Solving node: 7*2
x: 7
y: 2
Solving node: 8:2
x: 8
y: 2
Solving node: 1+6
x: 1
y: 6
Solving node: 7-2
x: 7
y: 2
Solving node: 5+21
x: 5
y: 21
Solving node: 26+5
x: 26
y: 5
Solving node: 31-1
x: 31
y: 1
Solving node: 30+3
x: 30
y: 3
Solving node: 33-2
x: 33
y: 2
Solving node: 31+8
x: 31
y: 8
Solving node: 39-14
x: 39
y: 14
Solving node: 25+4
x: 25
y: 4
Solving node: 7*6
x: 7
y: 6
Solving node: 42:2
x: 42
y: 2
Solving node: 1*8
x: 1
y: 8
Solving node: 7*2
x: 7
y: 2
Solving node: 8:2
x: 8
y: 2
Solving node: 1+6
x: 1
y: 6
Solving node: 7-2
x: 7
y: 2
Solving node: 5+21
x: 5
y: 21
Solving node: 26+5
x: 26
y: 5
Solving node: 31-1
x: 31
y: 1
Solving node: 30+3
x: 30
y: 3
Solving node: 33-2
x: 33
y: 2
Solving node: 31+8
x: 31
y: 8
Solving node: 39-14
x: 39
y: 14
Solving node: 7*6
x: 7
y: 6
Solving node: 42:2
x: 42
y: 2
Solving node: 1*8
x: 1
y: 8
Solving node: 7*2
x: 7
y: 2
Solving node: 8:2
x: 8
y: 2
Solving node: 1+6
x: 1
y: 6
Solving node: 7-2
x: 7
y: 2
Solving node: 5+21
x: 5
y: 21
Solving node: 26+5
x: 26
y: 5
Solving node: 31-1
x: 31
y: 1
Solving node: 30+3
x: 30
y: 3
Solving node: 33-2
x: 33
y: 2
Solving node: 31+8
x: 31
y: 8
Solving node: 39-14
x: 39
y: 14
Solving node: 25+4
x: 25
y: 4
Difference: 29
Calculating: 1+6-2+7*6:2+5-1+3-2+1*8-7*2+8:2+1
Solving node: 7*6
x: 7
y: 6
Solving node: 42:2
x: 42
y: 2
Solving node: 1*8
x: 1
y: 8
Solving node: 7*2
x: 7
y: 2
Solving node: 8:2
x: 8
y: 2
Solving node: 1+6
x: 1
y: 6
Solving node: 7-2
x: 7
y: 2
Solving node: 5+21
x: 5
y: 21
Solving node: 26+5
x: 26
y: 5
Solving node: 31-1
x: 31
y: 1
Solving node: 30+3
x: 30
y: 3
Solving node: 33-2
x: 33
y: 2
Solving node: 31+8
x: 31
y: 8
Solving node: 39-14
x: 39
y: 14
Solving node: 25+4
x: 25
y: 4
Solving node: 29+1
x: 29
y: 1
Originallösung: 1+6-2+7*6:2+5-1+3-2+1*8-7*2+8:2+1 = 30
[28/100] 1+6-2+7*6:2+5-1+3-2+1*8-7*2+8:2+1
Testing equation: 1+6-2+7*6:2+5-1+3-2+1*8-7*2+8:2+1
Checking node: 7*6
Solving node: 7*6
x: 7
y: 6
Checking node: 42:2
Solving node: 42:2
x: 42
y: 2
Checking node: 1*8
Solving node: 1*8
x: 1
y: 8
Checking node: 7*2
Solving node: 7*2
x: 7
y: 2
Checking node: 8:2
Solving node: 8:2
x: 8
y: 2
Checking node: 1+6
Solving node: 1+6
x: 1
y: 6
Checking node: 7-2
Solving node: 7-2
x: 7
y: 2
Checking node: 5+21
Solving node: 5+21
x: 5
y: 21
Checking node: 26+5
Solving node: 26+5
x: 26
y: 5
Checking node: 31-1
Solving node: 31-1
x: 31
y: 1
Checking node: 30+3
Solving node: 30+3
x: 30
y: 3
Checking node: 33-2
Solving node: 33-2
x: 33
y: 2
Checking node: 31+8
Solving node: 31+8
x: 31
y: 8
Checking node: 39-14
Solving node: 39-14
x: 39
y: 14
Checking node: 25+4
Solving node: 25+4
x: 25
y: 4
Checking node: 29+1
Solving node: 29+1
x: 29
y: 1
Checking node: 1+6
Checking node: 6-2
Checking node: 2+7
Checking node: 7*6
Checking node: 6:2
Checking node: 2+5
Checking node: 5-1
Checking node: 1+3
Checking node: 3-2
Checking node: 2+1
Checking node: 1*8
Checking node: 8-7
Checking node: 7*2
Checking node: 2+8
Checking node: 8:2
Checking node: 2+1
Difference: 8
Using default bounds (multiplication)
Calculating: 8*8
Solving node: 8*8
x: 8
y: 8
Solving node: 8*8
x: 8
y: 8
Solving node: 8*8
x: 8
y: 8
Difference: 64
Calculating: 8*8:2
Solving node: 8*8
x: 8
y: 8
Solving node: 64:2
x: 64
y: 2
Solving node: 8*8
x: 8
y: 8
Solving node: 64:2
x: 64
y: 2
Solving node: 8*8
x: 8
y: 8
Solving node: 64:2
x: 64
y: 2
Difference: 32
Calculating: 8*8:2+4
Solving node: 8*8
x: 8
y: 8
Solving node: 64:2
x: 64
y: 2
Solving node: 32+4
x: 32
y: 4
Solving node: 8*8
x: 8
y: 8
Solving node: 64:2
x: 64
y: 2
Solving node: 8*8
x: 8
y: 8
Solving node: 64:2
x: 64
y: 2
Solving node: 32+4
x: 32
y: 4
Difference: 36
Using default bounds (multiplication)
Calculating: 8*8:2+4*4
Solving node: 8*8
x: 8
y: 8
Solving node: 64:2
x: 64
y: 2
Solving node: 4*4
x: 4
y: 4
Solving node: 32+16
x: 32
y: 16
Solving node: 8*8
x: 8
y: 8
Solving node: 64:2
x: 64
y: 2
Solving node: 4*4
x: 4
y: 4
Solving node: 8*8
x: 8
y: 8
Solving node: 64:2
x: 64
y: 2
Solving node: 4*4
x: 4
y: 4
Solving node: 32+16
x: 32
y: 16
Difference: 48
Calculating: 8*8:2+4*4+2
Solving node: 8*8
x: 8
y: 8
Solving node: 64:2
x: 64
y: 2
Solving node: 4*4
x: 4
y: 4
Solving node: 32+16
x: 32
y: 16
Solving node: 48+2
x: 48
y: 2
Solving node: 8*8
x: 8
y: 8
Solving node: 64:2
x: 64
y: 2
Solving node: 4*4
x: 4
y: 4
Solving node: 8*8
x: 8
y: 8
Solving node: 64:2
x: 64
y: 2
Solving node: 4*4
x: 4
y: 4
Solving node: 32+16
x: 32
y: 16
Solving node: 48+2
x: 48
y: 2
Difference: 50
Using default bounds (multiplication)
Calculating: 8*8:2+4*4+2*2
Solving node: 8*8
x: 8
y: 8
Solving node: 64:2
x: 64
y: 2
Solving node: 4*4
x: 4
y: 4
Solving node: 2*2
x: 2
y: 2
Solving node: 32+16
x: 32
y: 16
Solving node: 48+4
x: 48
y: 4
Solving node: 8*8
x: 8
y: 8
Solving node: 64:2
x: 64
y: 2
Solving node: 4*4
x: 4
y: 4
Solving node: 2*2
x: 2
y: 2
Solving node: 8*8
x: 8
y: 8
Solving node: 64:2
x: 64
y: 2
Solving node: 4*4
x: 4
y: 4
Solving node: 2*2
x: 2
y: 2
Solving node: 32+16
x: 32
y: 16
Solving node: 48+4
x: 48
y: 4
Difference: 52
Calculating: 8*8:2+4*4+2*2+6
Solving node: 8*8
x: 8
y: 8
Solving node: 64:2
x: 64
y: 2
Solving node: 4*4
x: 4
y: 4
Solving node: 2*2
x: 2
y: 2
Solving node: 32+16
x: 32
y: 16
Solving node: 48+4
x: 48
y: 4
Solving node: 52+6
x: 52
y: 6
Solving node: 8*8
x: 8
y: 8
Solving node: 64:2
x: 64
y: 2
Solving node: 4*4
x: 4
y: 4
Solving node: 2*2
x: 2
y: 2
Solving node: 8*8
x: 8
y: 8
Solving node: 64:2
x: 64
y: 2
Solving node: 4*4
x: 4
y: 4
Solving node: 2*2
x: 2
y: 2
Solving node: 32+16
x: 32
y: 16
Solving node: 48+4
x: 48
y: 4
Solving node: 52+6
x: 52
y: 6
Difference: 58
Last: 6; Last sum: 6
Calculating: 8*8:2+4*4+2*2+6-4
Solving node: 8*8
x: 8
y: 8
Solving node: 64:2
x: 64
y: 2
Solving node: 4*4
x: 4
y: 4
Solving node: 2*2
x: 2
y: 2
Solving node: 32+16
x: 32
y: 16
Solving node: 48+4
x: 48
y: 4
Solving node: 52+6
x: 52
y: 6
Solving node: 58-4
x: 58
y: 4
Solving node: 8*8
x: 8
y: 8
Solving node: 64:2
x: 64
y: 2
Solving node: 4*4
x: 4
y: 4
Solving node: 2*2
x: 2
y: 2
Solving node: 32+16
x: 32
y: 16
Solving node: 48+4
x: 48
y: 4
Solving node: 52+6
x: 52
y: 6
Solving node: 58-4
x: 58
y: 4
Solving node: 8*8
x: 8
y: 8
Solving node: 64:2
x: 64
y: 2
Solving node: 4*4
x: 4
y: 4
Solving node: 2*2
x: 2
y: 2
Solving node: 32+16
x: 32
y: 16
Solving node: 48+4
x: 48
y: 4
Solving node: 52+6
x: 52
y: 6
Difference: 58-4
Calculating bounds (multiplication)
Previous index: -1 | Last operator index: 2
Upper bound: 4
Calculating: 8*8:2+4*4+2*2+6-4*3
Solving node: 8*8
x: 8
y: 8
Solving node: 64:2
x: 64
y: 2
Solving node: 4*4
x: 4
y: 4
Solving node: 2*2
x: 2
y: 2
Solving node: 4*3
x: 4
y: 3
Solving node: 32+16
x: 32
y: 16
Solving node: 48+4
x: 48
y: 4
Solving node: 52+6
x: 52
y: 6
Solving node: 58-12
x: 58
y: 12
Solving node: 8*8
x: 8
y: 8
Solving node: 64:2
x: 64
y: 2
Solving node: 4*4
x: 4
y: 4
Solving node: 2*2
x: 2
y: 2
Solving node: 4*3
x: 4
y: 3
Solving node: 32+16
x: 32
y: 16
Solving node: 48+4
x: 48
y: 4
Solving node: 52+6
x: 52
y: 6
Solving node: 58-12
x: 58
y: 12
Solving node: 8*8
x: 8
y: 8
Solving node: 64:2
x: 64
y: 2
Solving node: 4*4
x: 4
y: 4
Solving node: 2*2
x: 2
y: 2
Solving node: 4*3
x: 4
y: 3
Solving node: 32+16
x: 32
y: 16
Solving node: 48+4
x: 48
y: 4
Solving node: 52+6
x: 52
y: 6
Difference: 58-12
Calculating: 8*8:2+4*4+2*2+6-4*3+4
Solving node: 8*8
x: 8
y: 8
Solving node: 64:2
x: 64
y: 2
Solving node: 4*4
x: 4
y: 4
Solving node: 2*2
x: 2
y: 2
Solving node: 4*3
x: 4
y: 3
Solving node: 32+16
x: 32
y: 16
Solving node: 48+4
x: 48
y: 4
Solving node: 52+6
x: 52
y: 6
Solving node: 58-12
x: 58
y: 12
Solving node: 46+4
x: 46
y: 4
Solving node: 8*8
x: 8
y: 8
Solving node: 64:2
x: 64
y: 2
Solving node: 4*4
x: 4
y: 4
Solving node: 2*2
x: 2
y: 2
Solving node: 4*3
x: 4
y: 3
Solving node: 32+16
x: 32
y: 16
Solving node: 48+4
x: 48
y: 4
Solving node: 52+6
x: 52
y: 6
Solving node: 58-12
x: 58
y: 12
Solving node: 8*8
x: 8
y: 8
Solving node: 64:2
x: 64
y: 2
Solving node: 4*4
x: 4
y: 4
Solving node: 2*2
x: 2
y: 2
Solving node: 4*3
x: 4
y: 3
Solving node: 32+16
x: 32
y: 16
Solving node: 48+4
x: 48
y: 4
Solving node: 52+6
x: 52
y: 6
Solving node: 58-12
x: 58
y: 12
Solving node: 46+4
x: 46
y: 4
Difference: 50
Last: 4; Last sum: 4
Calculating: 8*8:2+4*4+2*2+6-4*3+4-2
Solving node: 8*8
x: 8
y: 8
Solving node: 64:2
x: 64
y: 2
Solving node: 4*4
x: 4
y: 4
Solving node: 2*2
x: 2
y: 2
Solving node: 4*3
x: 4
y: 3
Solving node: 32+16
x: 32
y: 16
Solving node: 48+4
x: 48
y: 4
Solving node: 52+6
x: 52
y: 6
Solving node: 58-12
x: 58
y: 12
Solving node: 46+4
x: 46
y: 4
Solving node: 50-2
x: 50
y: 2
Solving node: 8*8
x: 8
y: 8
Solving node: 64:2
x: 64
y: 2
Solving node: 4*4
x: 4
y: 4
Solving node: 2*2
x: 2
y: 2
Solving node: 4*3
x: 4
y: 3
Solving node: 32+16
x: 32
y: 16
Solving node: 48+4
x: 48
y: 4
Solving node: 52+6
x: 52
y: 6
Solving node: 58-12
x: 58
y: 12
Solving node: 46+4
x: 46
y: 4
Solving node: 50-2
x: 50
y: 2
Solving node: 8*8
x: 8
y: 8
Solving node: 64:2
x: 64
y: 2
Solving node: 4*4
x: 4
y: 4
Solving node: 2*2
x: 2
y: 2
Solving node: 4*3
x: 4
y: 3
Solving node: 32+16
x: 32
y: 16
Solving node: 48+4
x: 48
y: 4
Solving node: 52+6
x: 52
y: 6
Solving node: 58-12
x: 58
y: 12
Solving node: 46+4
x: 46
y: 4
Difference: 50-2
Calculating: 8*8:2+4*4+2*2+6-4*3+4-2+6
Solving node: 8*8
x: 8
y: 8
Solving node: 64:2
x: 64
y: 2
Solving node: 4*4
x: 4
y: 4
Solving node: 2*2
x: 2
y: 2
Solving node: 4*3
x: 4
y: 3
Solving node: 32+16
x: 32
y: 16
Solving node: 48+4
x: 48
y: 4
Solving node: 52+6
x: 52
y: 6
Solving node: 58-12
x: 58
y: 12
Solving node: 46+4
x: 46
y: 4
Solving node: 50-2
x: 50
y: 2
Solving node: 48+6
x: 48
y: 6
Solving node: 8*8
x: 8
y: 8
Solving node: 64:2
x: 64
y: 2
Solving node: 4*4
x: 4
y: 4
Solving node: 2*2
x: 2
y: 2
Solving node: 4*3
x: 4
y: 3
Solving node: 32+16
x: 32
y: 16
Solving node: 48+4
x: 48
y: 4
Solving node: 52+6
x: 52
y: 6
Solving node: 58-12
x: 58
y: 12
Solving node: 46+4
x: 46
y: 4
Solving node: 50-2
x: 50
y: 2
Solving node: 8*8
x: 8
y: 8
Solving node: 64:2
x: 64
y: 2
Solving node: 4*4
x: 4
y: 4
Solving node: 2*2
x: 2
y: 2
Solving node: 4*3
x: 4
y: 3
Solving node: 32+16
x: 32
y: 16
Solving node: 48+4
x: 48
y: 4
Solving node: 52+6
x: 52
y: 6
Solving node: 58-12
x: 58
y: 12
Solving node: 46+4
x: 46
y: 4
Solving node: 50-2
x: 50
y: 2
Solving node: 48+6
x: 48
y: 6
Difference: 54
Last: 6; Last sum: 6
Calculating: 8*8:2+4*4+2*2+6-4*3+4-2+6-3
Solving node: 8*8
x: 8
y: 8
Solving node: 64:2
x: 64
y: 2
Solving node: 4*4
x: 4
y: 4
Solving node: 2*2
x: 2
y: 2
Solving node: 4*3
x: 4
y: 3
Solving node: 32+16
x: 32
y: 16
Solving node: 48+4
x: 48
y: 4
Solving node: 52+6
x: 52
y: 6
Solving node: 58-12
x: 58
y: 12
Solving node: 46+4
x: 46
y: 4
Solving node: 50-2
x: 50
y: 2
Solving node: 48+6
x: 48
y: 6
Solving node: 54-3
x: 54
y: 3
Solving node: 8*8
x: 8
y: 8
Solving node: 64:2
x: 64
y: 2
Solving node: 4*4
x: 4
y: 4
Solving node: 2*2
x: 2
y: 2
Solving node: 4*3
x: 4
y: 3
Solving node: 32+16
x: 32
y: 16
Solving node: 48+4
x: 48
y: 4
Solving node: 52+6
x: 52
y: 6
Solving node: 58-12
x: 58
y: 12
Solving node: 46+4
x: 46
y: 4
Solving node: 50-2
x: 50
y: 2
Solving node: 48+6
x: 48
y: 6
Solving node: 54-3
x: 54
y: 3
Solving node: 8*8
x: 8
y: 8
Solving node: 64:2
x: 64
y: 2
Solving node: 4*4
x: 4
y: 4
Solving node: 2*2
x: 2
y: 2
Solving node: 4*3
x: 4
y: 3
Solving node: 32+16
x: 32
y: 16
Solving node: 48+4
x: 48
y: 4
Solving node: 52+6
x: 52
y: 6
Solving node: 58-12
x: 58
y: 12
Solving node: 46+4
x: 46
y: 4
Solving node: 50-2
x: 50
y: 2
Solving node: 48+6
x: 48
y: 6
Difference: 54-3
Calculating: 8*8:2+4*4+2*2+6-4*3+4-2+6-3+4
Solving node: 8*8
x: 8
y: 8
Solving node: 64:2
x: 64
y: 2
Solving node: 4*4
x: 4
y: 4
Solving node: 2*2
x: 2
y: 2
Solving node: 4*3
x: 4
y: 3
Solving node: 32+16
x: 32
y: 16
Solving node: 48+4
x: 48
y: 4
Solving node: 52+6
x: 52
y: 6
Solving node: 58-12
x: 58
y: 12
Solving node: 46+4
x: 46
y: 4
Solving node: 50-2
x: 50
y: 2
Solving node: 48+6
x: 48
y: 6
Solving node: 54-3
x: 54
y: 3
Solving node: 51+4
x: 51
y: 4
Solving node: 8*8
x: 8
y: 8
Solving node: 64:2
x: 64
y: 2
Solving node: 4*4
x: 4
y: 4
Solving node: 2*2
x: 2
y: 2
Solving node: 4*3
x: 4
y: 3
Solving node: 32+16
x: 32
y: 16
Solving node: 48+4
x: 48
y: 4
Solving node: 52+6
x: 52
y: 6
Solving node: 58-12
x: 58
y: 12
Solving node: 46+4
x: 46
y: 4
Solving node: 50-2
x: 50
y: 2
Solving node: 48+6
x: 48
y: 6
Solving node: 54-3
x: 54
y: 3
Solving node: 8*8
x: 8
y: 8
Solving node: 64:2
x: 64
y: 2
Solving node: 4*4
x: 4
y: 4
Solving node: 2*2
x: 2
y: 2
Solving node: 4*3
x: 4
y: 3
Solving node: 32+16
x: 32
y: 16
Solving node: 48+4
x: 48
y: 4
Solving node: 52+6
x: 52
y: 6
Solving node: 58-12
x: 58
y: 12
Solving node: 46+4
x: 46
y: 4
Solving node: 50-2
x: 50
y: 2
Solving node: 48+6
x: 48
y: 6
Solving node: 54-3
x: 54
y: 3
Solving node: 51+4
x: 51
y: 4
Difference: 55
Using default bounds (multiplication)
Calculating: 8*8:2+4*4+2*2+6-4*3+4-2+6-3+4*7
Solving node: 8*8
x: 8
y: 8
Solving node: 64:2
x: 64
y: 2
Solving node: 4*4
x: 4
y: 4
Solving node: 2*2
x: 2
y: 2
Solving node: 4*3
x: 4
y: 3
Solving node: 4*7
x: 4
y: 7
Solving node: 32+16
x: 32
y: 16
Solving node: 48+4
x: 48
y: 4
Solving node: 52+6
x: 52
y: 6
Solving node: 58-12
x: 58
y: 12
Solving node: 46+4
x: 46
y: 4
Solving node: 50-2
x: 50
y: 2
Solving node: 48+6
x: 48
y: 6
Solving node: 54-3
x: 54
y: 3
Solving node: 51+28
x: 51
y: 28
Solving node: 8*8
x: 8
y: 8
Solving node: 64:2
x: 64
y: 2
Solving node: 4*4
x: 4
y: 4
Solving node: 2*2
x: 2
y: 2
Solving node: 4*3
x: 4
y: 3
Solving node: 4*7
x: 4
y: 7
Solving node: 32+16
x: 32
y: 16
Solving node: 48+4
x: 48
y: 4
Solving node: 52+6
x: 52
y: 6
Solving node: 58-12
x: 58
y: 12
Solving node: 46+4
x: 46
y: 4
Solving node: 50-2
x: 50
y: 2
Solving node: 48+6
x: 48
y: 6
Solving node: 54-3
x: 54
y: 3
Solving node: 8*8
x: 8
y: 8
Solving node: 64:2
x: 64
y: 2
Solving node: 4*4
x: 4
y: 4
Solving node: 2*2
x: 2
y: 2
Solving node: 4*3
x: 4
y: 3
Solving node: 4*7
x: 4
y: 7
Solving node: 32+16
x: 32
y: 16
Solving node: 48+4
x: 48
y: 4
Solving node: 52+6
x: 52
y: 6
Solving node: 58-12
x: 58
y: 12
Solving node: 46+4
x: 46
y: 4
Solving node: 50-2
x: 50
y: 2
Solving node: 48+6
x: 48
y: 6
Solving node: 54-3
x: 54
y: 3
Solving node: 51+28
x: 51
y: 28
Difference: 79
Calculating: 8*8:2+4*4+2*2+6-4*3+4-2+6-3+4*7+7
Solving node: 8*8
x: 8
y: 8
Solving node: 64:2
x: 64
y: 2
Solving node: 4*4
x: 4
y: 4
Solving node: 2*2
x: 2
y: 2
Solving node: 4*3
x: 4
y: 3
Solving node: 4*7
x: 4
y: 7
Solving node: 32+16
x: 32
y: 16
Solving node: 48+4
x: 48
y: 4
Solving node: 52+6
x: 52
y: 6
Solving node: 58-12
x: 58
y: 12
Solving node: 46+4
x: 46
y: 4
Solving node: 50-2
x: 50
y: 2
Solving node: 48+6
x: 48
y: 6
Solving node: 54-3
x: 54
y: 3
Solving node: 51+28
x: 51
y: 28
Solving node: 79+7
x: 79
y: 7
Originallösung: 8*8:2+4*4+2*2+6-4*3+4-2+6-3+4*7+7 = 86
[29/100] 8*8:2+4*4+2*2+6-4*3+4-2+6-3+4*7+7
Testing equation: 8*8:2+4*4+2*2+6-4*3+4-2+6-3+4*7+7
Checking node: 8*8
Solving node: 8*8
x: 8
y: 8
Checking node: 64:2
Solving node: 64:2
x: 64
y: 2
Checking node: 4*4
Solving node: 4*4
x: 4
y: 4
Checking node: 2*2
Solving node: 2*2
x: 2
y: 2
Checking node: 4*3
Solving node: 4*3
x: 4
y: 3
Checking node: 4*7
Solving node: 4*7
x: 4
y: 7
Checking node: 32+16
Solving node: 32+16
x: 32
y: 16
Checking node: 48+4
Solving node: 48+4
x: 48
y: 4
Checking node: 52+6
Solving node: 52+6
x: 52
y: 6
Checking node: 58-12
Solving node: 58-12
x: 58
y: 12
Checking node: 46+4
Solving node: 46+4
x: 46
y: 4
Checking node: 50-2
Solving node: 50-2
x: 50
y: 2
Checking node: 48+6
Solving node: 48+6
x: 48
y: 6
Checking node: 54-3
Solving node: 54-3
x: 54
y: 3
Checking node: 51+28
Solving node: 51+28
x: 51
y: 28
Checking node: 79+7
Solving node: 79+7
x: 79
y: 7
Checking node: 8*8
Checking node: 8:2
Checking node: 2+4
Checking node: 4*4
Checking node: 4+2
Checking node: 2*2
Checking node: 2+6
Checking node: 6-4
Checking node: 4*3
Checking node: 3+4
Checking node: 4-2
Checking node: 2+6
Checking node: 6-3
Checking node: 3+4
Checking node: 4*7
Checking node: 7+7
Difference: 3
Calculating: 3+7
Solving node: 3+7
x: 3
y: 7
Solving node: 3+7
x: 3
y: 7
Difference: 10
Last: 7; Last sum: 7
Calculating: 3+7-6
Solving node: 3+7
x: 3
y: 7
Solving node: 10-6
x: 10
y: 6
Solving node: 3+7
x: 3
y: 7
Solving node: 10-6
x: 10
y: 6
Solving node: 3+7
x: 3
y: 7
Difference: 10-6
Calculating: 3+7-6+3
Solving node: 3+7
x: 3
y: 7
Solving node: 10-6
x: 10
y: 6
Solving node: 4+3
x: 4
y: 3
Solving node: 3+7
x: 3
y: 7
Solving node: 10-6
x: 10
y: 6
Solving node: 3+7
x: 3
y: 7
Solving node: 10-6
x: 10
y: 6
Solving node: 4+3
x: 4
y: 3
Difference: 7
Last: 3; Last sum: 3
Calculating: 3+7-6+3-1
Solving node: 3+7
x: 3
y: 7
Solving node: 10-6
x: 10
y: 6
Solving node: 4+3
x: 4
y: 3
Solving node: 7-1
x: 7
y: 1
Solving node: 3+7
x: 3
y: 7
Solving node: 10-6
x: 10
y: 6
Solving node: 4+3
x: 4
y: 3
Solving node: 7-1
x: 7
y: 1
Solving node: 3+7
x: 3
y: 7
Solving node: 10-6
x: 10
y: 6
Solving node: 4+3
x: 4
y: 3
Difference: 7-1
Calculating bounds (multiplication)
Upper bound: 1
Solving node: 3+7
x: 3
y: 7
Solving node: 10-6
x: 10
y: 6
Solving node: 4+3
x: 4
y: 3
Solving node: 7-1
x: 7
y: 1
Solving node: 3+7
x: 3
y: 7
Solving node: 10-6
x: 10
y: 6
Solving node: 4+3
x: 4
y: 3
Difference: 7-1
Calculating: 3+7-6+3-1+6
Solving node: 3+7
x: 3
y: 7
Solving node: 10-6
x: 10
y: 6
Solving node: 4+3
x: 4
y: 3
Solving node: 7-1
x: 7
y: 1
Solving node: 6+6
x: 6
y: 6
Solving node: 3+7
x: 3
y: 7
Solving node: 10-6
x: 10
y: 6
Solving node: 4+3
x: 4
y: 3
Solving node: 7-1
x: 7
y: 1
Solving node: 3+7
x: 3
y: 7
Solving node: 10-6
x: 10
y: 6
Solving node: 4+3
x: 4
y: 3
Solving node: 7-1
x: 7
y: 1
Solving node: 6+6
x: 6
y: 6
Difference: 12
Calculating: 3+7-6+3-1+6:1
Solving node: 6:1
x: 6
y: 1
Solving node: 3+7
x: 3
y: 7
Solving node: 10-6
x: 10
y: 6
Solving node: 4+3
x: 4
y: 3
Solving node: 7-1
x: 7
y: 1
Solving node: 6+6
x: 6
y: 6
Solving node: 6:1
x: 6
y: 1
Solving node: 3+7
x: 3
y: 7
Solving node: 10-6
x: 10
y: 6
Solving node: 4+3
x: 4
y: 3
Solving node: 7-1
x: 7
y: 1
Solving node: 6:1
x: 6
y: 1
Solving node: 3+7
x: 3
y: 7
Solving node: 10-6
x: 10
y: 6
Solving node: 4+3
x: 4
y: 3
Solving node: 7-1
x: 7
y: 1
Solving node: 6+6
x: 6
y: 6
Difference: 12
Using default bounds (multiplication)
Calculating: 3+7-6+3-1+6:1*6
Solving node: 6:1
x: 6
y: 1
Solving node: 6*6
x: 6
y: 6
Solving node: 3+7
x: 3
y: 7
Solving node: 10-6
x: 10
y: 6
Solving node: 4+3
x: 4
y: 3
Solving node: 7-1
x: 7
y: 1
Solving node: 6+36
x: 6
y: 36
Solving node: 6:1
x: 6
y: 1
Solving node: 6*6
x: 6
y: 6
Solving node: 3+7
x: 3
y: 7
Solving node: 10-6
x: 10
y: 6
Solving node: 4+3
x: 4
y: 3
Solving node: 7-1
x: 7
y: 1
Solving node: 6:1
x: 6
y: 1
Solving node: 6*6
x: 6
y: 6
Solving node: 3+7
x: 3
y: 7
Solving node: 10-6
x: 10
y: 6
Solving node: 4+3
x: 4
y: 3
Solving node: 7-1
x: 7
y: 1
Solving node: 6+36
x: 6
y: 36
Difference: 42
Calculating: 3+7-6+3-1+6:1*6+4
Solving node: 6:1
x: 6
y: 1
Solving node: 6*6
x: 6
y: 6
Solving node: 3+7
x: 3
y: 7
Solving node: 10-6
x: 10
y: 6
Solving node: 4+3
x: 4
y: 3
Solving node: 7-1
x: 7
y: 1
Solving node: 6+36
x: 6
y: 36
Solving node: 42+4
x: 42
y: 4
Solving node: 6:1
x: 6
y: 1
Solving node: 6*6
x: 6
y: 6
Solving node: 3+7
x: 3
y: 7
Solving node: 10-6
x: 10
y: 6
Solving node: 4+3
x: 4
y: 3
Solving node: 7-1
x: 7
y: 1
Solving node: 6:1
x: 6
y: 1
Solving node: 6*6
x: 6
y: 6
Solving node: 3+7
x: 3
y: 7
Solving node: 10-6
x: 10
y: 6
Solving node: 4+3
x: 4
y: 3
Solving node: 7-1
x: 7
y: 1
Solving node: 6+36
x: 6
y: 36
Solving node: 42+4
x: 42
y: 4
Difference: 46
Using default bounds (multiplication)
Calculating: 3+7-6+3-1+6:1*6+4*2
Solving node: 6:1
x: 6
y: 1
Solving node: 6*6
x: 6
y: 6
Solving node: 4*2
x: 4
y: 2
Solving node: 3+7
x: 3
y: 7
Solving node: 10-6
x: 10
y: 6
Solving node: 4+3
x: 4
y: 3
Solving node: 7-1
x: 7
y: 1
Solving node: 6+36
x: 6
y: 36
Solving node: 42+8
x: 42
y: 8
Solving node: 6:1
x: 6
y: 1
Solving node: 6*6
x: 6
y: 6
Solving node: 4*2
x: 4
y: 2
Solving node: 3+7
x: 3
y: 7
Solving node: 10-6
x: 10
y: 6
Solving node: 4+3
x: 4
y: 3
Solving node: 7-1
x: 7
y: 1
Solving node: 6:1
x: 6
y: 1
Solving node: 6*6
x: 6
y: 6
Solving node: 4*2
x: 4
y: 2
Solving node: 3+7
x: 3
y: 7
Solving node: 10-6
x: 10
y: 6
Solving node: 4+3
x: 4
y: 3
Solving node: 7-1
x: 7
y: 1
Solving node: 6+36
x: 6
y: 36
Solving node: 42+8
x: 42
y: 8
Difference: 50
Calculating: 3+7-6+3-1+6:1*6+4*2+6
Solving node: 6:1
x: 6
y: 1
Solving node: 6*6
x: 6
y: 6
Solving node: 4*2
x: 4
y: 2
Solving node: 3+7
x: 3
y: 7
Solving node: 10-6
x: 10
y: 6
Solving node: 4+3
x: 4
y: 3
Solving node: 7-1
x: 7
y: 1
Solving node: 6+36
x: 6
y: 36
Solving node: 42+8
x: 42
y: 8
Solving node: 50+6
x: 50
y: 6
Solving node: 6:1
x: 6
y: 1
Solving node: 6*6
x: 6
y: 6
Solving node: 4*2
x: 4
y: 2
Solving node: 3+7
x: 3
y: 7
Solving node: 10-6
x: 10
y: 6
Solving node: 4+3
x: 4
y: 3
Solving node: 7-1
x: 7
y: 1
Solving node: 6:1
x: 6
y: 1
Solving node: 6*6
x: 6
y: 6
Solving node: 4*2
x: 4
y: 2
Solving node: 3+7
x: 3
y: 7
Solving node: 10-6
x: 10
y: 6
Solving node: 4+3
x: 4
y: 3
Solving node: 7-1
x: 7
y: 1
Solving node: 6+36
x: 6
y: 36
Solving node: 42+8
x: 42
y: 8
Solving node: 50+6
x: 50
y: 6
Difference: 56
Using default bounds (multiplication)
Calculating: 3+7-6+3-1+6:1*6+4*2+6*2
Solving node: 6:1
x: 6
y: 1
Solving node: 6*6
x: 6
y: 6
Solving node: 4*2
x: 4
y: 2
Solving node: 6*2
x: 6
y: 2
Solving node: 3+7
x: 3
y: 7
Solving node: 10-6
x: 10
y: 6
Solving node: 4+3
x: 4
y: 3
Solving node: 7-1
x: 7
y: 1
Solving node: 6+36
x: 6
y: 36
Solving node: 42+8
x: 42
y: 8
Solving node: 50+12
x: 50
y: 12
Solving node: 6:1
x: 6
y: 1
Solving node: 6*6
x: 6
y: 6
Solving node: 4*2
x: 4
y: 2
Solving node: 6*2
x: 6
y: 2
Solving node: 3+7
x: 3
y: 7
Solving node: 10-6
x: 10
y: 6
Solving node: 4+3
x: 4
y: 3
Solving node: 7-1
x: 7
y: 1
Solving node: 6:1
x: 6
y: 1
Solving node: 6*6
x: 6
y: 6
Solving node: 4*2
x: 4
y: 2
Solving node: 6*2
x: 6
y: 2
Solving node: 3+7
x: 3
y: 7
Solving node: 10-6
x: 10
y: 6
Solving node: 4+3
x: 4
y: 3
Solving node: 7-1
x: 7
y: 1
Solving node: 6+36
x: 6
y: 36
Solving node: 42+8
x: 42
y: 8
Solving node: 50+12
x: 50
y: 12
Difference: 62
Calculating: 3+7-6+3-1+6:1*6+4*2+6*2+9
Solving node: 6:1
x: 6
y: 1
Solving node: 6*6
x: 6
y: 6
Solving node: 4*2
x: 4
y: 2
Solving node: 6*2
x: 6
y: 2
Solving node: 3+7
x: 3
y: 7
Solving node: 10-6
x: 10
y: 6
Solving node: 4+3
x: 4
y: 3
Solving node: 7-1
x: 7
y: 1
Solving node: 6+36
x: 6
y: 36
Solving node: 42+8
x: 42
y: 8
Solving node: 50+12
x: 50
y: 12
Solving node: 62+9
x: 62
y: 9
Solving node: 6:1
x: 6
y: 1
Solving node: 6*6
x: 6
y: 6
Solving node: 4*2
x: 4
y: 2
Solving node: 6*2
x: 6
y: 2
Solving node: 3+7
x: 3
y: 7
Solving node: 10-6
x: 10
y: 6
Solving node: 4+3
x: 4
y: 3
Solving node: 7-1
x: 7
y: 1
Solving node: 6:1
x: 6
y: 1
Solving node: 6*6
x: 6
y: 6
Solving node: 4*2
x: 4
y: 2
Solving node: 6*2
x: 6
y: 2
Solving node: 3+7
x: 3
y: 7
Solving node: 10-6
x: 10
y: 6
Solving node: 4+3
x: 4
y: 3
Solving node: 7-1
x: 7
y: 1
Solving node: 6+36
x: 6
y: 36
Solving node: 42+8
x: 42
y: 8
Solving node: 50+12
x: 50
y: 12
Solving node: 62+9
x: 62
y: 9
Difference: 71
Using default bounds (multiplication)
Calculating: 3+7-6+3-1+6:1*6+4*2+6*2+9*6
Solving node: 6:1
x: 6
y: 1
Solving node: 6*6
x: 6
y: 6
Solving node: 4*2
x: 4
y: 2
Solving node: 6*2
x: 6
y: 2
Solving node: 9*6
x: 9
y: 6
Solving node: 3+7
x: 3
y: 7
Solving node: 10-6
x: 10
y: 6
Solving node: 4+3
x: 4
y: 3
Solving node: 7-1
x: 7
y: 1
Solving node: 6+36
x: 6
y: 36
Solving node: 42+8
x: 42
y: 8
Solving node: 50+12
x: 50
y: 12
Solving node: 62+54
x: 62
y: 54
Solving node: 6:1
x: 6
y: 1
Solving node: 6*6
x: 6
y: 6
Solving node: 4*2
x: 4
y: 2
Solving node: 6*2
x: 6
y: 2
Solving node: 9*6
x: 9
y: 6
Solving node: 3+7
x: 3
y: 7
Solving node: 10-6
x: 10
y: 6
Solving node: 4+3
x: 4
y: 3
Solving node: 7-1
x: 7
y: 1
Solving node: 6:1
x: 6
y: 1
Solving node: 6*6
x: 6
y: 6
Solving node: 4*2
x: 4
y: 2
Solving node: 6*2
x: 6
y: 2
Solving node: 9*6
x: 9
y: 6
Solving node: 3+7
x: 3
y: 7
Solving node: 10-6
x: 10
y: 6
Solving node: 4+3
x: 4
y: 3
Solving node: 7-1
x: 7
y: 1
Solving node: 6+36
x: 6
y: 36
Solving node: 42+8
x: 42
y: 8
Solving node: 50+12
x: 50
y: 12
Solving node: 62+54
x: 62
y: 54
Difference: 116
Calculating: 3+7-6+3-1+6:1*6+4*2+6*2+9*6:3
Solving node: 6:1
x: 6
y: 1
Solving node: 6*6
x: 6
y: 6
Solving node: 4*2
x: 4
y: 2
Solving node: 6*2
x: 6
y: 2
Solving node: 9*6
x: 9
y: 6
Solving node: 54:3
x: 54
y: 3
Solving node: 3+7
x: 3
y: 7
Solving node: 10-6
x: 10
y: 6
Solving node: 4+3
x: 4
y: 3
Solving node: 7-1
x: 7
y: 1
Solving node: 6+36
x: 6
y: 36
Solving node: 42+8
x: 42
y: 8
Solving node: 50+12
x: 50
y: 12
Solving node: 62+18
x: 62
y: 18
Solving node: 6:1
x: 6
y: 1
Solving node: 6*6
x: 6
y: 6
Solving node: 4*2
x: 4
y: 2
Solving node: 6*2
x: 6
y: 2
Solving node: 9*6
x: 9
y: 6
Solving node: 54:3
x: 54
y: 3
Solving node: 3+7
x: 3
y: 7
Solving node: 10-6
x: 10
y: 6
Solving node: 4+3
x: 4
y: 3
Solving node: 7-1
x: 7
y: 1
Solving node: 6:1
x: 6
y: 1
Solving node: 6*6
x: 6
y: 6
Solving node: 4*2
x: 4
y: 2
Solving node: 6*2
x: 6
y: 2
Solving node: 9*6
x: 9
y: 6
Solving node: 54:3
x: 54
y: 3
Solving node: 3+7
x: 3
y: 7
Solving node: 10-6
x: 10
y: 6
Solving node: 4+3
x: 4
y: 3
Solving node: 7-1
x: 7
y: 1
Solving node: 6+36
x: 6
y: 36
Solving node: 42+8
x: 42
y: 8
Solving node: 50+12
x: 50
y: 12
Solving node: 62+18
x: 62
y: 18
Difference: 80
Last: 3; Last sum: 18
Calculating: 3+7-6+3-1+6:1*6+4*2+6*2+9*6:3-2
Solving node: 6:1
x: 6
y: 1
Solving node: 6*6
x: 6
y: 6
Solving node: 4*2
x: 4
y: 2
Solving node: 6*2
x: 6
y: 2
Solving node: 9*6
x: 9
y: 6
Solving node: 54:3
x: 54
y: 3
Solving node: 3+7
x: 3
y: 7
Solving node: 10-6
x: 10
y: 6
Solving node: 4+3
x: 4
y: 3
Solving node: 7-1
x: 7
y: 1
Solving node: 6+36
x: 6
y: 36
Solving node: 42+8
x: 42
y: 8
Solving node: 50+12
x: 50
y: 12
Solving node: 62+18
x: 62
y: 18
Solving node: 80-2
x: 80
y: 2
Solving node: 6:1
x: 6
y: 1
Solving node: 6*6
x: 6
y: 6
Solving node: 4*2
x: 4
y: 2
Solving node: 6*2
x: 6
y: 2
Solving node: 9*6
x: 9
y: 6
Solving node: 54:3
x: 54
y: 3
Solving node: 3+7
x: 3
y: 7
Solving node: 10-6
x: 10
y: 6
Solving node: 4+3
x: 4
y: 3
Solving node: 7-1
x: 7
y: 1
Solving node: 6+36
x: 6
y: 36
Solving node: 42+8
x: 42
y: 8
Solving node: 50+12
x: 50
y: 12
Solving node: 62+18
x: 62
y: 18
Solving node: 80-2
x: 80
y: 2
Solving node: 6:1
x: 6
y: 1
Solving node: 6*6
x: 6
y: 6
Solving node: 4*2
x: 4
y: 2
Solving node: 6*2
x: 6
y: 2
Solving node: 9*6
x: 9
y: 6
Solving node: 54:3
x: 54
y: 3
Solving node: 3+7
x: 3
y: 7
Solving node: 10-6
x: 10
y: 6
Solving node: 4+3
x: 4
y: 3
Solving node: 7-1
x: 7
y: 1
Solving node: 6+36
x: 6
y: 36
Solving node: 42+8
x: 42
y: 8
Solving node: 50+12
x: 50
y: 12
Solving node: 62+18
x: 62
y: 18
Difference: 80-2
Calculating: 3+7-6+3-1+6:1*6+4*2+6*2+9*6:3-2+1
Solving node: 6:1
x: 6
y: 1
Solving node: 6*6
x: 6
y: 6
Solving node: 4*2
x: 4
y: 2
Solving node: 6*2
x: 6
y: 2
Solving node: 9*6
x: 9
y: 6
Solving node: 54:3
x: 54
y: 3
Solving node: 3+7
x: 3
y: 7
Solving node: 10-6
x: 10
y: 6
Solving node: 4+3
x: 4
y: 3
Solving node: 7-1
x: 7
y: 1
Solving node: 6+36
x: 6
y: 36
Solving node: 42+8
x: 42
y: 8
Solving node: 50+12
x: 50
y: 12
Solving node: 62+18
x: 62
y: 18
Solving node: 80-2
x: 80
y: 2
Solving node: 78+1
x: 78
y: 1
Originallösung: 3+7-6+3-1+6:1*6+4*2+6*2+9*6:3-2+1 = 79
[30/100] 3+7-6+3-1+6:1*6+4*2+6*2+9*6:3-2+1
Testing equation: 3+7-6+3-1+6:1*6+4*2+6*2+9*6:3-2+1
Checking node: 6:1
Solving node: 6:1
x: 6
y: 1
Checking node: 6*6
Solving node: 6*6
x: 6
y: 6
Checking node: 4*2
Solving node: 4*2
x: 4
y: 2
Checking node: 6*2
Solving node: 6*2
x: 6
y: 2
Checking node: 9*6
Solving node: 9*6
x: 9
y: 6
Checking node: 54:3
Solving node: 54:3
x: 54
y: 3
Checking node: 3+7
Solving node: 3+7
x: 3
y: 7
Checking node: 10-6
Solving node: 10-6
x: 10
y: 6
Checking node: 4+3
Solving node: 4+3
x: 4
y: 3
Checking node: 7-1
Solving node: 7-1
x: 7
y: 1
Checking node: 6+36
Solving node: 6+36
x: 6
y: 36
Checking node: 42+8
Solving node: 42+8
x: 42
y: 8
Checking node: 50+12
Solving node: 50+12
x: 50
y: 12
Checking node: 62+18
Solving node: 62+18
x: 62
y: 18
Checking node: 80-2
Solving node: 80-2
x: 80
y: 2
Checking node: 78+1
Solving node: 78+1
x: 78
y: 1
Checking node: 3+7
Checking node: 7-6
Checking node: 6+3
Checking node: 3-1
Checking node: 1+6
Checking node: 6:1
Checking node: 1*6
Checking node: 6+4
Checking node: 4*2
Checking node: 2+6
Checking node: 6*2
Checking node: 2+9
Checking node: 9*6
Checking node: 6:3
Checking node: 3-2
Checking node: 2+1
Difference: 7
Using default bounds (multiplication)
Calculating: 7*9
Solving node: 7*9
x: 7
y: 9
Solving node: 7*9
x: 7
y: 9
Solving node: 7*9
x: 7
y: 9
Difference: 63
Calculating: 7*9+3
Solving node: 7*9
x: 7
y: 9
Solving node: 63+3
x: 63
y: 3
Solving node: 7*9
x: 7
y: 9
Solving node: 7*9
x: 7
y: 9
Solving node: 63+3
x: 63
y: 3
Difference: 66
Using default bounds (multiplication)
Calculating: 7*9+3*6
Solving node: 7*9
x: 7
y: 9
Solving node: 3*6
x: 3
y: 6
Solving node: 63+18
x: 63
y: 18
Solving node: 7*9
x: 7
y: 9
Solving node: 3*6
x: 3
y: 6
Solving node: 7*9
x: 7
y: 9
Solving node: 3*6
x: 3
y: 6
Solving node: 63+18
x: 63
y: 18
Difference: 81
Calculating: 7*9+3*6+5
Solving node: 7*9
x: 7
y: 9
Solving node: 3*6
x: 3
y: 6
Solving node: 63+18
x: 63
y: 18
Solving node: 81+5
x: 81
y: 5
Solving node: 7*9
x: 7
y: 9
Solving node: 3*6
x: 3
y: 6
Solving node: 7*9
x: 7
y: 9
Solving node: 3*6
x: 3
y: 6
Solving node: 63+18
x: 63
y: 18
Solving node: 81+5
x: 81
y: 5
Difference: 86
Using default bounds (multiplication)
Calculating: 7*9+3*6+5*9
Solving node: 7*9
x: 7
y: 9
Solving node: 3*6
x: 3
y: 6
Solving node: 5*9
x: 5
y: 9
Solving node: 63+18
x: 63
y: 18
Solving node: 81+45
x: 81
y: 45
Solving node: 7*9
x: 7
y: 9
Solving node: 3*6
x: 3
y: 6
Solving node: 5*9
x: 5
y: 9
Solving node: 7*9
x: 7
y: 9
Solving node: 3*6
x: 3
y: 6
Solving node: 5*9
x: 5
y: 9
Solving node: 63+18
x: 63
y: 18
Solving node: 81+45
x: 81
y: 45
Difference: 126
Calculating: 7*9+3*6+5*9+2
Solving node: 7*9
x: 7
y: 9
Solving node: 3*6
x: 3
y: 6
Solving node: 5*9
x: 5
y: 9
Solving node: 63+18
x: 63
y: 18
Solving node: 81+45
x: 81
y: 45
Solving node: 126+2
x: 126
y: 2
Solving node: 7*9
x: 7
y: 9
Solving node: 3*6
x: 3
y: 6
Solving node: 5*9
x: 5
y: 9
Solving node: 7*9
x: 7
y: 9
Solving node: 3*6
x: 3
y: 6
Solving node: 5*9
x: 5
y: 9
Solving node: 63+18
x: 63
y: 18
Solving node: 81+45
x: 81
y: 45
Solving node: 126+2
x: 126
y: 2
Difference: 128
Using default bounds (multiplication)
Calculating: 7*9+3*6+5*9+2*5
Solving node: 7*9
x: 7
y: 9
Solving node: 3*6
x: 3
y: 6
Solving node: 5*9
x: 5
y: 9
Solving node: 2*5
x: 2
y: 5
Solving node: 63+18
x: 63
y: 18
Solving node: 81+45
x: 81
y: 45
Solving node: 126+10
x: 126
y: 10
Solving node: 7*9
x: 7
y: 9
Solving node: 3*6
x: 3
y: 6
Solving node: 5*9
x: 5
y: 9
Solving node: 2*5
x: 2
y: 5
Solving node: 7*9
x: 7
y: 9
Solving node: 3*6
x: 3
y: 6
Solving node: 5*9
x: 5
y: 9
Solving node: 2*5
x: 2
y: 5
Solving node: 63+18
x: 63
y: 18
Solving node: 81+45
x: 81
y: 45
Solving node: 126+10
x: 126
y: 10
Difference: 136
Last: 5; Last sum: 10
Calculating: 7*9+3*6+5*9+2*5-4
Solving node: 7*9
x: 7
y: 9
Solving node: 3*6
x: 3
y: 6
Solving node: 5*9
x: 5
y: 9
Solving node: 2*5
x: 2
y: 5
Solving node: 63+18
x: 63
y: 18
Solving node: 81+45
x: 81
y: 45
Solving node: 126+10
x: 126
y: 10
Solving node: 136-4
x: 136
y: 4
Solving node: 7*9
x: 7
y: 9
Solving node: 3*6
x: 3
y: 6
Solving node: 5*9
x: 5
y: 9
Solving node: 2*5
x: 2
y: 5
Solving node: 63+18
x: 63
y: 18
Solving node: 81+45
x: 81
y: 45
Solving node: 126+10
x: 126
y: 10
Solving node: 136-4
x: 136
y: 4
Solving node: 7*9
x: 7
y: 9
Solving node: 3*6
x: 3
y: 6
Solving node: 5*9
x: 5
y: 9
Solving node: 2*5
x: 2
y: 5
Solving node: 63+18
x: 63
y: 18
Solving node: 81+45
x: 81
y: 45
Solving node: 126+10
x: 126
y: 10
Difference: 136-4
Calculating bounds (multiplication)
Previous index: -1 | Last operator index: 3
Upper bound: 4
Calculating: 7*9+3*6+5*9+2*5-4*1
Solving node: 7*9
x: 7
y: 9
Solving node: 3*6
x: 3
y: 6
Solving node: 5*9
x: 5
y: 9
Solving node: 2*5
x: 2
y: 5
Solving node: 4*1
x: 4
y: 1
Solving node: 63+18
x: 63
y: 18
Solving node: 81+45
x: 81
y: 45
Solving node: 126+10
x: 126
y: 10
Solving node: 136-4
x: 136
y: 4
Solving node: 7*9
x: 7
y: 9
Solving node: 3*6
x: 3
y: 6
Solving node: 5*9
x: 5
y: 9
Solving node: 2*5
x: 2
y: 5
Solving node: 4*1
x: 4
y: 1
Solving node: 63+18
x: 63
y: 18
Solving node: 81+45
x: 81
y: 45
Solving node: 126+10
x: 126
y: 10
Solving node: 136-4
x: 136
y: 4
Solving node: 7*9
x: 7
y: 9
Solving node: 3*6
x: 3
y: 6
Solving node: 5*9
x: 5
y: 9
Solving node: 2*5
x: 2
y: 5
Solving node: 4*1
x: 4
y: 1
Solving node: 63+18
x: 63
y: 18
Solving node: 81+45
x: 81
y: 45
Solving node: 126+10
x: 126
y: 10
Difference: 136-4
Calculating: 7*9+3*6+5*9+2*5-4*1+5
Solving node: 7*9
x: 7
y: 9
Solving node: 3*6
x: 3
y: 6
Solving node: 5*9
x: 5
y: 9
Solving node: 2*5
x: 2
y: 5
Solving node: 4*1
x: 4
y: 1
Solving node: 63+18
x: 63
y: 18
Solving node: 81+45
x: 81
y: 45
Solving node: 126+10
x: 126
y: 10
Solving node: 136-4
x: 136
y: 4
Solving node: 132+5
x: 132
y: 5
Solving node: 7*9
x: 7
y: 9
Solving node: 3*6
x: 3
y: 6
Solving node: 5*9
x: 5
y: 9
Solving node: 2*5
x: 2
y: 5
Solving node: 4*1
x: 4
y: 1
Solving node: 63+18
x: 63
y: 18
Solving node: 81+45
x: 81
y: 45
Solving node: 126+10
x: 126
y: 10
Solving node: 136-4
x: 136
y: 4
Solving node: 7*9
x: 7
y: 9
Solving node: 3*6
x: 3
y: 6
Solving node: 5*9
x: 5
y: 9
Solving node: 2*5
x: 2
y: 5
Solving node: 4*1
x: 4
y: 1
Solving node: 63+18
x: 63
y: 18
Solving node: 81+45
x: 81
y: 45
Solving node: 126+10
x: 126
y: 10
Solving node: 136-4
x: 136
y: 4
Solving node: 132+5
x: 132
y: 5
Difference: 137
Using default bounds (multiplication)
Calculating: 7*9+3*6+5*9+2*5-4*1+5*8
Solving node: 7*9
x: 7
y: 9
Solving node: 3*6
x: 3
y: 6
Solving node: 5*9
x: 5
y: 9
Solving node: 2*5
x: 2
y: 5
Solving node: 4*1
x: 4
y: 1
Solving node: 5*8
x: 5
y: 8
Solving node: 63+18
x: 63
y: 18
Solving node: 81+45
x: 81
y: 45
Solving node: 126+10
x: 126
y: 10
Solving node: 136-4
x: 136
y: 4
Solving node: 132+40
x: 132
y: 40
Solving node: 7*9
x: 7
y: 9
Solving node: 3*6
x: 3
y: 6
Solving node: 5*9
x: 5
y: 9
Solving node: 2*5
x: 2
y: 5
Solving node: 4*1
x: 4
y: 1
Solving node: 5*8
x: 5
y: 8
Solving node: 63+18
x: 63
y: 18
Solving node: 81+45
x: 81
y: 45
Solving node: 126+10
x: 126
y: 10
Solving node: 136-4
x: 136
y: 4
Solving node: 7*9
x: 7
y: 9
Solving node: 3*6
x: 3
y: 6
Solving node: 5*9
x: 5
y: 9
Solving node: 2*5
x: 2
y: 5
Solving node: 4*1
x: 4
y: 1
Solving node: 5*8
x: 5
y: 8
Solving node: 63+18
x: 63
y: 18
Solving node: 81+45
x: 81
y: 45
Solving node: 126+10
x: 126
y: 10
Solving node: 136-4
x: 136
y: 4
Solving node: 132+40
x: 132
y: 40
Difference: 172
Last: 8; Last sum: 40
Calculating: 7*9+3*6+5*9+2*5-4*1+5*8-4
Solving node: 7*9
x: 7
y: 9
Solving node: 3*6
x: 3
y: 6
Solving node: 5*9
x: 5
y: 9
Solving node: 2*5
x: 2
y: 5
Solving node: 4*1
x: 4
y: 1
Solving node: 5*8
x: 5
y: 8
Solving node: 63+18
x: 63
y: 18
Solving node: 81+45
x: 81
y: 45
Solving node: 126+10
x: 126
y: 10
Solving node: 136-4
x: 136
y: 4
Solving node: 132+40
x: 132
y: 40
Solving node: 172-4
x: 172
y: 4
Solving node: 7*9
x: 7
y: 9
Solving node: 3*6
x: 3
y: 6
Solving node: 5*9
x: 5
y: 9
Solving node: 2*5
x: 2
y: 5
Solving node: 4*1
x: 4
y: 1
Solving node: 5*8
x: 5
y: 8
Solving node: 63+18
x: 63
y: 18
Solving node: 81+45
x: 81
y: 45
Solving node: 126+10
x: 126
y: 10
Solving node: 136-4
x: 136
y: 4
Solving node: 132+40
x: 132
y: 40
Solving node: 172-4
x: 172
y: 4
Solving node: 7*9
x: 7
y: 9
Solving node: 3*6
x: 3
y: 6
Solving node: 5*9
x: 5
y: 9
Solving node: 2*5
x: 2
y: 5
Solving node: 4*1
x: 4
y: 1
Solving node: 5*8
x: 5
y: 8
Solving node: 63+18
x: 63
y: 18
Solving node: 81+45
x: 81
y: 45
Solving node: 126+10
x: 126
y: 10
Solving node: 136-4
x: 136
y: 4
Solving node: 132+40
x: 132
y: 40
Difference: 172-4
Previous index: -1 | Last operator index: 3
Calculating: 7*9+3*6+5*9+2*5-4*1+5*8-4:1
Solving node: 7*9
x: 7
y: 9
Solving node: 3*6
x: 3
y: 6
Solving node: 5*9
x: 5
y: 9
Solving node: 2*5
x: 2
y: 5
Solving node: 4*1
x: 4
y: 1
Solving node: 5*8
x: 5
y: 8
Solving node: 4:1
x: 4
y: 1
Solving node: 63+18
x: 63
y: 18
Solving node: 81+45
x: 81
y: 45
Solving node: 126+10
x: 126
y: 10
Solving node: 136-4
x: 136
y: 4
Solving node: 132+40
x: 132
y: 40
Solving node: 172-4
x: 172
y: 4
Solving node: 7*9
x: 7
y: 9
Solving node: 3*6
x: 3
y: 6
Solving node: 5*9
x: 5
y: 9
Solving node: 2*5
x: 2
y: 5
Solving node: 4*1
x: 4
y: 1
Solving node: 5*8
x: 5
y: 8
Solving node: 4:1
x: 4
y: 1
Solving node: 63+18
x: 63
y: 18
Solving node: 81+45
x: 81
y: 45
Solving node: 126+10
x: 126
y: 10
Solving node: 136-4
x: 136
y: 4
Solving node: 132+40
x: 132
y: 40
Solving node: 172-4
x: 172
y: 4
Solving node: 7*9
x: 7
y: 9
Solving node: 3*6
x: 3
y: 6
Solving node: 5*9
x: 5
y: 9
Solving node: 2*5
x: 2
y: 5
Solving node: 4*1
x: 4
y: 1
Solving node: 5*8
x: 5
y: 8
Solving node: 4:1
x: 4
y: 1
Solving node: 63+18
x: 63
y: 18
Solving node: 81+45
x: 81
y: 45
Solving node: 126+10
x: 126
y: 10
Solving node: 136-4
x: 136
y: 4
Solving node: 132+40
x: 132
y: 40
Difference: 172-4
Calculating: 7*9+3*6+5*9+2*5-4*1+5*8-4:1+3
Solving node: 7*9
x: 7
y: 9
Solving node: 3*6
x: 3
y: 6
Solving node: 5*9
x: 5
y: 9
Solving node: 2*5
x: 2
y: 5
Solving node: 4*1
x: 4
y: 1
Solving node: 5*8
x: 5
y: 8
Solving node: 4:1
x: 4
y: 1
Solving node: 63+18
x: 63
y: 18
Solving node: 81+45
x: 81
y: 45
Solving node: 126+10
x: 126
y: 10
Solving node: 136-4
x: 136
y: 4
Solving node: 132+40
x: 132
y: 40
Solving node: 172-4
x: 172
y: 4
Solving node: 168+3
x: 168
y: 3
Solving node: 7*9
x: 7
y: 9
Solving node: 3*6
x: 3
y: 6
Solving node: 5*9
x: 5
y: 9
Solving node: 2*5
x: 2
y: 5
Solving node: 4*1
x: 4
y: 1
Solving node: 5*8
x: 5
y: 8
Solving node: 4:1
x: 4
y: 1
Solving node: 63+18
x: 63
y: 18
Solving node: 81+45
x: 81
y: 45
Solving node: 126+10
x: 126
y: 10
Solving node: 136-4
x: 136
y: 4
Solving node: 132+40
x: 132
y: 40
Solving node: 172-4
x: 172
y: 4
Solving node: 7*9
x: 7
y: 9
Solving node: 3*6
x: 3
y: 6
Solving node: 5*9
x: 5
y: 9
Solving node: 2*5
x: 2
y: 5
Solving node: 4*1
x: 4
y: 1
Solving node: 5*8
x: 5
y: 8
Solving node: 4:1
x: 4
y: 1
Solving node: 63+18
x: 63
y: 18
Solving node: 81+45
x: 81
y: 45
Solving node: 126+10
x: 126
y: 10
Solving node: 136-4
x: 136
y: 4
Solving node: 132+40
x: 132
y: 40
Solving node: 172-4
x: 172
y: 4
Solving node: 168+3
x: 168
y: 3
Difference: 171
Using default bounds (multiplication)
Calculating: 7*9+3*6+5*9+2*5-4*1+5*8-4:1+3*1
Solving node: 7*9
x: 7
y: 9
Solving node: 3*6
x: 3
y: 6
Solving node: 5*9
x: 5
y: 9
Solving node: 2*5
x: 2
y: 5
Solving node: 4*1
x: 4
y: 1
Solving node: 5*8
x: 5
y: 8
Solving node: 4:1
x: 4
y: 1
Solving node: 3*1
x: 3
y: 1
Solving node: 63+18
x: 63
y: 18
Solving node: 81+45
x: 81
y: 45
Solving node: 126+10
x: 126
y: 10
Solving node: 136-4
x: 136
y: 4
Solving node: 132+40
x: 132
y: 40
Solving node: 172-4
x: 172
y: 4
Solving node: 168+3
x: 168
y: 3
Solving node: 7*9
x: 7
y: 9
Solving node: 3*6
x: 3
y: 6
Solving node: 5*9
x: 5
y: 9
Solving node: 2*5
x: 2
y: 5
Solving node: 4*1
x: 4
y: 1
Solving node: 5*8
x: 5
y: 8
Solving node: 4:1
x: 4
y: 1
Solving node: 3*1
x: 3
y: 1
Solving node: 63+18
x: 63
y: 18
Solving node: 81+45
x: 81
y: 45
Solving node: 126+10
x: 126
y: 10
Solving node: 136-4
x: 136
y: 4
Solving node: 132+40
x: 132
y: 40
Solving node: 172-4
x: 172
y: 4
Solving node: 7*9
x: 7
y: 9
Solving node: 3*6
x: 3
y: 6
Solving node: 5*9
x: 5
y: 9
Solving node: 2*5
x: 2
y: 5
Solving node: 4*1
x: 4
y: 1
Solving node: 5*8
x: 5
y: 8
Solving node: 4:1
x: 4
y: 1
Solving node: 3*1
x: 3
y: 1
Solving node: 63+18
x: 63
y: 18
Solving node: 81+45
x: 81
y: 45
Solving node: 126+10
x: 126
y: 10
Solving node: 136-4
x: 136
y: 4
Solving node: 132+40
x: 132
y: 40
Solving node: 172-4
x: 172
y: 4
Solving node: 168+3
x: 168
y: 3
Difference: 171
Calculating: 7*9+3*6+5*9+2*5-4*1+5*8-4:1+3*1+1
Solving node: 7*9
x: 7
y: 9
Solving node: 3*6
x: 3
y: 6
Solving node: 5*9
x: 5
y: 9
Solving node: 2*5
x: 2
y: 5
Solving node: 4*1
x: 4
y: 1
Solving node: 5*8
x: 5
y: 8
Solving node: 4:1
x: 4
y: 1
Solving node: 3*1
x: 3
y: 1
Solving node: 63+18
x: 63
y: 18
Solving node: 81+45
x: 81
y: 45
Solving node: 126+10
x: 126
y: 10
Solving node: 136-4
x: 136
y: 4
Solving node: 132+40
x: 132
y: 40
Solving node: 172-4
x: 172
y: 4
Solving node: 168+3
x: 168
y: 3
Solving node: 171+1
x: 171
y: 1
Originallösung: 7*9+3*6+5*9+2*5-4*1+5*8-4:1+3*1+1 = 172
[31/100] 7*9+3*6+5*9+2*5-4*1+5*8-4:1+3*1+1
Testing equation: 7*9+3*6+5*9+2*5-4*1+5*8-4:1+3*1+1
Checking node: 7*9
Solving node: 7*9
x: 7
y: 9
Checking node: 3*6
Solving node: 3*6
x: 3
y: 6
Checking node: 5*9
Solving node: 5*9
x: 5
y: 9
Checking node: 2*5
Solving node: 2*5
x: 2
y: 5
Checking node: 4*1
Solving node: 4*1
x: 4
y: 1
Checking node: 5*8
Solving node: 5*8
x: 5
y: 8
Checking node: 4:1
Solving node: 4:1
x: 4
y: 1
Checking node: 3*1
Solving node: 3*1
x: 3
y: 1
Checking node: 63+18
Solving node: 63+18
x: 63
y: 18
Checking node: 81+45
Solving node: 81+45
x: 81
y: 45
Checking node: 126+10
Solving node: 126+10
x: 126
y: 10
Checking node: 136-4
Solving node: 136-4
x: 136
y: 4
Checking node: 132+40
Solving node: 132+40
x: 132
y: 40
Checking node: 172-4
Solving node: 172-4
x: 172
y: 4
Checking node: 168+3
Solving node: 168+3
x: 168
y: 3
Checking node: 171+1
Solving node: 171+1
x: 171
y: 1
Checking node: 7*9
Checking node: 9+3
Checking node: 3*6
Checking node: 6+5
Checking node: 5*9
Checking node: 9+2
Checking node: 2*5
Checking node: 5-4
Checking node: 4*1
Checking node: 1+5
Checking node: 5*8
Checking node: 8-4
Checking node: 4:1
Checking node: 1+3
Checking node: 3*1
Checking node: 1+1
Difference: 2
Calculating: 2+9
Solving node: 2+9
x: 2
y: 9
Solving node: 2+9
x: 2
y: 9
Difference: 11
Using default bounds (multiplication)
Calculating: 2+9*4
Solving node: 9*4
x: 9
y: 4
Solving node: 2+36
x: 2
y: 36
Solving node: 9*4
x: 9
y: 4
Solving node: 9*4
x: 9
y: 4
Solving node: 2+36
x: 2
y: 36
Difference: 38
Calculating: 2+9*4+7
Solving node: 9*4
x: 9
y: 4
Solving node: 2+36
x: 2
y: 36
Solving node: 38+7
x: 38
y: 7
Solving node: 9*4
x: 9
y: 4
Solving node: 9*4
x: 9
y: 4
Solving node: 2+36
x: 2
y: 36
Solving node: 38+7
x: 38
y: 7
Difference: 45
Using default bounds (multiplication)
Calculating: 2+9*4+7*8
Solving node: 9*4
x: 9
y: 4
Solving node: 7*8
x: 7
y: 8
Solving node: 2+36
x: 2
y: 36
Solving node: 38+56
x: 38
y: 56
Solving node: 9*4
x: 9
y: 4
Solving node: 7*8
x: 7
y: 8
Solving node: 9*4
x: 9
y: 4
Solving node: 7*8
x: 7
y: 8
Solving node: 2+36
x: 2
y: 36
Solving node: 38+56
x: 38
y: 56
Difference: 94
Calculating: 2+9*4+7*8+6
Solving node: 9*4
x: 9
y: 4
Solving node: 7*8
x: 7
y: 8
Solving node: 2+36
x: 2
y: 36
Solving node: 38+56
x: 38
y: 56
Solving node: 94+6
x: 94
y: 6
Solving node: 9*4
x: 9
y: 4
Solving node: 7*8
x: 7
y: 8
Solving node: 9*4
x: 9
y: 4
Solving node: 7*8
x: 7
y: 8
Solving node: 2+36
x: 2
y: 36
Solving node: 38+56
x: 38
y: 56
Solving node: 94+6
x: 94
y: 6
Difference: 100
Last: 6; Last sum: 6
Calculating: 2+9*4+7*8+6-2
Solving node: 9*4
x: 9
y: 4
Solving node: 7*8
x: 7
y: 8
Solving node: 2+36
x: 2
y: 36
Solving node: 38+56
x: 38
y: 56
Solving node: 94+6
x: 94
y: 6
Solving node: 100-2
x: 100
y: 2
Solving node: 9*4
x: 9
y: 4
Solving node: 7*8
x: 7
y: 8
Solving node: 2+36
x: 2
y: 36
Solving node: 38+56
x: 38
y: 56
Solving node: 94+6
x: 94
y: 6
Solving node: 100-2
x: 100
y: 2
Solving node: 9*4
x: 9
y: 4
Solving node: 7*8
x: 7
y: 8
Solving node: 2+36
x: 2
y: 36
Solving node: 38+56
x: 38
y: 56
Solving node: 94+6
x: 94
y: 6
Difference: 100-2
Calculating bounds (multiplication)
Previous index: -1 | Last operator index: 3
Upper bound: 2
Calculating: 2+9*4+7*8+6-2*1
Solving node: 9*4
x: 9
y: 4
Solving node: 7*8
x: 7
y: 8
Solving node: 2*1
x: 2
y: 1
Solving node: 2+36
x: 2
y: 36
Solving node: 38+56
x: 38
y: 56
Solving node: 94+6
x: 94
y: 6
Solving node: 100-2
x: 100
y: 2
Solving node: 9*4
x: 9
y: 4
Solving node: 7*8
x: 7
y: 8
Solving node: 2*1
x: 2
y: 1
Solving node: 2+36
x: 2
y: 36
Solving node: 38+56
x: 38
y: 56
Solving node: 94+6
x: 94
y: 6
Solving node: 100-2
x: 100
y: 2
Solving node: 9*4
x: 9
y: 4
Solving node: 7*8
x: 7
y: 8
Solving node: 2*1
x: 2
y: 1
Solving node: 2+36
x: 2
y: 36
Solving node: 38+56
x: 38
y: 56
Solving node: 94+6
x: 94
y: 6
Difference: 100-2
Calculating: 2+9*4+7*8+6-2*1+9
Solving node: 9*4
x: 9
y: 4
Solving node: 7*8
x: 7
y: 8
Solving node: 2*1
x: 2
y: 1
Solving node: 2+36
x: 2
y: 36
Solving node: 38+56
x: 38
y: 56
Solving node: 94+6
x: 94
y: 6
Solving node: 100-2
x: 100
y: 2
Solving node: 98+9
x: 98
y: 9
Solving node: 9*4
x: 9
y: 4
Solving node: 7*8
x: 7
y: 8
Solving node: 2*1
x: 2
y: 1
Solving node: 2+36
x: 2
y: 36
Solving node: 38+56
x: 38
y: 56
Solving node: 94+6
x: 94
y: 6
Solving node: 100-2
x: 100
y: 2
Solving node: 9*4
x: 9
y: 4
Solving node: 7*8
x: 7
y: 8
Solving node: 2*1
x: 2
y: 1
Solving node: 2+36
x: 2
y: 36
Solving node: 38+56
x: 38
y: 56
Solving node: 94+6
x: 94
y: 6
Solving node: 100-2
x: 100
y: 2
Solving node: 98+9
x: 98
y: 9
Difference: 107
Using default bounds (multiplication)
Calculating: 2+9*4+7*8+6-2*1+9*9
Solving node: 9*4
x: 9
y: 4
Solving node: 7*8
x: 7
y: 8
Solving node: 2*1
x: 2
y: 1
Solving node: 9*9
x: 9
y: 9
Solving node: 2+36
x: 2
y: 36
Solving node: 38+56
x: 38
y: 56
Solving node: 94+6
x: 94
y: 6
Solving node: 100-2
x: 100
y: 2
Solving node: 98+81
x: 98
y: 81
Solving node: 9*4
x: 9
y: 4
Solving node: 7*8
x: 7
y: 8
Solving node: 2*1
x: 2
y: 1
Solving node: 9*9
x: 9
y: 9
Solving node: 2+36
x: 2
y: 36
Solving node: 38+56
x: 38
y: 56
Solving node: 94+6
x: 94
y: 6
Solving node: 100-2
x: 100
y: 2
Solving node: 9*4
x: 9
y: 4
Solving node: 7*8
x: 7
y: 8
Solving node: 2*1
x: 2
y: 1
Solving node: 9*9
x: 9
y: 9
Solving node: 2+36
x: 2
y: 36
Solving node: 38+56
x: 38
y: 56
Solving node: 94+6
x: 94
y: 6
Solving node: 100-2
x: 100
y: 2
Solving node: 98+81
x: 98
y: 81
Difference: 179
Calculating: 2+9*4+7*8+6-2*1+9*9+6
Solving node: 9*4
x: 9
y: 4
Solving node: 7*8
x: 7
y: 8
Solving node: 2*1
x: 2
y: 1
Solving node: 9*9
x: 9
y: 9
Solving node: 2+36
x: 2
y: 36
Solving node: 38+56
x: 38
y: 56
Solving node: 94+6
x: 94
y: 6
Solving node: 100-2
x: 100
y: 2
Solving node: 98+81
x: 98
y: 81
Solving node: 179+6
x: 179
y: 6
Solving node: 9*4
x: 9
y: 4
Solving node: 7*8
x: 7
y: 8
Solving node: 2*1
x: 2
y: 1
Solving node: 9*9
x: 9
y: 9
Solving node: 2+36
x: 2
y: 36
Solving node: 38+56
x: 38
y: 56
Solving node: 94+6
x: 94
y: 6
Solving node: 100-2
x: 100
y: 2
Solving node: 9*4
x: 9
y: 4
Solving node: 7*8
x: 7
y: 8
Solving node: 2*1
x: 2
y: 1
Solving node: 9*9
x: 9
y: 9
Solving node: 2+36
x: 2
y: 36
Solving node: 38+56
x: 38
y: 56
Solving node: 94+6
x: 94
y: 6
Solving node: 100-2
x: 100
y: 2
Solving node: 98+81
x: 98
y: 81
Solving node: 179+6
x: 179
y: 6
Difference: 185
Last: 6; Last sum: 6
Calculating: 2+9*4+7*8+6-2*1+9*9+6-3
Solving node: 9*4
x: 9
y: 4
Solving node: 7*8
x: 7
y: 8
Solving node: 2*1
x: 2
y: 1
Solving node: 9*9
x: 9
y: 9
Solving node: 2+36
x: 2
y: 36
Solving node: 38+56
x: 38
y: 56
Solving node: 94+6
x: 94
y: 6
Solving node: 100-2
x: 100
y: 2
Solving node: 98+81
x: 98
y: 81
Solving node: 179+6
x: 179
y: 6
Solving node: 185-3
x: 185
y: 3
Solving node: 9*4
x: 9
y: 4
Solving node: 7*8
x: 7
y: 8
Solving node: 2*1
x: 2
y: 1
Solving node: 9*9
x: 9
y: 9
Solving node: 2+36
x: 2
y: 36
Solving node: 38+56
x: 38
y: 56
Solving node: 94+6
x: 94
y: 6
Solving node: 100-2
x: 100
y: 2
Solving node: 98+81
x: 98
y: 81
Solving node: 179+6
x: 179
y: 6
Solving node: 185-3
x: 185
y: 3
Solving node: 9*4
x: 9
y: 4
Solving node: 7*8
x: 7
y: 8
Solving node: 2*1
x: 2
y: 1
Solving node: 9*9
x: 9
y: 9
Solving node: 2+36
x: 2
y: 36
Solving node: 38+56
x: 38
y: 56
Solving node: 94+6
x: 94
y: 6
Solving node: 100-2
x: 100
y: 2
Solving node: 98+81
x: 98
y: 81
Solving node: 179+6
x: 179
y: 6
Difference: 185-3
Calculating bounds (multiplication)
Previous index: -1 | Last operator index: 3
Upper bound: 3
Calculating: 2+9*4+7*8+6-2*1+9*9+6-3*2
Solving node: 9*4
x: 9
y: 4
Solving node: 7*8
x: 7
y: 8
Solving node: 2*1
x: 2
y: 1
Solving node: 9*9
x: 9
y: 9
Solving node: 3*2
x: 3
y: 2
Solving node: 2+36
x: 2
y: 36
Solving node: 38+56
x: 38
y: 56
Solving node: 94+6
x: 94
y: 6
Solving node: 100-2
x: 100
y: 2
Solving node: 98+81
x: 98
y: 81
Solving node: 179+6
x: 179
y: 6
Solving node: 185-6
x: 185
y: 6
Solving node: 9*4
x: 9
y: 4
Solving node: 7*8
x: 7
y: 8
Solving node: 2*1
x: 2
y: 1
Solving node: 9*9
x: 9
y: 9
Solving node: 3*2
x: 3
y: 2
Solving node: 2+36
x: 2
y: 36
Solving node: 38+56
x: 38
y: 56
Solving node: 94+6
x: 94
y: 6
Solving node: 100-2
x: 100
y: 2
Solving node: 98+81
x: 98
y: 81
Solving node: 179+6
x: 179
y: 6
Solving node: 185-6
x: 185
y: 6
Solving node: 9*4
x: 9
y: 4
Solving node: 7*8
x: 7
y: 8
Solving node: 2*1
x: 2
y: 1
Solving node: 9*9
x: 9
y: 9
Solving node: 3*2
x: 3
y: 2
Solving node: 2+36
x: 2
y: 36
Solving node: 38+56
x: 38
y: 56
Solving node: 94+6
x: 94
y: 6
Solving node: 100-2
x: 100
y: 2
Solving node: 98+81
x: 98
y: 81
Solving node: 179+6
x: 179
y: 6
Difference: 185-6
Calculating: 2+9*4+7*8+6-2*1+9*9+6-3*2+4
Solving node: 9*4
x: 9
y: 4
Solving node: 7*8
x: 7
y: 8
Solving node: 2*1
x: 2
y: 1
Solving node: 9*9
x: 9
y: 9
Solving node: 3*2
x: 3
y: 2
Solving node: 2+36
x: 2
y: 36
Solving node: 38+56
x: 38
y: 56
Solving node: 94+6
x: 94
y: 6
Solving node: 100-2
x: 100
y: 2
Solving node: 98+81
x: 98
y: 81
Solving node: 179+6
x: 179
y: 6
Solving node: 185-6
x: 185
y: 6
Solving node: 179+4
x: 179
y: 4
Solving node: 9*4
x: 9
y: 4
Solving node: 7*8
x: 7
y: 8
Solving node: 2*1
x: 2
y: 1
Solving node: 9*9
x: 9
y: 9
Solving node: 3*2
x: 3
y: 2
Solving node: 2+36
x: 2
y: 36
Solving node: 38+56
x: 38
y: 56
Solving node: 94+6
x: 94
y: 6
Solving node: 100-2
x: 100
y: 2
Solving node: 98+81
x: 98
y: 81
Solving node: 179+6
x: 179
y: 6
Solving node: 185-6
x: 185
y: 6
Solving node: 9*4
x: 9
y: 4
Solving node: 7*8
x: 7
y: 8
Solving node: 2*1
x: 2
y: 1
Solving node: 9*9
x: 9
y: 9
Solving node: 3*2
x: 3
y: 2
Solving node: 2+36
x: 2
y: 36
Solving node: 38+56
x: 38
y: 56
Solving node: 94+6
x: 94
y: 6
Solving node: 100-2
x: 100
y: 2
Solving node: 98+81
x: 98
y: 81
Solving node: 179+6
x: 179
y: 6
Solving node: 185-6
x: 185
y: 6
Solving node: 179+4
x: 179
y: 4
Difference: 183
Last: 4; Last sum: 4
Calculating: 2+9*4+7*8+6-2*1+9*9+6-3*2+4-2
Solving node: 9*4
x: 9
y: 4
Solving node: 7*8
x: 7
y: 8
Solving node: 2*1
x: 2
y: 1
Solving node: 9*9
x: 9
y: 9
Solving node: 3*2
x: 3
y: 2
Solving node: 2+36
x: 2
y: 36
Solving node: 38+56
x: 38
y: 56
Solving node: 94+6
x: 94
y: 6
Solving node: 100-2
x: 100
y: 2
Solving node: 98+81
x: 98
y: 81
Solving node: 179+6
x: 179
y: 6
Solving node: 185-6
x: 185
y: 6
Solving node: 179+4
x: 179
y: 4
Solving node: 183-2
x: 183
y: 2
Solving node: 9*4
x: 9
y: 4
Solving node: 7*8
x: 7
y: 8
Solving node: 2*1
x: 2
y: 1
Solving node: 9*9
x: 9
y: 9
Solving node: 3*2
x: 3
y: 2
Solving node: 2+36
x: 2
y: 36
Solving node: 38+56
x: 38
y: 56
Solving node: 94+6
x: 94
y: 6
Solving node: 100-2
x: 100
y: 2
Solving node: 98+81
x: 98
y: 81
Solving node: 179+6
x: 179
y: 6
Solving node: 185-6
x: 185
y: 6
Solving node: 179+4
x: 179
y: 4
Solving node: 183-2
x: 183
y: 2
Solving node: 9*4
x: 9
y: 4
Solving node: 7*8
x: 7
y: 8
Solving node: 2*1
x: 2
y: 1
Solving node: 9*9
x: 9
y: 9
Solving node: 3*2
x: 3
y: 2
Solving node: 2+36
x: 2
y: 36
Solving node: 38+56
x: 38
y: 56
Solving node: 94+6
x: 94
y: 6
Solving node: 100-2
x: 100
y: 2
Solving node: 98+81
x: 98
y: 81
Solving node: 179+6
x: 179
y: 6
Solving node: 185-6
x: 185
y: 6
Solving node: 179+4
x: 179
y: 4
Difference: 183-2
Calculating: 2+9*4+7*8+6-2*1+9*9+6-3*2+4-2+9
Solving node: 9*4
x: 9
y: 4
Solving node: 7*8
x: 7
y: 8
Solving node: 2*1
x: 2
y: 1
Solving node: 9*9
x: 9
y: 9
Solving node: 3*2
x: 3
y: 2
Solving node: 2+36
x: 2
y: 36
Solving node: 38+56
x: 38
y: 56
Solving node: 94+6
x: 94
y: 6
Solving node: 100-2
x: 100
y: 2
Solving node: 98+81
x: 98
y: 81
Solving node: 179+6
x: 179
y: 6
Solving node: 185-6
x: 185
y: 6
Solving node: 179+4
x: 179
y: 4
Solving node: 183-2
x: 183
y: 2
Solving node: 181+9
x: 181
y: 9
Solving node: 9*4
x: 9
y: 4
Solving node: 7*8
x: 7
y: 8
Solving node: 2*1
x: 2
y: 1
Solving node: 9*9
x: 9
y: 9
Solving node: 3*2
x: 3
y: 2
Solving node: 2+36
x: 2
y: 36
Solving node: 38+56
x: 38
y: 56
Solving node: 94+6
x: 94
y: 6
Solving node: 100-2
x: 100
y: 2
Solving node: 98+81
x: 98
y: 81
Solving node: 179+6
x: 179
y: 6
Solving node: 185-6
x: 185
y: 6
Solving node: 179+4
x: 179
y: 4
Solving node: 183-2
x: 183
y: 2
Solving node: 9*4
x: 9
y: 4
Solving node: 7*8
x: 7
y: 8
Solving node: 2*1
x: 2
y: 1
Solving node: 9*9
x: 9
y: 9
Solving node: 3*2
x: 3
y: 2
Solving node: 2+36
x: 2
y: 36
Solving node: 38+56
x: 38
y: 56
Solving node: 94+6
x: 94
y: 6
Solving node: 100-2
x: 100
y: 2
Solving node: 98+81
x: 98
y: 81
Solving node: 179+6
x: 179
y: 6
Solving node: 185-6
x: 185
y: 6
Solving node: 179+4
x: 179
y: 4
Solving node: 183-2
x: 183
y: 2
Solving node: 181+9
x: 181
y: 9
Difference: 190
Using default bounds (multiplication)
Calculating: 2+9*4+7*8+6-2*1+9*9+6-3*2+4-2+9*5
Solving node: 9*4
x: 9
y: 4
Solving node: 7*8
x: 7
y: 8
Solving node: 2*1
x: 2
y: 1
Solving node: 9*9
x: 9
y: 9
Solving node: 3*2
x: 3
y: 2
Solving node: 9*5
x: 9
y: 5
Solving node: 2+36
x: 2
y: 36
Solving node: 38+56
x: 38
y: 56
Solving node: 94+6
x: 94
y: 6
Solving node: 100-2
x: 100
y: 2
Solving node: 98+81
x: 98
y: 81
Solving node: 179+6
x: 179
y: 6
Solving node: 185-6
x: 185
y: 6
Solving node: 179+4
x: 179
y: 4
Solving node: 183-2
x: 183
y: 2
Solving node: 181+45
x: 181
y: 45
Originallösung: 2+9*4+7*8+6-2*1+9*9+6-3*2+4-2+9*5 = 226
[32/100] 2+9*4+7*8+6-2*1+9*9+6-3*2+4-2+9*5
Testing equation: 2+9*4+7*8+6-2*1+9*9+6-3*2+4-2+9*5
Checking node: 9*4
Solving node: 9*4
x: 9
y: 4
Checking node: 7*8
Solving node: 7*8
x: 7
y: 8
Checking node: 2*1
Solving node: 2*1
x: 2
y: 1
Checking node: 9*9
Solving node: 9*9
x: 9
y: 9
Checking node: 3*2
Solving node: 3*2
x: 3
y: 2
Checking node: 9*5
Solving node: 9*5
x: 9
y: 5
Checking node: 2+36
Solving node: 2+36
x: 2
y: 36
Checking node: 38+56
Solving node: 38+56
x: 38
y: 56
Checking node: 94+6
Solving node: 94+6
x: 94
y: 6
Checking node: 100-2
Solving node: 100-2
x: 100
y: 2
Checking node: 98+81
Solving node: 98+81
x: 98
y: 81
Checking node: 179+6
Solving node: 179+6
x: 179
y: 6
Checking node: 185-6
Solving node: 185-6
x: 185
y: 6
Checking node: 179+4
Solving node: 179+4
x: 179
y: 4
Checking node: 183-2
Solving node: 183-2
x: 183
y: 2
Checking node: 181+45
Solving node: 181+45
x: 181
y: 45
Checking node: 2+9
Checking node: 9*4
Checking node: 4+7
Checking node: 7*8
Checking node: 8+6
Checking node: 6-2
Checking node: 2*1
Checking node: 1+9
Checking node: 9*9
Checking node: 9+6
Checking node: 6-3
Checking node: 3*2
Checking node: 2+4
Checking node: 4-2
Checking node: 2+9
Checking node: 9*5
Difference: 7
Using default bounds (multiplication)
Calculating: 7*6
Solving node: 7*6
x: 7
y: 6
Solving node: 7*6
x: 7
y: 6
Solving node: 7*6
x: 7
y: 6
Difference: 42
Last: 6; Last sum: 42
Calculating: 7*6-3
Solving node: 7*6
x: 7
y: 6
Solving node: 42-3
x: 42
y: 3
Solving node: 7*6
x: 7
y: 6
Solving node: 42-3
x: 42
y: 3
Solving node: 7*6
x: 7
y: 6
Difference: 42-3
Calculating: 7*6-3+4
Solving node: 7*6
x: 7
y: 6
Solving node: 42-3
x: 42
y: 3
Solving node: 39+4
x: 39
y: 4
Solving node: 7*6
x: 7
y: 6
Solving node: 42-3
x: 42
y: 3
Solving node: 7*6
x: 7
y: 6
Solving node: 42-3
x: 42
y: 3
Solving node: 39+4
x: 39
y: 4
Difference: 43
Calculating: 7*6-3+4:2
Solving node: 7*6
x: 7
y: 6
Solving node: 4:2
x: 4
y: 2
Solving node: 42-3
x: 42
y: 3
Solving node: 39+2
x: 39
y: 2
Solving node: 7*6
x: 7
y: 6
Solving node: 4:2
x: 4
y: 2
Solving node: 42-3
x: 42
y: 3
Solving node: 7*6
x: 7
y: 6
Solving node: 4:2
x: 4
y: 2
Solving node: 42-3
x: 42
y: 3
Solving node: 39+2
x: 39
y: 2
Difference: 41
Using default bounds (multiplication)
Calculating: 7*6-3+4:2*1
Solving node: 7*6
x: 7
y: 6
Solving node: 4:2
x: 4
y: 2
Solving node: 2*1
x: 2
y: 1
Solving node: 42-3
x: 42
y: 3
Solving node: 39+2
x: 39
y: 2
Solving node: 7*6
x: 7
y: 6
Solving node: 4:2
x: 4
y: 2
Solving node: 2*1
x: 2
y: 1
Solving node: 42-3
x: 42
y: 3
Solving node: 7*6
x: 7
y: 6
Solving node: 4:2
x: 4
y: 2
Solving node: 2*1
x: 2
y: 1
Solving node: 42-3
x: 42
y: 3
Solving node: 39+2
x: 39
y: 2
Difference: 41
Calculating: 7*6-3+4:2*1+7
Solving node: 7*6
x: 7
y: 6
Solving node: 4:2
x: 4
y: 2
Solving node: 2*1
x: 2
y: 1
Solving node: 42-3
x: 42
y: 3
Solving node: 39+2
x: 39
y: 2
Solving node: 41+7
x: 41
y: 7
Solving node: 7*6
x: 7
y: 6
Solving node: 4:2
x: 4
y: 2
Solving node: 2*1
x: 2
y: 1
Solving node: 42-3
x: 42
y: 3
Solving node: 7*6
x: 7
y: 6
Solving node: 4:2
x: 4
y: 2
Solving node: 2*1
x: 2
y: 1
Solving node: 42-3
x: 42
y: 3
Solving node: 39+2
x: 39
y: 2
Solving node: 41+7
x: 41
y: 7
Difference: 48
Using default bounds (multiplication)
Calculating: 7*6-3+4:2*1+7*1
Solving node: 7*6
x: 7
y: 6
Solving node: 4:2
x: 4
y: 2
Solving node: 2*1
x: 2
y: 1
Solving node: 7*1
x: 7
y: 1
Solving node: 42-3
x: 42
y: 3
Solving node: 39+2
x: 39
y: 2
Solving node: 41+7
x: 41
y: 7
Solving node: 7*6
x: 7
y: 6
Solving node: 4:2
x: 4
y: 2
Solving node: 2*1
x: 2
y: 1
Solving node: 7*1
x: 7
y: 1
Solving node: 42-3
x: 42
y: 3
Solving node: 7*6
x: 7
y: 6
Solving node: 4:2
x: 4
y: 2
Solving node: 2*1
x: 2
y: 1
Solving node: 7*1
x: 7
y: 1
Solving node: 42-3
x: 42
y: 3
Solving node: 39+2
x: 39
y: 2
Solving node: 41+7
x: 41
y: 7
Difference: 48
Calculating: 7*6-3+4:2*1+7*1+2
Solving node: 7*6
x: 7
y: 6
Solving node: 4:2
x: 4
y: 2
Solving node: 2*1
x: 2
y: 1
Solving node: 7*1
x: 7
y: 1
Solving node: 42-3
x: 42
y: 3
Solving node: 39+2
x: 39
y: 2
Solving node: 41+7
x: 41
y: 7
Solving node: 48+2
x: 48
y: 2
Solving node: 7*6
x: 7
y: 6
Solving node: 4:2
x: 4
y: 2
Solving node: 2*1
x: 2
y: 1
Solving node: 7*1
x: 7
y: 1
Solving node: 42-3
x: 42
y: 3
Solving node: 7*6
x: 7
y: 6
Solving node: 4:2
x: 4
y: 2
Solving node: 2*1
x: 2
y: 1
Solving node: 7*1
x: 7
y: 1
Solving node: 42-3
x: 42
y: 3
Solving node: 39+2
x: 39
y: 2
Solving node: 41+7
x: 41
y: 7
Solving node: 48+2
x: 48
y: 2
Difference: 50
Using default bounds (multiplication)
Calculating: 7*6-3+4:2*1+7*1+2*8
Solving node: 7*6
x: 7
y: 6
Solving node: 4:2
x: 4
y: 2
Solving node: 2*1
x: 2
y: 1
Solving node: 7*1
x: 7
y: 1
Solving node: 2*8
x: 2
y: 8
Solving node: 42-3
x: 42
y: 3
Solving node: 39+2
x: 39
y: 2
Solving node: 41+7
x: 41
y: 7
Solving node: 48+16
x: 48
y: 16
Solving node: 7*6
x: 7
y: 6
Solving node: 4:2
x: 4
y: 2
Solving node: 2*1
x: 2
y: 1
Solving node: 7*1
x: 7
y: 1
Solving node: 2*8
x: 2
y: 8
Solving node: 42-3
x: 42
y: 3
Solving node: 7*6
x: 7
y: 6
Solving node: 4:2
x: 4
y: 2
Solving node: 2*1
x: 2
y: 1
Solving node: 7*1
x: 7
y: 1
Solving node: 2*8
x: 2
y: 8
Solving node: 42-3
x: 42
y: 3
Solving node: 39+2
x: 39
y: 2
Solving node: 41+7
x: 41
y: 7
Solving node: 48+16
x: 48
y: 16
Difference: 64
Last: 8; Last sum: 16
Calculating: 7*6-3+4:2*1+7*1+2*8-4
Solving node: 7*6
x: 7
y: 6
Solving node: 4:2
x: 4
y: 2
Solving node: 2*1
x: 2
y: 1
Solving node: 7*1
x: 7
y: 1
Solving node: 2*8
x: 2
y: 8
Solving node: 42-3
x: 42
y: 3
Solving node: 39+2
x: 39
y: 2
Solving node: 41+7
x: 41
y: 7
Solving node: 48+16
x: 48
y: 16
Solving node: 64-4
x: 64
y: 4
Solving node: 7*6
x: 7
y: 6
Solving node: 4:2
x: 4
y: 2
Solving node: 2*1
x: 2
y: 1
Solving node: 7*1
x: 7
y: 1
Solving node: 2*8
x: 2
y: 8
Solving node: 42-3
x: 42
y: 3
Solving node: 39+2
x: 39
y: 2
Solving node: 41+7
x: 41
y: 7
Solving node: 48+16
x: 48
y: 16
Solving node: 64-4
x: 64
y: 4
Solving node: 7*6
x: 7
y: 6
Solving node: 4:2
x: 4
y: 2
Solving node: 2*1
x: 2
y: 1
Solving node: 7*1
x: 7
y: 1
Solving node: 2*8
x: 2
y: 8
Solving node: 42-3
x: 42
y: 3
Solving node: 39+2
x: 39
y: 2
Solving node: 41+7
x: 41
y: 7
Solving node: 48+16
x: 48
y: 16
Difference: 64-4
Calculating: 7*6-3+4:2*1+7*1+2*8-4+9
Solving node: 7*6
x: 7
y: 6
Solving node: 4:2
x: 4
y: 2
Solving node: 2*1
x: 2
y: 1
Solving node: 7*1
x: 7
y: 1
Solving node: 2*8
x: 2
y: 8
Solving node: 42-3
x: 42
y: 3
Solving node: 39+2
x: 39
y: 2
Solving node: 41+7
x: 41
y: 7
Solving node: 48+16
x: 48
y: 16
Solving node: 64-4
x: 64
y: 4
Solving node: 60+9
x: 60
y: 9
Solving node: 7*6
x: 7
y: 6
Solving node: 4:2
x: 4
y: 2
Solving node: 2*1
x: 2
y: 1
Solving node: 7*1
x: 7
y: 1
Solving node: 2*8
x: 2
y: 8
Solving node: 42-3
x: 42
y: 3
Solving node: 39+2
x: 39
y: 2
Solving node: 41+7
x: 41
y: 7
Solving node: 48+16
x: 48
y: 16
Solving node: 64-4
x: 64
y: 4
Solving node: 7*6
x: 7
y: 6
Solving node: 4:2
x: 4
y: 2
Solving node: 2*1
x: 2
y: 1
Solving node: 7*1
x: 7
y: 1
Solving node: 2*8
x: 2
y: 8
Solving node: 42-3
x: 42
y: 3
Solving node: 39+2
x: 39
y: 2
Solving node: 41+7
x: 41
y: 7
Solving node: 48+16
x: 48
y: 16
Solving node: 64-4
x: 64
y: 4
Solving node: 60+9
x: 60
y: 9
Difference: 69
Last: 9; Last sum: 9
Calculating: 7*6-3+4:2*1+7*1+2*8-4+9-7
Solving node: 7*6
x: 7
y: 6
Solving node: 4:2
x: 4
y: 2
Solving node: 2*1
x: 2
y: 1
Solving node: 7*1
x: 7
y: 1
Solving node: 2*8
x: 2
y: 8
Solving node: 42-3
x: 42
y: 3
Solving node: 39+2
x: 39
y: 2
Solving node: 41+7
x: 41
y: 7
Solving node: 48+16
x: 48
y: 16
Solving node: 64-4
x: 64
y: 4
Solving node: 60+9
x: 60
y: 9
Solving node: 69-7
x: 69
y: 7
Solving node: 7*6
x: 7
y: 6
Solving node: 4:2
x: 4
y: 2
Solving node: 2*1
x: 2
y: 1
Solving node: 7*1
x: 7
y: 1
Solving node: 2*8
x: 2
y: 8
Solving node: 42-3
x: 42
y: 3
Solving node: 39+2
x: 39
y: 2
Solving node: 41+7
x: 41
y: 7
Solving node: 48+16
x: 48
y: 16
Solving node: 64-4
x: 64
y: 4
Solving node: 60+9
x: 60
y: 9
Solving node: 69-7
x: 69
y: 7
Solving node: 7*6
x: 7
y: 6
Solving node: 4:2
x: 4
y: 2
Solving node: 2*1
x: 2
y: 1
Solving node: 7*1
x: 7
y: 1
Solving node: 2*8
x: 2
y: 8
Solving node: 42-3
x: 42
y: 3
Solving node: 39+2
x: 39
y: 2
Solving node: 41+7
x: 41
y: 7
Solving node: 48+16
x: 48
y: 16
Solving node: 64-4
x: 64
y: 4
Solving node: 60+9
x: 60
y: 9
Difference: 69-7
Calculating bounds (multiplication)
Previous index: -1 | Last operator index: 2
Upper bound: 7
Calculating: 7*6-3+4:2*1+7*1+2*8-4+9-7*5
Solving node: 7*6
x: 7
y: 6
Solving node: 4:2
x: 4
y: 2
Solving node: 2*1
x: 2
y: 1
Solving node: 7*1
x: 7
y: 1
Solving node: 2*8
x: 2
y: 8
Solving node: 7*5
x: 7
y: 5
Solving node: 42-3
x: 42
y: 3
Solving node: 39+2
x: 39
y: 2
Solving node: 41+7
x: 41
y: 7
Solving node: 48+16
x: 48
y: 16
Solving node: 64-4
x: 64
y: 4
Solving node: 60+9
x: 60
y: 9
Solving node: 69-35
x: 69
y: 35
Solving node: 7*6
x: 7
y: 6
Solving node: 4:2
x: 4
y: 2
Solving node: 2*1
x: 2
y: 1
Solving node: 7*1
x: 7
y: 1
Solving node: 2*8
x: 2
y: 8
Solving node: 7*5
x: 7
y: 5
Solving node: 42-3
x: 42
y: 3
Solving node: 39+2
x: 39
y: 2
Solving node: 41+7
x: 41
y: 7
Solving node: 48+16
x: 48
y: 16
Solving node: 64-4
x: 64
y: 4
Solving node: 60+9
x: 60
y: 9
Solving node: 69-35
x: 69
y: 35
Solving node: 7*6
x: 7
y: 6
Solving node: 4:2
x: 4
y: 2
Solving node: 2*1
x: 2
y: 1
Solving node: 7*1
x: 7
y: 1
Solving node: 2*8
x: 2
y: 8
Solving node: 7*5
x: 7
y: 5
Solving node: 42-3
x: 42
y: 3
Solving node: 39+2
x: 39
y: 2
Solving node: 41+7
x: 41
y: 7
Solving node: 48+16
x: 48
y: 16
Solving node: 64-4
x: 64
y: 4
Solving node: 60+9
x: 60
y: 9
Difference: 69-35
Last: 5; Last sum: 34
Calculating: 7*6-3+4:2*1+7*1+2*8-4+9-7*5-3
Solving node: 7*6
x: 7
y: 6
Solving node: 4:2
x: 4
y: 2
Solving node: 2*1
x: 2
y: 1
Solving node: 7*1
x: 7
y: 1
Solving node: 2*8
x: 2
y: 8
Solving node: 7*5
x: 7
y: 5
Solving node: 42-3
x: 42
y: 3
Solving node: 39+2
x: 39
y: 2
Solving node: 41+7
x: 41
y: 7
Solving node: 48+16
x: 48
y: 16
Solving node: 64-4
x: 64
y: 4
Solving node: 60+9
x: 60
y: 9
Solving node: 69-35
x: 69
y: 35
Solving node: 34-3
x: 34
y: 3
Solving node: 7*6
x: 7
y: 6
Solving node: 4:2
x: 4
y: 2
Solving node: 2*1
x: 2
y: 1
Solving node: 7*1
x: 7
y: 1
Solving node: 2*8
x: 2
y: 8
Solving node: 7*5
x: 7
y: 5
Solving node: 42-3
x: 42
y: 3
Solving node: 39+2
x: 39
y: 2
Solving node: 41+7
x: 41
y: 7
Solving node: 48+16
x: 48
y: 16
Solving node: 64-4
x: 64
y: 4
Solving node: 60+9
x: 60
y: 9
Solving node: 69-35
x: 69
y: 35
Solving node: 34-3
x: 34
y: 3
Solving node: 7*6
x: 7
y: 6
Solving node: 4:2
x: 4
y: 2
Solving node: 2*1
x: 2
y: 1
Solving node: 7*1
x: 7
y: 1
Solving node: 2*8
x: 2
y: 8
Solving node: 7*5
x: 7
y: 5
Solving node: 42-3
x: 42
y: 3
Solving node: 39+2
x: 39
y: 2
Solving node: 41+7
x: 41
y: 7
Solving node: 48+16
x: 48
y: 16
Solving node: 64-4
x: 64
y: 4
Solving node: 60+9
x: 60
y: 9
Difference: 69-35-3
Calculating: 7*6-3+4:2*1+7*1+2*8-4+9-7*5-3+3
Solving node: 7*6
x: 7
y: 6
Solving node: 4:2
x: 4
y: 2
Solving node: 2*1
x: 2
y: 1
Solving node: 7*1
x: 7
y: 1
Solving node: 2*8
x: 2
y: 8
Solving node: 7*5
x: 7
y: 5
Solving node: 42-3
x: 42
y: 3
Solving node: 39+2
x: 39
y: 2
Solving node: 41+7
x: 41
y: 7
Solving node: 48+16
x: 48
y: 16
Solving node: 64-4
x: 64
y: 4
Solving node: 60+9
x: 60
y: 9
Solving node: 69-35
x: 69
y: 35
Solving node: 34-3
x: 34
y: 3
Solving node: 31+3
x: 31
y: 3
Solving node: 7*6
x: 7
y: 6
Solving node: 4:2
x: 4
y: 2
Solving node: 2*1
x: 2
y: 1
Solving node: 7*1
x: 7
y: 1
Solving node: 2*8
x: 2
y: 8
Solving node: 7*5
x: 7
y: 5
Solving node: 42-3
x: 42
y: 3
Solving node: 39+2
x: 39
y: 2
Solving node: 41+7
x: 41
y: 7
Solving node: 48+16
x: 48
y: 16
Solving node: 64-4
x: 64
y: 4
Solving node: 60+9
x: 60
y: 9
Solving node: 69-35
x: 69
y: 35
Solving node: 34-3
x: 34
y: 3
Solving node: 7*6
x: 7
y: 6
Solving node: 4:2
x: 4
y: 2
Solving node: 2*1
x: 2
y: 1
Solving node: 7*1
x: 7
y: 1
Solving node: 2*8
x: 2
y: 8
Solving node: 7*5
x: 7
y: 5
Solving node: 42-3
x: 42
y: 3
Solving node: 39+2
x: 39
y: 2
Solving node: 41+7
x: 41
y: 7
Solving node: 48+16
x: 48
y: 16
Solving node: 64-4
x: 64
y: 4
Solving node: 60+9
x: 60
y: 9
Solving node: 69-35
x: 69
y: 35
Solving node: 34-3
x: 34
y: 3
Solving node: 31+3
x: 31
y: 3
Difference: 34
Using default bounds (multiplication)
Calculating: 7*6-3+4:2*1+7*1+2*8-4+9-7*5-3+3*4
Solving node: 7*6
x: 7
y: 6
Solving node: 4:2
x: 4
y: 2
Solving node: 2*1
x: 2
y: 1
Solving node: 7*1
x: 7
y: 1
Solving node: 2*8
x: 2
y: 8
Solving node: 7*5
x: 7
y: 5
Solving node: 3*4
x: 3
y: 4
Solving node: 42-3
x: 42
y: 3
Solving node: 39+2
x: 39
y: 2
Solving node: 41+7
x: 41
y: 7
Solving node: 48+16
x: 48
y: 16
Solving node: 64-4
x: 64
y: 4
Solving node: 60+9
x: 60
y: 9
Solving node: 69-35
x: 69
y: 35
Solving node: 34-3
x: 34
y: 3
Solving node: 31+12
x: 31
y: 12
Originallösung: 7*6-3+4:2*1+7*1+2*8-4+9-7*5-3+3*4 = 43
[33/100] 7*6-3+4:2*1+7*1+2*8-4+9-7*5-3+3*4
Testing equation: 7*6-3+4:2*1+7*1+2*8-4+9-7*5-3+3*4
Checking node: 7*6
Solving node: 7*6
x: 7
y: 6
Checking node: 4:2
Solving node: 4:2
x: 4
y: 2
Checking node: 2*1
Solving node: 2*1
x: 2
y: 1
Checking node: 7*1
Solving node: 7*1
x: 7
y: 1
Checking node: 2*8
Solving node: 2*8
x: 2
y: 8
Checking node: 7*5
Solving node: 7*5
x: 7
y: 5
Checking node: 3*4
Solving node: 3*4
x: 3
y: 4
Checking node: 42-3
Solving node: 42-3
x: 42
y: 3
Checking node: 39+2
Solving node: 39+2
x: 39
y: 2
Checking node: 41+7
Solving node: 41+7
x: 41
y: 7
Checking node: 48+16
Solving node: 48+16
x: 48
y: 16
Checking node: 64-4
Solving node: 64-4
x: 64
y: 4
Checking node: 60+9
Solving node: 60+9
x: 60
y: 9
Checking node: 69-35
Solving node: 69-35
x: 69
y: 35
Checking node: 34-3
Solving node: 34-3
x: 34
y: 3
Checking node: 31+12
Solving node: 31+12
x: 31
y: 12
Checking node: 7*6
Checking node: 6-3
Checking node: 3+4
Checking node: 4:2
Checking node: 2*1
Checking node: 1+7
Checking node: 7*1
Checking node: 1+2
Checking node: 2*8
Checking node: 8-4
Checking node: 4+9
Checking node: 9-7
Checking node: 7*5
Checking node: 5-3
Checking node: 3+3
Checking node: 3*4
Difference: 2
Using default bounds (multiplication)
Calculating: 2*2
Solving node: 2*2
x: 2
y: 2
Solving node: 2*2
x: 2
y: 2
Solving node: 2*2
x: 2
y: 2
Difference: 4
Calculating: 2*2+5
Solving node: 2*2
x: 2
y: 2
Solving node: 4+5
x: 4
y: 5
Solving node: 2*2
x: 2
y: 2
Solving node: 2*2
x: 2
y: 2
Solving node: 4+5
x: 4
y: 5
Difference: 9
Using default bounds (multiplication)
Calculating: 2*2+5*1
Solving node: 2*2
x: 2
y: 2
Solving node: 5*1
x: 5
y: 1
Solving node: 4+5
x: 4
y: 5
Solving node: 2*2
x: 2
y: 2
Solving node: 5*1
x: 5
y: 1
Solving node: 2*2
x: 2
y: 2
Solving node: 5*1
x: 5
y: 1
Solving node: 4+5
x: 4
y: 5
Difference: 9
Calculating: 2*2+5*1+4
Solving node: 2*2
x: 2
y: 2
Solving node: 5*1
x: 5
y: 1
Solving node: 4+5
x: 4
y: 5
Solving node: 9+4
x: 9
y: 4
Solving node: 2*2
x: 2
y: 2
Solving node: 5*1
x: 5
y: 1
Solving node: 2*2
x: 2
y: 2
Solving node: 5*1
x: 5
y: 1
Solving node: 4+5
x: 4
y: 5
Solving node: 9+4
x: 9
y: 4
Difference: 13
Using default bounds (multiplication)
Calculating: 2*2+5*1+4*2
Solving node: 2*2
x: 2
y: 2
Solving node: 5*1
x: 5
y: 1
Solving node: 4*2
x: 4
y: 2
Solving node: 4+5
x: 4
y: 5
Solving node: 9+8
x: 9
y: 8
Solving node: 2*2
x: 2
y: 2
Solving node: 5*1
x: 5
y: 1
Solving node: 4*2
x: 4
y: 2
Solving node: 2*2
x: 2
y: 2
Solving node: 5*1
x: 5
y: 1
Solving node: 4*2
x: 4
y: 2
Solving node: 4+5
x: 4
y: 5
Solving node: 9+8
x: 9
y: 8
Difference: 17
Calculating: 2*2+5*1+4*2+1
Solving node: 2*2
x: 2
y: 2
Solving node: 5*1
x: 5
y: 1
Solving node: 4*2
x: 4
y: 2
Solving node: 4+5
x: 4
y: 5
Solving node: 9+8
x: 9
y: 8
Solving node: 17+1
x: 17
y: 1
Solving node: 2*2
x: 2
y: 2
Solving node: 5*1
x: 5
y: 1
Solving node: 4*2
x: 4
y: 2
Solving node: 2*2
x: 2
y: 2
Solving node: 5*1
x: 5
y: 1
Solving node: 4*2
x: 4
y: 2
Solving node: 4+5
x: 4
y: 5
Solving node: 9+8
x: 9
y: 8
Solving node: 17+1
x: 17
y: 1
Difference: 18
Using default bounds (multiplication)
Calculating: 2*2+5*1+4*2+1*6
Solving node: 2*2
x: 2
y: 2
Solving node: 5*1
x: 5
y: 1
Solving node: 4*2
x: 4
y: 2
Solving node: 1*6
x: 1
y: 6
Solving node: 4+5
x: 4
y: 5
Solving node: 9+8
x: 9
y: 8
Solving node: 17+6
x: 17
y: 6
Solving node: 2*2
x: 2
y: 2
Solving node: 5*1
x: 5
y: 1
Solving node: 4*2
x: 4
y: 2
Solving node: 1*6
x: 1
y: 6
Solving node: 2*2
x: 2
y: 2
Solving node: 5*1
x: 5
y: 1
Solving node: 4*2
x: 4
y: 2
Solving node: 1*6
x: 1
y: 6
Solving node: 4+5
x: 4
y: 5
Solving node: 9+8
x: 9
y: 8
Solving node: 17+6
x: 17
y: 6
Difference: 23
Last: 6; Last sum: 6
Calculating: 2*2+5*1+4*2+1*6-3
Solving node: 2*2
x: 2
y: 2
Solving node: 5*1
x: 5
y: 1
Solving node: 4*2
x: 4
y: 2
Solving node: 1*6
x: 1
y: 6
Solving node: 4+5
x: 4
y: 5
Solving node: 9+8
x: 9
y: 8
Solving node: 17+6
x: 17
y: 6
Solving node: 23-3
x: 23
y: 3
Solving node: 2*2
x: 2
y: 2
Solving node: 5*1
x: 5
y: 1
Solving node: 4*2
x: 4
y: 2
Solving node: 1*6
x: 1
y: 6
Solving node: 4+5
x: 4
y: 5
Solving node: 9+8
x: 9
y: 8
Solving node: 17+6
x: 17
y: 6
Solving node: 23-3
x: 23
y: 3
Solving node: 2*2
x: 2
y: 2
Solving node: 5*1
x: 5
y: 1
Solving node: 4*2
x: 4
y: 2
Solving node: 1*6
x: 1
y: 6
Solving node: 4+5
x: 4
y: 5
Solving node: 9+8
x: 9
y: 8
Solving node: 17+6
x: 17
y: 6
Difference: 23-3
Calculating bounds (multiplication)
Previous index: -1 | Last operator index: 2
Upper bound: 3
Calculating: 2*2+5*1+4*2+1*6-3*1
Solving node: 2*2
x: 2
y: 2
Solving node: 5*1
x: 5
y: 1
Solving node: 4*2
x: 4
y: 2
Solving node: 1*6
x: 1
y: 6
Solving node: 3*1
x: 3
y: 1
Solving node: 4+5
x: 4
y: 5
Solving node: 9+8
x: 9
y: 8
Solving node: 17+6
x: 17
y: 6
Solving node: 23-3
x: 23
y: 3
Solving node: 2*2
x: 2
y: 2
Solving node: 5*1
x: 5
y: 1
Solving node: 4*2
x: 4
y: 2
Solving node: 1*6
x: 1
y: 6
Solving node: 3*1
x: 3
y: 1
Solving node: 4+5
x: 4
y: 5
Solving node: 9+8
x: 9
y: 8
Solving node: 17+6
x: 17
y: 6
Solving node: 23-3
x: 23
y: 3
Solving node: 2*2
x: 2
y: 2
Solving node: 5*1
x: 5
y: 1
Solving node: 4*2
x: 4
y: 2
Solving node: 1*6
x: 1
y: 6
Solving node: 3*1
x: 3
y: 1
Solving node: 4+5
x: 4
y: 5
Solving node: 9+8
x: 9
y: 8
Solving node: 17+6
x: 17
y: 6
Difference: 23-3
Calculating: 2*2+5*1+4*2+1*6-3*1+7
Solving node: 2*2
x: 2
y: 2
Solving node: 5*1
x: 5
y: 1
Solving node: 4*2
x: 4
y: 2
Solving node: 1*6
x: 1
y: 6
Solving node: 3*1
x: 3
y: 1
Solving node: 4+5
x: 4
y: 5
Solving node: 9+8
x: 9
y: 8
Solving node: 17+6
x: 17
y: 6
Solving node: 23-3
x: 23
y: 3
Solving node: 20+7
x: 20
y: 7
Solving node: 2*2
x: 2
y: 2
Solving node: 5*1
x: 5
y: 1
Solving node: 4*2
x: 4
y: 2
Solving node: 1*6
x: 1
y: 6
Solving node: 3*1
x: 3
y: 1
Solving node: 4+5
x: 4
y: 5
Solving node: 9+8
x: 9
y: 8
Solving node: 17+6
x: 17
y: 6
Solving node: 23-3
x: 23
y: 3
Solving node: 2*2
x: 2
y: 2
Solving node: 5*1
x: 5
y: 1
Solving node: 4*2
x: 4
y: 2
Solving node: 1*6
x: 1
y: 6
Solving node: 3*1
x: 3
y: 1
Solving node: 4+5
x: 4
y: 5
Solving node: 9+8
x: 9
y: 8
Solving node: 17+6
x: 17
y: 6
Solving node: 23-3
x: 23
y: 3
Solving node: 20+7
x: 20
y: 7
Difference: 27
Using default bounds (multiplication)
Calculating: 2*2+5*1+4*2+1*6-3*1+7*4
Solving node: 2*2
x: 2
y: 2
Solving node: 5*1
x: 5
y: 1
Solving node: 4*2
x: 4
y: 2
Solving node: 1*6
x: 1
y: 6
Solving node: 3*1
x: 3
y: 1
Solving node: 7*4
x: 7
y: 4
Solving node: 4+5
x: 4
y: 5
Solving node: 9+8
x: 9
y: 8
Solving node: 17+6
x: 17
y: 6
Solving node: 23-3
x: 23
y: 3
Solving node: 20+28
x: 20
y: 28
Solving node: 2*2
x: 2
y: 2
Solving node: 5*1
x: 5
y: 1
Solving node: 4*2
x: 4
y: 2
Solving node: 1*6
x: 1
y: 6
Solving node: 3*1
x: 3
y: 1
Solving node: 7*4
x: 7
y: 4
Solving node: 4+5
x: 4
y: 5
Solving node: 9+8
x: 9
y: 8
Solving node: 17+6
x: 17
y: 6
Solving node: 23-3
x: 23
y: 3
Solving node: 2*2
x: 2
y: 2
Solving node: 5*1
x: 5
y: 1
Solving node: 4*2
x: 4
y: 2
Solving node: 1*6
x: 1
y: 6
Solving node: 3*1
x: 3
y: 1
Solving node: 7*4
x: 7
y: 4
Solving node: 4+5
x: 4
y: 5
Solving node: 9+8
x: 9
y: 8
Solving node: 17+6
x: 17
y: 6
Solving node: 23-3
x: 23
y: 3
Solving node: 20+28
x: 20
y: 28
Difference: 48
Last: 4; Last sum: 28
Calculating: 2*2+5*1+4*2+1*6-3*1+7*4-3
Solving node: 2*2
x: 2
y: 2
Solving node: 5*1
x: 5
y: 1
Solving node: 4*2
x: 4
y: 2
Solving node: 1*6
x: 1
y: 6
Solving node: 3*1
x: 3
y: 1
Solving node: 7*4
x: 7
y: 4
Solving node: 4+5
x: 4
y: 5
Solving node: 9+8
x: 9
y: 8
Solving node: 17+6
x: 17
y: 6
Solving node: 23-3
x: 23
y: 3
Solving node: 20+28
x: 20
y: 28
Solving node: 48-3
x: 48
y: 3
Solving node: 2*2
x: 2
y: 2
Solving node: 5*1
x: 5
y: 1
Solving node: 4*2
x: 4
y: 2
Solving node: 1*6
x: 1
y: 6
Solving node: 3*1
x: 3
y: 1
Solving node: 7*4
x: 7
y: 4
Solving node: 4+5
x: 4
y: 5
Solving node: 9+8
x: 9
y: 8
Solving node: 17+6
x: 17
y: 6
Solving node: 23-3
x: 23
y: 3
Solving node: 20+28
x: 20
y: 28
Solving node: 48-3
x: 48
y: 3
Solving node: 2*2
x: 2
y: 2
Solving node: 5*1
x: 5
y: 1
Solving node: 4*2
x: 4
y: 2
Solving node: 1*6
x: 1
y: 6
Solving node: 3*1
x: 3
y: 1
Solving node: 7*4
x: 7
y: 4
Solving node: 4+5
x: 4
y: 5
Solving node: 9+8
x: 9
y: 8
Solving node: 17+6
x: 17
y: 6
Solving node: 23-3
x: 23
y: 3
Solving node: 20+28
x: 20
y: 28
Difference: 48-3
Calculating: 2*2+5*1+4*2+1*6-3*1+7*4-3+2
Solving node: 2*2
x: 2
y: 2
Solving node: 5*1
x: 5
y: 1
Solving node: 4*2
x: 4
y: 2
Solving node: 1*6
x: 1
y: 6
Solving node: 3*1
x: 3
y: 1
Solving node: 7*4
x: 7
y: 4
Solving node: 4+5
x: 4
y: 5
Solving node: 9+8
x: 9
y: 8
Solving node: 17+6
x: 17
y: 6
Solving node: 23-3
x: 23
y: 3
Solving node: 20+28
x: 20
y: 28
Solving node: 48-3
x: 48
y: 3
Solving node: 45+2
x: 45
y: 2
Solving node: 2*2
x: 2
y: 2
Solving node: 5*1
x: 5
y: 1
Solving node: 4*2
x: 4
y: 2
Solving node: 1*6
x: 1
y: 6
Solving node: 3*1
x: 3
y: 1
Solving node: 7*4
x: 7
y: 4
Solving node: 4+5
x: 4
y: 5
Solving node: 9+8
x: 9
y: 8
Solving node: 17+6
x: 17
y: 6
Solving node: 23-3
x: 23
y: 3
Solving node: 20+28
x: 20
y: 28
Solving node: 48-3
x: 48
y: 3
Solving node: 2*2
x: 2
y: 2
Solving node: 5*1
x: 5
y: 1
Solving node: 4*2
x: 4
y: 2
Solving node: 1*6
x: 1
y: 6
Solving node: 3*1
x: 3
y: 1
Solving node: 7*4
x: 7
y: 4
Solving node: 4+5
x: 4
y: 5
Solving node: 9+8
x: 9
y: 8
Solving node: 17+6
x: 17
y: 6
Solving node: 23-3
x: 23
y: 3
Solving node: 20+28
x: 20
y: 28
Solving node: 48-3
x: 48
y: 3
Solving node: 45+2
x: 45
y: 2
Difference: 47
Using default bounds (multiplication)
Calculating: 2*2+5*1+4*2+1*6-3*1+7*4-3+2*6
Solving node: 2*2
x: 2
y: 2
Solving node: 5*1
x: 5
y: 1
Solving node: 4*2
x: 4
y: 2
Solving node: 1*6
x: 1
y: 6
Solving node: 3*1
x: 3
y: 1
Solving node: 7*4
x: 7
y: 4
Solving node: 2*6
x: 2
y: 6
Solving node: 4+5
x: 4
y: 5
Solving node: 9+8
x: 9
y: 8
Solving node: 17+6
x: 17
y: 6
Solving node: 23-3
x: 23
y: 3
Solving node: 20+28
x: 20
y: 28
Solving node: 48-3
x: 48
y: 3
Solving node: 45+12
x: 45
y: 12
Solving node: 2*2
x: 2
y: 2
Solving node: 5*1
x: 5
y: 1
Solving node: 4*2
x: 4
y: 2
Solving node: 1*6
x: 1
y: 6
Solving node: 3*1
x: 3
y: 1
Solving node: 7*4
x: 7
y: 4
Solving node: 2*6
x: 2
y: 6
Solving node: 4+5
x: 4
y: 5
Solving node: 9+8
x: 9
y: 8
Solving node: 17+6
x: 17
y: 6
Solving node: 23-3
x: 23
y: 3
Solving node: 20+28
x: 20
y: 28
Solving node: 48-3
x: 48
y: 3
Solving node: 2*2
x: 2
y: 2
Solving node: 5*1
x: 5
y: 1
Solving node: 4*2
x: 4
y: 2
Solving node: 1*6
x: 1
y: 6
Solving node: 3*1
x: 3
y: 1
Solving node: 7*4
x: 7
y: 4
Solving node: 2*6
x: 2
y: 6
Solving node: 4+5
x: 4
y: 5
Solving node: 9+8
x: 9
y: 8
Solving node: 17+6
x: 17
y: 6
Solving node: 23-3
x: 23
y: 3
Solving node: 20+28
x: 20
y: 28
Solving node: 48-3
x: 48
y: 3
Solving node: 45+12
x: 45
y: 12
Difference: 57
Calculating: 2*2+5*1+4*2+1*6-3*1+7*4-3+2*6+7
Solving node: 2*2
x: 2
y: 2
Solving node: 5*1
x: 5
y: 1
Solving node: 4*2
x: 4
y: 2
Solving node: 1*6
x: 1
y: 6
Solving node: 3*1
x: 3
y: 1
Solving node: 7*4
x: 7
y: 4
Solving node: 2*6
x: 2
y: 6
Solving node: 4+5
x: 4
y: 5
Solving node: 9+8
x: 9
y: 8
Solving node: 17+6
x: 17
y: 6
Solving node: 23-3
x: 23
y: 3
Solving node: 20+28
x: 20
y: 28
Solving node: 48-3
x: 48
y: 3
Solving node: 45+12
x: 45
y: 12
Solving node: 57+7
x: 57
y: 7
Solving node: 2*2
x: 2
y: 2
Solving node: 5*1
x: 5
y: 1
Solving node: 4*2
x: 4
y: 2
Solving node: 1*6
x: 1
y: 6
Solving node: 3*1
x: 3
y: 1
Solving node: 7*4
x: 7
y: 4
Solving node: 2*6
x: 2
y: 6
Solving node: 4+5
x: 4
y: 5
Solving node: 9+8
x: 9
y: 8
Solving node: 17+6
x: 17
y: 6
Solving node: 23-3
x: 23
y: 3
Solving node: 20+28
x: 20
y: 28
Solving node: 48-3
x: 48
y: 3
Solving node: 2*2
x: 2
y: 2
Solving node: 5*1
x: 5
y: 1
Solving node: 4*2
x: 4
y: 2
Solving node: 1*6
x: 1
y: 6
Solving node: 3*1
x: 3
y: 1
Solving node: 7*4
x: 7
y: 4
Solving node: 2*6
x: 2
y: 6
Solving node: 4+5
x: 4
y: 5
Solving node: 9+8
x: 9
y: 8
Solving node: 17+6
x: 17
y: 6
Solving node: 23-3
x: 23
y: 3
Solving node: 20+28
x: 20
y: 28
Solving node: 48-3
x: 48
y: 3
Solving node: 45+12
x: 45
y: 12
Solving node: 57+7
x: 57
y: 7
Difference: 64
Last: 7; Last sum: 7
Calculating: 2*2+5*1+4*2+1*6-3*1+7*4-3+2*6+7-2
Solving node: 2*2
x: 2
y: 2
Solving node: 5*1
x: 5
y: 1
Solving node: 4*2
x: 4
y: 2
Solving node: 1*6
x: 1
y: 6
Solving node: 3*1
x: 3
y: 1
Solving node: 7*4
x: 7
y: 4
Solving node: 2*6
x: 2
y: 6
Solving node: 4+5
x: 4
y: 5
Solving node: 9+8
x: 9
y: 8
Solving node: 17+6
x: 17
y: 6
Solving node: 23-3
x: 23
y: 3
Solving node: 20+28
x: 20
y: 28
Solving node: 48-3
x: 48
y: 3
Solving node: 45+12
x: 45
y: 12
Solving node: 57+7
x: 57
y: 7
Solving node: 64-2
x: 64
y: 2
Originallösung: 2*2+5*1+4*2+1*6-3*1+7*4-3+2*6+7-2 = 62
[34/100] 2*2+5*1+4*2+1*6-3*1+7*4-3+2*6+7-2
Testing equation: 2*2+5*1+4*2+1*6-3*1+7*4-3+2*6+7-2
Checking node: 2*2
Solving node: 2*2
x: 2
y: 2
Checking node: 5*1
Solving node: 5*1
x: 5
y: 1
Checking node: 4*2
Solving node: 4*2
x: 4
y: 2
Checking node: 1*6
Solving node: 1*6
x: 1
y: 6
Checking node: 3*1
Solving node: 3*1
x: 3
y: 1
Checking node: 7*4
Solving node: 7*4
x: 7
y: 4
Checking node: 2*6
Solving node: 2*6
x: 2
y: 6
Checking node: 4+5
Solving node: 4+5
x: 4
y: 5
Checking node: 9+8
Solving node: 9+8
x: 9
y: 8
Checking node: 17+6
Solving node: 17+6
x: 17
y: 6
Checking node: 23-3
Solving node: 23-3
x: 23
y: 3
Checking node: 20+28
Solving node: 20+28
x: 20
y: 28
Checking node: 48-3
Solving node: 48-3
x: 48
y: 3
Checking node: 45+12
Solving node: 45+12
x: 45
y: 12
Checking node: 57+7
Solving node: 57+7
x: 57
y: 7
Checking node: 64-2
Solving node: 64-2
x: 64
y: 2
Checking node: 2*2
Checking node: 2+5
Checking node: 5*1
Checking node: 1+4
Checking node: 4*2
Checking node: 2+1
Checking node: 1*6
Checking node: 6-3
Checking node: 3*1
Checking node: 1+7
Checking node: 7*4
Checking node: 4-3
Checking node: 3+2
Checking node: 2*6
Checking node: 6+7
Checking node: 7-2
Difference: 3
Using default bounds (multiplication)
Calculating: 3*5
Solving node: 3*5
x: 3
y: 5
Solving node: 3*5
x: 3
y: 5
Solving node: 3*5
x: 3
y: 5
Difference: 15
Calculating: 3*5+1
Solving node: 3*5
x: 3
y: 5
Solving node: 15+1
x: 15
y: 1
Solving node: 3*5
x: 3
y: 5
Solving node: 3*5
x: 3
y: 5
Solving node: 15+1
x: 15
y: 1
Difference: 16
Using default bounds (multiplication)
Calculating: 3*5+1*4
Solving node: 3*5
x: 3
y: 5
Solving node: 1*4
x: 1
y: 4
Solving node: 15+4
x: 15
y: 4
Solving node: 3*5
x: 3
y: 5
Solving node: 1*4
x: 1
y: 4
Solving node: 3*5
x: 3
y: 5
Solving node: 1*4
x: 1
y: 4
Solving node: 15+4
x: 15
y: 4
Difference: 19
Calculating: 3*5+1*4:1
Solving node: 3*5
x: 3
y: 5
Solving node: 1*4
x: 1
y: 4
Solving node: 4:1
x: 4
y: 1
Solving node: 15+4
x: 15
y: 4
Solving node: 3*5
x: 3
y: 5
Solving node: 1*4
x: 1
y: 4
Solving node: 4:1
x: 4
y: 1
Solving node: 3*5
x: 3
y: 5
Solving node: 1*4
x: 1
y: 4
Solving node: 4:1
x: 4
y: 1
Solving node: 15+4
x: 15
y: 4
Difference: 19
Calculating: 3*5+1*4:1+9
Solving node: 3*5
x: 3
y: 5
Solving node: 1*4
x: 1
y: 4
Solving node: 4:1
x: 4
y: 1
Solving node: 15+4
x: 15
y: 4
Solving node: 19+9
x: 19
y: 9
Solving node: 3*5
x: 3
y: 5
Solving node: 1*4
x: 1
y: 4
Solving node: 4:1
x: 4
y: 1
Solving node: 3*5
x: 3
y: 5
Solving node: 1*4
x: 1
y: 4
Solving node: 4:1
x: 4
y: 1
Solving node: 15+4
x: 15
y: 4
Solving node: 19+9
x: 19
y: 9
Difference: 28
Using default bounds (multiplication)
Calculating: 3*5+1*4:1+9*3
Solving node: 3*5
x: 3
y: 5
Solving node: 1*4
x: 1
y: 4
Solving node: 4:1
x: 4
y: 1
Solving node: 9*3
x: 9
y: 3
Solving node: 15+4
x: 15
y: 4
Solving node: 19+27
x: 19
y: 27
Solving node: 3*5
x: 3
y: 5
Solving node: 1*4
x: 1
y: 4
Solving node: 4:1
x: 4
y: 1
Solving node: 9*3
x: 9
y: 3
Solving node: 3*5
x: 3
y: 5
Solving node: 1*4
x: 1
y: 4
Solving node: 4:1
x: 4
y: 1
Solving node: 9*3
x: 9
y: 3
Solving node: 15+4
x: 15
y: 4
Solving node: 19+27
x: 19
y: 27
Difference: 46
Calculating: 3*5+1*4:1+9*3+6
Solving node: 3*5
x: 3
y: 5
Solving node: 1*4
x: 1
y: 4
Solving node: 4:1
x: 4
y: 1
Solving node: 9*3
x: 9
y: 3
Solving node: 15+4
x: 15
y: 4
Solving node: 19+27
x: 19
y: 27
Solving node: 46+6
x: 46
y: 6
Solving node: 3*5
x: 3
y: 5
Solving node: 1*4
x: 1
y: 4
Solving node: 4:1
x: 4
y: 1
Solving node: 9*3
x: 9
y: 3
Solving node: 3*5
x: 3
y: 5
Solving node: 1*4
x: 1
y: 4
Solving node: 4:1
x: 4
y: 1
Solving node: 9*3
x: 9
y: 3
Solving node: 15+4
x: 15
y: 4
Solving node: 19+27
x: 19
y: 27
Solving node: 46+6
x: 46
y: 6
Difference: 52
Last: 6; Last sum: 6
Calculating: 3*5+1*4:1+9*3+6-3
Solving node: 3*5
x: 3
y: 5
Solving node: 1*4
x: 1
y: 4
Solving node: 4:1
x: 4
y: 1
Solving node: 9*3
x: 9
y: 3
Solving node: 15+4
x: 15
y: 4
Solving node: 19+27
x: 19
y: 27
Solving node: 46+6
x: 46
y: 6
Solving node: 52-3
x: 52
y: 3
Solving node: 3*5
x: 3
y: 5
Solving node: 1*4
x: 1
y: 4
Solving node: 4:1
x: 4
y: 1
Solving node: 9*3
x: 9
y: 3
Solving node: 15+4
x: 15
y: 4
Solving node: 19+27
x: 19
y: 27
Solving node: 46+6
x: 46
y: 6
Solving node: 52-3
x: 52
y: 3
Solving node: 3*5
x: 3
y: 5
Solving node: 1*4
x: 1
y: 4
Solving node: 4:1
x: 4
y: 1
Solving node: 9*3
x: 9
y: 3
Solving node: 15+4
x: 15
y: 4
Solving node: 19+27
x: 19
y: 27
Solving node: 46+6
x: 46
y: 6
Difference: 52-3
Calculating bounds (multiplication)
Previous index: -1 | Last operator index: 2
Upper bound: 3
Calculating: 3*5+1*4:1+9*3+6-3*2
Solving node: 3*5
x: 3
y: 5
Solving node: 1*4
x: 1
y: 4
Solving node: 4:1
x: 4
y: 1
Solving node: 9*3
x: 9
y: 3
Solving node: 3*2
x: 3
y: 2
Solving node: 15+4
x: 15
y: 4
Solving node: 19+27
x: 19
y: 27
Solving node: 46+6
x: 46
y: 6
Solving node: 52-6
x: 52
y: 6
Solving node: 3*5
x: 3
y: 5
Solving node: 1*4
x: 1
y: 4
Solving node: 4:1
x: 4
y: 1
Solving node: 9*3
x: 9
y: 3
Solving node: 3*2
x: 3
y: 2
Solving node: 15+4
x: 15
y: 4
Solving node: 19+27
x: 19
y: 27
Solving node: 46+6
x: 46
y: 6
Solving node: 52-6
x: 52
y: 6
Solving node: 3*5
x: 3
y: 5
Solving node: 1*4
x: 1
y: 4
Solving node: 4:1
x: 4
y: 1
Solving node: 9*3
x: 9
y: 3
Solving node: 3*2
x: 3
y: 2
Solving node: 15+4
x: 15
y: 4
Solving node: 19+27
x: 19
y: 27
Solving node: 46+6
x: 46
y: 6
Difference: 52-6
Calculating: 3*5+1*4:1+9*3+6-3*2+3
Solving node: 3*5
x: 3
y: 5
Solving node: 1*4
x: 1
y: 4
Solving node: 4:1
x: 4
y: 1
Solving node: 9*3
x: 9
y: 3
Solving node: 3*2
x: 3
y: 2
Solving node: 15+4
x: 15
y: 4
Solving node: 19+27
x: 19
y: 27
Solving node: 46+6
x: 46
y: 6
Solving node: 52-6
x: 52
y: 6
Solving node: 46+3
x: 46
y: 3
Solving node: 3*5
x: 3
y: 5
Solving node: 1*4
x: 1
y: 4
Solving node: 4:1
x: 4
y: 1
Solving node: 9*3
x: 9
y: 3
Solving node: 3*2
x: 3
y: 2
Solving node: 15+4
x: 15
y: 4
Solving node: 19+27
x: 19
y: 27
Solving node: 46+6
x: 46
y: 6
Solving node: 52-6
x: 52
y: 6
Solving node: 3*5
x: 3
y: 5
Solving node: 1*4
x: 1
y: 4
Solving node: 4:1
x: 4
y: 1
Solving node: 9*3
x: 9
y: 3
Solving node: 3*2
x: 3
y: 2
Solving node: 15+4
x: 15
y: 4
Solving node: 19+27
x: 19
y: 27
Solving node: 46+6
x: 46
y: 6
Solving node: 52-6
x: 52
y: 6
Solving node: 46+3
x: 46
y: 3
Difference: 49
Last: 3; Last sum: 3
Calculating: 3*5+1*4:1+9*3+6-3*2+3-1
Solving node: 3*5
x: 3
y: 5
Solving node: 1*4
x: 1
y: 4
Solving node: 4:1
x: 4
y: 1
Solving node: 9*3
x: 9
y: 3
Solving node: 3*2
x: 3
y: 2
Solving node: 15+4
x: 15
y: 4
Solving node: 19+27
x: 19
y: 27
Solving node: 46+6
x: 46
y: 6
Solving node: 52-6
x: 52
y: 6
Solving node: 46+3
x: 46
y: 3
Solving node: 49-1
x: 49
y: 1
Solving node: 3*5
x: 3
y: 5
Solving node: 1*4
x: 1
y: 4
Solving node: 4:1
x: 4
y: 1
Solving node: 9*3
x: 9
y: 3
Solving node: 3*2
x: 3
y: 2
Solving node: 15+4
x: 15
y: 4
Solving node: 19+27
x: 19
y: 27
Solving node: 46+6
x: 46
y: 6
Solving node: 52-6
x: 52
y: 6
Solving node: 46+3
x: 46
y: 3
Solving node: 49-1
x: 49
y: 1
Solving node: 3*5
x: 3
y: 5
Solving node: 1*4
x: 1
y: 4
Solving node: 4:1
x: 4
y: 1
Solving node: 9*3
x: 9
y: 3
Solving node: 3*2
x: 3
y: 2
Solving node: 15+4
x: 15
y: 4
Solving node: 19+27
x: 19
y: 27
Solving node: 46+6
x: 46
y: 6
Solving node: 52-6
x: 52
y: 6
Solving node: 46+3
x: 46
y: 3
Difference: 49-1
Calculating bounds (multiplication)
Previous index: -1 | Last operator index: 2
Upper bound: 1
Solving node: 3*5
x: 3
y: 5
Solving node: 1*4
x: 1
y: 4
Solving node: 4:1
x: 4
y: 1
Solving node: 9*3
x: 9
y: 3
Solving node: 3*2
x: 3
y: 2
Solving node: 15+4
x: 15
y: 4
Solving node: 19+27
x: 19
y: 27
Solving node: 46+6
x: 46
y: 6
Solving node: 52-6
x: 52
y: 6
Solving node: 46+3
x: 46
y: 3
Solving node: 49-1
x: 49
y: 1
Solving node: 3*5
x: 3
y: 5
Solving node: 1*4
x: 1
y: 4
Solving node: 4:1
x: 4
y: 1
Solving node: 9*3
x: 9
y: 3
Solving node: 3*2
x: 3
y: 2
Solving node: 15+4
x: 15
y: 4
Solving node: 19+27
x: 19
y: 27
Solving node: 46+6
x: 46
y: 6
Solving node: 52-6
x: 52
y: 6
Solving node: 46+3
x: 46
y: 3
Difference: 49-1
Calculating: 3*5+1*4:1+9*3+6-3*2+3-1+9
Solving node: 3*5
x: 3
y: 5
Solving node: 1*4
x: 1
y: 4
Solving node: 4:1
x: 4
y: 1
Solving node: 9*3
x: 9
y: 3
Solving node: 3*2
x: 3
y: 2
Solving node: 15+4
x: 15
y: 4
Solving node: 19+27
x: 19
y: 27
Solving node: 46+6
x: 46
y: 6
Solving node: 52-6
x: 52
y: 6
Solving node: 46+3
x: 46
y: 3
Solving node: 49-1
x: 49
y: 1
Solving node: 48+9
x: 48
y: 9
Solving node: 3*5
x: 3
y: 5
Solving node: 1*4
x: 1
y: 4
Solving node: 4:1
x: 4
y: 1
Solving node: 9*3
x: 9
y: 3
Solving node: 3*2
x: 3
y: 2
Solving node: 15+4
x: 15
y: 4
Solving node: 19+27
x: 19
y: 27
Solving node: 46+6
x: 46
y: 6
Solving node: 52-6
x: 52
y: 6
Solving node: 46+3
x: 46
y: 3
Solving node: 49-1
x: 49
y: 1
Solving node: 3*5
x: 3
y: 5
Solving node: 1*4
x: 1
y: 4
Solving node: 4:1
x: 4
y: 1
Solving node: 9*3
x: 9
y: 3
Solving node: 3*2
x: 3
y: 2
Solving node: 15+4
x: 15
y: 4
Solving node: 19+27
x: 19
y: 27
Solving node: 46+6
x: 46
y: 6
Solving node: 52-6
x: 52
y: 6
Solving node: 46+3
x: 46
y: 3
Solving node: 49-1
x: 49
y: 1
Solving node: 48+9
x: 48
y: 9
Difference: 57
Using default bounds (multiplication)
Calculating: 3*5+1*4:1+9*3+6-3*2+3-1+9*5
Solving node: 3*5
x: 3
y: 5
Solving node: 1*4
x: 1
y: 4
Solving node: 4:1
x: 4
y: 1
Solving node: 9*3
x: 9
y: 3
Solving node: 3*2
x: 3
y: 2
Solving node: 9*5
x: 9
y: 5
Solving node: 15+4
x: 15
y: 4
Solving node: 19+27
x: 19
y: 27
Solving node: 46+6
x: 46
y: 6
Solving node: 52-6
x: 52
y: 6
Solving node: 46+3
x: 46
y: 3
Solving node: 49-1
x: 49
y: 1
Solving node: 48+45
x: 48
y: 45
Solving node: 3*5
x: 3
y: 5
Solving node: 1*4
x: 1
y: 4
Solving node: 4:1
x: 4
y: 1
Solving node: 9*3
x: 9
y: 3
Solving node: 3*2
x: 3
y: 2
Solving node: 9*5
x: 9
y: 5
Solving node: 15+4
x: 15
y: 4
Solving node: 19+27
x: 19
y: 27
Solving node: 46+6
x: 46
y: 6
Solving node: 52-6
x: 52
y: 6
Solving node: 46+3
x: 46
y: 3
Solving node: 49-1
x: 49
y: 1
Solving node: 3*5
x: 3
y: 5
Solving node: 1*4
x: 1
y: 4
Solving node: 4:1
x: 4
y: 1
Solving node: 9*3
x: 9
y: 3
Solving node: 3*2
x: 3
y: 2
Solving node: 9*5
x: 9
y: 5
Solving node: 15+4
x: 15
y: 4
Solving node: 19+27
x: 19
y: 27
Solving node: 46+6
x: 46
y: 6
Solving node: 52-6
x: 52
y: 6
Solving node: 46+3
x: 46
y: 3
Solving node: 49-1
x: 49
y: 1
Solving node: 48+45
x: 48
y: 45
Difference: 93
Calculating: 3*5+1*4:1+9*3+6-3*2+3-1+9*5+1
Solving node: 3*5
x: 3
y: 5
Solving node: 1*4
x: 1
y: 4
Solving node: 4:1
x: 4
y: 1
Solving node: 9*3
x: 9
y: 3
Solving node: 3*2
x: 3
y: 2
Solving node: 9*5
x: 9
y: 5
Solving node: 15+4
x: 15
y: 4
Solving node: 19+27
x: 19
y: 27
Solving node: 46+6
x: 46
y: 6
Solving node: 52-6
x: 52
y: 6
Solving node: 46+3
x: 46
y: 3
Solving node: 49-1
x: 49
y: 1
Solving node: 48+45
x: 48
y: 45
Solving node: 93+1
x: 93
y: 1
Solving node: 3*5
x: 3
y: 5
Solving node: 1*4
x: 1
y: 4
Solving node: 4:1
x: 4
y: 1
Solving node: 9*3
x: 9
y: 3
Solving node: 3*2
x: 3
y: 2
Solving node: 9*5
x: 9
y: 5
Solving node: 15+4
x: 15
y: 4
Solving node: 19+27
x: 19
y: 27
Solving node: 46+6
x: 46
y: 6
Solving node: 52-6
x: 52
y: 6
Solving node: 46+3
x: 46
y: 3
Solving node: 49-1
x: 49
y: 1
Solving node: 3*5
x: 3
y: 5
Solving node: 1*4
x: 1
y: 4
Solving node: 4:1
x: 4
y: 1
Solving node: 9*3
x: 9
y: 3
Solving node: 3*2
x: 3
y: 2
Solving node: 9*5
x: 9
y: 5
Solving node: 15+4
x: 15
y: 4
Solving node: 19+27
x: 19
y: 27
Solving node: 46+6
x: 46
y: 6
Solving node: 52-6
x: 52
y: 6
Solving node: 46+3
x: 46
y: 3
Solving node: 49-1
x: 49
y: 1
Solving node: 48+45
x: 48
y: 45
Solving node: 93+1
x: 93
y: 1
Difference: 94
Using default bounds (multiplication)
Calculating: 3*5+1*4:1+9*3+6-3*2+3-1+9*5+1*4
Solving node: 3*5
x: 3
y: 5
Solving node: 1*4
x: 1
y: 4
Solving node: 4:1
x: 4
y: 1
Solving node: 9*3
x: 9
y: 3
Solving node: 3*2
x: 3
y: 2
Solving node: 9*5
x: 9
y: 5
Solving node: 1*4
x: 1
y: 4
Solving node: 15+4
x: 15
y: 4
Solving node: 19+27
x: 19
y: 27
Solving node: 46+6
x: 46
y: 6
Solving node: 52-6
x: 52
y: 6
Solving node: 46+3
x: 46
y: 3
Solving node: 49-1
x: 49
y: 1
Solving node: 48+45
x: 48
y: 45
Solving node: 93+4
x: 93
y: 4
Solving node: 3*5
x: 3
y: 5
Solving node: 1*4
x: 1
y: 4
Solving node: 4:1
x: 4
y: 1
Solving node: 9*3
x: 9
y: 3
Solving node: 3*2
x: 3
y: 2
Solving node: 9*5
x: 9
y: 5
Solving node: 1*4
x: 1
y: 4
Solving node: 15+4
x: 15
y: 4
Solving node: 19+27
x: 19
y: 27
Solving node: 46+6
x: 46
y: 6
Solving node: 52-6
x: 52
y: 6
Solving node: 46+3
x: 46
y: 3
Solving node: 49-1
x: 49
y: 1
Solving node: 3*5
x: 3
y: 5
Solving node: 1*4
x: 1
y: 4
Solving node: 4:1
x: 4
y: 1
Solving node: 9*3
x: 9
y: 3
Solving node: 3*2
x: 3
y: 2
Solving node: 9*5
x: 9
y: 5
Solving node: 1*4
x: 1
y: 4
Solving node: 15+4
x: 15
y: 4
Solving node: 19+27
x: 19
y: 27
Solving node: 46+6
x: 46
y: 6
Solving node: 52-6
x: 52
y: 6
Solving node: 46+3
x: 46
y: 3
Solving node: 49-1
x: 49
y: 1
Solving node: 48+45
x: 48
y: 45
Solving node: 93+4
x: 93
y: 4
Difference: 97
Calculating: 3*5+1*4:1+9*3+6-3*2+3-1+9*5+1*4+2
Solving node: 3*5
x: 3
y: 5
Solving node: 1*4
x: 1
y: 4
Solving node: 4:1
x: 4
y: 1
Solving node: 9*3
x: 9
y: 3
Solving node: 3*2
x: 3
y: 2
Solving node: 9*5
x: 9
y: 5
Solving node: 1*4
x: 1
y: 4
Solving node: 15+4
x: 15
y: 4
Solving node: 19+27
x: 19
y: 27
Solving node: 46+6
x: 46
y: 6
Solving node: 52-6
x: 52
y: 6
Solving node: 46+3
x: 46
y: 3
Solving node: 49-1
x: 49
y: 1
Solving node: 48+45
x: 48
y: 45
Solving node: 93+4
x: 93
y: 4
Solving node: 97+2
x: 97
y: 2
Originallösung: 3*5+1*4:1+9*3+6-3*2+3-1+9*5+1*4+2 = 99
[35/100] 3*5+1*4:1+9*3+6-3*2+3-1+9*5+1*4+2
Testing equation: 3*5+1*4:1+9*3+6-3*2+3-1+9*5+1*4+2
Checking node: 3*5
Solving node: 3*5
x: 3
y: 5
Checking node: 1*4
Solving node: 1*4
x: 1
y: 4
Checking node: 4:1
Solving node: 4:1
x: 4
y: 1
Checking node: 9*3
Solving node: 9*3
x: 9
y: 3
Checking node: 3*2
Solving node: 3*2
x: 3
y: 2
Checking node: 9*5
Solving node: 9*5
x: 9
y: 5
Checking node: 1*4
Solving node: 1*4
x: 1
y: 4
Checking node: 15+4
Solving node: 15+4
x: 15
y: 4
Checking node: 19+27
Solving node: 19+27
x: 19
y: 27
Checking node: 46+6
Solving node: 46+6
x: 46
y: 6
Checking node: 52-6
Solving node: 52-6
x: 52
y: 6
Checking node: 46+3
Solving node: 46+3
x: 46
y: 3
Checking node: 49-1
Solving node: 49-1
x: 49
y: 1
Checking node: 48+45
Solving node: 48+45
x: 48
y: 45
Checking node: 93+4
Solving node: 93+4
x: 93
y: 4
Checking node: 97+2
Solving node: 97+2
x: 97
y: 2
Checking node: 3*5
Checking node: 5+1
Checking node: 1*4
Checking node: 4:1
Checking node: 1+9
Checking node: 9*3
Checking node: 3+6
Checking node: 6-3
Checking node: 3*2
Checking node: 2+3
Checking node: 3-1
Checking node: 1+9
Checking node: 9*5
Checking node: 5+1
Checking node: 1*4
Checking node: 4+2
Difference: 4
Using default bounds (multiplication)
Calculating: 4*9
Solving node: 4*9
x: 4
y: 9
Solving node: 4*9
x: 4
y: 9
Solving node: 4*9
x: 4
y: 9
Difference: 36
Last: 9; Last sum: 36
Calculating: 4*9-5
Solving node: 4*9
x: 4
y: 9
Solving node: 36-5
x: 36
y: 5
Solving node: 4*9
x: 4
y: 9
Solving node: 36-5
x: 36
y: 5
Solving node: 4*9
x: 4
y: 9
Difference: 36-5
Calculating: 4*9-5+8
Solving node: 4*9
x: 4
y: 9
Solving node: 36-5
x: 36
y: 5
Solving node: 31+8
x: 31
y: 8
Solving node: 4*9
x: 4
y: 9
Solving node: 36-5
x: 36
y: 5
Solving node: 4*9
x: 4
y: 9
Solving node: 36-5
x: 36
y: 5
Solving node: 31+8
x: 31
y: 8
Difference: 39
Last: 8; Last sum: 8
Calculating: 4*9-5+8-5
Solving node: 4*9
x: 4
y: 9
Solving node: 36-5
x: 36
y: 5
Solving node: 31+8
x: 31
y: 8
Solving node: 39-5
x: 39
y: 5
Solving node: 4*9
x: 4
y: 9
Solving node: 36-5
x: 36
y: 5
Solving node: 31+8
x: 31
y: 8
Solving node: 39-5
x: 39
y: 5
Solving node: 4*9
x: 4
y: 9
Solving node: 36-5
x: 36
y: 5
Solving node: 31+8
x: 31
y: 8
Difference: 39-5
Calculating bounds (multiplication)
Previous index: -1 | Last operator index: 2
Upper bound: 5
Calculating: 4*9-5+8-5*1
Solving node: 4*9
x: 4
y: 9
Solving node: 5*1
x: 5
y: 1
Solving node: 36-5
x: 36
y: 5
Solving node: 31+8
x: 31
y: 8
Solving node: 39-5
x: 39
y: 5
Solving node: 4*9
x: 4
y: 9
Solving node: 5*1
x: 5
y: 1
Solving node: 36-5
x: 36
y: 5
Solving node: 31+8
x: 31
y: 8
Solving node: 39-5
x: 39
y: 5
Solving node: 4*9
x: 4
y: 9
Solving node: 5*1
x: 5
y: 1
Solving node: 36-5
x: 36
y: 5
Solving node: 31+8
x: 31
y: 8
Difference: 39-5
Calculating: 4*9-5+8-5*1+8
Solving node: 4*9
x: 4
y: 9
Solving node: 5*1
x: 5
y: 1
Solving node: 36-5
x: 36
y: 5
Solving node: 31+8
x: 31
y: 8
Solving node: 39-5
x: 39
y: 5
Solving node: 34+8
x: 34
y: 8
Solving node: 4*9
x: 4
y: 9
Solving node: 5*1
x: 5
y: 1
Solving node: 36-5
x: 36
y: 5
Solving node: 31+8
x: 31
y: 8
Solving node: 39-5
x: 39
y: 5
Solving node: 4*9
x: 4
y: 9
Solving node: 5*1
x: 5
y: 1
Solving node: 36-5
x: 36
y: 5
Solving node: 31+8
x: 31
y: 8
Solving node: 39-5
x: 39
y: 5
Solving node: 34+8
x: 34
y: 8
Difference: 42
Using default bounds (multiplication)
Calculating: 4*9-5+8-5*1+8*4
Solving node: 4*9
x: 4
y: 9
Solving node: 5*1
x: 5
y: 1
Solving node: 8*4
x: 8
y: 4
Solving node: 36-5
x: 36
y: 5
Solving node: 31+8
x: 31
y: 8
Solving node: 39-5
x: 39
y: 5
Solving node: 34+32
x: 34
y: 32
Solving node: 4*9
x: 4
y: 9
Solving node: 5*1
x: 5
y: 1
Solving node: 8*4
x: 8
y: 4
Solving node: 36-5
x: 36
y: 5
Solving node: 31+8
x: 31
y: 8
Solving node: 39-5
x: 39
y: 5
Solving node: 4*9
x: 4
y: 9
Solving node: 5*1
x: 5
y: 1
Solving node: 8*4
x: 8
y: 4
Solving node: 36-5
x: 36
y: 5
Solving node: 31+8
x: 31
y: 8
Solving node: 39-5
x: 39
y: 5
Solving node: 34+32
x: 34
y: 32
Difference: 66
Last: 4; Last sum: 32
Calculating: 4*9-5+8-5*1+8*4-3
Solving node: 4*9
x: 4
y: 9
Solving node: 5*1
x: 5
y: 1
Solving node: 8*4
x: 8
y: 4
Solving node: 36-5
x: 36
y: 5
Solving node: 31+8
x: 31
y: 8
Solving node: 39-5
x: 39
y: 5
Solving node: 34+32
x: 34
y: 32
Solving node: 66-3
x: 66
y: 3
Solving node: 4*9
x: 4
y: 9
Solving node: 5*1
x: 5
y: 1
Solving node: 8*4
x: 8
y: 4
Solving node: 36-5
x: 36
y: 5
Solving node: 31+8
x: 31
y: 8
Solving node: 39-5
x: 39
y: 5
Solving node: 34+32
x: 34
y: 32
Solving node: 66-3
x: 66
y: 3
Solving node: 4*9
x: 4
y: 9
Solving node: 5*1
x: 5
y: 1
Solving node: 8*4
x: 8
y: 4
Solving node: 36-5
x: 36
y: 5
Solving node: 31+8
x: 31
y: 8
Solving node: 39-5
x: 39
y: 5
Solving node: 34+32
x: 34
y: 32
Difference: 66-3
Calculating: 4*9-5+8-5*1+8*4-3+8
Solving node: 4*9
x: 4
y: 9
Solving node: 5*1
x: 5
y: 1
Solving node: 8*4
x: 8
y: 4
Solving node: 36-5
x: 36
y: 5
Solving node: 31+8
x: 31
y: 8
Solving node: 39-5
x: 39
y: 5
Solving node: 34+32
x: 34
y: 32
Solving node: 66-3
x: 66
y: 3
Solving node: 63+8
x: 63
y: 8
Solving node: 4*9
x: 4
y: 9
Solving node: 5*1
x: 5
y: 1
Solving node: 8*4
x: 8
y: 4
Solving node: 36-5
x: 36
y: 5
Solving node: 31+8
x: 31
y: 8
Solving node: 39-5
x: 39
y: 5
Solving node: 34+32
x: 34
y: 32
Solving node: 66-3
x: 66
y: 3
Solving node: 4*9
x: 4
y: 9
Solving node: 5*1
x: 5
y: 1
Solving node: 8*4
x: 8
y: 4
Solving node: 36-5
x: 36
y: 5
Solving node: 31+8
x: 31
y: 8
Solving node: 39-5
x: 39
y: 5
Solving node: 34+32
x: 34
y: 32
Solving node: 66-3
x: 66
y: 3
Solving node: 63+8
x: 63
y: 8
Difference: 71
Calculating: 4*9-5+8-5*1+8*4-3+8:2
Solving node: 4*9
x: 4
y: 9
Solving node: 5*1
x: 5
y: 1
Solving node: 8*4
x: 8
y: 4
Solving node: 8:2
x: 8
y: 2
Solving node: 36-5
x: 36
y: 5
Solving node: 31+8
x: 31
y: 8
Solving node: 39-5
x: 39
y: 5
Solving node: 34+32
x: 34
y: 32
Solving node: 66-3
x: 66
y: 3
Solving node: 63+4
x: 63
y: 4
Solving node: 4*9
x: 4
y: 9
Solving node: 5*1
x: 5
y: 1
Solving node: 8*4
x: 8
y: 4
Solving node: 8:2
x: 8
y: 2
Solving node: 36-5
x: 36
y: 5
Solving node: 31+8
x: 31
y: 8
Solving node: 39-5
x: 39
y: 5
Solving node: 34+32
x: 34
y: 32
Solving node: 66-3
x: 66
y: 3
Solving node: 4*9
x: 4
y: 9
Solving node: 5*1
x: 5
y: 1
Solving node: 8*4
x: 8
y: 4
Solving node: 8:2
x: 8
y: 2
Solving node: 36-5
x: 36
y: 5
Solving node: 31+8
x: 31
y: 8
Solving node: 39-5
x: 39
y: 5
Solving node: 34+32
x: 34
y: 32
Solving node: 66-3
x: 66
y: 3
Solving node: 63+4
x: 63
y: 4
Difference: 67
Using default bounds (multiplication)
Calculating: 4*9-5+8-5*1+8*4-3+8:2*4
Solving node: 4*9
x: 4
y: 9
Solving node: 5*1
x: 5
y: 1
Solving node: 8*4
x: 8
y: 4
Solving node: 8:2
x: 8
y: 2
Solving node: 4*4
x: 4
y: 4
Solving node: 36-5
x: 36
y: 5
Solving node: 31+8
x: 31
y: 8
Solving node: 39-5
x: 39
y: 5
Solving node: 34+32
x: 34
y: 32
Solving node: 66-3
x: 66
y: 3
Solving node: 63+16
x: 63
y: 16
Solving node: 4*9
x: 4
y: 9
Solving node: 5*1
x: 5
y: 1
Solving node: 8*4
x: 8
y: 4
Solving node: 8:2
x: 8
y: 2
Solving node: 4*4
x: 4
y: 4
Solving node: 36-5
x: 36
y: 5
Solving node: 31+8
x: 31
y: 8
Solving node: 39-5
x: 39
y: 5
Solving node: 34+32
x: 34
y: 32
Solving node: 66-3
x: 66
y: 3
Solving node: 4*9
x: 4
y: 9
Solving node: 5*1
x: 5
y: 1
Solving node: 8*4
x: 8
y: 4
Solving node: 8:2
x: 8
y: 2
Solving node: 4*4
x: 4
y: 4
Solving node: 36-5
x: 36
y: 5
Solving node: 31+8
x: 31
y: 8
Solving node: 39-5
x: 39
y: 5
Solving node: 34+32
x: 34
y: 32
Solving node: 66-3
x: 66
y: 3
Solving node: 63+16
x: 63
y: 16
Difference: 79
Calculating: 4*9-5+8-5*1+8*4-3+8:2*4:2
Solving node: 4*9
x: 4
y: 9
Solving node: 5*1
x: 5
y: 1
Solving node: 8*4
x: 8
y: 4
Solving node: 8:2
x: 8
y: 2
Solving node: 4*4
x: 4
y: 4
Solving node: 16:2
x: 16
y: 2
Solving node: 36-5
x: 36
y: 5
Solving node: 31+8
x: 31
y: 8
Solving node: 39-5
x: 39
y: 5
Solving node: 34+32
x: 34
y: 32
Solving node: 66-3
x: 66
y: 3
Solving node: 63+8
x: 63
y: 8
Solving node: 4*9
x: 4
y: 9
Solving node: 5*1
x: 5
y: 1
Solving node: 8*4
x: 8
y: 4
Solving node: 8:2
x: 8
y: 2
Solving node: 4*4
x: 4
y: 4
Solving node: 16:2
x: 16
y: 2
Solving node: 36-5
x: 36
y: 5
Solving node: 31+8
x: 31
y: 8
Solving node: 39-5
x: 39
y: 5
Solving node: 34+32
x: 34
y: 32
Solving node: 66-3
x: 66
y: 3
Solving node: 4*9
x: 4
y: 9
Solving node: 5*1
x: 5
y: 1
Solving node: 8*4
x: 8
y: 4
Solving node: 8:2
x: 8
y: 2
Solving node: 4*4
x: 4
y: 4
Solving node: 16:2
x: 16
y: 2
Solving node: 36-5
x: 36
y: 5
Solving node: 31+8
x: 31
y: 8
Solving node: 39-5
x: 39
y: 5
Solving node: 34+32
x: 34
y: 32
Solving node: 66-3
x: 66
y: 3
Solving node: 63+8
x: 63
y: 8
Difference: 71
Calculating: 4*9-5+8-5*1+8*4-3+8:2*4:2+3
Solving node: 4*9
x: 4
y: 9
Solving node: 5*1
x: 5
y: 1
Solving node: 8*4
x: 8
y: 4
Solving node: 8:2
x: 8
y: 2
Solving node: 4*4
x: 4
y: 4
Solving node: 16:2
x: 16
y: 2
Solving node: 36-5
x: 36
y: 5
Solving node: 31+8
x: 31
y: 8
Solving node: 39-5
x: 39
y: 5
Solving node: 34+32
x: 34
y: 32
Solving node: 66-3
x: 66
y: 3
Solving node: 63+8
x: 63
y: 8
Solving node: 71+3
x: 71
y: 3
Solving node: 4*9
x: 4
y: 9
Solving node: 5*1
x: 5
y: 1
Solving node: 8*4
x: 8
y: 4
Solving node: 8:2
x: 8
y: 2
Solving node: 4*4
x: 4
y: 4
Solving node: 16:2
x: 16
y: 2
Solving node: 36-5
x: 36
y: 5
Solving node: 31+8
x: 31
y: 8
Solving node: 39-5
x: 39
y: 5
Solving node: 34+32
x: 34
y: 32
Solving node: 66-3
x: 66
y: 3
Solving node: 4*9
x: 4
y: 9
Solving node: 5*1
x: 5
y: 1
Solving node: 8*4
x: 8
y: 4
Solving node: 8:2
x: 8
y: 2
Solving node: 4*4
x: 4
y: 4
Solving node: 16:2
x: 16
y: 2
Solving node: 36-5
x: 36
y: 5
Solving node: 31+8
x: 31
y: 8
Solving node: 39-5
x: 39
y: 5
Solving node: 34+32
x: 34
y: 32
Solving node: 66-3
x: 66
y: 3
Solving node: 63+8
x: 63
y: 8
Solving node: 71+3
x: 71
y: 3
Difference: 74
Last: 3; Last sum: 3
Calculating: 4*9-5+8-5*1+8*4-3+8:2*4:2+3-1
Solving node: 4*9
x: 4
y: 9
Solving node: 5*1
x: 5
y: 1
Solving node: 8*4
x: 8
y: 4
Solving node: 8:2
x: 8
y: 2
Solving node: 4*4
x: 4
y: 4
Solving node: 16:2
x: 16
y: 2
Solving node: 36-5
x: 36
y: 5
Solving node: 31+8
x: 31
y: 8
Solving node: 39-5
x: 39
y: 5
Solving node: 34+32
x: 34
y: 32
Solving node: 66-3
x: 66
y: 3
Solving node: 63+8
x: 63
y: 8
Solving node: 71+3
x: 71
y: 3
Solving node: 74-1
x: 74
y: 1
Solving node: 4*9
x: 4
y: 9
Solving node: 5*1
x: 5
y: 1
Solving node: 8*4
x: 8
y: 4
Solving node: 8:2
x: 8
y: 2
Solving node: 4*4
x: 4
y: 4
Solving node: 16:2
x: 16
y: 2
Solving node: 36-5
x: 36
y: 5
Solving node: 31+8
x: 31
y: 8
Solving node: 39-5
x: 39
y: 5
Solving node: 34+32
x: 34
y: 32
Solving node: 66-3
x: 66
y: 3
Solving node: 63+8
x: 63
y: 8
Solving node: 71+3
x: 71
y: 3
Solving node: 74-1
x: 74
y: 1
Solving node: 4*9
x: 4
y: 9
Solving node: 5*1
x: 5
y: 1
Solving node: 8*4
x: 8
y: 4
Solving node: 8:2
x: 8
y: 2
Solving node: 4*4
x: 4
y: 4
Solving node: 16:2
x: 16
y: 2
Solving node: 36-5
x: 36
y: 5
Solving node: 31+8
x: 31
y: 8
Solving node: 39-5
x: 39
y: 5
Solving node: 34+32
x: 34
y: 32
Solving node: 66-3
x: 66
y: 3
Solving node: 63+8
x: 63
y: 8
Solving node: 71+3
x: 71
y: 3
Difference: 74-1
Calculating bounds (multiplication)
Previous index: -1 | Last operator index: 2
Upper bound: 1
Solving node: 4*9
x: 4
y: 9
Solving node: 5*1
x: 5
y: 1
Solving node: 8*4
x: 8
y: 4
Solving node: 8:2
x: 8
y: 2
Solving node: 4*4
x: 4
y: 4
Solving node: 16:2
x: 16
y: 2
Solving node: 36-5
x: 36
y: 5
Solving node: 31+8
x: 31
y: 8
Solving node: 39-5
x: 39
y: 5
Solving node: 34+32
x: 34
y: 32
Solving node: 66-3
x: 66
y: 3
Solving node: 63+8
x: 63
y: 8
Solving node: 71+3
x: 71
y: 3
Solving node: 74-1
x: 74
y: 1
Solving node: 4*9
x: 4
y: 9
Solving node: 5*1
x: 5
y: 1
Solving node: 8*4
x: 8
y: 4
Solving node: 8:2
x: 8
y: 2
Solving node: 4*4
x: 4
y: 4
Solving node: 16:2
x: 16
y: 2
Solving node: 36-5
x: 36
y: 5
Solving node: 31+8
x: 31
y: 8
Solving node: 39-5
x: 39
y: 5
Solving node: 34+32
x: 34
y: 32
Solving node: 66-3
x: 66
y: 3
Solving node: 63+8
x: 63
y: 8
Solving node: 71+3
x: 71
y: 3
Difference: 74-1
Calculating: 4*9-5+8-5*1+8*4-3+8:2*4:2+3-1+1
Solving node: 4*9
x: 4
y: 9
Solving node: 5*1
x: 5
y: 1
Solving node: 8*4
x: 8
y: 4
Solving node: 8:2
x: 8
y: 2
Solving node: 4*4
x: 4
y: 4
Solving node: 16:2
x: 16
y: 2
Solving node: 36-5
x: 36
y: 5
Solving node: 31+8
x: 31
y: 8
Solving node: 39-5
x: 39
y: 5
Solving node: 34+32
x: 34
y: 32
Solving node: 66-3
x: 66
y: 3
Solving node: 63+8
x: 63
y: 8
Solving node: 71+3
x: 71
y: 3
Solving node: 74-1
x: 74
y: 1
Solving node: 73+1
x: 73
y: 1
Solving node: 4*9
x: 4
y: 9
Solving node: 5*1
x: 5
y: 1
Solving node: 8*4
x: 8
y: 4
Solving node: 8:2
x: 8
y: 2
Solving node: 4*4
x: 4
y: 4
Solving node: 16:2
x: 16
y: 2
Solving node: 36-5
x: 36
y: 5
Solving node: 31+8
x: 31
y: 8
Solving node: 39-5
x: 39
y: 5
Solving node: 34+32
x: 34
y: 32
Solving node: 66-3
x: 66
y: 3
Solving node: 63+8
x: 63
y: 8
Solving node: 71+3
x: 71
y: 3
Solving node: 74-1
x: 74
y: 1
Solving node: 4*9
x: 4
y: 9
Solving node: 5*1
x: 5
y: 1
Solving node: 8*4
x: 8
y: 4
Solving node: 8:2
x: 8
y: 2
Solving node: 4*4
x: 4
y: 4
Solving node: 16:2
x: 16
y: 2
Solving node: 36-5
x: 36
y: 5
Solving node: 31+8
x: 31
y: 8
Solving node: 39-5
x: 39
y: 5
Solving node: 34+32
x: 34
y: 32
Solving node: 66-3
x: 66
y: 3
Solving node: 63+8
x: 63
y: 8
Solving node: 71+3
x: 71
y: 3
Solving node: 74-1
x: 74
y: 1
Solving node: 73+1
x: 73
y: 1
Difference: 74
Using default bounds (multiplication)
Calculating: 4*9-5+8-5*1+8*4-3+8:2*4:2+3-1+1*6
Solving node: 4*9
x: 4
y: 9
Solving node: 5*1
x: 5
y: 1
Solving node: 8*4
x: 8
y: 4
Solving node: 8:2
x: 8
y: 2
Solving node: 4*4
x: 4
y: 4
Solving node: 16:2
x: 16
y: 2
Solving node: 1*6
x: 1
y: 6
Solving node: 36-5
x: 36
y: 5
Solving node: 31+8
x: 31
y: 8
Solving node: 39-5
x: 39
y: 5
Solving node: 34+32
x: 34
y: 32
Solving node: 66-3
x: 66
y: 3
Solving node: 63+8
x: 63
y: 8
Solving node: 71+3
x: 71
y: 3
Solving node: 74-1
x: 74
y: 1
Solving node: 73+6
x: 73
y: 6
Originallösung: 4*9-5+8-5*1+8*4-3+8:2*4:2+3-1+1*6 = 79
[36/100] 4*9-5+8-5*1+8*4-3+8:2*4:2+3-1+1*6
Testing equation: 4*9-5+8-5*1+8*4-3+8:2*4:2+3-1+1*6
Checking node: 4*9
Solving node: 4*9
x: 4
y: 9
Checking node: 5*1
Solving node: 5*1
x: 5
y: 1
Checking node: 8*4
Solving node: 8*4
x: 8
y: 4
Checking node: 8:2
Solving node: 8:2
x: 8
y: 2
Checking node: 4*4
Solving node: 4*4
x: 4
y: 4
Checking node: 16:2
Solving node: 16:2
x: 16
y: 2
Checking node: 1*6
Solving node: 1*6
x: 1
y: 6
Checking node: 36-5
Solving node: 36-5
x: 36
y: 5
Checking node: 31+8
Solving node: 31+8
x: 31
y: 8
Checking node: 39-5
Solving node: 39-5
x: 39
y: 5
Checking node: 34+32
Solving node: 34+32
x: 34
y: 32
Checking node: 66-3
Solving node: 66-3
x: 66
y: 3
Checking node: 63+8
Solving node: 63+8
x: 63
y: 8
Checking node: 71+3
Solving node: 71+3
x: 71
y: 3
Checking node: 74-1
Solving node: 74-1
x: 74
y: 1
Checking node: 73+6
Solving node: 73+6
x: 73
y: 6
Checking node: 4*9
Checking node: 9-5
Checking node: 5+8
Checking node: 8-5
Checking node: 5*1
Checking node: 1+8
Checking node: 8*4
Checking node: 4-3
Checking node: 3+8
Checking node: 8:2
Checking node: 2*4
Checking node: 4:2
Checking node: 2+3
Checking node: 3-1
Checking node: 1+1
Checking node: 1*6
Difference: 7
Calculating: 7+5
Solving node: 7+5
x: 7
y: 5
Solving node: 7+5
x: 7
y: 5
Difference: 12
Last: 5; Last sum: 5
Calculating: 7+5-3
Solving node: 7+5
x: 7
y: 5
Solving node: 12-3
x: 12
y: 3
Solving node: 7+5
x: 7
y: 5
Solving node: 12-3
x: 12
y: 3
Solving node: 7+5
x: 7
y: 5
Difference: 12-3
Calculating: 7+5-3+3
Solving node: 7+5
x: 7
y: 5
Solving node: 12-3
x: 12
y: 3
Solving node: 9+3
x: 9
y: 3
Solving node: 7+5
x: 7
y: 5
Solving node: 12-3
x: 12
y: 3
Solving node: 7+5
x: 7
y: 5
Solving node: 12-3
x: 12
y: 3
Solving node: 9+3
x: 9
y: 3
Difference: 12
Using default bounds (multiplication)
Calculating: 7+5-3+3*7
Solving node: 3*7
x: 3
y: 7
Solving node: 7+5
x: 7
y: 5
Solving node: 12-3
x: 12
y: 3
Solving node: 9+21
x: 9
y: 21
Solving node: 3*7
x: 3
y: 7
Solving node: 7+5
x: 7
y: 5
Solving node: 12-3
x: 12
y: 3
Solving node: 3*7
x: 3
y: 7
Solving node: 7+5
x: 7
y: 5
Solving node: 12-3
x: 12
y: 3
Solving node: 9+21
x: 9
y: 21
Difference: 30
Last: 7; Last sum: 21
Calculating: 7+5-3+3*7-2
Solving node: 3*7
x: 3
y: 7
Solving node: 7+5
x: 7
y: 5
Solving node: 12-3
x: 12
y: 3
Solving node: 9+21
x: 9
y: 21
Solving node: 30-2
x: 30
y: 2
Solving node: 3*7
x: 3
y: 7
Solving node: 7+5
x: 7
y: 5
Solving node: 12-3
x: 12
y: 3
Solving node: 9+21
x: 9
y: 21
Solving node: 30-2
x: 30
y: 2
Solving node: 3*7
x: 3
y: 7
Solving node: 7+5
x: 7
y: 5
Solving node: 12-3
x: 12
y: 3
Solving node: 9+21
x: 9
y: 21
Difference: 30-2
Calculating: 7+5-3+3*7-2+1
Solving node: 3*7
x: 3
y: 7
Solving node: 7+5
x: 7
y: 5
Solving node: 12-3
x: 12
y: 3
Solving node: 9+21
x: 9
y: 21
Solving node: 30-2
x: 30
y: 2
Solving node: 28+1
x: 28
y: 1
Solving node: 3*7
x: 3
y: 7
Solving node: 7+5
x: 7
y: 5
Solving node: 12-3
x: 12
y: 3
Solving node: 9+21
x: 9
y: 21
Solving node: 30-2
x: 30
y: 2
Solving node: 3*7
x: 3
y: 7
Solving node: 7+5
x: 7
y: 5
Solving node: 12-3
x: 12
y: 3
Solving node: 9+21
x: 9
y: 21
Solving node: 30-2
x: 30
y: 2
Solving node: 28+1
x: 28
y: 1
Difference: 29
Using default bounds (multiplication)
Calculating: 7+5-3+3*7-2+1*9
Solving node: 3*7
x: 3
y: 7
Solving node: 1*9
x: 1
y: 9
Solving node: 7+5
x: 7
y: 5
Solving node: 12-3
x: 12
y: 3
Solving node: 9+21
x: 9
y: 21
Solving node: 30-2
x: 30
y: 2
Solving node: 28+9
x: 28
y: 9
Solving node: 3*7
x: 3
y: 7
Solving node: 1*9
x: 1
y: 9
Solving node: 7+5
x: 7
y: 5
Solving node: 12-3
x: 12
y: 3
Solving node: 9+21
x: 9
y: 21
Solving node: 30-2
x: 30
y: 2
Solving node: 3*7
x: 3
y: 7
Solving node: 1*9
x: 1
y: 9
Solving node: 7+5
x: 7
y: 5
Solving node: 12-3
x: 12
y: 3
Solving node: 9+21
x: 9
y: 21
Solving node: 30-2
x: 30
y: 2
Solving node: 28+9
x: 28
y: 9
Difference: 37
Last: 9; Last sum: 9
Calculating: 7+5-3+3*7-2+1*9-8
Solving node: 3*7
x: 3
y: 7
Solving node: 1*9
x: 1
y: 9
Solving node: 7+5
x: 7
y: 5
Solving node: 12-3
x: 12
y: 3
Solving node: 9+21
x: 9
y: 21
Solving node: 30-2
x: 30
y: 2
Solving node: 28+9
x: 28
y: 9
Solving node: 37-8
x: 37
y: 8
Solving node: 3*7
x: 3
y: 7
Solving node: 1*9
x: 1
y: 9
Solving node: 7+5
x: 7
y: 5
Solving node: 12-3
x: 12
y: 3
Solving node: 9+21
x: 9
y: 21
Solving node: 30-2
x: 30
y: 2
Solving node: 28+9
x: 28
y: 9
Solving node: 37-8
x: 37
y: 8
Solving node: 3*7
x: 3
y: 7
Solving node: 1*9
x: 1
y: 9
Solving node: 7+5
x: 7
y: 5
Solving node: 12-3
x: 12
y: 3
Solving node: 9+21
x: 9
y: 21
Solving node: 30-2
x: 30
y: 2
Solving node: 28+9
x: 28
y: 9
Difference: 37-8
Previous index: -1 | Last operator index: 2
Calculating: 7+5-3+3*7-2+1*9-8:2
Solving node: 3*7
x: 3
y: 7
Solving node: 1*9
x: 1
y: 9
Solving node: 8:2
x: 8
y: 2
Solving node: 7+5
x: 7
y: 5
Solving node: 12-3
x: 12
y: 3
Solving node: 9+21
x: 9
y: 21
Solving node: 30-2
x: 30
y: 2
Solving node: 28+9
x: 28
y: 9
Solving node: 37-4
x: 37
y: 4
Solving node: 3*7
x: 3
y: 7
Solving node: 1*9
x: 1
y: 9
Solving node: 8:2
x: 8
y: 2
Solving node: 7+5
x: 7
y: 5
Solving node: 12-3
x: 12
y: 3
Solving node: 9+21
x: 9
y: 21
Solving node: 30-2
x: 30
y: 2
Solving node: 28+9
x: 28
y: 9
Solving node: 37-4
x: 37
y: 4
Solving node: 3*7
x: 3
y: 7
Solving node: 1*9
x: 1
y: 9
Solving node: 8:2
x: 8
y: 2
Solving node: 7+5
x: 7
y: 5
Solving node: 12-3
x: 12
y: 3
Solving node: 9+21
x: 9
y: 21
Solving node: 30-2
x: 30
y: 2
Solving node: 28+9
x: 28
y: 9
Difference: 37-4
Calculating bounds (multiplication)
Previous index: -1 | Last operator index: 2
Upper bound: 2
Calculating: 7+5-3+3*7-2+1*9-8:2*1
Solving node: 3*7
x: 3
y: 7
Solving node: 1*9
x: 1
y: 9
Solving node: 8:2
x: 8
y: 2
Solving node: 4*1
x: 4
y: 1
Solving node: 7+5
x: 7
y: 5
Solving node: 12-3
x: 12
y: 3
Solving node: 9+21
x: 9
y: 21
Solving node: 30-2
x: 30
y: 2
Solving node: 28+9
x: 28
y: 9
Solving node: 37-4
x: 37
y: 4
Solving node: 3*7
x: 3
y: 7
Solving node: 1*9
x: 1
y: 9
Solving node: 8:2
x: 8
y: 2
Solving node: 4*1
x: 4
y: 1
Solving node: 7+5
x: 7
y: 5
Solving node: 12-3
x: 12
y: 3
Solving node: 9+21
x: 9
y: 21
Solving node: 30-2
x: 30
y: 2
Solving node: 28+9
x: 28
y: 9
Solving node: 37-4
x: 37
y: 4
Solving node: 3*7
x: 3
y: 7
Solving node: 1*9
x: 1
y: 9
Solving node: 8:2
x: 8
y: 2
Solving node: 4*1
x: 4
y: 1
Solving node: 7+5
x: 7
y: 5
Solving node: 12-3
x: 12
y: 3
Solving node: 9+21
x: 9
y: 21
Solving node: 30-2
x: 30
y: 2
Solving node: 28+9
x: 28
y: 9
Difference: 37-4
Calculating: 7+5-3+3*7-2+1*9-8:2*1+7
Solving node: 3*7
x: 3
y: 7
Solving node: 1*9
x: 1
y: 9
Solving node: 8:2
x: 8
y: 2
Solving node: 4*1
x: 4
y: 1
Solving node: 7+5
x: 7
y: 5
Solving node: 12-3
x: 12
y: 3
Solving node: 9+21
x: 9
y: 21
Solving node: 30-2
x: 30
y: 2
Solving node: 28+9
x: 28
y: 9
Solving node: 37-4
x: 37
y: 4
Solving node: 33+7
x: 33
y: 7
Solving node: 3*7
x: 3
y: 7
Solving node: 1*9
x: 1
y: 9
Solving node: 8:2
x: 8
y: 2
Solving node: 4*1
x: 4
y: 1
Solving node: 7+5
x: 7
y: 5
Solving node: 12-3
x: 12
y: 3
Solving node: 9+21
x: 9
y: 21
Solving node: 30-2
x: 30
y: 2
Solving node: 28+9
x: 28
y: 9
Solving node: 37-4
x: 37
y: 4
Solving node: 3*7
x: 3
y: 7
Solving node: 1*9
x: 1
y: 9
Solving node: 8:2
x: 8
y: 2
Solving node: 4*1
x: 4
y: 1
Solving node: 7+5
x: 7
y: 5
Solving node: 12-3
x: 12
y: 3
Solving node: 9+21
x: 9
y: 21
Solving node: 30-2
x: 30
y: 2
Solving node: 28+9
x: 28
y: 9
Solving node: 37-4
x: 37
y: 4
Solving node: 33+7
x: 33
y: 7
Difference: 40
Last: 7; Last sum: 7
Calculating: 7+5-3+3*7-2+1*9-8:2*1+7-1
Solving node: 3*7
x: 3
y: 7
Solving node: 1*9
x: 1
y: 9
Solving node: 8:2
x: 8
y: 2
Solving node: 4*1
x: 4
y: 1
Solving node: 7+5
x: 7
y: 5
Solving node: 12-3
x: 12
y: 3
Solving node: 9+21
x: 9
y: 21
Solving node: 30-2
x: 30
y: 2
Solving node: 28+9
x: 28
y: 9
Solving node: 37-4
x: 37
y: 4
Solving node: 33+7
x: 33
y: 7
Solving node: 40-1
x: 40
y: 1
Solving node: 3*7
x: 3
y: 7
Solving node: 1*9
x: 1
y: 9
Solving node: 8:2
x: 8
y: 2
Solving node: 4*1
x: 4
y: 1
Solving node: 7+5
x: 7
y: 5
Solving node: 12-3
x: 12
y: 3
Solving node: 9+21
x: 9
y: 21
Solving node: 30-2
x: 30
y: 2
Solving node: 28+9
x: 28
y: 9
Solving node: 37-4
x: 37
y: 4
Solving node: 33+7
x: 33
y: 7
Solving node: 40-1
x: 40
y: 1
Solving node: 3*7
x: 3
y: 7
Solving node: 1*9
x: 1
y: 9
Solving node: 8:2
x: 8
y: 2
Solving node: 4*1
x: 4
y: 1
Solving node: 7+5
x: 7
y: 5
Solving node: 12-3
x: 12
y: 3
Solving node: 9+21
x: 9
y: 21
Solving node: 30-2
x: 30
y: 2
Solving node: 28+9
x: 28
y: 9
Solving node: 37-4
x: 37
y: 4
Solving node: 33+7
x: 33
y: 7
Difference: 40-1
Calculating bounds (multiplication)
Previous index: -1 | Last operator index: 2
Upper bound: 1
Solving node: 3*7
x: 3
y: 7
Solving node: 1*9
x: 1
y: 9
Solving node: 8:2
x: 8
y: 2
Solving node: 4*1
x: 4
y: 1
Solving node: 7+5
x: 7
y: 5
Solving node: 12-3
x: 12
y: 3
Solving node: 9+21
x: 9
y: 21
Solving node: 30-2
x: 30
y: 2
Solving node: 28+9
x: 28
y: 9
Solving node: 37-4
x: 37
y: 4
Solving node: 33+7
x: 33
y: 7
Solving node: 40-1
x: 40
y: 1
Solving node: 3*7
x: 3
y: 7
Solving node: 1*9
x: 1
y: 9
Solving node: 8:2
x: 8
y: 2
Solving node: 4*1
x: 4
y: 1
Solving node: 7+5
x: 7
y: 5
Solving node: 12-3
x: 12
y: 3
Solving node: 9+21
x: 9
y: 21
Solving node: 30-2
x: 30
y: 2
Solving node: 28+9
x: 28
y: 9
Solving node: 37-4
x: 37
y: 4
Solving node: 33+7
x: 33
y: 7
Difference: 40-1
Calculating: 7+5-3+3*7-2+1*9-8:2*1+7-1+4
Solving node: 3*7
x: 3
y: 7
Solving node: 1*9
x: 1
y: 9
Solving node: 8:2
x: 8
y: 2
Solving node: 4*1
x: 4
y: 1
Solving node: 7+5
x: 7
y: 5
Solving node: 12-3
x: 12
y: 3
Solving node: 9+21
x: 9
y: 21
Solving node: 30-2
x: 30
y: 2
Solving node: 28+9
x: 28
y: 9
Solving node: 37-4
x: 37
y: 4
Solving node: 33+7
x: 33
y: 7
Solving node: 40-1
x: 40
y: 1
Solving node: 39+4
x: 39
y: 4
Solving node: 3*7
x: 3
y: 7
Solving node: 1*9
x: 1
y: 9
Solving node: 8:2
x: 8
y: 2
Solving node: 4*1
x: 4
y: 1
Solving node: 7+5
x: 7
y: 5
Solving node: 12-3
x: 12
y: 3
Solving node: 9+21
x: 9
y: 21
Solving node: 30-2
x: 30
y: 2
Solving node: 28+9
x: 28
y: 9
Solving node: 37-4
x: 37
y: 4
Solving node: 33+7
x: 33
y: 7
Solving node: 40-1
x: 40
y: 1
Solving node: 3*7
x: 3
y: 7
Solving node: 1*9
x: 1
y: 9
Solving node: 8:2
x: 8
y: 2
Solving node: 4*1
x: 4
y: 1
Solving node: 7+5
x: 7
y: 5
Solving node: 12-3
x: 12
y: 3
Solving node: 9+21
x: 9
y: 21
Solving node: 30-2
x: 30
y: 2
Solving node: 28+9
x: 28
y: 9
Solving node: 37-4
x: 37
y: 4
Solving node: 33+7
x: 33
y: 7
Solving node: 40-1
x: 40
y: 1
Solving node: 39+4
x: 39
y: 4
Difference: 43
Last: 4; Last sum: 4
Calculating: 7+5-3+3*7-2+1*9-8:2*1+7-1+4-2
Solving node: 3*7
x: 3
y: 7
Solving node: 1*9
x: 1
y: 9
Solving node: 8:2
x: 8
y: 2
Solving node: 4*1
x: 4
y: 1
Solving node: 7+5
x: 7
y: 5
Solving node: 12-3
x: 12
y: 3
Solving node: 9+21
x: 9
y: 21
Solving node: 30-2
x: 30
y: 2
Solving node: 28+9
x: 28
y: 9
Solving node: 37-4
x: 37
y: 4
Solving node: 33+7
x: 33
y: 7
Solving node: 40-1
x: 40
y: 1
Solving node: 39+4
x: 39
y: 4
Solving node: 43-2
x: 43
y: 2
Solving node: 3*7
x: 3
y: 7
Solving node: 1*9
x: 1
y: 9
Solving node: 8:2
x: 8
y: 2
Solving node: 4*1
x: 4
y: 1
Solving node: 7+5
x: 7
y: 5
Solving node: 12-3
x: 12
y: 3
Solving node: 9+21
x: 9
y: 21
Solving node: 30-2
x: 30
y: 2
Solving node: 28+9
x: 28
y: 9
Solving node: 37-4
x: 37
y: 4
Solving node: 33+7
x: 33
y: 7
Solving node: 40-1
x: 40
y: 1
Solving node: 39+4
x: 39
y: 4
Solving node: 43-2
x: 43
y: 2
Solving node: 3*7
x: 3
y: 7
Solving node: 1*9
x: 1
y: 9
Solving node: 8:2
x: 8
y: 2
Solving node: 4*1
x: 4
y: 1
Solving node: 7+5
x: 7
y: 5
Solving node: 12-3
x: 12
y: 3
Solving node: 9+21
x: 9
y: 21
Solving node: 30-2
x: 30
y: 2
Solving node: 28+9
x: 28
y: 9
Solving node: 37-4
x: 37
y: 4
Solving node: 33+7
x: 33
y: 7
Solving node: 40-1
x: 40
y: 1
Solving node: 39+4
x: 39
y: 4
Difference: 43-2
Calculating: 7+5-3+3*7-2+1*9-8:2*1+7-1+4-2+9
Solving node: 3*7
x: 3
y: 7
Solving node: 1*9
x: 1
y: 9
Solving node: 8:2
x: 8
y: 2
Solving node: 4*1
x: 4
y: 1
Solving node: 7+5
x: 7
y: 5
Solving node: 12-3
x: 12
y: 3
Solving node: 9+21
x: 9
y: 21
Solving node: 30-2
x: 30
y: 2
Solving node: 28+9
x: 28
y: 9
Solving node: 37-4
x: 37
y: 4
Solving node: 33+7
x: 33
y: 7
Solving node: 40-1
x: 40
y: 1
Solving node: 39+4
x: 39
y: 4
Solving node: 43-2
x: 43
y: 2
Solving node: 41+9
x: 41
y: 9
Solving node: 3*7
x: 3
y: 7
Solving node: 1*9
x: 1
y: 9
Solving node: 8:2
x: 8
y: 2
Solving node: 4*1
x: 4
y: 1
Solving node: 7+5
x: 7
y: 5
Solving node: 12-3
x: 12
y: 3
Solving node: 9+21
x: 9
y: 21
Solving node: 30-2
x: 30
y: 2
Solving node: 28+9
x: 28
y: 9
Solving node: 37-4
x: 37
y: 4
Solving node: 33+7
x: 33
y: 7
Solving node: 40-1
x: 40
y: 1
Solving node: 39+4
x: 39
y: 4
Solving node: 43-2
x: 43
y: 2
Solving node: 3*7
x: 3
y: 7
Solving node: 1*9
x: 1
y: 9
Solving node: 8:2
x: 8
y: 2
Solving node: 4*1
x: 4
y: 1
Solving node: 7+5
x: 7
y: 5
Solving node: 12-3
x: 12
y: 3
Solving node: 9+21
x: 9
y: 21
Solving node: 30-2
x: 30
y: 2
Solving node: 28+9
x: 28
y: 9
Solving node: 37-4
x: 37
y: 4
Solving node: 33+7
x: 33
y: 7
Solving node: 40-1
x: 40
y: 1
Solving node: 39+4
x: 39
y: 4
Solving node: 43-2
x: 43
y: 2
Solving node: 41+9
x: 41
y: 9
Difference: 50
Last: 9; Last sum: 9
Calculating: 7+5-3+3*7-2+1*9-8:2*1+7-1+4-2+9-5
Solving node: 3*7
x: 3
y: 7
Solving node: 1*9
x: 1
y: 9
Solving node: 8:2
x: 8
y: 2
Solving node: 4*1
x: 4
y: 1
Solving node: 7+5
x: 7
y: 5
Solving node: 12-3
x: 12
y: 3
Solving node: 9+21
x: 9
y: 21
Solving node: 30-2
x: 30
y: 2
Solving node: 28+9
x: 28
y: 9
Solving node: 37-4
x: 37
y: 4
Solving node: 33+7
x: 33
y: 7
Solving node: 40-1
x: 40
y: 1
Solving node: 39+4
x: 39
y: 4
Solving node: 43-2
x: 43
y: 2
Solving node: 41+9
x: 41
y: 9
Solving node: 50-5
x: 50
y: 5
Originallösung: 7+5-3+3*7-2+1*9-8:2*1+7-1+4-2+9-5 = 45
[37/100] 7+5-3+3*7-2+1*9-8:2*1+7-1+4-2+9-5
Testing equation: 7+5-3+3*7-2+1*9-8:2*1+7-1+4-2+9-5
Checking node: 3*7
Solving node: 3*7
x: 3
y: 7
Checking node: 1*9
Solving node: 1*9
x: 1
y: 9
Checking node: 8:2
Solving node: 8:2
x: 8
y: 2
Checking node: 4*1
Solving node: 4*1
x: 4
y: 1
Checking node: 7+5
Solving node: 7+5
x: 7
y: 5
Checking node: 12-3
Solving node: 12-3
x: 12
y: 3
Checking node: 9+21
Solving node: 9+21
x: 9
y: 21
Checking node: 30-2
Solving node: 30-2
x: 30
y: 2
Checking node: 28+9
Solving node: 28+9
x: 28
y: 9
Checking node: 37-4
Solving node: 37-4
x: 37
y: 4
Checking node: 33+7
Solving node: 33+7
x: 33
y: 7
Checking node: 40-1
Solving node: 40-1
x: 40
y: 1
Checking node: 39+4
Solving node: 39+4
x: 39
y: 4
Checking node: 43-2
Solving node: 43-2
x: 43
y: 2
Checking node: 41+9
Solving node: 41+9
x: 41
y: 9
Checking node: 50-5
Solving node: 50-5
x: 50
y: 5
Checking node: 7+5
Checking node: 5-3
Checking node: 3+3
Checking node: 3*7
Checking node: 7-2
Checking node: 2+1
Checking node: 1*9
Checking node: 9-8
Checking node: 8:2
Checking node: 2*1
Checking node: 1+7
Checking node: 7-1
Checking node: 1+4
Checking node: 4-2
Checking node: 2+9
Checking node: 9-5
Difference: 4
Using default bounds (multiplication)
Calculating: 4*6
Solving node: 4*6
x: 4
y: 6
Solving node: 4*6
x: 4
y: 6
Solving node: 4*6
x: 4
y: 6
Difference: 24
Last: 6; Last sum: 24
Calculating: 4*6-1
Solving node: 4*6
x: 4
y: 6
Solving node: 24-1
x: 24
y: 1
Solving node: 4*6
x: 4
y: 6
Solving node: 24-1
x: 24
y: 1
Solving node: 4*6
x: 4
y: 6
Difference: 24-1
Calculating bounds (multiplication)
Previous index: -1 | Last operator index: 2
Upper bound: 1
Solving node: 4*6
x: 4
y: 6
Solving node: 24-1
x: 24
y: 1
Solving node: 4*6
x: 4
y: 6
Difference: 24-1
Calculating: 4*6-1+4
Solving node: 4*6
x: 4
y: 6
Solving node: 24-1
x: 24
y: 1
Solving node: 23+4
x: 23
y: 4
Solving node: 4*6
x: 4
y: 6
Solving node: 24-1
x: 24
y: 1
Solving node: 4*6
x: 4
y: 6
Solving node: 24-1
x: 24
y: 1
Solving node: 23+4
x: 23
y: 4
Difference: 27
Using default bounds (multiplication)
Calculating: 4*6-1+4*8
Solving node: 4*6
x: 4
y: 6
Solving node: 4*8
x: 4
y: 8
Solving node: 24-1
x: 24
y: 1
Solving node: 23+32
x: 23
y: 32
Solving node: 4*6
x: 4
y: 6
Solving node: 4*8
x: 4
y: 8
Solving node: 24-1
x: 24
y: 1
Solving node: 4*6
x: 4
y: 6
Solving node: 4*8
x: 4
y: 8
Solving node: 24-1
x: 24
y: 1
Solving node: 23+32
x: 23
y: 32
Difference: 55
Last: 8; Last sum: 32
Calculating: 4*6-1+4*8-6
Solving node: 4*6
x: 4
y: 6
Solving node: 4*8
x: 4
y: 8
Solving node: 24-1
x: 24
y: 1
Solving node: 23+32
x: 23
y: 32
Solving node: 55-6
x: 55
y: 6
Solving node: 4*6
x: 4
y: 6
Solving node: 4*8
x: 4
y: 8
Solving node: 24-1
x: 24
y: 1
Solving node: 23+32
x: 23
y: 32
Solving node: 55-6
x: 55
y: 6
Solving node: 4*6
x: 4
y: 6
Solving node: 4*8
x: 4
y: 8
Solving node: 24-1
x: 24
y: 1
Solving node: 23+32
x: 23
y: 32
Difference: 55-6
Calculating bounds (multiplication)
Previous index: -1 | Last operator index: 2
Upper bound: 6
Calculating: 4*6-1+4*8-6*3
Solving node: 4*6
x: 4
y: 6
Solving node: 4*8
x: 4
y: 8
Solving node: 6*3
x: 6
y: 3
Solving node: 24-1
x: 24
y: 1
Solving node: 23+32
x: 23
y: 32
Solving node: 55-18
x: 55
y: 18
Solving node: 4*6
x: 4
y: 6
Solving node: 4*8
x: 4
y: 8
Solving node: 6*3
x: 6
y: 3
Solving node: 24-1
x: 24
y: 1
Solving node: 23+32
x: 23
y: 32
Solving node: 55-18
x: 55
y: 18
Solving node: 4*6
x: 4
y: 6
Solving node: 4*8
x: 4
y: 8
Solving node: 6*3
x: 6
y: 3
Solving node: 24-1
x: 24
y: 1
Solving node: 23+32
x: 23
y: 32
Difference: 55-18
Calculating: 4*6-1+4*8-6*3+1
Solving node: 4*6
x: 4
y: 6
Solving node: 4*8
x: 4
y: 8
Solving node: 6*3
x: 6
y: 3
Solving node: 24-1
x: 24
y: 1
Solving node: 23+32
x: 23
y: 32
Solving node: 55-18
x: 55
y: 18
Solving node: 37+1
x: 37
y: 1
Solving node: 4*6
x: 4
y: 6
Solving node: 4*8
x: 4
y: 8
Solving node: 6*3
x: 6
y: 3
Solving node: 24-1
x: 24
y: 1
Solving node: 23+32
x: 23
y: 32
Solving node: 55-18
x: 55
y: 18
Solving node: 4*6
x: 4
y: 6
Solving node: 4*8
x: 4
y: 8
Solving node: 6*3
x: 6
y: 3
Solving node: 24-1
x: 24
y: 1
Solving node: 23+32
x: 23
y: 32
Solving node: 55-18
x: 55
y: 18
Solving node: 37+1
x: 37
y: 1
Difference: 38
Using default bounds (multiplication)
Calculating: 4*6-1+4*8-6*3+1*7
Solving node: 4*6
x: 4
y: 6
Solving node: 4*8
x: 4
y: 8
Solving node: 6*3
x: 6
y: 3
Solving node: 1*7
x: 1
y: 7
Solving node: 24-1
x: 24
y: 1
Solving node: 23+32
x: 23
y: 32
Solving node: 55-18
x: 55
y: 18
Solving node: 37+7
x: 37
y: 7
Solving node: 4*6
x: 4
y: 6
Solving node: 4*8
x: 4
y: 8
Solving node: 6*3
x: 6
y: 3
Solving node: 1*7
x: 1
y: 7
Solving node: 24-1
x: 24
y: 1
Solving node: 23+32
x: 23
y: 32
Solving node: 55-18
x: 55
y: 18
Solving node: 4*6
x: 4
y: 6
Solving node: 4*8
x: 4
y: 8
Solving node: 6*3
x: 6
y: 3
Solving node: 1*7
x: 1
y: 7
Solving node: 24-1
x: 24
y: 1
Solving node: 23+32
x: 23
y: 32
Solving node: 55-18
x: 55
y: 18
Solving node: 37+7
x: 37
y: 7
Difference: 44
Last: 7; Last sum: 7
Calculating: 4*6-1+4*8-6*3+1*7-2
Solving node: 4*6
x: 4
y: 6
Solving node: 4*8
x: 4
y: 8
Solving node: 6*3
x: 6
y: 3
Solving node: 1*7
x: 1
y: 7
Solving node: 24-1
x: 24
y: 1
Solving node: 23+32
x: 23
y: 32
Solving node: 55-18
x: 55
y: 18
Solving node: 37+7
x: 37
y: 7
Solving node: 44-2
x: 44
y: 2
Solving node: 4*6
x: 4
y: 6
Solving node: 4*8
x: 4
y: 8
Solving node: 6*3
x: 6
y: 3
Solving node: 1*7
x: 1
y: 7
Solving node: 24-1
x: 24
y: 1
Solving node: 23+32
x: 23
y: 32
Solving node: 55-18
x: 55
y: 18
Solving node: 37+7
x: 37
y: 7
Solving node: 44-2
x: 44
y: 2
Solving node: 4*6
x: 4
y: 6
Solving node: 4*8
x: 4
y: 8
Solving node: 6*3
x: 6
y: 3
Solving node: 1*7
x: 1
y: 7
Solving node: 24-1
x: 24
y: 1
Solving node: 23+32
x: 23
y: 32
Solving node: 55-18
x: 55
y: 18
Solving node: 37+7
x: 37
y: 7
Difference: 44-2
Calculating bounds (multiplication)
Previous index: -1 | Last operator index: 2
Upper bound: 2
Calculating: 4*6-1+4*8-6*3+1*7-2*1
Solving node: 4*6
x: 4
y: 6
Solving node: 4*8
x: 4
y: 8
Solving node: 6*3
x: 6
y: 3
Solving node: 1*7
x: 1
y: 7
Solving node: 2*1
x: 2
y: 1
Solving node: 24-1
x: 24
y: 1
Solving node: 23+32
x: 23
y: 32
Solving node: 55-18
x: 55
y: 18
Solving node: 37+7
x: 37
y: 7
Solving node: 44-2
x: 44
y: 2
Solving node: 4*6
x: 4
y: 6
Solving node: 4*8
x: 4
y: 8
Solving node: 6*3
x: 6
y: 3
Solving node: 1*7
x: 1
y: 7
Solving node: 2*1
x: 2
y: 1
Solving node: 24-1
x: 24
y: 1
Solving node: 23+32
x: 23
y: 32
Solving node: 55-18
x: 55
y: 18
Solving node: 37+7
x: 37
y: 7
Solving node: 44-2
x: 44
y: 2
Solving node: 4*6
x: 4
y: 6
Solving node: 4*8
x: 4
y: 8
Solving node: 6*3
x: 6
y: 3
Solving node: 1*7
x: 1
y: 7
Solving node: 2*1
x: 2
y: 1
Solving node: 24-1
x: 24
y: 1
Solving node: 23+32
x: 23
y: 32
Solving node: 55-18
x: 55
y: 18
Solving node: 37+7
x: 37
y: 7
Difference: 44-2
Calculating: 4*6-1+4*8-6*3+1*7-2*1+3
Solving node: 4*6
x: 4
y: 6
Solving node: 4*8
x: 4
y: 8
Solving node: 6*3
x: 6
y: 3
Solving node: 1*7
x: 1
y: 7
Solving node: 2*1
x: 2
y: 1
Solving node: 24-1
x: 24
y: 1
Solving node: 23+32
x: 23
y: 32
Solving node: 55-18
x: 55
y: 18
Solving node: 37+7
x: 37
y: 7
Solving node: 44-2
x: 44
y: 2
Solving node: 42+3
x: 42
y: 3
Solving node: 4*6
x: 4
y: 6
Solving node: 4*8
x: 4
y: 8
Solving node: 6*3
x: 6
y: 3
Solving node: 1*7
x: 1
y: 7
Solving node: 2*1
x: 2
y: 1
Solving node: 24-1
x: 24
y: 1
Solving node: 23+32
x: 23
y: 32
Solving node: 55-18
x: 55
y: 18
Solving node: 37+7
x: 37
y: 7
Solving node: 44-2
x: 44
y: 2
Solving node: 4*6
x: 4
y: 6
Solving node: 4*8
x: 4
y: 8
Solving node: 6*3
x: 6
y: 3
Solving node: 1*7
x: 1
y: 7
Solving node: 2*1
x: 2
y: 1
Solving node: 24-1
x: 24
y: 1
Solving node: 23+32
x: 23
y: 32
Solving node: 55-18
x: 55
y: 18
Solving node: 37+7
x: 37
y: 7
Solving node: 44-2
x: 44
y: 2
Solving node: 42+3
x: 42
y: 3
Difference: 45
Last: 3; Last sum: 3
Calculating: 4*6-1+4*8-6*3+1*7-2*1+3-2
Solving node: 4*6
x: 4
y: 6
Solving node: 4*8
x: 4
y: 8
Solving node: 6*3
x: 6
y: 3
Solving node: 1*7
x: 1
y: 7
Solving node: 2*1
x: 2
y: 1
Solving node: 24-1
x: 24
y: 1
Solving node: 23+32
x: 23
y: 32
Solving node: 55-18
x: 55
y: 18
Solving node: 37+7
x: 37
y: 7
Solving node: 44-2
x: 44
y: 2
Solving node: 42+3
x: 42
y: 3
Solving node: 45-2
x: 45
y: 2
Solving node: 4*6
x: 4
y: 6
Solving node: 4*8
x: 4
y: 8
Solving node: 6*3
x: 6
y: 3
Solving node: 1*7
x: 1
y: 7
Solving node: 2*1
x: 2
y: 1
Solving node: 24-1
x: 24
y: 1
Solving node: 23+32
x: 23
y: 32
Solving node: 55-18
x: 55
y: 18
Solving node: 37+7
x: 37
y: 7
Solving node: 44-2
x: 44
y: 2
Solving node: 42+3
x: 42
y: 3
Solving node: 45-2
x: 45
y: 2
Solving node: 4*6
x: 4
y: 6
Solving node: 4*8
x: 4
y: 8
Solving node: 6*3
x: 6
y: 3
Solving node: 1*7
x: 1
y: 7
Solving node: 2*1
x: 2
y: 1
Solving node: 24-1
x: 24
y: 1
Solving node: 23+32
x: 23
y: 32
Solving node: 55-18
x: 55
y: 18
Solving node: 37+7
x: 37
y: 7
Solving node: 44-2
x: 44
y: 2
Solving node: 42+3
x: 42
y: 3
Difference: 45-2
Calculating bounds (multiplication)
Previous index: -1 | Last operator index: 2
Upper bound: 2
Calculating: 4*6-1+4*8-6*3+1*7-2*1+3-2*1
Solving node: 4*6
x: 4
y: 6
Solving node: 4*8
x: 4
y: 8
Solving node: 6*3
x: 6
y: 3
Solving node: 1*7
x: 1
y: 7
Solving node: 2*1
x: 2
y: 1
Solving node: 2*1
x: 2
y: 1
Solving node: 24-1
x: 24
y: 1
Solving node: 23+32
x: 23
y: 32
Solving node: 55-18
x: 55
y: 18
Solving node: 37+7
x: 37
y: 7
Solving node: 44-2
x: 44
y: 2
Solving node: 42+3
x: 42
y: 3
Solving node: 45-2
x: 45
y: 2
Solving node: 4*6
x: 4
y: 6
Solving node: 4*8
x: 4
y: 8
Solving node: 6*3
x: 6
y: 3
Solving node: 1*7
x: 1
y: 7
Solving node: 2*1
x: 2
y: 1
Solving node: 2*1
x: 2
y: 1
Solving node: 24-1
x: 24
y: 1
Solving node: 23+32
x: 23
y: 32
Solving node: 55-18
x: 55
y: 18
Solving node: 37+7
x: 37
y: 7
Solving node: 44-2
x: 44
y: 2
Solving node: 42+3
x: 42
y: 3
Solving node: 45-2
x: 45
y: 2
Solving node: 4*6
x: 4
y: 6
Solving node: 4*8
x: 4
y: 8
Solving node: 6*3
x: 6
y: 3
Solving node: 1*7
x: 1
y: 7
Solving node: 2*1
x: 2
y: 1
Solving node: 2*1
x: 2
y: 1
Solving node: 24-1
x: 24
y: 1
Solving node: 23+32
x: 23
y: 32
Solving node: 55-18
x: 55
y: 18
Solving node: 37+7
x: 37
y: 7
Solving node: 44-2
x: 44
y: 2
Solving node: 42+3
x: 42
y: 3
Difference: 45-2
Calculating: 4*6-1+4*8-6*3+1*7-2*1+3-2*1+2
Solving node: 4*6
x: 4
y: 6
Solving node: 4*8
x: 4
y: 8
Solving node: 6*3
x: 6
y: 3
Solving node: 1*7
x: 1
y: 7
Solving node: 2*1
x: 2
y: 1
Solving node: 2*1
x: 2
y: 1
Solving node: 24-1
x: 24
y: 1
Solving node: 23+32
x: 23
y: 32
Solving node: 55-18
x: 55
y: 18
Solving node: 37+7
x: 37
y: 7
Solving node: 44-2
x: 44
y: 2
Solving node: 42+3
x: 42
y: 3
Solving node: 45-2
x: 45
y: 2
Solving node: 43+2
x: 43
y: 2
Solving node: 4*6
x: 4
y: 6
Solving node: 4*8
x: 4
y: 8
Solving node: 6*3
x: 6
y: 3
Solving node: 1*7
x: 1
y: 7
Solving node: 2*1
x: 2
y: 1
Solving node: 2*1
x: 2
y: 1
Solving node: 24-1
x: 24
y: 1
Solving node: 23+32
x: 23
y: 32
Solving node: 55-18
x: 55
y: 18
Solving node: 37+7
x: 37
y: 7
Solving node: 44-2
x: 44
y: 2
Solving node: 42+3
x: 42
y: 3
Solving node: 45-2
x: 45
y: 2
Solving node: 4*6
x: 4
y: 6
Solving node: 4*8
x: 4
y: 8
Solving node: 6*3
x: 6
y: 3
Solving node: 1*7
x: 1
y: 7
Solving node: 2*1
x: 2
y: 1
Solving node: 2*1
x: 2
y: 1
Solving node: 24-1
x: 24
y: 1
Solving node: 23+32
x: 23
y: 32
Solving node: 55-18
x: 55
y: 18
Solving node: 37+7
x: 37
y: 7
Solving node: 44-2
x: 44
y: 2
Solving node: 42+3
x: 42
y: 3
Solving node: 45-2
x: 45
y: 2
Solving node: 43+2
x: 43
y: 2
Difference: 45
Using default bounds (multiplication)
Calculating: 4*6-1+4*8-6*3+1*7-2*1+3-2*1+2*4
Solving node: 4*6
x: 4
y: 6
Solving node: 4*8
x: 4
y: 8
Solving node: 6*3
x: 6
y: 3
Solving node: 1*7
x: 1
y: 7
Solving node: 2*1
x: 2
y: 1
Solving node: 2*1
x: 2
y: 1
Solving node: 2*4
x: 2
y: 4
Solving node: 24-1
x: 24
y: 1
Solving node: 23+32
x: 23
y: 32
Solving node: 55-18
x: 55
y: 18
Solving node: 37+7
x: 37
y: 7
Solving node: 44-2
x: 44
y: 2
Solving node: 42+3
x: 42
y: 3
Solving node: 45-2
x: 45
y: 2
Solving node: 43+8
x: 43
y: 8
Solving node: 4*6
x: 4
y: 6
Solving node: 4*8
x: 4
y: 8
Solving node: 6*3
x: 6
y: 3
Solving node: 1*7
x: 1
y: 7
Solving node: 2*1
x: 2
y: 1
Solving node: 2*1
x: 2
y: 1
Solving node: 2*4
x: 2
y: 4
Solving node: 24-1
x: 24
y: 1
Solving node: 23+32
x: 23
y: 32
Solving node: 55-18
x: 55
y: 18
Solving node: 37+7
x: 37
y: 7
Solving node: 44-2
x: 44
y: 2
Solving node: 42+3
x: 42
y: 3
Solving node: 45-2
x: 45
y: 2
Solving node: 4*6
x: 4
y: 6
Solving node: 4*8
x: 4
y: 8
Solving node: 6*3
x: 6
y: 3
Solving node: 1*7
x: 1
y: 7
Solving node: 2*1
x: 2
y: 1
Solving node: 2*1
x: 2
y: 1
Solving node: 2*4
x: 2
y: 4
Solving node: 24-1
x: 24
y: 1
Solving node: 23+32
x: 23
y: 32
Solving node: 55-18
x: 55
y: 18
Solving node: 37+7
x: 37
y: 7
Solving node: 44-2
x: 44
y: 2
Solving node: 42+3
x: 42
y: 3
Solving node: 45-2
x: 45
y: 2
Solving node: 43+8
x: 43
y: 8
Difference: 51
Calculating: 4*6-1+4*8-6*3+1*7-2*1+3-2*1+2*4+4
Solving node: 4*6
x: 4
y: 6
Solving node: 4*8
x: 4
y: 8
Solving node: 6*3
x: 6
y: 3
Solving node: 1*7
x: 1
y: 7
Solving node: 2*1
x: 2
y: 1
Solving node: 2*1
x: 2
y: 1
Solving node: 2*4
x: 2
y: 4
Solving node: 24-1
x: 24
y: 1
Solving node: 23+32
x: 23
y: 32
Solving node: 55-18
x: 55
y: 18
Solving node: 37+7
x: 37
y: 7
Solving node: 44-2
x: 44
y: 2
Solving node: 42+3
x: 42
y: 3
Solving node: 45-2
x: 45
y: 2
Solving node: 43+8
x: 43
y: 8
Solving node: 51+4
x: 51
y: 4
Originallösung: 4*6-1+4*8-6*3+1*7-2*1+3-2*1+2*4+4 = 55
[38/100] 4*6-1+4*8-6*3+1*7-2*1+3-2*1+2*4+4
Testing equation: 4*6-1+4*8-6*3+1*7-2*1+3-2*1+2*4+4
Checking node: 4*6
Solving node: 4*6
x: 4
y: 6
Checking node: 4*8
Solving node: 4*8
x: 4
y: 8
Checking node: 6*3
Solving node: 6*3
x: 6
y: 3
Checking node: 1*7
Solving node: 1*7
x: 1
y: 7
Checking node: 2*1
Solving node: 2*1
x: 2
y: 1
Checking node: 2*1
Solving node: 2*1
x: 2
y: 1
Checking node: 2*4
Solving node: 2*4
x: 2
y: 4
Checking node: 24-1
Solving node: 24-1
x: 24
y: 1
Checking node: 23+32
Solving node: 23+32
x: 23
y: 32
Checking node: 55-18
Solving node: 55-18
x: 55
y: 18
Checking node: 37+7
Solving node: 37+7
x: 37
y: 7
Checking node: 44-2
Solving node: 44-2
x: 44
y: 2
Checking node: 42+3
Solving node: 42+3
x: 42
y: 3
Checking node: 45-2
Solving node: 45-2
x: 45
y: 2
Checking node: 43+8
Solving node: 43+8
x: 43
y: 8
Checking node: 51+4
Solving node: 51+4
x: 51
y: 4
Checking node: 4*6
Checking node: 6-1
Checking node: 1+4
Checking node: 4*8
Checking node: 8-6
Checking node: 6*3
Checking node: 3+1
Checking node: 1*7
Checking node: 7-2
Checking node: 2*1
Checking node: 1+3
Checking node: 3-2
Checking node: 2*1
Checking node: 1+2
Checking node: 2*4
Checking node: 4+4
Difference: 9
Using default bounds (multiplication)
Calculating: 9*1
Solving node: 9*1
x: 9
y: 1
Solving node: 9*1
x: 9
y: 1
Solving node: 9*1
x: 9
y: 1
Difference: 9
Calculating: 9*1+4
Solving node: 9*1
x: 9
y: 1
Solving node: 9+4
x: 9
y: 4
Solving node: 9*1
x: 9
y: 1
Solving node: 9*1
x: 9
y: 1
Solving node: 9+4
x: 9
y: 4
Difference: 13
Last: 4; Last sum: 4
Calculating: 9*1+4-2
Solving node: 9*1
x: 9
y: 1
Solving node: 9+4
x: 9
y: 4
Solving node: 13-2
x: 13
y: 2
Solving node: 9*1
x: 9
y: 1
Solving node: 9+4
x: 9
y: 4
Solving node: 13-2
x: 13
y: 2
Solving node: 9*1
x: 9
y: 1
Solving node: 9+4
x: 9
y: 4
Difference: 13-2
Calculating bounds (multiplication)
Previous index: -1 | Last operator index: 2
Upper bound: 2
Calculating: 9*1+4-2*1
Solving node: 9*1
x: 9
y: 1
Solving node: 2*1
x: 2
y: 1
Solving node: 9+4
x: 9
y: 4
Solving node: 13-2
x: 13
y: 2
Solving node: 9*1
x: 9
y: 1
Solving node: 2*1
x: 2
y: 1
Solving node: 9+4
x: 9
y: 4
Solving node: 13-2
x: 13
y: 2
Solving node: 9*1
x: 9
y: 1
Solving node: 2*1
x: 2
y: 1
Solving node: 9+4
x: 9
y: 4
Difference: 13-2
Calculating: 9*1+4-2*1+1
Solving node: 9*1
x: 9
y: 1
Solving node: 2*1
x: 2
y: 1
Solving node: 9+4
x: 9
y: 4
Solving node: 13-2
x: 13
y: 2
Solving node: 11+1
x: 11
y: 1
Solving node: 9*1
x: 9
y: 1
Solving node: 2*1
x: 2
y: 1
Solving node: 9+4
x: 9
y: 4
Solving node: 13-2
x: 13
y: 2
Solving node: 9*1
x: 9
y: 1
Solving node: 2*1
x: 2
y: 1
Solving node: 9+4
x: 9
y: 4
Solving node: 13-2
x: 13
y: 2
Solving node: 11+1
x: 11
y: 1
Difference: 12
Using default bounds (multiplication)
Calculating: 9*1+4-2*1+1*9
Solving node: 9*1
x: 9
y: 1
Solving node: 2*1
x: 2
y: 1
Solving node: 1*9
x: 1
y: 9
Solving node: 9+4
x: 9
y: 4
Solving node: 13-2
x: 13
y: 2
Solving node: 11+9
x: 11
y: 9
Solving node: 9*1
x: 9
y: 1
Solving node: 2*1
x: 2
y: 1
Solving node: 1*9
x: 1
y: 9
Solving node: 9+4
x: 9
y: 4
Solving node: 13-2
x: 13
y: 2
Solving node: 9*1
x: 9
y: 1
Solving node: 2*1
x: 2
y: 1
Solving node: 1*9
x: 1
y: 9
Solving node: 9+4
x: 9
y: 4
Solving node: 13-2
x: 13
y: 2
Solving node: 11+9
x: 11
y: 9
Difference: 20
Last: 9; Last sum: 9
Calculating: 9*1+4-2*1+1*9-1
Solving node: 9*1
x: 9
y: 1
Solving node: 2*1
x: 2
y: 1
Solving node: 1*9
x: 1
y: 9
Solving node: 9+4
x: 9
y: 4
Solving node: 13-2
x: 13
y: 2
Solving node: 11+9
x: 11
y: 9
Solving node: 20-1
x: 20
y: 1
Solving node: 9*1
x: 9
y: 1
Solving node: 2*1
x: 2
y: 1
Solving node: 1*9
x: 1
y: 9
Solving node: 9+4
x: 9
y: 4
Solving node: 13-2
x: 13
y: 2
Solving node: 11+9
x: 11
y: 9
Solving node: 20-1
x: 20
y: 1
Solving node: 9*1
x: 9
y: 1
Solving node: 2*1
x: 2
y: 1
Solving node: 1*9
x: 1
y: 9
Solving node: 9+4
x: 9
y: 4
Solving node: 13-2
x: 13
y: 2
Solving node: 11+9
x: 11
y: 9
Difference: 20-1
Calculating: 9*1+4-2*1+1*9-1+1
Solving node: 9*1
x: 9
y: 1
Solving node: 2*1
x: 2
y: 1
Solving node: 1*9
x: 1
y: 9
Solving node: 9+4
x: 9
y: 4
Solving node: 13-2
x: 13
y: 2
Solving node: 11+9
x: 11
y: 9
Solving node: 20-1
x: 20
y: 1
Solving node: 19+1
x: 19
y: 1
Solving node: 9*1
x: 9
y: 1
Solving node: 2*1
x: 2
y: 1
Solving node: 1*9
x: 1
y: 9
Solving node: 9+4
x: 9
y: 4
Solving node: 13-2
x: 13
y: 2
Solving node: 11+9
x: 11
y: 9
Solving node: 20-1
x: 20
y: 1
Solving node: 9*1
x: 9
y: 1
Solving node: 2*1
x: 2
y: 1
Solving node: 1*9
x: 1
y: 9
Solving node: 9+4
x: 9
y: 4
Solving node: 13-2
x: 13
y: 2
Solving node: 11+9
x: 11
y: 9
Solving node: 20-1
x: 20
y: 1
Solving node: 19+1
x: 19
y: 1
Difference: 20
Using default bounds (multiplication)
Calculating: 9*1+4-2*1+1*9-1+1*7
Solving node: 9*1
x: 9
y: 1
Solving node: 2*1
x: 2
y: 1
Solving node: 1*9
x: 1
y: 9
Solving node: 1*7
x: 1
y: 7
Solving node: 9+4
x: 9
y: 4
Solving node: 13-2
x: 13
y: 2
Solving node: 11+9
x: 11
y: 9
Solving node: 20-1
x: 20
y: 1
Solving node: 19+7
x: 19
y: 7
Solving node: 9*1
x: 9
y: 1
Solving node: 2*1
x: 2
y: 1
Solving node: 1*9
x: 1
y: 9
Solving node: 1*7
x: 1
y: 7
Solving node: 9+4
x: 9
y: 4
Solving node: 13-2
x: 13
y: 2
Solving node: 11+9
x: 11
y: 9
Solving node: 20-1
x: 20
y: 1
Solving node: 9*1
x: 9
y: 1
Solving node: 2*1
x: 2
y: 1
Solving node: 1*9
x: 1
y: 9
Solving node: 1*7
x: 1
y: 7
Solving node: 9+4
x: 9
y: 4
Solving node: 13-2
x: 13
y: 2
Solving node: 11+9
x: 11
y: 9
Solving node: 20-1
x: 20
y: 1
Solving node: 19+7
x: 19
y: 7
Difference: 26
Calculating: 9*1+4-2*1+1*9-1+1*7+7
Solving node: 9*1
x: 9
y: 1
Solving node: 2*1
x: 2
y: 1
Solving node: 1*9
x: 1
y: 9
Solving node: 1*7
x: 1
y: 7
Solving node: 9+4
x: 9
y: 4
Solving node: 13-2
x: 13
y: 2
Solving node: 11+9
x: 11
y: 9
Solving node: 20-1
x: 20
y: 1
Solving node: 19+7
x: 19
y: 7
Solving node: 26+7
x: 26
y: 7
Solving node: 9*1
x: 9
y: 1
Solving node: 2*1
x: 2
y: 1
Solving node: 1*9
x: 1
y: 9
Solving node: 1*7
x: 1
y: 7
Solving node: 9+4
x: 9
y: 4
Solving node: 13-2
x: 13
y: 2
Solving node: 11+9
x: 11
y: 9
Solving node: 20-1
x: 20
y: 1
Solving node: 9*1
x: 9
y: 1
Solving node: 2*1
x: 2
y: 1
Solving node: 1*9
x: 1
y: 9
Solving node: 1*7
x: 1
y: 7
Solving node: 9+4
x: 9
y: 4
Solving node: 13-2
x: 13
y: 2
Solving node: 11+9
x: 11
y: 9
Solving node: 20-1
x: 20
y: 1
Solving node: 19+7
x: 19
y: 7
Solving node: 26+7
x: 26
y: 7
Difference: 33
Using default bounds (multiplication)
Calculating: 9*1+4-2*1+1*9-1+1*7+7*3
Solving node: 9*1
x: 9
y: 1
Solving node: 2*1
x: 2
y: 1
Solving node: 1*9
x: 1
y: 9
Solving node: 1*7
x: 1
y: 7
Solving node: 7*3
x: 7
y: 3
Solving node: 9+4
x: 9
y: 4
Solving node: 13-2
x: 13
y: 2
Solving node: 11+9
x: 11
y: 9
Solving node: 20-1
x: 20
y: 1
Solving node: 19+7
x: 19
y: 7
Solving node: 26+21
x: 26
y: 21
Solving node: 9*1
x: 9
y: 1
Solving node: 2*1
x: 2
y: 1
Solving node: 1*9
x: 1
y: 9
Solving node: 1*7
x: 1
y: 7
Solving node: 7*3
x: 7
y: 3
Solving node: 9+4
x: 9
y: 4
Solving node: 13-2
x: 13
y: 2
Solving node: 11+9
x: 11
y: 9
Solving node: 20-1
x: 20
y: 1
Solving node: 9*1
x: 9
y: 1
Solving node: 2*1
x: 2
y: 1
Solving node: 1*9
x: 1
y: 9
Solving node: 1*7
x: 1
y: 7
Solving node: 7*3
x: 7
y: 3
Solving node: 9+4
x: 9
y: 4
Solving node: 13-2
x: 13
y: 2
Solving node: 11+9
x: 11
y: 9
Solving node: 20-1
x: 20
y: 1
Solving node: 19+7
x: 19
y: 7
Solving node: 26+21
x: 26
y: 21
Difference: 47
Calculating: 9*1+4-2*1+1*9-1+1*7+7*3+9
Solving node: 9*1
x: 9
y: 1
Solving node: 2*1
x: 2
y: 1
Solving node: 1*9
x: 1
y: 9
Solving node: 1*7
x: 1
y: 7
Solving node: 7*3
x: 7
y: 3
Solving node: 9+4
x: 9
y: 4
Solving node: 13-2
x: 13
y: 2
Solving node: 11+9
x: 11
y: 9
Solving node: 20-1
x: 20
y: 1
Solving node: 19+7
x: 19
y: 7
Solving node: 26+21
x: 26
y: 21
Solving node: 47+9
x: 47
y: 9
Solving node: 9*1
x: 9
y: 1
Solving node: 2*1
x: 2
y: 1
Solving node: 1*9
x: 1
y: 9
Solving node: 1*7
x: 1
y: 7
Solving node: 7*3
x: 7
y: 3
Solving node: 9+4
x: 9
y: 4
Solving node: 13-2
x: 13
y: 2
Solving node: 11+9
x: 11
y: 9
Solving node: 20-1
x: 20
y: 1
Solving node: 9*1
x: 9
y: 1
Solving node: 2*1
x: 2
y: 1
Solving node: 1*9
x: 1
y: 9
Solving node: 1*7
x: 1
y: 7
Solving node: 7*3
x: 7
y: 3
Solving node: 9+4
x: 9
y: 4
Solving node: 13-2
x: 13
y: 2
Solving node: 11+9
x: 11
y: 9
Solving node: 20-1
x: 20
y: 1
Solving node: 19+7
x: 19
y: 7
Solving node: 26+21
x: 26
y: 21
Solving node: 47+9
x: 47
y: 9
Difference: 56
Using default bounds (multiplication)
Calculating: 9*1+4-2*1+1*9-1+1*7+7*3+9*2
Solving node: 9*1
x: 9
y: 1
Solving node: 2*1
x: 2
y: 1
Solving node: 1*9
x: 1
y: 9
Solving node: 1*7
x: 1
y: 7
Solving node: 7*3
x: 7
y: 3
Solving node: 9*2
x: 9
y: 2
Solving node: 9+4
x: 9
y: 4
Solving node: 13-2
x: 13
y: 2
Solving node: 11+9
x: 11
y: 9
Solving node: 20-1
x: 20
y: 1
Solving node: 19+7
x: 19
y: 7
Solving node: 26+21
x: 26
y: 21
Solving node: 47+18
x: 47
y: 18
Solving node: 9*1
x: 9
y: 1
Solving node: 2*1
x: 2
y: 1
Solving node: 1*9
x: 1
y: 9
Solving node: 1*7
x: 1
y: 7
Solving node: 7*3
x: 7
y: 3
Solving node: 9*2
x: 9
y: 2
Solving node: 9+4
x: 9
y: 4
Solving node: 13-2
x: 13
y: 2
Solving node: 11+9
x: 11
y: 9
Solving node: 20-1
x: 20
y: 1
Solving node: 9*1
x: 9
y: 1
Solving node: 2*1
x: 2
y: 1
Solving node: 1*9
x: 1
y: 9
Solving node: 1*7
x: 1
y: 7
Solving node: 7*3
x: 7
y: 3
Solving node: 9*2
x: 9
y: 2
Solving node: 9+4
x: 9
y: 4
Solving node: 13-2
x: 13
y: 2
Solving node: 11+9
x: 11
y: 9
Solving node: 20-1
x: 20
y: 1
Solving node: 19+7
x: 19
y: 7
Solving node: 26+21
x: 26
y: 21
Solving node: 47+18
x: 47
y: 18
Difference: 65
Calculating: 9*1+4-2*1+1*9-1+1*7+7*3+9*2+7
Solving node: 9*1
x: 9
y: 1
Solving node: 2*1
x: 2
y: 1
Solving node: 1*9
x: 1
y: 9
Solving node: 1*7
x: 1
y: 7
Solving node: 7*3
x: 7
y: 3
Solving node: 9*2
x: 9
y: 2
Solving node: 9+4
x: 9
y: 4
Solving node: 13-2
x: 13
y: 2
Solving node: 11+9
x: 11
y: 9
Solving node: 20-1
x: 20
y: 1
Solving node: 19+7
x: 19
y: 7
Solving node: 26+21
x: 26
y: 21
Solving node: 47+18
x: 47
y: 18
Solving node: 65+7
x: 65
y: 7
Solving node: 9*1
x: 9
y: 1
Solving node: 2*1
x: 2
y: 1
Solving node: 1*9
x: 1
y: 9
Solving node: 1*7
x: 1
y: 7
Solving node: 7*3
x: 7
y: 3
Solving node: 9*2
x: 9
y: 2
Solving node: 9+4
x: 9
y: 4
Solving node: 13-2
x: 13
y: 2
Solving node: 11+9
x: 11
y: 9
Solving node: 20-1
x: 20
y: 1
Solving node: 9*1
x: 9
y: 1
Solving node: 2*1
x: 2
y: 1
Solving node: 1*9
x: 1
y: 9
Solving node: 1*7
x: 1
y: 7
Solving node: 7*3
x: 7
y: 3
Solving node: 9*2
x: 9
y: 2
Solving node: 9+4
x: 9
y: 4
Solving node: 13-2
x: 13
y: 2
Solving node: 11+9
x: 11
y: 9
Solving node: 20-1
x: 20
y: 1
Solving node: 19+7
x: 19
y: 7
Solving node: 26+21
x: 26
y: 21
Solving node: 47+18
x: 47
y: 18
Solving node: 65+7
x: 65
y: 7
Difference: 72
Using default bounds (multiplication)
Calculating: 9*1+4-2*1+1*9-1+1*7+7*3+9*2+7*3
Solving node: 9*1
x: 9
y: 1
Solving node: 2*1
x: 2
y: 1
Solving node: 1*9
x: 1
y: 9
Solving node: 1*7
x: 1
y: 7
Solving node: 7*3
x: 7
y: 3
Solving node: 9*2
x: 9
y: 2
Solving node: 7*3
x: 7
y: 3
Solving node: 9+4
x: 9
y: 4
Solving node: 13-2
x: 13
y: 2
Solving node: 11+9
x: 11
y: 9
Solving node: 20-1
x: 20
y: 1
Solving node: 19+7
x: 19
y: 7
Solving node: 26+21
x: 26
y: 21
Solving node: 47+18
x: 47
y: 18
Solving node: 65+21
x: 65
y: 21
Solving node: 9*1
x: 9
y: 1
Solving node: 2*1
x: 2
y: 1
Solving node: 1*9
x: 1
y: 9
Solving node: 1*7
x: 1
y: 7
Solving node: 7*3
x: 7
y: 3
Solving node: 9*2
x: 9
y: 2
Solving node: 7*3
x: 7
y: 3
Solving node: 9+4
x: 9
y: 4
Solving node: 13-2
x: 13
y: 2
Solving node: 11+9
x: 11
y: 9
Solving node: 20-1
x: 20
y: 1
Solving node: 9*1
x: 9
y: 1
Solving node: 2*1
x: 2
y: 1
Solving node: 1*9
x: 1
y: 9
Solving node: 1*7
x: 1
y: 7
Solving node: 7*3
x: 7
y: 3
Solving node: 9*2
x: 9
y: 2
Solving node: 7*3
x: 7
y: 3
Solving node: 9+4
x: 9
y: 4
Solving node: 13-2
x: 13
y: 2
Solving node: 11+9
x: 11
y: 9
Solving node: 20-1
x: 20
y: 1
Solving node: 19+7
x: 19
y: 7
Solving node: 26+21
x: 26
y: 21
Solving node: 47+18
x: 47
y: 18
Solving node: 65+21
x: 65
y: 21
Difference: 86
Last: 3; Last sum: 21
Calculating: 9*1+4-2*1+1*9-1+1*7+7*3+9*2+7*3-2
Solving node: 9*1
x: 9
y: 1
Solving node: 2*1
x: 2
y: 1
Solving node: 1*9
x: 1
y: 9
Solving node: 1*7
x: 1
y: 7
Solving node: 7*3
x: 7
y: 3
Solving node: 9*2
x: 9
y: 2
Solving node: 7*3
x: 7
y: 3
Solving node: 9+4
x: 9
y: 4
Solving node: 13-2
x: 13
y: 2
Solving node: 11+9
x: 11
y: 9
Solving node: 20-1
x: 20
y: 1
Solving node: 19+7
x: 19
y: 7
Solving node: 26+21
x: 26
y: 21
Solving node: 47+18
x: 47
y: 18
Solving node: 65+21
x: 65
y: 21
Solving node: 86-2
x: 86
y: 2
Originallösung: 9*1+4-2*1+1*9-1+1*7+7*3+9*2+7*3-2 = 84
[39/100] 9*1+4-2*1+1*9-1+1*7+7*3+9*2+7*3-2
Testing equation: 9*1+4-2*1+1*9-1+1*7+7*3+9*2+7*3-2
Checking node: 9*1
Solving node: 9*1
x: 9
y: 1
Checking node: 2*1
Solving node: 2*1
x: 2
y: 1
Checking node: 1*9
Solving node: 1*9
x: 1
y: 9
Checking node: 1*7
Solving node: 1*7
x: 1
y: 7
Checking node: 7*3
Solving node: 7*3
x: 7
y: 3
Checking node: 9*2
Solving node: 9*2
x: 9
y: 2
Checking node: 7*3
Solving node: 7*3
x: 7
y: 3
Checking node: 9+4
Solving node: 9+4
x: 9
y: 4
Checking node: 13-2
Solving node: 13-2
x: 13
y: 2
Checking node: 11+9
Solving node: 11+9
x: 11
y: 9
Checking node: 20-1
Solving node: 20-1
x: 20
y: 1
Checking node: 19+7
Solving node: 19+7
x: 19
y: 7
Checking node: 26+21
Solving node: 26+21
x: 26
y: 21
Checking node: 47+18
Solving node: 47+18
x: 47
y: 18
Checking node: 65+21
Solving node: 65+21
x: 65
y: 21
Checking node: 86-2
Solving node: 86-2
x: 86
y: 2
Checking node: 9*1
Checking node: 1+4
Checking node: 4-2
Checking node: 2*1
Checking node: 1+1
Checking node: 1*9
Checking node: 9-1
Checking node: 1+1
Checking node: 1*7
Checking node: 7+7
Checking node: 7*3
Checking node: 3+9
Checking node: 9*2
Checking node: 2+7
Checking node: 7*3
Checking node: 3-2
Difference: 6
Using default bounds (multiplication)
Calculating: 6*9
Solving node: 6*9
x: 6
y: 9
Solving node: 6*9
x: 6
y: 9
Solving node: 6*9
x: 6
y: 9
Difference: 54
Calculating: 6*9+1
Solving node: 6*9
x: 6
y: 9
Solving node: 54+1
x: 54
y: 1
Solving node: 6*9
x: 6
y: 9
Solving node: 6*9
x: 6
y: 9
Solving node: 54+1
x: 54
y: 1
Difference: 55
Using default bounds (multiplication)
Calculating: 6*9+1*9
Solving node: 6*9
x: 6
y: 9
Solving node: 1*9
x: 1
y: 9
Solving node: 54+9
x: 54
y: 9
Solving node: 6*9
x: 6
y: 9
Solving node: 1*9
x: 1
y: 9
Solving node: 6*9
x: 6
y: 9
Solving node: 1*9
x: 1
y: 9
Solving node: 54+9
x: 54
y: 9
Difference: 63
Last: 9; Last sum: 9
Calculating: 6*9+1*9-1
Solving node: 6*9
x: 6
y: 9
Solving node: 1*9
x: 1
y: 9
Solving node: 54+9
x: 54
y: 9
Solving node: 63-1
x: 63
y: 1
Solving node: 6*9
x: 6
y: 9
Solving node: 1*9
x: 1
y: 9
Solving node: 54+9
x: 54
y: 9
Solving node: 63-1
x: 63
y: 1
Solving node: 6*9
x: 6
y: 9
Solving node: 1*9
x: 1
y: 9
Solving node: 54+9
x: 54
y: 9
Difference: 63-1
Calculating bounds (multiplication)
Previous index: -1 | Last operator index: 2
Upper bound: 1
Solving node: 6*9
x: 6
y: 9
Solving node: 1*9
x: 1
y: 9
Solving node: 54+9
x: 54
y: 9
Solving node: 63-1
x: 63
y: 1
Solving node: 6*9
x: 6
y: 9
Solving node: 1*9
x: 1
y: 9
Solving node: 54+9
x: 54
y: 9
Difference: 63-1
Calculating: 6*9+1*9-1+4
Solving node: 6*9
x: 6
y: 9
Solving node: 1*9
x: 1
y: 9
Solving node: 54+9
x: 54
y: 9
Solving node: 63-1
x: 63
y: 1
Solving node: 62+4
x: 62
y: 4
Solving node: 6*9
x: 6
y: 9
Solving node: 1*9
x: 1
y: 9
Solving node: 54+9
x: 54
y: 9
Solving node: 63-1
x: 63
y: 1
Solving node: 6*9
x: 6
y: 9
Solving node: 1*9
x: 1
y: 9
Solving node: 54+9
x: 54
y: 9
Solving node: 63-1
x: 63
y: 1
Solving node: 62+4
x: 62
y: 4
Difference: 66
Calculating: 6*9+1*9-1+4:1
Solving node: 6*9
x: 6
y: 9
Solving node: 1*9
x: 1
y: 9
Solving node: 4:1
x: 4
y: 1
Solving node: 54+9
x: 54
y: 9
Solving node: 63-1
x: 63
y: 1
Solving node: 62+4
x: 62
y: 4
Solving node: 6*9
x: 6
y: 9
Solving node: 1*9
x: 1
y: 9
Solving node: 4:1
x: 4
y: 1
Solving node: 54+9
x: 54
y: 9
Solving node: 63-1
x: 63
y: 1
Solving node: 6*9
x: 6
y: 9
Solving node: 1*9
x: 1
y: 9
Solving node: 4:1
x: 4
y: 1
Solving node: 54+9
x: 54
y: 9
Solving node: 63-1
x: 63
y: 1
Solving node: 62+4
x: 62
y: 4
Difference: 66
Calculating: 6*9+1*9-1+4:1+3
Solving node: 6*9
x: 6
y: 9
Solving node: 1*9
x: 1
y: 9
Solving node: 4:1
x: 4
y: 1
Solving node: 54+9
x: 54
y: 9
Solving node: 63-1
x: 63
y: 1
Solving node: 62+4
x: 62
y: 4
Solving node: 66+3
x: 66
y: 3
Solving node: 6*9
x: 6
y: 9
Solving node: 1*9
x: 1
y: 9
Solving node: 4:1
x: 4
y: 1
Solving node: 54+9
x: 54
y: 9
Solving node: 63-1
x: 63
y: 1
Solving node: 6*9
x: 6
y: 9
Solving node: 1*9
x: 1
y: 9
Solving node: 4:1
x: 4
y: 1
Solving node: 54+9
x: 54
y: 9
Solving node: 63-1
x: 63
y: 1
Solving node: 62+4
x: 62
y: 4
Solving node: 66+3
x: 66
y: 3
Difference: 69
Using default bounds (multiplication)
Calculating: 6*9+1*9-1+4:1+3*8
Solving node: 6*9
x: 6
y: 9
Solving node: 1*9
x: 1
y: 9
Solving node: 4:1
x: 4
y: 1
Solving node: 3*8
x: 3
y: 8
Solving node: 54+9
x: 54
y: 9
Solving node: 63-1
x: 63
y: 1
Solving node: 62+4
x: 62
y: 4
Solving node: 66+24
x: 66
y: 24
Solving node: 6*9
x: 6
y: 9
Solving node: 1*9
x: 1
y: 9
Solving node: 4:1
x: 4
y: 1
Solving node: 3*8
x: 3
y: 8
Solving node: 54+9
x: 54
y: 9
Solving node: 63-1
x: 63
y: 1
Solving node: 6*9
x: 6
y: 9
Solving node: 1*9
x: 1
y: 9
Solving node: 4:1
x: 4
y: 1
Solving node: 3*8
x: 3
y: 8
Solving node: 54+9
x: 54
y: 9
Solving node: 63-1
x: 63
y: 1
Solving node: 62+4
x: 62
y: 4
Solving node: 66+24
x: 66
y: 24
Difference: 90
Calculating: 6*9+1*9-1+4:1+3*8+4
Solving node: 6*9
x: 6
y: 9
Solving node: 1*9
x: 1
y: 9
Solving node: 4:1
x: 4
y: 1
Solving node: 3*8
x: 3
y: 8
Solving node: 54+9
x: 54
y: 9
Solving node: 63-1
x: 63
y: 1
Solving node: 62+4
x: 62
y: 4
Solving node: 66+24
x: 66
y: 24
Solving node: 90+4
x: 90
y: 4
Solving node: 6*9
x: 6
y: 9
Solving node: 1*9
x: 1
y: 9
Solving node: 4:1
x: 4
y: 1
Solving node: 3*8
x: 3
y: 8
Solving node: 54+9
x: 54
y: 9
Solving node: 63-1
x: 63
y: 1
Solving node: 6*9
x: 6
y: 9
Solving node: 1*9
x: 1
y: 9
Solving node: 4:1
x: 4
y: 1
Solving node: 3*8
x: 3
y: 8
Solving node: 54+9
x: 54
y: 9
Solving node: 63-1
x: 63
y: 1
Solving node: 62+4
x: 62
y: 4
Solving node: 66+24
x: 66
y: 24
Solving node: 90+4
x: 90
y: 4
Difference: 94
Using default bounds (multiplication)
Calculating: 6*9+1*9-1+4:1+3*8+4*9
Solving node: 6*9
x: 6
y: 9
Solving node: 1*9
x: 1
y: 9
Solving node: 4:1
x: 4
y: 1
Solving node: 3*8
x: 3
y: 8
Solving node: 4*9
x: 4
y: 9
Solving node: 54+9
x: 54
y: 9
Solving node: 63-1
x: 63
y: 1
Solving node: 62+4
x: 62
y: 4
Solving node: 66+24
x: 66
y: 24
Solving node: 90+36
x: 90
y: 36
Solving node: 6*9
x: 6
y: 9
Solving node: 1*9
x: 1
y: 9
Solving node: 4:1
x: 4
y: 1
Solving node: 3*8
x: 3
y: 8
Solving node: 4*9
x: 4
y: 9
Solving node: 54+9
x: 54
y: 9
Solving node: 63-1
x: 63
y: 1
Solving node: 6*9
x: 6
y: 9
Solving node: 1*9
x: 1
y: 9
Solving node: 4:1
x: 4
y: 1
Solving node: 3*8
x: 3
y: 8
Solving node: 4*9
x: 4
y: 9
Solving node: 54+9
x: 54
y: 9
Solving node: 63-1
x: 63
y: 1
Solving node: 62+4
x: 62
y: 4
Solving node: 66+24
x: 66
y: 24
Solving node: 90+36
x: 90
y: 36
Difference: 126
Last: 9; Last sum: 36
Calculating: 6*9+1*9-1+4:1+3*8+4*9-8
Solving node: 6*9
x: 6
y: 9
Solving node: 1*9
x: 1
y: 9
Solving node: 4:1
x: 4
y: 1
Solving node: 3*8
x: 3
y: 8
Solving node: 4*9
x: 4
y: 9
Solving node: 54+9
x: 54
y: 9
Solving node: 63-1
x: 63
y: 1
Solving node: 62+4
x: 62
y: 4
Solving node: 66+24
x: 66
y: 24
Solving node: 90+36
x: 90
y: 36
Solving node: 126-8
x: 126
y: 8
Solving node: 6*9
x: 6
y: 9
Solving node: 1*9
x: 1
y: 9
Solving node: 4:1
x: 4
y: 1
Solving node: 3*8
x: 3
y: 8
Solving node: 4*9
x: 4
y: 9
Solving node: 54+9
x: 54
y: 9
Solving node: 63-1
x: 63
y: 1
Solving node: 62+4
x: 62
y: 4
Solving node: 66+24
x: 66
y: 24
Solving node: 90+36
x: 90
y: 36
Solving node: 126-8
x: 126
y: 8
Solving node: 6*9
x: 6
y: 9
Solving node: 1*9
x: 1
y: 9
Solving node: 4:1
x: 4
y: 1
Solving node: 3*8
x: 3
y: 8
Solving node: 4*9
x: 4
y: 9
Solving node: 54+9
x: 54
y: 9
Solving node: 63-1
x: 63
y: 1
Solving node: 62+4
x: 62
y: 4
Solving node: 66+24
x: 66
y: 24
Solving node: 90+36
x: 90
y: 36
Difference: 126-8
Calculating: 6*9+1*9-1+4:1+3*8+4*9-8+8
Solving node: 6*9
x: 6
y: 9
Solving node: 1*9
x: 1
y: 9
Solving node: 4:1
x: 4
y: 1
Solving node: 3*8
x: 3
y: 8
Solving node: 4*9
x: 4
y: 9
Solving node: 54+9
x: 54
y: 9
Solving node: 63-1
x: 63
y: 1
Solving node: 62+4
x: 62
y: 4
Solving node: 66+24
x: 66
y: 24
Solving node: 90+36
x: 90
y: 36
Solving node: 126-8
x: 126
y: 8
Solving node: 118+8
x: 118
y: 8
Solving node: 6*9
x: 6
y: 9
Solving node: 1*9
x: 1
y: 9
Solving node: 4:1
x: 4
y: 1
Solving node: 3*8
x: 3
y: 8
Solving node: 4*9
x: 4
y: 9
Solving node: 54+9
x: 54
y: 9
Solving node: 63-1
x: 63
y: 1
Solving node: 62+4
x: 62
y: 4
Solving node: 66+24
x: 66
y: 24
Solving node: 90+36
x: 90
y: 36
Solving node: 126-8
x: 126
y: 8
Solving node: 6*9
x: 6
y: 9
Solving node: 1*9
x: 1
y: 9
Solving node: 4:1
x: 4
y: 1
Solving node: 3*8
x: 3
y: 8
Solving node: 4*9
x: 4
y: 9
Solving node: 54+9
x: 54
y: 9
Solving node: 63-1
x: 63
y: 1
Solving node: 62+4
x: 62
y: 4
Solving node: 66+24
x: 66
y: 24
Solving node: 90+36
x: 90
y: 36
Solving node: 126-8
x: 126
y: 8
Solving node: 118+8
x: 118
y: 8
Difference: 126
Last: 8; Last sum: 8
Calculating: 6*9+1*9-1+4:1+3*8+4*9-8+8-2
Solving node: 6*9
x: 6
y: 9
Solving node: 1*9
x: 1
y: 9
Solving node: 4:1
x: 4
y: 1
Solving node: 3*8
x: 3
y: 8
Solving node: 4*9
x: 4
y: 9
Solving node: 54+9
x: 54
y: 9
Solving node: 63-1
x: 63
y: 1
Solving node: 62+4
x: 62
y: 4
Solving node: 66+24
x: 66
y: 24
Solving node: 90+36
x: 90
y: 36
Solving node: 126-8
x: 126
y: 8
Solving node: 118+8
x: 118
y: 8
Solving node: 126-2
x: 126
y: 2
Solving node: 6*9
x: 6
y: 9
Solving node: 1*9
x: 1
y: 9
Solving node: 4:1
x: 4
y: 1
Solving node: 3*8
x: 3
y: 8
Solving node: 4*9
x: 4
y: 9
Solving node: 54+9
x: 54
y: 9
Solving node: 63-1
x: 63
y: 1
Solving node: 62+4
x: 62
y: 4
Solving node: 66+24
x: 66
y: 24
Solving node: 90+36
x: 90
y: 36
Solving node: 126-8
x: 126
y: 8
Solving node: 118+8
x: 118
y: 8
Solving node: 126-2
x: 126
y: 2
Solving node: 6*9
x: 6
y: 9
Solving node: 1*9
x: 1
y: 9
Solving node: 4:1
x: 4
y: 1
Solving node: 3*8
x: 3
y: 8
Solving node: 4*9
x: 4
y: 9
Solving node: 54+9
x: 54
y: 9
Solving node: 63-1
x: 63
y: 1
Solving node: 62+4
x: 62
y: 4
Solving node: 66+24
x: 66
y: 24
Solving node: 90+36
x: 90
y: 36
Solving node: 126-8
x: 126
y: 8
Solving node: 118+8
x: 118
y: 8
Difference: 126-2
Calculating bounds (multiplication)
Previous index: -1 | Last operator index: 3
Upper bound: 2
Calculating: 6*9+1*9-1+4:1+3*8+4*9-8+8-2*1
Solving node: 6*9
x: 6
y: 9
Solving node: 1*9
x: 1
y: 9
Solving node: 4:1
x: 4
y: 1
Solving node: 3*8
x: 3
y: 8
Solving node: 4*9
x: 4
y: 9
Solving node: 2*1
x: 2
y: 1
Solving node: 54+9
x: 54
y: 9
Solving node: 63-1
x: 63
y: 1
Solving node: 62+4
x: 62
y: 4
Solving node: 66+24
x: 66
y: 24
Solving node: 90+36
x: 90
y: 36
Solving node: 126-8
x: 126
y: 8
Solving node: 118+8
x: 118
y: 8
Solving node: 126-2
x: 126
y: 2
Solving node: 6*9
x: 6
y: 9
Solving node: 1*9
x: 1
y: 9
Solving node: 4:1
x: 4
y: 1
Solving node: 3*8
x: 3
y: 8
Solving node: 4*9
x: 4
y: 9
Solving node: 2*1
x: 2
y: 1
Solving node: 54+9
x: 54
y: 9
Solving node: 63-1
x: 63
y: 1
Solving node: 62+4
x: 62
y: 4
Solving node: 66+24
x: 66
y: 24
Solving node: 90+36
x: 90
y: 36
Solving node: 126-8
x: 126
y: 8
Solving node: 118+8
x: 118
y: 8
Solving node: 126-2
x: 126
y: 2
Solving node: 6*9
x: 6
y: 9
Solving node: 1*9
x: 1
y: 9
Solving node: 4:1
x: 4
y: 1
Solving node: 3*8
x: 3
y: 8
Solving node: 4*9
x: 4
y: 9
Solving node: 2*1
x: 2
y: 1
Solving node: 54+9
x: 54
y: 9
Solving node: 63-1
x: 63
y: 1
Solving node: 62+4
x: 62
y: 4
Solving node: 66+24
x: 66
y: 24
Solving node: 90+36
x: 90
y: 36
Solving node: 126-8
x: 126
y: 8
Solving node: 118+8
x: 118
y: 8
Difference: 126-2
Calculating: 6*9+1*9-1+4:1+3*8+4*9-8+8-2*1+3
Solving node: 6*9
x: 6
y: 9
Solving node: 1*9
x: 1
y: 9
Solving node: 4:1
x: 4
y: 1
Solving node: 3*8
x: 3
y: 8
Solving node: 4*9
x: 4
y: 9
Solving node: 2*1
x: 2
y: 1
Solving node: 54+9
x: 54
y: 9
Solving node: 63-1
x: 63
y: 1
Solving node: 62+4
x: 62
y: 4
Solving node: 66+24
x: 66
y: 24
Solving node: 90+36
x: 90
y: 36
Solving node: 126-8
x: 126
y: 8
Solving node: 118+8
x: 118
y: 8
Solving node: 126-2
x: 126
y: 2
Solving node: 124+3
x: 124
y: 3
Solving node: 6*9
x: 6
y: 9
Solving node: 1*9
x: 1
y: 9
Solving node: 4:1
x: 4
y: 1
Solving node: 3*8
x: 3
y: 8
Solving node: 4*9
x: 4
y: 9
Solving node: 2*1
x: 2
y: 1
Solving node: 54+9
x: 54
y: 9
Solving node: 63-1
x: 63
y: 1
Solving node: 62+4
x: 62
y: 4
Solving node: 66+24
x: 66
y: 24
Solving node: 90+36
x: 90
y: 36
Solving node: 126-8
x: 126
y: 8
Solving node: 118+8
x: 118
y: 8
Solving node: 126-2
x: 126
y: 2
Solving node: 6*9
x: 6
y: 9
Solving node: 1*9
x: 1
y: 9
Solving node: 4:1
x: 4
y: 1
Solving node: 3*8
x: 3
y: 8
Solving node: 4*9
x: 4
y: 9
Solving node: 2*1
x: 2
y: 1
Solving node: 54+9
x: 54
y: 9
Solving node: 63-1
x: 63
y: 1
Solving node: 62+4
x: 62
y: 4
Solving node: 66+24
x: 66
y: 24
Solving node: 90+36
x: 90
y: 36
Solving node: 126-8
x: 126
y: 8
Solving node: 118+8
x: 118
y: 8
Solving node: 126-2
x: 126
y: 2
Solving node: 124+3
x: 124
y: 3
Difference: 127
Using default bounds (multiplication)
Calculating: 6*9+1*9-1+4:1+3*8+4*9-8+8-2*1+3*9
Solving node: 6*9
x: 6
y: 9
Solving node: 1*9
x: 1
y: 9
Solving node: 4:1
x: 4
y: 1
Solving node: 3*8
x: 3
y: 8
Solving node: 4*9
x: 4
y: 9
Solving node: 2*1
x: 2
y: 1
Solving node: 3*9
x: 3
y: 9
Solving node: 54+9
x: 54
y: 9
Solving node: 63-1
x: 63
y: 1
Solving node: 62+4
x: 62
y: 4
Solving node: 66+24
x: 66
y: 24
Solving node: 90+36
x: 90
y: 36
Solving node: 126-8
x: 126
y: 8
Solving node: 118+8
x: 118
y: 8
Solving node: 126-2
x: 126
y: 2
Solving node: 124+27
x: 124
y: 27
Originallösung: 6*9+1*9-1+4:1+3*8+4*9-8+8-2*1+3*9 = 151
[40/100] 6*9+1*9-1+4:1+3*8+4*9-8+8-2*1+3*9
Testing equation: 6*9+1*9-1+4:1+3*8+4*9-8+8-2*1+3*9
Checking node: 6*9
Solving node: 6*9
x: 6
y: 9
Checking node: 1*9
Solving node: 1*9
x: 1
y: 9
Checking node: 4:1
Solving node: 4:1
x: 4
y: 1
Checking node: 3*8
Solving node: 3*8
x: 3
y: 8
Checking node: 4*9
Solving node: 4*9
x: 4
y: 9
Checking node: 2*1
Solving node: 2*1
x: 2
y: 1
Checking node: 3*9
Solving node: 3*9
x: 3
y: 9
Checking node: 54+9
Solving node: 54+9
x: 54
y: 9
Checking node: 63-1
Solving node: 63-1
x: 63
y: 1
Checking node: 62+4
Solving node: 62+4
x: 62
y: 4
Checking node: 66+24
Solving node: 66+24
x: 66
y: 24
Checking node: 90+36
Solving node: 90+36
x: 90
y: 36
Checking node: 126-8
Solving node: 126-8
x: 126
y: 8
Checking node: 118+8
Solving node: 118+8
x: 118
y: 8
Checking node: 126-2
Solving node: 126-2
x: 126
y: 2
Checking node: 124+27
Solving node: 124+27
x: 124
y: 27
Checking node: 6*9
Checking node: 9+1
Checking node: 1*9
Checking node: 9-1
Checking node: 1+4
Checking node: 4:1
Checking node: 1+3
Checking node: 3*8
Checking node: 8+4
Checking node: 4*9
Checking node: 9-8
Checking node: 8+8
Checking node: 8-2
Checking node: 2*1
Checking node: 1+3
Checking node: 3*9
Difference: 7
Using default bounds (multiplication)
Calculating: 7*1
Solving node: 7*1
x: 7
y: 1
Solving node: 7*1
x: 7
y: 1
Solving node: 7*1
x: 7
y: 1
Difference: 7
Calculating: 7*1+5
Solving node: 7*1
x: 7
y: 1
Solving node: 7+5
x: 7
y: 5
Solving node: 7*1
x: 7
y: 1
Solving node: 7*1
x: 7
y: 1
Solving node: 7+5
x: 7
y: 5
Difference: 12
Using default bounds (multiplication)
Calculating: 7*1+5*7
Solving node: 7*1
x: 7
y: 1
Solving node: 5*7
x: 5
y: 7
Solving node: 7+35
x: 7
y: 35
Solving node: 7*1
x: 7
y: 1
Solving node: 5*7
x: 5
y: 7
Solving node: 7*1
x: 7
y: 1
Solving node: 5*7
x: 5
y: 7
Solving node: 7+35
x: 7
y: 35
Difference: 42
Calculating: 7*1+5*7+7
Solving node: 7*1
x: 7
y: 1
Solving node: 5*7
x: 5
y: 7
Solving node: 7+35
x: 7
y: 35
Solving node: 42+7
x: 42
y: 7
Solving node: 7*1
x: 7
y: 1
Solving node: 5*7
x: 5
y: 7
Solving node: 7*1
x: 7
y: 1
Solving node: 5*7
x: 5
y: 7
Solving node: 7+35
x: 7
y: 35
Solving node: 42+7
x: 42
y: 7
Difference: 49
Last: 7; Last sum: 7
Calculating: 7*1+5*7+7-6
Solving node: 7*1
x: 7
y: 1
Solving node: 5*7
x: 5
y: 7
Solving node: 7+35
x: 7
y: 35
Solving node: 42+7
x: 42
y: 7
Solving node: 49-6
x: 49
y: 6
Solving node: 7*1
x: 7
y: 1
Solving node: 5*7
x: 5
y: 7
Solving node: 7+35
x: 7
y: 35
Solving node: 42+7
x: 42
y: 7
Solving node: 49-6
x: 49
y: 6
Solving node: 7*1
x: 7
y: 1
Solving node: 5*7
x: 5
y: 7
Solving node: 7+35
x: 7
y: 35
Solving node: 42+7
x: 42
y: 7
Difference: 49-6
Previous index: -1 | Last operator index: 2
Calculating: 7*1+5*7+7-6:3
Solving node: 7*1
x: 7
y: 1
Solving node: 5*7
x: 5
y: 7
Solving node: 6:3
x: 6
y: 3
Solving node: 7+35
x: 7
y: 35
Solving node: 42+7
x: 42
y: 7
Solving node: 49-2
x: 49
y: 2
Solving node: 7*1
x: 7
y: 1
Solving node: 5*7
x: 5
y: 7
Solving node: 6:3
x: 6
y: 3
Solving node: 7+35
x: 7
y: 35
Solving node: 42+7
x: 42
y: 7
Solving node: 49-2
x: 49
y: 2
Solving node: 7*1
x: 7
y: 1
Solving node: 5*7
x: 5
y: 7
Solving node: 6:3
x: 6
y: 3
Solving node: 7+35
x: 7
y: 35
Solving node: 42+7
x: 42
y: 7
Difference: 49-2
Last: 3; Last sum: 47
Calculating: 7*1+5*7+7-6:3-2
Solving node: 7*1
x: 7
y: 1
Solving node: 5*7
x: 5
y: 7
Solving node: 6:3
x: 6
y: 3
Solving node: 7+35
x: 7
y: 35
Solving node: 42+7
x: 42
y: 7
Solving node: 49-2
x: 49
y: 2
Solving node: 47-2
x: 47
y: 2
Solving node: 7*1
x: 7
y: 1
Solving node: 5*7
x: 5
y: 7
Solving node: 6:3
x: 6
y: 3
Solving node: 7+35
x: 7
y: 35
Solving node: 42+7
x: 42
y: 7
Solving node: 49-2
x: 49
y: 2
Solving node: 47-2
x: 47
y: 2
Solving node: 7*1
x: 7
y: 1
Solving node: 5*7
x: 5
y: 7
Solving node: 6:3
x: 6
y: 3
Solving node: 7+35
x: 7
y: 35
Solving node: 42+7
x: 42
y: 7
Difference: 49-2-2
Calculating: 7*1+5*7+7-6:3-2+3
Solving node: 7*1
x: 7
y: 1
Solving node: 5*7
x: 5
y: 7
Solving node: 6:3
x: 6
y: 3
Solving node: 7+35
x: 7
y: 35
Solving node: 42+7
x: 42
y: 7
Solving node: 49-2
x: 49
y: 2
Solving node: 47-2
x: 47
y: 2
Solving node: 45+3
x: 45
y: 3
Solving node: 7*1
x: 7
y: 1
Solving node: 5*7
x: 5
y: 7
Solving node: 6:3
x: 6
y: 3
Solving node: 7+35
x: 7
y: 35
Solving node: 42+7
x: 42
y: 7
Solving node: 49-2
x: 49
y: 2
Solving node: 47-2
x: 47
y: 2
Solving node: 7*1
x: 7
y: 1
Solving node: 5*7
x: 5
y: 7
Solving node: 6:3
x: 6
y: 3
Solving node: 7+35
x: 7
y: 35
Solving node: 42+7
x: 42
y: 7
Solving node: 49-2
x: 49
y: 2
Solving node: 47-2
x: 47
y: 2
Solving node: 45+3
x: 45
y: 3
Difference: 48
Last: 3; Last sum: 3
Calculating: 7*1+5*7+7-6:3-2+3-2
Solving node: 7*1
x: 7
y: 1
Solving node: 5*7
x: 5
y: 7
Solving node: 6:3
x: 6
y: 3
Solving node: 7+35
x: 7
y: 35
Solving node: 42+7
x: 42
y: 7
Solving node: 49-2
x: 49
y: 2
Solving node: 47-2
x: 47
y: 2
Solving node: 45+3
x: 45
y: 3
Solving node: 48-2
x: 48
y: 2
Solving node: 7*1
x: 7
y: 1
Solving node: 5*7
x: 5
y: 7
Solving node: 6:3
x: 6
y: 3
Solving node: 7+35
x: 7
y: 35
Solving node: 42+7
x: 42
y: 7
Solving node: 49-2
x: 49
y: 2
Solving node: 47-2
x: 47
y: 2
Solving node: 45+3
x: 45
y: 3
Solving node: 48-2
x: 48
y: 2
Solving node: 7*1
x: 7
y: 1
Solving node: 5*7
x: 5
y: 7
Solving node: 6:3
x: 6
y: 3
Solving node: 7+35
x: 7
y: 35
Solving node: 42+7
x: 42
y: 7
Solving node: 49-2
x: 49
y: 2
Solving node: 47-2
x: 47
y: 2
Solving node: 45+3
x: 45
y: 3
Difference: 48-2
Calculating: 7*1+5*7+7-6:3-2+3-2+5
Solving node: 7*1
x: 7
y: 1
Solving node: 5*7
x: 5
y: 7
Solving node: 6:3
x: 6
y: 3
Solving node: 7+35
x: 7
y: 35
Solving node: 42+7
x: 42
y: 7
Solving node: 49-2
x: 49
y: 2
Solving node: 47-2
x: 47
y: 2
Solving node: 45+3
x: 45
y: 3
Solving node: 48-2
x: 48
y: 2
Solving node: 46+5
x: 46
y: 5
Solving node: 7*1
x: 7
y: 1
Solving node: 5*7
x: 5
y: 7
Solving node: 6:3
x: 6
y: 3
Solving node: 7+35
x: 7
y: 35
Solving node: 42+7
x: 42
y: 7
Solving node: 49-2
x: 49
y: 2
Solving node: 47-2
x: 47
y: 2
Solving node: 45+3
x: 45
y: 3
Solving node: 48-2
x: 48
y: 2
Solving node: 7*1
x: 7
y: 1
Solving node: 5*7
x: 5
y: 7
Solving node: 6:3
x: 6
y: 3
Solving node: 7+35
x: 7
y: 35
Solving node: 42+7
x: 42
y: 7
Solving node: 49-2
x: 49
y: 2
Solving node: 47-2
x: 47
y: 2
Solving node: 45+3
x: 45
y: 3
Solving node: 48-2
x: 48
y: 2
Solving node: 46+5
x: 46
y: 5
Difference: 51
Last: 5; Last sum: 5
Calculating: 7*1+5*7+7-6:3-2+3-2+5-1
Solving node: 7*1
x: 7
y: 1
Solving node: 5*7
x: 5
y: 7
Solving node: 6:3
x: 6
y: 3
Solving node: 7+35
x: 7
y: 35
Solving node: 42+7
x: 42
y: 7
Solving node: 49-2
x: 49
y: 2
Solving node: 47-2
x: 47
y: 2
Solving node: 45+3
x: 45
y: 3
Solving node: 48-2
x: 48
y: 2
Solving node: 46+5
x: 46
y: 5
Solving node: 51-1
x: 51
y: 1
Solving node: 7*1
x: 7
y: 1
Solving node: 5*7
x: 5
y: 7
Solving node: 6:3
x: 6
y: 3
Solving node: 7+35
x: 7
y: 35
Solving node: 42+7
x: 42
y: 7
Solving node: 49-2
x: 49
y: 2
Solving node: 47-2
x: 47
y: 2
Solving node: 45+3
x: 45
y: 3
Solving node: 48-2
x: 48
y: 2
Solving node: 46+5
x: 46
y: 5
Solving node: 51-1
x: 51
y: 1
Solving node: 7*1
x: 7
y: 1
Solving node: 5*7
x: 5
y: 7
Solving node: 6:3
x: 6
y: 3
Solving node: 7+35
x: 7
y: 35
Solving node: 42+7
x: 42
y: 7
Solving node: 49-2
x: 49
y: 2
Solving node: 47-2
x: 47
y: 2
Solving node: 45+3
x: 45
y: 3
Solving node: 48-2
x: 48
y: 2
Solving node: 46+5
x: 46
y: 5
Difference: 51-1
Calculating: 7*1+5*7+7-6:3-2+3-2+5-1+5
Solving node: 7*1
x: 7
y: 1
Solving node: 5*7
x: 5
y: 7
Solving node: 6:3
x: 6
y: 3
Solving node: 7+35
x: 7
y: 35
Solving node: 42+7
x: 42
y: 7
Solving node: 49-2
x: 49
y: 2
Solving node: 47-2
x: 47
y: 2
Solving node: 45+3
x: 45
y: 3
Solving node: 48-2
x: 48
y: 2
Solving node: 46+5
x: 46
y: 5
Solving node: 51-1
x: 51
y: 1
Solving node: 50+5
x: 50
y: 5
Solving node: 7*1
x: 7
y: 1
Solving node: 5*7
x: 5
y: 7
Solving node: 6:3
x: 6
y: 3
Solving node: 7+35
x: 7
y: 35
Solving node: 42+7
x: 42
y: 7
Solving node: 49-2
x: 49
y: 2
Solving node: 47-2
x: 47
y: 2
Solving node: 45+3
x: 45
y: 3
Solving node: 48-2
x: 48
y: 2
Solving node: 46+5
x: 46
y: 5
Solving node: 51-1
x: 51
y: 1
Solving node: 7*1
x: 7
y: 1
Solving node: 5*7
x: 5
y: 7
Solving node: 6:3
x: 6
y: 3
Solving node: 7+35
x: 7
y: 35
Solving node: 42+7
x: 42
y: 7
Solving node: 49-2
x: 49
y: 2
Solving node: 47-2
x: 47
y: 2
Solving node: 45+3
x: 45
y: 3
Solving node: 48-2
x: 48
y: 2
Solving node: 46+5
x: 46
y: 5
Solving node: 51-1
x: 51
y: 1
Solving node: 50+5
x: 50
y: 5
Difference: 55
Last: 5; Last sum: 5
Calculating: 7*1+5*7+7-6:3-2+3-2+5-1+5-1
Solving node: 7*1
x: 7
y: 1
Solving node: 5*7
x: 5
y: 7
Solving node: 6:3
x: 6
y: 3
Solving node: 7+35
x: 7
y: 35
Solving node: 42+7
x: 42
y: 7
Solving node: 49-2
x: 49
y: 2
Solving node: 47-2
x: 47
y: 2
Solving node: 45+3
x: 45
y: 3
Solving node: 48-2
x: 48
y: 2
Solving node: 46+5
x: 46
y: 5
Solving node: 51-1
x: 51
y: 1
Solving node: 50+5
x: 50
y: 5
Solving node: 55-1
x: 55
y: 1
Solving node: 7*1
x: 7
y: 1
Solving node: 5*7
x: 5
y: 7
Solving node: 6:3
x: 6
y: 3
Solving node: 7+35
x: 7
y: 35
Solving node: 42+7
x: 42
y: 7
Solving node: 49-2
x: 49
y: 2
Solving node: 47-2
x: 47
y: 2
Solving node: 45+3
x: 45
y: 3
Solving node: 48-2
x: 48
y: 2
Solving node: 46+5
x: 46
y: 5
Solving node: 51-1
x: 51
y: 1
Solving node: 50+5
x: 50
y: 5
Solving node: 55-1
x: 55
y: 1
Solving node: 7*1
x: 7
y: 1
Solving node: 5*7
x: 5
y: 7
Solving node: 6:3
x: 6
y: 3
Solving node: 7+35
x: 7
y: 35
Solving node: 42+7
x: 42
y: 7
Solving node: 49-2
x: 49
y: 2
Solving node: 47-2
x: 47
y: 2
Solving node: 45+3
x: 45
y: 3
Solving node: 48-2
x: 48
y: 2
Solving node: 46+5
x: 46
y: 5
Solving node: 51-1
x: 51
y: 1
Solving node: 50+5
x: 50
y: 5
Difference: 55-1
Calculating: 7*1+5*7+7-6:3-2+3-2+5-1+5-1+9
Solving node: 7*1
x: 7
y: 1
Solving node: 5*7
x: 5
y: 7
Solving node: 6:3
x: 6
y: 3
Solving node: 7+35
x: 7
y: 35
Solving node: 42+7
x: 42
y: 7
Solving node: 49-2
x: 49
y: 2
Solving node: 47-2
x: 47
y: 2
Solving node: 45+3
x: 45
y: 3
Solving node: 48-2
x: 48
y: 2
Solving node: 46+5
x: 46
y: 5
Solving node: 51-1
x: 51
y: 1
Solving node: 50+5
x: 50
y: 5
Solving node: 55-1
x: 55
y: 1
Solving node: 54+9
x: 54
y: 9
Solving node: 7*1
x: 7
y: 1
Solving node: 5*7
x: 5
y: 7
Solving node: 6:3
x: 6
y: 3
Solving node: 7+35
x: 7
y: 35
Solving node: 42+7
x: 42
y: 7
Solving node: 49-2
x: 49
y: 2
Solving node: 47-2
x: 47
y: 2
Solving node: 45+3
x: 45
y: 3
Solving node: 48-2
x: 48
y: 2
Solving node: 46+5
x: 46
y: 5
Solving node: 51-1
x: 51
y: 1
Solving node: 50+5
x: 50
y: 5
Solving node: 55-1
x: 55
y: 1
Solving node: 7*1
x: 7
y: 1
Solving node: 5*7
x: 5
y: 7
Solving node: 6:3
x: 6
y: 3
Solving node: 7+35
x: 7
y: 35
Solving node: 42+7
x: 42
y: 7
Solving node: 49-2
x: 49
y: 2
Solving node: 47-2
x: 47
y: 2
Solving node: 45+3
x: 45
y: 3
Solving node: 48-2
x: 48
y: 2
Solving node: 46+5
x: 46
y: 5
Solving node: 51-1
x: 51
y: 1
Solving node: 50+5
x: 50
y: 5
Solving node: 55-1
x: 55
y: 1
Solving node: 54+9
x: 54
y: 9
Difference: 63
Last: 9; Last sum: 9
Calculating: 7*1+5*7+7-6:3-2+3-2+5-1+5-1+9-2
Solving node: 7*1
x: 7
y: 1
Solving node: 5*7
x: 5
y: 7
Solving node: 6:3
x: 6
y: 3
Solving node: 7+35
x: 7
y: 35
Solving node: 42+7
x: 42
y: 7
Solving node: 49-2
x: 49
y: 2
Solving node: 47-2
x: 47
y: 2
Solving node: 45+3
x: 45
y: 3
Solving node: 48-2
x: 48
y: 2
Solving node: 46+5
x: 46
y: 5
Solving node: 51-1
x: 51
y: 1
Solving node: 50+5
x: 50
y: 5
Solving node: 55-1
x: 55
y: 1
Solving node: 54+9
x: 54
y: 9
Solving node: 63-2
x: 63
y: 2
Solving node: 7*1
x: 7
y: 1
Solving node: 5*7
x: 5
y: 7
Solving node: 6:3
x: 6
y: 3
Solving node: 7+35
x: 7
y: 35
Solving node: 42+7
x: 42
y: 7
Solving node: 49-2
x: 49
y: 2
Solving node: 47-2
x: 47
y: 2
Solving node: 45+3
x: 45
y: 3
Solving node: 48-2
x: 48
y: 2
Solving node: 46+5
x: 46
y: 5
Solving node: 51-1
x: 51
y: 1
Solving node: 50+5
x: 50
y: 5
Solving node: 55-1
x: 55
y: 1
Solving node: 54+9
x: 54
y: 9
Solving node: 63-2
x: 63
y: 2
Solving node: 7*1
x: 7
y: 1
Solving node: 5*7
x: 5
y: 7
Solving node: 6:3
x: 6
y: 3
Solving node: 7+35
x: 7
y: 35
Solving node: 42+7
x: 42
y: 7
Solving node: 49-2
x: 49
y: 2
Solving node: 47-2
x: 47
y: 2
Solving node: 45+3
x: 45
y: 3
Solving node: 48-2
x: 48
y: 2
Solving node: 46+5
x: 46
y: 5
Solving node: 51-1
x: 51
y: 1
Solving node: 50+5
x: 50
y: 5
Solving node: 55-1
x: 55
y: 1
Solving node: 54+9
x: 54
y: 9
Difference: 63-2
Calculating bounds (multiplication)
Previous index: -1 | Last operator index: 2
Upper bound: 2
Calculating: 7*1+5*7+7-6:3-2+3-2+5-1+5-1+9-2*1
Solving node: 7*1
x: 7
y: 1
Solving node: 5*7
x: 5
y: 7
Solving node: 6:3
x: 6
y: 3
Solving node: 2*1
x: 2
y: 1
Solving node: 7+35
x: 7
y: 35
Solving node: 42+7
x: 42
y: 7
Solving node: 49-2
x: 49
y: 2
Solving node: 47-2
x: 47
y: 2
Solving node: 45+3
x: 45
y: 3
Solving node: 48-2
x: 48
y: 2
Solving node: 46+5
x: 46
y: 5
Solving node: 51-1
x: 51
y: 1
Solving node: 50+5
x: 50
y: 5
Solving node: 55-1
x: 55
y: 1
Solving node: 54+9
x: 54
y: 9
Solving node: 63-2
x: 63
y: 2
Originallösung: 7*1+5*7+7-6:3-2+3-2+5-1+5-1+9-2*1 = 61
[41/100] 7*1+5*7+7-6:3-2+3-2+5-1+5-1+9-2*1
Testing equation: 7*1+5*7+7-6:3-2+3-2+5-1+5-1+9-2*1
Checking node: 7*1
Solving node: 7*1
x: 7
y: 1
Checking node: 5*7
Solving node: 5*7
x: 5
y: 7
Checking node: 6:3
Solving node: 6:3
x: 6
y: 3
Checking node: 2*1
Solving node: 2*1
x: 2
y: 1
Checking node: 7+35
Solving node: 7+35
x: 7
y: 35
Checking node: 42+7
Solving node: 42+7
x: 42
y: 7
Checking node: 49-2
Solving node: 49-2
x: 49
y: 2
Checking node: 47-2
Solving node: 47-2
x: 47
y: 2
Checking node: 45+3
Solving node: 45+3
x: 45
y: 3
Checking node: 48-2
Solving node: 48-2
x: 48
y: 2
Checking node: 46+5
Solving node: 46+5
x: 46
y: 5
Checking node: 51-1
Solving node: 51-1
x: 51
y: 1
Checking node: 50+5
Solving node: 50+5
x: 50
y: 5
Checking node: 55-1
Solving node: 55-1
x: 55
y: 1
Checking node: 54+9
Solving node: 54+9
x: 54
y: 9
Checking node: 63-2
Solving node: 63-2
x: 63
y: 2
Checking node: 7*1
Checking node: 1+5
Checking node: 5*7
Checking node: 7+7
Checking node: 7-6
Checking node: 6:3
Checking node: 3-2
Checking node: 2+3
Checking node: 3-2
Checking node: 2+5
Checking node: 5-1
Checking node: 1+5
Checking node: 5-1
Checking node: 1+9
Checking node: 9-2
Checking node: 2*1
Difference: 4
Using default bounds (multiplication)
Calculating: 4*5
Solving node: 4*5
x: 4
y: 5
Solving node: 4*5
x: 4
y: 5
Solving node: 4*5
x: 4
y: 5
Difference: 20
Calculating: 4*5+7
Solving node: 4*5
x: 4
y: 5
Solving node: 20+7
x: 20
y: 7
Solving node: 4*5
x: 4
y: 5
Solving node: 4*5
x: 4
y: 5
Solving node: 20+7
x: 20
y: 7
Difference: 27
Using default bounds (multiplication)
Calculating: 4*5+7*5
Solving node: 4*5
x: 4
y: 5
Solving node: 7*5
x: 7
y: 5
Solving node: 20+35
x: 20
y: 35
Solving node: 4*5
x: 4
y: 5
Solving node: 7*5
x: 7
y: 5
Solving node: 4*5
x: 4
y: 5
Solving node: 7*5
x: 7
y: 5
Solving node: 20+35
x: 20
y: 35
Difference: 55
Calculating: 4*5+7*5+3
Solving node: 4*5
x: 4
y: 5
Solving node: 7*5
x: 7
y: 5
Solving node: 20+35
x: 20
y: 35
Solving node: 55+3
x: 55
y: 3
Solving node: 4*5
x: 4
y: 5
Solving node: 7*5
x: 7
y: 5
Solving node: 4*5
x: 4
y: 5
Solving node: 7*5
x: 7
y: 5
Solving node: 20+35
x: 20
y: 35
Solving node: 55+3
x: 55
y: 3
Difference: 58
Using default bounds (multiplication)
Calculating: 4*5+7*5+3*9
Solving node: 4*5
x: 4
y: 5
Solving node: 7*5
x: 7
y: 5
Solving node: 3*9
x: 3
y: 9
Solving node: 20+35
x: 20
y: 35
Solving node: 55+27
x: 55
y: 27
Solving node: 4*5
x: 4
y: 5
Solving node: 7*5
x: 7
y: 5
Solving node: 3*9
x: 3
y: 9
Solving node: 4*5
x: 4
y: 5
Solving node: 7*5
x: 7
y: 5
Solving node: 3*9
x: 3
y: 9
Solving node: 20+35
x: 20
y: 35
Solving node: 55+27
x: 55
y: 27
Difference: 82
Last: 9; Last sum: 27
Calculating: 4*5+7*5+3*9-4
Solving node: 4*5
x: 4
y: 5
Solving node: 7*5
x: 7
y: 5
Solving node: 3*9
x: 3
y: 9
Solving node: 20+35
x: 20
y: 35
Solving node: 55+27
x: 55
y: 27
Solving node: 82-4
x: 82
y: 4
Solving node: 4*5
x: 4
y: 5
Solving node: 7*5
x: 7
y: 5
Solving node: 3*9
x: 3
y: 9
Solving node: 20+35
x: 20
y: 35
Solving node: 55+27
x: 55
y: 27
Solving node: 82-4
x: 82
y: 4
Solving node: 4*5
x: 4
y: 5
Solving node: 7*5
x: 7
y: 5
Solving node: 3*9
x: 3
y: 9
Solving node: 20+35
x: 20
y: 35
Solving node: 55+27
x: 55
y: 27
Difference: 82-4
Previous index: -1 | Last operator index: 2
Calculating: 4*5+7*5+3*9-4:2
Solving node: 4*5
x: 4
y: 5
Solving node: 7*5
x: 7
y: 5
Solving node: 3*9
x: 3
y: 9
Solving node: 4:2
x: 4
y: 2
Solving node: 20+35
x: 20
y: 35
Solving node: 55+27
x: 55
y: 27
Solving node: 82-2
x: 82
y: 2
Solving node: 4*5
x: 4
y: 5
Solving node: 7*5
x: 7
y: 5
Solving node: 3*9
x: 3
y: 9
Solving node: 4:2
x: 4
y: 2
Solving node: 20+35
x: 20
y: 35
Solving node: 55+27
x: 55
y: 27
Solving node: 82-2
x: 82
y: 2
Solving node: 4*5
x: 4
y: 5
Solving node: 7*5
x: 7
y: 5
Solving node: 3*9
x: 3
y: 9
Solving node: 4:2
x: 4
y: 2
Solving node: 20+35
x: 20
y: 35
Solving node: 55+27
x: 55
y: 27
Difference: 82-2
Calculating: 4*5+7*5+3*9-4:2+5
Solving node: 4*5
x: 4
y: 5
Solving node: 7*5
x: 7
y: 5
Solving node: 3*9
x: 3
y: 9
Solving node: 4:2
x: 4
y: 2
Solving node: 20+35
x: 20
y: 35
Solving node: 55+27
x: 55
y: 27
Solving node: 82-2
x: 82
y: 2
Solving node: 80+5
x: 80
y: 5
Solving node: 4*5
x: 4
y: 5
Solving node: 7*5
x: 7
y: 5
Solving node: 3*9
x: 3
y: 9
Solving node: 4:2
x: 4
y: 2
Solving node: 20+35
x: 20
y: 35
Solving node: 55+27
x: 55
y: 27
Solving node: 82-2
x: 82
y: 2
Solving node: 4*5
x: 4
y: 5
Solving node: 7*5
x: 7
y: 5
Solving node: 3*9
x: 3
y: 9
Solving node: 4:2
x: 4
y: 2
Solving node: 20+35
x: 20
y: 35
Solving node: 55+27
x: 55
y: 27
Solving node: 82-2
x: 82
y: 2
Solving node: 80+5
x: 80
y: 5
Difference: 85
Using default bounds (multiplication)
Calculating: 4*5+7*5+3*9-4:2+5*5
Solving node: 4*5
x: 4
y: 5
Solving node: 7*5
x: 7
y: 5
Solving node: 3*9
x: 3
y: 9
Solving node: 4:2
x: 4
y: 2
Solving node: 5*5
x: 5
y: 5
Solving node: 20+35
x: 20
y: 35
Solving node: 55+27
x: 55
y: 27
Solving node: 82-2
x: 82
y: 2
Solving node: 80+25
x: 80
y: 25
Solving node: 4*5
x: 4
y: 5
Solving node: 7*5
x: 7
y: 5
Solving node: 3*9
x: 3
y: 9
Solving node: 4:2
x: 4
y: 2
Solving node: 5*5
x: 5
y: 5
Solving node: 20+35
x: 20
y: 35
Solving node: 55+27
x: 55
y: 27
Solving node: 82-2
x: 82
y: 2
Solving node: 4*5
x: 4
y: 5
Solving node: 7*5
x: 7
y: 5
Solving node: 3*9
x: 3
y: 9
Solving node: 4:2
x: 4
y: 2
Solving node: 5*5
x: 5
y: 5
Solving node: 20+35
x: 20
y: 35
Solving node: 55+27
x: 55
y: 27
Solving node: 82-2
x: 82
y: 2
Solving node: 80+25
x: 80
y: 25
Difference: 105
Last: 5; Last sum: 25
Calculating: 4*5+7*5+3*9-4:2+5*5-2
Solving node: 4*5
x: 4
y: 5
Solving node: 7*5
x: 7
y: 5
Solving node: 3*9
x: 3
y: 9
Solving node: 4:2
x: 4
y: 2
Solving node: 5*5
x: 5
y: 5
Solving node: 20+35
x: 20
y: 35
Solving node: 55+27
x: 55
y: 27
Solving node: 82-2
x: 82
y: 2
Solving node: 80+25
x: 80
y: 25
Solving node: 105-2
x: 105
y: 2
Solving node: 4*5
x: 4
y: 5
Solving node: 7*5
x: 7
y: 5
Solving node: 3*9
x: 3
y: 9
Solving node: 4:2
x: 4
y: 2
Solving node: 5*5
x: 5
y: 5
Solving node: 20+35
x: 20
y: 35
Solving node: 55+27
x: 55
y: 27
Solving node: 82-2
x: 82
y: 2
Solving node: 80+25
x: 80
y: 25
Solving node: 105-2
x: 105
y: 2
Solving node: 4*5
x: 4
y: 5
Solving node: 7*5
x: 7
y: 5
Solving node: 3*9
x: 3
y: 9
Solving node: 4:2
x: 4
y: 2
Solving node: 5*5
x: 5
y: 5
Solving node: 20+35
x: 20
y: 35
Solving node: 55+27
x: 55
y: 27
Solving node: 82-2
x: 82
y: 2
Solving node: 80+25
x: 80
y: 25
Difference: 105-2
Calculating: 4*5+7*5+3*9-4:2+5*5-2+6
Solving node: 4*5
x: 4
y: 5
Solving node: 7*5
x: 7
y: 5
Solving node: 3*9
x: 3
y: 9
Solving node: 4:2
x: 4
y: 2
Solving node: 5*5
x: 5
y: 5
Solving node: 20+35
x: 20
y: 35
Solving node: 55+27
x: 55
y: 27
Solving node: 82-2
x: 82
y: 2
Solving node: 80+25
x: 80
y: 25
Solving node: 105-2
x: 105
y: 2
Solving node: 103+6
x: 103
y: 6
Solving node: 4*5
x: 4
y: 5
Solving node: 7*5
x: 7
y: 5
Solving node: 3*9
x: 3
y: 9
Solving node: 4:2
x: 4
y: 2
Solving node: 5*5
x: 5
y: 5
Solving node: 20+35
x: 20
y: 35
Solving node: 55+27
x: 55
y: 27
Solving node: 82-2
x: 82
y: 2
Solving node: 80+25
x: 80
y: 25
Solving node: 105-2
x: 105
y: 2
Solving node: 4*5
x: 4
y: 5
Solving node: 7*5
x: 7
y: 5
Solving node: 3*9
x: 3
y: 9
Solving node: 4:2
x: 4
y: 2
Solving node: 5*5
x: 5
y: 5
Solving node: 20+35
x: 20
y: 35
Solving node: 55+27
x: 55
y: 27
Solving node: 82-2
x: 82
y: 2
Solving node: 80+25
x: 80
y: 25
Solving node: 105-2
x: 105
y: 2
Solving node: 103+6
x: 103
y: 6
Difference: 109
Using default bounds (multiplication)
Calculating: 4*5+7*5+3*9-4:2+5*5-2+6*1
Solving node: 4*5
x: 4
y: 5
Solving node: 7*5
x: 7
y: 5
Solving node: 3*9
x: 3
y: 9
Solving node: 4:2
x: 4
y: 2
Solving node: 5*5
x: 5
y: 5
Solving node: 6*1
x: 6
y: 1
Solving node: 20+35
x: 20
y: 35
Solving node: 55+27
x: 55
y: 27
Solving node: 82-2
x: 82
y: 2
Solving node: 80+25
x: 80
y: 25
Solving node: 105-2
x: 105
y: 2
Solving node: 103+6
x: 103
y: 6
Solving node: 4*5
x: 4
y: 5
Solving node: 7*5
x: 7
y: 5
Solving node: 3*9
x: 3
y: 9
Solving node: 4:2
x: 4
y: 2
Solving node: 5*5
x: 5
y: 5
Solving node: 6*1
x: 6
y: 1
Solving node: 20+35
x: 20
y: 35
Solving node: 55+27
x: 55
y: 27
Solving node: 82-2
x: 82
y: 2
Solving node: 80+25
x: 80
y: 25
Solving node: 105-2
x: 105
y: 2
Solving node: 4*5
x: 4
y: 5
Solving node: 7*5
x: 7
y: 5
Solving node: 3*9
x: 3
y: 9
Solving node: 4:2
x: 4
y: 2
Solving node: 5*5
x: 5
y: 5
Solving node: 6*1
x: 6
y: 1
Solving node: 20+35
x: 20
y: 35
Solving node: 55+27
x: 55
y: 27
Solving node: 82-2
x: 82
y: 2
Solving node: 80+25
x: 80
y: 25
Solving node: 105-2
x: 105
y: 2
Solving node: 103+6
x: 103
y: 6
Difference: 109
Calculating: 4*5+7*5+3*9-4:2+5*5-2+6*1+1
Solving node: 4*5
x: 4
y: 5
Solving node: 7*5
x: 7
y: 5
Solving node: 3*9
x: 3
y: 9
Solving node: 4:2
x: 4
y: 2
Solving node: 5*5
x: 5
y: 5
Solving node: 6*1
x: 6
y: 1
Solving node: 20+35
x: 20
y: 35
Solving node: 55+27
x: 55
y: 27
Solving node: 82-2
x: 82
y: 2
Solving node: 80+25
x: 80
y: 25
Solving node: 105-2
x: 105
y: 2
Solving node: 103+6
x: 103
y: 6
Solving node: 109+1
x: 109
y: 1
Solving node: 4*5
x: 4
y: 5
Solving node: 7*5
x: 7
y: 5
Solving node: 3*9
x: 3
y: 9
Solving node: 4:2
x: 4
y: 2
Solving node: 5*5
x: 5
y: 5
Solving node: 6*1
x: 6
y: 1
Solving node: 20+35
x: 20
y: 35
Solving node: 55+27
x: 55
y: 27
Solving node: 82-2
x: 82
y: 2
Solving node: 80+25
x: 80
y: 25
Solving node: 105-2
x: 105
y: 2
Solving node: 4*5
x: 4
y: 5
Solving node: 7*5
x: 7
y: 5
Solving node: 3*9
x: 3
y: 9
Solving node: 4:2
x: 4
y: 2
Solving node: 5*5
x: 5
y: 5
Solving node: 6*1
x: 6
y: 1
Solving node: 20+35
x: 20
y: 35
Solving node: 55+27
x: 55
y: 27
Solving node: 82-2
x: 82
y: 2
Solving node: 80+25
x: 80
y: 25
Solving node: 105-2
x: 105
y: 2
Solving node: 103+6
x: 103
y: 6
Solving node: 109+1
x: 109
y: 1
Difference: 110
Using default bounds (multiplication)
Calculating: 4*5+7*5+3*9-4:2+5*5-2+6*1+1*8
Solving node: 4*5
x: 4
y: 5
Solving node: 7*5
x: 7
y: 5
Solving node: 3*9
x: 3
y: 9
Solving node: 4:2
x: 4
y: 2
Solving node: 5*5
x: 5
y: 5
Solving node: 6*1
x: 6
y: 1
Solving node: 1*8
x: 1
y: 8
Solving node: 20+35
x: 20
y: 35
Solving node: 55+27
x: 55
y: 27
Solving node: 82-2
x: 82
y: 2
Solving node: 80+25
x: 80
y: 25
Solving node: 105-2
x: 105
y: 2
Solving node: 103+6
x: 103
y: 6
Solving node: 109+8
x: 109
y: 8
Solving node: 4*5
x: 4
y: 5
Solving node: 7*5
x: 7
y: 5
Solving node: 3*9
x: 3
y: 9
Solving node: 4:2
x: 4
y: 2
Solving node: 5*5
x: 5
y: 5
Solving node: 6*1
x: 6
y: 1
Solving node: 1*8
x: 1
y: 8
Solving node: 20+35
x: 20
y: 35
Solving node: 55+27
x: 55
y: 27
Solving node: 82-2
x: 82
y: 2
Solving node: 80+25
x: 80
y: 25
Solving node: 105-2
x: 105
y: 2
Solving node: 4*5
x: 4
y: 5
Solving node: 7*5
x: 7
y: 5
Solving node: 3*9
x: 3
y: 9
Solving node: 4:2
x: 4
y: 2
Solving node: 5*5
x: 5
y: 5
Solving node: 6*1
x: 6
y: 1
Solving node: 1*8
x: 1
y: 8
Solving node: 20+35
x: 20
y: 35
Solving node: 55+27
x: 55
y: 27
Solving node: 82-2
x: 82
y: 2
Solving node: 80+25
x: 80
y: 25
Solving node: 105-2
x: 105
y: 2
Solving node: 103+6
x: 103
y: 6
Solving node: 109+8
x: 109
y: 8
Difference: 117
Calculating: 4*5+7*5+3*9-4:2+5*5-2+6*1+1*8:4
Solving node: 4*5
x: 4
y: 5
Solving node: 7*5
x: 7
y: 5
Solving node: 3*9
x: 3
y: 9
Solving node: 4:2
x: 4
y: 2
Solving node: 5*5
x: 5
y: 5
Solving node: 6*1
x: 6
y: 1
Solving node: 1*8
x: 1
y: 8
Solving node: 8:4
x: 8
y: 4
Solving node: 20+35
x: 20
y: 35
Solving node: 55+27
x: 55
y: 27
Solving node: 82-2
x: 82
y: 2
Solving node: 80+25
x: 80
y: 25
Solving node: 105-2
x: 105
y: 2
Solving node: 103+6
x: 103
y: 6
Solving node: 109+2
x: 109
y: 2
Solving node: 4*5
x: 4
y: 5
Solving node: 7*5
x: 7
y: 5
Solving node: 3*9
x: 3
y: 9
Solving node: 4:2
x: 4
y: 2
Solving node: 5*5
x: 5
y: 5
Solving node: 6*1
x: 6
y: 1
Solving node: 1*8
x: 1
y: 8
Solving node: 8:4
x: 8
y: 4
Solving node: 20+35
x: 20
y: 35
Solving node: 55+27
x: 55
y: 27
Solving node: 82-2
x: 82
y: 2
Solving node: 80+25
x: 80
y: 25
Solving node: 105-2
x: 105
y: 2
Solving node: 4*5
x: 4
y: 5
Solving node: 7*5
x: 7
y: 5
Solving node: 3*9
x: 3
y: 9
Solving node: 4:2
x: 4
y: 2
Solving node: 5*5
x: 5
y: 5
Solving node: 6*1
x: 6
y: 1
Solving node: 1*8
x: 1
y: 8
Solving node: 8:4
x: 8
y: 4
Solving node: 20+35
x: 20
y: 35
Solving node: 55+27
x: 55
y: 27
Solving node: 82-2
x: 82
y: 2
Solving node: 80+25
x: 80
y: 25
Solving node: 105-2
x: 105
y: 2
Solving node: 103+6
x: 103
y: 6
Solving node: 109+2
x: 109
y: 2
Difference: 111
Last: 4; Last sum: 2
Calculating: 4*5+7*5+3*9-4:2+5*5-2+6*1+1*8:4-1
Solving node: 4*5
x: 4
y: 5
Solving node: 7*5
x: 7
y: 5
Solving node: 3*9
x: 3
y: 9
Solving node: 4:2
x: 4
y: 2
Solving node: 5*5
x: 5
y: 5
Solving node: 6*1
x: 6
y: 1
Solving node: 1*8
x: 1
y: 8
Solving node: 8:4
x: 8
y: 4
Solving node: 20+35
x: 20
y: 35
Solving node: 55+27
x: 55
y: 27
Solving node: 82-2
x: 82
y: 2
Solving node: 80+25
x: 80
y: 25
Solving node: 105-2
x: 105
y: 2
Solving node: 103+6
x: 103
y: 6
Solving node: 109+2
x: 109
y: 2
Solving node: 111-1
x: 111
y: 1
Originallösung: 4*5+7*5+3*9-4:2+5*5-2+6*1+1*8:4-1 = 110
[42/100] 4*5+7*5+3*9-4:2+5*5-2+6*1+1*8:4-1
Testing equation: 4*5+7*5+3*9-4:2+5*5-2+6*1+1*8:4-1
Checking node: 4*5
Solving node: 4*5
x: 4
y: 5
Checking node: 7*5
Solving node: 7*5
x: 7
y: 5
Checking node: 3*9
Solving node: 3*9
x: 3
y: 9
Checking node: 4:2
Solving node: 4:2
x: 4
y: 2
Checking node: 5*5
Solving node: 5*5
x: 5
y: 5
Checking node: 6*1
Solving node: 6*1
x: 6
y: 1
Checking node: 1*8
Solving node: 1*8
x: 1
y: 8
Checking node: 8:4
Solving node: 8:4
x: 8
y: 4
Checking node: 20+35
Solving node: 20+35
x: 20
y: 35
Checking node: 55+27
Solving node: 55+27
x: 55
y: 27
Checking node: 82-2
Solving node: 82-2
x: 82
y: 2
Checking node: 80+25
Solving node: 80+25
x: 80
y: 25
Checking node: 105-2
Solving node: 105-2
x: 105
y: 2
Checking node: 103+6
Solving node: 103+6
x: 103
y: 6
Checking node: 109+2
Solving node: 109+2
x: 109
y: 2
Checking node: 111-1
Solving node: 111-1
x: 111
y: 1
Checking node: 4*5
Checking node: 5+7
Checking node: 7*5
Checking node: 5+3
Checking node: 3*9
Checking node: 9-4
Checking node: 4:2
Checking node: 2+5
Checking node: 5*5
Checking node: 5-2
Checking node: 2+6
Checking node: 6*1
Checking node: 1+1
Checking node: 1*8
Checking node: 8:4
Checking node: 4-1
Difference: 2
Using default bounds (multiplication)
Calculating: 2*4
Solving node: 2*4
x: 2
y: 4
Solving node: 2*4
x: 2
y: 4
Solving node: 2*4
x: 2
y: 4
Difference: 8
Calculating: 2*4:2
Solving node: 2*4
x: 2
y: 4
Solving node: 8:2
x: 8
y: 2
Solving node: 2*4
x: 2
y: 4
Solving node: 8:2
x: 8
y: 2
Solving node: 2*4
x: 2
y: 4
Solving node: 8:2
x: 8
y: 2
Difference: 4
Using default bounds (multiplication)
Calculating: 2*4:2*3
Solving node: 2*4
x: 2
y: 4
Solving node: 8:2
x: 8
y: 2
Solving node: 4*3
x: 4
y: 3
Solving node: 2*4
x: 2
y: 4
Solving node: 8:2
x: 8
y: 2
Solving node: 4*3
x: 4
y: 3
Solving node: 2*4
x: 2
y: 4
Solving node: 8:2
x: 8
y: 2
Solving node: 4*3
x: 4
y: 3
Difference: 12
Last: 3; Last sum: 12
Calculating: 2*4:2*3-2
Solving node: 2*4
x: 2
y: 4
Solving node: 8:2
x: 8
y: 2
Solving node: 4*3
x: 4
y: 3
Solving node: 12-2
x: 12
y: 2
Solving node: 2*4
x: 2
y: 4
Solving node: 8:2
x: 8
y: 2
Solving node: 4*3
x: 4
y: 3
Solving node: 12-2
x: 12
y: 2
Solving node: 2*4
x: 2
y: 4
Solving node: 8:2
x: 8
y: 2
Solving node: 4*3
x: 4
y: 3
Difference: 12-2
Calculating bounds (multiplication)
Previous index: -1 | Last operator index: 2
Upper bound: 2
Calculating: 2*4:2*3-2*1
Solving node: 2*4
x: 2
y: 4
Solving node: 8:2
x: 8
y: 2
Solving node: 4*3
x: 4
y: 3
Solving node: 2*1
x: 2
y: 1
Solving node: 12-2
x: 12
y: 2
Solving node: 2*4
x: 2
y: 4
Solving node: 8:2
x: 8
y: 2
Solving node: 4*3
x: 4
y: 3
Solving node: 2*1
x: 2
y: 1
Solving node: 12-2
x: 12
y: 2
Solving node: 2*4
x: 2
y: 4
Solving node: 8:2
x: 8
y: 2
Solving node: 4*3
x: 4
y: 3
Solving node: 2*1
x: 2
y: 1
Difference: 12-2
Calculating: 2*4:2*3-2*1+4
Solving node: 2*4
x: 2
y: 4
Solving node: 8:2
x: 8
y: 2
Solving node: 4*3
x: 4
y: 3
Solving node: 2*1
x: 2
y: 1
Solving node: 12-2
x: 12
y: 2
Solving node: 10+4
x: 10
y: 4
Solving node: 2*4
x: 2
y: 4
Solving node: 8:2
x: 8
y: 2
Solving node: 4*3
x: 4
y: 3
Solving node: 2*1
x: 2
y: 1
Solving node: 12-2
x: 12
y: 2
Solving node: 2*4
x: 2
y: 4
Solving node: 8:2
x: 8
y: 2
Solving node: 4*3
x: 4
y: 3
Solving node: 2*1
x: 2
y: 1
Solving node: 12-2
x: 12
y: 2
Solving node: 10+4
x: 10
y: 4
Difference: 14
Using default bounds (multiplication)
Calculating: 2*4:2*3-2*1+4*8
Solving node: 2*4
x: 2
y: 4
Solving node: 8:2
x: 8
y: 2
Solving node: 4*3
x: 4
y: 3
Solving node: 2*1
x: 2
y: 1
Solving node: 4*8
x: 4
y: 8
Solving node: 12-2
x: 12
y: 2
Solving node: 10+32
x: 10
y: 32
Solving node: 2*4
x: 2
y: 4
Solving node: 8:2
x: 8
y: 2
Solving node: 4*3
x: 4
y: 3
Solving node: 2*1
x: 2
y: 1
Solving node: 4*8
x: 4
y: 8
Solving node: 12-2
x: 12
y: 2
Solving node: 2*4
x: 2
y: 4
Solving node: 8:2
x: 8
y: 2
Solving node: 4*3
x: 4
y: 3
Solving node: 2*1
x: 2
y: 1
Solving node: 4*8
x: 4
y: 8
Solving node: 12-2
x: 12
y: 2
Solving node: 10+32
x: 10
y: 32
Difference: 42
Last: 8; Last sum: 32
Calculating: 2*4:2*3-2*1+4*8-2
Solving node: 2*4
x: 2
y: 4
Solving node: 8:2
x: 8
y: 2
Solving node: 4*3
x: 4
y: 3
Solving node: 2*1
x: 2
y: 1
Solving node: 4*8
x: 4
y: 8
Solving node: 12-2
x: 12
y: 2
Solving node: 10+32
x: 10
y: 32
Solving node: 42-2
x: 42
y: 2
Solving node: 2*4
x: 2
y: 4
Solving node: 8:2
x: 8
y: 2
Solving node: 4*3
x: 4
y: 3
Solving node: 2*1
x: 2
y: 1
Solving node: 4*8
x: 4
y: 8
Solving node: 12-2
x: 12
y: 2
Solving node: 10+32
x: 10
y: 32
Solving node: 42-2
x: 42
y: 2
Solving node: 2*4
x: 2
y: 4
Solving node: 8:2
x: 8
y: 2
Solving node: 4*3
x: 4
y: 3
Solving node: 2*1
x: 2
y: 1
Solving node: 4*8
x: 4
y: 8
Solving node: 12-2
x: 12
y: 2
Solving node: 10+32
x: 10
y: 32
Difference: 42-2
Calculating bounds (multiplication)
Previous index: -1 | Last operator index: 2
Upper bound: 2
Calculating: 2*4:2*3-2*1+4*8-2*1
Solving node: 2*4
x: 2
y: 4
Solving node: 8:2
x: 8
y: 2
Solving node: 4*3
x: 4
y: 3
Solving node: 2*1
x: 2
y: 1
Solving node: 4*8
x: 4
y: 8
Solving node: 2*1
x: 2
y: 1
Solving node: 12-2
x: 12
y: 2
Solving node: 10+32
x: 10
y: 32
Solving node: 42-2
x: 42
y: 2
Solving node: 2*4
x: 2
y: 4
Solving node: 8:2
x: 8
y: 2
Solving node: 4*3
x: 4
y: 3
Solving node: 2*1
x: 2
y: 1
Solving node: 4*8
x: 4
y: 8
Solving node: 2*1
x: 2
y: 1
Solving node: 12-2
x: 12
y: 2
Solving node: 10+32
x: 10
y: 32
Solving node: 42-2
x: 42
y: 2
Solving node: 2*4
x: 2
y: 4
Solving node: 8:2
x: 8
y: 2
Solving node: 4*3
x: 4
y: 3
Solving node: 2*1
x: 2
y: 1
Solving node: 4*8
x: 4
y: 8
Solving node: 2*1
x: 2
y: 1
Solving node: 12-2
x: 12
y: 2
Solving node: 10+32
x: 10
y: 32
Difference: 42-2
Calculating: 2*4:2*3-2*1+4*8-2*1+7
Solving node: 2*4
x: 2
y: 4
Solving node: 8:2
x: 8
y: 2
Solving node: 4*3
x: 4
y: 3
Solving node: 2*1
x: 2
y: 1
Solving node: 4*8
x: 4
y: 8
Solving node: 2*1
x: 2
y: 1
Solving node: 12-2
x: 12
y: 2
Solving node: 10+32
x: 10
y: 32
Solving node: 42-2
x: 42
y: 2
Solving node: 40+7
x: 40
y: 7
Solving node: 2*4
x: 2
y: 4
Solving node: 8:2
x: 8
y: 2
Solving node: 4*3
x: 4
y: 3
Solving node: 2*1
x: 2
y: 1
Solving node: 4*8
x: 4
y: 8
Solving node: 2*1
x: 2
y: 1
Solving node: 12-2
x: 12
y: 2
Solving node: 10+32
x: 10
y: 32
Solving node: 42-2
x: 42
y: 2
Solving node: 2*4
x: 2
y: 4
Solving node: 8:2
x: 8
y: 2
Solving node: 4*3
x: 4
y: 3
Solving node: 2*1
x: 2
y: 1
Solving node: 4*8
x: 4
y: 8
Solving node: 2*1
x: 2
y: 1
Solving node: 12-2
x: 12
y: 2
Solving node: 10+32
x: 10
y: 32
Solving node: 42-2
x: 42
y: 2
Solving node: 40+7
x: 40
y: 7
Difference: 47
Last: 7; Last sum: 7
Calculating: 2*4:2*3-2*1+4*8-2*1+7-3
Solving node: 2*4
x: 2
y: 4
Solving node: 8:2
x: 8
y: 2
Solving node: 4*3
x: 4
y: 3
Solving node: 2*1
x: 2
y: 1
Solving node: 4*8
x: 4
y: 8
Solving node: 2*1
x: 2
y: 1
Solving node: 12-2
x: 12
y: 2
Solving node: 10+32
x: 10
y: 32
Solving node: 42-2
x: 42
y: 2
Solving node: 40+7
x: 40
y: 7
Solving node: 47-3
x: 47
y: 3
Solving node: 2*4
x: 2
y: 4
Solving node: 8:2
x: 8
y: 2
Solving node: 4*3
x: 4
y: 3
Solving node: 2*1
x: 2
y: 1
Solving node: 4*8
x: 4
y: 8
Solving node: 2*1
x: 2
y: 1
Solving node: 12-2
x: 12
y: 2
Solving node: 10+32
x: 10
y: 32
Solving node: 42-2
x: 42
y: 2
Solving node: 40+7
x: 40
y: 7
Solving node: 47-3
x: 47
y: 3
Solving node: 2*4
x: 2
y: 4
Solving node: 8:2
x: 8
y: 2
Solving node: 4*3
x: 4
y: 3
Solving node: 2*1
x: 2
y: 1
Solving node: 4*8
x: 4
y: 8
Solving node: 2*1
x: 2
y: 1
Solving node: 12-2
x: 12
y: 2
Solving node: 10+32
x: 10
y: 32
Solving node: 42-2
x: 42
y: 2
Solving node: 40+7
x: 40
y: 7
Difference: 47-3
Calculating: 2*4:2*3-2*1+4*8-2*1+7-3+8
Solving node: 2*4
x: 2
y: 4
Solving node: 8:2
x: 8
y: 2
Solving node: 4*3
x: 4
y: 3
Solving node: 2*1
x: 2
y: 1
Solving node: 4*8
x: 4
y: 8
Solving node: 2*1
x: 2
y: 1
Solving node: 12-2
x: 12
y: 2
Solving node: 10+32
x: 10
y: 32
Solving node: 42-2
x: 42
y: 2
Solving node: 40+7
x: 40
y: 7
Solving node: 47-3
x: 47
y: 3
Solving node: 44+8
x: 44
y: 8
Solving node: 2*4
x: 2
y: 4
Solving node: 8:2
x: 8
y: 2
Solving node: 4*3
x: 4
y: 3
Solving node: 2*1
x: 2
y: 1
Solving node: 4*8
x: 4
y: 8
Solving node: 2*1
x: 2
y: 1
Solving node: 12-2
x: 12
y: 2
Solving node: 10+32
x: 10
y: 32
Solving node: 42-2
x: 42
y: 2
Solving node: 40+7
x: 40
y: 7
Solving node: 47-3
x: 47
y: 3
Solving node: 2*4
x: 2
y: 4
Solving node: 8:2
x: 8
y: 2
Solving node: 4*3
x: 4
y: 3
Solving node: 2*1
x: 2
y: 1
Solving node: 4*8
x: 4
y: 8
Solving node: 2*1
x: 2
y: 1
Solving node: 12-2
x: 12
y: 2
Solving node: 10+32
x: 10
y: 32
Solving node: 42-2
x: 42
y: 2
Solving node: 40+7
x: 40
y: 7
Solving node: 47-3
x: 47
y: 3
Solving node: 44+8
x: 44
y: 8
Difference: 52
Calculating: 2*4:2*3-2*1+4*8-2*1+7-3+8:4
Solving node: 2*4
x: 2
y: 4
Solving node: 8:2
x: 8
y: 2
Solving node: 4*3
x: 4
y: 3
Solving node: 2*1
x: 2
y: 1
Solving node: 4*8
x: 4
y: 8
Solving node: 2*1
x: 2
y: 1
Solving node: 8:4
x: 8
y: 4
Solving node: 12-2
x: 12
y: 2
Solving node: 10+32
x: 10
y: 32
Solving node: 42-2
x: 42
y: 2
Solving node: 40+7
x: 40
y: 7
Solving node: 47-3
x: 47
y: 3
Solving node: 44+2
x: 44
y: 2
Solving node: 2*4
x: 2
y: 4
Solving node: 8:2
x: 8
y: 2
Solving node: 4*3
x: 4
y: 3
Solving node: 2*1
x: 2
y: 1
Solving node: 4*8
x: 4
y: 8
Solving node: 2*1
x: 2
y: 1
Solving node: 8:4
x: 8
y: 4
Solving node: 12-2
x: 12
y: 2
Solving node: 10+32
x: 10
y: 32
Solving node: 42-2
x: 42
y: 2
Solving node: 40+7
x: 40
y: 7
Solving node: 47-3
x: 47
y: 3
Solving node: 2*4
x: 2
y: 4
Solving node: 8:2
x: 8
y: 2
Solving node: 4*3
x: 4
y: 3
Solving node: 2*1
x: 2
y: 1
Solving node: 4*8
x: 4
y: 8
Solving node: 2*1
x: 2
y: 1
Solving node: 8:4
x: 8
y: 4
Solving node: 12-2
x: 12
y: 2
Solving node: 10+32
x: 10
y: 32
Solving node: 42-2
x: 42
y: 2
Solving node: 40+7
x: 40
y: 7
Solving node: 47-3
x: 47
y: 3
Solving node: 44+2
x: 44
y: 2
Difference: 46
Last: 4; Last sum: 2
Calculating: 2*4:2*3-2*1+4*8-2*1+7-3+8:4-1
Solving node: 2*4
x: 2
y: 4
Solving node: 8:2
x: 8
y: 2
Solving node: 4*3
x: 4
y: 3
Solving node: 2*1
x: 2
y: 1
Solving node: 4*8
x: 4
y: 8
Solving node: 2*1
x: 2
y: 1
Solving node: 8:4
x: 8
y: 4
Solving node: 12-2
x: 12
y: 2
Solving node: 10+32
x: 10
y: 32
Solving node: 42-2
x: 42
y: 2
Solving node: 40+7
x: 40
y: 7
Solving node: 47-3
x: 47
y: 3
Solving node: 44+2
x: 44
y: 2
Solving node: 46-1
x: 46
y: 1
Solving node: 2*4
x: 2
y: 4
Solving node: 8:2
x: 8
y: 2
Solving node: 4*3
x: 4
y: 3
Solving node: 2*1
x: 2
y: 1
Solving node: 4*8
x: 4
y: 8
Solving node: 2*1
x: 2
y: 1
Solving node: 8:4
x: 8
y: 4
Solving node: 12-2
x: 12
y: 2
Solving node: 10+32
x: 10
y: 32
Solving node: 42-2
x: 42
y: 2
Solving node: 40+7
x: 40
y: 7
Solving node: 47-3
x: 47
y: 3
Solving node: 44+2
x: 44
y: 2
Solving node: 46-1
x: 46
y: 1
Solving node: 2*4
x: 2
y: 4
Solving node: 8:2
x: 8
y: 2
Solving node: 4*3
x: 4
y: 3
Solving node: 2*1
x: 2
y: 1
Solving node: 4*8
x: 4
y: 8
Solving node: 2*1
x: 2
y: 1
Solving node: 8:4
x: 8
y: 4
Solving node: 12-2
x: 12
y: 2
Solving node: 10+32
x: 10
y: 32
Solving node: 42-2
x: 42
y: 2
Solving node: 40+7
x: 40
y: 7
Solving node: 47-3
x: 47
y: 3
Solving node: 44+2
x: 44
y: 2
Difference: 46-1
Calculating bounds (multiplication)
Previous index: -1 | Last operator index: 2
Upper bound: 1
Solving node: 2*4
x: 2
y: 4
Solving node: 8:2
x: 8
y: 2
Solving node: 4*3
x: 4
y: 3
Solving node: 2*1
x: 2
y: 1
Solving node: 4*8
x: 4
y: 8
Solving node: 2*1
x: 2
y: 1
Solving node: 8:4
x: 8
y: 4
Solving node: 12-2
x: 12
y: 2
Solving node: 10+32
x: 10
y: 32
Solving node: 42-2
x: 42
y: 2
Solving node: 40+7
x: 40
y: 7
Solving node: 47-3
x: 47
y: 3
Solving node: 44+2
x: 44
y: 2
Solving node: 46-1
x: 46
y: 1
Solving node: 2*4
x: 2
y: 4
Solving node: 8:2
x: 8
y: 2
Solving node: 4*3
x: 4
y: 3
Solving node: 2*1
x: 2
y: 1
Solving node: 4*8
x: 4
y: 8
Solving node: 2*1
x: 2
y: 1
Solving node: 8:4
x: 8
y: 4
Solving node: 12-2
x: 12
y: 2
Solving node: 10+32
x: 10
y: 32
Solving node: 42-2
x: 42
y: 2
Solving node: 40+7
x: 40
y: 7
Solving node: 47-3
x: 47
y: 3
Solving node: 44+2
x: 44
y: 2
Difference: 46-1
Calculating: 2*4:2*3-2*1+4*8-2*1+7-3+8:4-1+6
Solving node: 2*4
x: 2
y: 4
Solving node: 8:2
x: 8
y: 2
Solving node: 4*3
x: 4
y: 3
Solving node: 2*1
x: 2
y: 1
Solving node: 4*8
x: 4
y: 8
Solving node: 2*1
x: 2
y: 1
Solving node: 8:4
x: 8
y: 4
Solving node: 12-2
x: 12
y: 2
Solving node: 10+32
x: 10
y: 32
Solving node: 42-2
x: 42
y: 2
Solving node: 40+7
x: 40
y: 7
Solving node: 47-3
x: 47
y: 3
Solving node: 44+2
x: 44
y: 2
Solving node: 46-1
x: 46
y: 1
Solving node: 45+6
x: 45
y: 6
Solving node: 2*4
x: 2
y: 4
Solving node: 8:2
x: 8
y: 2
Solving node: 4*3
x: 4
y: 3
Solving node: 2*1
x: 2
y: 1
Solving node: 4*8
x: 4
y: 8
Solving node: 2*1
x: 2
y: 1
Solving node: 8:4
x: 8
y: 4
Solving node: 12-2
x: 12
y: 2
Solving node: 10+32
x: 10
y: 32
Solving node: 42-2
x: 42
y: 2
Solving node: 40+7
x: 40
y: 7
Solving node: 47-3
x: 47
y: 3
Solving node: 44+2
x: 44
y: 2
Solving node: 46-1
x: 46
y: 1
Solving node: 2*4
x: 2
y: 4
Solving node: 8:2
x: 8
y: 2
Solving node: 4*3
x: 4
y: 3
Solving node: 2*1
x: 2
y: 1
Solving node: 4*8
x: 4
y: 8
Solving node: 2*1
x: 2
y: 1
Solving node: 8:4
x: 8
y: 4
Solving node: 12-2
x: 12
y: 2
Solving node: 10+32
x: 10
y: 32
Solving node: 42-2
x: 42
y: 2
Solving node: 40+7
x: 40
y: 7
Solving node: 47-3
x: 47
y: 3
Solving node: 44+2
x: 44
y: 2
Solving node: 46-1
x: 46
y: 1
Solving node: 45+6
x: 45
y: 6
Difference: 51
Using default bounds (multiplication)
Calculating: 2*4:2*3-2*1+4*8-2*1+7-3+8:4-1+6*9
Solving node: 2*4
x: 2
y: 4
Solving node: 8:2
x: 8
y: 2
Solving node: 4*3
x: 4
y: 3
Solving node: 2*1
x: 2
y: 1
Solving node: 4*8
x: 4
y: 8
Solving node: 2*1
x: 2
y: 1
Solving node: 8:4
x: 8
y: 4
Solving node: 6*9
x: 6
y: 9
Solving node: 12-2
x: 12
y: 2
Solving node: 10+32
x: 10
y: 32
Solving node: 42-2
x: 42
y: 2
Solving node: 40+7
x: 40
y: 7
Solving node: 47-3
x: 47
y: 3
Solving node: 44+2
x: 44
y: 2
Solving node: 46-1
x: 46
y: 1
Solving node: 45+54
x: 45
y: 54
Originallösung: 2*4:2*3-2*1+4*8-2*1+7-3+8:4-1+6*9 = 99
[43/100] 2*4:2*3-2*1+4*8-2*1+7-3+8:4-1+6*9
Testing equation: 2*4:2*3-2*1+4*8-2*1+7-3+8:4-1+6*9
Checking node: 2*4
Solving node: 2*4
x: 2
y: 4
Checking node: 8:2
Solving node: 8:2
x: 8
y: 2
Checking node: 4*3
Solving node: 4*3
x: 4
y: 3
Checking node: 2*1
Solving node: 2*1
x: 2
y: 1
Checking node: 4*8
Solving node: 4*8
x: 4
y: 8
Checking node: 2*1
Solving node: 2*1
x: 2
y: 1
Checking node: 8:4
Solving node: 8:4
x: 8
y: 4
Checking node: 6*9
Solving node: 6*9
x: 6
y: 9
Checking node: 12-2
Solving node: 12-2
x: 12
y: 2
Checking node: 10+32
Solving node: 10+32
x: 10
y: 32
Checking node: 42-2
Solving node: 42-2
x: 42
y: 2
Checking node: 40+7
Solving node: 40+7
x: 40
y: 7
Checking node: 47-3
Solving node: 47-3
x: 47
y: 3
Checking node: 44+2
Solving node: 44+2
x: 44
y: 2
Checking node: 46-1
Solving node: 46-1
x: 46
y: 1
Checking node: 45+54
Solving node: 45+54
x: 45
y: 54
Checking node: 2*4
Checking node: 4:2
Checking node: 2*3
Checking node: 3-2
Checking node: 2*1
Checking node: 1+4
Checking node: 4*8
Checking node: 8-2
Checking node: 2*1
Checking node: 1+7
Checking node: 7-3
Checking node: 3+8
Checking node: 8:4
Checking node: 4-1
Checking node: 1+6
Checking node: 6*9
Difference: 2
Calculating: 2+2
Solving node: 2+2
x: 2
y: 2
Solving node: 2+2
x: 2
y: 2
Difference: 4
Using default bounds (multiplication)
Calculating: 2+2*6
Solving node: 2*6
x: 2
y: 6
Solving node: 2+12
x: 2
y: 12
Solving node: 2*6
x: 2
y: 6
Solving node: 2*6
x: 2
y: 6
Solving node: 2+12
x: 2
y: 12
Difference: 14
Calculating: 2+2*6:1
Solving node: 2*6
x: 2
y: 6
Solving node: 12:1
x: 12
y: 1
Solving node: 2+12
x: 2
y: 12
Solving node: 2*6
x: 2
y: 6
Solving node: 12:1
x: 12
y: 1
Solving node: 2*6
x: 2
y: 6
Solving node: 12:1
x: 12
y: 1
Solving node: 2+12
x: 2
y: 12
Difference: 14
Using default bounds (multiplication)
Calculating: 2+2*6:1*3
Solving node: 2*6
x: 2
y: 6
Solving node: 12:1
x: 12
y: 1
Solving node: 12*3
x: 12
y: 3
Solving node: 2+36
x: 2
y: 36
Solving node: 2*6
x: 2
y: 6
Solving node: 12:1
x: 12
y: 1
Solving node: 12*3
x: 12
y: 3
Solving node: 2*6
x: 2
y: 6
Solving node: 12:1
x: 12
y: 1
Solving node: 12*3
x: 12
y: 3
Solving node: 2+36
x: 2
y: 36
Difference: 38
Last: 3; Last sum: 36
Calculating: 2+2*6:1*3-2
Solving node: 2*6
x: 2
y: 6
Solving node: 12:1
x: 12
y: 1
Solving node: 12*3
x: 12
y: 3
Solving node: 2+36
x: 2
y: 36
Solving node: 38-2
x: 38
y: 2
Solving node: 2*6
x: 2
y: 6
Solving node: 12:1
x: 12
y: 1
Solving node: 12*3
x: 12
y: 3
Solving node: 2+36
x: 2
y: 36
Solving node: 38-2
x: 38
y: 2
Solving node: 2*6
x: 2
y: 6
Solving node: 12:1
x: 12
y: 1
Solving node: 12*3
x: 12
y: 3
Solving node: 2+36
x: 2
y: 36
Difference: 38-2
Calculating: 2+2*6:1*3-2+6
Solving node: 2*6
x: 2
y: 6
Solving node: 12:1
x: 12
y: 1
Solving node: 12*3
x: 12
y: 3
Solving node: 2+36
x: 2
y: 36
Solving node: 38-2
x: 38
y: 2
Solving node: 36+6
x: 36
y: 6
Solving node: 2*6
x: 2
y: 6
Solving node: 12:1
x: 12
y: 1
Solving node: 12*3
x: 12
y: 3
Solving node: 2+36
x: 2
y: 36
Solving node: 38-2
x: 38
y: 2
Solving node: 2*6
x: 2
y: 6
Solving node: 12:1
x: 12
y: 1
Solving node: 12*3
x: 12
y: 3
Solving node: 2+36
x: 2
y: 36
Solving node: 38-2
x: 38
y: 2
Solving node: 36+6
x: 36
y: 6
Difference: 42
Calculating: 2+2*6:1*3-2+6:2
Solving node: 2*6
x: 2
y: 6
Solving node: 12:1
x: 12
y: 1
Solving node: 12*3
x: 12
y: 3
Solving node: 6:2
x: 6
y: 2
Solving node: 2+36
x: 2
y: 36
Solving node: 38-2
x: 38
y: 2
Solving node: 36+3
x: 36
y: 3
Solving node: 2*6
x: 2
y: 6
Solving node: 12:1
x: 12
y: 1
Solving node: 12*3
x: 12
y: 3
Solving node: 6:2
x: 6
y: 2
Solving node: 2+36
x: 2
y: 36
Solving node: 38-2
x: 38
y: 2
Solving node: 2*6
x: 2
y: 6
Solving node: 12:1
x: 12
y: 1
Solving node: 12*3
x: 12
y: 3
Solving node: 6:2
x: 6
y: 2
Solving node: 2+36
x: 2
y: 36
Solving node: 38-2
x: 38
y: 2
Solving node: 36+3
x: 36
y: 3
Difference: 39
Calculating: 2+2*6:1*3-2+6:2+6
Solving node: 2*6
x: 2
y: 6
Solving node: 12:1
x: 12
y: 1
Solving node: 12*3
x: 12
y: 3
Solving node: 6:2
x: 6
y: 2
Solving node: 2+36
x: 2
y: 36
Solving node: 38-2
x: 38
y: 2
Solving node: 36+3
x: 36
y: 3
Solving node: 39+6
x: 39
y: 6
Solving node: 2*6
x: 2
y: 6
Solving node: 12:1
x: 12
y: 1
Solving node: 12*3
x: 12
y: 3
Solving node: 6:2
x: 6
y: 2
Solving node: 2+36
x: 2
y: 36
Solving node: 38-2
x: 38
y: 2
Solving node: 2*6
x: 2
y: 6
Solving node: 12:1
x: 12
y: 1
Solving node: 12*3
x: 12
y: 3
Solving node: 6:2
x: 6
y: 2
Solving node: 2+36
x: 2
y: 36
Solving node: 38-2
x: 38
y: 2
Solving node: 36+3
x: 36
y: 3
Solving node: 39+6
x: 39
y: 6
Difference: 45
Using default bounds (multiplication)
Calculating: 2+2*6:1*3-2+6:2+6*5
Solving node: 2*6
x: 2
y: 6
Solving node: 12:1
x: 12
y: 1
Solving node: 12*3
x: 12
y: 3
Solving node: 6:2
x: 6
y: 2
Solving node: 6*5
x: 6
y: 5
Solving node: 2+36
x: 2
y: 36
Solving node: 38-2
x: 38
y: 2
Solving node: 36+3
x: 36
y: 3
Solving node: 39+30
x: 39
y: 30
Solving node: 2*6
x: 2
y: 6
Solving node: 12:1
x: 12
y: 1
Solving node: 12*3
x: 12
y: 3
Solving node: 6:2
x: 6
y: 2
Solving node: 6*5
x: 6
y: 5
Solving node: 2+36
x: 2
y: 36
Solving node: 38-2
x: 38
y: 2
Solving node: 2*6
x: 2
y: 6
Solving node: 12:1
x: 12
y: 1
Solving node: 12*3
x: 12
y: 3
Solving node: 6:2
x: 6
y: 2
Solving node: 6*5
x: 6
y: 5
Solving node: 2+36
x: 2
y: 36
Solving node: 38-2
x: 38
y: 2
Solving node: 36+3
x: 36
y: 3
Solving node: 39+30
x: 39
y: 30
Difference: 69
Calculating: 2+2*6:1*3-2+6:2+6*5+6
Solving node: 2*6
x: 2
y: 6
Solving node: 12:1
x: 12
y: 1
Solving node: 12*3
x: 12
y: 3
Solving node: 6:2
x: 6
y: 2
Solving node: 6*5
x: 6
y: 5
Solving node: 2+36
x: 2
y: 36
Solving node: 38-2
x: 38
y: 2
Solving node: 36+3
x: 36
y: 3
Solving node: 39+30
x: 39
y: 30
Solving node: 69+6
x: 69
y: 6
Solving node: 2*6
x: 2
y: 6
Solving node: 12:1
x: 12
y: 1
Solving node: 12*3
x: 12
y: 3
Solving node: 6:2
x: 6
y: 2
Solving node: 6*5
x: 6
y: 5
Solving node: 2+36
x: 2
y: 36
Solving node: 38-2
x: 38
y: 2
Solving node: 2*6
x: 2
y: 6
Solving node: 12:1
x: 12
y: 1
Solving node: 12*3
x: 12
y: 3
Solving node: 6:2
x: 6
y: 2
Solving node: 6*5
x: 6
y: 5
Solving node: 2+36
x: 2
y: 36
Solving node: 38-2
x: 38
y: 2
Solving node: 36+3
x: 36
y: 3
Solving node: 39+30
x: 39
y: 30
Solving node: 69+6
x: 69
y: 6
Difference: 75
Calculating: 2+2*6:1*3-2+6:2+6*5+6:3
Solving node: 2*6
x: 2
y: 6
Solving node: 12:1
x: 12
y: 1
Solving node: 12*3
x: 12
y: 3
Solving node: 6:2
x: 6
y: 2
Solving node: 6*5
x: 6
y: 5
Solving node: 6:3
x: 6
y: 3
Solving node: 2+36
x: 2
y: 36
Solving node: 38-2
x: 38
y: 2
Solving node: 36+3
x: 36
y: 3
Solving node: 39+30
x: 39
y: 30
Solving node: 69+2
x: 69
y: 2
Solving node: 2*6
x: 2
y: 6
Solving node: 12:1
x: 12
y: 1
Solving node: 12*3
x: 12
y: 3
Solving node: 6:2
x: 6
y: 2
Solving node: 6*5
x: 6
y: 5
Solving node: 6:3
x: 6
y: 3
Solving node: 2+36
x: 2
y: 36
Solving node: 38-2
x: 38
y: 2
Solving node: 2*6
x: 2
y: 6
Solving node: 12:1
x: 12
y: 1
Solving node: 12*3
x: 12
y: 3
Solving node: 6:2
x: 6
y: 2
Solving node: 6*5
x: 6
y: 5
Solving node: 6:3
x: 6
y: 3
Solving node: 2+36
x: 2
y: 36
Solving node: 38-2
x: 38
y: 2
Solving node: 36+3
x: 36
y: 3
Solving node: 39+30
x: 39
y: 30
Solving node: 69+2
x: 69
y: 2
Difference: 71
Last: 3; Last sum: 2
Calculating: 2+2*6:1*3-2+6:2+6*5+6:3-1
Solving node: 2*6
x: 2
y: 6
Solving node: 12:1
x: 12
y: 1
Solving node: 12*3
x: 12
y: 3
Solving node: 6:2
x: 6
y: 2
Solving node: 6*5
x: 6
y: 5
Solving node: 6:3
x: 6
y: 3
Solving node: 2+36
x: 2
y: 36
Solving node: 38-2
x: 38
y: 2
Solving node: 36+3
x: 36
y: 3
Solving node: 39+30
x: 39
y: 30
Solving node: 69+2
x: 69
y: 2
Solving node: 71-1
x: 71
y: 1
Solving node: 2*6
x: 2
y: 6
Solving node: 12:1
x: 12
y: 1
Solving node: 12*3
x: 12
y: 3
Solving node: 6:2
x: 6
y: 2
Solving node: 6*5
x: 6
y: 5
Solving node: 6:3
x: 6
y: 3
Solving node: 2+36
x: 2
y: 36
Solving node: 38-2
x: 38
y: 2
Solving node: 36+3
x: 36
y: 3
Solving node: 39+30
x: 39
y: 30
Solving node: 69+2
x: 69
y: 2
Solving node: 71-1
x: 71
y: 1
Solving node: 2*6
x: 2
y: 6
Solving node: 12:1
x: 12
y: 1
Solving node: 12*3
x: 12
y: 3
Solving node: 6:2
x: 6
y: 2
Solving node: 6*5
x: 6
y: 5
Solving node: 6:3
x: 6
y: 3
Solving node: 2+36
x: 2
y: 36
Solving node: 38-2
x: 38
y: 2
Solving node: 36+3
x: 36
y: 3
Solving node: 39+30
x: 39
y: 30
Solving node: 69+2
x: 69
y: 2
Difference: 71-1
Calculating bounds (multiplication)
Previous index: -1 | Last operator index: 2
Upper bound: 1
Solving node: 2*6
x: 2
y: 6
Solving node: 12:1
x: 12
y: 1
Solving node: 12*3
x: 12
y: 3
Solving node: 6:2
x: 6
y: 2
Solving node: 6*5
x: 6
y: 5
Solving node: 6:3
x: 6
y: 3
Solving node: 2+36
x: 2
y: 36
Solving node: 38-2
x: 38
y: 2
Solving node: 36+3
x: 36
y: 3
Solving node: 39+30
x: 39
y: 30
Solving node: 69+2
x: 69
y: 2
Solving node: 71-1
x: 71
y: 1
Solving node: 2*6
x: 2
y: 6
Solving node: 12:1
x: 12
y: 1
Solving node: 12*3
x: 12
y: 3
Solving node: 6:2
x: 6
y: 2
Solving node: 6*5
x: 6
y: 5
Solving node: 6:3
x: 6
y: 3
Solving node: 2+36
x: 2
y: 36
Solving node: 38-2
x: 38
y: 2
Solving node: 36+3
x: 36
y: 3
Solving node: 39+30
x: 39
y: 30
Solving node: 69+2
x: 69
y: 2
Difference: 71-1
Calculating: 2+2*6:1*3-2+6:2+6*5+6:3-1+7
Solving node: 2*6
x: 2
y: 6
Solving node: 12:1
x: 12
y: 1
Solving node: 12*3
x: 12
y: 3
Solving node: 6:2
x: 6
y: 2
Solving node: 6*5
x: 6
y: 5
Solving node: 6:3
x: 6
y: 3
Solving node: 2+36
x: 2
y: 36
Solving node: 38-2
x: 38
y: 2
Solving node: 36+3
x: 36
y: 3
Solving node: 39+30
x: 39
y: 30
Solving node: 69+2
x: 69
y: 2
Solving node: 71-1
x: 71
y: 1
Solving node: 70+7
x: 70
y: 7
Solving node: 2*6
x: 2
y: 6
Solving node: 12:1
x: 12
y: 1
Solving node: 12*3
x: 12
y: 3
Solving node: 6:2
x: 6
y: 2
Solving node: 6*5
x: 6
y: 5
Solving node: 6:3
x: 6
y: 3
Solving node: 2+36
x: 2
y: 36
Solving node: 38-2
x: 38
y: 2
Solving node: 36+3
x: 36
y: 3
Solving node: 39+30
x: 39
y: 30
Solving node: 69+2
x: 69
y: 2
Solving node: 71-1
x: 71
y: 1
Solving node: 2*6
x: 2
y: 6
Solving node: 12:1
x: 12
y: 1
Solving node: 12*3
x: 12
y: 3
Solving node: 6:2
x: 6
y: 2
Solving node: 6*5
x: 6
y: 5
Solving node: 6:3
x: 6
y: 3
Solving node: 2+36
x: 2
y: 36
Solving node: 38-2
x: 38
y: 2
Solving node: 36+3
x: 36
y: 3
Solving node: 39+30
x: 39
y: 30
Solving node: 69+2
x: 69
y: 2
Solving node: 71-1
x: 71
y: 1
Solving node: 70+7
x: 70
y: 7
Difference: 77
Last: 7; Last sum: 7
Calculating: 2+2*6:1*3-2+6:2+6*5+6:3-1+7-6
Solving node: 2*6
x: 2
y: 6
Solving node: 12:1
x: 12
y: 1
Solving node: 12*3
x: 12
y: 3
Solving node: 6:2
x: 6
y: 2
Solving node: 6*5
x: 6
y: 5
Solving node: 6:3
x: 6
y: 3
Solving node: 2+36
x: 2
y: 36
Solving node: 38-2
x: 38
y: 2
Solving node: 36+3
x: 36
y: 3
Solving node: 39+30
x: 39
y: 30
Solving node: 69+2
x: 69
y: 2
Solving node: 71-1
x: 71
y: 1
Solving node: 70+7
x: 70
y: 7
Solving node: 77-6
x: 77
y: 6
Solving node: 2*6
x: 2
y: 6
Solving node: 12:1
x: 12
y: 1
Solving node: 12*3
x: 12
y: 3
Solving node: 6:2
x: 6
y: 2
Solving node: 6*5
x: 6
y: 5
Solving node: 6:3
x: 6
y: 3
Solving node: 2+36
x: 2
y: 36
Solving node: 38-2
x: 38
y: 2
Solving node: 36+3
x: 36
y: 3
Solving node: 39+30
x: 39
y: 30
Solving node: 69+2
x: 69
y: 2
Solving node: 71-1
x: 71
y: 1
Solving node: 70+7
x: 70
y: 7
Solving node: 77-6
x: 77
y: 6
Solving node: 2*6
x: 2
y: 6
Solving node: 12:1
x: 12
y: 1
Solving node: 12*3
x: 12
y: 3
Solving node: 6:2
x: 6
y: 2
Solving node: 6*5
x: 6
y: 5
Solving node: 6:3
x: 6
y: 3
Solving node: 2+36
x: 2
y: 36
Solving node: 38-2
x: 38
y: 2
Solving node: 36+3
x: 36
y: 3
Solving node: 39+30
x: 39
y: 30
Solving node: 69+2
x: 69
y: 2
Solving node: 71-1
x: 71
y: 1
Solving node: 70+7
x: 70
y: 7
Difference: 77-6
Calculating bounds (multiplication)
Previous index: -1 | Last operator index: 2
Upper bound: 6
Calculating: 2+2*6:1*3-2+6:2+6*5+6:3-1+7-6*4
Solving node: 2*6
x: 2
y: 6
Solving node: 12:1
x: 12
y: 1
Solving node: 12*3
x: 12
y: 3
Solving node: 6:2
x: 6
y: 2
Solving node: 6*5
x: 6
y: 5
Solving node: 6:3
x: 6
y: 3
Solving node: 6*4
x: 6
y: 4
Solving node: 2+36
x: 2
y: 36
Solving node: 38-2
x: 38
y: 2
Solving node: 36+3
x: 36
y: 3
Solving node: 39+30
x: 39
y: 30
Solving node: 69+2
x: 69
y: 2
Solving node: 71-1
x: 71
y: 1
Solving node: 70+7
x: 70
y: 7
Solving node: 77-24
x: 77
y: 24
Solving node: 2*6
x: 2
y: 6
Solving node: 12:1
x: 12
y: 1
Solving node: 12*3
x: 12
y: 3
Solving node: 6:2
x: 6
y: 2
Solving node: 6*5
x: 6
y: 5
Solving node: 6:3
x: 6
y: 3
Solving node: 6*4
x: 6
y: 4
Solving node: 2+36
x: 2
y: 36
Solving node: 38-2
x: 38
y: 2
Solving node: 36+3
x: 36
y: 3
Solving node: 39+30
x: 39
y: 30
Solving node: 69+2
x: 69
y: 2
Solving node: 71-1
x: 71
y: 1
Solving node: 70+7
x: 70
y: 7
Solving node: 77-24
x: 77
y: 24
Solving node: 2*6
x: 2
y: 6
Solving node: 12:1
x: 12
y: 1
Solving node: 12*3
x: 12
y: 3
Solving node: 6:2
x: 6
y: 2
Solving node: 6*5
x: 6
y: 5
Solving node: 6:3
x: 6
y: 3
Solving node: 6*4
x: 6
y: 4
Solving node: 2+36
x: 2
y: 36
Solving node: 38-2
x: 38
y: 2
Solving node: 36+3
x: 36
y: 3
Solving node: 39+30
x: 39
y: 30
Solving node: 69+2
x: 69
y: 2
Solving node: 71-1
x: 71
y: 1
Solving node: 70+7
x: 70
y: 7
Difference: 77-24
Previous index: -1 | Last operator index: 2
Calculating: 2+2*6:1*3-2+6:2+6*5+6:3-1+7-6*4:1
Solving node: 2*6
x: 2
y: 6
Solving node: 12:1
x: 12
y: 1
Solving node: 12*3
x: 12
y: 3
Solving node: 6:2
x: 6
y: 2
Solving node: 6*5
x: 6
y: 5
Solving node: 6:3
x: 6
y: 3
Solving node: 6*4
x: 6
y: 4
Solving node: 24:1
x: 24
y: 1
Solving node: 2+36
x: 2
y: 36
Solving node: 38-2
x: 38
y: 2
Solving node: 36+3
x: 36
y: 3
Solving node: 39+30
x: 39
y: 30
Solving node: 69+2
x: 69
y: 2
Solving node: 71-1
x: 71
y: 1
Solving node: 70+7
x: 70
y: 7
Solving node: 77-24
x: 77
y: 24
Originallösung: 2+2*6:1*3-2+6:2+6*5+6:3-1+7-6*4:1 = 53
[44/100] 2+2*6:1*3-2+6:2+6*5+6:3-1+7-6*4:1
Testing equation: 2+2*6:1*3-2+6:2+6*5+6:3-1+7-6*4:1
Checking node: 2*6
Solving node: 2*6
x: 2
y: 6
Checking node: 12:1
Solving node: 12:1
x: 12
y: 1
Checking node: 12*3
Solving node: 12*3
x: 12
y: 3
Checking node: 6:2
Solving node: 6:2
x: 6
y: 2
Checking node: 6*5
Solving node: 6*5
x: 6
y: 5
Checking node: 6:3
Solving node: 6:3
x: 6
y: 3
Checking node: 6*4
Solving node: 6*4
x: 6
y: 4
Checking node: 24:1
Solving node: 24:1
x: 24
y: 1
Checking node: 2+36
Solving node: 2+36
x: 2
y: 36
Checking node: 38-2
Solving node: 38-2
x: 38
y: 2
Checking node: 36+3
Solving node: 36+3
x: 36
y: 3
Checking node: 39+30
Solving node: 39+30
x: 39
y: 30
Checking node: 69+2
Solving node: 69+2
x: 69
y: 2
Checking node: 71-1
Solving node: 71-1
x: 71
y: 1
Checking node: 70+7
Solving node: 70+7
x: 70
y: 7
Checking node: 77-24
Solving node: 77-24
x: 77
y: 24
Checking node: 2+2
Checking node: 2*6
Checking node: 6:1
Checking node: 1*3
Checking node: 3-2
Checking node: 2+6
Checking node: 6:2
Checking node: 2+6
Checking node: 6*5
Checking node: 5+6
Checking node: 6:3
Checking node: 3-1
Checking node: 1+7
Checking node: 7-6
Checking node: 6*4
Checking node: 4:1
Difference: 3
Using default bounds (multiplication)
Calculating: 3*9
Solving node: 3*9
x: 3
y: 9
Solving node: 3*9
x: 3
y: 9
Solving node: 3*9
x: 3
y: 9
Difference: 27
Last: 9; Last sum: 27
Calculating: 3*9-5
Solving node: 3*9
x: 3
y: 9
Solving node: 27-5
x: 27
y: 5
Solving node: 3*9
x: 3
y: 9
Solving node: 27-5
x: 27
y: 5
Solving node: 3*9
x: 3
y: 9
Difference: 27-5
Calculating: 3*9-5+8
Solving node: 3*9
x: 3
y: 9
Solving node: 27-5
x: 27
y: 5
Solving node: 22+8
x: 22
y: 8
Solving node: 3*9
x: 3
y: 9
Solving node: 27-5
x: 27
y: 5
Solving node: 3*9
x: 3
y: 9
Solving node: 27-5
x: 27
y: 5
Solving node: 22+8
x: 22
y: 8
Difference: 30
Using default bounds (multiplication)
Calculating: 3*9-5+8*1
Solving node: 3*9
x: 3
y: 9
Solving node: 8*1
x: 8
y: 1
Solving node: 27-5
x: 27
y: 5
Solving node: 22+8
x: 22
y: 8
Solving node: 3*9
x: 3
y: 9
Solving node: 8*1
x: 8
y: 1
Solving node: 27-5
x: 27
y: 5
Solving node: 3*9
x: 3
y: 9
Solving node: 8*1
x: 8
y: 1
Solving node: 27-5
x: 27
y: 5
Solving node: 22+8
x: 22
y: 8
Difference: 30
Calculating: 3*9-5+8*1+6
Solving node: 3*9
x: 3
y: 9
Solving node: 8*1
x: 8
y: 1
Solving node: 27-5
x: 27
y: 5
Solving node: 22+8
x: 22
y: 8
Solving node: 30+6
x: 30
y: 6
Solving node: 3*9
x: 3
y: 9
Solving node: 8*1
x: 8
y: 1
Solving node: 27-5
x: 27
y: 5
Solving node: 3*9
x: 3
y: 9
Solving node: 8*1
x: 8
y: 1
Solving node: 27-5
x: 27
y: 5
Solving node: 22+8
x: 22
y: 8
Solving node: 30+6
x: 30
y: 6
Difference: 36
Last: 6; Last sum: 6
Calculating: 3*9-5+8*1+6-1
Solving node: 3*9
x: 3
y: 9
Solving node: 8*1
x: 8
y: 1
Solving node: 27-5
x: 27
y: 5
Solving node: 22+8
x: 22
y: 8
Solving node: 30+6
x: 30
y: 6
Solving node: 36-1
x: 36
y: 1
Solving node: 3*9
x: 3
y: 9
Solving node: 8*1
x: 8
y: 1
Solving node: 27-5
x: 27
y: 5
Solving node: 22+8
x: 22
y: 8
Solving node: 30+6
x: 30
y: 6
Solving node: 36-1
x: 36
y: 1
Solving node: 3*9
x: 3
y: 9
Solving node: 8*1
x: 8
y: 1
Solving node: 27-5
x: 27
y: 5
Solving node: 22+8
x: 22
y: 8
Solving node: 30+6
x: 30
y: 6
Difference: 36-1
Calculating bounds (multiplication)
Previous index: -1 | Last operator index: 2
Upper bound: 1
Solving node: 3*9
x: 3
y: 9
Solving node: 8*1
x: 8
y: 1
Solving node: 27-5
x: 27
y: 5
Solving node: 22+8
x: 22
y: 8
Solving node: 30+6
x: 30
y: 6
Solving node: 36-1
x: 36
y: 1
Solving node: 3*9
x: 3
y: 9
Solving node: 8*1
x: 8
y: 1
Solving node: 27-5
x: 27
y: 5
Solving node: 22+8
x: 22
y: 8
Solving node: 30+6
x: 30
y: 6
Difference: 36-1
Calculating: 3*9-5+8*1+6-1+5
Solving node: 3*9
x: 3
y: 9
Solving node: 8*1
x: 8
y: 1
Solving node: 27-5
x: 27
y: 5
Solving node: 22+8
x: 22
y: 8
Solving node: 30+6
x: 30
y: 6
Solving node: 36-1
x: 36
y: 1
Solving node: 35+5
x: 35
y: 5
Solving node: 3*9
x: 3
y: 9
Solving node: 8*1
x: 8
y: 1
Solving node: 27-5
x: 27
y: 5
Solving node: 22+8
x: 22
y: 8
Solving node: 30+6
x: 30
y: 6
Solving node: 36-1
x: 36
y: 1
Solving node: 3*9
x: 3
y: 9
Solving node: 8*1
x: 8
y: 1
Solving node: 27-5
x: 27
y: 5
Solving node: 22+8
x: 22
y: 8
Solving node: 30+6
x: 30
y: 6
Solving node: 36-1
x: 36
y: 1
Solving node: 35+5
x: 35
y: 5
Difference: 40
Last: 5; Last sum: 5
Calculating: 3*9-5+8*1+6-1+5-2
Solving node: 3*9
x: 3
y: 9
Solving node: 8*1
x: 8
y: 1
Solving node: 27-5
x: 27
y: 5
Solving node: 22+8
x: 22
y: 8
Solving node: 30+6
x: 30
y: 6
Solving node: 36-1
x: 36
y: 1
Solving node: 35+5
x: 35
y: 5
Solving node: 40-2
x: 40
y: 2
Solving node: 3*9
x: 3
y: 9
Solving node: 8*1
x: 8
y: 1
Solving node: 27-5
x: 27
y: 5
Solving node: 22+8
x: 22
y: 8
Solving node: 30+6
x: 30
y: 6
Solving node: 36-1
x: 36
y: 1
Solving node: 35+5
x: 35
y: 5
Solving node: 40-2
x: 40
y: 2
Solving node: 3*9
x: 3
y: 9
Solving node: 8*1
x: 8
y: 1
Solving node: 27-5
x: 27
y: 5
Solving node: 22+8
x: 22
y: 8
Solving node: 30+6
x: 30
y: 6
Solving node: 36-1
x: 36
y: 1
Solving node: 35+5
x: 35
y: 5
Difference: 40-2
Calculating: 3*9-5+8*1+6-1+5-2+4
Solving node: 3*9
x: 3
y: 9
Solving node: 8*1
x: 8
y: 1
Solving node: 27-5
x: 27
y: 5
Solving node: 22+8
x: 22
y: 8
Solving node: 30+6
x: 30
y: 6
Solving node: 36-1
x: 36
y: 1
Solving node: 35+5
x: 35
y: 5
Solving node: 40-2
x: 40
y: 2
Solving node: 38+4
x: 38
y: 4
Solving node: 3*9
x: 3
y: 9
Solving node: 8*1
x: 8
y: 1
Solving node: 27-5
x: 27
y: 5
Solving node: 22+8
x: 22
y: 8
Solving node: 30+6
x: 30
y: 6
Solving node: 36-1
x: 36
y: 1
Solving node: 35+5
x: 35
y: 5
Solving node: 40-2
x: 40
y: 2
Solving node: 3*9
x: 3
y: 9
Solving node: 8*1
x: 8
y: 1
Solving node: 27-5
x: 27
y: 5
Solving node: 22+8
x: 22
y: 8
Solving node: 30+6
x: 30
y: 6
Solving node: 36-1
x: 36
y: 1
Solving node: 35+5
x: 35
y: 5
Solving node: 40-2
x: 40
y: 2
Solving node: 38+4
x: 38
y: 4
Difference: 42
Using default bounds (multiplication)
Calculating: 3*9-5+8*1+6-1+5-2+4*7
Solving node: 3*9
x: 3
y: 9
Solving node: 8*1
x: 8
y: 1
Solving node: 4*7
x: 4
y: 7
Solving node: 27-5
x: 27
y: 5
Solving node: 22+8
x: 22
y: 8
Solving node: 30+6
x: 30
y: 6
Solving node: 36-1
x: 36
y: 1
Solving node: 35+5
x: 35
y: 5
Solving node: 40-2
x: 40
y: 2
Solving node: 38+28
x: 38
y: 28
Solving node: 3*9
x: 3
y: 9
Solving node: 8*1
x: 8
y: 1
Solving node: 4*7
x: 4
y: 7
Solving node: 27-5
x: 27
y: 5
Solving node: 22+8
x: 22
y: 8
Solving node: 30+6
x: 30
y: 6
Solving node: 36-1
x: 36
y: 1
Solving node: 35+5
x: 35
y: 5
Solving node: 40-2
x: 40
y: 2
Solving node: 3*9
x: 3
y: 9
Solving node: 8*1
x: 8
y: 1
Solving node: 4*7
x: 4
y: 7
Solving node: 27-5
x: 27
y: 5
Solving node: 22+8
x: 22
y: 8
Solving node: 30+6
x: 30
y: 6
Solving node: 36-1
x: 36
y: 1
Solving node: 35+5
x: 35
y: 5
Solving node: 40-2
x: 40
y: 2
Solving node: 38+28
x: 38
y: 28
Difference: 66
Last: 7; Last sum: 28
Calculating: 3*9-5+8*1+6-1+5-2+4*7-5
Solving node: 3*9
x: 3
y: 9
Solving node: 8*1
x: 8
y: 1
Solving node: 4*7
x: 4
y: 7
Solving node: 27-5
x: 27
y: 5
Solving node: 22+8
x: 22
y: 8
Solving node: 30+6
x: 30
y: 6
Solving node: 36-1
x: 36
y: 1
Solving node: 35+5
x: 35
y: 5
Solving node: 40-2
x: 40
y: 2
Solving node: 38+28
x: 38
y: 28
Solving node: 66-5
x: 66
y: 5
Solving node: 3*9
x: 3
y: 9
Solving node: 8*1
x: 8
y: 1
Solving node: 4*7
x: 4
y: 7
Solving node: 27-5
x: 27
y: 5
Solving node: 22+8
x: 22
y: 8
Solving node: 30+6
x: 30
y: 6
Solving node: 36-1
x: 36
y: 1
Solving node: 35+5
x: 35
y: 5
Solving node: 40-2
x: 40
y: 2
Solving node: 38+28
x: 38
y: 28
Solving node: 66-5
x: 66
y: 5
Solving node: 3*9
x: 3
y: 9
Solving node: 8*1
x: 8
y: 1
Solving node: 4*7
x: 4
y: 7
Solving node: 27-5
x: 27
y: 5
Solving node: 22+8
x: 22
y: 8
Solving node: 30+6
x: 30
y: 6
Solving node: 36-1
x: 36
y: 1
Solving node: 35+5
x: 35
y: 5
Solving node: 40-2
x: 40
y: 2
Solving node: 38+28
x: 38
y: 28
Difference: 66-5
Calculating: 3*9-5+8*1+6-1+5-2+4*7-5+1
Solving node: 3*9
x: 3
y: 9
Solving node: 8*1
x: 8
y: 1
Solving node: 4*7
x: 4
y: 7
Solving node: 27-5
x: 27
y: 5
Solving node: 22+8
x: 22
y: 8
Solving node: 30+6
x: 30
y: 6
Solving node: 36-1
x: 36
y: 1
Solving node: 35+5
x: 35
y: 5
Solving node: 40-2
x: 40
y: 2
Solving node: 38+28
x: 38
y: 28
Solving node: 66-5
x: 66
y: 5
Solving node: 61+1
x: 61
y: 1
Solving node: 3*9
x: 3
y: 9
Solving node: 8*1
x: 8
y: 1
Solving node: 4*7
x: 4
y: 7
Solving node: 27-5
x: 27
y: 5
Solving node: 22+8
x: 22
y: 8
Solving node: 30+6
x: 30
y: 6
Solving node: 36-1
x: 36
y: 1
Solving node: 35+5
x: 35
y: 5
Solving node: 40-2
x: 40
y: 2
Solving node: 38+28
x: 38
y: 28
Solving node: 66-5
x: 66
y: 5
Solving node: 3*9
x: 3
y: 9
Solving node: 8*1
x: 8
y: 1
Solving node: 4*7
x: 4
y: 7
Solving node: 27-5
x: 27
y: 5
Solving node: 22+8
x: 22
y: 8
Solving node: 30+6
x: 30
y: 6
Solving node: 36-1
x: 36
y: 1
Solving node: 35+5
x: 35
y: 5
Solving node: 40-2
x: 40
y: 2
Solving node: 38+28
x: 38
y: 28
Solving node: 66-5
x: 66
y: 5
Solving node: 61+1
x: 61
y: 1
Difference: 62
Using default bounds (multiplication)
Calculating: 3*9-5+8*1+6-1+5-2+4*7-5+1*1
Solving node: 3*9
x: 3
y: 9
Solving node: 8*1
x: 8
y: 1
Solving node: 4*7
x: 4
y: 7
Solving node: 1*1
x: 1
y: 1
Solving node: 27-5
x: 27
y: 5
Solving node: 22+8
x: 22
y: 8
Solving node: 30+6
x: 30
y: 6
Solving node: 36-1
x: 36
y: 1
Solving node: 35+5
x: 35
y: 5
Solving node: 40-2
x: 40
y: 2
Solving node: 38+28
x: 38
y: 28
Solving node: 66-5
x: 66
y: 5
Solving node: 61+1
x: 61
y: 1
Solving node: 3*9
x: 3
y: 9
Solving node: 8*1
x: 8
y: 1
Solving node: 4*7
x: 4
y: 7
Solving node: 1*1
x: 1
y: 1
Solving node: 27-5
x: 27
y: 5
Solving node: 22+8
x: 22
y: 8
Solving node: 30+6
x: 30
y: 6
Solving node: 36-1
x: 36
y: 1
Solving node: 35+5
x: 35
y: 5
Solving node: 40-2
x: 40
y: 2
Solving node: 38+28
x: 38
y: 28
Solving node: 66-5
x: 66
y: 5
Solving node: 3*9
x: 3
y: 9
Solving node: 8*1
x: 8
y: 1
Solving node: 4*7
x: 4
y: 7
Solving node: 1*1
x: 1
y: 1
Solving node: 27-5
x: 27
y: 5
Solving node: 22+8
x: 22
y: 8
Solving node: 30+6
x: 30
y: 6
Solving node: 36-1
x: 36
y: 1
Solving node: 35+5
x: 35
y: 5
Solving node: 40-2
x: 40
y: 2
Solving node: 38+28
x: 38
y: 28
Solving node: 66-5
x: 66
y: 5
Solving node: 61+1
x: 61
y: 1
Difference: 62
Calculating: 3*9-5+8*1+6-1+5-2+4*7-5+1*1+2
Solving node: 3*9
x: 3
y: 9
Solving node: 8*1
x: 8
y: 1
Solving node: 4*7
x: 4
y: 7
Solving node: 1*1
x: 1
y: 1
Solving node: 27-5
x: 27
y: 5
Solving node: 22+8
x: 22
y: 8
Solving node: 30+6
x: 30
y: 6
Solving node: 36-1
x: 36
y: 1
Solving node: 35+5
x: 35
y: 5
Solving node: 40-2
x: 40
y: 2
Solving node: 38+28
x: 38
y: 28
Solving node: 66-5
x: 66
y: 5
Solving node: 61+1
x: 61
y: 1
Solving node: 62+2
x: 62
y: 2
Solving node: 3*9
x: 3
y: 9
Solving node: 8*1
x: 8
y: 1
Solving node: 4*7
x: 4
y: 7
Solving node: 1*1
x: 1
y: 1
Solving node: 27-5
x: 27
y: 5
Solving node: 22+8
x: 22
y: 8
Solving node: 30+6
x: 30
y: 6
Solving node: 36-1
x: 36
y: 1
Solving node: 35+5
x: 35
y: 5
Solving node: 40-2
x: 40
y: 2
Solving node: 38+28
x: 38
y: 28
Solving node: 66-5
x: 66
y: 5
Solving node: 3*9
x: 3
y: 9
Solving node: 8*1
x: 8
y: 1
Solving node: 4*7
x: 4
y: 7
Solving node: 1*1
x: 1
y: 1
Solving node: 27-5
x: 27
y: 5
Solving node: 22+8
x: 22
y: 8
Solving node: 30+6
x: 30
y: 6
Solving node: 36-1
x: 36
y: 1
Solving node: 35+5
x: 35
y: 5
Solving node: 40-2
x: 40
y: 2
Solving node: 38+28
x: 38
y: 28
Solving node: 66-5
x: 66
y: 5
Solving node: 61+1
x: 61
y: 1
Solving node: 62+2
x: 62
y: 2
Difference: 64
Using default bounds (multiplication)
Calculating: 3*9-5+8*1+6-1+5-2+4*7-5+1*1+2*2
Solving node: 3*9
x: 3
y: 9
Solving node: 8*1
x: 8
y: 1
Solving node: 4*7
x: 4
y: 7
Solving node: 1*1
x: 1
y: 1
Solving node: 2*2
x: 2
y: 2
Solving node: 27-5
x: 27
y: 5
Solving node: 22+8
x: 22
y: 8
Solving node: 30+6
x: 30
y: 6
Solving node: 36-1
x: 36
y: 1
Solving node: 35+5
x: 35
y: 5
Solving node: 40-2
x: 40
y: 2
Solving node: 38+28
x: 38
y: 28
Solving node: 66-5
x: 66
y: 5
Solving node: 61+1
x: 61
y: 1
Solving node: 62+4
x: 62
y: 4
Solving node: 3*9
x: 3
y: 9
Solving node: 8*1
x: 8
y: 1
Solving node: 4*7
x: 4
y: 7
Solving node: 1*1
x: 1
y: 1
Solving node: 2*2
x: 2
y: 2
Solving node: 27-5
x: 27
y: 5
Solving node: 22+8
x: 22
y: 8
Solving node: 30+6
x: 30
y: 6
Solving node: 36-1
x: 36
y: 1
Solving node: 35+5
x: 35
y: 5
Solving node: 40-2
x: 40
y: 2
Solving node: 38+28
x: 38
y: 28
Solving node: 66-5
x: 66
y: 5
Solving node: 3*9
x: 3
y: 9
Solving node: 8*1
x: 8
y: 1
Solving node: 4*7
x: 4
y: 7
Solving node: 1*1
x: 1
y: 1
Solving node: 2*2
x: 2
y: 2
Solving node: 27-5
x: 27
y: 5
Solving node: 22+8
x: 22
y: 8
Solving node: 30+6
x: 30
y: 6
Solving node: 36-1
x: 36
y: 1
Solving node: 35+5
x: 35
y: 5
Solving node: 40-2
x: 40
y: 2
Solving node: 38+28
x: 38
y: 28
Solving node: 66-5
x: 66
y: 5
Solving node: 61+1
x: 61
y: 1
Solving node: 62+4
x: 62
y: 4
Difference: 66
Calculating: 3*9-5+8*1+6-1+5-2+4*7-5+1*1+2*2+6
Solving node: 3*9
x: 3
y: 9
Solving node: 8*1
x: 8
y: 1
Solving node: 4*7
x: 4
y: 7
Solving node: 1*1
x: 1
y: 1
Solving node: 2*2
x: 2
y: 2
Solving node: 27-5
x: 27
y: 5
Solving node: 22+8
x: 22
y: 8
Solving node: 30+6
x: 30
y: 6
Solving node: 36-1
x: 36
y: 1
Solving node: 35+5
x: 35
y: 5
Solving node: 40-2
x: 40
y: 2
Solving node: 38+28
x: 38
y: 28
Solving node: 66-5
x: 66
y: 5
Solving node: 61+1
x: 61
y: 1
Solving node: 62+4
x: 62
y: 4
Solving node: 66+6
x: 66
y: 6
Originallösung: 3*9-5+8*1+6-1+5-2+4*7-5+1*1+2*2+6 = 72
[45/100] 3*9-5+8*1+6-1+5-2+4*7-5+1*1+2*2+6
Testing equation: 3*9-5+8*1+6-1+5-2+4*7-5+1*1+2*2+6
Checking node: 3*9
Solving node: 3*9
x: 3
y: 9
Checking node: 8*1
Solving node: 8*1
x: 8
y: 1
Checking node: 4*7
Solving node: 4*7
x: 4
y: 7
Checking node: 1*1
Solving node: 1*1
x: 1
y: 1
Checking node: 2*2
Solving node: 2*2
x: 2
y: 2
Checking node: 27-5
Solving node: 27-5
x: 27
y: 5
Checking node: 22+8
Solving node: 22+8
x: 22
y: 8
Checking node: 30+6
Solving node: 30+6
x: 30
y: 6
Checking node: 36-1
Solving node: 36-1
x: 36
y: 1
Checking node: 35+5
Solving node: 35+5
x: 35
y: 5
Checking node: 40-2
Solving node: 40-2
x: 40
y: 2
Checking node: 38+28
Solving node: 38+28
x: 38
y: 28
Checking node: 66-5
Solving node: 66-5
x: 66
y: 5
Checking node: 61+1
Solving node: 61+1
x: 61
y: 1
Checking node: 62+4
Solving node: 62+4
x: 62
y: 4
Checking node: 66+6
Solving node: 66+6
x: 66
y: 6
Checking node: 3*9
Checking node: 9-5
Checking node: 5+8
Checking node: 8*1
Checking node: 1+6
Checking node: 6-1
Checking node: 1+5
Checking node: 5-2
Checking node: 2+4
Checking node: 4*7
Checking node: 7-5
Checking node: 5+1
Checking node: 1*1
Checking node: 1+2
Checking node: 2*2
Checking node: 2+6
Difference: 2
Calculating: 2+4
Solving node: 2+4
x: 2
y: 4
Solving node: 2+4
x: 2
y: 4
Difference: 6
Last: 4; Last sum: 4
Calculating: 2+4-2
Solving node: 2+4
x: 2
y: 4
Solving node: 6-2
x: 6
y: 2
Solving node: 2+4
x: 2
y: 4
Solving node: 6-2
x: 6
y: 2
Solving node: 2+4
x: 2
y: 4
Difference: 6-2
Calculating: 2+4-2+5
Solving node: 2+4
x: 2
y: 4
Solving node: 6-2
x: 6
y: 2
Solving node: 4+5
x: 4
y: 5
Solving node: 2+4
x: 2
y: 4
Solving node: 6-2
x: 6
y: 2
Solving node: 2+4
x: 2
y: 4
Solving node: 6-2
x: 6
y: 2
Solving node: 4+5
x: 4
y: 5
Difference: 9
Using default bounds (multiplication)
Calculating: 2+4-2+5*2
Solving node: 5*2
x: 5
y: 2
Solving node: 2+4
x: 2
y: 4
Solving node: 6-2
x: 6
y: 2
Solving node: 4+10
x: 4
y: 10
Solving node: 5*2
x: 5
y: 2
Solving node: 2+4
x: 2
y: 4
Solving node: 6-2
x: 6
y: 2
Solving node: 5*2
x: 5
y: 2
Solving node: 2+4
x: 2
y: 4
Solving node: 6-2
x: 6
y: 2
Solving node: 4+10
x: 4
y: 10
Difference: 14
Calculating: 2+4-2+5*2+1
Solving node: 5*2
x: 5
y: 2
Solving node: 2+4
x: 2
y: 4
Solving node: 6-2
x: 6
y: 2
Solving node: 4+10
x: 4
y: 10
Solving node: 14+1
x: 14
y: 1
Solving node: 5*2
x: 5
y: 2
Solving node: 2+4
x: 2
y: 4
Solving node: 6-2
x: 6
y: 2
Solving node: 5*2
x: 5
y: 2
Solving node: 2+4
x: 2
y: 4
Solving node: 6-2
x: 6
y: 2
Solving node: 4+10
x: 4
y: 10
Solving node: 14+1
x: 14
y: 1
Difference: 15
Using default bounds (multiplication)
Calculating: 2+4-2+5*2+1*7
Solving node: 5*2
x: 5
y: 2
Solving node: 1*7
x: 1
y: 7
Solving node: 2+4
x: 2
y: 4
Solving node: 6-2
x: 6
y: 2
Solving node: 4+10
x: 4
y: 10
Solving node: 14+7
x: 14
y: 7
Solving node: 5*2
x: 5
y: 2
Solving node: 1*7
x: 1
y: 7
Solving node: 2+4
x: 2
y: 4
Solving node: 6-2
x: 6
y: 2
Solving node: 5*2
x: 5
y: 2
Solving node: 1*7
x: 1
y: 7
Solving node: 2+4
x: 2
y: 4
Solving node: 6-2
x: 6
y: 2
Solving node: 4+10
x: 4
y: 10
Solving node: 14+7
x: 14
y: 7
Difference: 21
Last: 7; Last sum: 7
Calculating: 2+4-2+5*2+1*7-1
Solving node: 5*2
x: 5
y: 2
Solving node: 1*7
x: 1
y: 7
Solving node: 2+4
x: 2
y: 4
Solving node: 6-2
x: 6
y: 2
Solving node: 4+10
x: 4
y: 10
Solving node: 14+7
x: 14
y: 7
Solving node: 21-1
x: 21
y: 1
Solving node: 5*2
x: 5
y: 2
Solving node: 1*7
x: 1
y: 7
Solving node: 2+4
x: 2
y: 4
Solving node: 6-2
x: 6
y: 2
Solving node: 4+10
x: 4
y: 10
Solving node: 14+7
x: 14
y: 7
Solving node: 21-1
x: 21
y: 1
Solving node: 5*2
x: 5
y: 2
Solving node: 1*7
x: 1
y: 7
Solving node: 2+4
x: 2
y: 4
Solving node: 6-2
x: 6
y: 2
Solving node: 4+10
x: 4
y: 10
Solving node: 14+7
x: 14
y: 7
Difference: 21-1
Calculating: 2+4-2+5*2+1*7-1+4
Solving node: 5*2
x: 5
y: 2
Solving node: 1*7
x: 1
y: 7
Solving node: 2+4
x: 2
y: 4
Solving node: 6-2
x: 6
y: 2
Solving node: 4+10
x: 4
y: 10
Solving node: 14+7
x: 14
y: 7
Solving node: 21-1
x: 21
y: 1
Solving node: 20+4
x: 20
y: 4
Solving node: 5*2
x: 5
y: 2
Solving node: 1*7
x: 1
y: 7
Solving node: 2+4
x: 2
y: 4
Solving node: 6-2
x: 6
y: 2
Solving node: 4+10
x: 4
y: 10
Solving node: 14+7
x: 14
y: 7
Solving node: 21-1
x: 21
y: 1
Solving node: 5*2
x: 5
y: 2
Solving node: 1*7
x: 1
y: 7
Solving node: 2+4
x: 2
y: 4
Solving node: 6-2
x: 6
y: 2
Solving node: 4+10
x: 4
y: 10
Solving node: 14+7
x: 14
y: 7
Solving node: 21-1
x: 21
y: 1
Solving node: 20+4
x: 20
y: 4
Difference: 24
Last: 4; Last sum: 4
Calculating: 2+4-2+5*2+1*7-1+4-3
Solving node: 5*2
x: 5
y: 2
Solving node: 1*7
x: 1
y: 7
Solving node: 2+4
x: 2
y: 4
Solving node: 6-2
x: 6
y: 2
Solving node: 4+10
x: 4
y: 10
Solving node: 14+7
x: 14
y: 7
Solving node: 21-1
x: 21
y: 1
Solving node: 20+4
x: 20
y: 4
Solving node: 24-3
x: 24
y: 3
Solving node: 5*2
x: 5
y: 2
Solving node: 1*7
x: 1
y: 7
Solving node: 2+4
x: 2
y: 4
Solving node: 6-2
x: 6
y: 2
Solving node: 4+10
x: 4
y: 10
Solving node: 14+7
x: 14
y: 7
Solving node: 21-1
x: 21
y: 1
Solving node: 20+4
x: 20
y: 4
Solving node: 24-3
x: 24
y: 3
Solving node: 5*2
x: 5
y: 2
Solving node: 1*7
x: 1
y: 7
Solving node: 2+4
x: 2
y: 4
Solving node: 6-2
x: 6
y: 2
Solving node: 4+10
x: 4
y: 10
Solving node: 14+7
x: 14
y: 7
Solving node: 21-1
x: 21
y: 1
Solving node: 20+4
x: 20
y: 4
Difference: 24-3
Calculating: 2+4-2+5*2+1*7-1+4-3+9
Solving node: 5*2
x: 5
y: 2
Solving node: 1*7
x: 1
y: 7
Solving node: 2+4
x: 2
y: 4
Solving node: 6-2
x: 6
y: 2
Solving node: 4+10
x: 4
y: 10
Solving node: 14+7
x: 14
y: 7
Solving node: 21-1
x: 21
y: 1
Solving node: 20+4
x: 20
y: 4
Solving node: 24-3
x: 24
y: 3
Solving node: 21+9
x: 21
y: 9
Solving node: 5*2
x: 5
y: 2
Solving node: 1*7
x: 1
y: 7
Solving node: 2+4
x: 2
y: 4
Solving node: 6-2
x: 6
y: 2
Solving node: 4+10
x: 4
y: 10
Solving node: 14+7
x: 14
y: 7
Solving node: 21-1
x: 21
y: 1
Solving node: 20+4
x: 20
y: 4
Solving node: 24-3
x: 24
y: 3
Solving node: 5*2
x: 5
y: 2
Solving node: 1*7
x: 1
y: 7
Solving node: 2+4
x: 2
y: 4
Solving node: 6-2
x: 6
y: 2
Solving node: 4+10
x: 4
y: 10
Solving node: 14+7
x: 14
y: 7
Solving node: 21-1
x: 21
y: 1
Solving node: 20+4
x: 20
y: 4
Solving node: 24-3
x: 24
y: 3
Solving node: 21+9
x: 21
y: 9
Difference: 30
Last: 9; Last sum: 9
Calculating: 2+4-2+5*2+1*7-1+4-3+9-7
Solving node: 5*2
x: 5
y: 2
Solving node: 1*7
x: 1
y: 7
Solving node: 2+4
x: 2
y: 4
Solving node: 6-2
x: 6
y: 2
Solving node: 4+10
x: 4
y: 10
Solving node: 14+7
x: 14
y: 7
Solving node: 21-1
x: 21
y: 1
Solving node: 20+4
x: 20
y: 4
Solving node: 24-3
x: 24
y: 3
Solving node: 21+9
x: 21
y: 9
Solving node: 30-7
x: 30
y: 7
Solving node: 5*2
x: 5
y: 2
Solving node: 1*7
x: 1
y: 7
Solving node: 2+4
x: 2
y: 4
Solving node: 6-2
x: 6
y: 2
Solving node: 4+10
x: 4
y: 10
Solving node: 14+7
x: 14
y: 7
Solving node: 21-1
x: 21
y: 1
Solving node: 20+4
x: 20
y: 4
Solving node: 24-3
x: 24
y: 3
Solving node: 21+9
x: 21
y: 9
Solving node: 30-7
x: 30
y: 7
Solving node: 5*2
x: 5
y: 2
Solving node: 1*7
x: 1
y: 7
Solving node: 2+4
x: 2
y: 4
Solving node: 6-2
x: 6
y: 2
Solving node: 4+10
x: 4
y: 10
Solving node: 14+7
x: 14
y: 7
Solving node: 21-1
x: 21
y: 1
Solving node: 20+4
x: 20
y: 4
Solving node: 24-3
x: 24
y: 3
Solving node: 21+9
x: 21
y: 9
Difference: 30-7
Calculating bounds (multiplication)
Previous index: -1 | Last operator index: 2
Upper bound: 3
Calculating: 2+4-2+5*2+1*7-1+4-3+9-7*2
Solving node: 5*2
x: 5
y: 2
Solving node: 1*7
x: 1
y: 7
Solving node: 7*2
x: 7
y: 2
Solving node: 2+4
x: 2
y: 4
Solving node: 6-2
x: 6
y: 2
Solving node: 4+10
x: 4
y: 10
Solving node: 14+7
x: 14
y: 7
Solving node: 21-1
x: 21
y: 1
Solving node: 20+4
x: 20
y: 4
Solving node: 24-3
x: 24
y: 3
Solving node: 21+9
x: 21
y: 9
Solving node: 30-14
x: 30
y: 14
Solving node: 5*2
x: 5
y: 2
Solving node: 1*7
x: 1
y: 7
Solving node: 7*2
x: 7
y: 2
Solving node: 2+4
x: 2
y: 4
Solving node: 6-2
x: 6
y: 2
Solving node: 4+10
x: 4
y: 10
Solving node: 14+7
x: 14
y: 7
Solving node: 21-1
x: 21
y: 1
Solving node: 20+4
x: 20
y: 4
Solving node: 24-3
x: 24
y: 3
Solving node: 21+9
x: 21
y: 9
Solving node: 30-14
x: 30
y: 14
Solving node: 5*2
x: 5
y: 2
Solving node: 1*7
x: 1
y: 7
Solving node: 7*2
x: 7
y: 2
Solving node: 2+4
x: 2
y: 4
Solving node: 6-2
x: 6
y: 2
Solving node: 4+10
x: 4
y: 10
Solving node: 14+7
x: 14
y: 7
Solving node: 21-1
x: 21
y: 1
Solving node: 20+4
x: 20
y: 4
Solving node: 24-3
x: 24
y: 3
Solving node: 21+9
x: 21
y: 9
Difference: 30-14
Calculating: 2+4-2+5*2+1*7-1+4-3+9-7*2+3
Solving node: 5*2
x: 5
y: 2
Solving node: 1*7
x: 1
y: 7
Solving node: 7*2
x: 7
y: 2
Solving node: 2+4
x: 2
y: 4
Solving node: 6-2
x: 6
y: 2
Solving node: 4+10
x: 4
y: 10
Solving node: 14+7
x: 14
y: 7
Solving node: 21-1
x: 21
y: 1
Solving node: 20+4
x: 20
y: 4
Solving node: 24-3
x: 24
y: 3
Solving node: 21+9
x: 21
y: 9
Solving node: 30-14
x: 30
y: 14
Solving node: 16+3
x: 16
y: 3
Solving node: 5*2
x: 5
y: 2
Solving node: 1*7
x: 1
y: 7
Solving node: 7*2
x: 7
y: 2
Solving node: 2+4
x: 2
y: 4
Solving node: 6-2
x: 6
y: 2
Solving node: 4+10
x: 4
y: 10
Solving node: 14+7
x: 14
y: 7
Solving node: 21-1
x: 21
y: 1
Solving node: 20+4
x: 20
y: 4
Solving node: 24-3
x: 24
y: 3
Solving node: 21+9
x: 21
y: 9
Solving node: 30-14
x: 30
y: 14
Solving node: 5*2
x: 5
y: 2
Solving node: 1*7
x: 1
y: 7
Solving node: 7*2
x: 7
y: 2
Solving node: 2+4
x: 2
y: 4
Solving node: 6-2
x: 6
y: 2
Solving node: 4+10
x: 4
y: 10
Solving node: 14+7
x: 14
y: 7
Solving node: 21-1
x: 21
y: 1
Solving node: 20+4
x: 20
y: 4
Solving node: 24-3
x: 24
y: 3
Solving node: 21+9
x: 21
y: 9
Solving node: 30-14
x: 30
y: 14
Solving node: 16+3
x: 16
y: 3
Difference: 19
Last: 3; Last sum: 3
Calculating: 2+4-2+5*2+1*7-1+4-3+9-7*2+3-1
Solving node: 5*2
x: 5
y: 2
Solving node: 1*7
x: 1
y: 7
Solving node: 7*2
x: 7
y: 2
Solving node: 2+4
x: 2
y: 4
Solving node: 6-2
x: 6
y: 2
Solving node: 4+10
x: 4
y: 10
Solving node: 14+7
x: 14
y: 7
Solving node: 21-1
x: 21
y: 1
Solving node: 20+4
x: 20
y: 4
Solving node: 24-3
x: 24
y: 3
Solving node: 21+9
x: 21
y: 9
Solving node: 30-14
x: 30
y: 14
Solving node: 16+3
x: 16
y: 3
Solving node: 19-1
x: 19
y: 1
Solving node: 5*2
x: 5
y: 2
Solving node: 1*7
x: 1
y: 7
Solving node: 7*2
x: 7
y: 2
Solving node: 2+4
x: 2
y: 4
Solving node: 6-2
x: 6
y: 2
Solving node: 4+10
x: 4
y: 10
Solving node: 14+7
x: 14
y: 7
Solving node: 21-1
x: 21
y: 1
Solving node: 20+4
x: 20
y: 4
Solving node: 24-3
x: 24
y: 3
Solving node: 21+9
x: 21
y: 9
Solving node: 30-14
x: 30
y: 14
Solving node: 16+3
x: 16
y: 3
Solving node: 19-1
x: 19
y: 1
Solving node: 5*2
x: 5
y: 2
Solving node: 1*7
x: 1
y: 7
Solving node: 7*2
x: 7
y: 2
Solving node: 2+4
x: 2
y: 4
Solving node: 6-2
x: 6
y: 2
Solving node: 4+10
x: 4
y: 10
Solving node: 14+7
x: 14
y: 7
Solving node: 21-1
x: 21
y: 1
Solving node: 20+4
x: 20
y: 4
Solving node: 24-3
x: 24
y: 3
Solving node: 21+9
x: 21
y: 9
Solving node: 30-14
x: 30
y: 14
Solving node: 16+3
x: 16
y: 3
Difference: 19-1
Calculating bounds (multiplication)
Previous index: -1 | Last operator index: 2
Upper bound: 1
Solving node: 5*2
x: 5
y: 2
Solving node: 1*7
x: 1
y: 7
Solving node: 7*2
x: 7
y: 2
Solving node: 2+4
x: 2
y: 4
Solving node: 6-2
x: 6
y: 2
Solving node: 4+10
x: 4
y: 10
Solving node: 14+7
x: 14
y: 7
Solving node: 21-1
x: 21
y: 1
Solving node: 20+4
x: 20
y: 4
Solving node: 24-3
x: 24
y: 3
Solving node: 21+9
x: 21
y: 9
Solving node: 30-14
x: 30
y: 14
Solving node: 16+3
x: 16
y: 3
Solving node: 19-1
x: 19
y: 1
Solving node: 5*2
x: 5
y: 2
Solving node: 1*7
x: 1
y: 7
Solving node: 7*2
x: 7
y: 2
Solving node: 2+4
x: 2
y: 4
Solving node: 6-2
x: 6
y: 2
Solving node: 4+10
x: 4
y: 10
Solving node: 14+7
x: 14
y: 7
Solving node: 21-1
x: 21
y: 1
Solving node: 20+4
x: 20
y: 4
Solving node: 24-3
x: 24
y: 3
Solving node: 21+9
x: 21
y: 9
Solving node: 30-14
x: 30
y: 14
Solving node: 16+3
x: 16
y: 3
Difference: 19-1
Calculating: 2+4-2+5*2+1*7-1+4-3+9-7*2+3-1+6
Solving node: 5*2
x: 5
y: 2
Solving node: 1*7
x: 1
y: 7
Solving node: 7*2
x: 7
y: 2
Solving node: 2+4
x: 2
y: 4
Solving node: 6-2
x: 6
y: 2
Solving node: 4+10
x: 4
y: 10
Solving node: 14+7
x: 14
y: 7
Solving node: 21-1
x: 21
y: 1
Solving node: 20+4
x: 20
y: 4
Solving node: 24-3
x: 24
y: 3
Solving node: 21+9
x: 21
y: 9
Solving node: 30-14
x: 30
y: 14
Solving node: 16+3
x: 16
y: 3
Solving node: 19-1
x: 19
y: 1
Solving node: 18+6
x: 18
y: 6
Solving node: 5*2
x: 5
y: 2
Solving node: 1*7
x: 1
y: 7
Solving node: 7*2
x: 7
y: 2
Solving node: 2+4
x: 2
y: 4
Solving node: 6-2
x: 6
y: 2
Solving node: 4+10
x: 4
y: 10
Solving node: 14+7
x: 14
y: 7
Solving node: 21-1
x: 21
y: 1
Solving node: 20+4
x: 20
y: 4
Solving node: 24-3
x: 24
y: 3
Solving node: 21+9
x: 21
y: 9
Solving node: 30-14
x: 30
y: 14
Solving node: 16+3
x: 16
y: 3
Solving node: 19-1
x: 19
y: 1
Solving node: 5*2
x: 5
y: 2
Solving node: 1*7
x: 1
y: 7
Solving node: 7*2
x: 7
y: 2
Solving node: 2+4
x: 2
y: 4
Solving node: 6-2
x: 6
y: 2
Solving node: 4+10
x: 4
y: 10
Solving node: 14+7
x: 14
y: 7
Solving node: 21-1
x: 21
y: 1
Solving node: 20+4
x: 20
y: 4
Solving node: 24-3
x: 24
y: 3
Solving node: 21+9
x: 21
y: 9
Solving node: 30-14
x: 30
y: 14
Solving node: 16+3
x: 16
y: 3
Solving node: 19-1
x: 19
y: 1
Solving node: 18+6
x: 18
y: 6
Difference: 24
Last: 6; Last sum: 6
Calculating: 2+4-2+5*2+1*7-1+4-3+9-7*2+3-1+6-4
Solving node: 5*2
x: 5
y: 2
Solving node: 1*7
x: 1
y: 7
Solving node: 7*2
x: 7
y: 2
Solving node: 2+4
x: 2
y: 4
Solving node: 6-2
x: 6
y: 2
Solving node: 4+10
x: 4
y: 10
Solving node: 14+7
x: 14
y: 7
Solving node: 21-1
x: 21
y: 1
Solving node: 20+4
x: 20
y: 4
Solving node: 24-3
x: 24
y: 3
Solving node: 21+9
x: 21
y: 9
Solving node: 30-14
x: 30
y: 14
Solving node: 16+3
x: 16
y: 3
Solving node: 19-1
x: 19
y: 1
Solving node: 18+6
x: 18
y: 6
Solving node: 24-4
x: 24
y: 4
Originallösung: 2+4-2+5*2+1*7-1+4-3+9-7*2+3-1+6-4 = 20
[46/100] 2+4-2+5*2+1*7-1+4-3+9-7*2+3-1+6-4
Testing equation: 2+4-2+5*2+1*7-1+4-3+9-7*2+3-1+6-4
Checking node: 5*2
Solving node: 5*2
x: 5
y: 2
Checking node: 1*7
Solving node: 1*7
x: 1
y: 7
Checking node: 7*2
Solving node: 7*2
x: 7
y: 2
Checking node: 2+4
Solving node: 2+4
x: 2
y: 4
Checking node: 6-2
Solving node: 6-2
x: 6
y: 2
Checking node: 4+10
Solving node: 4+10
x: 4
y: 10
Checking node: 14+7
Solving node: 14+7
x: 14
y: 7
Checking node: 21-1
Solving node: 21-1
x: 21
y: 1
Checking node: 20+4
Solving node: 20+4
x: 20
y: 4
Checking node: 24-3
Solving node: 24-3
x: 24
y: 3
Checking node: 21+9
Solving node: 21+9
x: 21
y: 9
Checking node: 30-14
Solving node: 30-14
x: 30
y: 14
Checking node: 16+3
Solving node: 16+3
x: 16
y: 3
Checking node: 19-1
Solving node: 19-1
x: 19
y: 1
Checking node: 18+6
Solving node: 18+6
x: 18
y: 6
Checking node: 24-4
Solving node: 24-4
x: 24
y: 4
Checking node: 2+4
Checking node: 4-2
Checking node: 2+5
Checking node: 5*2
Checking node: 2+1
Checking node: 1*7
Checking node: 7-1
Checking node: 1+4
Checking node: 4-3
Checking node: 3+9
Checking node: 9-7
Checking node: 7*2
Checking node: 2+3
Checking node: 3-1
Checking node: 1+6
Checking node: 6-4
Difference: 9
Using default bounds (multiplication)
Calculating: 9*7
Solving node: 9*7
x: 9
y: 7
Solving node: 9*7
x: 9
y: 7
Solving node: 9*7
x: 9
y: 7
Difference: 63
Last: 7; Last sum: 63
Calculating: 9*7-2
Solving node: 9*7
x: 9
y: 7
Solving node: 63-2
x: 63
y: 2
Solving node: 9*7
x: 9
y: 7
Solving node: 63-2
x: 63
y: 2
Solving node: 9*7
x: 9
y: 7
Difference: 63-2
Calculating: 9*7-2+6
Solving node: 9*7
x: 9
y: 7
Solving node: 63-2
x: 63
y: 2
Solving node: 61+6
x: 61
y: 6
Solving node: 9*7
x: 9
y: 7
Solving node: 63-2
x: 63
y: 2
Solving node: 9*7
x: 9
y: 7
Solving node: 63-2
x: 63
y: 2
Solving node: 61+6
x: 61
y: 6
Difference: 67
Last: 6; Last sum: 6
Calculating: 9*7-2+6-4
Solving node: 9*7
x: 9
y: 7
Solving node: 63-2
x: 63
y: 2
Solving node: 61+6
x: 61
y: 6
Solving node: 67-4
x: 67
y: 4
Solving node: 9*7
x: 9
y: 7
Solving node: 63-2
x: 63
y: 2
Solving node: 61+6
x: 61
y: 6
Solving node: 67-4
x: 67
y: 4
Solving node: 9*7
x: 9
y: 7
Solving node: 63-2
x: 63
y: 2
Solving node: 61+6
x: 61
y: 6
Difference: 67-4
Calculating: 9*7-2+6-4+5
Solving node: 9*7
x: 9
y: 7
Solving node: 63-2
x: 63
y: 2
Solving node: 61+6
x: 61
y: 6
Solving node: 67-4
x: 67
y: 4
Solving node: 63+5
x: 63
y: 5
Solving node: 9*7
x: 9
y: 7
Solving node: 63-2
x: 63
y: 2
Solving node: 61+6
x: 61
y: 6
Solving node: 67-4
x: 67
y: 4
Solving node: 9*7
x: 9
y: 7
Solving node: 63-2
x: 63
y: 2
Solving node: 61+6
x: 61
y: 6
Solving node: 67-4
x: 67
y: 4
Solving node: 63+5
x: 63
y: 5
Difference: 68
Last: 5; Last sum: 5
Calculating: 9*7-2+6-4+5-1
Solving node: 9*7
x: 9
y: 7
Solving node: 63-2
x: 63
y: 2
Solving node: 61+6
x: 61
y: 6
Solving node: 67-4
x: 67
y: 4
Solving node: 63+5
x: 63
y: 5
Solving node: 68-1
x: 68
y: 1
Solving node: 9*7
x: 9
y: 7
Solving node: 63-2
x: 63
y: 2
Solving node: 61+6
x: 61
y: 6
Solving node: 67-4
x: 67
y: 4
Solving node: 63+5
x: 63
y: 5
Solving node: 68-1
x: 68
y: 1
Solving node: 9*7
x: 9
y: 7
Solving node: 63-2
x: 63
y: 2
Solving node: 61+6
x: 61
y: 6
Solving node: 67-4
x: 67
y: 4
Solving node: 63+5
x: 63
y: 5
Difference: 68-1
Calculating: 9*7-2+6-4+5-1+7
Solving node: 9*7
x: 9
y: 7
Solving node: 63-2
x: 63
y: 2
Solving node: 61+6
x: 61
y: 6
Solving node: 67-4
x: 67
y: 4
Solving node: 63+5
x: 63
y: 5
Solving node: 68-1
x: 68
y: 1
Solving node: 67+7
x: 67
y: 7
Solving node: 9*7
x: 9
y: 7
Solving node: 63-2
x: 63
y: 2
Solving node: 61+6
x: 61
y: 6
Solving node: 67-4
x: 67
y: 4
Solving node: 63+5
x: 63
y: 5
Solving node: 68-1
x: 68
y: 1
Solving node: 9*7
x: 9
y: 7
Solving node: 63-2
x: 63
y: 2
Solving node: 61+6
x: 61
y: 6
Solving node: 67-4
x: 67
y: 4
Solving node: 63+5
x: 63
y: 5
Solving node: 68-1
x: 68
y: 1
Solving node: 67+7
x: 67
y: 7
Difference: 74
Last: 7; Last sum: 7
Calculating: 9*7-2+6-4+5-1+7-3
Solving node: 9*7
x: 9
y: 7
Solving node: 63-2
x: 63
y: 2
Solving node: 61+6
x: 61
y: 6
Solving node: 67-4
x: 67
y: 4
Solving node: 63+5
x: 63
y: 5
Solving node: 68-1
x: 68
y: 1
Solving node: 67+7
x: 67
y: 7
Solving node: 74-3
x: 74
y: 3
Solving node: 9*7
x: 9
y: 7
Solving node: 63-2
x: 63
y: 2
Solving node: 61+6
x: 61
y: 6
Solving node: 67-4
x: 67
y: 4
Solving node: 63+5
x: 63
y: 5
Solving node: 68-1
x: 68
y: 1
Solving node: 67+7
x: 67
y: 7
Solving node: 74-3
x: 74
y: 3
Solving node: 9*7
x: 9
y: 7
Solving node: 63-2
x: 63
y: 2
Solving node: 61+6
x: 61
y: 6
Solving node: 67-4
x: 67
y: 4
Solving node: 63+5
x: 63
y: 5
Solving node: 68-1
x: 68
y: 1
Solving node: 67+7
x: 67
y: 7
Difference: 74-3
Calculating bounds (multiplication)
Previous index: -1 | Last operator index: 2
Upper bound: 3
Calculating: 9*7-2+6-4+5-1+7-3*1
Solving node: 9*7
x: 9
y: 7
Solving node: 3*1
x: 3
y: 1
Solving node: 63-2
x: 63
y: 2
Solving node: 61+6
x: 61
y: 6
Solving node: 67-4
x: 67
y: 4
Solving node: 63+5
x: 63
y: 5
Solving node: 68-1
x: 68
y: 1
Solving node: 67+7
x: 67
y: 7
Solving node: 74-3
x: 74
y: 3
Solving node: 9*7
x: 9
y: 7
Solving node: 3*1
x: 3
y: 1
Solving node: 63-2
x: 63
y: 2
Solving node: 61+6
x: 61
y: 6
Solving node: 67-4
x: 67
y: 4
Solving node: 63+5
x: 63
y: 5
Solving node: 68-1
x: 68
y: 1
Solving node: 67+7
x: 67
y: 7
Solving node: 74-3
x: 74
y: 3
Solving node: 9*7
x: 9
y: 7
Solving node: 3*1
x: 3
y: 1
Solving node: 63-2
x: 63
y: 2
Solving node: 61+6
x: 61
y: 6
Solving node: 67-4
x: 67
y: 4
Solving node: 63+5
x: 63
y: 5
Solving node: 68-1
x: 68
y: 1
Solving node: 67+7
x: 67
y: 7
Difference: 74-3
Calculating: 9*7-2+6-4+5-1+7-3*1+2
Solving node: 9*7
x: 9
y: 7
Solving node: 3*1
x: 3
y: 1
Solving node: 63-2
x: 63
y: 2
Solving node: 61+6
x: 61
y: 6
Solving node: 67-4
x: 67
y: 4
Solving node: 63+5
x: 63
y: 5
Solving node: 68-1
x: 68
y: 1
Solving node: 67+7
x: 67
y: 7
Solving node: 74-3
x: 74
y: 3
Solving node: 71+2
x: 71
y: 2
Solving node: 9*7
x: 9
y: 7
Solving node: 3*1
x: 3
y: 1
Solving node: 63-2
x: 63
y: 2
Solving node: 61+6
x: 61
y: 6
Solving node: 67-4
x: 67
y: 4
Solving node: 63+5
x: 63
y: 5
Solving node: 68-1
x: 68
y: 1
Solving node: 67+7
x: 67
y: 7
Solving node: 74-3
x: 74
y: 3
Solving node: 9*7
x: 9
y: 7
Solving node: 3*1
x: 3
y: 1
Solving node: 63-2
x: 63
y: 2
Solving node: 61+6
x: 61
y: 6
Solving node: 67-4
x: 67
y: 4
Solving node: 63+5
x: 63
y: 5
Solving node: 68-1
x: 68
y: 1
Solving node: 67+7
x: 67
y: 7
Solving node: 74-3
x: 74
y: 3
Solving node: 71+2
x: 71
y: 2
Difference: 73
Using default bounds (multiplication)
Calculating: 9*7-2+6-4+5-1+7-3*1+2*3
Solving node: 9*7
x: 9
y: 7
Solving node: 3*1
x: 3
y: 1
Solving node: 2*3
x: 2
y: 3
Solving node: 63-2
x: 63
y: 2
Solving node: 61+6
x: 61
y: 6
Solving node: 67-4
x: 67
y: 4
Solving node: 63+5
x: 63
y: 5
Solving node: 68-1
x: 68
y: 1
Solving node: 67+7
x: 67
y: 7
Solving node: 74-3
x: 74
y: 3
Solving node: 71+6
x: 71
y: 6
Solving node: 9*7
x: 9
y: 7
Solving node: 3*1
x: 3
y: 1
Solving node: 2*3
x: 2
y: 3
Solving node: 63-2
x: 63
y: 2
Solving node: 61+6
x: 61
y: 6
Solving node: 67-4
x: 67
y: 4
Solving node: 63+5
x: 63
y: 5
Solving node: 68-1
x: 68
y: 1
Solving node: 67+7
x: 67
y: 7
Solving node: 74-3
x: 74
y: 3
Solving node: 9*7
x: 9
y: 7
Solving node: 3*1
x: 3
y: 1
Solving node: 2*3
x: 2
y: 3
Solving node: 63-2
x: 63
y: 2
Solving node: 61+6
x: 61
y: 6
Solving node: 67-4
x: 67
y: 4
Solving node: 63+5
x: 63
y: 5
Solving node: 68-1
x: 68
y: 1
Solving node: 67+7
x: 67
y: 7
Solving node: 74-3
x: 74
y: 3
Solving node: 71+6
x: 71
y: 6
Difference: 77
Calculating: 9*7-2+6-4+5-1+7-3*1+2*3+2
Solving node: 9*7
x: 9
y: 7
Solving node: 3*1
x: 3
y: 1
Solving node: 2*3
x: 2
y: 3
Solving node: 63-2
x: 63
y: 2
Solving node: 61+6
x: 61
y: 6
Solving node: 67-4
x: 67
y: 4
Solving node: 63+5
x: 63
y: 5
Solving node: 68-1
x: 68
y: 1
Solving node: 67+7
x: 67
y: 7
Solving node: 74-3
x: 74
y: 3
Solving node: 71+6
x: 71
y: 6
Solving node: 77+2
x: 77
y: 2
Solving node: 9*7
x: 9
y: 7
Solving node: 3*1
x: 3
y: 1
Solving node: 2*3
x: 2
y: 3
Solving node: 63-2
x: 63
y: 2
Solving node: 61+6
x: 61
y: 6
Solving node: 67-4
x: 67
y: 4
Solving node: 63+5
x: 63
y: 5
Solving node: 68-1
x: 68
y: 1
Solving node: 67+7
x: 67
y: 7
Solving node: 74-3
x: 74
y: 3
Solving node: 9*7
x: 9
y: 7
Solving node: 3*1
x: 3
y: 1
Solving node: 2*3
x: 2
y: 3
Solving node: 63-2
x: 63
y: 2
Solving node: 61+6
x: 61
y: 6
Solving node: 67-4
x: 67
y: 4
Solving node: 63+5
x: 63
y: 5
Solving node: 68-1
x: 68
y: 1
Solving node: 67+7
x: 67
y: 7
Solving node: 74-3
x: 74
y: 3
Solving node: 71+6
x: 71
y: 6
Solving node: 77+2
x: 77
y: 2
Difference: 79
Using default bounds (multiplication)
Calculating: 9*7-2+6-4+5-1+7-3*1+2*3+2*8
Solving node: 9*7
x: 9
y: 7
Solving node: 3*1
x: 3
y: 1
Solving node: 2*3
x: 2
y: 3
Solving node: 2*8
x: 2
y: 8
Solving node: 63-2
x: 63
y: 2
Solving node: 61+6
x: 61
y: 6
Solving node: 67-4
x: 67
y: 4
Solving node: 63+5
x: 63
y: 5
Solving node: 68-1
x: 68
y: 1
Solving node: 67+7
x: 67
y: 7
Solving node: 74-3
x: 74
y: 3
Solving node: 71+6
x: 71
y: 6
Solving node: 77+16
x: 77
y: 16
Solving node: 9*7
x: 9
y: 7
Solving node: 3*1
x: 3
y: 1
Solving node: 2*3
x: 2
y: 3
Solving node: 2*8
x: 2
y: 8
Solving node: 63-2
x: 63
y: 2
Solving node: 61+6
x: 61
y: 6
Solving node: 67-4
x: 67
y: 4
Solving node: 63+5
x: 63
y: 5
Solving node: 68-1
x: 68
y: 1
Solving node: 67+7
x: 67
y: 7
Solving node: 74-3
x: 74
y: 3
Solving node: 9*7
x: 9
y: 7
Solving node: 3*1
x: 3
y: 1
Solving node: 2*3
x: 2
y: 3
Solving node: 2*8
x: 2
y: 8
Solving node: 63-2
x: 63
y: 2
Solving node: 61+6
x: 61
y: 6
Solving node: 67-4
x: 67
y: 4
Solving node: 63+5
x: 63
y: 5
Solving node: 68-1
x: 68
y: 1
Solving node: 67+7
x: 67
y: 7
Solving node: 74-3
x: 74
y: 3
Solving node: 71+6
x: 71
y: 6
Solving node: 77+16
x: 77
y: 16
Difference: 93
Calculating: 9*7-2+6-4+5-1+7-3*1+2*3+2*8:2
Solving node: 9*7
x: 9
y: 7
Solving node: 3*1
x: 3
y: 1
Solving node: 2*3
x: 2
y: 3
Solving node: 2*8
x: 2
y: 8
Solving node: 16:2
x: 16
y: 2
Solving node: 63-2
x: 63
y: 2
Solving node: 61+6
x: 61
y: 6
Solving node: 67-4
x: 67
y: 4
Solving node: 63+5
x: 63
y: 5
Solving node: 68-1
x: 68
y: 1
Solving node: 67+7
x: 67
y: 7
Solving node: 74-3
x: 74
y: 3
Solving node: 71+6
x: 71
y: 6
Solving node: 77+8
x: 77
y: 8
Solving node: 9*7
x: 9
y: 7
Solving node: 3*1
x: 3
y: 1
Solving node: 2*3
x: 2
y: 3
Solving node: 2*8
x: 2
y: 8
Solving node: 16:2
x: 16
y: 2
Solving node: 63-2
x: 63
y: 2
Solving node: 61+6
x: 61
y: 6
Solving node: 67-4
x: 67
y: 4
Solving node: 63+5
x: 63
y: 5
Solving node: 68-1
x: 68
y: 1
Solving node: 67+7
x: 67
y: 7
Solving node: 74-3
x: 74
y: 3
Solving node: 9*7
x: 9
y: 7
Solving node: 3*1
x: 3
y: 1
Solving node: 2*3
x: 2
y: 3
Solving node: 2*8
x: 2
y: 8
Solving node: 16:2
x: 16
y: 2
Solving node: 63-2
x: 63
y: 2
Solving node: 61+6
x: 61
y: 6
Solving node: 67-4
x: 67
y: 4
Solving node: 63+5
x: 63
y: 5
Solving node: 68-1
x: 68
y: 1
Solving node: 67+7
x: 67
y: 7
Solving node: 74-3
x: 74
y: 3
Solving node: 71+6
x: 71
y: 6
Solving node: 77+8
x: 77
y: 8
Difference: 85
Using default bounds (multiplication)
Calculating: 9*7-2+6-4+5-1+7-3*1+2*3+2*8:2*3
Solving node: 9*7
x: 9
y: 7
Solving node: 3*1
x: 3
y: 1
Solving node: 2*3
x: 2
y: 3
Solving node: 2*8
x: 2
y: 8
Solving node: 16:2
x: 16
y: 2
Solving node: 8*3
x: 8
y: 3
Solving node: 63-2
x: 63
y: 2
Solving node: 61+6
x: 61
y: 6
Solving node: 67-4
x: 67
y: 4
Solving node: 63+5
x: 63
y: 5
Solving node: 68-1
x: 68
y: 1
Solving node: 67+7
x: 67
y: 7
Solving node: 74-3
x: 74
y: 3
Solving node: 71+6
x: 71
y: 6
Solving node: 77+24
x: 77
y: 24
Solving node: 9*7
x: 9
y: 7
Solving node: 3*1
x: 3
y: 1
Solving node: 2*3
x: 2
y: 3
Solving node: 2*8
x: 2
y: 8
Solving node: 16:2
x: 16
y: 2
Solving node: 8*3
x: 8
y: 3
Solving node: 63-2
x: 63
y: 2
Solving node: 61+6
x: 61
y: 6
Solving node: 67-4
x: 67
y: 4
Solving node: 63+5
x: 63
y: 5
Solving node: 68-1
x: 68
y: 1
Solving node: 67+7
x: 67
y: 7
Solving node: 74-3
x: 74
y: 3
Solving node: 9*7
x: 9
y: 7
Solving node: 3*1
x: 3
y: 1
Solving node: 2*3
x: 2
y: 3
Solving node: 2*8
x: 2
y: 8
Solving node: 16:2
x: 16
y: 2
Solving node: 8*3
x: 8
y: 3
Solving node: 63-2
x: 63
y: 2
Solving node: 61+6
x: 61
y: 6
Solving node: 67-4
x: 67
y: 4
Solving node: 63+5
x: 63
y: 5
Solving node: 68-1
x: 68
y: 1
Solving node: 67+7
x: 67
y: 7
Solving node: 74-3
x: 74
y: 3
Solving node: 71+6
x: 71
y: 6
Solving node: 77+24
x: 77
y: 24
Difference: 101
Calculating: 9*7-2+6-4+5-1+7-3*1+2*3+2*8:2*3+4
Solving node: 9*7
x: 9
y: 7
Solving node: 3*1
x: 3
y: 1
Solving node: 2*3
x: 2
y: 3
Solving node: 2*8
x: 2
y: 8
Solving node: 16:2
x: 16
y: 2
Solving node: 8*3
x: 8
y: 3
Solving node: 63-2
x: 63
y: 2
Solving node: 61+6
x: 61
y: 6
Solving node: 67-4
x: 67
y: 4
Solving node: 63+5
x: 63
y: 5
Solving node: 68-1
x: 68
y: 1
Solving node: 67+7
x: 67
y: 7
Solving node: 74-3
x: 74
y: 3
Solving node: 71+6
x: 71
y: 6
Solving node: 77+24
x: 77
y: 24
Solving node: 101+4
x: 101
y: 4
Originallösung: 9*7-2+6-4+5-1+7-3*1+2*3+2*8:2*3+4 = 105
[47/100] 9*7-2+6-4+5-1+7-3*1+2*3+2*8:2*3+4
Testing equation: 9*7-2+6-4+5-1+7-3*1+2*3+2*8:2*3+4
Checking node: 9*7
Solving node: 9*7
x: 9
y: 7
Checking node: 3*1
Solving node: 3*1
x: 3
y: 1
Checking node: 2*3
Solving node: 2*3
x: 2
y: 3
Checking node: 2*8
Solving node: 2*8
x: 2
y: 8
Checking node: 16:2
Solving node: 16:2
x: 16
y: 2
Checking node: 8*3
Solving node: 8*3
x: 8
y: 3
Checking node: 63-2
Solving node: 63-2
x: 63
y: 2
Checking node: 61+6
Solving node: 61+6
x: 61
y: 6
Checking node: 67-4
Solving node: 67-4
x: 67
y: 4
Checking node: 63+5
Solving node: 63+5
x: 63
y: 5
Checking node: 68-1
Solving node: 68-1
x: 68
y: 1
Checking node: 67+7
Solving node: 67+7
x: 67
y: 7
Checking node: 74-3
Solving node: 74-3
x: 74
y: 3
Checking node: 71+6
Solving node: 71+6
x: 71
y: 6
Checking node: 77+24
Solving node: 77+24
x: 77
y: 24
Checking node: 101+4
Solving node: 101+4
x: 101
y: 4
Checking node: 9*7
Checking node: 7-2
Checking node: 2+6
Checking node: 6-4
Checking node: 4+5
Checking node: 5-1
Checking node: 1+7
Checking node: 7-3
Checking node: 3*1
Checking node: 1+2
Checking node: 2*3
Checking node: 3+2
Checking node: 2*8
Checking node: 8:2
Checking node: 2*3
Checking node: 3+4
Difference: 3
Using default bounds (multiplication)
Calculating: 3*3
Solving node: 3*3
x: 3
y: 3
Solving node: 3*3
x: 3
y: 3
Solving node: 3*3
x: 3
y: 3
Difference: 9
Last: 3; Last sum: 9
Calculating: 3*3-1
Solving node: 3*3
x: 3
y: 3
Solving node: 9-1
x: 9
y: 1
Solving node: 3*3
x: 3
y: 3
Solving node: 9-1
x: 9
y: 1
Solving node: 3*3
x: 3
y: 3
Difference: 9-1
Calculating bounds (multiplication)
Upper bound: 1
Solving node: 3*3
x: 3
y: 3
Solving node: 9-1
x: 9
y: 1
Solving node: 3*3
x: 3
y: 3
Difference: 9-1
Calculating: 3*3-1+1
Solving node: 3*3
x: 3
y: 3
Solving node: 9-1
x: 9
y: 1
Solving node: 8+1
x: 8
y: 1
Solving node: 3*3
x: 3
y: 3
Solving node: 9-1
x: 9
y: 1
Solving node: 3*3
x: 3
y: 3
Solving node: 9-1
x: 9
y: 1
Solving node: 8+1
x: 8
y: 1
Difference: 9
Using default bounds (multiplication)
Calculating: 3*3-1+1*7
Solving node: 3*3
x: 3
y: 3
Solving node: 1*7
x: 1
y: 7
Solving node: 9-1
x: 9
y: 1
Solving node: 8+7
x: 8
y: 7
Solving node: 3*3
x: 3
y: 3
Solving node: 1*7
x: 1
y: 7
Solving node: 9-1
x: 9
y: 1
Solving node: 3*3
x: 3
y: 3
Solving node: 1*7
x: 1
y: 7
Solving node: 9-1
x: 9
y: 1
Solving node: 8+7
x: 8
y: 7
Difference: 15
Calculating: 3*3-1+1*7+8
Solving node: 3*3
x: 3
y: 3
Solving node: 1*7
x: 1
y: 7
Solving node: 9-1
x: 9
y: 1
Solving node: 8+7
x: 8
y: 7
Solving node: 15+8
x: 15
y: 8
Solving node: 3*3
x: 3
y: 3
Solving node: 1*7
x: 1
y: 7
Solving node: 9-1
x: 9
y: 1
Solving node: 3*3
x: 3
y: 3
Solving node: 1*7
x: 1
y: 7
Solving node: 9-1
x: 9
y: 1
Solving node: 8+7
x: 8
y: 7
Solving node: 15+8
x: 15
y: 8
Difference: 23
Using default bounds (multiplication)
Calculating: 3*3-1+1*7+8*7
Solving node: 3*3
x: 3
y: 3
Solving node: 1*7
x: 1
y: 7
Solving node: 8*7
x: 8
y: 7
Solving node: 9-1
x: 9
y: 1
Solving node: 8+7
x: 8
y: 7
Solving node: 15+56
x: 15
y: 56
Solving node: 3*3
x: 3
y: 3
Solving node: 1*7
x: 1
y: 7
Solving node: 8*7
x: 8
y: 7
Solving node: 9-1
x: 9
y: 1
Solving node: 3*3
x: 3
y: 3
Solving node: 1*7
x: 1
y: 7
Solving node: 8*7
x: 8
y: 7
Solving node: 9-1
x: 9
y: 1
Solving node: 8+7
x: 8
y: 7
Solving node: 15+56
x: 15
y: 56
Difference: 71
Last: 7; Last sum: 56
Calculating: 3*3-1+1*7+8*7-3
Solving node: 3*3
x: 3
y: 3
Solving node: 1*7
x: 1
y: 7
Solving node: 8*7
x: 8
y: 7
Solving node: 9-1
x: 9
y: 1
Solving node: 8+7
x: 8
y: 7
Solving node: 15+56
x: 15
y: 56
Solving node: 71-3
x: 71
y: 3
Solving node: 3*3
x: 3
y: 3
Solving node: 1*7
x: 1
y: 7
Solving node: 8*7
x: 8
y: 7
Solving node: 9-1
x: 9
y: 1
Solving node: 8+7
x: 8
y: 7
Solving node: 15+56
x: 15
y: 56
Solving node: 71-3
x: 71
y: 3
Solving node: 3*3
x: 3
y: 3
Solving node: 1*7
x: 1
y: 7
Solving node: 8*7
x: 8
y: 7
Solving node: 9-1
x: 9
y: 1
Solving node: 8+7
x: 8
y: 7
Solving node: 15+56
x: 15
y: 56
Difference: 71-3
Calculating: 3*3-1+1*7+8*7-3+5
Solving node: 3*3
x: 3
y: 3
Solving node: 1*7
x: 1
y: 7
Solving node: 8*7
x: 8
y: 7
Solving node: 9-1
x: 9
y: 1
Solving node: 8+7
x: 8
y: 7
Solving node: 15+56
x: 15
y: 56
Solving node: 71-3
x: 71
y: 3
Solving node: 68+5
x: 68
y: 5
Solving node: 3*3
x: 3
y: 3
Solving node: 1*7
x: 1
y: 7
Solving node: 8*7
x: 8
y: 7
Solving node: 9-1
x: 9
y: 1
Solving node: 8+7
x: 8
y: 7
Solving node: 15+56
x: 15
y: 56
Solving node: 71-3
x: 71
y: 3
Solving node: 3*3
x: 3
y: 3
Solving node: 1*7
x: 1
y: 7
Solving node: 8*7
x: 8
y: 7
Solving node: 9-1
x: 9
y: 1
Solving node: 8+7
x: 8
y: 7
Solving node: 15+56
x: 15
y: 56
Solving node: 71-3
x: 71
y: 3
Solving node: 68+5
x: 68
y: 5
Difference: 73
Using default bounds (multiplication)
Calculating: 3*3-1+1*7+8*7-3+5*8
Solving node: 3*3
x: 3
y: 3
Solving node: 1*7
x: 1
y: 7
Solving node: 8*7
x: 8
y: 7
Solving node: 5*8
x: 5
y: 8
Solving node: 9-1
x: 9
y: 1
Solving node: 8+7
x: 8
y: 7
Solving node: 15+56
x: 15
y: 56
Solving node: 71-3
x: 71
y: 3
Solving node: 68+40
x: 68
y: 40
Solving node: 3*3
x: 3
y: 3
Solving node: 1*7
x: 1
y: 7
Solving node: 8*7
x: 8
y: 7
Solving node: 5*8
x: 5
y: 8
Solving node: 9-1
x: 9
y: 1
Solving node: 8+7
x: 8
y: 7
Solving node: 15+56
x: 15
y: 56
Solving node: 71-3
x: 71
y: 3
Solving node: 3*3
x: 3
y: 3
Solving node: 1*7
x: 1
y: 7
Solving node: 8*7
x: 8
y: 7
Solving node: 5*8
x: 5
y: 8
Solving node: 9-1
x: 9
y: 1
Solving node: 8+7
x: 8
y: 7
Solving node: 15+56
x: 15
y: 56
Solving node: 71-3
x: 71
y: 3
Solving node: 68+40
x: 68
y: 40
Difference: 108
Calculating: 3*3-1+1*7+8*7-3+5*8:2
Solving node: 3*3
x: 3
y: 3
Solving node: 1*7
x: 1
y: 7
Solving node: 8*7
x: 8
y: 7
Solving node: 5*8
x: 5
y: 8
Solving node: 40:2
x: 40
y: 2
Solving node: 9-1
x: 9
y: 1
Solving node: 8+7
x: 8
y: 7
Solving node: 15+56
x: 15
y: 56
Solving node: 71-3
x: 71
y: 3
Solving node: 68+20
x: 68
y: 20
Solving node: 3*3
x: 3
y: 3
Solving node: 1*7
x: 1
y: 7
Solving node: 8*7
x: 8
y: 7
Solving node: 5*8
x: 5
y: 8
Solving node: 40:2
x: 40
y: 2
Solving node: 9-1
x: 9
y: 1
Solving node: 8+7
x: 8
y: 7
Solving node: 15+56
x: 15
y: 56
Solving node: 71-3
x: 71
y: 3
Solving node: 3*3
x: 3
y: 3
Solving node: 1*7
x: 1
y: 7
Solving node: 8*7
x: 8
y: 7
Solving node: 5*8
x: 5
y: 8
Solving node: 40:2
x: 40
y: 2
Solving node: 9-1
x: 9
y: 1
Solving node: 8+7
x: 8
y: 7
Solving node: 15+56
x: 15
y: 56
Solving node: 71-3
x: 71
y: 3
Solving node: 68+20
x: 68
y: 20
Difference: 88
Using default bounds (multiplication)
Calculating: 3*3-1+1*7+8*7-3+5*8:2*3
Solving node: 3*3
x: 3
y: 3
Solving node: 1*7
x: 1
y: 7
Solving node: 8*7
x: 8
y: 7
Solving node: 5*8
x: 5
y: 8
Solving node: 40:2
x: 40
y: 2
Solving node: 20*3
x: 20
y: 3
Solving node: 9-1
x: 9
y: 1
Solving node: 8+7
x: 8
y: 7
Solving node: 15+56
x: 15
y: 56
Solving node: 71-3
x: 71
y: 3
Solving node: 68+60
x: 68
y: 60
Solving node: 3*3
x: 3
y: 3
Solving node: 1*7
x: 1
y: 7
Solving node: 8*7
x: 8
y: 7
Solving node: 5*8
x: 5
y: 8
Solving node: 40:2
x: 40
y: 2
Solving node: 20*3
x: 20
y: 3
Solving node: 9-1
x: 9
y: 1
Solving node: 8+7
x: 8
y: 7
Solving node: 15+56
x: 15
y: 56
Solving node: 71-3
x: 71
y: 3
Solving node: 3*3
x: 3
y: 3
Solving node: 1*7
x: 1
y: 7
Solving node: 8*7
x: 8
y: 7
Solving node: 5*8
x: 5
y: 8
Solving node: 40:2
x: 40
y: 2
Solving node: 20*3
x: 20
y: 3
Solving node: 9-1
x: 9
y: 1
Solving node: 8+7
x: 8
y: 7
Solving node: 15+56
x: 15
y: 56
Solving node: 71-3
x: 71
y: 3
Solving node: 68+60
x: 68
y: 60
Difference: 128
Last: 3; Last sum: 60
Calculating: 3*3-1+1*7+8*7-3+5*8:2*3-2
Solving node: 3*3
x: 3
y: 3
Solving node: 1*7
x: 1
y: 7
Solving node: 8*7
x: 8
y: 7
Solving node: 5*8
x: 5
y: 8
Solving node: 40:2
x: 40
y: 2
Solving node: 20*3
x: 20
y: 3
Solving node: 9-1
x: 9
y: 1
Solving node: 8+7
x: 8
y: 7
Solving node: 15+56
x: 15
y: 56
Solving node: 71-3
x: 71
y: 3
Solving node: 68+60
x: 68
y: 60
Solving node: 128-2
x: 128
y: 2
Solving node: 3*3
x: 3
y: 3
Solving node: 1*7
x: 1
y: 7
Solving node: 8*7
x: 8
y: 7
Solving node: 5*8
x: 5
y: 8
Solving node: 40:2
x: 40
y: 2
Solving node: 20*3
x: 20
y: 3
Solving node: 9-1
x: 9
y: 1
Solving node: 8+7
x: 8
y: 7
Solving node: 15+56
x: 15
y: 56
Solving node: 71-3
x: 71
y: 3
Solving node: 68+60
x: 68
y: 60
Solving node: 128-2
x: 128
y: 2
Solving node: 3*3
x: 3
y: 3
Solving node: 1*7
x: 1
y: 7
Solving node: 8*7
x: 8
y: 7
Solving node: 5*8
x: 5
y: 8
Solving node: 40:2
x: 40
y: 2
Solving node: 20*3
x: 20
y: 3
Solving node: 9-1
x: 9
y: 1
Solving node: 8+7
x: 8
y: 7
Solving node: 15+56
x: 15
y: 56
Solving node: 71-3
x: 71
y: 3
Solving node: 68+60
x: 68
y: 60
Difference: 128-2
Calculating: 3*3-1+1*7+8*7-3+5*8:2*3-2+1
Solving node: 3*3
x: 3
y: 3
Solving node: 1*7
x: 1
y: 7
Solving node: 8*7
x: 8
y: 7
Solving node: 5*8
x: 5
y: 8
Solving node: 40:2
x: 40
y: 2
Solving node: 20*3
x: 20
y: 3
Solving node: 9-1
x: 9
y: 1
Solving node: 8+7
x: 8
y: 7
Solving node: 15+56
x: 15
y: 56
Solving node: 71-3
x: 71
y: 3
Solving node: 68+60
x: 68
y: 60
Solving node: 128-2
x: 128
y: 2
Solving node: 126+1
x: 126
y: 1
Solving node: 3*3
x: 3
y: 3
Solving node: 1*7
x: 1
y: 7
Solving node: 8*7
x: 8
y: 7
Solving node: 5*8
x: 5
y: 8
Solving node: 40:2
x: 40
y: 2
Solving node: 20*3
x: 20
y: 3
Solving node: 9-1
x: 9
y: 1
Solving node: 8+7
x: 8
y: 7
Solving node: 15+56
x: 15
y: 56
Solving node: 71-3
x: 71
y: 3
Solving node: 68+60
x: 68
y: 60
Solving node: 128-2
x: 128
y: 2
Solving node: 3*3
x: 3
y: 3
Solving node: 1*7
x: 1
y: 7
Solving node: 8*7
x: 8
y: 7
Solving node: 5*8
x: 5
y: 8
Solving node: 40:2
x: 40
y: 2
Solving node: 20*3
x: 20
y: 3
Solving node: 9-1
x: 9
y: 1
Solving node: 8+7
x: 8
y: 7
Solving node: 15+56
x: 15
y: 56
Solving node: 71-3
x: 71
y: 3
Solving node: 68+60
x: 68
y: 60
Solving node: 128-2
x: 128
y: 2
Solving node: 126+1
x: 126
y: 1
Difference: 127
Using default bounds (multiplication)
Calculating: 3*3-1+1*7+8*7-3+5*8:2*3-2+1*5
Solving node: 3*3
x: 3
y: 3
Solving node: 1*7
x: 1
y: 7
Solving node: 8*7
x: 8
y: 7
Solving node: 5*8
x: 5
y: 8
Solving node: 40:2
x: 40
y: 2
Solving node: 20*3
x: 20
y: 3
Solving node: 1*5
x: 1
y: 5
Solving node: 9-1
x: 9
y: 1
Solving node: 8+7
x: 8
y: 7
Solving node: 15+56
x: 15
y: 56
Solving node: 71-3
x: 71
y: 3
Solving node: 68+60
x: 68
y: 60
Solving node: 128-2
x: 128
y: 2
Solving node: 126+5
x: 126
y: 5
Solving node: 3*3
x: 3
y: 3
Solving node: 1*7
x: 1
y: 7
Solving node: 8*7
x: 8
y: 7
Solving node: 5*8
x: 5
y: 8
Solving node: 40:2
x: 40
y: 2
Solving node: 20*3
x: 20
y: 3
Solving node: 1*5
x: 1
y: 5
Solving node: 9-1
x: 9
y: 1
Solving node: 8+7
x: 8
y: 7
Solving node: 15+56
x: 15
y: 56
Solving node: 71-3
x: 71
y: 3
Solving node: 68+60
x: 68
y: 60
Solving node: 128-2
x: 128
y: 2
Solving node: 3*3
x: 3
y: 3
Solving node: 1*7
x: 1
y: 7
Solving node: 8*7
x: 8
y: 7
Solving node: 5*8
x: 5
y: 8
Solving node: 40:2
x: 40
y: 2
Solving node: 20*3
x: 20
y: 3
Solving node: 1*5
x: 1
y: 5
Solving node: 9-1
x: 9
y: 1
Solving node: 8+7
x: 8
y: 7
Solving node: 15+56
x: 15
y: 56
Solving node: 71-3
x: 71
y: 3
Solving node: 68+60
x: 68
y: 60
Solving node: 128-2
x: 128
y: 2
Solving node: 126+5
x: 126
y: 5
Difference: 131
Last: 5; Last sum: 5
Calculating: 3*3-1+1*7+8*7-3+5*8:2*3-2+1*5-4
Solving node: 3*3
x: 3
y: 3
Solving node: 1*7
x: 1
y: 7
Solving node: 8*7
x: 8
y: 7
Solving node: 5*8
x: 5
y: 8
Solving node: 40:2
x: 40
y: 2
Solving node: 20*3
x: 20
y: 3
Solving node: 1*5
x: 1
y: 5
Solving node: 9-1
x: 9
y: 1
Solving node: 8+7
x: 8
y: 7
Solving node: 15+56
x: 15
y: 56
Solving node: 71-3
x: 71
y: 3
Solving node: 68+60
x: 68
y: 60
Solving node: 128-2
x: 128
y: 2
Solving node: 126+5
x: 126
y: 5
Solving node: 131-4
x: 131
y: 4
Solving node: 3*3
x: 3
y: 3
Solving node: 1*7
x: 1
y: 7
Solving node: 8*7
x: 8
y: 7
Solving node: 5*8
x: 5
y: 8
Solving node: 40:2
x: 40
y: 2
Solving node: 20*3
x: 20
y: 3
Solving node: 1*5
x: 1
y: 5
Solving node: 9-1
x: 9
y: 1
Solving node: 8+7
x: 8
y: 7
Solving node: 15+56
x: 15
y: 56
Solving node: 71-3
x: 71
y: 3
Solving node: 68+60
x: 68
y: 60
Solving node: 128-2
x: 128
y: 2
Solving node: 126+5
x: 126
y: 5
Solving node: 131-4
x: 131
y: 4
Solving node: 3*3
x: 3
y: 3
Solving node: 1*7
x: 1
y: 7
Solving node: 8*7
x: 8
y: 7
Solving node: 5*8
x: 5
y: 8
Solving node: 40:2
x: 40
y: 2
Solving node: 20*3
x: 20
y: 3
Solving node: 1*5
x: 1
y: 5
Solving node: 9-1
x: 9
y: 1
Solving node: 8+7
x: 8
y: 7
Solving node: 15+56
x: 15
y: 56
Solving node: 71-3
x: 71
y: 3
Solving node: 68+60
x: 68
y: 60
Solving node: 128-2
x: 128
y: 2
Solving node: 126+5
x: 126
y: 5
Difference: 131-4
Calculating: 3*3-1+1*7+8*7-3+5*8:2*3-2+1*5-4+4
Solving node: 3*3
x: 3
y: 3
Solving node: 1*7
x: 1
y: 7
Solving node: 8*7
x: 8
y: 7
Solving node: 5*8
x: 5
y: 8
Solving node: 40:2
x: 40
y: 2
Solving node: 20*3
x: 20
y: 3
Solving node: 1*5
x: 1
y: 5
Solving node: 9-1
x: 9
y: 1
Solving node: 8+7
x: 8
y: 7
Solving node: 15+56
x: 15
y: 56
Solving node: 71-3
x: 71
y: 3
Solving node: 68+60
x: 68
y: 60
Solving node: 128-2
x: 128
y: 2
Solving node: 126+5
x: 126
y: 5
Solving node: 131-4
x: 131
y: 4
Solving node: 127+4
x: 127
y: 4
Originallösung: 3*3-1+1*7+8*7-3+5*8:2*3-2+1*5-4+4 = 131
[48/100] 3*3-1+1*7+8*7-3+5*8:2*3-2+1*5-4+4
Testing equation: 3*3-1+1*7+8*7-3+5*8:2*3-2+1*5-4+4
Checking node: 3*3
Solving node: 3*3
x: 3
y: 3
Checking node: 1*7
Solving node: 1*7
x: 1
y: 7
Checking node: 8*7
Solving node: 8*7
x: 8
y: 7
Checking node: 5*8
Solving node: 5*8
x: 5
y: 8
Checking node: 40:2
Solving node: 40:2
x: 40
y: 2
Checking node: 20*3
Solving node: 20*3
x: 20
y: 3
Checking node: 1*5
Solving node: 1*5
x: 1
y: 5
Checking node: 9-1
Solving node: 9-1
x: 9
y: 1
Checking node: 8+7
Solving node: 8+7
x: 8
y: 7
Checking node: 15+56
Solving node: 15+56
x: 15
y: 56
Checking node: 71-3
Solving node: 71-3
x: 71
y: 3
Checking node: 68+60
Solving node: 68+60
x: 68
y: 60
Checking node: 128-2
Solving node: 128-2
x: 128
y: 2
Checking node: 126+5
Solving node: 126+5
x: 126
y: 5
Checking node: 131-4
Solving node: 131-4
x: 131
y: 4
Checking node: 127+4
Solving node: 127+4
x: 127
y: 4
Checking node: 3*3
Checking node: 3-1
Checking node: 1+1
Checking node: 1*7
Checking node: 7+8
Checking node: 8*7
Checking node: 7-3
Checking node: 3+5
Checking node: 5*8
Checking node: 8:2
Checking node: 2*3
Checking node: 3-2
Checking node: 2+1
Checking node: 1*5
Checking node: 5-4
Checking node: 4+4
Difference: 1
Using default bounds (multiplication)
Calculating: 1*2
Solving node: 1*2
x: 1
y: 2
Solving node: 1*2
x: 1
y: 2
Solving node: 1*2
x: 1
y: 2
Difference: 2
Calculating: 1*2+6
Solving node: 1*2
x: 1
y: 2
Solving node: 2+6
x: 2
y: 6
Solving node: 1*2
x: 1
y: 2
Solving node: 1*2
x: 1
y: 2
Solving node: 2+6
x: 2
y: 6
Difference: 8
Using default bounds (multiplication)
Calculating: 1*2+6*2
Solving node: 1*2
x: 1
y: 2
Solving node: 6*2
x: 6
y: 2
Solving node: 2+12
x: 2
y: 12
Solving node: 1*2
x: 1
y: 2
Solving node: 6*2
x: 6
y: 2
Solving node: 1*2
x: 1
y: 2
Solving node: 6*2
x: 6
y: 2
Solving node: 2+12
x: 2
y: 12
Difference: 14
Calculating: 1*2+6*2+5
Solving node: 1*2
x: 1
y: 2
Solving node: 6*2
x: 6
y: 2
Solving node: 2+12
x: 2
y: 12
Solving node: 14+5
x: 14
y: 5
Solving node: 1*2
x: 1
y: 2
Solving node: 6*2
x: 6
y: 2
Solving node: 1*2
x: 1
y: 2
Solving node: 6*2
x: 6
y: 2
Solving node: 2+12
x: 2
y: 12
Solving node: 14+5
x: 14
y: 5
Difference: 19
Using default bounds (multiplication)
Calculating: 1*2+6*2+5*7
Solving node: 1*2
x: 1
y: 2
Solving node: 6*2
x: 6
y: 2
Solving node: 5*7
x: 5
y: 7
Solving node: 2+12
x: 2
y: 12
Solving node: 14+35
x: 14
y: 35
Solving node: 1*2
x: 1
y: 2
Solving node: 6*2
x: 6
y: 2
Solving node: 5*7
x: 5
y: 7
Solving node: 1*2
x: 1
y: 2
Solving node: 6*2
x: 6
y: 2
Solving node: 5*7
x: 5
y: 7
Solving node: 2+12
x: 2
y: 12
Solving node: 14+35
x: 14
y: 35
Difference: 49
Calculating: 1*2+6*2+5*7+9
Solving node: 1*2
x: 1
y: 2
Solving node: 6*2
x: 6
y: 2
Solving node: 5*7
x: 5
y: 7
Solving node: 2+12
x: 2
y: 12
Solving node: 14+35
x: 14
y: 35
Solving node: 49+9
x: 49
y: 9
Solving node: 1*2
x: 1
y: 2
Solving node: 6*2
x: 6
y: 2
Solving node: 5*7
x: 5
y: 7
Solving node: 1*2
x: 1
y: 2
Solving node: 6*2
x: 6
y: 2
Solving node: 5*7
x: 5
y: 7
Solving node: 2+12
x: 2
y: 12
Solving node: 14+35
x: 14
y: 35
Solving node: 49+9
x: 49
y: 9
Difference: 58
Using default bounds (multiplication)
Calculating: 1*2+6*2+5*7+9*8
Solving node: 1*2
x: 1
y: 2
Solving node: 6*2
x: 6
y: 2
Solving node: 5*7
x: 5
y: 7
Solving node: 9*8
x: 9
y: 8
Solving node: 2+12
x: 2
y: 12
Solving node: 14+35
x: 14
y: 35
Solving node: 49+72
x: 49
y: 72
Solving node: 1*2
x: 1
y: 2
Solving node: 6*2
x: 6
y: 2
Solving node: 5*7
x: 5
y: 7
Solving node: 9*8
x: 9
y: 8
Solving node: 1*2
x: 1
y: 2
Solving node: 6*2
x: 6
y: 2
Solving node: 5*7
x: 5
y: 7
Solving node: 9*8
x: 9
y: 8
Solving node: 2+12
x: 2
y: 12
Solving node: 14+35
x: 14
y: 35
Solving node: 49+72
x: 49
y: 72
Difference: 121
Last: 8; Last sum: 72
Calculating: 1*2+6*2+5*7+9*8-4
Solving node: 1*2
x: 1
y: 2
Solving node: 6*2
x: 6
y: 2
Solving node: 5*7
x: 5
y: 7
Solving node: 9*8
x: 9
y: 8
Solving node: 2+12
x: 2
y: 12
Solving node: 14+35
x: 14
y: 35
Solving node: 49+72
x: 49
y: 72
Solving node: 121-4
x: 121
y: 4
Solving node: 1*2
x: 1
y: 2
Solving node: 6*2
x: 6
y: 2
Solving node: 5*7
x: 5
y: 7
Solving node: 9*8
x: 9
y: 8
Solving node: 2+12
x: 2
y: 12
Solving node: 14+35
x: 14
y: 35
Solving node: 49+72
x: 49
y: 72
Solving node: 121-4
x: 121
y: 4
Solving node: 1*2
x: 1
y: 2
Solving node: 6*2
x: 6
y: 2
Solving node: 5*7
x: 5
y: 7
Solving node: 9*8
x: 9
y: 8
Solving node: 2+12
x: 2
y: 12
Solving node: 14+35
x: 14
y: 35
Solving node: 49+72
x: 49
y: 72
Difference: 121-4
Previous index: -1 | Last operator index: 3
Calculating: 1*2+6*2+5*7+9*8-4:2
Solving node: 1*2
x: 1
y: 2
Solving node: 6*2
x: 6
y: 2
Solving node: 5*7
x: 5
y: 7
Solving node: 9*8
x: 9
y: 8
Solving node: 4:2
x: 4
y: 2
Solving node: 2+12
x: 2
y: 12
Solving node: 14+35
x: 14
y: 35
Solving node: 49+72
x: 49
y: 72
Solving node: 121-2
x: 121
y: 2
Solving node: 1*2
x: 1
y: 2
Solving node: 6*2
x: 6
y: 2
Solving node: 5*7
x: 5
y: 7
Solving node: 9*8
x: 9
y: 8
Solving node: 4:2
x: 4
y: 2
Solving node: 2+12
x: 2
y: 12
Solving node: 14+35
x: 14
y: 35
Solving node: 49+72
x: 49
y: 72
Solving node: 121-2
x: 121
y: 2
Solving node: 1*2
x: 1
y: 2
Solving node: 6*2
x: 6
y: 2
Solving node: 5*7
x: 5
y: 7
Solving node: 9*8
x: 9
y: 8
Solving node: 4:2
x: 4
y: 2
Solving node: 2+12
x: 2
y: 12
Solving node: 14+35
x: 14
y: 35
Solving node: 49+72
x: 49
y: 72
Difference: 121-2
Calculating bounds (multiplication)
Previous index: -1 | Last operator index: 3
Upper bound: 2
Calculating: 1*2+6*2+5*7+9*8-4:2*1
Solving node: 1*2
x: 1
y: 2
Solving node: 6*2
x: 6
y: 2
Solving node: 5*7
x: 5
y: 7
Solving node: 9*8
x: 9
y: 8
Solving node: 4:2
x: 4
y: 2
Solving node: 2*1
x: 2
y: 1
Solving node: 2+12
x: 2
y: 12
Solving node: 14+35
x: 14
y: 35
Solving node: 49+72
x: 49
y: 72
Solving node: 121-2
x: 121
y: 2
Solving node: 1*2
x: 1
y: 2
Solving node: 6*2
x: 6
y: 2
Solving node: 5*7
x: 5
y: 7
Solving node: 9*8
x: 9
y: 8
Solving node: 4:2
x: 4
y: 2
Solving node: 2*1
x: 2
y: 1
Solving node: 2+12
x: 2
y: 12
Solving node: 14+35
x: 14
y: 35
Solving node: 49+72
x: 49
y: 72
Solving node: 121-2
x: 121
y: 2
Solving node: 1*2
x: 1
y: 2
Solving node: 6*2
x: 6
y: 2
Solving node: 5*7
x: 5
y: 7
Solving node: 9*8
x: 9
y: 8
Solving node: 4:2
x: 4
y: 2
Solving node: 2*1
x: 2
y: 1
Solving node: 2+12
x: 2
y: 12
Solving node: 14+35
x: 14
y: 35
Solving node: 49+72
x: 49
y: 72
Difference: 121-2
Calculating: 1*2+6*2+5*7+9*8-4:2*1+4
Solving node: 1*2
x: 1
y: 2
Solving node: 6*2
x: 6
y: 2
Solving node: 5*7
x: 5
y: 7
Solving node: 9*8
x: 9
y: 8
Solving node: 4:2
x: 4
y: 2
Solving node: 2*1
x: 2
y: 1
Solving node: 2+12
x: 2
y: 12
Solving node: 14+35
x: 14
y: 35
Solving node: 49+72
x: 49
y: 72
Solving node: 121-2
x: 121
y: 2
Solving node: 119+4
x: 119
y: 4
Solving node: 1*2
x: 1
y: 2
Solving node: 6*2
x: 6
y: 2
Solving node: 5*7
x: 5
y: 7
Solving node: 9*8
x: 9
y: 8
Solving node: 4:2
x: 4
y: 2
Solving node: 2*1
x: 2
y: 1
Solving node: 2+12
x: 2
y: 12
Solving node: 14+35
x: 14
y: 35
Solving node: 49+72
x: 49
y: 72
Solving node: 121-2
x: 121
y: 2
Solving node: 1*2
x: 1
y: 2
Solving node: 6*2
x: 6
y: 2
Solving node: 5*7
x: 5
y: 7
Solving node: 9*8
x: 9
y: 8
Solving node: 4:2
x: 4
y: 2
Solving node: 2*1
x: 2
y: 1
Solving node: 2+12
x: 2
y: 12
Solving node: 14+35
x: 14
y: 35
Solving node: 49+72
x: 49
y: 72
Solving node: 121-2
x: 121
y: 2
Solving node: 119+4
x: 119
y: 4
Difference: 123
Last: 4; Last sum: 4
Calculating: 1*2+6*2+5*7+9*8-4:2*1+4-2
Solving node: 1*2
x: 1
y: 2
Solving node: 6*2
x: 6
y: 2
Solving node: 5*7
x: 5
y: 7
Solving node: 9*8
x: 9
y: 8
Solving node: 4:2
x: 4
y: 2
Solving node: 2*1
x: 2
y: 1
Solving node: 2+12
x: 2
y: 12
Solving node: 14+35
x: 14
y: 35
Solving node: 49+72
x: 49
y: 72
Solving node: 121-2
x: 121
y: 2
Solving node: 119+4
x: 119
y: 4
Solving node: 123-2
x: 123
y: 2
Solving node: 1*2
x: 1
y: 2
Solving node: 6*2
x: 6
y: 2
Solving node: 5*7
x: 5
y: 7
Solving node: 9*8
x: 9
y: 8
Solving node: 4:2
x: 4
y: 2
Solving node: 2*1
x: 2
y: 1
Solving node: 2+12
x: 2
y: 12
Solving node: 14+35
x: 14
y: 35
Solving node: 49+72
x: 49
y: 72
Solving node: 121-2
x: 121
y: 2
Solving node: 119+4
x: 119
y: 4
Solving node: 123-2
x: 123
y: 2
Solving node: 1*2
x: 1
y: 2
Solving node: 6*2
x: 6
y: 2
Solving node: 5*7
x: 5
y: 7
Solving node: 9*8
x: 9
y: 8
Solving node: 4:2
x: 4
y: 2
Solving node: 2*1
x: 2
y: 1
Solving node: 2+12
x: 2
y: 12
Solving node: 14+35
x: 14
y: 35
Solving node: 49+72
x: 49
y: 72
Solving node: 121-2
x: 121
y: 2
Solving node: 119+4
x: 119
y: 4
Difference: 123-2
Calculating bounds (multiplication)
Previous index: -1 | Last operator index: 3
Upper bound: 2
Calculating: 1*2+6*2+5*7+9*8-4:2*1+4-2*1
Solving node: 1*2
x: 1
y: 2
Solving node: 6*2
x: 6
y: 2
Solving node: 5*7
x: 5
y: 7
Solving node: 9*8
x: 9
y: 8
Solving node: 4:2
x: 4
y: 2
Solving node: 2*1
x: 2
y: 1
Solving node: 2*1
x: 2
y: 1
Solving node: 2+12
x: 2
y: 12
Solving node: 14+35
x: 14
y: 35
Solving node: 49+72
x: 49
y: 72
Solving node: 121-2
x: 121
y: 2
Solving node: 119+4
x: 119
y: 4
Solving node: 123-2
x: 123
y: 2
Solving node: 1*2
x: 1
y: 2
Solving node: 6*2
x: 6
y: 2
Solving node: 5*7
x: 5
y: 7
Solving node: 9*8
x: 9
y: 8
Solving node: 4:2
x: 4
y: 2
Solving node: 2*1
x: 2
y: 1
Solving node: 2*1
x: 2
y: 1
Solving node: 2+12
x: 2
y: 12
Solving node: 14+35
x: 14
y: 35
Solving node: 49+72
x: 49
y: 72
Solving node: 121-2
x: 121
y: 2
Solving node: 119+4
x: 119
y: 4
Solving node: 123-2
x: 123
y: 2
Solving node: 1*2
x: 1
y: 2
Solving node: 6*2
x: 6
y: 2
Solving node: 5*7
x: 5
y: 7
Solving node: 9*8
x: 9
y: 8
Solving node: 4:2
x: 4
y: 2
Solving node: 2*1
x: 2
y: 1
Solving node: 2*1
x: 2
y: 1
Solving node: 2+12
x: 2
y: 12
Solving node: 14+35
x: 14
y: 35
Solving node: 49+72
x: 49
y: 72
Solving node: 121-2
x: 121
y: 2
Solving node: 119+4
x: 119
y: 4
Difference: 123-2
Calculating: 1*2+6*2+5*7+9*8-4:2*1+4-2*1+2
Solving node: 1*2
x: 1
y: 2
Solving node: 6*2
x: 6
y: 2
Solving node: 5*7
x: 5
y: 7
Solving node: 9*8
x: 9
y: 8
Solving node: 4:2
x: 4
y: 2
Solving node: 2*1
x: 2
y: 1
Solving node: 2*1
x: 2
y: 1
Solving node: 2+12
x: 2
y: 12
Solving node: 14+35
x: 14
y: 35
Solving node: 49+72
x: 49
y: 72
Solving node: 121-2
x: 121
y: 2
Solving node: 119+4
x: 119
y: 4
Solving node: 123-2
x: 123
y: 2
Solving node: 121+2
x: 121
y: 2
Solving node: 1*2
x: 1
y: 2
Solving node: 6*2
x: 6
y: 2
Solving node: 5*7
x: 5
y: 7
Solving node: 9*8
x: 9
y: 8
Solving node: 4:2
x: 4
y: 2
Solving node: 2*1
x: 2
y: 1
Solving node: 2*1
x: 2
y: 1
Solving node: 2+12
x: 2
y: 12
Solving node: 14+35
x: 14
y: 35
Solving node: 49+72
x: 49
y: 72
Solving node: 121-2
x: 121
y: 2
Solving node: 119+4
x: 119
y: 4
Solving node: 123-2
x: 123
y: 2
Solving node: 1*2
x: 1
y: 2
Solving node: 6*2
x: 6
y: 2
Solving node: 5*7
x: 5
y: 7
Solving node: 9*8
x: 9
y: 8
Solving node: 4:2
x: 4
y: 2
Solving node: 2*1
x: 2
y: 1
Solving node: 2*1
x: 2
y: 1
Solving node: 2+12
x: 2
y: 12
Solving node: 14+35
x: 14
y: 35
Solving node: 49+72
x: 49
y: 72
Solving node: 121-2
x: 121
y: 2
Solving node: 119+4
x: 119
y: 4
Solving node: 123-2
x: 123
y: 2
Solving node: 121+2
x: 121
y: 2
Difference: 123
Using default bounds (multiplication)
Calculating: 1*2+6*2+5*7+9*8-4:2*1+4-2*1+2*4
Solving node: 1*2
x: 1
y: 2
Solving node: 6*2
x: 6
y: 2
Solving node: 5*7
x: 5
y: 7
Solving node: 9*8
x: 9
y: 8
Solving node: 4:2
x: 4
y: 2
Solving node: 2*1
x: 2
y: 1
Solving node: 2*1
x: 2
y: 1
Solving node: 2*4
x: 2
y: 4
Solving node: 2+12
x: 2
y: 12
Solving node: 14+35
x: 14
y: 35
Solving node: 49+72
x: 49
y: 72
Solving node: 121-2
x: 121
y: 2
Solving node: 119+4
x: 119
y: 4
Solving node: 123-2
x: 123
y: 2
Solving node: 121+8
x: 121
y: 8
Solving node: 1*2
x: 1
y: 2
Solving node: 6*2
x: 6
y: 2
Solving node: 5*7
x: 5
y: 7
Solving node: 9*8
x: 9
y: 8
Solving node: 4:2
x: 4
y: 2
Solving node: 2*1
x: 2
y: 1
Solving node: 2*1
x: 2
y: 1
Solving node: 2*4
x: 2
y: 4
Solving node: 2+12
x: 2
y: 12
Solving node: 14+35
x: 14
y: 35
Solving node: 49+72
x: 49
y: 72
Solving node: 121-2
x: 121
y: 2
Solving node: 119+4
x: 119
y: 4
Solving node: 123-2
x: 123
y: 2
Solving node: 1*2
x: 1
y: 2
Solving node: 6*2
x: 6
y: 2
Solving node: 5*7
x: 5
y: 7
Solving node: 9*8
x: 9
y: 8
Solving node: 4:2
x: 4
y: 2
Solving node: 2*1
x: 2
y: 1
Solving node: 2*1
x: 2
y: 1
Solving node: 2*4
x: 2
y: 4
Solving node: 2+12
x: 2
y: 12
Solving node: 14+35
x: 14
y: 35
Solving node: 49+72
x: 49
y: 72
Solving node: 121-2
x: 121
y: 2
Solving node: 119+4
x: 119
y: 4
Solving node: 123-2
x: 123
y: 2
Solving node: 121+8
x: 121
y: 8
Difference: 129
Calculating: 1*2+6*2+5*7+9*8-4:2*1+4-2*1+2*4+5
Solving node: 1*2
x: 1
y: 2
Solving node: 6*2
x: 6
y: 2
Solving node: 5*7
x: 5
y: 7
Solving node: 9*8
x: 9
y: 8
Solving node: 4:2
x: 4
y: 2
Solving node: 2*1
x: 2
y: 1
Solving node: 2*1
x: 2
y: 1
Solving node: 2*4
x: 2
y: 4
Solving node: 2+12
x: 2
y: 12
Solving node: 14+35
x: 14
y: 35
Solving node: 49+72
x: 49
y: 72
Solving node: 121-2
x: 121
y: 2
Solving node: 119+4
x: 119
y: 4
Solving node: 123-2
x: 123
y: 2
Solving node: 121+8
x: 121
y: 8
Solving node: 129+5
x: 129
y: 5
Originallösung: 1*2+6*2+5*7+9*8-4:2*1+4-2*1+2*4+5 = 134
[49/100] 1*2+6*2+5*7+9*8-4:2*1+4-2*1+2*4+5
Testing equation: 1*2+6*2+5*7+9*8-4:2*1+4-2*1+2*4+5
Checking node: 1*2
Solving node: 1*2
x: 1
y: 2
Checking node: 6*2
Solving node: 6*2
x: 6
y: 2
Checking node: 5*7
Solving node: 5*7
x: 5
y: 7
Checking node: 9*8
Solving node: 9*8
x: 9
y: 8
Checking node: 4:2
Solving node: 4:2
x: 4
y: 2
Checking node: 2*1
Solving node: 2*1
x: 2
y: 1
Checking node: 2*1
Solving node: 2*1
x: 2
y: 1
Checking node: 2*4
Solving node: 2*4
x: 2
y: 4
Checking node: 2+12
Solving node: 2+12
x: 2
y: 12
Checking node: 14+35
Solving node: 14+35
x: 14
y: 35
Checking node: 49+72
Solving node: 49+72
x: 49
y: 72
Checking node: 121-2
Solving node: 121-2
x: 121
y: 2
Checking node: 119+4
Solving node: 119+4
x: 119
y: 4
Checking node: 123-2
Solving node: 123-2
x: 123
y: 2
Checking node: 121+8
Solving node: 121+8
x: 121
y: 8
Checking node: 129+5
Solving node: 129+5
x: 129
y: 5
Checking node: 1*2
Checking node: 2+6
Checking node: 6*2
Checking node: 2+5
Checking node: 5*7
Checking node: 7+9
Checking node: 9*8
Checking node: 8-4
Checking node: 4:2
Checking node: 2*1
Checking node: 1+4
Checking node: 4-2
Checking node: 2*1
Checking node: 1+2
Checking node: 2*4
Checking node: 4+5
Difference: 9
Using default bounds (multiplication)
Calculating: 9*6
Solving node: 9*6
x: 9
y: 6
Solving node: 9*6
x: 9
y: 6
Solving node: 9*6
x: 9
y: 6
Difference: 54
Calculating: 9*6+3
Solving node: 9*6
x: 9
y: 6
Solving node: 54+3
x: 54
y: 3
Solving node: 9*6
x: 9
y: 6
Solving node: 9*6
x: 9
y: 6
Solving node: 54+3
x: 54
y: 3
Difference: 57
Using default bounds (multiplication)
Calculating: 9*6+3*1
Solving node: 9*6
x: 9
y: 6
Solving node: 3*1
x: 3
y: 1
Solving node: 54+3
x: 54
y: 3
Solving node: 9*6
x: 9
y: 6
Solving node: 3*1
x: 3
y: 1
Solving node: 9*6
x: 9
y: 6
Solving node: 3*1
x: 3
y: 1
Solving node: 54+3
x: 54
y: 3
Difference: 57
Calculating: 9*6+3*1+4
Solving node: 9*6
x: 9
y: 6
Solving node: 3*1
x: 3
y: 1
Solving node: 54+3
x: 54
y: 3
Solving node: 57+4
x: 57
y: 4
Solving node: 9*6
x: 9
y: 6
Solving node: 3*1
x: 3
y: 1
Solving node: 9*6
x: 9
y: 6
Solving node: 3*1
x: 3
y: 1
Solving node: 54+3
x: 54
y: 3
Solving node: 57+4
x: 57
y: 4
Difference: 61
Calculating: 9*6+3*1+4:2
Solving node: 9*6
x: 9
y: 6
Solving node: 3*1
x: 3
y: 1
Solving node: 4:2
x: 4
y: 2
Solving node: 54+3
x: 54
y: 3
Solving node: 57+2
x: 57
y: 2
Solving node: 9*6
x: 9
y: 6
Solving node: 3*1
x: 3
y: 1
Solving node: 4:2
x: 4
y: 2
Solving node: 9*6
x: 9
y: 6
Solving node: 3*1
x: 3
y: 1
Solving node: 4:2
x: 4
y: 2
Solving node: 54+3
x: 54
y: 3
Solving node: 57+2
x: 57
y: 2
Difference: 59
Using default bounds (multiplication)
Calculating: 9*6+3*1+4:2*8
Solving node: 9*6
x: 9
y: 6
Solving node: 3*1
x: 3
y: 1
Solving node: 4:2
x: 4
y: 2
Solving node: 2*8
x: 2
y: 8
Solving node: 54+3
x: 54
y: 3
Solving node: 57+16
x: 57
y: 16
Solving node: 9*6
x: 9
y: 6
Solving node: 3*1
x: 3
y: 1
Solving node: 4:2
x: 4
y: 2
Solving node: 2*8
x: 2
y: 8
Solving node: 9*6
x: 9
y: 6
Solving node: 3*1
x: 3
y: 1
Solving node: 4:2
x: 4
y: 2
Solving node: 2*8
x: 2
y: 8
Solving node: 54+3
x: 54
y: 3
Solving node: 57+16
x: 57
y: 16
Difference: 73
Calculating: 9*6+3*1+4:2*8+3
Solving node: 9*6
x: 9
y: 6
Solving node: 3*1
x: 3
y: 1
Solving node: 4:2
x: 4
y: 2
Solving node: 2*8
x: 2
y: 8
Solving node: 54+3
x: 54
y: 3
Solving node: 57+16
x: 57
y: 16
Solving node: 73+3
x: 73
y: 3
Solving node: 9*6
x: 9
y: 6
Solving node: 3*1
x: 3
y: 1
Solving node: 4:2
x: 4
y: 2
Solving node: 2*8
x: 2
y: 8
Solving node: 9*6
x: 9
y: 6
Solving node: 3*1
x: 3
y: 1
Solving node: 4:2
x: 4
y: 2
Solving node: 2*8
x: 2
y: 8
Solving node: 54+3
x: 54
y: 3
Solving node: 57+16
x: 57
y: 16
Solving node: 73+3
x: 73
y: 3
Difference: 76
Last: 3; Last sum: 3
Calculating: 9*6+3*1+4:2*8+3-2
Solving node: 9*6
x: 9
y: 6
Solving node: 3*1
x: 3
y: 1
Solving node: 4:2
x: 4
y: 2
Solving node: 2*8
x: 2
y: 8
Solving node: 54+3
x: 54
y: 3
Solving node: 57+16
x: 57
y: 16
Solving node: 73+3
x: 73
y: 3
Solving node: 76-2
x: 76
y: 2
Solving node: 9*6
x: 9
y: 6
Solving node: 3*1
x: 3
y: 1
Solving node: 4:2
x: 4
y: 2
Solving node: 2*8
x: 2
y: 8
Solving node: 54+3
x: 54
y: 3
Solving node: 57+16
x: 57
y: 16
Solving node: 73+3
x: 73
y: 3
Solving node: 76-2
x: 76
y: 2
Solving node: 9*6
x: 9
y: 6
Solving node: 3*1
x: 3
y: 1
Solving node: 4:2
x: 4
y: 2
Solving node: 2*8
x: 2
y: 8
Solving node: 54+3
x: 54
y: 3
Solving node: 57+16
x: 57
y: 16
Solving node: 73+3
x: 73
y: 3
Difference: 76-2
Calculating bounds (multiplication)
Previous index: -1 | Last operator index: 2
Upper bound: 2
Calculating: 9*6+3*1+4:2*8+3-2*1
Solving node: 9*6
x: 9
y: 6
Solving node: 3*1
x: 3
y: 1
Solving node: 4:2
x: 4
y: 2
Solving node: 2*8
x: 2
y: 8
Solving node: 2*1
x: 2
y: 1
Solving node: 54+3
x: 54
y: 3
Solving node: 57+16
x: 57
y: 16
Solving node: 73+3
x: 73
y: 3
Solving node: 76-2
x: 76
y: 2
Solving node: 9*6
x: 9
y: 6
Solving node: 3*1
x: 3
y: 1
Solving node: 4:2
x: 4
y: 2
Solving node: 2*8
x: 2
y: 8
Solving node: 2*1
x: 2
y: 1
Solving node: 54+3
x: 54
y: 3
Solving node: 57+16
x: 57
y: 16
Solving node: 73+3
x: 73
y: 3
Solving node: 76-2
x: 76
y: 2
Solving node: 9*6
x: 9
y: 6
Solving node: 3*1
x: 3
y: 1
Solving node: 4:2
x: 4
y: 2
Solving node: 2*8
x: 2
y: 8
Solving node: 2*1
x: 2
y: 1
Solving node: 54+3
x: 54
y: 3
Solving node: 57+16
x: 57
y: 16
Solving node: 73+3
x: 73
y: 3
Difference: 76-2
Calculating: 9*6+3*1+4:2*8+3-2*1+7
Solving node: 9*6
x: 9
y: 6
Solving node: 3*1
x: 3
y: 1
Solving node: 4:2
x: 4
y: 2
Solving node: 2*8
x: 2
y: 8
Solving node: 2*1
x: 2
y: 1
Solving node: 54+3
x: 54
y: 3
Solving node: 57+16
x: 57
y: 16
Solving node: 73+3
x: 73
y: 3
Solving node: 76-2
x: 76
y: 2
Solving node: 74+7
x: 74
y: 7
Solving node: 9*6
x: 9
y: 6
Solving node: 3*1
x: 3
y: 1
Solving node: 4:2
x: 4
y: 2
Solving node: 2*8
x: 2
y: 8
Solving node: 2*1
x: 2
y: 1
Solving node: 54+3
x: 54
y: 3
Solving node: 57+16
x: 57
y: 16
Solving node: 73+3
x: 73
y: 3
Solving node: 76-2
x: 76
y: 2
Solving node: 9*6
x: 9
y: 6
Solving node: 3*1
x: 3
y: 1
Solving node: 4:2
x: 4
y: 2
Solving node: 2*8
x: 2
y: 8
Solving node: 2*1
x: 2
y: 1
Solving node: 54+3
x: 54
y: 3
Solving node: 57+16
x: 57
y: 16
Solving node: 73+3
x: 73
y: 3
Solving node: 76-2
x: 76
y: 2
Solving node: 74+7
x: 74
y: 7
Difference: 81
Using default bounds (multiplication)
Calculating: 9*6+3*1+4:2*8+3-2*1+7*9
Solving node: 9*6
x: 9
y: 6
Solving node: 3*1
x: 3
y: 1
Solving node: 4:2
x: 4
y: 2
Solving node: 2*8
x: 2
y: 8
Solving node: 2*1
x: 2
y: 1
Solving node: 7*9
x: 7
y: 9
Solving node: 54+3
x: 54
y: 3
Solving node: 57+16
x: 57
y: 16
Solving node: 73+3
x: 73
y: 3
Solving node: 76-2
x: 76
y: 2
Solving node: 74+63
x: 74
y: 63
Solving node: 9*6
x: 9
y: 6
Solving node: 3*1
x: 3
y: 1
Solving node: 4:2
x: 4
y: 2
Solving node: 2*8
x: 2
y: 8
Solving node: 2*1
x: 2
y: 1
Solving node: 7*9
x: 7
y: 9
Solving node: 54+3
x: 54
y: 3
Solving node: 57+16
x: 57
y: 16
Solving node: 73+3
x: 73
y: 3
Solving node: 76-2
x: 76
y: 2
Solving node: 9*6
x: 9
y: 6
Solving node: 3*1
x: 3
y: 1
Solving node: 4:2
x: 4
y: 2
Solving node: 2*8
x: 2
y: 8
Solving node: 2*1
x: 2
y: 1
Solving node: 7*9
x: 7
y: 9
Solving node: 54+3
x: 54
y: 3
Solving node: 57+16
x: 57
y: 16
Solving node: 73+3
x: 73
y: 3
Solving node: 76-2
x: 76
y: 2
Solving node: 74+63
x: 74
y: 63
Difference: 137
Calculating: 9*6+3*1+4:2*8+3-2*1+7*9+3
Solving node: 9*6
x: 9
y: 6
Solving node: 3*1
x: 3
y: 1
Solving node: 4:2
x: 4
y: 2
Solving node: 2*8
x: 2
y: 8
Solving node: 2*1
x: 2
y: 1
Solving node: 7*9
x: 7
y: 9
Solving node: 54+3
x: 54
y: 3
Solving node: 57+16
x: 57
y: 16
Solving node: 73+3
x: 73
y: 3
Solving node: 76-2
x: 76
y: 2
Solving node: 74+63
x: 74
y: 63
Solving node: 137+3
x: 137
y: 3
Solving node: 9*6
x: 9
y: 6
Solving node: 3*1
x: 3
y: 1
Solving node: 4:2
x: 4
y: 2
Solving node: 2*8
x: 2
y: 8
Solving node: 2*1
x: 2
y: 1
Solving node: 7*9
x: 7
y: 9
Solving node: 54+3
x: 54
y: 3
Solving node: 57+16
x: 57
y: 16
Solving node: 73+3
x: 73
y: 3
Solving node: 76-2
x: 76
y: 2
Solving node: 9*6
x: 9
y: 6
Solving node: 3*1
x: 3
y: 1
Solving node: 4:2
x: 4
y: 2
Solving node: 2*8
x: 2
y: 8
Solving node: 2*1
x: 2
y: 1
Solving node: 7*9
x: 7
y: 9
Solving node: 54+3
x: 54
y: 3
Solving node: 57+16
x: 57
y: 16
Solving node: 73+3
x: 73
y: 3
Solving node: 76-2
x: 76
y: 2
Solving node: 74+63
x: 74
y: 63
Solving node: 137+3
x: 137
y: 3
Difference: 140
Using default bounds (multiplication)
Calculating: 9*6+3*1+4:2*8+3-2*1+7*9+3*4
Solving node: 9*6
x: 9
y: 6
Solving node: 3*1
x: 3
y: 1
Solving node: 4:2
x: 4
y: 2
Solving node: 2*8
x: 2
y: 8
Solving node: 2*1
x: 2
y: 1
Solving node: 7*9
x: 7
y: 9
Solving node: 3*4
x: 3
y: 4
Solving node: 54+3
x: 54
y: 3
Solving node: 57+16
x: 57
y: 16
Solving node: 73+3
x: 73
y: 3
Solving node: 76-2
x: 76
y: 2
Solving node: 74+63
x: 74
y: 63
Solving node: 137+12
x: 137
y: 12
Solving node: 9*6
x: 9
y: 6
Solving node: 3*1
x: 3
y: 1
Solving node: 4:2
x: 4
y: 2
Solving node: 2*8
x: 2
y: 8
Solving node: 2*1
x: 2
y: 1
Solving node: 7*9
x: 7
y: 9
Solving node: 3*4
x: 3
y: 4
Solving node: 54+3
x: 54
y: 3
Solving node: 57+16
x: 57
y: 16
Solving node: 73+3
x: 73
y: 3
Solving node: 76-2
x: 76
y: 2
Solving node: 9*6
x: 9
y: 6
Solving node: 3*1
x: 3
y: 1
Solving node: 4:2
x: 4
y: 2
Solving node: 2*8
x: 2
y: 8
Solving node: 2*1
x: 2
y: 1
Solving node: 7*9
x: 7
y: 9
Solving node: 3*4
x: 3
y: 4
Solving node: 54+3
x: 54
y: 3
Solving node: 57+16
x: 57
y: 16
Solving node: 73+3
x: 73
y: 3
Solving node: 76-2
x: 76
y: 2
Solving node: 74+63
x: 74
y: 63
Solving node: 137+12
x: 137
y: 12
Difference: 149
Last: 4; Last sum: 12
Calculating: 9*6+3*1+4:2*8+3-2*1+7*9+3*4-2
Solving node: 9*6
x: 9
y: 6
Solving node: 3*1
x: 3
y: 1
Solving node: 4:2
x: 4
y: 2
Solving node: 2*8
x: 2
y: 8
Solving node: 2*1
x: 2
y: 1
Solving node: 7*9
x: 7
y: 9
Solving node: 3*4
x: 3
y: 4
Solving node: 54+3
x: 54
y: 3
Solving node: 57+16
x: 57
y: 16
Solving node: 73+3
x: 73
y: 3
Solving node: 76-2
x: 76
y: 2
Solving node: 74+63
x: 74
y: 63
Solving node: 137+12
x: 137
y: 12
Solving node: 149-2
x: 149
y: 2
Solving node: 9*6
x: 9
y: 6
Solving node: 3*1
x: 3
y: 1
Solving node: 4:2
x: 4
y: 2
Solving node: 2*8
x: 2
y: 8
Solving node: 2*1
x: 2
y: 1
Solving node: 7*9
x: 7
y: 9
Solving node: 3*4
x: 3
y: 4
Solving node: 54+3
x: 54
y: 3
Solving node: 57+16
x: 57
y: 16
Solving node: 73+3
x: 73
y: 3
Solving node: 76-2
x: 76
y: 2
Solving node: 74+63
x: 74
y: 63
Solving node: 137+12
x: 137
y: 12
Solving node: 149-2
x: 149
y: 2
Solving node: 9*6
x: 9
y: 6
Solving node: 3*1
x: 3
y: 1
Solving node: 4:2
x: 4
y: 2
Solving node: 2*8
x: 2
y: 8
Solving node: 2*1
x: 2
y: 1
Solving node: 7*9
x: 7
y: 9
Solving node: 3*4
x: 3
y: 4
Solving node: 54+3
x: 54
y: 3
Solving node: 57+16
x: 57
y: 16
Solving node: 73+3
x: 73
y: 3
Solving node: 76-2
x: 76
y: 2
Solving node: 74+63
x: 74
y: 63
Solving node: 137+12
x: 137
y: 12
Difference: 149-2
Calculating bounds (multiplication)
Previous index: -1 | Last operator index: 3
Upper bound: 2
Calculating: 9*6+3*1+4:2*8+3-2*1+7*9+3*4-2*1
Solving node: 9*6
x: 9
y: 6
Solving node: 3*1
x: 3
y: 1
Solving node: 4:2
x: 4
y: 2
Solving node: 2*8
x: 2
y: 8
Solving node: 2*1
x: 2
y: 1
Solving node: 7*9
x: 7
y: 9
Solving node: 3*4
x: 3
y: 4
Solving node: 2*1
x: 2
y: 1
Solving node: 54+3
x: 54
y: 3
Solving node: 57+16
x: 57
y: 16
Solving node: 73+3
x: 73
y: 3
Solving node: 76-2
x: 76
y: 2
Solving node: 74+63
x: 74
y: 63
Solving node: 137+12
x: 137
y: 12
Solving node: 149-2
x: 149
y: 2
Solving node: 9*6
x: 9
y: 6
Solving node: 3*1
x: 3
y: 1
Solving node: 4:2
x: 4
y: 2
Solving node: 2*8
x: 2
y: 8
Solving node: 2*1
x: 2
y: 1
Solving node: 7*9
x: 7
y: 9
Solving node: 3*4
x: 3
y: 4
Solving node: 2*1
x: 2
y: 1
Solving node: 54+3
x: 54
y: 3
Solving node: 57+16
x: 57
y: 16
Solving node: 73+3
x: 73
y: 3
Solving node: 76-2
x: 76
y: 2
Solving node: 74+63
x: 74
y: 63
Solving node: 137+12
x: 137
y: 12
Solving node: 149-2
x: 149
y: 2
Solving node: 9*6
x: 9
y: 6
Solving node: 3*1
x: 3
y: 1
Solving node: 4:2
x: 4
y: 2
Solving node: 2*8
x: 2
y: 8
Solving node: 2*1
x: 2
y: 1
Solving node: 7*9
x: 7
y: 9
Solving node: 3*4
x: 3
y: 4
Solving node: 2*1
x: 2
y: 1
Solving node: 54+3
x: 54
y: 3
Solving node: 57+16
x: 57
y: 16
Solving node: 73+3
x: 73
y: 3
Solving node: 76-2
x: 76
y: 2
Solving node: 74+63
x: 74
y: 63
Solving node: 137+12
x: 137
y: 12
Difference: 149-2
Calculating: 9*6+3*1+4:2*8+3-2*1+7*9+3*4-2*1+6
Solving node: 9*6
x: 9
y: 6
Solving node: 3*1
x: 3
y: 1
Solving node: 4:2
x: 4
y: 2
Solving node: 2*8
x: 2
y: 8
Solving node: 2*1
x: 2
y: 1
Solving node: 7*9
x: 7
y: 9
Solving node: 3*4
x: 3
y: 4
Solving node: 2*1
x: 2
y: 1
Solving node: 54+3
x: 54
y: 3
Solving node: 57+16
x: 57
y: 16
Solving node: 73+3
x: 73
y: 3
Solving node: 76-2
x: 76
y: 2
Solving node: 74+63
x: 74
y: 63
Solving node: 137+12
x: 137
y: 12
Solving node: 149-2
x: 149
y: 2
Solving node: 147+6
x: 147
y: 6
Originallösung: 9*6+3*1+4:2*8+3-2*1+7*9+3*4-2*1+6 = 153
[50/100] 9*6+3*1+4:2*8+3-2*1+7*9+3*4-2*1+6
Testing equation: 9*6+3*1+4:2*8+3-2*1+7*9+3*4-2*1+6
Checking node: 9*6
Solving node: 9*6
x: 9
y: 6
Checking node: 3*1
Solving node: 3*1
x: 3
y: 1
Checking node: 4:2
Solving node: 4:2
x: 4
y: 2
Checking node: 2*8
Solving node: 2*8
x: 2
y: 8
Checking node: 2*1
Solving node: 2*1
x: 2
y: 1
Checking node: 7*9
Solving node: 7*9
x: 7
y: 9
Checking node: 3*4
Solving node: 3*4
x: 3
y: 4
Checking node: 2*1
Solving node: 2*1
x: 2
y: 1
Checking node: 54+3
Solving node: 54+3
x: 54
y: 3
Checking node: 57+16
Solving node: 57+16
x: 57
y: 16
Checking node: 73+3
Solving node: 73+3
x: 73
y: 3
Checking node: 76-2
Solving node: 76-2
x: 76
y: 2
Checking node: 74+63
Solving node: 74+63
x: 74
y: 63
Checking node: 137+12
Solving node: 137+12
x: 137
y: 12
Checking node: 149-2
Solving node: 149-2
x: 149
y: 2
Checking node: 147+6
Solving node: 147+6
x: 147
y: 6
Checking node: 9*6
Checking node: 6+3
Checking node: 3*1
Checking node: 1+4
Checking node: 4:2
Checking node: 2*8
Checking node: 8+3
Checking node: 3-2
Checking node: 2*1
Checking node: 1+7
Checking node: 7*9
Checking node: 9+3
Checking node: 3*4
Checking node: 4-2
Checking node: 2*1
Checking node: 1+6
Difference: 6
Calculating: 6+5
Solving node: 6+5
x: 6
y: 5
Solving node: 6+5
x: 6
y: 5
Difference: 11
Last: 5; Last sum: 5
Calculating: 6+5-1
Solving node: 6+5
x: 6
y: 5
Solving node: 11-1
x: 11
y: 1
Solving node: 6+5
x: 6
y: 5
Solving node: 11-1
x: 11
y: 1
Solving node: 6+5
x: 6
y: 5
Difference: 11-1
Calculating: 6+5-1+9
Solving node: 6+5
x: 6
y: 5
Solving node: 11-1
x: 11
y: 1
Solving node: 10+9
x: 10
y: 9
Solving node: 6+5
x: 6
y: 5
Solving node: 11-1
x: 11
y: 1
Solving node: 6+5
x: 6
y: 5
Solving node: 11-1
x: 11
y: 1
Solving node: 10+9
x: 10
y: 9
Difference: 19
Using default bounds (multiplication)
Calculating: 6+5-1+9*4
Solving node: 9*4
x: 9
y: 4
Solving node: 6+5
x: 6
y: 5
Solving node: 11-1
x: 11
y: 1
Solving node: 10+36
x: 10
y: 36
Solving node: 9*4
x: 9
y: 4
Solving node: 6+5
x: 6
y: 5
Solving node: 11-1
x: 11
y: 1
Solving node: 9*4
x: 9
y: 4
Solving node: 6+5
x: 6
y: 5
Solving node: 11-1
x: 11
y: 1
Solving node: 10+36
x: 10
y: 36
Difference: 46
Calculating: 6+5-1+9*4+2
Solving node: 9*4
x: 9
y: 4
Solving node: 6+5
x: 6
y: 5
Solving node: 11-1
x: 11
y: 1
Solving node: 10+36
x: 10
y: 36
Solving node: 46+2
x: 46
y: 2
Solving node: 9*4
x: 9
y: 4
Solving node: 6+5
x: 6
y: 5
Solving node: 11-1
x: 11
y: 1
Solving node: 9*4
x: 9
y: 4
Solving node: 6+5
x: 6
y: 5
Solving node: 11-1
x: 11
y: 1
Solving node: 10+36
x: 10
y: 36
Solving node: 46+2
x: 46
y: 2
Difference: 48
Using default bounds (multiplication)
Calculating: 6+5-1+9*4+2*5
Solving node: 9*4
x: 9
y: 4
Solving node: 2*5
x: 2
y: 5
Solving node: 6+5
x: 6
y: 5
Solving node: 11-1
x: 11
y: 1
Solving node: 10+36
x: 10
y: 36
Solving node: 46+10
x: 46
y: 10
Solving node: 9*4
x: 9
y: 4
Solving node: 2*5
x: 2
y: 5
Solving node: 6+5
x: 6
y: 5
Solving node: 11-1
x: 11
y: 1
Solving node: 9*4
x: 9
y: 4
Solving node: 2*5
x: 2
y: 5
Solving node: 6+5
x: 6
y: 5
Solving node: 11-1
x: 11
y: 1
Solving node: 10+36
x: 10
y: 36
Solving node: 46+10
x: 46
y: 10
Difference: 56
Last: 5; Last sum: 10
Calculating: 6+5-1+9*4+2*5-4
Solving node: 9*4
x: 9
y: 4
Solving node: 2*5
x: 2
y: 5
Solving node: 6+5
x: 6
y: 5
Solving node: 11-1
x: 11
y: 1
Solving node: 10+36
x: 10
y: 36
Solving node: 46+10
x: 46
y: 10
Solving node: 56-4
x: 56
y: 4
Solving node: 9*4
x: 9
y: 4
Solving node: 2*5
x: 2
y: 5
Solving node: 6+5
x: 6
y: 5
Solving node: 11-1
x: 11
y: 1
Solving node: 10+36
x: 10
y: 36
Solving node: 46+10
x: 46
y: 10
Solving node: 56-4
x: 56
y: 4
Solving node: 9*4
x: 9
y: 4
Solving node: 2*5
x: 2
y: 5
Solving node: 6+5
x: 6
y: 5
Solving node: 11-1
x: 11
y: 1
Solving node: 10+36
x: 10
y: 36
Solving node: 46+10
x: 46
y: 10
Difference: 56-4
Calculating: 6+5-1+9*4+2*5-4+3
Solving node: 9*4
x: 9
y: 4
Solving node: 2*5
x: 2
y: 5
Solving node: 6+5
x: 6
y: 5
Solving node: 11-1
x: 11
y: 1
Solving node: 10+36
x: 10
y: 36
Solving node: 46+10
x: 46
y: 10
Solving node: 56-4
x: 56
y: 4
Solving node: 52+3
x: 52
y: 3
Solving node: 9*4
x: 9
y: 4
Solving node: 2*5
x: 2
y: 5
Solving node: 6+5
x: 6
y: 5
Solving node: 11-1
x: 11
y: 1
Solving node: 10+36
x: 10
y: 36
Solving node: 46+10
x: 46
y: 10
Solving node: 56-4
x: 56
y: 4
Solving node: 9*4
x: 9
y: 4
Solving node: 2*5
x: 2
y: 5
Solving node: 6+5
x: 6
y: 5
Solving node: 11-1
x: 11
y: 1
Solving node: 10+36
x: 10
y: 36
Solving node: 46+10
x: 46
y: 10
Solving node: 56-4
x: 56
y: 4
Solving node: 52+3
x: 52
y: 3
Difference: 55
Using default bounds (multiplication)
Calculating: 6+5-1+9*4+2*5-4+3*4
Solving node: 9*4
x: 9
y: 4
Solving node: 2*5
x: 2
y: 5
Solving node: 3*4
x: 3
y: 4
Solving node: 6+5
x: 6
y: 5
Solving node: 11-1
x: 11
y: 1
Solving node: 10+36
x: 10
y: 36
Solving node: 46+10
x: 46
y: 10
Solving node: 56-4
x: 56
y: 4
Solving node: 52+12
x: 52
y: 12
Solving node: 9*4
x: 9
y: 4
Solving node: 2*5
x: 2
y: 5
Solving node: 3*4
x: 3
y: 4
Solving node: 6+5
x: 6
y: 5
Solving node: 11-1
x: 11
y: 1
Solving node: 10+36
x: 10
y: 36
Solving node: 46+10
x: 46
y: 10
Solving node: 56-4
x: 56
y: 4
Solving node: 9*4
x: 9
y: 4
Solving node: 2*5
x: 2
y: 5
Solving node: 3*4
x: 3
y: 4
Solving node: 6+5
x: 6
y: 5
Solving node: 11-1
x: 11
y: 1
Solving node: 10+36
x: 10
y: 36
Solving node: 46+10
x: 46
y: 10
Solving node: 56-4
x: 56
y: 4
Solving node: 52+12
x: 52
y: 12
Difference: 64
Last: 4; Last sum: 12
Calculating: 6+5-1+9*4+2*5-4+3*4-2
Solving node: 9*4
x: 9
y: 4
Solving node: 2*5
x: 2
y: 5
Solving node: 3*4
x: 3
y: 4
Solving node: 6+5
x: 6
y: 5
Solving node: 11-1
x: 11
y: 1
Solving node: 10+36
x: 10
y: 36
Solving node: 46+10
x: 46
y: 10
Solving node: 56-4
x: 56
y: 4
Solving node: 52+12
x: 52
y: 12
Solving node: 64-2
x: 64
y: 2
Solving node: 9*4
x: 9
y: 4
Solving node: 2*5
x: 2
y: 5
Solving node: 3*4
x: 3
y: 4
Solving node: 6+5
x: 6
y: 5
Solving node: 11-1
x: 11
y: 1
Solving node: 10+36
x: 10
y: 36
Solving node: 46+10
x: 46
y: 10
Solving node: 56-4
x: 56
y: 4
Solving node: 52+12
x: 52
y: 12
Solving node: 64-2
x: 64
y: 2
Solving node: 9*4
x: 9
y: 4
Solving node: 2*5
x: 2
y: 5
Solving node: 3*4
x: 3
y: 4
Solving node: 6+5
x: 6
y: 5
Solving node: 11-1
x: 11
y: 1
Solving node: 10+36
x: 10
y: 36
Solving node: 46+10
x: 46
y: 10
Solving node: 56-4
x: 56
y: 4
Solving node: 52+12
x: 52
y: 12
Difference: 64-2
Calculating: 6+5-1+9*4+2*5-4+3*4-2+9
Solving node: 9*4
x: 9
y: 4
Solving node: 2*5
x: 2
y: 5
Solving node: 3*4
x: 3
y: 4
Solving node: 6+5
x: 6
y: 5
Solving node: 11-1
x: 11
y: 1
Solving node: 10+36
x: 10
y: 36
Solving node: 46+10
x: 46
y: 10
Solving node: 56-4
x: 56
y: 4
Solving node: 52+12
x: 52
y: 12
Solving node: 64-2
x: 64
y: 2
Solving node: 62+9
x: 62
y: 9
Solving node: 9*4
x: 9
y: 4
Solving node: 2*5
x: 2
y: 5
Solving node: 3*4
x: 3
y: 4
Solving node: 6+5
x: 6
y: 5
Solving node: 11-1
x: 11
y: 1
Solving node: 10+36
x: 10
y: 36
Solving node: 46+10
x: 46
y: 10
Solving node: 56-4
x: 56
y: 4
Solving node: 52+12
x: 52
y: 12
Solving node: 64-2
x: 64
y: 2
Solving node: 9*4
x: 9
y: 4
Solving node: 2*5
x: 2
y: 5
Solving node: 3*4
x: 3
y: 4
Solving node: 6+5
x: 6
y: 5
Solving node: 11-1
x: 11
y: 1
Solving node: 10+36
x: 10
y: 36
Solving node: 46+10
x: 46
y: 10
Solving node: 56-4
x: 56
y: 4
Solving node: 52+12
x: 52
y: 12
Solving node: 64-2
x: 64
y: 2
Solving node: 62+9
x: 62
y: 9
Difference: 71
Using default bounds (multiplication)
Calculating: 6+5-1+9*4+2*5-4+3*4-2+9*6
Solving node: 9*4
x: 9
y: 4
Solving node: 2*5
x: 2
y: 5
Solving node: 3*4
x: 3
y: 4
Solving node: 9*6
x: 9
y: 6
Solving node: 6+5
x: 6
y: 5
Solving node: 11-1
x: 11
y: 1
Solving node: 10+36
x: 10
y: 36
Solving node: 46+10
x: 46
y: 10
Solving node: 56-4
x: 56
y: 4
Solving node: 52+12
x: 52
y: 12
Solving node: 64-2
x: 64
y: 2
Solving node: 62+54
x: 62
y: 54
Solving node: 9*4
x: 9
y: 4
Solving node: 2*5
x: 2
y: 5
Solving node: 3*4
x: 3
y: 4
Solving node: 9*6
x: 9
y: 6
Solving node: 6+5
x: 6
y: 5
Solving node: 11-1
x: 11
y: 1
Solving node: 10+36
x: 10
y: 36
Solving node: 46+10
x: 46
y: 10
Solving node: 56-4
x: 56
y: 4
Solving node: 52+12
x: 52
y: 12
Solving node: 64-2
x: 64
y: 2
Solving node: 9*4
x: 9
y: 4
Solving node: 2*5
x: 2
y: 5
Solving node: 3*4
x: 3
y: 4
Solving node: 9*6
x: 9
y: 6
Solving node: 6+5
x: 6
y: 5
Solving node: 11-1
x: 11
y: 1
Solving node: 10+36
x: 10
y: 36
Solving node: 46+10
x: 46
y: 10
Solving node: 56-4
x: 56
y: 4
Solving node: 52+12
x: 52
y: 12
Solving node: 64-2
x: 64
y: 2
Solving node: 62+54
x: 62
y: 54
Difference: 116
Calculating: 6+5-1+9*4+2*5-4+3*4-2+9*6+9
Solving node: 9*4
x: 9
y: 4
Solving node: 2*5
x: 2
y: 5
Solving node: 3*4
x: 3
y: 4
Solving node: 9*6
x: 9
y: 6
Solving node: 6+5
x: 6
y: 5
Solving node: 11-1
x: 11
y: 1
Solving node: 10+36
x: 10
y: 36
Solving node: 46+10
x: 46
y: 10
Solving node: 56-4
x: 56
y: 4
Solving node: 52+12
x: 52
y: 12
Solving node: 64-2
x: 64
y: 2
Solving node: 62+54
x: 62
y: 54
Solving node: 116+9
x: 116
y: 9
Solving node: 9*4
x: 9
y: 4
Solving node: 2*5
x: 2
y: 5
Solving node: 3*4
x: 3
y: 4
Solving node: 9*6
x: 9
y: 6
Solving node: 6+5
x: 6
y: 5
Solving node: 11-1
x: 11
y: 1
Solving node: 10+36
x: 10
y: 36
Solving node: 46+10
x: 46
y: 10
Solving node: 56-4
x: 56
y: 4
Solving node: 52+12
x: 52
y: 12
Solving node: 64-2
x: 64
y: 2
Solving node: 9*4
x: 9
y: 4
Solving node: 2*5
x: 2
y: 5
Solving node: 3*4
x: 3
y: 4
Solving node: 9*6
x: 9
y: 6
Solving node: 6+5
x: 6
y: 5
Solving node: 11-1
x: 11
y: 1
Solving node: 10+36
x: 10
y: 36
Solving node: 46+10
x: 46
y: 10
Solving node: 56-4
x: 56
y: 4
Solving node: 52+12
x: 52
y: 12
Solving node: 64-2
x: 64
y: 2
Solving node: 62+54
x: 62
y: 54
Solving node: 116+9
x: 116
y: 9
Difference: 125
Last: 9; Last sum: 9
Calculating: 6+5-1+9*4+2*5-4+3*4-2+9*6+9-7
Solving node: 9*4
x: 9
y: 4
Solving node: 2*5
x: 2
y: 5
Solving node: 3*4
x: 3
y: 4
Solving node: 9*6
x: 9
y: 6
Solving node: 6+5
x: 6
y: 5
Solving node: 11-1
x: 11
y: 1
Solving node: 10+36
x: 10
y: 36
Solving node: 46+10
x: 46
y: 10
Solving node: 56-4
x: 56
y: 4
Solving node: 52+12
x: 52
y: 12
Solving node: 64-2
x: 64
y: 2
Solving node: 62+54
x: 62
y: 54
Solving node: 116+9
x: 116
y: 9
Solving node: 125-7
x: 125
y: 7
Solving node: 9*4
x: 9
y: 4
Solving node: 2*5
x: 2
y: 5
Solving node: 3*4
x: 3
y: 4
Solving node: 9*6
x: 9
y: 6
Solving node: 6+5
x: 6
y: 5
Solving node: 11-1
x: 11
y: 1
Solving node: 10+36
x: 10
y: 36
Solving node: 46+10
x: 46
y: 10
Solving node: 56-4
x: 56
y: 4
Solving node: 52+12
x: 52
y: 12
Solving node: 64-2
x: 64
y: 2
Solving node: 62+54
x: 62
y: 54
Solving node: 116+9
x: 116
y: 9
Solving node: 125-7
x: 125
y: 7
Solving node: 9*4
x: 9
y: 4
Solving node: 2*5
x: 2
y: 5
Solving node: 3*4
x: 3
y: 4
Solving node: 9*6
x: 9
y: 6
Solving node: 6+5
x: 6
y: 5
Solving node: 11-1
x: 11
y: 1
Solving node: 10+36
x: 10
y: 36
Solving node: 46+10
x: 46
y: 10
Solving node: 56-4
x: 56
y: 4
Solving node: 52+12
x: 52
y: 12
Solving node: 64-2
x: 64
y: 2
Solving node: 62+54
x: 62
y: 54
Solving node: 116+9
x: 116
y: 9
Difference: 125-7
Calculating: 6+5-1+9*4+2*5-4+3*4-2+9*6+9-7+7
Solving node: 9*4
x: 9
y: 4
Solving node: 2*5
x: 2
y: 5
Solving node: 3*4
x: 3
y: 4
Solving node: 9*6
x: 9
y: 6
Solving node: 6+5
x: 6
y: 5
Solving node: 11-1
x: 11
y: 1
Solving node: 10+36
x: 10
y: 36
Solving node: 46+10
x: 46
y: 10
Solving node: 56-4
x: 56
y: 4
Solving node: 52+12
x: 52
y: 12
Solving node: 64-2
x: 64
y: 2
Solving node: 62+54
x: 62
y: 54
Solving node: 116+9
x: 116
y: 9
Solving node: 125-7
x: 125
y: 7
Solving node: 118+7
x: 118
y: 7
Solving node: 9*4
x: 9
y: 4
Solving node: 2*5
x: 2
y: 5
Solving node: 3*4
x: 3
y: 4
Solving node: 9*6
x: 9
y: 6
Solving node: 6+5
x: 6
y: 5
Solving node: 11-1
x: 11
y: 1
Solving node: 10+36
x: 10
y: 36
Solving node: 46+10
x: 46
y: 10
Solving node: 56-4
x: 56
y: 4
Solving node: 52+12
x: 52
y: 12
Solving node: 64-2
x: 64
y: 2
Solving node: 62+54
x: 62
y: 54
Solving node: 116+9
x: 116
y: 9
Solving node: 125-7
x: 125
y: 7
Solving node: 9*4
x: 9
y: 4
Solving node: 2*5
x: 2
y: 5
Solving node: 3*4
x: 3
y: 4
Solving node: 9*6
x: 9
y: 6
Solving node: 6+5
x: 6
y: 5
Solving node: 11-1
x: 11
y: 1
Solving node: 10+36
x: 10
y: 36
Solving node: 46+10
x: 46
y: 10
Solving node: 56-4
x: 56
y: 4
Solving node: 52+12
x: 52
y: 12
Solving node: 64-2
x: 64
y: 2
Solving node: 62+54
x: 62
y: 54
Solving node: 116+9
x: 116
y: 9
Solving node: 125-7
x: 125
y: 7
Solving node: 118+7
x: 118
y: 7
Difference: 125
Using default bounds (multiplication)
Calculating: 6+5-1+9*4+2*5-4+3*4-2+9*6+9-7+7*6
Solving node: 9*4
x: 9
y: 4
Solving node: 2*5
x: 2
y: 5
Solving node: 3*4
x: 3
y: 4
Solving node: 9*6
x: 9
y: 6
Solving node: 7*6
x: 7
y: 6
Solving node: 6+5
x: 6
y: 5
Solving node: 11-1
x: 11
y: 1
Solving node: 10+36
x: 10
y: 36
Solving node: 46+10
x: 46
y: 10
Solving node: 56-4
x: 56
y: 4
Solving node: 52+12
x: 52
y: 12
Solving node: 64-2
x: 64
y: 2
Solving node: 62+54
x: 62
y: 54
Solving node: 116+9
x: 116
y: 9
Solving node: 125-7
x: 125
y: 7
Solving node: 118+42
x: 118
y: 42
Originallösung: 6+5-1+9*4+2*5-4+3*4-2+9*6+9-7+7*6 = 160
[51/100] 6+5-1+9*4+2*5-4+3*4-2+9*6+9-7+7*6
Testing equation: 6+5-1+9*4+2*5-4+3*4-2+9*6+9-7+7*6
Checking node: 9*4
Solving node: 9*4
x: 9
y: 4
Checking node: 2*5
Solving node: 2*5
x: 2
y: 5
Checking node: 3*4
Solving node: 3*4
x: 3
y: 4
Checking node: 9*6
Solving node: 9*6
x: 9
y: 6
Checking node: 7*6
Solving node: 7*6
x: 7
y: 6
Checking node: 6+5
Solving node: 6+5
x: 6
y: 5
Checking node: 11-1
Solving node: 11-1
x: 11
y: 1
Checking node: 10+36
Solving node: 10+36
x: 10
y: 36
Checking node: 46+10
Solving node: 46+10
x: 46
y: 10
Checking node: 56-4
Solving node: 56-4
x: 56
y: 4
Checking node: 52+12
Solving node: 52+12
x: 52
y: 12
Checking node: 64-2
Solving node: 64-2
x: 64
y: 2
Checking node: 62+54
Solving node: 62+54
x: 62
y: 54
Checking node: 116+9
Solving node: 116+9
x: 116
y: 9
Checking node: 125-7
Solving node: 125-7
x: 125
y: 7
Checking node: 118+42
Solving node: 118+42
x: 118
y: 42
Checking node: 6+5
Checking node: 5-1
Checking node: 1+9
Checking node: 9*4
Checking node: 4+2
Checking node: 2*5
Checking node: 5-4
Checking node: 4+3
Checking node: 3*4
Checking node: 4-2
Checking node: 2+9
Checking node: 9*6
Checking node: 6+9
Checking node: 9-7
Checking node: 7+7
Checking node: 7*6
Difference: 1
Using default bounds (multiplication)
Calculating: 1*4
Solving node: 1*4
x: 1
y: 4
Solving node: 1*4
x: 1
y: 4
Solving node: 1*4
x: 1
y: 4
Difference: 4
Calculating: 1*4+9
Solving node: 1*4
x: 1
y: 4
Solving node: 4+9
x: 4
y: 9
Solving node: 1*4
x: 1
y: 4
Solving node: 1*4
x: 1
y: 4
Solving node: 4+9
x: 4
y: 9
Difference: 13
Last: 9; Last sum: 9
Calculating: 1*4+9-1
Solving node: 1*4
x: 1
y: 4
Solving node: 4+9
x: 4
y: 9
Solving node: 13-1
x: 13
y: 1
Solving node: 1*4
x: 1
y: 4
Solving node: 4+9
x: 4
y: 9
Solving node: 13-1
x: 13
y: 1
Solving node: 1*4
x: 1
y: 4
Solving node: 4+9
x: 4
y: 9
Difference: 13-1
Calculating: 1*4+9-1+1
Solving node: 1*4
x: 1
y: 4
Solving node: 4+9
x: 4
y: 9
Solving node: 13-1
x: 13
y: 1
Solving node: 12+1
x: 12
y: 1
Solving node: 1*4
x: 1
y: 4
Solving node: 4+9
x: 4
y: 9
Solving node: 13-1
x: 13
y: 1
Solving node: 1*4
x: 1
y: 4
Solving node: 4+9
x: 4
y: 9
Solving node: 13-1
x: 13
y: 1
Solving node: 12+1
x: 12
y: 1
Difference: 13
Using default bounds (multiplication)
Calculating: 1*4+9-1+1*8
Solving node: 1*4
x: 1
y: 4
Solving node: 1*8
x: 1
y: 8
Solving node: 4+9
x: 4
y: 9
Solving node: 13-1
x: 13
y: 1
Solving node: 12+8
x: 12
y: 8
Solving node: 1*4
x: 1
y: 4
Solving node: 1*8
x: 1
y: 8
Solving node: 4+9
x: 4
y: 9
Solving node: 13-1
x: 13
y: 1
Solving node: 1*4
x: 1
y: 4
Solving node: 1*8
x: 1
y: 8
Solving node: 4+9
x: 4
y: 9
Solving node: 13-1
x: 13
y: 1
Solving node: 12+8
x: 12
y: 8
Difference: 20
Calculating: 1*4+9-1+1*8:4
Solving node: 1*4
x: 1
y: 4
Solving node: 1*8
x: 1
y: 8
Solving node: 8:4
x: 8
y: 4
Solving node: 4+9
x: 4
y: 9
Solving node: 13-1
x: 13
y: 1
Solving node: 12+2
x: 12
y: 2
Solving node: 1*4
x: 1
y: 4
Solving node: 1*8
x: 1
y: 8
Solving node: 8:4
x: 8
y: 4
Solving node: 4+9
x: 4
y: 9
Solving node: 13-1
x: 13
y: 1
Solving node: 1*4
x: 1
y: 4
Solving node: 1*8
x: 1
y: 8
Solving node: 8:4
x: 8
y: 4
Solving node: 4+9
x: 4
y: 9
Solving node: 13-1
x: 13
y: 1
Solving node: 12+2
x: 12
y: 2
Difference: 14
Last: 4; Last sum: 2
Calculating: 1*4+9-1+1*8:4-1
Solving node: 1*4
x: 1
y: 4
Solving node: 1*8
x: 1
y: 8
Solving node: 8:4
x: 8
y: 4
Solving node: 4+9
x: 4
y: 9
Solving node: 13-1
x: 13
y: 1
Solving node: 12+2
x: 12
y: 2
Solving node: 14-1
x: 14
y: 1
Solving node: 1*4
x: 1
y: 4
Solving node: 1*8
x: 1
y: 8
Solving node: 8:4
x: 8
y: 4
Solving node: 4+9
x: 4
y: 9
Solving node: 13-1
x: 13
y: 1
Solving node: 12+2
x: 12
y: 2
Solving node: 14-1
x: 14
y: 1
Solving node: 1*4
x: 1
y: 4
Solving node: 1*8
x: 1
y: 8
Solving node: 8:4
x: 8
y: 4
Solving node: 4+9
x: 4
y: 9
Solving node: 13-1
x: 13
y: 1
Solving node: 12+2
x: 12
y: 2
Difference: 14-1
Calculating: 1*4+9-1+1*8:4-1+5
Solving node: 1*4
x: 1
y: 4
Solving node: 1*8
x: 1
y: 8
Solving node: 8:4
x: 8
y: 4
Solving node: 4+9
x: 4
y: 9
Solving node: 13-1
x: 13
y: 1
Solving node: 12+2
x: 12
y: 2
Solving node: 14-1
x: 14
y: 1
Solving node: 13+5
x: 13
y: 5
Solving node: 1*4
x: 1
y: 4
Solving node: 1*8
x: 1
y: 8
Solving node: 8:4
x: 8
y: 4
Solving node: 4+9
x: 4
y: 9
Solving node: 13-1
x: 13
y: 1
Solving node: 12+2
x: 12
y: 2
Solving node: 14-1
x: 14
y: 1
Solving node: 1*4
x: 1
y: 4
Solving node: 1*8
x: 1
y: 8
Solving node: 8:4
x: 8
y: 4
Solving node: 4+9
x: 4
y: 9
Solving node: 13-1
x: 13
y: 1
Solving node: 12+2
x: 12
y: 2
Solving node: 14-1
x: 14
y: 1
Solving node: 13+5
x: 13
y: 5
Difference: 18
Using default bounds (multiplication)
Calculating: 1*4+9-1+1*8:4-1+5*2
Solving node: 1*4
x: 1
y: 4
Solving node: 1*8
x: 1
y: 8
Solving node: 8:4
x: 8
y: 4
Solving node: 5*2
x: 5
y: 2
Solving node: 4+9
x: 4
y: 9
Solving node: 13-1
x: 13
y: 1
Solving node: 12+2
x: 12
y: 2
Solving node: 14-1
x: 14
y: 1
Solving node: 13+10
x: 13
y: 10
Solving node: 1*4
x: 1
y: 4
Solving node: 1*8
x: 1
y: 8
Solving node: 8:4
x: 8
y: 4
Solving node: 5*2
x: 5
y: 2
Solving node: 4+9
x: 4
y: 9
Solving node: 13-1
x: 13
y: 1
Solving node: 12+2
x: 12
y: 2
Solving node: 14-1
x: 14
y: 1
Solving node: 1*4
x: 1
y: 4
Solving node: 1*8
x: 1
y: 8
Solving node: 8:4
x: 8
y: 4
Solving node: 5*2
x: 5
y: 2
Solving node: 4+9
x: 4
y: 9
Solving node: 13-1
x: 13
y: 1
Solving node: 12+2
x: 12
y: 2
Solving node: 14-1
x: 14
y: 1
Solving node: 13+10
x: 13
y: 10
Difference: 23
Calculating: 1*4+9-1+1*8:4-1+5*2+6
Solving node: 1*4
x: 1
y: 4
Solving node: 1*8
x: 1
y: 8
Solving node: 8:4
x: 8
y: 4
Solving node: 5*2
x: 5
y: 2
Solving node: 4+9
x: 4
y: 9
Solving node: 13-1
x: 13
y: 1
Solving node: 12+2
x: 12
y: 2
Solving node: 14-1
x: 14
y: 1
Solving node: 13+10
x: 13
y: 10
Solving node: 23+6
x: 23
y: 6
Solving node: 1*4
x: 1
y: 4
Solving node: 1*8
x: 1
y: 8
Solving node: 8:4
x: 8
y: 4
Solving node: 5*2
x: 5
y: 2
Solving node: 4+9
x: 4
y: 9
Solving node: 13-1
x: 13
y: 1
Solving node: 12+2
x: 12
y: 2
Solving node: 14-1
x: 14
y: 1
Solving node: 1*4
x: 1
y: 4
Solving node: 1*8
x: 1
y: 8
Solving node: 8:4
x: 8
y: 4
Solving node: 5*2
x: 5
y: 2
Solving node: 4+9
x: 4
y: 9
Solving node: 13-1
x: 13
y: 1
Solving node: 12+2
x: 12
y: 2
Solving node: 14-1
x: 14
y: 1
Solving node: 13+10
x: 13
y: 10
Solving node: 23+6
x: 23
y: 6
Difference: 29
Using default bounds (multiplication)
Calculating: 1*4+9-1+1*8:4-1+5*2+6*7
Solving node: 1*4
x: 1
y: 4
Solving node: 1*8
x: 1
y: 8
Solving node: 8:4
x: 8
y: 4
Solving node: 5*2
x: 5
y: 2
Solving node: 6*7
x: 6
y: 7
Solving node: 4+9
x: 4
y: 9
Solving node: 13-1
x: 13
y: 1
Solving node: 12+2
x: 12
y: 2
Solving node: 14-1
x: 14
y: 1
Solving node: 13+10
x: 13
y: 10
Solving node: 23+42
x: 23
y: 42
Solving node: 1*4
x: 1
y: 4
Solving node: 1*8
x: 1
y: 8
Solving node: 8:4
x: 8
y: 4
Solving node: 5*2
x: 5
y: 2
Solving node: 6*7
x: 6
y: 7
Solving node: 4+9
x: 4
y: 9
Solving node: 13-1
x: 13
y: 1
Solving node: 12+2
x: 12
y: 2
Solving node: 14-1
x: 14
y: 1
Solving node: 1*4
x: 1
y: 4
Solving node: 1*8
x: 1
y: 8
Solving node: 8:4
x: 8
y: 4
Solving node: 5*2
x: 5
y: 2
Solving node: 6*7
x: 6
y: 7
Solving node: 4+9
x: 4
y: 9
Solving node: 13-1
x: 13
y: 1
Solving node: 12+2
x: 12
y: 2
Solving node: 14-1
x: 14
y: 1
Solving node: 13+10
x: 13
y: 10
Solving node: 23+42
x: 23
y: 42
Difference: 65
Last: 7; Last sum: 42
Calculating: 1*4+9-1+1*8:4-1+5*2+6*7-4
Solving node: 1*4
x: 1
y: 4
Solving node: 1*8
x: 1
y: 8
Solving node: 8:4
x: 8
y: 4
Solving node: 5*2
x: 5
y: 2
Solving node: 6*7
x: 6
y: 7
Solving node: 4+9
x: 4
y: 9
Solving node: 13-1
x: 13
y: 1
Solving node: 12+2
x: 12
y: 2
Solving node: 14-1
x: 14
y: 1
Solving node: 13+10
x: 13
y: 10
Solving node: 23+42
x: 23
y: 42
Solving node: 65-4
x: 65
y: 4
Solving node: 1*4
x: 1
y: 4
Solving node: 1*8
x: 1
y: 8
Solving node: 8:4
x: 8
y: 4
Solving node: 5*2
x: 5
y: 2
Solving node: 6*7
x: 6
y: 7
Solving node: 4+9
x: 4
y: 9
Solving node: 13-1
x: 13
y: 1
Solving node: 12+2
x: 12
y: 2
Solving node: 14-1
x: 14
y: 1
Solving node: 13+10
x: 13
y: 10
Solving node: 23+42
x: 23
y: 42
Solving node: 65-4
x: 65
y: 4
Solving node: 1*4
x: 1
y: 4
Solving node: 1*8
x: 1
y: 8
Solving node: 8:4
x: 8
y: 4
Solving node: 5*2
x: 5
y: 2
Solving node: 6*7
x: 6
y: 7
Solving node: 4+9
x: 4
y: 9
Solving node: 13-1
x: 13
y: 1
Solving node: 12+2
x: 12
y: 2
Solving node: 14-1
x: 14
y: 1
Solving node: 13+10
x: 13
y: 10
Solving node: 23+42
x: 23
y: 42
Difference: 65-4
Previous index: -1 | Last operator index: 2
Calculating: 1*4+9-1+1*8:4-1+5*2+6*7-4:1
Solving node: 1*4
x: 1
y: 4
Solving node: 1*8
x: 1
y: 8
Solving node: 8:4
x: 8
y: 4
Solving node: 5*2
x: 5
y: 2
Solving node: 6*7
x: 6
y: 7
Solving node: 4:1
x: 4
y: 1
Solving node: 4+9
x: 4
y: 9
Solving node: 13-1
x: 13
y: 1
Solving node: 12+2
x: 12
y: 2
Solving node: 14-1
x: 14
y: 1
Solving node: 13+10
x: 13
y: 10
Solving node: 23+42
x: 23
y: 42
Solving node: 65-4
x: 65
y: 4
Solving node: 1*4
x: 1
y: 4
Solving node: 1*8
x: 1
y: 8
Solving node: 8:4
x: 8
y: 4
Solving node: 5*2
x: 5
y: 2
Solving node: 6*7
x: 6
y: 7
Solving node: 4:1
x: 4
y: 1
Solving node: 4+9
x: 4
y: 9
Solving node: 13-1
x: 13
y: 1
Solving node: 12+2
x: 12
y: 2
Solving node: 14-1
x: 14
y: 1
Solving node: 13+10
x: 13
y: 10
Solving node: 23+42
x: 23
y: 42
Solving node: 65-4
x: 65
y: 4
Solving node: 1*4
x: 1
y: 4
Solving node: 1*8
x: 1
y: 8
Solving node: 8:4
x: 8
y: 4
Solving node: 5*2
x: 5
y: 2
Solving node: 6*7
x: 6
y: 7
Solving node: 4:1
x: 4
y: 1
Solving node: 4+9
x: 4
y: 9
Solving node: 13-1
x: 13
y: 1
Solving node: 12+2
x: 12
y: 2
Solving node: 14-1
x: 14
y: 1
Solving node: 13+10
x: 13
y: 10
Solving node: 23+42
x: 23
y: 42
Difference: 65-4
Calculating bounds (multiplication)
Previous index: -1 | Last operator index: 2
Upper bound: 1
Solving node: 1*4
x: 1
y: 4
Solving node: 1*8
x: 1
y: 8
Solving node: 8:4
x: 8
y: 4
Solving node: 5*2
x: 5
y: 2
Solving node: 6*7
x: 6
y: 7
Solving node: 4:1
x: 4
y: 1
Solving node: 4+9
x: 4
y: 9
Solving node: 13-1
x: 13
y: 1
Solving node: 12+2
x: 12
y: 2
Solving node: 14-1
x: 14
y: 1
Solving node: 13+10
x: 13
y: 10
Solving node: 23+42
x: 23
y: 42
Solving node: 65-4
x: 65
y: 4
Solving node: 1*4
x: 1
y: 4
Solving node: 1*8
x: 1
y: 8
Solving node: 8:4
x: 8
y: 4
Solving node: 5*2
x: 5
y: 2
Solving node: 6*7
x: 6
y: 7
Solving node: 4:1
x: 4
y: 1
Solving node: 4+9
x: 4
y: 9
Solving node: 13-1
x: 13
y: 1
Solving node: 12+2
x: 12
y: 2
Solving node: 14-1
x: 14
y: 1
Solving node: 13+10
x: 13
y: 10
Solving node: 23+42
x: 23
y: 42
Difference: 65-4
Calculating: 1*4+9-1+1*8:4-1+5*2+6*7-4:1+2
Solving node: 1*4
x: 1
y: 4
Solving node: 1*8
x: 1
y: 8
Solving node: 8:4
x: 8
y: 4
Solving node: 5*2
x: 5
y: 2
Solving node: 6*7
x: 6
y: 7
Solving node: 4:1
x: 4
y: 1
Solving node: 4+9
x: 4
y: 9
Solving node: 13-1
x: 13
y: 1
Solving node: 12+2
x: 12
y: 2
Solving node: 14-1
x: 14
y: 1
Solving node: 13+10
x: 13
y: 10
Solving node: 23+42
x: 23
y: 42
Solving node: 65-4
x: 65
y: 4
Solving node: 61+2
x: 61
y: 2
Solving node: 1*4
x: 1
y: 4
Solving node: 1*8
x: 1
y: 8
Solving node: 8:4
x: 8
y: 4
Solving node: 5*2
x: 5
y: 2
Solving node: 6*7
x: 6
y: 7
Solving node: 4:1
x: 4
y: 1
Solving node: 4+9
x: 4
y: 9
Solving node: 13-1
x: 13
y: 1
Solving node: 12+2
x: 12
y: 2
Solving node: 14-1
x: 14
y: 1
Solving node: 13+10
x: 13
y: 10
Solving node: 23+42
x: 23
y: 42
Solving node: 65-4
x: 65
y: 4
Solving node: 1*4
x: 1
y: 4
Solving node: 1*8
x: 1
y: 8
Solving node: 8:4
x: 8
y: 4
Solving node: 5*2
x: 5
y: 2
Solving node: 6*7
x: 6
y: 7
Solving node: 4:1
x: 4
y: 1
Solving node: 4+9
x: 4
y: 9
Solving node: 13-1
x: 13
y: 1
Solving node: 12+2
x: 12
y: 2
Solving node: 14-1
x: 14
y: 1
Solving node: 13+10
x: 13
y: 10
Solving node: 23+42
x: 23
y: 42
Solving node: 65-4
x: 65
y: 4
Solving node: 61+2
x: 61
y: 2
Difference: 63
Using default bounds (multiplication)
Calculating: 1*4+9-1+1*8:4-1+5*2+6*7-4:1+2*4
Solving node: 1*4
x: 1
y: 4
Solving node: 1*8
x: 1
y: 8
Solving node: 8:4
x: 8
y: 4
Solving node: 5*2
x: 5
y: 2
Solving node: 6*7
x: 6
y: 7
Solving node: 4:1
x: 4
y: 1
Solving node: 2*4
x: 2
y: 4
Solving node: 4+9
x: 4
y: 9
Solving node: 13-1
x: 13
y: 1
Solving node: 12+2
x: 12
y: 2
Solving node: 14-1
x: 14
y: 1
Solving node: 13+10
x: 13
y: 10
Solving node: 23+42
x: 23
y: 42
Solving node: 65-4
x: 65
y: 4
Solving node: 61+8
x: 61
y: 8
Solving node: 1*4
x: 1
y: 4
Solving node: 1*8
x: 1
y: 8
Solving node: 8:4
x: 8
y: 4
Solving node: 5*2
x: 5
y: 2
Solving node: 6*7
x: 6
y: 7
Solving node: 4:1
x: 4
y: 1
Solving node: 2*4
x: 2
y: 4
Solving node: 4+9
x: 4
y: 9
Solving node: 13-1
x: 13
y: 1
Solving node: 12+2
x: 12
y: 2
Solving node: 14-1
x: 14
y: 1
Solving node: 13+10
x: 13
y: 10
Solving node: 23+42
x: 23
y: 42
Solving node: 65-4
x: 65
y: 4
Solving node: 1*4
x: 1
y: 4
Solving node: 1*8
x: 1
y: 8
Solving node: 8:4
x: 8
y: 4
Solving node: 5*2
x: 5
y: 2
Solving node: 6*7
x: 6
y: 7
Solving node: 4:1
x: 4
y: 1
Solving node: 2*4
x: 2
y: 4
Solving node: 4+9
x: 4
y: 9
Solving node: 13-1
x: 13
y: 1
Solving node: 12+2
x: 12
y: 2
Solving node: 14-1
x: 14
y: 1
Solving node: 13+10
x: 13
y: 10
Solving node: 23+42
x: 23
y: 42
Solving node: 65-4
x: 65
y: 4
Solving node: 61+8
x: 61
y: 8
Difference: 69
Calculating: 1*4+9-1+1*8:4-1+5*2+6*7-4:1+2*4+4
Solving node: 1*4
x: 1
y: 4
Solving node: 1*8
x: 1
y: 8
Solving node: 8:4
x: 8
y: 4
Solving node: 5*2
x: 5
y: 2
Solving node: 6*7
x: 6
y: 7
Solving node: 4:1
x: 4
y: 1
Solving node: 2*4
x: 2
y: 4
Solving node: 4+9
x: 4
y: 9
Solving node: 13-1
x: 13
y: 1
Solving node: 12+2
x: 12
y: 2
Solving node: 14-1
x: 14
y: 1
Solving node: 13+10
x: 13
y: 10
Solving node: 23+42
x: 23
y: 42
Solving node: 65-4
x: 65
y: 4
Solving node: 61+8
x: 61
y: 8
Solving node: 69+4
x: 69
y: 4
Originallösung: 1*4+9-1+1*8:4-1+5*2+6*7-4:1+2*4+4 = 73
[52/100] 1*4+9-1+1*8:4-1+5*2+6*7-4:1+2*4+4
Testing equation: 1*4+9-1+1*8:4-1+5*2+6*7-4:1+2*4+4
Checking node: 1*4
Solving node: 1*4
x: 1
y: 4
Checking node: 1*8
Solving node: 1*8
x: 1
y: 8
Checking node: 8:4
Solving node: 8:4
x: 8
y: 4
Checking node: 5*2
Solving node: 5*2
x: 5
y: 2
Checking node: 6*7
Solving node: 6*7
x: 6
y: 7
Checking node: 4:1
Solving node: 4:1
x: 4
y: 1
Checking node: 2*4
Solving node: 2*4
x: 2
y: 4
Checking node: 4+9
Solving node: 4+9
x: 4
y: 9
Checking node: 13-1
Solving node: 13-1
x: 13
y: 1
Checking node: 12+2
Solving node: 12+2
x: 12
y: 2
Checking node: 14-1
Solving node: 14-1
x: 14
y: 1
Checking node: 13+10
Solving node: 13+10
x: 13
y: 10
Checking node: 23+42
Solving node: 23+42
x: 23
y: 42
Checking node: 65-4
Solving node: 65-4
x: 65
y: 4
Checking node: 61+8
Solving node: 61+8
x: 61
y: 8
Checking node: 69+4
Solving node: 69+4
x: 69
y: 4
Checking node: 1*4
Checking node: 4+9
Checking node: 9-1
Checking node: 1+1
Checking node: 1*8
Checking node: 8:4
Checking node: 4-1
Checking node: 1+5
Checking node: 5*2
Checking node: 2+6
Checking node: 6*7
Checking node: 7-4
Checking node: 4:1
Checking node: 1+2
Checking node: 2*4
Checking node: 4+4
Difference: 7
Calculating: 7+4
Solving node: 7+4
x: 7
y: 4
Solving node: 7+4
x: 7
y: 4
Difference: 11
Calculating: 7+4:1
Solving node: 4:1
x: 4
y: 1
Solving node: 7+4
x: 7
y: 4
Solving node: 4:1
x: 4
y: 1
Solving node: 4:1
x: 4
y: 1
Solving node: 7+4
x: 7
y: 4
Difference: 11
Using default bounds (multiplication)
Calculating: 7+4:1*9
Solving node: 4:1
x: 4
y: 1
Solving node: 4*9
x: 4
y: 9
Solving node: 7+36
x: 7
y: 36
Solving node: 4:1
x: 4
y: 1
Solving node: 4*9
x: 4
y: 9
Solving node: 4:1
x: 4
y: 1
Solving node: 4*9
x: 4
y: 9
Solving node: 7+36
x: 7
y: 36
Difference: 43
Last: 9; Last sum: 36
Calculating: 7+4:1*9-2
Solving node: 4:1
x: 4
y: 1
Solving node: 4*9
x: 4
y: 9
Solving node: 7+36
x: 7
y: 36
Solving node: 43-2
x: 43
y: 2
Solving node: 4:1
x: 4
y: 1
Solving node: 4*9
x: 4
y: 9
Solving node: 7+36
x: 7
y: 36
Solving node: 43-2
x: 43
y: 2
Solving node: 4:1
x: 4
y: 1
Solving node: 4*9
x: 4
y: 9
Solving node: 7+36
x: 7
y: 36
Difference: 43-2
Calculating: 7+4:1*9-2+9
Solving node: 4:1
x: 4
y: 1
Solving node: 4*9
x: 4
y: 9
Solving node: 7+36
x: 7
y: 36
Solving node: 43-2
x: 43
y: 2
Solving node: 41+9
x: 41
y: 9
Solving node: 4:1
x: 4
y: 1
Solving node: 4*9
x: 4
y: 9
Solving node: 7+36
x: 7
y: 36
Solving node: 43-2
x: 43
y: 2
Solving node: 4:1
x: 4
y: 1
Solving node: 4*9
x: 4
y: 9
Solving node: 7+36
x: 7
y: 36
Solving node: 43-2
x: 43
y: 2
Solving node: 41+9
x: 41
y: 9
Difference: 50
Using default bounds (multiplication)
Calculating: 7+4:1*9-2+9*3
Solving node: 4:1
x: 4
y: 1
Solving node: 4*9
x: 4
y: 9
Solving node: 9*3
x: 9
y: 3
Solving node: 7+36
x: 7
y: 36
Solving node: 43-2
x: 43
y: 2
Solving node: 41+27
x: 41
y: 27
Solving node: 4:1
x: 4
y: 1
Solving node: 4*9
x: 4
y: 9
Solving node: 9*3
x: 9
y: 3
Solving node: 7+36
x: 7
y: 36
Solving node: 43-2
x: 43
y: 2
Solving node: 4:1
x: 4
y: 1
Solving node: 4*9
x: 4
y: 9
Solving node: 9*3
x: 9
y: 3
Solving node: 7+36
x: 7
y: 36
Solving node: 43-2
x: 43
y: 2
Solving node: 41+27
x: 41
y: 27
Difference: 68
Calculating: 7+4:1*9-2+9*3+2
Solving node: 4:1
x: 4
y: 1
Solving node: 4*9
x: 4
y: 9
Solving node: 9*3
x: 9
y: 3
Solving node: 7+36
x: 7
y: 36
Solving node: 43-2
x: 43
y: 2
Solving node: 41+27
x: 41
y: 27
Solving node: 68+2
x: 68
y: 2
Solving node: 4:1
x: 4
y: 1
Solving node: 4*9
x: 4
y: 9
Solving node: 9*3
x: 9
y: 3
Solving node: 7+36
x: 7
y: 36
Solving node: 43-2
x: 43
y: 2
Solving node: 4:1
x: 4
y: 1
Solving node: 4*9
x: 4
y: 9
Solving node: 9*3
x: 9
y: 3
Solving node: 7+36
x: 7
y: 36
Solving node: 43-2
x: 43
y: 2
Solving node: 41+27
x: 41
y: 27
Solving node: 68+2
x: 68
y: 2
Difference: 70
Using default bounds (multiplication)
Calculating: 7+4:1*9-2+9*3+2*9
Solving node: 4:1
x: 4
y: 1
Solving node: 4*9
x: 4
y: 9
Solving node: 9*3
x: 9
y: 3
Solving node: 2*9
x: 2
y: 9
Solving node: 7+36
x: 7
y: 36
Solving node: 43-2
x: 43
y: 2
Solving node: 41+27
x: 41
y: 27
Solving node: 68+18
x: 68
y: 18
Solving node: 4:1
x: 4
y: 1
Solving node: 4*9
x: 4
y: 9
Solving node: 9*3
x: 9
y: 3
Solving node: 2*9
x: 2
y: 9
Solving node: 7+36
x: 7
y: 36
Solving node: 43-2
x: 43
y: 2
Solving node: 4:1
x: 4
y: 1
Solving node: 4*9
x: 4
y: 9
Solving node: 9*3
x: 9
y: 3
Solving node: 2*9
x: 2
y: 9
Solving node: 7+36
x: 7
y: 36
Solving node: 43-2
x: 43
y: 2
Solving node: 41+27
x: 41
y: 27
Solving node: 68+18
x: 68
y: 18
Difference: 86
Last: 9; Last sum: 18
Calculating: 7+4:1*9-2+9*3+2*9-6
Solving node: 4:1
x: 4
y: 1
Solving node: 4*9
x: 4
y: 9
Solving node: 9*3
x: 9
y: 3
Solving node: 2*9
x: 2
y: 9
Solving node: 7+36
x: 7
y: 36
Solving node: 43-2
x: 43
y: 2
Solving node: 41+27
x: 41
y: 27
Solving node: 68+18
x: 68
y: 18
Solving node: 86-6
x: 86
y: 6
Solving node: 4:1
x: 4
y: 1
Solving node: 4*9
x: 4
y: 9
Solving node: 9*3
x: 9
y: 3
Solving node: 2*9
x: 2
y: 9
Solving node: 7+36
x: 7
y: 36
Solving node: 43-2
x: 43
y: 2
Solving node: 41+27
x: 41
y: 27
Solving node: 68+18
x: 68
y: 18
Solving node: 86-6
x: 86
y: 6
Solving node: 4:1
x: 4
y: 1
Solving node: 4*9
x: 4
y: 9
Solving node: 9*3
x: 9
y: 3
Solving node: 2*9
x: 2
y: 9
Solving node: 7+36
x: 7
y: 36
Solving node: 43-2
x: 43
y: 2
Solving node: 41+27
x: 41
y: 27
Solving node: 68+18
x: 68
y: 18
Difference: 86-6
Previous index: -1 | Last operator index: 2
Calculating: 7+4:1*9-2+9*3+2*9-6:2
Solving node: 4:1
x: 4
y: 1
Solving node: 4*9
x: 4
y: 9
Solving node: 9*3
x: 9
y: 3
Solving node: 2*9
x: 2
y: 9
Solving node: 6:2
x: 6
y: 2
Solving node: 7+36
x: 7
y: 36
Solving node: 43-2
x: 43
y: 2
Solving node: 41+27
x: 41
y: 27
Solving node: 68+18
x: 68
y: 18
Solving node: 86-3
x: 86
y: 3
Solving node: 4:1
x: 4
y: 1
Solving node: 4*9
x: 4
y: 9
Solving node: 9*3
x: 9
y: 3
Solving node: 2*9
x: 2
y: 9
Solving node: 6:2
x: 6
y: 2
Solving node: 7+36
x: 7
y: 36
Solving node: 43-2
x: 43
y: 2
Solving node: 41+27
x: 41
y: 27
Solving node: 68+18
x: 68
y: 18
Solving node: 86-3
x: 86
y: 3
Solving node: 4:1
x: 4
y: 1
Solving node: 4*9
x: 4
y: 9
Solving node: 9*3
x: 9
y: 3
Solving node: 2*9
x: 2
y: 9
Solving node: 6:2
x: 6
y: 2
Solving node: 7+36
x: 7
y: 36
Solving node: 43-2
x: 43
y: 2
Solving node: 41+27
x: 41
y: 27
Solving node: 68+18
x: 68
y: 18
Difference: 86-3
Calculating bounds (multiplication)
Previous index: -1 | Last operator index: 2
Upper bound: 2
Calculating: 7+4:1*9-2+9*3+2*9-6:2*1
Solving node: 4:1
x: 4
y: 1
Solving node: 4*9
x: 4
y: 9
Solving node: 9*3
x: 9
y: 3
Solving node: 2*9
x: 2
y: 9
Solving node: 6:2
x: 6
y: 2
Solving node: 3*1
x: 3
y: 1
Solving node: 7+36
x: 7
y: 36
Solving node: 43-2
x: 43
y: 2
Solving node: 41+27
x: 41
y: 27
Solving node: 68+18
x: 68
y: 18
Solving node: 86-3
x: 86
y: 3
Solving node: 4:1
x: 4
y: 1
Solving node: 4*9
x: 4
y: 9
Solving node: 9*3
x: 9
y: 3
Solving node: 2*9
x: 2
y: 9
Solving node: 6:2
x: 6
y: 2
Solving node: 3*1
x: 3
y: 1
Solving node: 7+36
x: 7
y: 36
Solving node: 43-2
x: 43
y: 2
Solving node: 41+27
x: 41
y: 27
Solving node: 68+18
x: 68
y: 18
Solving node: 86-3
x: 86
y: 3
Solving node: 4:1
x: 4
y: 1
Solving node: 4*9
x: 4
y: 9
Solving node: 9*3
x: 9
y: 3
Solving node: 2*9
x: 2
y: 9
Solving node: 6:2
x: 6
y: 2
Solving node: 3*1
x: 3
y: 1
Solving node: 7+36
x: 7
y: 36
Solving node: 43-2
x: 43
y: 2
Solving node: 41+27
x: 41
y: 27
Solving node: 68+18
x: 68
y: 18
Difference: 86-3
Calculating: 7+4:1*9-2+9*3+2*9-6:2*1+2
Solving node: 4:1
x: 4
y: 1
Solving node: 4*9
x: 4
y: 9
Solving node: 9*3
x: 9
y: 3
Solving node: 2*9
x: 2
y: 9
Solving node: 6:2
x: 6
y: 2
Solving node: 3*1
x: 3
y: 1
Solving node: 7+36
x: 7
y: 36
Solving node: 43-2
x: 43
y: 2
Solving node: 41+27
x: 41
y: 27
Solving node: 68+18
x: 68
y: 18
Solving node: 86-3
x: 86
y: 3
Solving node: 83+2
x: 83
y: 2
Solving node: 4:1
x: 4
y: 1
Solving node: 4*9
x: 4
y: 9
Solving node: 9*3
x: 9
y: 3
Solving node: 2*9
x: 2
y: 9
Solving node: 6:2
x: 6
y: 2
Solving node: 3*1
x: 3
y: 1
Solving node: 7+36
x: 7
y: 36
Solving node: 43-2
x: 43
y: 2
Solving node: 41+27
x: 41
y: 27
Solving node: 68+18
x: 68
y: 18
Solving node: 86-3
x: 86
y: 3
Solving node: 4:1
x: 4
y: 1
Solving node: 4*9
x: 4
y: 9
Solving node: 9*3
x: 9
y: 3
Solving node: 2*9
x: 2
y: 9
Solving node: 6:2
x: 6
y: 2
Solving node: 3*1
x: 3
y: 1
Solving node: 7+36
x: 7
y: 36
Solving node: 43-2
x: 43
y: 2
Solving node: 41+27
x: 41
y: 27
Solving node: 68+18
x: 68
y: 18
Solving node: 86-3
x: 86
y: 3
Solving node: 83+2
x: 83
y: 2
Difference: 85
Using default bounds (multiplication)
Calculating: 7+4:1*9-2+9*3+2*9-6:2*1+2*1
Solving node: 4:1
x: 4
y: 1
Solving node: 4*9
x: 4
y: 9
Solving node: 9*3
x: 9
y: 3
Solving node: 2*9
x: 2
y: 9
Solving node: 6:2
x: 6
y: 2
Solving node: 3*1
x: 3
y: 1
Solving node: 2*1
x: 2
y: 1
Solving node: 7+36
x: 7
y: 36
Solving node: 43-2
x: 43
y: 2
Solving node: 41+27
x: 41
y: 27
Solving node: 68+18
x: 68
y: 18
Solving node: 86-3
x: 86
y: 3
Solving node: 83+2
x: 83
y: 2
Solving node: 4:1
x: 4
y: 1
Solving node: 4*9
x: 4
y: 9
Solving node: 9*3
x: 9
y: 3
Solving node: 2*9
x: 2
y: 9
Solving node: 6:2
x: 6
y: 2
Solving node: 3*1
x: 3
y: 1
Solving node: 2*1
x: 2
y: 1
Solving node: 7+36
x: 7
y: 36
Solving node: 43-2
x: 43
y: 2
Solving node: 41+27
x: 41
y: 27
Solving node: 68+18
x: 68
y: 18
Solving node: 86-3
x: 86
y: 3
Solving node: 4:1
x: 4
y: 1
Solving node: 4*9
x: 4
y: 9
Solving node: 9*3
x: 9
y: 3
Solving node: 2*9
x: 2
y: 9
Solving node: 6:2
x: 6
y: 2
Solving node: 3*1
x: 3
y: 1
Solving node: 2*1
x: 2
y: 1
Solving node: 7+36
x: 7
y: 36
Solving node: 43-2
x: 43
y: 2
Solving node: 41+27
x: 41
y: 27
Solving node: 68+18
x: 68
y: 18
Solving node: 86-3
x: 86
y: 3
Solving node: 83+2
x: 83
y: 2
Difference: 85
Calculating: 7+4:1*9-2+9*3+2*9-6:2*1+2*1+9
Solving node: 4:1
x: 4
y: 1
Solving node: 4*9
x: 4
y: 9
Solving node: 9*3
x: 9
y: 3
Solving node: 2*9
x: 2
y: 9
Solving node: 6:2
x: 6
y: 2
Solving node: 3*1
x: 3
y: 1
Solving node: 2*1
x: 2
y: 1
Solving node: 7+36
x: 7
y: 36
Solving node: 43-2
x: 43
y: 2
Solving node: 41+27
x: 41
y: 27
Solving node: 68+18
x: 68
y: 18
Solving node: 86-3
x: 86
y: 3
Solving node: 83+2
x: 83
y: 2
Solving node: 85+9
x: 85
y: 9
Solving node: 4:1
x: 4
y: 1
Solving node: 4*9
x: 4
y: 9
Solving node: 9*3
x: 9
y: 3
Solving node: 2*9
x: 2
y: 9
Solving node: 6:2
x: 6
y: 2
Solving node: 3*1
x: 3
y: 1
Solving node: 2*1
x: 2
y: 1
Solving node: 7+36
x: 7
y: 36
Solving node: 43-2
x: 43
y: 2
Solving node: 41+27
x: 41
y: 27
Solving node: 68+18
x: 68
y: 18
Solving node: 86-3
x: 86
y: 3
Solving node: 4:1
x: 4
y: 1
Solving node: 4*9
x: 4
y: 9
Solving node: 9*3
x: 9
y: 3
Solving node: 2*9
x: 2
y: 9
Solving node: 6:2
x: 6
y: 2
Solving node: 3*1
x: 3
y: 1
Solving node: 2*1
x: 2
y: 1
Solving node: 7+36
x: 7
y: 36
Solving node: 43-2
x: 43
y: 2
Solving node: 41+27
x: 41
y: 27
Solving node: 68+18
x: 68
y: 18
Solving node: 86-3
x: 86
y: 3
Solving node: 83+2
x: 83
y: 2
Solving node: 85+9
x: 85
y: 9
Difference: 94
Using default bounds (multiplication)
Calculating: 7+4:1*9-2+9*3+2*9-6:2*1+2*1+9*3
Solving node: 4:1
x: 4
y: 1
Solving node: 4*9
x: 4
y: 9
Solving node: 9*3
x: 9
y: 3
Solving node: 2*9
x: 2
y: 9
Solving node: 6:2
x: 6
y: 2
Solving node: 3*1
x: 3
y: 1
Solving node: 2*1
x: 2
y: 1
Solving node: 9*3
x: 9
y: 3
Solving node: 7+36
x: 7
y: 36
Solving node: 43-2
x: 43
y: 2
Solving node: 41+27
x: 41
y: 27
Solving node: 68+18
x: 68
y: 18
Solving node: 86-3
x: 86
y: 3
Solving node: 83+2
x: 83
y: 2
Solving node: 85+27
x: 85
y: 27
Solving node: 4:1
x: 4
y: 1
Solving node: 4*9
x: 4
y: 9
Solving node: 9*3
x: 9
y: 3
Solving node: 2*9
x: 2
y: 9
Solving node: 6:2
x: 6
y: 2
Solving node: 3*1
x: 3
y: 1
Solving node: 2*1
x: 2
y: 1
Solving node: 9*3
x: 9
y: 3
Solving node: 7+36
x: 7
y: 36
Solving node: 43-2
x: 43
y: 2
Solving node: 41+27
x: 41
y: 27
Solving node: 68+18
x: 68
y: 18
Solving node: 86-3
x: 86
y: 3
Solving node: 4:1
x: 4
y: 1
Solving node: 4*9
x: 4
y: 9
Solving node: 9*3
x: 9
y: 3
Solving node: 2*9
x: 2
y: 9
Solving node: 6:2
x: 6
y: 2
Solving node: 3*1
x: 3
y: 1
Solving node: 2*1
x: 2
y: 1
Solving node: 9*3
x: 9
y: 3
Solving node: 7+36
x: 7
y: 36
Solving node: 43-2
x: 43
y: 2
Solving node: 41+27
x: 41
y: 27
Solving node: 68+18
x: 68
y: 18
Solving node: 86-3
x: 86
y: 3
Solving node: 83+2
x: 83
y: 2
Solving node: 85+27
x: 85
y: 27
Difference: 112
Calculating: 7+4:1*9-2+9*3+2*9-6:2*1+2*1+9*3+9
Solving node: 4:1
x: 4
y: 1
Solving node: 4*9
x: 4
y: 9
Solving node: 9*3
x: 9
y: 3
Solving node: 2*9
x: 2
y: 9
Solving node: 6:2
x: 6
y: 2
Solving node: 3*1
x: 3
y: 1
Solving node: 2*1
x: 2
y: 1
Solving node: 9*3
x: 9
y: 3
Solving node: 7+36
x: 7
y: 36
Solving node: 43-2
x: 43
y: 2
Solving node: 41+27
x: 41
y: 27
Solving node: 68+18
x: 68
y: 18
Solving node: 86-3
x: 86
y: 3
Solving node: 83+2
x: 83
y: 2
Solving node: 85+27
x: 85
y: 27
Solving node: 112+9
x: 112
y: 9
Originallösung: 7+4:1*9-2+9*3+2*9-6:2*1+2*1+9*3+9 = 121
[53/100] 7+4:1*9-2+9*3+2*9-6:2*1+2*1+9*3+9
Testing equation: 7+4:1*9-2+9*3+2*9-6:2*1+2*1+9*3+9
Checking node: 4:1
Solving node: 4:1
x: 4
y: 1
Checking node: 4*9
Solving node: 4*9
x: 4
y: 9
Checking node: 9*3
Solving node: 9*3
x: 9
y: 3
Checking node: 2*9
Solving node: 2*9
x: 2
y: 9
Checking node: 6:2
Solving node: 6:2
x: 6
y: 2
Checking node: 3*1
Solving node: 3*1
x: 3
y: 1
Checking node: 2*1
Solving node: 2*1
x: 2
y: 1
Checking node: 9*3
Solving node: 9*3
x: 9
y: 3
Checking node: 7+36
Solving node: 7+36
x: 7
y: 36
Checking node: 43-2
Solving node: 43-2
x: 43
y: 2
Checking node: 41+27
Solving node: 41+27
x: 41
y: 27
Checking node: 68+18
Solving node: 68+18
x: 68
y: 18
Checking node: 86-3
Solving node: 86-3
x: 86
y: 3
Checking node: 83+2
Solving node: 83+2
x: 83
y: 2
Checking node: 85+27
Solving node: 85+27
x: 85
y: 27
Checking node: 112+9
Solving node: 112+9
x: 112
y: 9
Checking node: 7+4
Checking node: 4:1
Checking node: 1*9
Checking node: 9-2
Checking node: 2+9
Checking node: 9*3
Checking node: 3+2
Checking node: 2*9
Checking node: 9-6
Checking node: 6:2
Checking node: 2*1
Checking node: 1+2
Checking node: 2*1
Checking node: 1+9
Checking node: 9*3
Checking node: 3+9
Difference: 9
Using default bounds (multiplication)
Calculating: 9*1
Solving node: 9*1
x: 9
y: 1
Solving node: 9*1
x: 9
y: 1
Solving node: 9*1
x: 9
y: 1
Difference: 9
Calculating: 9*1+2
Solving node: 9*1
x: 9
y: 1
Solving node: 9+2
x: 9
y: 2
Solving node: 9*1
x: 9
y: 1
Solving node: 9*1
x: 9
y: 1
Solving node: 9+2
x: 9
y: 2
Difference: 11
Using default bounds (multiplication)
Calculating: 9*1+2*7
Solving node: 9*1
x: 9
y: 1
Solving node: 2*7
x: 2
y: 7
Solving node: 9+14
x: 9
y: 14
Solving node: 9*1
x: 9
y: 1
Solving node: 2*7
x: 2
y: 7
Solving node: 9*1
x: 9
y: 1
Solving node: 2*7
x: 2
y: 7
Solving node: 9+14
x: 9
y: 14
Difference: 23
Last: 7; Last sum: 14
Calculating: 9*1+2*7-2
Solving node: 9*1
x: 9
y: 1
Solving node: 2*7
x: 2
y: 7
Solving node: 9+14
x: 9
y: 14
Solving node: 23-2
x: 23
y: 2
Solving node: 9*1
x: 9
y: 1
Solving node: 2*7
x: 2
y: 7
Solving node: 9+14
x: 9
y: 14
Solving node: 23-2
x: 23
y: 2
Solving node: 9*1
x: 9
y: 1
Solving node: 2*7
x: 2
y: 7
Solving node: 9+14
x: 9
y: 14
Difference: 23-2
Calculating bounds (multiplication)
Previous index: -1 | Last operator index: 2
Upper bound: 2
Calculating: 9*1+2*7-2*1
Solving node: 9*1
x: 9
y: 1
Solving node: 2*7
x: 2
y: 7
Solving node: 2*1
x: 2
y: 1
Solving node: 9+14
x: 9
y: 14
Solving node: 23-2
x: 23
y: 2
Solving node: 9*1
x: 9
y: 1
Solving node: 2*7
x: 2
y: 7
Solving node: 2*1
x: 2
y: 1
Solving node: 9+14
x: 9
y: 14
Solving node: 23-2
x: 23
y: 2
Solving node: 9*1
x: 9
y: 1
Solving node: 2*7
x: 2
y: 7
Solving node: 2*1
x: 2
y: 1
Solving node: 9+14
x: 9
y: 14
Difference: 23-2
Calculating: 9*1+2*7-2*1+8
Solving node: 9*1
x: 9
y: 1
Solving node: 2*7
x: 2
y: 7
Solving node: 2*1
x: 2
y: 1
Solving node: 9+14
x: 9
y: 14
Solving node: 23-2
x: 23
y: 2
Solving node: 21+8
x: 21
y: 8
Solving node: 9*1
x: 9
y: 1
Solving node: 2*7
x: 2
y: 7
Solving node: 2*1
x: 2
y: 1
Solving node: 9+14
x: 9
y: 14
Solving node: 23-2
x: 23
y: 2
Solving node: 9*1
x: 9
y: 1
Solving node: 2*7
x: 2
y: 7
Solving node: 2*1
x: 2
y: 1
Solving node: 9+14
x: 9
y: 14
Solving node: 23-2
x: 23
y: 2
Solving node: 21+8
x: 21
y: 8
Difference: 29
Last: 8; Last sum: 8
Calculating: 9*1+2*7-2*1+8-3
Solving node: 9*1
x: 9
y: 1
Solving node: 2*7
x: 2
y: 7
Solving node: 2*1
x: 2
y: 1
Solving node: 9+14
x: 9
y: 14
Solving node: 23-2
x: 23
y: 2
Solving node: 21+8
x: 21
y: 8
Solving node: 29-3
x: 29
y: 3
Solving node: 9*1
x: 9
y: 1
Solving node: 2*7
x: 2
y: 7
Solving node: 2*1
x: 2
y: 1
Solving node: 9+14
x: 9
y: 14
Solving node: 23-2
x: 23
y: 2
Solving node: 21+8
x: 21
y: 8
Solving node: 29-3
x: 29
y: 3
Solving node: 9*1
x: 9
y: 1
Solving node: 2*7
x: 2
y: 7
Solving node: 2*1
x: 2
y: 1
Solving node: 9+14
x: 9
y: 14
Solving node: 23-2
x: 23
y: 2
Solving node: 21+8
x: 21
y: 8
Difference: 29-3
Calculating: 9*1+2*7-2*1+8-3+9
Solving node: 9*1
x: 9
y: 1
Solving node: 2*7
x: 2
y: 7
Solving node: 2*1
x: 2
y: 1
Solving node: 9+14
x: 9
y: 14
Solving node: 23-2
x: 23
y: 2
Solving node: 21+8
x: 21
y: 8
Solving node: 29-3
x: 29
y: 3
Solving node: 26+9
x: 26
y: 9
Solving node: 9*1
x: 9
y: 1
Solving node: 2*7
x: 2
y: 7
Solving node: 2*1
x: 2
y: 1
Solving node: 9+14
x: 9
y: 14
Solving node: 23-2
x: 23
y: 2
Solving node: 21+8
x: 21
y: 8
Solving node: 29-3
x: 29
y: 3
Solving node: 9*1
x: 9
y: 1
Solving node: 2*7
x: 2
y: 7
Solving node: 2*1
x: 2
y: 1
Solving node: 9+14
x: 9
y: 14
Solving node: 23-2
x: 23
y: 2
Solving node: 21+8
x: 21
y: 8
Solving node: 29-3
x: 29
y: 3
Solving node: 26+9
x: 26
y: 9
Difference: 35
Using default bounds (multiplication)
Calculating: 9*1+2*7-2*1+8-3+9*4
Solving node: 9*1
x: 9
y: 1
Solving node: 2*7
x: 2
y: 7
Solving node: 2*1
x: 2
y: 1
Solving node: 9*4
x: 9
y: 4
Solving node: 9+14
x: 9
y: 14
Solving node: 23-2
x: 23
y: 2
Solving node: 21+8
x: 21
y: 8
Solving node: 29-3
x: 29
y: 3
Solving node: 26+36
x: 26
y: 36
Solving node: 9*1
x: 9
y: 1
Solving node: 2*7
x: 2
y: 7
Solving node: 2*1
x: 2
y: 1
Solving node: 9*4
x: 9
y: 4
Solving node: 9+14
x: 9
y: 14
Solving node: 23-2
x: 23
y: 2
Solving node: 21+8
x: 21
y: 8
Solving node: 29-3
x: 29
y: 3
Solving node: 9*1
x: 9
y: 1
Solving node: 2*7
x: 2
y: 7
Solving node: 2*1
x: 2
y: 1
Solving node: 9*4
x: 9
y: 4
Solving node: 9+14
x: 9
y: 14
Solving node: 23-2
x: 23
y: 2
Solving node: 21+8
x: 21
y: 8
Solving node: 29-3
x: 29
y: 3
Solving node: 26+36
x: 26
y: 36
Difference: 62
Calculating: 9*1+2*7-2*1+8-3+9*4:1
Solving node: 9*1
x: 9
y: 1
Solving node: 2*7
x: 2
y: 7
Solving node: 2*1
x: 2
y: 1
Solving node: 9*4
x: 9
y: 4
Solving node: 36:1
x: 36
y: 1
Solving node: 9+14
x: 9
y: 14
Solving node: 23-2
x: 23
y: 2
Solving node: 21+8
x: 21
y: 8
Solving node: 29-3
x: 29
y: 3
Solving node: 26+36
x: 26
y: 36
Solving node: 9*1
x: 9
y: 1
Solving node: 2*7
x: 2
y: 7
Solving node: 2*1
x: 2
y: 1
Solving node: 9*4
x: 9
y: 4
Solving node: 36:1
x: 36
y: 1
Solving node: 9+14
x: 9
y: 14
Solving node: 23-2
x: 23
y: 2
Solving node: 21+8
x: 21
y: 8
Solving node: 29-3
x: 29
y: 3
Solving node: 9*1
x: 9
y: 1
Solving node: 2*7
x: 2
y: 7
Solving node: 2*1
x: 2
y: 1
Solving node: 9*4
x: 9
y: 4
Solving node: 36:1
x: 36
y: 1
Solving node: 9+14
x: 9
y: 14
Solving node: 23-2
x: 23
y: 2
Solving node: 21+8
x: 21
y: 8
Solving node: 29-3
x: 29
y: 3
Solving node: 26+36
x: 26
y: 36
Difference: 62
Using default bounds (multiplication)
Calculating: 9*1+2*7-2*1+8-3+9*4:1*9
Solving node: 9*1
x: 9
y: 1
Solving node: 2*7
x: 2
y: 7
Solving node: 2*1
x: 2
y: 1
Solving node: 9*4
x: 9
y: 4
Solving node: 36:1
x: 36
y: 1
Solving node: 36*9
x: 36
y: 9
Solving node: 9+14
x: 9
y: 14
Solving node: 23-2
x: 23
y: 2
Solving node: 21+8
x: 21
y: 8
Solving node: 29-3
x: 29
y: 3
Solving node: 26+324
x: 26
y: 324
Solving node: 9*1
x: 9
y: 1
Solving node: 2*7
x: 2
y: 7
Solving node: 2*1
x: 2
y: 1
Solving node: 9*4
x: 9
y: 4
Solving node: 36:1
x: 36
y: 1
Solving node: 36*9
x: 36
y: 9
Solving node: 9+14
x: 9
y: 14
Solving node: 23-2
x: 23
y: 2
Solving node: 21+8
x: 21
y: 8
Solving node: 29-3
x: 29
y: 3
Solving node: 9*1
x: 9
y: 1
Solving node: 2*7
x: 2
y: 7
Solving node: 2*1
x: 2
y: 1
Solving node: 9*4
x: 9
y: 4
Solving node: 36:1
x: 36
y: 1
Solving node: 36*9
x: 36
y: 9
Solving node: 9+14
x: 9
y: 14
Solving node: 23-2
x: 23
y: 2
Solving node: 21+8
x: 21
y: 8
Solving node: 29-3
x: 29
y: 3
Solving node: 26+324
x: 26
y: 324
Difference: 350
Last: 9; Last sum: 324
Calculating: 9*1+2*7-2*1+8-3+9*4:1*9-8
Solving node: 9*1
x: 9
y: 1
Solving node: 2*7
x: 2
y: 7
Solving node: 2*1
x: 2
y: 1
Solving node: 9*4
x: 9
y: 4
Solving node: 36:1
x: 36
y: 1
Solving node: 36*9
x: 36
y: 9
Solving node: 9+14
x: 9
y: 14
Solving node: 23-2
x: 23
y: 2
Solving node: 21+8
x: 21
y: 8
Solving node: 29-3
x: 29
y: 3
Solving node: 26+324
x: 26
y: 324
Solving node: 350-8
x: 350
y: 8
Solving node: 9*1
x: 9
y: 1
Solving node: 2*7
x: 2
y: 7
Solving node: 2*1
x: 2
y: 1
Solving node: 9*4
x: 9
y: 4
Solving node: 36:1
x: 36
y: 1
Solving node: 36*9
x: 36
y: 9
Solving node: 9+14
x: 9
y: 14
Solving node: 23-2
x: 23
y: 2
Solving node: 21+8
x: 21
y: 8
Solving node: 29-3
x: 29
y: 3
Solving node: 26+324
x: 26
y: 324
Solving node: 350-8
x: 350
y: 8
Solving node: 9*1
x: 9
y: 1
Solving node: 2*7
x: 2
y: 7
Solving node: 2*1
x: 2
y: 1
Solving node: 9*4
x: 9
y: 4
Solving node: 36:1
x: 36
y: 1
Solving node: 36*9
x: 36
y: 9
Solving node: 9+14
x: 9
y: 14
Solving node: 23-2
x: 23
y: 2
Solving node: 21+8
x: 21
y: 8
Solving node: 29-3
x: 29
y: 3
Solving node: 26+324
x: 26
y: 324
Difference: 350-8
Previous index: -1 | Last operator index: 3
Calculating: 9*1+2*7-2*1+8-3+9*4:1*9-8:4
Solving node: 9*1
x: 9
y: 1
Solving node: 2*7
x: 2
y: 7
Solving node: 2*1
x: 2
y: 1
Solving node: 9*4
x: 9
y: 4
Solving node: 36:1
x: 36
y: 1
Solving node: 36*9
x: 36
y: 9
Solving node: 8:4
x: 8
y: 4
Solving node: 9+14
x: 9
y: 14
Solving node: 23-2
x: 23
y: 2
Solving node: 21+8
x: 21
y: 8
Solving node: 29-3
x: 29
y: 3
Solving node: 26+324
x: 26
y: 324
Solving node: 350-2
x: 350
y: 2
Solving node: 9*1
x: 9
y: 1
Solving node: 2*7
x: 2
y: 7
Solving node: 2*1
x: 2
y: 1
Solving node: 9*4
x: 9
y: 4
Solving node: 36:1
x: 36
y: 1
Solving node: 36*9
x: 36
y: 9
Solving node: 8:4
x: 8
y: 4
Solving node: 9+14
x: 9
y: 14
Solving node: 23-2
x: 23
y: 2
Solving node: 21+8
x: 21
y: 8
Solving node: 29-3
x: 29
y: 3
Solving node: 26+324
x: 26
y: 324
Solving node: 350-2
x: 350
y: 2
Solving node: 9*1
x: 9
y: 1
Solving node: 2*7
x: 2
y: 7
Solving node: 2*1
x: 2
y: 1
Solving node: 9*4
x: 9
y: 4
Solving node: 36:1
x: 36
y: 1
Solving node: 36*9
x: 36
y: 9
Solving node: 8:4
x: 8
y: 4
Solving node: 9+14
x: 9
y: 14
Solving node: 23-2
x: 23
y: 2
Solving node: 21+8
x: 21
y: 8
Solving node: 29-3
x: 29
y: 3
Solving node: 26+324
x: 26
y: 324
Difference: 350-2
Calculating: 9*1+2*7-2*1+8-3+9*4:1*9-8:4+5
Solving node: 9*1
x: 9
y: 1
Solving node: 2*7
x: 2
y: 7
Solving node: 2*1
x: 2
y: 1
Solving node: 9*4
x: 9
y: 4
Solving node: 36:1
x: 36
y: 1
Solving node: 36*9
x: 36
y: 9
Solving node: 8:4
x: 8
y: 4
Solving node: 9+14
x: 9
y: 14
Solving node: 23-2
x: 23
y: 2
Solving node: 21+8
x: 21
y: 8
Solving node: 29-3
x: 29
y: 3
Solving node: 26+324
x: 26
y: 324
Solving node: 350-2
x: 350
y: 2
Solving node: 348+5
x: 348
y: 5
Solving node: 9*1
x: 9
y: 1
Solving node: 2*7
x: 2
y: 7
Solving node: 2*1
x: 2
y: 1
Solving node: 9*4
x: 9
y: 4
Solving node: 36:1
x: 36
y: 1
Solving node: 36*9
x: 36
y: 9
Solving node: 8:4
x: 8
y: 4
Solving node: 9+14
x: 9
y: 14
Solving node: 23-2
x: 23
y: 2
Solving node: 21+8
x: 21
y: 8
Solving node: 29-3
x: 29
y: 3
Solving node: 26+324
x: 26
y: 324
Solving node: 350-2
x: 350
y: 2
Solving node: 9*1
x: 9
y: 1
Solving node: 2*7
x: 2
y: 7
Solving node: 2*1
x: 2
y: 1
Solving node: 9*4
x: 9
y: 4
Solving node: 36:1
x: 36
y: 1
Solving node: 36*9
x: 36
y: 9
Solving node: 8:4
x: 8
y: 4
Solving node: 9+14
x: 9
y: 14
Solving node: 23-2
x: 23
y: 2
Solving node: 21+8
x: 21
y: 8
Solving node: 29-3
x: 29
y: 3
Solving node: 26+324
x: 26
y: 324
Solving node: 350-2
x: 350
y: 2
Solving node: 348+5
x: 348
y: 5
Difference: 353
Last: 5; Last sum: 5
Calculating: 9*1+2*7-2*1+8-3+9*4:1*9-8:4+5-1
Solving node: 9*1
x: 9
y: 1
Solving node: 2*7
x: 2
y: 7
Solving node: 2*1
x: 2
y: 1
Solving node: 9*4
x: 9
y: 4
Solving node: 36:1
x: 36
y: 1
Solving node: 36*9
x: 36
y: 9
Solving node: 8:4
x: 8
y: 4
Solving node: 9+14
x: 9
y: 14
Solving node: 23-2
x: 23
y: 2
Solving node: 21+8
x: 21
y: 8
Solving node: 29-3
x: 29
y: 3
Solving node: 26+324
x: 26
y: 324
Solving node: 350-2
x: 350
y: 2
Solving node: 348+5
x: 348
y: 5
Solving node: 353-1
x: 353
y: 1
Solving node: 9*1
x: 9
y: 1
Solving node: 2*7
x: 2
y: 7
Solving node: 2*1
x: 2
y: 1
Solving node: 9*4
x: 9
y: 4
Solving node: 36:1
x: 36
y: 1
Solving node: 36*9
x: 36
y: 9
Solving node: 8:4
x: 8
y: 4
Solving node: 9+14
x: 9
y: 14
Solving node: 23-2
x: 23
y: 2
Solving node: 21+8
x: 21
y: 8
Solving node: 29-3
x: 29
y: 3
Solving node: 26+324
x: 26
y: 324
Solving node: 350-2
x: 350
y: 2
Solving node: 348+5
x: 348
y: 5
Solving node: 353-1
x: 353
y: 1
Solving node: 9*1
x: 9
y: 1
Solving node: 2*7
x: 2
y: 7
Solving node: 2*1
x: 2
y: 1
Solving node: 9*4
x: 9
y: 4
Solving node: 36:1
x: 36
y: 1
Solving node: 36*9
x: 36
y: 9
Solving node: 8:4
x: 8
y: 4
Solving node: 9+14
x: 9
y: 14
Solving node: 23-2
x: 23
y: 2
Solving node: 21+8
x: 21
y: 8
Solving node: 29-3
x: 29
y: 3
Solving node: 26+324
x: 26
y: 324
Solving node: 350-2
x: 350
y: 2
Solving node: 348+5
x: 348
y: 5
Difference: 353-1
Calculating bounds (multiplication)
Previous index: -1 | Last operator index: 3
Upper bound: 1
Solving node: 9*1
x: 9
y: 1
Solving node: 2*7
x: 2
y: 7
Solving node: 2*1
x: 2
y: 1
Solving node: 9*4
x: 9
y: 4
Solving node: 36:1
x: 36
y: 1
Solving node: 36*9
x: 36
y: 9
Solving node: 8:4
x: 8
y: 4
Solving node: 9+14
x: 9
y: 14
Solving node: 23-2
x: 23
y: 2
Solving node: 21+8
x: 21
y: 8
Solving node: 29-3
x: 29
y: 3
Solving node: 26+324
x: 26
y: 324
Solving node: 350-2
x: 350
y: 2
Solving node: 348+5
x: 348
y: 5
Solving node: 353-1
x: 353
y: 1
Solving node: 9*1
x: 9
y: 1
Solving node: 2*7
x: 2
y: 7
Solving node: 2*1
x: 2
y: 1
Solving node: 9*4
x: 9
y: 4
Solving node: 36:1
x: 36
y: 1
Solving node: 36*9
x: 36
y: 9
Solving node: 8:4
x: 8
y: 4
Solving node: 9+14
x: 9
y: 14
Solving node: 23-2
x: 23
y: 2
Solving node: 21+8
x: 21
y: 8
Solving node: 29-3
x: 29
y: 3
Solving node: 26+324
x: 26
y: 324
Solving node: 350-2
x: 350
y: 2
Solving node: 348+5
x: 348
y: 5
Difference: 353-1
Calculating: 9*1+2*7-2*1+8-3+9*4:1*9-8:4+5-1+6
Solving node: 9*1
x: 9
y: 1
Solving node: 2*7
x: 2
y: 7
Solving node: 2*1
x: 2
y: 1
Solving node: 9*4
x: 9
y: 4
Solving node: 36:1
x: 36
y: 1
Solving node: 36*9
x: 36
y: 9
Solving node: 8:4
x: 8
y: 4
Solving node: 9+14
x: 9
y: 14
Solving node: 23-2
x: 23
y: 2
Solving node: 21+8
x: 21
y: 8
Solving node: 29-3
x: 29
y: 3
Solving node: 26+324
x: 26
y: 324
Solving node: 350-2
x: 350
y: 2
Solving node: 348+5
x: 348
y: 5
Solving node: 353-1
x: 353
y: 1
Solving node: 352+6
x: 352
y: 6
Originallösung: 9*1+2*7-2*1+8-3+9*4:1*9-8:4+5-1+6 = 358
[54/100] 9*1+2*7-2*1+8-3+9*4:1*9-8:4+5-1+6
Testing equation: 9*1+2*7-2*1+8-3+9*4:1*9-8:4+5-1+6
Checking node: 9*1
Solving node: 9*1
x: 9
y: 1
Checking node: 2*7
Solving node: 2*7
x: 2
y: 7
Checking node: 2*1
Solving node: 2*1
x: 2
y: 1
Checking node: 9*4
Solving node: 9*4
x: 9
y: 4
Checking node: 36:1
Solving node: 36:1
x: 36
y: 1
Checking node: 36*9
Solving node: 36*9
x: 36
y: 9
Checking node: 8:4
Solving node: 8:4
x: 8
y: 4
Checking node: 9+14
Solving node: 9+14
x: 9
y: 14
Checking node: 23-2
Solving node: 23-2
x: 23
y: 2
Checking node: 21+8
Solving node: 21+8
x: 21
y: 8
Checking node: 29-3
Solving node: 29-3
x: 29
y: 3
Checking node: 26+324
Solving node: 26+324
x: 26
y: 324
Checking node: 350-2
Solving node: 350-2
x: 350
y: 2
Checking node: 348+5
Solving node: 348+5
x: 348
y: 5
Checking node: 353-1
Solving node: 353-1
x: 353
y: 1
Checking node: 352+6
Solving node: 352+6
x: 352
y: 6
Checking node: 9*1
Checking node: 1+2
Checking node: 2*7
Checking node: 7-2
Checking node: 2*1
Checking node: 1+8
Checking node: 8-3
Checking node: 3+9
Checking node: 9*4
Checking node: 4:1
Checking node: 1*9
Checking node: 9-8
Checking node: 8:4
Checking node: 4+5
Checking node: 5-1
Checking node: 1+6
Difference: 6
Calculating: 6+6
Solving node: 6+6
x: 6
y: 6
Solving node: 6+6
x: 6
y: 6
Difference: 12
Using default bounds (multiplication)
Calculating: 6+6*2
Solving node: 6*2
x: 6
y: 2
Solving node: 6+12
x: 6
y: 12
Solving node: 6*2
x: 6
y: 2
Solving node: 6*2
x: 6
y: 2
Solving node: 6+12
x: 6
y: 12
Difference: 18
Calculating: 6+6*2+1
Solving node: 6*2
x: 6
y: 2
Solving node: 6+12
x: 6
y: 12
Solving node: 18+1
x: 18
y: 1
Solving node: 6*2
x: 6
y: 2
Solving node: 6*2
x: 6
y: 2
Solving node: 6+12
x: 6
y: 12
Solving node: 18+1
x: 18
y: 1
Difference: 19
Using default bounds (multiplication)
Calculating: 6+6*2+1*3
Solving node: 6*2
x: 6
y: 2
Solving node: 1*3
x: 1
y: 3
Solving node: 6+12
x: 6
y: 12
Solving node: 18+3
x: 18
y: 3
Solving node: 6*2
x: 6
y: 2
Solving node: 1*3
x: 1
y: 3
Solving node: 6*2
x: 6
y: 2
Solving node: 1*3
x: 1
y: 3
Solving node: 6+12
x: 6
y: 12
Solving node: 18+3
x: 18
y: 3
Difference: 21
Last: 3; Last sum: 3
Calculating: 6+6*2+1*3-2
Solving node: 6*2
x: 6
y: 2
Solving node: 1*3
x: 1
y: 3
Solving node: 6+12
x: 6
y: 12
Solving node: 18+3
x: 18
y: 3
Solving node: 21-2
x: 21
y: 2
Solving node: 6*2
x: 6
y: 2
Solving node: 1*3
x: 1
y: 3
Solving node: 6+12
x: 6
y: 12
Solving node: 18+3
x: 18
y: 3
Solving node: 21-2
x: 21
y: 2
Solving node: 6*2
x: 6
y: 2
Solving node: 1*3
x: 1
y: 3
Solving node: 6+12
x: 6
y: 12
Solving node: 18+3
x: 18
y: 3
Difference: 21-2
Calculating bounds (multiplication)
Previous index: -1 | Last operator index: 2
Upper bound: 2
Calculating: 6+6*2+1*3-2*1
Solving node: 6*2
x: 6
y: 2
Solving node: 1*3
x: 1
y: 3
Solving node: 2*1
x: 2
y: 1
Solving node: 6+12
x: 6
y: 12
Solving node: 18+3
x: 18
y: 3
Solving node: 21-2
x: 21
y: 2
Solving node: 6*2
x: 6
y: 2
Solving node: 1*3
x: 1
y: 3
Solving node: 2*1
x: 2
y: 1
Solving node: 6+12
x: 6
y: 12
Solving node: 18+3
x: 18
y: 3
Solving node: 21-2
x: 21
y: 2
Solving node: 6*2
x: 6
y: 2
Solving node: 1*3
x: 1
y: 3
Solving node: 2*1
x: 2
y: 1
Solving node: 6+12
x: 6
y: 12
Solving node: 18+3
x: 18
y: 3
Difference: 21-2
Calculating: 6+6*2+1*3-2*1+1
Solving node: 6*2
x: 6
y: 2
Solving node: 1*3
x: 1
y: 3
Solving node: 2*1
x: 2
y: 1
Solving node: 6+12
x: 6
y: 12
Solving node: 18+3
x: 18
y: 3
Solving node: 21-2
x: 21
y: 2
Solving node: 19+1
x: 19
y: 1
Solving node: 6*2
x: 6
y: 2
Solving node: 1*3
x: 1
y: 3
Solving node: 2*1
x: 2
y: 1
Solving node: 6+12
x: 6
y: 12
Solving node: 18+3
x: 18
y: 3
Solving node: 21-2
x: 21
y: 2
Solving node: 6*2
x: 6
y: 2
Solving node: 1*3
x: 1
y: 3
Solving node: 2*1
x: 2
y: 1
Solving node: 6+12
x: 6
y: 12
Solving node: 18+3
x: 18
y: 3
Solving node: 21-2
x: 21
y: 2
Solving node: 19+1
x: 19
y: 1
Difference: 20
Using default bounds (multiplication)
Calculating: 6+6*2+1*3-2*1+1*8
Solving node: 6*2
x: 6
y: 2
Solving node: 1*3
x: 1
y: 3
Solving node: 2*1
x: 2
y: 1
Solving node: 1*8
x: 1
y: 8
Solving node: 6+12
x: 6
y: 12
Solving node: 18+3
x: 18
y: 3
Solving node: 21-2
x: 21
y: 2
Solving node: 19+8
x: 19
y: 8
Solving node: 6*2
x: 6
y: 2
Solving node: 1*3
x: 1
y: 3
Solving node: 2*1
x: 2
y: 1
Solving node: 1*8
x: 1
y: 8
Solving node: 6+12
x: 6
y: 12
Solving node: 18+3
x: 18
y: 3
Solving node: 21-2
x: 21
y: 2
Solving node: 6*2
x: 6
y: 2
Solving node: 1*3
x: 1
y: 3
Solving node: 2*1
x: 2
y: 1
Solving node: 1*8
x: 1
y: 8
Solving node: 6+12
x: 6
y: 12
Solving node: 18+3
x: 18
y: 3
Solving node: 21-2
x: 21
y: 2
Solving node: 19+8
x: 19
y: 8
Difference: 27
Last: 8; Last sum: 8
Calculating: 6+6*2+1*3-2*1+1*8-7
Solving node: 6*2
x: 6
y: 2
Solving node: 1*3
x: 1
y: 3
Solving node: 2*1
x: 2
y: 1
Solving node: 1*8
x: 1
y: 8
Solving node: 6+12
x: 6
y: 12
Solving node: 18+3
x: 18
y: 3
Solving node: 21-2
x: 21
y: 2
Solving node: 19+8
x: 19
y: 8
Solving node: 27-7
x: 27
y: 7
Solving node: 6*2
x: 6
y: 2
Solving node: 1*3
x: 1
y: 3
Solving node: 2*1
x: 2
y: 1
Solving node: 1*8
x: 1
y: 8
Solving node: 6+12
x: 6
y: 12
Solving node: 18+3
x: 18
y: 3
Solving node: 21-2
x: 21
y: 2
Solving node: 19+8
x: 19
y: 8
Solving node: 27-7
x: 27
y: 7
Solving node: 6*2
x: 6
y: 2
Solving node: 1*3
x: 1
y: 3
Solving node: 2*1
x: 2
y: 1
Solving node: 1*8
x: 1
y: 8
Solving node: 6+12
x: 6
y: 12
Solving node: 18+3
x: 18
y: 3
Solving node: 21-2
x: 21
y: 2
Solving node: 19+8
x: 19
y: 8
Difference: 27-7
Calculating: 6+6*2+1*3-2*1+1*8-7+8
Solving node: 6*2
x: 6
y: 2
Solving node: 1*3
x: 1
y: 3
Solving node: 2*1
x: 2
y: 1
Solving node: 1*8
x: 1
y: 8
Solving node: 6+12
x: 6
y: 12
Solving node: 18+3
x: 18
y: 3
Solving node: 21-2
x: 21
y: 2
Solving node: 19+8
x: 19
y: 8
Solving node: 27-7
x: 27
y: 7
Solving node: 20+8
x: 20
y: 8
Solving node: 6*2
x: 6
y: 2
Solving node: 1*3
x: 1
y: 3
Solving node: 2*1
x: 2
y: 1
Solving node: 1*8
x: 1
y: 8
Solving node: 6+12
x: 6
y: 12
Solving node: 18+3
x: 18
y: 3
Solving node: 21-2
x: 21
y: 2
Solving node: 19+8
x: 19
y: 8
Solving node: 27-7
x: 27
y: 7
Solving node: 6*2
x: 6
y: 2
Solving node: 1*3
x: 1
y: 3
Solving node: 2*1
x: 2
y: 1
Solving node: 1*8
x: 1
y: 8
Solving node: 6+12
x: 6
y: 12
Solving node: 18+3
x: 18
y: 3
Solving node: 21-2
x: 21
y: 2
Solving node: 19+8
x: 19
y: 8
Solving node: 27-7
x: 27
y: 7
Solving node: 20+8
x: 20
y: 8
Difference: 28
Last: 8; Last sum: 8
Calculating: 6+6*2+1*3-2*1+1*8-7+8-4
Solving node: 6*2
x: 6
y: 2
Solving node: 1*3
x: 1
y: 3
Solving node: 2*1
x: 2
y: 1
Solving node: 1*8
x: 1
y: 8
Solving node: 6+12
x: 6
y: 12
Solving node: 18+3
x: 18
y: 3
Solving node: 21-2
x: 21
y: 2
Solving node: 19+8
x: 19
y: 8
Solving node: 27-7
x: 27
y: 7
Solving node: 20+8
x: 20
y: 8
Solving node: 28-4
x: 28
y: 4
Solving node: 6*2
x: 6
y: 2
Solving node: 1*3
x: 1
y: 3
Solving node: 2*1
x: 2
y: 1
Solving node: 1*8
x: 1
y: 8
Solving node: 6+12
x: 6
y: 12
Solving node: 18+3
x: 18
y: 3
Solving node: 21-2
x: 21
y: 2
Solving node: 19+8
x: 19
y: 8
Solving node: 27-7
x: 27
y: 7
Solving node: 20+8
x: 20
y: 8
Solving node: 28-4
x: 28
y: 4
Solving node: 6*2
x: 6
y: 2
Solving node: 1*3
x: 1
y: 3
Solving node: 2*1
x: 2
y: 1
Solving node: 1*8
x: 1
y: 8
Solving node: 6+12
x: 6
y: 12
Solving node: 18+3
x: 18
y: 3
Solving node: 21-2
x: 21
y: 2
Solving node: 19+8
x: 19
y: 8
Solving node: 27-7
x: 27
y: 7
Solving node: 20+8
x: 20
y: 8
Difference: 28-4
Calculating: 6+6*2+1*3-2*1+1*8-7+8-4+9
Solving node: 6*2
x: 6
y: 2
Solving node: 1*3
x: 1
y: 3
Solving node: 2*1
x: 2
y: 1
Solving node: 1*8
x: 1
y: 8
Solving node: 6+12
x: 6
y: 12
Solving node: 18+3
x: 18
y: 3
Solving node: 21-2
x: 21
y: 2
Solving node: 19+8
x: 19
y: 8
Solving node: 27-7
x: 27
y: 7
Solving node: 20+8
x: 20
y: 8
Solving node: 28-4
x: 28
y: 4
Solving node: 24+9
x: 24
y: 9
Solving node: 6*2
x: 6
y: 2
Solving node: 1*3
x: 1
y: 3
Solving node: 2*1
x: 2
y: 1
Solving node: 1*8
x: 1
y: 8
Solving node: 6+12
x: 6
y: 12
Solving node: 18+3
x: 18
y: 3
Solving node: 21-2
x: 21
y: 2
Solving node: 19+8
x: 19
y: 8
Solving node: 27-7
x: 27
y: 7
Solving node: 20+8
x: 20
y: 8
Solving node: 28-4
x: 28
y: 4
Solving node: 6*2
x: 6
y: 2
Solving node: 1*3
x: 1
y: 3
Solving node: 2*1
x: 2
y: 1
Solving node: 1*8
x: 1
y: 8
Solving node: 6+12
x: 6
y: 12
Solving node: 18+3
x: 18
y: 3
Solving node: 21-2
x: 21
y: 2
Solving node: 19+8
x: 19
y: 8
Solving node: 27-7
x: 27
y: 7
Solving node: 20+8
x: 20
y: 8
Solving node: 28-4
x: 28
y: 4
Solving node: 24+9
x: 24
y: 9
Difference: 33
Using default bounds (multiplication)
Calculating: 6+6*2+1*3-2*1+1*8-7+8-4+9*7
Solving node: 6*2
x: 6
y: 2
Solving node: 1*3
x: 1
y: 3
Solving node: 2*1
x: 2
y: 1
Solving node: 1*8
x: 1
y: 8
Solving node: 9*7
x: 9
y: 7
Solving node: 6+12
x: 6
y: 12
Solving node: 18+3
x: 18
y: 3
Solving node: 21-2
x: 21
y: 2
Solving node: 19+8
x: 19
y: 8
Solving node: 27-7
x: 27
y: 7
Solving node: 20+8
x: 20
y: 8
Solving node: 28-4
x: 28
y: 4
Solving node: 24+63
x: 24
y: 63
Solving node: 6*2
x: 6
y: 2
Solving node: 1*3
x: 1
y: 3
Solving node: 2*1
x: 2
y: 1
Solving node: 1*8
x: 1
y: 8
Solving node: 9*7
x: 9
y: 7
Solving node: 6+12
x: 6
y: 12
Solving node: 18+3
x: 18
y: 3
Solving node: 21-2
x: 21
y: 2
Solving node: 19+8
x: 19
y: 8
Solving node: 27-7
x: 27
y: 7
Solving node: 20+8
x: 20
y: 8
Solving node: 28-4
x: 28
y: 4
Solving node: 6*2
x: 6
y: 2
Solving node: 1*3
x: 1
y: 3
Solving node: 2*1
x: 2
y: 1
Solving node: 1*8
x: 1
y: 8
Solving node: 9*7
x: 9
y: 7
Solving node: 6+12
x: 6
y: 12
Solving node: 18+3
x: 18
y: 3
Solving node: 21-2
x: 21
y: 2
Solving node: 19+8
x: 19
y: 8
Solving node: 27-7
x: 27
y: 7
Solving node: 20+8
x: 20
y: 8
Solving node: 28-4
x: 28
y: 4
Solving node: 24+63
x: 24
y: 63
Difference: 87
Last: 7; Last sum: 63
Calculating: 6+6*2+1*3-2*1+1*8-7+8-4+9*7-5
Solving node: 6*2
x: 6
y: 2
Solving node: 1*3
x: 1
y: 3
Solving node: 2*1
x: 2
y: 1
Solving node: 1*8
x: 1
y: 8
Solving node: 9*7
x: 9
y: 7
Solving node: 6+12
x: 6
y: 12
Solving node: 18+3
x: 18
y: 3
Solving node: 21-2
x: 21
y: 2
Solving node: 19+8
x: 19
y: 8
Solving node: 27-7
x: 27
y: 7
Solving node: 20+8
x: 20
y: 8
Solving node: 28-4
x: 28
y: 4
Solving node: 24+63
x: 24
y: 63
Solving node: 87-5
x: 87
y: 5
Solving node: 6*2
x: 6
y: 2
Solving node: 1*3
x: 1
y: 3
Solving node: 2*1
x: 2
y: 1
Solving node: 1*8
x: 1
y: 8
Solving node: 9*7
x: 9
y: 7
Solving node: 6+12
x: 6
y: 12
Solving node: 18+3
x: 18
y: 3
Solving node: 21-2
x: 21
y: 2
Solving node: 19+8
x: 19
y: 8
Solving node: 27-7
x: 27
y: 7
Solving node: 20+8
x: 20
y: 8
Solving node: 28-4
x: 28
y: 4
Solving node: 24+63
x: 24
y: 63
Solving node: 87-5
x: 87
y: 5
Solving node: 6*2
x: 6
y: 2
Solving node: 1*3
x: 1
y: 3
Solving node: 2*1
x: 2
y: 1
Solving node: 1*8
x: 1
y: 8
Solving node: 9*7
x: 9
y: 7
Solving node: 6+12
x: 6
y: 12
Solving node: 18+3
x: 18
y: 3
Solving node: 21-2
x: 21
y: 2
Solving node: 19+8
x: 19
y: 8
Solving node: 27-7
x: 27
y: 7
Solving node: 20+8
x: 20
y: 8
Solving node: 28-4
x: 28
y: 4
Solving node: 24+63
x: 24
y: 63
Difference: 87-5
Calculating: 6+6*2+1*3-2*1+1*8-7+8-4+9*7-5+7
Solving node: 6*2
x: 6
y: 2
Solving node: 1*3
x: 1
y: 3
Solving node: 2*1
x: 2
y: 1
Solving node: 1*8
x: 1
y: 8
Solving node: 9*7
x: 9
y: 7
Solving node: 6+12
x: 6
y: 12
Solving node: 18+3
x: 18
y: 3
Solving node: 21-2
x: 21
y: 2
Solving node: 19+8
x: 19
y: 8
Solving node: 27-7
x: 27
y: 7
Solving node: 20+8
x: 20
y: 8
Solving node: 28-4
x: 28
y: 4
Solving node: 24+63
x: 24
y: 63
Solving node: 87-5
x: 87
y: 5
Solving node: 82+7
x: 82
y: 7
Solving node: 6*2
x: 6
y: 2
Solving node: 1*3
x: 1
y: 3
Solving node: 2*1
x: 2
y: 1
Solving node: 1*8
x: 1
y: 8
Solving node: 9*7
x: 9
y: 7
Solving node: 6+12
x: 6
y: 12
Solving node: 18+3
x: 18
y: 3
Solving node: 21-2
x: 21
y: 2
Solving node: 19+8
x: 19
y: 8
Solving node: 27-7
x: 27
y: 7
Solving node: 20+8
x: 20
y: 8
Solving node: 28-4
x: 28
y: 4
Solving node: 24+63
x: 24
y: 63
Solving node: 87-5
x: 87
y: 5
Solving node: 6*2
x: 6
y: 2
Solving node: 1*3
x: 1
y: 3
Solving node: 2*1
x: 2
y: 1
Solving node: 1*8
x: 1
y: 8
Solving node: 9*7
x: 9
y: 7
Solving node: 6+12
x: 6
y: 12
Solving node: 18+3
x: 18
y: 3
Solving node: 21-2
x: 21
y: 2
Solving node: 19+8
x: 19
y: 8
Solving node: 27-7
x: 27
y: 7
Solving node: 20+8
x: 20
y: 8
Solving node: 28-4
x: 28
y: 4
Solving node: 24+63
x: 24
y: 63
Solving node: 87-5
x: 87
y: 5
Solving node: 82+7
x: 82
y: 7
Difference: 89
Using default bounds (multiplication)
Calculating: 6+6*2+1*3-2*1+1*8-7+8-4+9*7-5+7*7
Solving node: 6*2
x: 6
y: 2
Solving node: 1*3
x: 1
y: 3
Solving node: 2*1
x: 2
y: 1
Solving node: 1*8
x: 1
y: 8
Solving node: 9*7
x: 9
y: 7
Solving node: 7*7
x: 7
y: 7
Solving node: 6+12
x: 6
y: 12
Solving node: 18+3
x: 18
y: 3
Solving node: 21-2
x: 21
y: 2
Solving node: 19+8
x: 19
y: 8
Solving node: 27-7
x: 27
y: 7
Solving node: 20+8
x: 20
y: 8
Solving node: 28-4
x: 28
y: 4
Solving node: 24+63
x: 24
y: 63
Solving node: 87-5
x: 87
y: 5
Solving node: 82+49
x: 82
y: 49
Originallösung: 6+6*2+1*3-2*1+1*8-7+8-4+9*7-5+7*7 = 131
[55/100] 6+6*2+1*3-2*1+1*8-7+8-4+9*7-5+7*7
Testing equation: 6+6*2+1*3-2*1+1*8-7+8-4+9*7-5+7*7
Checking node: 6*2
Solving node: 6*2
x: 6
y: 2
Checking node: 1*3
Solving node: 1*3
x: 1
y: 3
Checking node: 2*1
Solving node: 2*1
x: 2
y: 1
Checking node: 1*8
Solving node: 1*8
x: 1
y: 8
Checking node: 9*7
Solving node: 9*7
x: 9
y: 7
Checking node: 7*7
Solving node: 7*7
x: 7
y: 7
Checking node: 6+12
Solving node: 6+12
x: 6
y: 12
Checking node: 18+3
Solving node: 18+3
x: 18
y: 3
Checking node: 21-2
Solving node: 21-2
x: 21
y: 2
Checking node: 19+8
Solving node: 19+8
x: 19
y: 8
Checking node: 27-7
Solving node: 27-7
x: 27
y: 7
Checking node: 20+8
Solving node: 20+8
x: 20
y: 8
Checking node: 28-4
Solving node: 28-4
x: 28
y: 4
Checking node: 24+63
Solving node: 24+63
x: 24
y: 63
Checking node: 87-5
Solving node: 87-5
x: 87
y: 5
Checking node: 82+49
Solving node: 82+49
x: 82
y: 49
Checking node: 6+6
Checking node: 6*2
Checking node: 2+1
Checking node: 1*3
Checking node: 3-2
Checking node: 2*1
Checking node: 1+1
Checking node: 1*8
Checking node: 8-7
Checking node: 7+8
Checking node: 8-4
Checking node: 4+9
Checking node: 9*7
Checking node: 7-5
Checking node: 5+7
Checking node: 7*7
Difference: 1
Using default bounds (multiplication)
Calculating: 1*8
Solving node: 1*8
x: 1
y: 8
Solving node: 1*8
x: 1
y: 8
Solving node: 1*8
x: 1
y: 8
Difference: 8
Calculating: 1*8:1
Solving node: 1*8
x: 1
y: 8
Solving node: 8:1
x: 8
y: 1
Solving node: 1*8
x: 1
y: 8
Solving node: 8:1
x: 8
y: 1
Solving node: 1*8
x: 1
y: 8
Solving node: 8:1
x: 8
y: 1
Difference: 8
Calculating: 1*8:1+7
Solving node: 1*8
x: 1
y: 8
Solving node: 8:1
x: 8
y: 1
Solving node: 8+7
x: 8
y: 7
Solving node: 1*8
x: 1
y: 8
Solving node: 8:1
x: 8
y: 1
Solving node: 1*8
x: 1
y: 8
Solving node: 8:1
x: 8
y: 1
Solving node: 8+7
x: 8
y: 7
Difference: 15
Last: 7; Last sum: 7
Calculating: 1*8:1+7-1
Solving node: 1*8
x: 1
y: 8
Solving node: 8:1
x: 8
y: 1
Solving node: 8+7
x: 8
y: 7
Solving node: 15-1
x: 15
y: 1
Solving node: 1*8
x: 1
y: 8
Solving node: 8:1
x: 8
y: 1
Solving node: 8+7
x: 8
y: 7
Solving node: 15-1
x: 15
y: 1
Solving node: 1*8
x: 1
y: 8
Solving node: 8:1
x: 8
y: 1
Solving node: 8+7
x: 8
y: 7
Difference: 15-1
Calculating: 1*8:1+7-1+4
Solving node: 1*8
x: 1
y: 8
Solving node: 8:1
x: 8
y: 1
Solving node: 8+7
x: 8
y: 7
Solving node: 15-1
x: 15
y: 1
Solving node: 14+4
x: 14
y: 4
Solving node: 1*8
x: 1
y: 8
Solving node: 8:1
x: 8
y: 1
Solving node: 8+7
x: 8
y: 7
Solving node: 15-1
x: 15
y: 1
Solving node: 1*8
x: 1
y: 8
Solving node: 8:1
x: 8
y: 1
Solving node: 8+7
x: 8
y: 7
Solving node: 15-1
x: 15
y: 1
Solving node: 14+4
x: 14
y: 4
Difference: 18
Calculating: 1*8:1+7-1+4:1
Solving node: 1*8
x: 1
y: 8
Solving node: 8:1
x: 8
y: 1
Solving node: 4:1
x: 4
y: 1
Solving node: 8+7
x: 8
y: 7
Solving node: 15-1
x: 15
y: 1
Solving node: 14+4
x: 14
y: 4
Solving node: 1*8
x: 1
y: 8
Solving node: 8:1
x: 8
y: 1
Solving node: 4:1
x: 4
y: 1
Solving node: 8+7
x: 8
y: 7
Solving node: 15-1
x: 15
y: 1
Solving node: 1*8
x: 1
y: 8
Solving node: 8:1
x: 8
y: 1
Solving node: 4:1
x: 4
y: 1
Solving node: 8+7
x: 8
y: 7
Solving node: 15-1
x: 15
y: 1
Solving node: 14+4
x: 14
y: 4
Difference: 18
Using default bounds (multiplication)
Calculating: 1*8:1+7-1+4:1*5
Solving node: 1*8
x: 1
y: 8
Solving node: 8:1
x: 8
y: 1
Solving node: 4:1
x: 4
y: 1
Solving node: 4*5
x: 4
y: 5
Solving node: 8+7
x: 8
y: 7
Solving node: 15-1
x: 15
y: 1
Solving node: 14+20
x: 14
y: 20
Solving node: 1*8
x: 1
y: 8
Solving node: 8:1
x: 8
y: 1
Solving node: 4:1
x: 4
y: 1
Solving node: 4*5
x: 4
y: 5
Solving node: 8+7
x: 8
y: 7
Solving node: 15-1
x: 15
y: 1
Solving node: 1*8
x: 1
y: 8
Solving node: 8:1
x: 8
y: 1
Solving node: 4:1
x: 4
y: 1
Solving node: 4*5
x: 4
y: 5
Solving node: 8+7
x: 8
y: 7
Solving node: 15-1
x: 15
y: 1
Solving node: 14+20
x: 14
y: 20
Difference: 34
Calculating: 1*8:1+7-1+4:1*5+6
Solving node: 1*8
x: 1
y: 8
Solving node: 8:1
x: 8
y: 1
Solving node: 4:1
x: 4
y: 1
Solving node: 4*5
x: 4
y: 5
Solving node: 8+7
x: 8
y: 7
Solving node: 15-1
x: 15
y: 1
Solving node: 14+20
x: 14
y: 20
Solving node: 34+6
x: 34
y: 6
Solving node: 1*8
x: 1
y: 8
Solving node: 8:1
x: 8
y: 1
Solving node: 4:1
x: 4
y: 1
Solving node: 4*5
x: 4
y: 5
Solving node: 8+7
x: 8
y: 7
Solving node: 15-1
x: 15
y: 1
Solving node: 1*8
x: 1
y: 8
Solving node: 8:1
x: 8
y: 1
Solving node: 4:1
x: 4
y: 1
Solving node: 4*5
x: 4
y: 5
Solving node: 8+7
x: 8
y: 7
Solving node: 15-1
x: 15
y: 1
Solving node: 14+20
x: 14
y: 20
Solving node: 34+6
x: 34
y: 6
Difference: 40
Calculating: 1*8:1+7-1+4:1*5+6:2
Solving node: 1*8
x: 1
y: 8
Solving node: 8:1
x: 8
y: 1
Solving node: 4:1
x: 4
y: 1
Solving node: 4*5
x: 4
y: 5
Solving node: 6:2
x: 6
y: 2
Solving node: 8+7
x: 8
y: 7
Solving node: 15-1
x: 15
y: 1
Solving node: 14+20
x: 14
y: 20
Solving node: 34+3
x: 34
y: 3
Solving node: 1*8
x: 1
y: 8
Solving node: 8:1
x: 8
y: 1
Solving node: 4:1
x: 4
y: 1
Solving node: 4*5
x: 4
y: 5
Solving node: 6:2
x: 6
y: 2
Solving node: 8+7
x: 8
y: 7
Solving node: 15-1
x: 15
y: 1
Solving node: 1*8
x: 1
y: 8
Solving node: 8:1
x: 8
y: 1
Solving node: 4:1
x: 4
y: 1
Solving node: 4*5
x: 4
y: 5
Solving node: 6:2
x: 6
y: 2
Solving node: 8+7
x: 8
y: 7
Solving node: 15-1
x: 15
y: 1
Solving node: 14+20
x: 14
y: 20
Solving node: 34+3
x: 34
y: 3
Difference: 37
Using default bounds (multiplication)
Calculating: 1*8:1+7-1+4:1*5+6:2*4
Solving node: 1*8
x: 1
y: 8
Solving node: 8:1
x: 8
y: 1
Solving node: 4:1
x: 4
y: 1
Solving node: 4*5
x: 4
y: 5
Solving node: 6:2
x: 6
y: 2
Solving node: 3*4
x: 3
y: 4
Solving node: 8+7
x: 8
y: 7
Solving node: 15-1
x: 15
y: 1
Solving node: 14+20
x: 14
y: 20
Solving node: 34+12
x: 34
y: 12
Solving node: 1*8
x: 1
y: 8
Solving node: 8:1
x: 8
y: 1
Solving node: 4:1
x: 4
y: 1
Solving node: 4*5
x: 4
y: 5
Solving node: 6:2
x: 6
y: 2
Solving node: 3*4
x: 3
y: 4
Solving node: 8+7
x: 8
y: 7
Solving node: 15-1
x: 15
y: 1
Solving node: 1*8
x: 1
y: 8
Solving node: 8:1
x: 8
y: 1
Solving node: 4:1
x: 4
y: 1
Solving node: 4*5
x: 4
y: 5
Solving node: 6:2
x: 6
y: 2
Solving node: 3*4
x: 3
y: 4
Solving node: 8+7
x: 8
y: 7
Solving node: 15-1
x: 15
y: 1
Solving node: 14+20
x: 14
y: 20
Solving node: 34+12
x: 34
y: 12
Difference: 46
Last: 4; Last sum: 12
Calculating: 1*8:1+7-1+4:1*5+6:2*4-2
Solving node: 1*8
x: 1
y: 8
Solving node: 8:1
x: 8
y: 1
Solving node: 4:1
x: 4
y: 1
Solving node: 4*5
x: 4
y: 5
Solving node: 6:2
x: 6
y: 2
Solving node: 3*4
x: 3
y: 4
Solving node: 8+7
x: 8
y: 7
Solving node: 15-1
x: 15
y: 1
Solving node: 14+20
x: 14
y: 20
Solving node: 34+12
x: 34
y: 12
Solving node: 46-2
x: 46
y: 2
Solving node: 1*8
x: 1
y: 8
Solving node: 8:1
x: 8
y: 1
Solving node: 4:1
x: 4
y: 1
Solving node: 4*5
x: 4
y: 5
Solving node: 6:2
x: 6
y: 2
Solving node: 3*4
x: 3
y: 4
Solving node: 8+7
x: 8
y: 7
Solving node: 15-1
x: 15
y: 1
Solving node: 14+20
x: 14
y: 20
Solving node: 34+12
x: 34
y: 12
Solving node: 46-2
x: 46
y: 2
Solving node: 1*8
x: 1
y: 8
Solving node: 8:1
x: 8
y: 1
Solving node: 4:1
x: 4
y: 1
Solving node: 4*5
x: 4
y: 5
Solving node: 6:2
x: 6
y: 2
Solving node: 3*4
x: 3
y: 4
Solving node: 8+7
x: 8
y: 7
Solving node: 15-1
x: 15
y: 1
Solving node: 14+20
x: 14
y: 20
Solving node: 34+12
x: 34
y: 12
Difference: 46-2
Calculating: 1*8:1+7-1+4:1*5+6:2*4-2+1
Solving node: 1*8
x: 1
y: 8
Solving node: 8:1
x: 8
y: 1
Solving node: 4:1
x: 4
y: 1
Solving node: 4*5
x: 4
y: 5
Solving node: 6:2
x: 6
y: 2
Solving node: 3*4
x: 3
y: 4
Solving node: 8+7
x: 8
y: 7
Solving node: 15-1
x: 15
y: 1
Solving node: 14+20
x: 14
y: 20
Solving node: 34+12
x: 34
y: 12
Solving node: 46-2
x: 46
y: 2
Solving node: 44+1
x: 44
y: 1
Solving node: 1*8
x: 1
y: 8
Solving node: 8:1
x: 8
y: 1
Solving node: 4:1
x: 4
y: 1
Solving node: 4*5
x: 4
y: 5
Solving node: 6:2
x: 6
y: 2
Solving node: 3*4
x: 3
y: 4
Solving node: 8+7
x: 8
y: 7
Solving node: 15-1
x: 15
y: 1
Solving node: 14+20
x: 14
y: 20
Solving node: 34+12
x: 34
y: 12
Solving node: 46-2
x: 46
y: 2
Solving node: 1*8
x: 1
y: 8
Solving node: 8:1
x: 8
y: 1
Solving node: 4:1
x: 4
y: 1
Solving node: 4*5
x: 4
y: 5
Solving node: 6:2
x: 6
y: 2
Solving node: 3*4
x: 3
y: 4
Solving node: 8+7
x: 8
y: 7
Solving node: 15-1
x: 15
y: 1
Solving node: 14+20
x: 14
y: 20
Solving node: 34+12
x: 34
y: 12
Solving node: 46-2
x: 46
y: 2
Solving node: 44+1
x: 44
y: 1
Difference: 45
Using default bounds (multiplication)
Calculating: 1*8:1+7-1+4:1*5+6:2*4-2+1*2
Solving node: 1*8
x: 1
y: 8
Solving node: 8:1
x: 8
y: 1
Solving node: 4:1
x: 4
y: 1
Solving node: 4*5
x: 4
y: 5
Solving node: 6:2
x: 6
y: 2
Solving node: 3*4
x: 3
y: 4
Solving node: 1*2
x: 1
y: 2
Solving node: 8+7
x: 8
y: 7
Solving node: 15-1
x: 15
y: 1
Solving node: 14+20
x: 14
y: 20
Solving node: 34+12
x: 34
y: 12
Solving node: 46-2
x: 46
y: 2
Solving node: 44+2
x: 44
y: 2
Solving node: 1*8
x: 1
y: 8
Solving node: 8:1
x: 8
y: 1
Solving node: 4:1
x: 4
y: 1
Solving node: 4*5
x: 4
y: 5
Solving node: 6:2
x: 6
y: 2
Solving node: 3*4
x: 3
y: 4
Solving node: 1*2
x: 1
y: 2
Solving node: 8+7
x: 8
y: 7
Solving node: 15-1
x: 15
y: 1
Solving node: 14+20
x: 14
y: 20
Solving node: 34+12
x: 34
y: 12
Solving node: 46-2
x: 46
y: 2
Solving node: 1*8
x: 1
y: 8
Solving node: 8:1
x: 8
y: 1
Solving node: 4:1
x: 4
y: 1
Solving node: 4*5
x: 4
y: 5
Solving node: 6:2
x: 6
y: 2
Solving node: 3*4
x: 3
y: 4
Solving node: 1*2
x: 1
y: 2
Solving node: 8+7
x: 8
y: 7
Solving node: 15-1
x: 15
y: 1
Solving node: 14+20
x: 14
y: 20
Solving node: 34+12
x: 34
y: 12
Solving node: 46-2
x: 46
y: 2
Solving node: 44+2
x: 44
y: 2
Difference: 46
Calculating: 1*8:1+7-1+4:1*5+6:2*4-2+1*2+2
Solving node: 1*8
x: 1
y: 8
Solving node: 8:1
x: 8
y: 1
Solving node: 4:1
x: 4
y: 1
Solving node: 4*5
x: 4
y: 5
Solving node: 6:2
x: 6
y: 2
Solving node: 3*4
x: 3
y: 4
Solving node: 1*2
x: 1
y: 2
Solving node: 8+7
x: 8
y: 7
Solving node: 15-1
x: 15
y: 1
Solving node: 14+20
x: 14
y: 20
Solving node: 34+12
x: 34
y: 12
Solving node: 46-2
x: 46
y: 2
Solving node: 44+2
x: 44
y: 2
Solving node: 46+2
x: 46
y: 2
Solving node: 1*8
x: 1
y: 8
Solving node: 8:1
x: 8
y: 1
Solving node: 4:1
x: 4
y: 1
Solving node: 4*5
x: 4
y: 5
Solving node: 6:2
x: 6
y: 2
Solving node: 3*4
x: 3
y: 4
Solving node: 1*2
x: 1
y: 2
Solving node: 8+7
x: 8
y: 7
Solving node: 15-1
x: 15
y: 1
Solving node: 14+20
x: 14
y: 20
Solving node: 34+12
x: 34
y: 12
Solving node: 46-2
x: 46
y: 2
Solving node: 1*8
x: 1
y: 8
Solving node: 8:1
x: 8
y: 1
Solving node: 4:1
x: 4
y: 1
Solving node: 4*5
x: 4
y: 5
Solving node: 6:2
x: 6
y: 2
Solving node: 3*4
x: 3
y: 4
Solving node: 1*2
x: 1
y: 2
Solving node: 8+7
x: 8
y: 7
Solving node: 15-1
x: 15
y: 1
Solving node: 14+20
x: 14
y: 20
Solving node: 34+12
x: 34
y: 12
Solving node: 46-2
x: 46
y: 2
Solving node: 44+2
x: 44
y: 2
Solving node: 46+2
x: 46
y: 2
Difference: 48
Using default bounds (multiplication)
Calculating: 1*8:1+7-1+4:1*5+6:2*4-2+1*2+2*5
Solving node: 1*8
x: 1
y: 8
Solving node: 8:1
x: 8
y: 1
Solving node: 4:1
x: 4
y: 1
Solving node: 4*5
x: 4
y: 5
Solving node: 6:2
x: 6
y: 2
Solving node: 3*4
x: 3
y: 4
Solving node: 1*2
x: 1
y: 2
Solving node: 2*5
x: 2
y: 5
Solving node: 8+7
x: 8
y: 7
Solving node: 15-1
x: 15
y: 1
Solving node: 14+20
x: 14
y: 20
Solving node: 34+12
x: 34
y: 12
Solving node: 46-2
x: 46
y: 2
Solving node: 44+2
x: 44
y: 2
Solving node: 46+10
x: 46
y: 10
Solving node: 1*8
x: 1
y: 8
Solving node: 8:1
x: 8
y: 1
Solving node: 4:1
x: 4
y: 1
Solving node: 4*5
x: 4
y: 5
Solving node: 6:2
x: 6
y: 2
Solving node: 3*4
x: 3
y: 4
Solving node: 1*2
x: 1
y: 2
Solving node: 2*5
x: 2
y: 5
Solving node: 8+7
x: 8
y: 7
Solving node: 15-1
x: 15
y: 1
Solving node: 14+20
x: 14
y: 20
Solving node: 34+12
x: 34
y: 12
Solving node: 46-2
x: 46
y: 2
Solving node: 1*8
x: 1
y: 8
Solving node: 8:1
x: 8
y: 1
Solving node: 4:1
x: 4
y: 1
Solving node: 4*5
x: 4
y: 5
Solving node: 6:2
x: 6
y: 2
Solving node: 3*4
x: 3
y: 4
Solving node: 1*2
x: 1
y: 2
Solving node: 2*5
x: 2
y: 5
Solving node: 8+7
x: 8
y: 7
Solving node: 15-1
x: 15
y: 1
Solving node: 14+20
x: 14
y: 20
Solving node: 34+12
x: 34
y: 12
Solving node: 46-2
x: 46
y: 2
Solving node: 44+2
x: 44
y: 2
Solving node: 46+10
x: 46
y: 10
Difference: 56
Last: 5; Last sum: 10
Calculating: 1*8:1+7-1+4:1*5+6:2*4-2+1*2+2*5-2
Solving node: 1*8
x: 1
y: 8
Solving node: 8:1
x: 8
y: 1
Solving node: 4:1
x: 4
y: 1
Solving node: 4*5
x: 4
y: 5
Solving node: 6:2
x: 6
y: 2
Solving node: 3*4
x: 3
y: 4
Solving node: 1*2
x: 1
y: 2
Solving node: 2*5
x: 2
y: 5
Solving node: 8+7
x: 8
y: 7
Solving node: 15-1
x: 15
y: 1
Solving node: 14+20
x: 14
y: 20
Solving node: 34+12
x: 34
y: 12
Solving node: 46-2
x: 46
y: 2
Solving node: 44+2
x: 44
y: 2
Solving node: 46+10
x: 46
y: 10
Solving node: 56-2
x: 56
y: 2
Originallösung: 1*8:1+7-1+4:1*5+6:2*4-2+1*2+2*5-2 = 54
[56/100] 1*8:1+7-1+4:1*5+6:2*4-2+1*2+2*5-2
Testing equation: 1*8:1+7-1+4:1*5+6:2*4-2+1*2+2*5-2
Checking node: 1*8
Solving node: 1*8
x: 1
y: 8
Checking node: 8:1
Solving node: 8:1
x: 8
y: 1
Checking node: 4:1
Solving node: 4:1
x: 4
y: 1
Checking node: 4*5
Solving node: 4*5
x: 4
y: 5
Checking node: 6:2
Solving node: 6:2
x: 6
y: 2
Checking node: 3*4
Solving node: 3*4
x: 3
y: 4
Checking node: 1*2
Solving node: 1*2
x: 1
y: 2
Checking node: 2*5
Solving node: 2*5
x: 2
y: 5
Checking node: 8+7
Solving node: 8+7
x: 8
y: 7
Checking node: 15-1
Solving node: 15-1
x: 15
y: 1
Checking node: 14+20
Solving node: 14+20
x: 14
y: 20
Checking node: 34+12
Solving node: 34+12
x: 34
y: 12
Checking node: 46-2
Solving node: 46-2
x: 46
y: 2
Checking node: 44+2
Solving node: 44+2
x: 44
y: 2
Checking node: 46+10
Solving node: 46+10
x: 46
y: 10
Checking node: 56-2
Solving node: 56-2
x: 56
y: 2
Checking node: 1*8
Checking node: 8:1
Checking node: 1+7
Checking node: 7-1
Checking node: 1+4
Checking node: 4:1
Checking node: 1*5
Checking node: 5+6
Checking node: 6:2
Checking node: 2*4
Checking node: 4-2
Checking node: 2+1
Checking node: 1*2
Checking node: 2+2
Checking node: 2*5
Checking node: 5-2
Difference: 6
Using default bounds (multiplication)
Calculating: 6*1
Solving node: 6*1
x: 6
y: 1
Solving node: 6*1
x: 6
y: 1
Solving node: 6*1
x: 6
y: 1
Difference: 6
Calculating: 6*1+5
Solving node: 6*1
x: 6
y: 1
Solving node: 6+5
x: 6
y: 5
Solving node: 6*1
x: 6
y: 1
Solving node: 6*1
x: 6
y: 1
Solving node: 6+5
x: 6
y: 5
Difference: 11
Last: 5; Last sum: 5
Calculating: 6*1+5-1
Solving node: 6*1
x: 6
y: 1
Solving node: 6+5
x: 6
y: 5
Solving node: 11-1
x: 11
y: 1
Solving node: 6*1
x: 6
y: 1
Solving node: 6+5
x: 6
y: 5
Solving node: 11-1
x: 11
y: 1
Solving node: 6*1
x: 6
y: 1
Solving node: 6+5
x: 6
y: 5
Difference: 11-1
Calculating bounds (multiplication)
Previous index: -1 | Last operator index: 2
Upper bound: 1
Solving node: 6*1
x: 6
y: 1
Solving node: 6+5
x: 6
y: 5
Solving node: 11-1
x: 11
y: 1
Solving node: 6*1
x: 6
y: 1
Solving node: 6+5
x: 6
y: 5
Difference: 11-1
Calculating: 6*1+5-1+4
Solving node: 6*1
x: 6
y: 1
Solving node: 6+5
x: 6
y: 5
Solving node: 11-1
x: 11
y: 1
Solving node: 10+4
x: 10
y: 4
Solving node: 6*1
x: 6
y: 1
Solving node: 6+5
x: 6
y: 5
Solving node: 11-1
x: 11
y: 1
Solving node: 6*1
x: 6
y: 1
Solving node: 6+5
x: 6
y: 5
Solving node: 11-1
x: 11
y: 1
Solving node: 10+4
x: 10
y: 4
Difference: 14
Last: 4; Last sum: 4
Calculating: 6*1+5-1+4-2
Solving node: 6*1
x: 6
y: 1
Solving node: 6+5
x: 6
y: 5
Solving node: 11-1
x: 11
y: 1
Solving node: 10+4
x: 10
y: 4
Solving node: 14-2
x: 14
y: 2
Solving node: 6*1
x: 6
y: 1
Solving node: 6+5
x: 6
y: 5
Solving node: 11-1
x: 11
y: 1
Solving node: 10+4
x: 10
y: 4
Solving node: 14-2
x: 14
y: 2
Solving node: 6*1
x: 6
y: 1
Solving node: 6+5
x: 6
y: 5
Solving node: 11-1
x: 11
y: 1
Solving node: 10+4
x: 10
y: 4
Difference: 14-2
Calculating: 6*1+5-1+4-2+9
Solving node: 6*1
x: 6
y: 1
Solving node: 6+5
x: 6
y: 5
Solving node: 11-1
x: 11
y: 1
Solving node: 10+4
x: 10
y: 4
Solving node: 14-2
x: 14
y: 2
Solving node: 12+9
x: 12
y: 9
Solving node: 6*1
x: 6
y: 1
Solving node: 6+5
x: 6
y: 5
Solving node: 11-1
x: 11
y: 1
Solving node: 10+4
x: 10
y: 4
Solving node: 14-2
x: 14
y: 2
Solving node: 6*1
x: 6
y: 1
Solving node: 6+5
x: 6
y: 5
Solving node: 11-1
x: 11
y: 1
Solving node: 10+4
x: 10
y: 4
Solving node: 14-2
x: 14
y: 2
Solving node: 12+9
x: 12
y: 9
Difference: 21
Last: 9; Last sum: 9
Calculating: 6*1+5-1+4-2+9-7
Solving node: 6*1
x: 6
y: 1
Solving node: 6+5
x: 6
y: 5
Solving node: 11-1
x: 11
y: 1
Solving node: 10+4
x: 10
y: 4
Solving node: 14-2
x: 14
y: 2
Solving node: 12+9
x: 12
y: 9
Solving node: 21-7
x: 21
y: 7
Solving node: 6*1
x: 6
y: 1
Solving node: 6+5
x: 6
y: 5
Solving node: 11-1
x: 11
y: 1
Solving node: 10+4
x: 10
y: 4
Solving node: 14-2
x: 14
y: 2
Solving node: 12+9
x: 12
y: 9
Solving node: 21-7
x: 21
y: 7
Solving node: 6*1
x: 6
y: 1
Solving node: 6+5
x: 6
y: 5
Solving node: 11-1
x: 11
y: 1
Solving node: 10+4
x: 10
y: 4
Solving node: 14-2
x: 14
y: 2
Solving node: 12+9
x: 12
y: 9
Difference: 21-7
Calculating: 6*1+5-1+4-2+9-7+6
Solving node: 6*1
x: 6
y: 1
Solving node: 6+5
x: 6
y: 5
Solving node: 11-1
x: 11
y: 1
Solving node: 10+4
x: 10
y: 4
Solving node: 14-2
x: 14
y: 2
Solving node: 12+9
x: 12
y: 9
Solving node: 21-7
x: 21
y: 7
Solving node: 14+6
x: 14
y: 6
Solving node: 6*1
x: 6
y: 1
Solving node: 6+5
x: 6
y: 5
Solving node: 11-1
x: 11
y: 1
Solving node: 10+4
x: 10
y: 4
Solving node: 14-2
x: 14
y: 2
Solving node: 12+9
x: 12
y: 9
Solving node: 21-7
x: 21
y: 7
Solving node: 6*1
x: 6
y: 1
Solving node: 6+5
x: 6
y: 5
Solving node: 11-1
x: 11
y: 1
Solving node: 10+4
x: 10
y: 4
Solving node: 14-2
x: 14
y: 2
Solving node: 12+9
x: 12
y: 9
Solving node: 21-7
x: 21
y: 7
Solving node: 14+6
x: 14
y: 6
Difference: 20
Using default bounds (multiplication)
Calculating: 6*1+5-1+4-2+9-7+6*3
Solving node: 6*1
x: 6
y: 1
Solving node: 6*3
x: 6
y: 3
Solving node: 6+5
x: 6
y: 5
Solving node: 11-1
x: 11
y: 1
Solving node: 10+4
x: 10
y: 4
Solving node: 14-2
x: 14
y: 2
Solving node: 12+9
x: 12
y: 9
Solving node: 21-7
x: 21
y: 7
Solving node: 14+18
x: 14
y: 18
Solving node: 6*1
x: 6
y: 1
Solving node: 6*3
x: 6
y: 3
Solving node: 6+5
x: 6
y: 5
Solving node: 11-1
x: 11
y: 1
Solving node: 10+4
x: 10
y: 4
Solving node: 14-2
x: 14
y: 2
Solving node: 12+9
x: 12
y: 9
Solving node: 21-7
x: 21
y: 7
Solving node: 6*1
x: 6
y: 1
Solving node: 6*3
x: 6
y: 3
Solving node: 6+5
x: 6
y: 5
Solving node: 11-1
x: 11
y: 1
Solving node: 10+4
x: 10
y: 4
Solving node: 14-2
x: 14
y: 2
Solving node: 12+9
x: 12
y: 9
Solving node: 21-7
x: 21
y: 7
Solving node: 14+18
x: 14
y: 18
Difference: 32
Calculating: 6*1+5-1+4-2+9-7+6*3+1
Solving node: 6*1
x: 6
y: 1
Solving node: 6*3
x: 6
y: 3
Solving node: 6+5
x: 6
y: 5
Solving node: 11-1
x: 11
y: 1
Solving node: 10+4
x: 10
y: 4
Solving node: 14-2
x: 14
y: 2
Solving node: 12+9
x: 12
y: 9
Solving node: 21-7
x: 21
y: 7
Solving node: 14+18
x: 14
y: 18
Solving node: 32+1
x: 32
y: 1
Solving node: 6*1
x: 6
y: 1
Solving node: 6*3
x: 6
y: 3
Solving node: 6+5
x: 6
y: 5
Solving node: 11-1
x: 11
y: 1
Solving node: 10+4
x: 10
y: 4
Solving node: 14-2
x: 14
y: 2
Solving node: 12+9
x: 12
y: 9
Solving node: 21-7
x: 21
y: 7
Solving node: 6*1
x: 6
y: 1
Solving node: 6*3
x: 6
y: 3
Solving node: 6+5
x: 6
y: 5
Solving node: 11-1
x: 11
y: 1
Solving node: 10+4
x: 10
y: 4
Solving node: 14-2
x: 14
y: 2
Solving node: 12+9
x: 12
y: 9
Solving node: 21-7
x: 21
y: 7
Solving node: 14+18
x: 14
y: 18
Solving node: 32+1
x: 32
y: 1
Difference: 33
Using default bounds (multiplication)
Calculating: 6*1+5-1+4-2+9-7+6*3+1*6
Solving node: 6*1
x: 6
y: 1
Solving node: 6*3
x: 6
y: 3
Solving node: 1*6
x: 1
y: 6
Solving node: 6+5
x: 6
y: 5
Solving node: 11-1
x: 11
y: 1
Solving node: 10+4
x: 10
y: 4
Solving node: 14-2
x: 14
y: 2
Solving node: 12+9
x: 12
y: 9
Solving node: 21-7
x: 21
y: 7
Solving node: 14+18
x: 14
y: 18
Solving node: 32+6
x: 32
y: 6
Solving node: 6*1
x: 6
y: 1
Solving node: 6*3
x: 6
y: 3
Solving node: 1*6
x: 1
y: 6
Solving node: 6+5
x: 6
y: 5
Solving node: 11-1
x: 11
y: 1
Solving node: 10+4
x: 10
y: 4
Solving node: 14-2
x: 14
y: 2
Solving node: 12+9
x: 12
y: 9
Solving node: 21-7
x: 21
y: 7
Solving node: 6*1
x: 6
y: 1
Solving node: 6*3
x: 6
y: 3
Solving node: 1*6
x: 1
y: 6
Solving node: 6+5
x: 6
y: 5
Solving node: 11-1
x: 11
y: 1
Solving node: 10+4
x: 10
y: 4
Solving node: 14-2
x: 14
y: 2
Solving node: 12+9
x: 12
y: 9
Solving node: 21-7
x: 21
y: 7
Solving node: 14+18
x: 14
y: 18
Solving node: 32+6
x: 32
y: 6
Difference: 38
Calculating: 6*1+5-1+4-2+9-7+6*3+1*6+4
Solving node: 6*1
x: 6
y: 1
Solving node: 6*3
x: 6
y: 3
Solving node: 1*6
x: 1
y: 6
Solving node: 6+5
x: 6
y: 5
Solving node: 11-1
x: 11
y: 1
Solving node: 10+4
x: 10
y: 4
Solving node: 14-2
x: 14
y: 2
Solving node: 12+9
x: 12
y: 9
Solving node: 21-7
x: 21
y: 7
Solving node: 14+18
x: 14
y: 18
Solving node: 32+6
x: 32
y: 6
Solving node: 38+4
x: 38
y: 4
Solving node: 6*1
x: 6
y: 1
Solving node: 6*3
x: 6
y: 3
Solving node: 1*6
x: 1
y: 6
Solving node: 6+5
x: 6
y: 5
Solving node: 11-1
x: 11
y: 1
Solving node: 10+4
x: 10
y: 4
Solving node: 14-2
x: 14
y: 2
Solving node: 12+9
x: 12
y: 9
Solving node: 21-7
x: 21
y: 7
Solving node: 6*1
x: 6
y: 1
Solving node: 6*3
x: 6
y: 3
Solving node: 1*6
x: 1
y: 6
Solving node: 6+5
x: 6
y: 5
Solving node: 11-1
x: 11
y: 1
Solving node: 10+4
x: 10
y: 4
Solving node: 14-2
x: 14
y: 2
Solving node: 12+9
x: 12
y: 9
Solving node: 21-7
x: 21
y: 7
Solving node: 14+18
x: 14
y: 18
Solving node: 32+6
x: 32
y: 6
Solving node: 38+4
x: 38
y: 4
Difference: 42
Using default bounds (multiplication)
Calculating: 6*1+5-1+4-2+9-7+6*3+1*6+4*5
Solving node: 6*1
x: 6
y: 1
Solving node: 6*3
x: 6
y: 3
Solving node: 1*6
x: 1
y: 6
Solving node: 4*5
x: 4
y: 5
Solving node: 6+5
x: 6
y: 5
Solving node: 11-1
x: 11
y: 1
Solving node: 10+4
x: 10
y: 4
Solving node: 14-2
x: 14
y: 2
Solving node: 12+9
x: 12
y: 9
Solving node: 21-7
x: 21
y: 7
Solving node: 14+18
x: 14
y: 18
Solving node: 32+6
x: 32
y: 6
Solving node: 38+20
x: 38
y: 20
Solving node: 6*1
x: 6
y: 1
Solving node: 6*3
x: 6
y: 3
Solving node: 1*6
x: 1
y: 6
Solving node: 4*5
x: 4
y: 5
Solving node: 6+5
x: 6
y: 5
Solving node: 11-1
x: 11
y: 1
Solving node: 10+4
x: 10
y: 4
Solving node: 14-2
x: 14
y: 2
Solving node: 12+9
x: 12
y: 9
Solving node: 21-7
x: 21
y: 7
Solving node: 6*1
x: 6
y: 1
Solving node: 6*3
x: 6
y: 3
Solving node: 1*6
x: 1
y: 6
Solving node: 4*5
x: 4
y: 5
Solving node: 6+5
x: 6
y: 5
Solving node: 11-1
x: 11
y: 1
Solving node: 10+4
x: 10
y: 4
Solving node: 14-2
x: 14
y: 2
Solving node: 12+9
x: 12
y: 9
Solving node: 21-7
x: 21
y: 7
Solving node: 14+18
x: 14
y: 18
Solving node: 32+6
x: 32
y: 6
Solving node: 38+20
x: 38
y: 20
Difference: 58
Calculating: 6*1+5-1+4-2+9-7+6*3+1*6+4*5+5
Solving node: 6*1
x: 6
y: 1
Solving node: 6*3
x: 6
y: 3
Solving node: 1*6
x: 1
y: 6
Solving node: 4*5
x: 4
y: 5
Solving node: 6+5
x: 6
y: 5
Solving node: 11-1
x: 11
y: 1
Solving node: 10+4
x: 10
y: 4
Solving node: 14-2
x: 14
y: 2
Solving node: 12+9
x: 12
y: 9
Solving node: 21-7
x: 21
y: 7
Solving node: 14+18
x: 14
y: 18
Solving node: 32+6
x: 32
y: 6
Solving node: 38+20
x: 38
y: 20
Solving node: 58+5
x: 58
y: 5
Solving node: 6*1
x: 6
y: 1
Solving node: 6*3
x: 6
y: 3
Solving node: 1*6
x: 1
y: 6
Solving node: 4*5
x: 4
y: 5
Solving node: 6+5
x: 6
y: 5
Solving node: 11-1
x: 11
y: 1
Solving node: 10+4
x: 10
y: 4
Solving node: 14-2
x: 14
y: 2
Solving node: 12+9
x: 12
y: 9
Solving node: 21-7
x: 21
y: 7
Solving node: 6*1
x: 6
y: 1
Solving node: 6*3
x: 6
y: 3
Solving node: 1*6
x: 1
y: 6
Solving node: 4*5
x: 4
y: 5
Solving node: 6+5
x: 6
y: 5
Solving node: 11-1
x: 11
y: 1
Solving node: 10+4
x: 10
y: 4
Solving node: 14-2
x: 14
y: 2
Solving node: 12+9
x: 12
y: 9
Solving node: 21-7
x: 21
y: 7
Solving node: 14+18
x: 14
y: 18
Solving node: 32+6
x: 32
y: 6
Solving node: 38+20
x: 38
y: 20
Solving node: 58+5
x: 58
y: 5
Difference: 63
Last: 5; Last sum: 5
Calculating: 6*1+5-1+4-2+9-7+6*3+1*6+4*5+5-1
Solving node: 6*1
x: 6
y: 1
Solving node: 6*3
x: 6
y: 3
Solving node: 1*6
x: 1
y: 6
Solving node: 4*5
x: 4
y: 5
Solving node: 6+5
x: 6
y: 5
Solving node: 11-1
x: 11
y: 1
Solving node: 10+4
x: 10
y: 4
Solving node: 14-2
x: 14
y: 2
Solving node: 12+9
x: 12
y: 9
Solving node: 21-7
x: 21
y: 7
Solving node: 14+18
x: 14
y: 18
Solving node: 32+6
x: 32
y: 6
Solving node: 38+20
x: 38
y: 20
Solving node: 58+5
x: 58
y: 5
Solving node: 63-1
x: 63
y: 1
Solving node: 6*1
x: 6
y: 1
Solving node: 6*3
x: 6
y: 3
Solving node: 1*6
x: 1
y: 6
Solving node: 4*5
x: 4
y: 5
Solving node: 6+5
x: 6
y: 5
Solving node: 11-1
x: 11
y: 1
Solving node: 10+4
x: 10
y: 4
Solving node: 14-2
x: 14
y: 2
Solving node: 12+9
x: 12
y: 9
Solving node: 21-7
x: 21
y: 7
Solving node: 14+18
x: 14
y: 18
Solving node: 32+6
x: 32
y: 6
Solving node: 38+20
x: 38
y: 20
Solving node: 58+5
x: 58
y: 5
Solving node: 63-1
x: 63
y: 1
Solving node: 6*1
x: 6
y: 1
Solving node: 6*3
x: 6
y: 3
Solving node: 1*6
x: 1
y: 6
Solving node: 4*5
x: 4
y: 5
Solving node: 6+5
x: 6
y: 5
Solving node: 11-1
x: 11
y: 1
Solving node: 10+4
x: 10
y: 4
Solving node: 14-2
x: 14
y: 2
Solving node: 12+9
x: 12
y: 9
Solving node: 21-7
x: 21
y: 7
Solving node: 14+18
x: 14
y: 18
Solving node: 32+6
x: 32
y: 6
Solving node: 38+20
x: 38
y: 20
Solving node: 58+5
x: 58
y: 5
Difference: 63-1
Calculating bounds (multiplication)
Previous index: -1 | Last operator index: 2
Upper bound: 1
Solving node: 6*1
x: 6
y: 1
Solving node: 6*3
x: 6
y: 3
Solving node: 1*6
x: 1
y: 6
Solving node: 4*5
x: 4
y: 5
Solving node: 6+5
x: 6
y: 5
Solving node: 11-1
x: 11
y: 1
Solving node: 10+4
x: 10
y: 4
Solving node: 14-2
x: 14
y: 2
Solving node: 12+9
x: 12
y: 9
Solving node: 21-7
x: 21
y: 7
Solving node: 14+18
x: 14
y: 18
Solving node: 32+6
x: 32
y: 6
Solving node: 38+20
x: 38
y: 20
Solving node: 58+5
x: 58
y: 5
Solving node: 63-1
x: 63
y: 1
Solving node: 6*1
x: 6
y: 1
Solving node: 6*3
x: 6
y: 3
Solving node: 1*6
x: 1
y: 6
Solving node: 4*5
x: 4
y: 5
Solving node: 6+5
x: 6
y: 5
Solving node: 11-1
x: 11
y: 1
Solving node: 10+4
x: 10
y: 4
Solving node: 14-2
x: 14
y: 2
Solving node: 12+9
x: 12
y: 9
Solving node: 21-7
x: 21
y: 7
Solving node: 14+18
x: 14
y: 18
Solving node: 32+6
x: 32
y: 6
Solving node: 38+20
x: 38
y: 20
Solving node: 58+5
x: 58
y: 5
Difference: 63-1
Calculating: 6*1+5-1+4-2+9-7+6*3+1*6+4*5+5-1+5
Solving node: 6*1
x: 6
y: 1
Solving node: 6*3
x: 6
y: 3
Solving node: 1*6
x: 1
y: 6
Solving node: 4*5
x: 4
y: 5
Solving node: 6+5
x: 6
y: 5
Solving node: 11-1
x: 11
y: 1
Solving node: 10+4
x: 10
y: 4
Solving node: 14-2
x: 14
y: 2
Solving node: 12+9
x: 12
y: 9
Solving node: 21-7
x: 21
y: 7
Solving node: 14+18
x: 14
y: 18
Solving node: 32+6
x: 32
y: 6
Solving node: 38+20
x: 38
y: 20
Solving node: 58+5
x: 58
y: 5
Solving node: 63-1
x: 63
y: 1
Solving node: 62+5
x: 62
y: 5
Originallösung: 6*1+5-1+4-2+9-7+6*3+1*6+4*5+5-1+5 = 67
[57/100] 6*1+5-1+4-2+9-7+6*3+1*6+4*5+5-1+5
Testing equation: 6*1+5-1+4-2+9-7+6*3+1*6+4*5+5-1+5
Checking node: 6*1
Solving node: 6*1
x: 6
y: 1
Checking node: 6*3
Solving node: 6*3
x: 6
y: 3
Checking node: 1*6
Solving node: 1*6
x: 1
y: 6
Checking node: 4*5
Solving node: 4*5
x: 4
y: 5
Checking node: 6+5
Solving node: 6+5
x: 6
y: 5
Checking node: 11-1
Solving node: 11-1
x: 11
y: 1
Checking node: 10+4
Solving node: 10+4
x: 10
y: 4
Checking node: 14-2
Solving node: 14-2
x: 14
y: 2
Checking node: 12+9
Solving node: 12+9
x: 12
y: 9
Checking node: 21-7
Solving node: 21-7
x: 21
y: 7
Checking node: 14+18
Solving node: 14+18
x: 14
y: 18
Checking node: 32+6
Solving node: 32+6
x: 32
y: 6
Checking node: 38+20
Solving node: 38+20
x: 38
y: 20
Checking node: 58+5
Solving node: 58+5
x: 58
y: 5
Checking node: 63-1
Solving node: 63-1
x: 63
y: 1
Checking node: 62+5
Solving node: 62+5
x: 62
y: 5
Checking node: 6*1
Checking node: 1+5
Checking node: 5-1
Checking node: 1+4
Checking node: 4-2
Checking node: 2+9
Checking node: 9-7
Checking node: 7+6
Checking node: 6*3
Checking node: 3+1
Checking node: 1*6
Checking node: 6+4
Checking node: 4*5
Checking node: 5+5
Checking node: 5-1
Checking node: 1+5
Difference: 6
Using default bounds (multiplication)
Calculating: 6*9
Solving node: 6*9
x: 6
y: 9
Solving node: 6*9
x: 6
y: 9
Solving node: 6*9
x: 6
y: 9
Difference: 54
Calculating: 6*9+4
Solving node: 6*9
x: 6
y: 9
Solving node: 54+4
x: 54
y: 4
Solving node: 6*9
x: 6
y: 9
Solving node: 6*9
x: 6
y: 9
Solving node: 54+4
x: 54
y: 4
Difference: 58
Calculating: 6*9+4:1
Solving node: 6*9
x: 6
y: 9
Solving node: 4:1
x: 4
y: 1
Solving node: 54+4
x: 54
y: 4
Solving node: 6*9
x: 6
y: 9
Solving node: 4:1
x: 4
y: 1
Solving node: 6*9
x: 6
y: 9
Solving node: 4:1
x: 4
y: 1
Solving node: 54+4
x: 54
y: 4
Difference: 58
Using default bounds (multiplication)
Calculating: 6*9+4:1*8
Solving node: 6*9
x: 6
y: 9
Solving node: 4:1
x: 4
y: 1
Solving node: 4*8
x: 4
y: 8
Solving node: 54+32
x: 54
y: 32
Solving node: 6*9
x: 6
y: 9
Solving node: 4:1
x: 4
y: 1
Solving node: 4*8
x: 4
y: 8
Solving node: 6*9
x: 6
y: 9
Solving node: 4:1
x: 4
y: 1
Solving node: 4*8
x: 4
y: 8
Solving node: 54+32
x: 54
y: 32
Difference: 86
Last: 8; Last sum: 32
Calculating: 6*9+4:1*8-5
Solving node: 6*9
x: 6
y: 9
Solving node: 4:1
x: 4
y: 1
Solving node: 4*8
x: 4
y: 8
Solving node: 54+32
x: 54
y: 32
Solving node: 86-5
x: 86
y: 5
Solving node: 6*9
x: 6
y: 9
Solving node: 4:1
x: 4
y: 1
Solving node: 4*8
x: 4
y: 8
Solving node: 54+32
x: 54
y: 32
Solving node: 86-5
x: 86
y: 5
Solving node: 6*9
x: 6
y: 9
Solving node: 4:1
x: 4
y: 1
Solving node: 4*8
x: 4
y: 8
Solving node: 54+32
x: 54
y: 32
Difference: 86-5
Calculating bounds (multiplication)
Previous index: -1 | Last operator index: 2
Upper bound: 5
Calculating: 6*9+4:1*8-5*3
Solving node: 6*9
x: 6
y: 9
Solving node: 4:1
x: 4
y: 1
Solving node: 4*8
x: 4
y: 8
Solving node: 5*3
x: 5
y: 3
Solving node: 54+32
x: 54
y: 32
Solving node: 86-15
x: 86
y: 15
Solving node: 6*9
x: 6
y: 9
Solving node: 4:1
x: 4
y: 1
Solving node: 4*8
x: 4
y: 8
Solving node: 5*3
x: 5
y: 3
Solving node: 54+32
x: 54
y: 32
Solving node: 86-15
x: 86
y: 15
Solving node: 6*9
x: 6
y: 9
Solving node: 4:1
x: 4
y: 1
Solving node: 4*8
x: 4
y: 8
Solving node: 5*3
x: 5
y: 3
Solving node: 54+32
x: 54
y: 32
Difference: 86-15
Last: 3; Last sum: 71
Calculating: 6*9+4:1*8-5*3-1
Solving node: 6*9
x: 6
y: 9
Solving node: 4:1
x: 4
y: 1
Solving node: 4*8
x: 4
y: 8
Solving node: 5*3
x: 5
y: 3
Solving node: 54+32
x: 54
y: 32
Solving node: 86-15
x: 86
y: 15
Solving node: 71-1
x: 71
y: 1
Solving node: 6*9
x: 6
y: 9
Solving node: 4:1
x: 4
y: 1
Solving node: 4*8
x: 4
y: 8
Solving node: 5*3
x: 5
y: 3
Solving node: 54+32
x: 54
y: 32
Solving node: 86-15
x: 86
y: 15
Solving node: 71-1
x: 71
y: 1
Solving node: 6*9
x: 6
y: 9
Solving node: 4:1
x: 4
y: 1
Solving node: 4*8
x: 4
y: 8
Solving node: 5*3
x: 5
y: 3
Solving node: 54+32
x: 54
y: 32
Difference: 86-15-1
Calculating: 6*9+4:1*8-5*3-1+3
Solving node: 6*9
x: 6
y: 9
Solving node: 4:1
x: 4
y: 1
Solving node: 4*8
x: 4
y: 8
Solving node: 5*3
x: 5
y: 3
Solving node: 54+32
x: 54
y: 32
Solving node: 86-15
x: 86
y: 15
Solving node: 71-1
x: 71
y: 1
Solving node: 70+3
x: 70
y: 3
Solving node: 6*9
x: 6
y: 9
Solving node: 4:1
x: 4
y: 1
Solving node: 4*8
x: 4
y: 8
Solving node: 5*3
x: 5
y: 3
Solving node: 54+32
x: 54
y: 32
Solving node: 86-15
x: 86
y: 15
Solving node: 71-1
x: 71
y: 1
Solving node: 6*9
x: 6
y: 9
Solving node: 4:1
x: 4
y: 1
Solving node: 4*8
x: 4
y: 8
Solving node: 5*3
x: 5
y: 3
Solving node: 54+32
x: 54
y: 32
Solving node: 86-15
x: 86
y: 15
Solving node: 71-1
x: 71
y: 1
Solving node: 70+3
x: 70
y: 3
Difference: 73
Using default bounds (multiplication)
Calculating: 6*9+4:1*8-5*3-1+3*6
Solving node: 6*9
x: 6
y: 9
Solving node: 4:1
x: 4
y: 1
Solving node: 4*8
x: 4
y: 8
Solving node: 5*3
x: 5
y: 3
Solving node: 3*6
x: 3
y: 6
Solving node: 54+32
x: 54
y: 32
Solving node: 86-15
x: 86
y: 15
Solving node: 71-1
x: 71
y: 1
Solving node: 70+18
x: 70
y: 18
Solving node: 6*9
x: 6
y: 9
Solving node: 4:1
x: 4
y: 1
Solving node: 4*8
x: 4
y: 8
Solving node: 5*3
x: 5
y: 3
Solving node: 3*6
x: 3
y: 6
Solving node: 54+32
x: 54
y: 32
Solving node: 86-15
x: 86
y: 15
Solving node: 71-1
x: 71
y: 1
Solving node: 6*9
x: 6
y: 9
Solving node: 4:1
x: 4
y: 1
Solving node: 4*8
x: 4
y: 8
Solving node: 5*3
x: 5
y: 3
Solving node: 3*6
x: 3
y: 6
Solving node: 54+32
x: 54
y: 32
Solving node: 86-15
x: 86
y: 15
Solving node: 71-1
x: 71
y: 1
Solving node: 70+18
x: 70
y: 18
Difference: 88
Calculating: 6*9+4:1*8-5*3-1+3*6+5
Solving node: 6*9
x: 6
y: 9
Solving node: 4:1
x: 4
y: 1
Solving node: 4*8
x: 4
y: 8
Solving node: 5*3
x: 5
y: 3
Solving node: 3*6
x: 3
y: 6
Solving node: 54+32
x: 54
y: 32
Solving node: 86-15
x: 86
y: 15
Solving node: 71-1
x: 71
y: 1
Solving node: 70+18
x: 70
y: 18
Solving node: 88+5
x: 88
y: 5
Solving node: 6*9
x: 6
y: 9
Solving node: 4:1
x: 4
y: 1
Solving node: 4*8
x: 4
y: 8
Solving node: 5*3
x: 5
y: 3
Solving node: 3*6
x: 3
y: 6
Solving node: 54+32
x: 54
y: 32
Solving node: 86-15
x: 86
y: 15
Solving node: 71-1
x: 71
y: 1
Solving node: 6*9
x: 6
y: 9
Solving node: 4:1
x: 4
y: 1
Solving node: 4*8
x: 4
y: 8
Solving node: 5*3
x: 5
y: 3
Solving node: 3*6
x: 3
y: 6
Solving node: 54+32
x: 54
y: 32
Solving node: 86-15
x: 86
y: 15
Solving node: 71-1
x: 71
y: 1
Solving node: 70+18
x: 70
y: 18
Solving node: 88+5
x: 88
y: 5
Difference: 93
Last: 5; Last sum: 5
Calculating: 6*9+4:1*8-5*3-1+3*6+5-3
Solving node: 6*9
x: 6
y: 9
Solving node: 4:1
x: 4
y: 1
Solving node: 4*8
x: 4
y: 8
Solving node: 5*3
x: 5
y: 3
Solving node: 3*6
x: 3
y: 6
Solving node: 54+32
x: 54
y: 32
Solving node: 86-15
x: 86
y: 15
Solving node: 71-1
x: 71
y: 1
Solving node: 70+18
x: 70
y: 18
Solving node: 88+5
x: 88
y: 5
Solving node: 93-3
x: 93
y: 3
Solving node: 6*9
x: 6
y: 9
Solving node: 4:1
x: 4
y: 1
Solving node: 4*8
x: 4
y: 8
Solving node: 5*3
x: 5
y: 3
Solving node: 3*6
x: 3
y: 6
Solving node: 54+32
x: 54
y: 32
Solving node: 86-15
x: 86
y: 15
Solving node: 71-1
x: 71
y: 1
Solving node: 70+18
x: 70
y: 18
Solving node: 88+5
x: 88
y: 5
Solving node: 93-3
x: 93
y: 3
Solving node: 6*9
x: 6
y: 9
Solving node: 4:1
x: 4
y: 1
Solving node: 4*8
x: 4
y: 8
Solving node: 5*3
x: 5
y: 3
Solving node: 3*6
x: 3
y: 6
Solving node: 54+32
x: 54
y: 32
Solving node: 86-15
x: 86
y: 15
Solving node: 71-1
x: 71
y: 1
Solving node: 70+18
x: 70
y: 18
Solving node: 88+5
x: 88
y: 5
Difference: 93-3
Calculating bounds (multiplication)
Previous index: -1 | Last operator index: 2
Upper bound: 3
Calculating: 6*9+4:1*8-5*3-1+3*6+5-3*1
Solving node: 6*9
x: 6
y: 9
Solving node: 4:1
x: 4
y: 1
Solving node: 4*8
x: 4
y: 8
Solving node: 5*3
x: 5
y: 3
Solving node: 3*6
x: 3
y: 6
Solving node: 3*1
x: 3
y: 1
Solving node: 54+32
x: 54
y: 32
Solving node: 86-15
x: 86
y: 15
Solving node: 71-1
x: 71
y: 1
Solving node: 70+18
x: 70
y: 18
Solving node: 88+5
x: 88
y: 5
Solving node: 93-3
x: 93
y: 3
Solving node: 6*9
x: 6
y: 9
Solving node: 4:1
x: 4
y: 1
Solving node: 4*8
x: 4
y: 8
Solving node: 5*3
x: 5
y: 3
Solving node: 3*6
x: 3
y: 6
Solving node: 3*1
x: 3
y: 1
Solving node: 54+32
x: 54
y: 32
Solving node: 86-15
x: 86
y: 15
Solving node: 71-1
x: 71
y: 1
Solving node: 70+18
x: 70
y: 18
Solving node: 88+5
x: 88
y: 5
Solving node: 93-3
x: 93
y: 3
Solving node: 6*9
x: 6
y: 9
Solving node: 4:1
x: 4
y: 1
Solving node: 4*8
x: 4
y: 8
Solving node: 5*3
x: 5
y: 3
Solving node: 3*6
x: 3
y: 6
Solving node: 3*1
x: 3
y: 1
Solving node: 54+32
x: 54
y: 32
Solving node: 86-15
x: 86
y: 15
Solving node: 71-1
x: 71
y: 1
Solving node: 70+18
x: 70
y: 18
Solving node: 88+5
x: 88
y: 5
Difference: 93-3
Calculating: 6*9+4:1*8-5*3-1+3*6+5-3*1+3
Solving node: 6*9
x: 6
y: 9
Solving node: 4:1
x: 4
y: 1
Solving node: 4*8
x: 4
y: 8
Solving node: 5*3
x: 5
y: 3
Solving node: 3*6
x: 3
y: 6
Solving node: 3*1
x: 3
y: 1
Solving node: 54+32
x: 54
y: 32
Solving node: 86-15
x: 86
y: 15
Solving node: 71-1
x: 71
y: 1
Solving node: 70+18
x: 70
y: 18
Solving node: 88+5
x: 88
y: 5
Solving node: 93-3
x: 93
y: 3
Solving node: 90+3
x: 90
y: 3
Solving node: 6*9
x: 6
y: 9
Solving node: 4:1
x: 4
y: 1
Solving node: 4*8
x: 4
y: 8
Solving node: 5*3
x: 5
y: 3
Solving node: 3*6
x: 3
y: 6
Solving node: 3*1
x: 3
y: 1
Solving node: 54+32
x: 54
y: 32
Solving node: 86-15
x: 86
y: 15
Solving node: 71-1
x: 71
y: 1
Solving node: 70+18
x: 70
y: 18
Solving node: 88+5
x: 88
y: 5
Solving node: 93-3
x: 93
y: 3
Solving node: 6*9
x: 6
y: 9
Solving node: 4:1
x: 4
y: 1
Solving node: 4*8
x: 4
y: 8
Solving node: 5*3
x: 5
y: 3
Solving node: 3*6
x: 3
y: 6
Solving node: 3*1
x: 3
y: 1
Solving node: 54+32
x: 54
y: 32
Solving node: 86-15
x: 86
y: 15
Solving node: 71-1
x: 71
y: 1
Solving node: 70+18
x: 70
y: 18
Solving node: 88+5
x: 88
y: 5
Solving node: 93-3
x: 93
y: 3
Solving node: 90+3
x: 90
y: 3
Difference: 93
Using default bounds (multiplication)
Calculating: 6*9+4:1*8-5*3-1+3*6+5-3*1+3*9
Solving node: 6*9
x: 6
y: 9
Solving node: 4:1
x: 4
y: 1
Solving node: 4*8
x: 4
y: 8
Solving node: 5*3
x: 5
y: 3
Solving node: 3*6
x: 3
y: 6
Solving node: 3*1
x: 3
y: 1
Solving node: 3*9
x: 3
y: 9
Solving node: 54+32
x: 54
y: 32
Solving node: 86-15
x: 86
y: 15
Solving node: 71-1
x: 71
y: 1
Solving node: 70+18
x: 70
y: 18
Solving node: 88+5
x: 88
y: 5
Solving node: 93-3
x: 93
y: 3
Solving node: 90+27
x: 90
y: 27
Solving node: 6*9
x: 6
y: 9
Solving node: 4:1
x: 4
y: 1
Solving node: 4*8
x: 4
y: 8
Solving node: 5*3
x: 5
y: 3
Solving node: 3*6
x: 3
y: 6
Solving node: 3*1
x: 3
y: 1
Solving node: 3*9
x: 3
y: 9
Solving node: 54+32
x: 54
y: 32
Solving node: 86-15
x: 86
y: 15
Solving node: 71-1
x: 71
y: 1
Solving node: 70+18
x: 70
y: 18
Solving node: 88+5
x: 88
y: 5
Solving node: 93-3
x: 93
y: 3
Solving node: 6*9
x: 6
y: 9
Solving node: 4:1
x: 4
y: 1
Solving node: 4*8
x: 4
y: 8
Solving node: 5*3
x: 5
y: 3
Solving node: 3*6
x: 3
y: 6
Solving node: 3*1
x: 3
y: 1
Solving node: 3*9
x: 3
y: 9
Solving node: 54+32
x: 54
y: 32
Solving node: 86-15
x: 86
y: 15
Solving node: 71-1
x: 71
y: 1
Solving node: 70+18
x: 70
y: 18
Solving node: 88+5
x: 88
y: 5
Solving node: 93-3
x: 93
y: 3
Solving node: 90+27
x: 90
y: 27
Difference: 117
Calculating: 6*9+4:1*8-5*3-1+3*6+5-3*1+3*9+9
Solving node: 6*9
x: 6
y: 9
Solving node: 4:1
x: 4
y: 1
Solving node: 4*8
x: 4
y: 8
Solving node: 5*3
x: 5
y: 3
Solving node: 3*6
x: 3
y: 6
Solving node: 3*1
x: 3
y: 1
Solving node: 3*9
x: 3
y: 9
Solving node: 54+32
x: 54
y: 32
Solving node: 86-15
x: 86
y: 15
Solving node: 71-1
x: 71
y: 1
Solving node: 70+18
x: 70
y: 18
Solving node: 88+5
x: 88
y: 5
Solving node: 93-3
x: 93
y: 3
Solving node: 90+27
x: 90
y: 27
Solving node: 117+9
x: 117
y: 9
Solving node: 6*9
x: 6
y: 9
Solving node: 4:1
x: 4
y: 1
Solving node: 4*8
x: 4
y: 8
Solving node: 5*3
x: 5
y: 3
Solving node: 3*6
x: 3
y: 6
Solving node: 3*1
x: 3
y: 1
Solving node: 3*9
x: 3
y: 9
Solving node: 54+32
x: 54
y: 32
Solving node: 86-15
x: 86
y: 15
Solving node: 71-1
x: 71
y: 1
Solving node: 70+18
x: 70
y: 18
Solving node: 88+5
x: 88
y: 5
Solving node: 93-3
x: 93
y: 3
Solving node: 6*9
x: 6
y: 9
Solving node: 4:1
x: 4
y: 1
Solving node: 4*8
x: 4
y: 8
Solving node: 5*3
x: 5
y: 3
Solving node: 3*6
x: 3
y: 6
Solving node: 3*1
x: 3
y: 1
Solving node: 3*9
x: 3
y: 9
Solving node: 54+32
x: 54
y: 32
Solving node: 86-15
x: 86
y: 15
Solving node: 71-1
x: 71
y: 1
Solving node: 70+18
x: 70
y: 18
Solving node: 88+5
x: 88
y: 5
Solving node: 93-3
x: 93
y: 3
Solving node: 90+27
x: 90
y: 27
Solving node: 117+9
x: 117
y: 9
Difference: 126
Last: 9; Last sum: 9
Calculating: 6*9+4:1*8-5*3-1+3*6+5-3*1+3*9+9-6
Solving node: 6*9
x: 6
y: 9
Solving node: 4:1
x: 4
y: 1
Solving node: 4*8
x: 4
y: 8
Solving node: 5*3
x: 5
y: 3
Solving node: 3*6
x: 3
y: 6
Solving node: 3*1
x: 3
y: 1
Solving node: 3*9
x: 3
y: 9
Solving node: 54+32
x: 54
y: 32
Solving node: 86-15
x: 86
y: 15
Solving node: 71-1
x: 71
y: 1
Solving node: 70+18
x: 70
y: 18
Solving node: 88+5
x: 88
y: 5
Solving node: 93-3
x: 93
y: 3
Solving node: 90+27
x: 90
y: 27
Solving node: 117+9
x: 117
y: 9
Solving node: 126-6
x: 126
y: 6
Originallösung: 6*9+4:1*8-5*3-1+3*6+5-3*1+3*9+9-6 = 120
[58/100] 6*9+4:1*8-5*3-1+3*6+5-3*1+3*9+9-6
Testing equation: 6*9+4:1*8-5*3-1+3*6+5-3*1+3*9+9-6
Checking node: 6*9
Solving node: 6*9
x: 6
y: 9
Checking node: 4:1
Solving node: 4:1
x: 4
y: 1
Checking node: 4*8
Solving node: 4*8
x: 4
y: 8
Checking node: 5*3
Solving node: 5*3
x: 5
y: 3
Checking node: 3*6
Solving node: 3*6
x: 3
y: 6
Checking node: 3*1
Solving node: 3*1
x: 3
y: 1
Checking node: 3*9
Solving node: 3*9
x: 3
y: 9
Checking node: 54+32
Solving node: 54+32
x: 54
y: 32
Checking node: 86-15
Solving node: 86-15
x: 86
y: 15
Checking node: 71-1
Solving node: 71-1
x: 71
y: 1
Checking node: 70+18
Solving node: 70+18
x: 70
y: 18
Checking node: 88+5
Solving node: 88+5
x: 88
y: 5
Checking node: 93-3
Solving node: 93-3
x: 93
y: 3
Checking node: 90+27
Solving node: 90+27
x: 90
y: 27
Checking node: 117+9
Solving node: 117+9
x: 117
y: 9
Checking node: 126-6
Solving node: 126-6
x: 126
y: 6
Checking node: 6*9
Checking node: 9+4
Checking node: 4:1
Checking node: 1*8
Checking node: 8-5
Checking node: 5*3
Checking node: 3-1
Checking node: 1+3
Checking node: 3*6
Checking node: 6+5
Checking node: 5-3
Checking node: 3*1
Checking node: 1+3
Checking node: 3*9
Checking node: 9+9
Checking node: 9-6
Difference: 5
Calculating: 5+4
Solving node: 5+4
x: 5
y: 4
Solving node: 5+4
x: 5
y: 4
Difference: 9
Using default bounds (multiplication)
Calculating: 5+4*5
Solving node: 4*5
x: 4
y: 5
Solving node: 5+20
x: 5
y: 20
Solving node: 4*5
x: 4
y: 5
Solving node: 4*5
x: 4
y: 5
Solving node: 5+20
x: 5
y: 20
Difference: 25
Calculating: 5+4*5+6
Solving node: 4*5
x: 4
y: 5
Solving node: 5+20
x: 5
y: 20
Solving node: 25+6
x: 25
y: 6
Solving node: 4*5
x: 4
y: 5
Solving node: 4*5
x: 4
y: 5
Solving node: 5+20
x: 5
y: 20
Solving node: 25+6
x: 25
y: 6
Difference: 31
Calculating: 5+4*5+6:3
Solving node: 4*5
x: 4
y: 5
Solving node: 6:3
x: 6
y: 3
Solving node: 5+20
x: 5
y: 20
Solving node: 25+2
x: 25
y: 2
Solving node: 4*5
x: 4
y: 5
Solving node: 6:3
x: 6
y: 3
Solving node: 4*5
x: 4
y: 5
Solving node: 6:3
x: 6
y: 3
Solving node: 5+20
x: 5
y: 20
Solving node: 25+2
x: 25
y: 2
Difference: 27
Calculating: 5+4*5+6:3+7
Solving node: 4*5
x: 4
y: 5
Solving node: 6:3
x: 6
y: 3
Solving node: 5+20
x: 5
y: 20
Solving node: 25+2
x: 25
y: 2
Solving node: 27+7
x: 27
y: 7
Solving node: 4*5
x: 4
y: 5
Solving node: 6:3
x: 6
y: 3
Solving node: 4*5
x: 4
y: 5
Solving node: 6:3
x: 6
y: 3
Solving node: 5+20
x: 5
y: 20
Solving node: 25+2
x: 25
y: 2
Solving node: 27+7
x: 27
y: 7
Difference: 34
Using default bounds (multiplication)
Calculating: 5+4*5+6:3+7*6
Solving node: 4*5
x: 4
y: 5
Solving node: 6:3
x: 6
y: 3
Solving node: 7*6
x: 7
y: 6
Solving node: 5+20
x: 5
y: 20
Solving node: 25+2
x: 25
y: 2
Solving node: 27+42
x: 27
y: 42
Solving node: 4*5
x: 4
y: 5
Solving node: 6:3
x: 6
y: 3
Solving node: 7*6
x: 7
y: 6
Solving node: 4*5
x: 4
y: 5
Solving node: 6:3
x: 6
y: 3
Solving node: 7*6
x: 7
y: 6
Solving node: 5+20
x: 5
y: 20
Solving node: 25+2
x: 25
y: 2
Solving node: 27+42
x: 27
y: 42
Difference: 69
Last: 6; Last sum: 42
Calculating: 5+4*5+6:3+7*6-2
Solving node: 4*5
x: 4
y: 5
Solving node: 6:3
x: 6
y: 3
Solving node: 7*6
x: 7
y: 6
Solving node: 5+20
x: 5
y: 20
Solving node: 25+2
x: 25
y: 2
Solving node: 27+42
x: 27
y: 42
Solving node: 69-2
x: 69
y: 2
Solving node: 4*5
x: 4
y: 5
Solving node: 6:3
x: 6
y: 3
Solving node: 7*6
x: 7
y: 6
Solving node: 5+20
x: 5
y: 20
Solving node: 25+2
x: 25
y: 2
Solving node: 27+42
x: 27
y: 42
Solving node: 69-2
x: 69
y: 2
Solving node: 4*5
x: 4
y: 5
Solving node: 6:3
x: 6
y: 3
Solving node: 7*6
x: 7
y: 6
Solving node: 5+20
x: 5
y: 20
Solving node: 25+2
x: 25
y: 2
Solving node: 27+42
x: 27
y: 42
Difference: 69-2
Calculating bounds (multiplication)
Previous index: -1 | Last operator index: 2
Upper bound: 2
Calculating: 5+4*5+6:3+7*6-2*1
Solving node: 4*5
x: 4
y: 5
Solving node: 6:3
x: 6
y: 3
Solving node: 7*6
x: 7
y: 6
Solving node: 2*1
x: 2
y: 1
Solving node: 5+20
x: 5
y: 20
Solving node: 25+2
x: 25
y: 2
Solving node: 27+42
x: 27
y: 42
Solving node: 69-2
x: 69
y: 2
Solving node: 4*5
x: 4
y: 5
Solving node: 6:3
x: 6
y: 3
Solving node: 7*6
x: 7
y: 6
Solving node: 2*1
x: 2
y: 1
Solving node: 5+20
x: 5
y: 20
Solving node: 25+2
x: 25
y: 2
Solving node: 27+42
x: 27
y: 42
Solving node: 69-2
x: 69
y: 2
Solving node: 4*5
x: 4
y: 5
Solving node: 6:3
x: 6
y: 3
Solving node: 7*6
x: 7
y: 6
Solving node: 2*1
x: 2
y: 1
Solving node: 5+20
x: 5
y: 20
Solving node: 25+2
x: 25
y: 2
Solving node: 27+42
x: 27
y: 42
Difference: 69-2
Calculating: 5+4*5+6:3+7*6-2*1+3
Solving node: 4*5
x: 4
y: 5
Solving node: 6:3
x: 6
y: 3
Solving node: 7*6
x: 7
y: 6
Solving node: 2*1
x: 2
y: 1
Solving node: 5+20
x: 5
y: 20
Solving node: 25+2
x: 25
y: 2
Solving node: 27+42
x: 27
y: 42
Solving node: 69-2
x: 69
y: 2
Solving node: 67+3
x: 67
y: 3
Solving node: 4*5
x: 4
y: 5
Solving node: 6:3
x: 6
y: 3
Solving node: 7*6
x: 7
y: 6
Solving node: 2*1
x: 2
y: 1
Solving node: 5+20
x: 5
y: 20
Solving node: 25+2
x: 25
y: 2
Solving node: 27+42
x: 27
y: 42
Solving node: 69-2
x: 69
y: 2
Solving node: 4*5
x: 4
y: 5
Solving node: 6:3
x: 6
y: 3
Solving node: 7*6
x: 7
y: 6
Solving node: 2*1
x: 2
y: 1
Solving node: 5+20
x: 5
y: 20
Solving node: 25+2
x: 25
y: 2
Solving node: 27+42
x: 27
y: 42
Solving node: 69-2
x: 69
y: 2
Solving node: 67+3
x: 67
y: 3
Difference: 70
Last: 3; Last sum: 3
Calculating: 5+4*5+6:3+7*6-2*1+3-1
Solving node: 4*5
x: 4
y: 5
Solving node: 6:3
x: 6
y: 3
Solving node: 7*6
x: 7
y: 6
Solving node: 2*1
x: 2
y: 1
Solving node: 5+20
x: 5
y: 20
Solving node: 25+2
x: 25
y: 2
Solving node: 27+42
x: 27
y: 42
Solving node: 69-2
x: 69
y: 2
Solving node: 67+3
x: 67
y: 3
Solving node: 70-1
x: 70
y: 1
Solving node: 4*5
x: 4
y: 5
Solving node: 6:3
x: 6
y: 3
Solving node: 7*6
x: 7
y: 6
Solving node: 2*1
x: 2
y: 1
Solving node: 5+20
x: 5
y: 20
Solving node: 25+2
x: 25
y: 2
Solving node: 27+42
x: 27
y: 42
Solving node: 69-2
x: 69
y: 2
Solving node: 67+3
x: 67
y: 3
Solving node: 70-1
x: 70
y: 1
Solving node: 4*5
x: 4
y: 5
Solving node: 6:3
x: 6
y: 3
Solving node: 7*6
x: 7
y: 6
Solving node: 2*1
x: 2
y: 1
Solving node: 5+20
x: 5
y: 20
Solving node: 25+2
x: 25
y: 2
Solving node: 27+42
x: 27
y: 42
Solving node: 69-2
x: 69
y: 2
Solving node: 67+3
x: 67
y: 3
Difference: 70-1
Calculating bounds (multiplication)
Previous index: -1 | Last operator index: 2
Upper bound: 1
Solving node: 4*5
x: 4
y: 5
Solving node: 6:3
x: 6
y: 3
Solving node: 7*6
x: 7
y: 6
Solving node: 2*1
x: 2
y: 1
Solving node: 5+20
x: 5
y: 20
Solving node: 25+2
x: 25
y: 2
Solving node: 27+42
x: 27
y: 42
Solving node: 69-2
x: 69
y: 2
Solving node: 67+3
x: 67
y: 3
Solving node: 70-1
x: 70
y: 1
Solving node: 4*5
x: 4
y: 5
Solving node: 6:3
x: 6
y: 3
Solving node: 7*6
x: 7
y: 6
Solving node: 2*1
x: 2
y: 1
Solving node: 5+20
x: 5
y: 20
Solving node: 25+2
x: 25
y: 2
Solving node: 27+42
x: 27
y: 42
Solving node: 69-2
x: 69
y: 2
Solving node: 67+3
x: 67
y: 3
Difference: 70-1
Calculating: 5+4*5+6:3+7*6-2*1+3-1+7
Solving node: 4*5
x: 4
y: 5
Solving node: 6:3
x: 6
y: 3
Solving node: 7*6
x: 7
y: 6
Solving node: 2*1
x: 2
y: 1
Solving node: 5+20
x: 5
y: 20
Solving node: 25+2
x: 25
y: 2
Solving node: 27+42
x: 27
y: 42
Solving node: 69-2
x: 69
y: 2
Solving node: 67+3
x: 67
y: 3
Solving node: 70-1
x: 70
y: 1
Solving node: 69+7
x: 69
y: 7
Solving node: 4*5
x: 4
y: 5
Solving node: 6:3
x: 6
y: 3
Solving node: 7*6
x: 7
y: 6
Solving node: 2*1
x: 2
y: 1
Solving node: 5+20
x: 5
y: 20
Solving node: 25+2
x: 25
y: 2
Solving node: 27+42
x: 27
y: 42
Solving node: 69-2
x: 69
y: 2
Solving node: 67+3
x: 67
y: 3
Solving node: 70-1
x: 70
y: 1
Solving node: 4*5
x: 4
y: 5
Solving node: 6:3
x: 6
y: 3
Solving node: 7*6
x: 7
y: 6
Solving node: 2*1
x: 2
y: 1
Solving node: 5+20
x: 5
y: 20
Solving node: 25+2
x: 25
y: 2
Solving node: 27+42
x: 27
y: 42
Solving node: 69-2
x: 69
y: 2
Solving node: 67+3
x: 67
y: 3
Solving node: 70-1
x: 70
y: 1
Solving node: 69+7
x: 69
y: 7
Difference: 76
Last: 7; Last sum: 7
Calculating: 5+4*5+6:3+7*6-2*1+3-1+7-2
Solving node: 4*5
x: 4
y: 5
Solving node: 6:3
x: 6
y: 3
Solving node: 7*6
x: 7
y: 6
Solving node: 2*1
x: 2
y: 1
Solving node: 5+20
x: 5
y: 20
Solving node: 25+2
x: 25
y: 2
Solving node: 27+42
x: 27
y: 42
Solving node: 69-2
x: 69
y: 2
Solving node: 67+3
x: 67
y: 3
Solving node: 70-1
x: 70
y: 1
Solving node: 69+7
x: 69
y: 7
Solving node: 76-2
x: 76
y: 2
Solving node: 4*5
x: 4
y: 5
Solving node: 6:3
x: 6
y: 3
Solving node: 7*6
x: 7
y: 6
Solving node: 2*1
x: 2
y: 1
Solving node: 5+20
x: 5
y: 20
Solving node: 25+2
x: 25
y: 2
Solving node: 27+42
x: 27
y: 42
Solving node: 69-2
x: 69
y: 2
Solving node: 67+3
x: 67
y: 3
Solving node: 70-1
x: 70
y: 1
Solving node: 69+7
x: 69
y: 7
Solving node: 76-2
x: 76
y: 2
Solving node: 4*5
x: 4
y: 5
Solving node: 6:3
x: 6
y: 3
Solving node: 7*6
x: 7
y: 6
Solving node: 2*1
x: 2
y: 1
Solving node: 5+20
x: 5
y: 20
Solving node: 25+2
x: 25
y: 2
Solving node: 27+42
x: 27
y: 42
Solving node: 69-2
x: 69
y: 2
Solving node: 67+3
x: 67
y: 3
Solving node: 70-1
x: 70
y: 1
Solving node: 69+7
x: 69
y: 7
Difference: 76-2
Calculating: 5+4*5+6:3+7*6-2*1+3-1+7-2+4
Solving node: 4*5
x: 4
y: 5
Solving node: 6:3
x: 6
y: 3
Solving node: 7*6
x: 7
y: 6
Solving node: 2*1
x: 2
y: 1
Solving node: 5+20
x: 5
y: 20
Solving node: 25+2
x: 25
y: 2
Solving node: 27+42
x: 27
y: 42
Solving node: 69-2
x: 69
y: 2
Solving node: 67+3
x: 67
y: 3
Solving node: 70-1
x: 70
y: 1
Solving node: 69+7
x: 69
y: 7
Solving node: 76-2
x: 76
y: 2
Solving node: 74+4
x: 74
y: 4
Solving node: 4*5
x: 4
y: 5
Solving node: 6:3
x: 6
y: 3
Solving node: 7*6
x: 7
y: 6
Solving node: 2*1
x: 2
y: 1
Solving node: 5+20
x: 5
y: 20
Solving node: 25+2
x: 25
y: 2
Solving node: 27+42
x: 27
y: 42
Solving node: 69-2
x: 69
y: 2
Solving node: 67+3
x: 67
y: 3
Solving node: 70-1
x: 70
y: 1
Solving node: 69+7
x: 69
y: 7
Solving node: 76-2
x: 76
y: 2
Solving node: 4*5
x: 4
y: 5
Solving node: 6:3
x: 6
y: 3
Solving node: 7*6
x: 7
y: 6
Solving node: 2*1
x: 2
y: 1
Solving node: 5+20
x: 5
y: 20
Solving node: 25+2
x: 25
y: 2
Solving node: 27+42
x: 27
y: 42
Solving node: 69-2
x: 69
y: 2
Solving node: 67+3
x: 67
y: 3
Solving node: 70-1
x: 70
y: 1
Solving node: 69+7
x: 69
y: 7
Solving node: 76-2
x: 76
y: 2
Solving node: 74+4
x: 74
y: 4
Difference: 78
Using default bounds (multiplication)
Calculating: 5+4*5+6:3+7*6-2*1+3-1+7-2+4*6
Solving node: 4*5
x: 4
y: 5
Solving node: 6:3
x: 6
y: 3
Solving node: 7*6
x: 7
y: 6
Solving node: 2*1
x: 2
y: 1
Solving node: 4*6
x: 4
y: 6
Solving node: 5+20
x: 5
y: 20
Solving node: 25+2
x: 25
y: 2
Solving node: 27+42
x: 27
y: 42
Solving node: 69-2
x: 69
y: 2
Solving node: 67+3
x: 67
y: 3
Solving node: 70-1
x: 70
y: 1
Solving node: 69+7
x: 69
y: 7
Solving node: 76-2
x: 76
y: 2
Solving node: 74+24
x: 74
y: 24
Solving node: 4*5
x: 4
y: 5
Solving node: 6:3
x: 6
y: 3
Solving node: 7*6
x: 7
y: 6
Solving node: 2*1
x: 2
y: 1
Solving node: 4*6
x: 4
y: 6
Solving node: 5+20
x: 5
y: 20
Solving node: 25+2
x: 25
y: 2
Solving node: 27+42
x: 27
y: 42
Solving node: 69-2
x: 69
y: 2
Solving node: 67+3
x: 67
y: 3
Solving node: 70-1
x: 70
y: 1
Solving node: 69+7
x: 69
y: 7
Solving node: 76-2
x: 76
y: 2
Solving node: 4*5
x: 4
y: 5
Solving node: 6:3
x: 6
y: 3
Solving node: 7*6
x: 7
y: 6
Solving node: 2*1
x: 2
y: 1
Solving node: 4*6
x: 4
y: 6
Solving node: 5+20
x: 5
y: 20
Solving node: 25+2
x: 25
y: 2
Solving node: 27+42
x: 27
y: 42
Solving node: 69-2
x: 69
y: 2
Solving node: 67+3
x: 67
y: 3
Solving node: 70-1
x: 70
y: 1
Solving node: 69+7
x: 69
y: 7
Solving node: 76-2
x: 76
y: 2
Solving node: 74+24
x: 74
y: 24
Difference: 98
Calculating: 5+4*5+6:3+7*6-2*1+3-1+7-2+4*6:3
Solving node: 4*5
x: 4
y: 5
Solving node: 6:3
x: 6
y: 3
Solving node: 7*6
x: 7
y: 6
Solving node: 2*1
x: 2
y: 1
Solving node: 4*6
x: 4
y: 6
Solving node: 24:3
x: 24
y: 3
Solving node: 5+20
x: 5
y: 20
Solving node: 25+2
x: 25
y: 2
Solving node: 27+42
x: 27
y: 42
Solving node: 69-2
x: 69
y: 2
Solving node: 67+3
x: 67
y: 3
Solving node: 70-1
x: 70
y: 1
Solving node: 69+7
x: 69
y: 7
Solving node: 76-2
x: 76
y: 2
Solving node: 74+8
x: 74
y: 8
Solving node: 4*5
x: 4
y: 5
Solving node: 6:3
x: 6
y: 3
Solving node: 7*6
x: 7
y: 6
Solving node: 2*1
x: 2
y: 1
Solving node: 4*6
x: 4
y: 6
Solving node: 24:3
x: 24
y: 3
Solving node: 5+20
x: 5
y: 20
Solving node: 25+2
x: 25
y: 2
Solving node: 27+42
x: 27
y: 42
Solving node: 69-2
x: 69
y: 2
Solving node: 67+3
x: 67
y: 3
Solving node: 70-1
x: 70
y: 1
Solving node: 69+7
x: 69
y: 7
Solving node: 76-2
x: 76
y: 2
Solving node: 4*5
x: 4
y: 5
Solving node: 6:3
x: 6
y: 3
Solving node: 7*6
x: 7
y: 6
Solving node: 2*1
x: 2
y: 1
Solving node: 4*6
x: 4
y: 6
Solving node: 24:3
x: 24
y: 3
Solving node: 5+20
x: 5
y: 20
Solving node: 25+2
x: 25
y: 2
Solving node: 27+42
x: 27
y: 42
Solving node: 69-2
x: 69
y: 2
Solving node: 67+3
x: 67
y: 3
Solving node: 70-1
x: 70
y: 1
Solving node: 69+7
x: 69
y: 7
Solving node: 76-2
x: 76
y: 2
Solving node: 74+8
x: 74
y: 8
Difference: 82
Using default bounds (multiplication)
Calculating: 5+4*5+6:3+7*6-2*1+3-1+7-2+4*6:3*4
Solving node: 4*5
x: 4
y: 5
Solving node: 6:3
x: 6
y: 3
Solving node: 7*6
x: 7
y: 6
Solving node: 2*1
x: 2
y: 1
Solving node: 4*6
x: 4
y: 6
Solving node: 24:3
x: 24
y: 3
Solving node: 8*4
x: 8
y: 4
Solving node: 5+20
x: 5
y: 20
Solving node: 25+2
x: 25
y: 2
Solving node: 27+42
x: 27
y: 42
Solving node: 69-2
x: 69
y: 2
Solving node: 67+3
x: 67
y: 3
Solving node: 70-1
x: 70
y: 1
Solving node: 69+7
x: 69
y: 7
Solving node: 76-2
x: 76
y: 2
Solving node: 74+32
x: 74
y: 32
Originallösung: 5+4*5+6:3+7*6-2*1+3-1+7-2+4*6:3*4 = 106
[59/100] 5+4*5+6:3+7*6-2*1+3-1+7-2+4*6:3*4
Testing equation: 5+4*5+6:3+7*6-2*1+3-1+7-2+4*6:3*4
Checking node: 4*5
Solving node: 4*5
x: 4
y: 5
Checking node: 6:3
Solving node: 6:3
x: 6
y: 3
Checking node: 7*6
Solving node: 7*6
x: 7
y: 6
Checking node: 2*1
Solving node: 2*1
x: 2
y: 1
Checking node: 4*6
Solving node: 4*6
x: 4
y: 6
Checking node: 24:3
Solving node: 24:3
x: 24
y: 3
Checking node: 8*4
Solving node: 8*4
x: 8
y: 4
Checking node: 5+20
Solving node: 5+20
x: 5
y: 20
Checking node: 25+2
Solving node: 25+2
x: 25
y: 2
Checking node: 27+42
Solving node: 27+42
x: 27
y: 42
Checking node: 69-2
Solving node: 69-2
x: 69
y: 2
Checking node: 67+3
Solving node: 67+3
x: 67
y: 3
Checking node: 70-1
Solving node: 70-1
x: 70
y: 1
Checking node: 69+7
Solving node: 69+7
x: 69
y: 7
Checking node: 76-2
Solving node: 76-2
x: 76
y: 2
Checking node: 74+32
Solving node: 74+32
x: 74
y: 32
Checking node: 5+4
Checking node: 4*5
Checking node: 5+6
Checking node: 6:3
Checking node: 3+7
Checking node: 7*6
Checking node: 6-2
Checking node: 2*1
Checking node: 1+3
Checking node: 3-1
Checking node: 1+7
Checking node: 7-2
Checking node: 2+4
Checking node: 4*6
Checking node: 6:3
Checking node: 3*4
Difference: 7
Using default bounds (multiplication)
Calculating: 7*5
Solving node: 7*5
x: 7
y: 5
Solving node: 7*5
x: 7
y: 5
Solving node: 7*5
x: 7
y: 5
Difference: 35
Last: 5; Last sum: 35
Calculating: 7*5-3
Solving node: 7*5
x: 7
y: 5
Solving node: 35-3
x: 35
y: 3
Solving node: 7*5
x: 7
y: 5
Solving node: 35-3
x: 35
y: 3
Solving node: 7*5
x: 7
y: 5
Difference: 35-3
Calculating bounds (multiplication)
Previous index: -1 | Last operator index: 2
Upper bound: 3
Calculating: 7*5-3*1
Solving node: 7*5
x: 7
y: 5
Solving node: 3*1
x: 3
y: 1
Solving node: 35-3
x: 35
y: 3
Solving node: 7*5
x: 7
y: 5
Solving node: 3*1
x: 3
y: 1
Solving node: 35-3
x: 35
y: 3
Solving node: 7*5
x: 7
y: 5
Solving node: 3*1
x: 3
y: 1
Difference: 35-3
Calculating: 7*5-3*1+4
Solving node: 7*5
x: 7
y: 5
Solving node: 3*1
x: 3
y: 1
Solving node: 35-3
x: 35
y: 3
Solving node: 32+4
x: 32
y: 4
Solving node: 7*5
x: 7
y: 5
Solving node: 3*1
x: 3
y: 1
Solving node: 35-3
x: 35
y: 3
Solving node: 7*5
x: 7
y: 5
Solving node: 3*1
x: 3
y: 1
Solving node: 35-3
x: 35
y: 3
Solving node: 32+4
x: 32
y: 4
Difference: 36
Using default bounds (multiplication)
Calculating: 7*5-3*1+4*2
Solving node: 7*5
x: 7
y: 5
Solving node: 3*1
x: 3
y: 1
Solving node: 4*2
x: 4
y: 2
Solving node: 35-3
x: 35
y: 3
Solving node: 32+8
x: 32
y: 8
Solving node: 7*5
x: 7
y: 5
Solving node: 3*1
x: 3
y: 1
Solving node: 4*2
x: 4
y: 2
Solving node: 35-3
x: 35
y: 3
Solving node: 7*5
x: 7
y: 5
Solving node: 3*1
x: 3
y: 1
Solving node: 4*2
x: 4
y: 2
Solving node: 35-3
x: 35
y: 3
Solving node: 32+8
x: 32
y: 8
Difference: 40
Calculating: 7*5-3*1+4*2+8
Solving node: 7*5
x: 7
y: 5
Solving node: 3*1
x: 3
y: 1
Solving node: 4*2
x: 4
y: 2
Solving node: 35-3
x: 35
y: 3
Solving node: 32+8
x: 32
y: 8
Solving node: 40+8
x: 40
y: 8
Solving node: 7*5
x: 7
y: 5
Solving node: 3*1
x: 3
y: 1
Solving node: 4*2
x: 4
y: 2
Solving node: 35-3
x: 35
y: 3
Solving node: 7*5
x: 7
y: 5
Solving node: 3*1
x: 3
y: 1
Solving node: 4*2
x: 4
y: 2
Solving node: 35-3
x: 35
y: 3
Solving node: 32+8
x: 32
y: 8
Solving node: 40+8
x: 40
y: 8
Difference: 48
Calculating: 7*5-3*1+4*2+8:1
Solving node: 7*5
x: 7
y: 5
Solving node: 3*1
x: 3
y: 1
Solving node: 4*2
x: 4
y: 2
Solving node: 8:1
x: 8
y: 1
Solving node: 35-3
x: 35
y: 3
Solving node: 32+8
x: 32
y: 8
Solving node: 40+8
x: 40
y: 8
Solving node: 7*5
x: 7
y: 5
Solving node: 3*1
x: 3
y: 1
Solving node: 4*2
x: 4
y: 2
Solving node: 8:1
x: 8
y: 1
Solving node: 35-3
x: 35
y: 3
Solving node: 7*5
x: 7
y: 5
Solving node: 3*1
x: 3
y: 1
Solving node: 4*2
x: 4
y: 2
Solving node: 8:1
x: 8
y: 1
Solving node: 35-3
x: 35
y: 3
Solving node: 32+8
x: 32
y: 8
Solving node: 40+8
x: 40
y: 8
Difference: 48
Calculating: 7*5-3*1+4*2+8:1+7
Solving node: 7*5
x: 7
y: 5
Solving node: 3*1
x: 3
y: 1
Solving node: 4*2
x: 4
y: 2
Solving node: 8:1
x: 8
y: 1
Solving node: 35-3
x: 35
y: 3
Solving node: 32+8
x: 32
y: 8
Solving node: 40+8
x: 40
y: 8
Solving node: 48+7
x: 48
y: 7
Solving node: 7*5
x: 7
y: 5
Solving node: 3*1
x: 3
y: 1
Solving node: 4*2
x: 4
y: 2
Solving node: 8:1
x: 8
y: 1
Solving node: 35-3
x: 35
y: 3
Solving node: 7*5
x: 7
y: 5
Solving node: 3*1
x: 3
y: 1
Solving node: 4*2
x: 4
y: 2
Solving node: 8:1
x: 8
y: 1
Solving node: 35-3
x: 35
y: 3
Solving node: 32+8
x: 32
y: 8
Solving node: 40+8
x: 40
y: 8
Solving node: 48+7
x: 48
y: 7
Difference: 55
Using default bounds (multiplication)
Calculating: 7*5-3*1+4*2+8:1+7*3
Solving node: 7*5
x: 7
y: 5
Solving node: 3*1
x: 3
y: 1
Solving node: 4*2
x: 4
y: 2
Solving node: 8:1
x: 8
y: 1
Solving node: 7*3
x: 7
y: 3
Solving node: 35-3
x: 35
y: 3
Solving node: 32+8
x: 32
y: 8
Solving node: 40+8
x: 40
y: 8
Solving node: 48+21
x: 48
y: 21
Solving node: 7*5
x: 7
y: 5
Solving node: 3*1
x: 3
y: 1
Solving node: 4*2
x: 4
y: 2
Solving node: 8:1
x: 8
y: 1
Solving node: 7*3
x: 7
y: 3
Solving node: 35-3
x: 35
y: 3
Solving node: 7*5
x: 7
y: 5
Solving node: 3*1
x: 3
y: 1
Solving node: 4*2
x: 4
y: 2
Solving node: 8:1
x: 8
y: 1
Solving node: 7*3
x: 7
y: 3
Solving node: 35-3
x: 35
y: 3
Solving node: 32+8
x: 32
y: 8
Solving node: 40+8
x: 40
y: 8
Solving node: 48+21
x: 48
y: 21
Difference: 69
Last: 3; Last sum: 21
Calculating: 7*5-3*1+4*2+8:1+7*3-1
Solving node: 7*5
x: 7
y: 5
Solving node: 3*1
x: 3
y: 1
Solving node: 4*2
x: 4
y: 2
Solving node: 8:1
x: 8
y: 1
Solving node: 7*3
x: 7
y: 3
Solving node: 35-3
x: 35
y: 3
Solving node: 32+8
x: 32
y: 8
Solving node: 40+8
x: 40
y: 8
Solving node: 48+21
x: 48
y: 21
Solving node: 69-1
x: 69
y: 1
Solving node: 7*5
x: 7
y: 5
Solving node: 3*1
x: 3
y: 1
Solving node: 4*2
x: 4
y: 2
Solving node: 8:1
x: 8
y: 1
Solving node: 7*3
x: 7
y: 3
Solving node: 35-3
x: 35
y: 3
Solving node: 32+8
x: 32
y: 8
Solving node: 40+8
x: 40
y: 8
Solving node: 48+21
x: 48
y: 21
Solving node: 69-1
x: 69
y: 1
Solving node: 7*5
x: 7
y: 5
Solving node: 3*1
x: 3
y: 1
Solving node: 4*2
x: 4
y: 2
Solving node: 8:1
x: 8
y: 1
Solving node: 7*3
x: 7
y: 3
Solving node: 35-3
x: 35
y: 3
Solving node: 32+8
x: 32
y: 8
Solving node: 40+8
x: 40
y: 8
Solving node: 48+21
x: 48
y: 21
Difference: 69-1
Calculating bounds (multiplication)
Previous index: -1 | Last operator index: 2
Upper bound: 1
Solving node: 7*5
x: 7
y: 5
Solving node: 3*1
x: 3
y: 1
Solving node: 4*2
x: 4
y: 2
Solving node: 8:1
x: 8
y: 1
Solving node: 7*3
x: 7
y: 3
Solving node: 35-3
x: 35
y: 3
Solving node: 32+8
x: 32
y: 8
Solving node: 40+8
x: 40
y: 8
Solving node: 48+21
x: 48
y: 21
Solving node: 69-1
x: 69
y: 1
Solving node: 7*5
x: 7
y: 5
Solving node: 3*1
x: 3
y: 1
Solving node: 4*2
x: 4
y: 2
Solving node: 8:1
x: 8
y: 1
Solving node: 7*3
x: 7
y: 3
Solving node: 35-3
x: 35
y: 3
Solving node: 32+8
x: 32
y: 8
Solving node: 40+8
x: 40
y: 8
Solving node: 48+21
x: 48
y: 21
Difference: 69-1
Calculating: 7*5-3*1+4*2+8:1+7*3-1+3
Solving node: 7*5
x: 7
y: 5
Solving node: 3*1
x: 3
y: 1
Solving node: 4*2
x: 4
y: 2
Solving node: 8:1
x: 8
y: 1
Solving node: 7*3
x: 7
y: 3
Solving node: 35-3
x: 35
y: 3
Solving node: 32+8
x: 32
y: 8
Solving node: 40+8
x: 40
y: 8
Solving node: 48+21
x: 48
y: 21
Solving node: 69-1
x: 69
y: 1
Solving node: 68+3
x: 68
y: 3
Solving node: 7*5
x: 7
y: 5
Solving node: 3*1
x: 3
y: 1
Solving node: 4*2
x: 4
y: 2
Solving node: 8:1
x: 8
y: 1
Solving node: 7*3
x: 7
y: 3
Solving node: 35-3
x: 35
y: 3
Solving node: 32+8
x: 32
y: 8
Solving node: 40+8
x: 40
y: 8
Solving node: 48+21
x: 48
y: 21
Solving node: 69-1
x: 69
y: 1
Solving node: 7*5
x: 7
y: 5
Solving node: 3*1
x: 3
y: 1
Solving node: 4*2
x: 4
y: 2
Solving node: 8:1
x: 8
y: 1
Solving node: 7*3
x: 7
y: 3
Solving node: 35-3
x: 35
y: 3
Solving node: 32+8
x: 32
y: 8
Solving node: 40+8
x: 40
y: 8
Solving node: 48+21
x: 48
y: 21
Solving node: 69-1
x: 69
y: 1
Solving node: 68+3
x: 68
y: 3
Difference: 71
Last: 3; Last sum: 3
Calculating: 7*5-3*1+4*2+8:1+7*3-1+3-2
Solving node: 7*5
x: 7
y: 5
Solving node: 3*1
x: 3
y: 1
Solving node: 4*2
x: 4
y: 2
Solving node: 8:1
x: 8
y: 1
Solving node: 7*3
x: 7
y: 3
Solving node: 35-3
x: 35
y: 3
Solving node: 32+8
x: 32
y: 8
Solving node: 40+8
x: 40
y: 8
Solving node: 48+21
x: 48
y: 21
Solving node: 69-1
x: 69
y: 1
Solving node: 68+3
x: 68
y: 3
Solving node: 71-2
x: 71
y: 2
Solving node: 7*5
x: 7
y: 5
Solving node: 3*1
x: 3
y: 1
Solving node: 4*2
x: 4
y: 2
Solving node: 8:1
x: 8
y: 1
Solving node: 7*3
x: 7
y: 3
Solving node: 35-3
x: 35
y: 3
Solving node: 32+8
x: 32
y: 8
Solving node: 40+8
x: 40
y: 8
Solving node: 48+21
x: 48
y: 21
Solving node: 69-1
x: 69
y: 1
Solving node: 68+3
x: 68
y: 3
Solving node: 71-2
x: 71
y: 2
Solving node: 7*5
x: 7
y: 5
Solving node: 3*1
x: 3
y: 1
Solving node: 4*2
x: 4
y: 2
Solving node: 8:1
x: 8
y: 1
Solving node: 7*3
x: 7
y: 3
Solving node: 35-3
x: 35
y: 3
Solving node: 32+8
x: 32
y: 8
Solving node: 40+8
x: 40
y: 8
Solving node: 48+21
x: 48
y: 21
Solving node: 69-1
x: 69
y: 1
Solving node: 68+3
x: 68
y: 3
Difference: 71-2
Calculating: 7*5-3*1+4*2+8:1+7*3-1+3-2+8
Solving node: 7*5
x: 7
y: 5
Solving node: 3*1
x: 3
y: 1
Solving node: 4*2
x: 4
y: 2
Solving node: 8:1
x: 8
y: 1
Solving node: 7*3
x: 7
y: 3
Solving node: 35-3
x: 35
y: 3
Solving node: 32+8
x: 32
y: 8
Solving node: 40+8
x: 40
y: 8
Solving node: 48+21
x: 48
y: 21
Solving node: 69-1
x: 69
y: 1
Solving node: 68+3
x: 68
y: 3
Solving node: 71-2
x: 71
y: 2
Solving node: 69+8
x: 69
y: 8
Solving node: 7*5
x: 7
y: 5
Solving node: 3*1
x: 3
y: 1
Solving node: 4*2
x: 4
y: 2
Solving node: 8:1
x: 8
y: 1
Solving node: 7*3
x: 7
y: 3
Solving node: 35-3
x: 35
y: 3
Solving node: 32+8
x: 32
y: 8
Solving node: 40+8
x: 40
y: 8
Solving node: 48+21
x: 48
y: 21
Solving node: 69-1
x: 69
y: 1
Solving node: 68+3
x: 68
y: 3
Solving node: 71-2
x: 71
y: 2
Solving node: 7*5
x: 7
y: 5
Solving node: 3*1
x: 3
y: 1
Solving node: 4*2
x: 4
y: 2
Solving node: 8:1
x: 8
y: 1
Solving node: 7*3
x: 7
y: 3
Solving node: 35-3
x: 35
y: 3
Solving node: 32+8
x: 32
y: 8
Solving node: 40+8
x: 40
y: 8
Solving node: 48+21
x: 48
y: 21
Solving node: 69-1
x: 69
y: 1
Solving node: 68+3
x: 68
y: 3
Solving node: 71-2
x: 71
y: 2
Solving node: 69+8
x: 69
y: 8
Difference: 77
Last: 8; Last sum: 8
Calculating: 7*5-3*1+4*2+8:1+7*3-1+3-2+8-4
Solving node: 7*5
x: 7
y: 5
Solving node: 3*1
x: 3
y: 1
Solving node: 4*2
x: 4
y: 2
Solving node: 8:1
x: 8
y: 1
Solving node: 7*3
x: 7
y: 3
Solving node: 35-3
x: 35
y: 3
Solving node: 32+8
x: 32
y: 8
Solving node: 40+8
x: 40
y: 8
Solving node: 48+21
x: 48
y: 21
Solving node: 69-1
x: 69
y: 1
Solving node: 68+3
x: 68
y: 3
Solving node: 71-2
x: 71
y: 2
Solving node: 69+8
x: 69
y: 8
Solving node: 77-4
x: 77
y: 4
Solving node: 7*5
x: 7
y: 5
Solving node: 3*1
x: 3
y: 1
Solving node: 4*2
x: 4
y: 2
Solving node: 8:1
x: 8
y: 1
Solving node: 7*3
x: 7
y: 3
Solving node: 35-3
x: 35
y: 3
Solving node: 32+8
x: 32
y: 8
Solving node: 40+8
x: 40
y: 8
Solving node: 48+21
x: 48
y: 21
Solving node: 69-1
x: 69
y: 1
Solving node: 68+3
x: 68
y: 3
Solving node: 71-2
x: 71
y: 2
Solving node: 69+8
x: 69
y: 8
Solving node: 77-4
x: 77
y: 4
Solving node: 7*5
x: 7
y: 5
Solving node: 3*1
x: 3
y: 1
Solving node: 4*2
x: 4
y: 2
Solving node: 8:1
x: 8
y: 1
Solving node: 7*3
x: 7
y: 3
Solving node: 35-3
x: 35
y: 3
Solving node: 32+8
x: 32
y: 8
Solving node: 40+8
x: 40
y: 8
Solving node: 48+21
x: 48
y: 21
Solving node: 69-1
x: 69
y: 1
Solving node: 68+3
x: 68
y: 3
Solving node: 71-2
x: 71
y: 2
Solving node: 69+8
x: 69
y: 8
Difference: 77-4
Calculating: 7*5-3*1+4*2+8:1+7*3-1+3-2+8-4+8
Solving node: 7*5
x: 7
y: 5
Solving node: 3*1
x: 3
y: 1
Solving node: 4*2
x: 4
y: 2
Solving node: 8:1
x: 8
y: 1
Solving node: 7*3
x: 7
y: 3
Solving node: 35-3
x: 35
y: 3
Solving node: 32+8
x: 32
y: 8
Solving node: 40+8
x: 40
y: 8
Solving node: 48+21
x: 48
y: 21
Solving node: 69-1
x: 69
y: 1
Solving node: 68+3
x: 68
y: 3
Solving node: 71-2
x: 71
y: 2
Solving node: 69+8
x: 69
y: 8
Solving node: 77-4
x: 77
y: 4
Solving node: 73+8
x: 73
y: 8
Solving node: 7*5
x: 7
y: 5
Solving node: 3*1
x: 3
y: 1
Solving node: 4*2
x: 4
y: 2
Solving node: 8:1
x: 8
y: 1
Solving node: 7*3
x: 7
y: 3
Solving node: 35-3
x: 35
y: 3
Solving node: 32+8
x: 32
y: 8
Solving node: 40+8
x: 40
y: 8
Solving node: 48+21
x: 48
y: 21
Solving node: 69-1
x: 69
y: 1
Solving node: 68+3
x: 68
y: 3
Solving node: 71-2
x: 71
y: 2
Solving node: 69+8
x: 69
y: 8
Solving node: 77-4
x: 77
y: 4
Solving node: 7*5
x: 7
y: 5
Solving node: 3*1
x: 3
y: 1
Solving node: 4*2
x: 4
y: 2
Solving node: 8:1
x: 8
y: 1
Solving node: 7*3
x: 7
y: 3
Solving node: 35-3
x: 35
y: 3
Solving node: 32+8
x: 32
y: 8
Solving node: 40+8
x: 40
y: 8
Solving node: 48+21
x: 48
y: 21
Solving node: 69-1
x: 69
y: 1
Solving node: 68+3
x: 68
y: 3
Solving node: 71-2
x: 71
y: 2
Solving node: 69+8
x: 69
y: 8
Solving node: 77-4
x: 77
y: 4
Solving node: 73+8
x: 73
y: 8
Difference: 81
Calculating: 7*5-3*1+4*2+8:1+7*3-1+3-2+8-4+8:2
Solving node: 7*5
x: 7
y: 5
Solving node: 3*1
x: 3
y: 1
Solving node: 4*2
x: 4
y: 2
Solving node: 8:1
x: 8
y: 1
Solving node: 7*3
x: 7
y: 3
Solving node: 8:2
x: 8
y: 2
Solving node: 35-3
x: 35
y: 3
Solving node: 32+8
x: 32
y: 8
Solving node: 40+8
x: 40
y: 8
Solving node: 48+21
x: 48
y: 21
Solving node: 69-1
x: 69
y: 1
Solving node: 68+3
x: 68
y: 3
Solving node: 71-2
x: 71
y: 2
Solving node: 69+8
x: 69
y: 8
Solving node: 77-4
x: 77
y: 4
Solving node: 73+4
x: 73
y: 4
Originallösung: 7*5-3*1+4*2+8:1+7*3-1+3-2+8-4+8:2 = 77
[60/100] 7*5-3*1+4*2+8:1+7*3-1+3-2+8-4+8:2
Testing equation: 7*5-3*1+4*2+8:1+7*3-1+3-2+8-4+8:2
Checking node: 7*5
Solving node: 7*5
x: 7
y: 5
Checking node: 3*1
Solving node: 3*1
x: 3
y: 1
Checking node: 4*2
Solving node: 4*2
x: 4
y: 2
Checking node: 8:1
Solving node: 8:1
x: 8
y: 1
Checking node: 7*3
Solving node: 7*3
x: 7
y: 3
Checking node: 8:2
Solving node: 8:2
x: 8
y: 2
Checking node: 35-3
Solving node: 35-3
x: 35
y: 3
Checking node: 32+8
Solving node: 32+8
x: 32
y: 8
Checking node: 40+8
Solving node: 40+8
x: 40
y: 8
Checking node: 48+21
Solving node: 48+21
x: 48
y: 21
Checking node: 69-1
Solving node: 69-1
x: 69
y: 1
Checking node: 68+3
Solving node: 68+3
x: 68
y: 3
Checking node: 71-2
Solving node: 71-2
x: 71
y: 2
Checking node: 69+8
Solving node: 69+8
x: 69
y: 8
Checking node: 77-4
Solving node: 77-4
x: 77
y: 4
Checking node: 73+4
Solving node: 73+4
x: 73
y: 4
Checking node: 7*5
Checking node: 5-3
Checking node: 3*1
Checking node: 1+4
Checking node: 4*2
Checking node: 2+8
Checking node: 8:1
Checking node: 1+7
Checking node: 7*3
Checking node: 3-1
Checking node: 1+3
Checking node: 3-2
Checking node: 2+8
Checking node: 8-4
Checking node: 4+8
Checking node: 8:2
Difference: 1
Calculating: 1+1
Solving node: 1+1
x: 1
y: 1
Solving node: 1+1
x: 1
y: 1
Difference: 2
Using default bounds (multiplication)
Calculating: 1+1*6
Solving node: 1*6
x: 1
y: 6
Solving node: 1+6
x: 1
y: 6
Solving node: 1*6
x: 1
y: 6
Solving node: 1*6
x: 1
y: 6
Solving node: 1+6
x: 1
y: 6
Difference: 7
Calculating: 1+1*6:2
Solving node: 1*6
x: 1
y: 6
Solving node: 6:2
x: 6
y: 2
Solving node: 1+3
x: 1
y: 3
Solving node: 1*6
x: 1
y: 6
Solving node: 6:2
x: 6
y: 2
Solving node: 1*6
x: 1
y: 6
Solving node: 6:2
x: 6
y: 2
Solving node: 1+3
x: 1
y: 3
Difference: 4
Calculating: 1+1*6:2+1
Solving node: 1*6
x: 1
y: 6
Solving node: 6:2
x: 6
y: 2
Solving node: 1+3
x: 1
y: 3
Solving node: 4+1
x: 4
y: 1
Solving node: 1*6
x: 1
y: 6
Solving node: 6:2
x: 6
y: 2
Solving node: 1*6
x: 1
y: 6
Solving node: 6:2
x: 6
y: 2
Solving node: 1+3
x: 1
y: 3
Solving node: 4+1
x: 4
y: 1
Difference: 5
Using default bounds (multiplication)
Calculating: 1+1*6:2+1*3
Solving node: 1*6
x: 1
y: 6
Solving node: 6:2
x: 6
y: 2
Solving node: 1*3
x: 1
y: 3
Solving node: 1+3
x: 1
y: 3
Solving node: 4+3
x: 4
y: 3
Solving node: 1*6
x: 1
y: 6
Solving node: 6:2
x: 6
y: 2
Solving node: 1*3
x: 1
y: 3
Solving node: 1*6
x: 1
y: 6
Solving node: 6:2
x: 6
y: 2
Solving node: 1*3
x: 1
y: 3
Solving node: 1+3
x: 1
y: 3
Solving node: 4+3
x: 4
y: 3
Difference: 7
Calculating: 1+1*6:2+1*3+8
Solving node: 1*6
x: 1
y: 6
Solving node: 6:2
x: 6
y: 2
Solving node: 1*3
x: 1
y: 3
Solving node: 1+3
x: 1
y: 3
Solving node: 4+3
x: 4
y: 3
Solving node: 7+8
x: 7
y: 8
Solving node: 1*6
x: 1
y: 6
Solving node: 6:2
x: 6
y: 2
Solving node: 1*3
x: 1
y: 3
Solving node: 1*6
x: 1
y: 6
Solving node: 6:2
x: 6
y: 2
Solving node: 1*3
x: 1
y: 3
Solving node: 1+3
x: 1
y: 3
Solving node: 4+3
x: 4
y: 3
Solving node: 7+8
x: 7
y: 8
Difference: 15
Calculating: 1+1*6:2+1*3+8:1
Solving node: 1*6
x: 1
y: 6
Solving node: 6:2
x: 6
y: 2
Solving node: 1*3
x: 1
y: 3
Solving node: 8:1
x: 8
y: 1
Solving node: 1+3
x: 1
y: 3
Solving node: 4+3
x: 4
y: 3
Solving node: 7+8
x: 7
y: 8
Solving node: 1*6
x: 1
y: 6
Solving node: 6:2
x: 6
y: 2
Solving node: 1*3
x: 1
y: 3
Solving node: 8:1
x: 8
y: 1
Solving node: 1*6
x: 1
y: 6
Solving node: 6:2
x: 6
y: 2
Solving node: 1*3
x: 1
y: 3
Solving node: 8:1
x: 8
y: 1
Solving node: 1+3
x: 1
y: 3
Solving node: 4+3
x: 4
y: 3
Solving node: 7+8
x: 7
y: 8
Difference: 15
Calculating: 1+1*6:2+1*3+8:1+2
Solving node: 1*6
x: 1
y: 6
Solving node: 6:2
x: 6
y: 2
Solving node: 1*3
x: 1
y: 3
Solving node: 8:1
x: 8
y: 1
Solving node: 1+3
x: 1
y: 3
Solving node: 4+3
x: 4
y: 3
Solving node: 7+8
x: 7
y: 8
Solving node: 15+2
x: 15
y: 2
Solving node: 1*6
x: 1
y: 6
Solving node: 6:2
x: 6
y: 2
Solving node: 1*3
x: 1
y: 3
Solving node: 8:1
x: 8
y: 1
Solving node: 1*6
x: 1
y: 6
Solving node: 6:2
x: 6
y: 2
Solving node: 1*3
x: 1
y: 3
Solving node: 8:1
x: 8
y: 1
Solving node: 1+3
x: 1
y: 3
Solving node: 4+3
x: 4
y: 3
Solving node: 7+8
x: 7
y: 8
Solving node: 15+2
x: 15
y: 2
Difference: 17
Using default bounds (multiplication)
Calculating: 1+1*6:2+1*3+8:1+2*5
Solving node: 1*6
x: 1
y: 6
Solving node: 6:2
x: 6
y: 2
Solving node: 1*3
x: 1
y: 3
Solving node: 8:1
x: 8
y: 1
Solving node: 2*5
x: 2
y: 5
Solving node: 1+3
x: 1
y: 3
Solving node: 4+3
x: 4
y: 3
Solving node: 7+8
x: 7
y: 8
Solving node: 15+10
x: 15
y: 10
Solving node: 1*6
x: 1
y: 6
Solving node: 6:2
x: 6
y: 2
Solving node: 1*3
x: 1
y: 3
Solving node: 8:1
x: 8
y: 1
Solving node: 2*5
x: 2
y: 5
Solving node: 1*6
x: 1
y: 6
Solving node: 6:2
x: 6
y: 2
Solving node: 1*3
x: 1
y: 3
Solving node: 8:1
x: 8
y: 1
Solving node: 2*5
x: 2
y: 5
Solving node: 1+3
x: 1
y: 3
Solving node: 4+3
x: 4
y: 3
Solving node: 7+8
x: 7
y: 8
Solving node: 15+10
x: 15
y: 10
Difference: 25
Calculating: 1+1*6:2+1*3+8:1+2*5+3
Solving node: 1*6
x: 1
y: 6
Solving node: 6:2
x: 6
y: 2
Solving node: 1*3
x: 1
y: 3
Solving node: 8:1
x: 8
y: 1
Solving node: 2*5
x: 2
y: 5
Solving node: 1+3
x: 1
y: 3
Solving node: 4+3
x: 4
y: 3
Solving node: 7+8
x: 7
y: 8
Solving node: 15+10
x: 15
y: 10
Solving node: 25+3
x: 25
y: 3
Solving node: 1*6
x: 1
y: 6
Solving node: 6:2
x: 6
y: 2
Solving node: 1*3
x: 1
y: 3
Solving node: 8:1
x: 8
y: 1
Solving node: 2*5
x: 2
y: 5
Solving node: 1*6
x: 1
y: 6
Solving node: 6:2
x: 6
y: 2
Solving node: 1*3
x: 1
y: 3
Solving node: 8:1
x: 8
y: 1
Solving node: 2*5
x: 2
y: 5
Solving node: 1+3
x: 1
y: 3
Solving node: 4+3
x: 4
y: 3
Solving node: 7+8
x: 7
y: 8
Solving node: 15+10
x: 15
y: 10
Solving node: 25+3
x: 25
y: 3
Difference: 28
Last: 3; Last sum: 3
Calculating: 1+1*6:2+1*3+8:1+2*5+3-2
Solving node: 1*6
x: 1
y: 6
Solving node: 6:2
x: 6
y: 2
Solving node: 1*3
x: 1
y: 3
Solving node: 8:1
x: 8
y: 1
Solving node: 2*5
x: 2
y: 5
Solving node: 1+3
x: 1
y: 3
Solving node: 4+3
x: 4
y: 3
Solving node: 7+8
x: 7
y: 8
Solving node: 15+10
x: 15
y: 10
Solving node: 25+3
x: 25
y: 3
Solving node: 28-2
x: 28
y: 2
Solving node: 1*6
x: 1
y: 6
Solving node: 6:2
x: 6
y: 2
Solving node: 1*3
x: 1
y: 3
Solving node: 8:1
x: 8
y: 1
Solving node: 2*5
x: 2
y: 5
Solving node: 1+3
x: 1
y: 3
Solving node: 4+3
x: 4
y: 3
Solving node: 7+8
x: 7
y: 8
Solving node: 15+10
x: 15
y: 10
Solving node: 25+3
x: 25
y: 3
Solving node: 28-2
x: 28
y: 2
Solving node: 1*6
x: 1
y: 6
Solving node: 6:2
x: 6
y: 2
Solving node: 1*3
x: 1
y: 3
Solving node: 8:1
x: 8
y: 1
Solving node: 2*5
x: 2
y: 5
Solving node: 1+3
x: 1
y: 3
Solving node: 4+3
x: 4
y: 3
Solving node: 7+8
x: 7
y: 8
Solving node: 15+10
x: 15
y: 10
Solving node: 25+3
x: 25
y: 3
Difference: 28-2
Calculating: 1+1*6:2+1*3+8:1+2*5+3-2+7
Solving node: 1*6
x: 1
y: 6
Solving node: 6:2
x: 6
y: 2
Solving node: 1*3
x: 1
y: 3
Solving node: 8:1
x: 8
y: 1
Solving node: 2*5
x: 2
y: 5
Solving node: 1+3
x: 1
y: 3
Solving node: 4+3
x: 4
y: 3
Solving node: 7+8
x: 7
y: 8
Solving node: 15+10
x: 15
y: 10
Solving node: 25+3
x: 25
y: 3
Solving node: 28-2
x: 28
y: 2
Solving node: 26+7
x: 26
y: 7
Solving node: 1*6
x: 1
y: 6
Solving node: 6:2
x: 6
y: 2
Solving node: 1*3
x: 1
y: 3
Solving node: 8:1
x: 8
y: 1
Solving node: 2*5
x: 2
y: 5
Solving node: 1+3
x: 1
y: 3
Solving node: 4+3
x: 4
y: 3
Solving node: 7+8
x: 7
y: 8
Solving node: 15+10
x: 15
y: 10
Solving node: 25+3
x: 25
y: 3
Solving node: 28-2
x: 28
y: 2
Solving node: 1*6
x: 1
y: 6
Solving node: 6:2
x: 6
y: 2
Solving node: 1*3
x: 1
y: 3
Solving node: 8:1
x: 8
y: 1
Solving node: 2*5
x: 2
y: 5
Solving node: 1+3
x: 1
y: 3
Solving node: 4+3
x: 4
y: 3
Solving node: 7+8
x: 7
y: 8
Solving node: 15+10
x: 15
y: 10
Solving node: 25+3
x: 25
y: 3
Solving node: 28-2
x: 28
y: 2
Solving node: 26+7
x: 26
y: 7
Difference: 33
Using default bounds (multiplication)
Calculating: 1+1*6:2+1*3+8:1+2*5+3-2+7*5
Solving node: 1*6
x: 1
y: 6
Solving node: 6:2
x: 6
y: 2
Solving node: 1*3
x: 1
y: 3
Solving node: 8:1
x: 8
y: 1
Solving node: 2*5
x: 2
y: 5
Solving node: 7*5
x: 7
y: 5
Solving node: 1+3
x: 1
y: 3
Solving node: 4+3
x: 4
y: 3
Solving node: 7+8
x: 7
y: 8
Solving node: 15+10
x: 15
y: 10
Solving node: 25+3
x: 25
y: 3
Solving node: 28-2
x: 28
y: 2
Solving node: 26+35
x: 26
y: 35
Solving node: 1*6
x: 1
y: 6
Solving node: 6:2
x: 6
y: 2
Solving node: 1*3
x: 1
y: 3
Solving node: 8:1
x: 8
y: 1
Solving node: 2*5
x: 2
y: 5
Solving node: 7*5
x: 7
y: 5
Solving node: 1+3
x: 1
y: 3
Solving node: 4+3
x: 4
y: 3
Solving node: 7+8
x: 7
y: 8
Solving node: 15+10
x: 15
y: 10
Solving node: 25+3
x: 25
y: 3
Solving node: 28-2
x: 28
y: 2
Solving node: 1*6
x: 1
y: 6
Solving node: 6:2
x: 6
y: 2
Solving node: 1*3
x: 1
y: 3
Solving node: 8:1
x: 8
y: 1
Solving node: 2*5
x: 2
y: 5
Solving node: 7*5
x: 7
y: 5
Solving node: 1+3
x: 1
y: 3
Solving node: 4+3
x: 4
y: 3
Solving node: 7+8
x: 7
y: 8
Solving node: 15+10
x: 15
y: 10
Solving node: 25+3
x: 25
y: 3
Solving node: 28-2
x: 28
y: 2
Solving node: 26+35
x: 26
y: 35
Difference: 61
Calculating: 1+1*6:2+1*3+8:1+2*5+3-2+7*5+9
Solving node: 1*6
x: 1
y: 6
Solving node: 6:2
x: 6
y: 2
Solving node: 1*3
x: 1
y: 3
Solving node: 8:1
x: 8
y: 1
Solving node: 2*5
x: 2
y: 5
Solving node: 7*5
x: 7
y: 5
Solving node: 1+3
x: 1
y: 3
Solving node: 4+3
x: 4
y: 3
Solving node: 7+8
x: 7
y: 8
Solving node: 15+10
x: 15
y: 10
Solving node: 25+3
x: 25
y: 3
Solving node: 28-2
x: 28
y: 2
Solving node: 26+35
x: 26
y: 35
Solving node: 61+9
x: 61
y: 9
Solving node: 1*6
x: 1
y: 6
Solving node: 6:2
x: 6
y: 2
Solving node: 1*3
x: 1
y: 3
Solving node: 8:1
x: 8
y: 1
Solving node: 2*5
x: 2
y: 5
Solving node: 7*5
x: 7
y: 5
Solving node: 1+3
x: 1
y: 3
Solving node: 4+3
x: 4
y: 3
Solving node: 7+8
x: 7
y: 8
Solving node: 15+10
x: 15
y: 10
Solving node: 25+3
x: 25
y: 3
Solving node: 28-2
x: 28
y: 2
Solving node: 1*6
x: 1
y: 6
Solving node: 6:2
x: 6
y: 2
Solving node: 1*3
x: 1
y: 3
Solving node: 8:1
x: 8
y: 1
Solving node: 2*5
x: 2
y: 5
Solving node: 7*5
x: 7
y: 5
Solving node: 1+3
x: 1
y: 3
Solving node: 4+3
x: 4
y: 3
Solving node: 7+8
x: 7
y: 8
Solving node: 15+10
x: 15
y: 10
Solving node: 25+3
x: 25
y: 3
Solving node: 28-2
x: 28
y: 2
Solving node: 26+35
x: 26
y: 35
Solving node: 61+9
x: 61
y: 9
Difference: 70
Last: 9; Last sum: 9
Calculating: 1+1*6:2+1*3+8:1+2*5+3-2+7*5+9-6
Solving node: 1*6
x: 1
y: 6
Solving node: 6:2
x: 6
y: 2
Solving node: 1*3
x: 1
y: 3
Solving node: 8:1
x: 8
y: 1
Solving node: 2*5
x: 2
y: 5
Solving node: 7*5
x: 7
y: 5
Solving node: 1+3
x: 1
y: 3
Solving node: 4+3
x: 4
y: 3
Solving node: 7+8
x: 7
y: 8
Solving node: 15+10
x: 15
y: 10
Solving node: 25+3
x: 25
y: 3
Solving node: 28-2
x: 28
y: 2
Solving node: 26+35
x: 26
y: 35
Solving node: 61+9
x: 61
y: 9
Solving node: 70-6
x: 70
y: 6
Solving node: 1*6
x: 1
y: 6
Solving node: 6:2
x: 6
y: 2
Solving node: 1*3
x: 1
y: 3
Solving node: 8:1
x: 8
y: 1
Solving node: 2*5
x: 2
y: 5
Solving node: 7*5
x: 7
y: 5
Solving node: 1+3
x: 1
y: 3
Solving node: 4+3
x: 4
y: 3
Solving node: 7+8
x: 7
y: 8
Solving node: 15+10
x: 15
y: 10
Solving node: 25+3
x: 25
y: 3
Solving node: 28-2
x: 28
y: 2
Solving node: 26+35
x: 26
y: 35
Solving node: 61+9
x: 61
y: 9
Solving node: 70-6
x: 70
y: 6
Solving node: 1*6
x: 1
y: 6
Solving node: 6:2
x: 6
y: 2
Solving node: 1*3
x: 1
y: 3
Solving node: 8:1
x: 8
y: 1
Solving node: 2*5
x: 2
y: 5
Solving node: 7*5
x: 7
y: 5
Solving node: 1+3
x: 1
y: 3
Solving node: 4+3
x: 4
y: 3
Solving node: 7+8
x: 7
y: 8
Solving node: 15+10
x: 15
y: 10
Solving node: 25+3
x: 25
y: 3
Solving node: 28-2
x: 28
y: 2
Solving node: 26+35
x: 26
y: 35
Solving node: 61+9
x: 61
y: 9
Difference: 70-6
Calculating bounds (multiplication)
Previous index: -1 | Last operator index: 2
Upper bound: 6
Calculating: 1+1*6:2+1*3+8:1+2*5+3-2+7*5+9-6*5
Solving node: 1*6
x: 1
y: 6
Solving node: 6:2
x: 6
y: 2
Solving node: 1*3
x: 1
y: 3
Solving node: 8:1
x: 8
y: 1
Solving node: 2*5
x: 2
y: 5
Solving node: 7*5
x: 7
y: 5
Solving node: 6*5
x: 6
y: 5
Solving node: 1+3
x: 1
y: 3
Solving node: 4+3
x: 4
y: 3
Solving node: 7+8
x: 7
y: 8
Solving node: 15+10
x: 15
y: 10
Solving node: 25+3
x: 25
y: 3
Solving node: 28-2
x: 28
y: 2
Solving node: 26+35
x: 26
y: 35
Solving node: 61+9
x: 61
y: 9
Solving node: 70-30
x: 70
y: 30
Originallösung: 1+1*6:2+1*3+8:1+2*5+3-2+7*5+9-6*5 = 40
[61/100] 1+1*6:2+1*3+8:1+2*5+3-2+7*5+9-6*5
Testing equation: 1+1*6:2+1*3+8:1+2*5+3-2+7*5+9-6*5
Checking node: 1*6
Solving node: 1*6
x: 1
y: 6
Checking node: 6:2
Solving node: 6:2
x: 6
y: 2
Checking node: 1*3
Solving node: 1*3
x: 1
y: 3
Checking node: 8:1
Solving node: 8:1
x: 8
y: 1
Checking node: 2*5
Solving node: 2*5
x: 2
y: 5
Checking node: 7*5
Solving node: 7*5
x: 7
y: 5
Checking node: 6*5
Solving node: 6*5
x: 6
y: 5
Checking node: 1+3
Solving node: 1+3
x: 1
y: 3
Checking node: 4+3
Solving node: 4+3
x: 4
y: 3
Checking node: 7+8
Solving node: 7+8
x: 7
y: 8
Checking node: 15+10
Solving node: 15+10
x: 15
y: 10
Checking node: 25+3
Solving node: 25+3
x: 25
y: 3
Checking node: 28-2
Solving node: 28-2
x: 28
y: 2
Checking node: 26+35
Solving node: 26+35
x: 26
y: 35
Checking node: 61+9
Solving node: 61+9
x: 61
y: 9
Checking node: 70-30
Solving node: 70-30
x: 70
y: 30
Checking node: 1+1
Checking node: 1*6
Checking node: 6:2
Checking node: 2+1
Checking node: 1*3
Checking node: 3+8
Checking node: 8:1
Checking node: 1+2
Checking node: 2*5
Checking node: 5+3
Checking node: 3-2
Checking node: 2+7
Checking node: 7*5
Checking node: 5+9
Checking node: 9-6
Checking node: 6*5
Difference: 6
Calculating: 6+8
Solving node: 6+8
x: 6
y: 8
Solving node: 6+8
x: 6
y: 8
Difference: 14
Last: 8; Last sum: 8
Calculating: 6+8-3
Solving node: 6+8
x: 6
y: 8
Solving node: 14-3
x: 14
y: 3
Solving node: 6+8
x: 6
y: 8
Solving node: 14-3
x: 14
y: 3
Solving node: 6+8
x: 6
y: 8
Difference: 14-3
Calculating: 6+8-3+2
Solving node: 6+8
x: 6
y: 8
Solving node: 14-3
x: 14
y: 3
Solving node: 11+2
x: 11
y: 2
Solving node: 6+8
x: 6
y: 8
Solving node: 14-3
x: 14
y: 3
Solving node: 6+8
x: 6
y: 8
Solving node: 14-3
x: 14
y: 3
Solving node: 11+2
x: 11
y: 2
Difference: 13
Using default bounds (multiplication)
Calculating: 6+8-3+2*7
Solving node: 2*7
x: 2
y: 7
Solving node: 6+8
x: 6
y: 8
Solving node: 14-3
x: 14
y: 3
Solving node: 11+14
x: 11
y: 14
Solving node: 2*7
x: 2
y: 7
Solving node: 6+8
x: 6
y: 8
Solving node: 14-3
x: 14
y: 3
Solving node: 2*7
x: 2
y: 7
Solving node: 6+8
x: 6
y: 8
Solving node: 14-3
x: 14
y: 3
Solving node: 11+14
x: 11
y: 14
Difference: 25
Calculating: 6+8-3+2*7+1
Solving node: 2*7
x: 2
y: 7
Solving node: 6+8
x: 6
y: 8
Solving node: 14-3
x: 14
y: 3
Solving node: 11+14
x: 11
y: 14
Solving node: 25+1
x: 25
y: 1
Solving node: 2*7
x: 2
y: 7
Solving node: 6+8
x: 6
y: 8
Solving node: 14-3
x: 14
y: 3
Solving node: 2*7
x: 2
y: 7
Solving node: 6+8
x: 6
y: 8
Solving node: 14-3
x: 14
y: 3
Solving node: 11+14
x: 11
y: 14
Solving node: 25+1
x: 25
y: 1
Difference: 26
Using default bounds (multiplication)
Calculating: 6+8-3+2*7+1*8
Solving node: 2*7
x: 2
y: 7
Solving node: 1*8
x: 1
y: 8
Solving node: 6+8
x: 6
y: 8
Solving node: 14-3
x: 14
y: 3
Solving node: 11+14
x: 11
y: 14
Solving node: 25+8
x: 25
y: 8
Solving node: 2*7
x: 2
y: 7
Solving node: 1*8
x: 1
y: 8
Solving node: 6+8
x: 6
y: 8
Solving node: 14-3
x: 14
y: 3
Solving node: 2*7
x: 2
y: 7
Solving node: 1*8
x: 1
y: 8
Solving node: 6+8
x: 6
y: 8
Solving node: 14-3
x: 14
y: 3
Solving node: 11+14
x: 11
y: 14
Solving node: 25+8
x: 25
y: 8
Difference: 33
Calculating: 6+8-3+2*7+1*8+2
Solving node: 2*7
x: 2
y: 7
Solving node: 1*8
x: 1
y: 8
Solving node: 6+8
x: 6
y: 8
Solving node: 14-3
x: 14
y: 3
Solving node: 11+14
x: 11
y: 14
Solving node: 25+8
x: 25
y: 8
Solving node: 33+2
x: 33
y: 2
Solving node: 2*7
x: 2
y: 7
Solving node: 1*8
x: 1
y: 8
Solving node: 6+8
x: 6
y: 8
Solving node: 14-3
x: 14
y: 3
Solving node: 2*7
x: 2
y: 7
Solving node: 1*8
x: 1
y: 8
Solving node: 6+8
x: 6
y: 8
Solving node: 14-3
x: 14
y: 3
Solving node: 11+14
x: 11
y: 14
Solving node: 25+8
x: 25
y: 8
Solving node: 33+2
x: 33
y: 2
Difference: 35
Using default bounds (multiplication)
Calculating: 6+8-3+2*7+1*8+2*9
Solving node: 2*7
x: 2
y: 7
Solving node: 1*8
x: 1
y: 8
Solving node: 2*9
x: 2
y: 9
Solving node: 6+8
x: 6
y: 8
Solving node: 14-3
x: 14
y: 3
Solving node: 11+14
x: 11
y: 14
Solving node: 25+8
x: 25
y: 8
Solving node: 33+18
x: 33
y: 18
Solving node: 2*7
x: 2
y: 7
Solving node: 1*8
x: 1
y: 8
Solving node: 2*9
x: 2
y: 9
Solving node: 6+8
x: 6
y: 8
Solving node: 14-3
x: 14
y: 3
Solving node: 2*7
x: 2
y: 7
Solving node: 1*8
x: 1
y: 8
Solving node: 2*9
x: 2
y: 9
Solving node: 6+8
x: 6
y: 8
Solving node: 14-3
x: 14
y: 3
Solving node: 11+14
x: 11
y: 14
Solving node: 25+8
x: 25
y: 8
Solving node: 33+18
x: 33
y: 18
Difference: 51
Calculating: 6+8-3+2*7+1*8+2*9+5
Solving node: 2*7
x: 2
y: 7
Solving node: 1*8
x: 1
y: 8
Solving node: 2*9
x: 2
y: 9
Solving node: 6+8
x: 6
y: 8
Solving node: 14-3
x: 14
y: 3
Solving node: 11+14
x: 11
y: 14
Solving node: 25+8
x: 25
y: 8
Solving node: 33+18
x: 33
y: 18
Solving node: 51+5
x: 51
y: 5
Solving node: 2*7
x: 2
y: 7
Solving node: 1*8
x: 1
y: 8
Solving node: 2*9
x: 2
y: 9
Solving node: 6+8
x: 6
y: 8
Solving node: 14-3
x: 14
y: 3
Solving node: 2*7
x: 2
y: 7
Solving node: 1*8
x: 1
y: 8
Solving node: 2*9
x: 2
y: 9
Solving node: 6+8
x: 6
y: 8
Solving node: 14-3
x: 14
y: 3
Solving node: 11+14
x: 11
y: 14
Solving node: 25+8
x: 25
y: 8
Solving node: 33+18
x: 33
y: 18
Solving node: 51+5
x: 51
y: 5
Difference: 56
Using default bounds (multiplication)
Calculating: 6+8-3+2*7+1*8+2*9+5*5
Solving node: 2*7
x: 2
y: 7
Solving node: 1*8
x: 1
y: 8
Solving node: 2*9
x: 2
y: 9
Solving node: 5*5
x: 5
y: 5
Solving node: 6+8
x: 6
y: 8
Solving node: 14-3
x: 14
y: 3
Solving node: 11+14
x: 11
y: 14
Solving node: 25+8
x: 25
y: 8
Solving node: 33+18
x: 33
y: 18
Solving node: 51+25
x: 51
y: 25
Solving node: 2*7
x: 2
y: 7
Solving node: 1*8
x: 1
y: 8
Solving node: 2*9
x: 2
y: 9
Solving node: 5*5
x: 5
y: 5
Solving node: 6+8
x: 6
y: 8
Solving node: 14-3
x: 14
y: 3
Solving node: 2*7
x: 2
y: 7
Solving node: 1*8
x: 1
y: 8
Solving node: 2*9
x: 2
y: 9
Solving node: 5*5
x: 5
y: 5
Solving node: 6+8
x: 6
y: 8
Solving node: 14-3
x: 14
y: 3
Solving node: 11+14
x: 11
y: 14
Solving node: 25+8
x: 25
y: 8
Solving node: 33+18
x: 33
y: 18
Solving node: 51+25
x: 51
y: 25
Difference: 76
Last: 5; Last sum: 25
Calculating: 6+8-3+2*7+1*8+2*9+5*5-3
Solving node: 2*7
x: 2
y: 7
Solving node: 1*8
x: 1
y: 8
Solving node: 2*9
x: 2
y: 9
Solving node: 5*5
x: 5
y: 5
Solving node: 6+8
x: 6
y: 8
Solving node: 14-3
x: 14
y: 3
Solving node: 11+14
x: 11
y: 14
Solving node: 25+8
x: 25
y: 8
Solving node: 33+18
x: 33
y: 18
Solving node: 51+25
x: 51
y: 25
Solving node: 76-3
x: 76
y: 3
Solving node: 2*7
x: 2
y: 7
Solving node: 1*8
x: 1
y: 8
Solving node: 2*9
x: 2
y: 9
Solving node: 5*5
x: 5
y: 5
Solving node: 6+8
x: 6
y: 8
Solving node: 14-3
x: 14
y: 3
Solving node: 11+14
x: 11
y: 14
Solving node: 25+8
x: 25
y: 8
Solving node: 33+18
x: 33
y: 18
Solving node: 51+25
x: 51
y: 25
Solving node: 76-3
x: 76
y: 3
Solving node: 2*7
x: 2
y: 7
Solving node: 1*8
x: 1
y: 8
Solving node: 2*9
x: 2
y: 9
Solving node: 5*5
x: 5
y: 5
Solving node: 6+8
x: 6
y: 8
Solving node: 14-3
x: 14
y: 3
Solving node: 11+14
x: 11
y: 14
Solving node: 25+8
x: 25
y: 8
Solving node: 33+18
x: 33
y: 18
Solving node: 51+25
x: 51
y: 25
Difference: 76-3
Calculating bounds (multiplication)
Previous index: -1 | Last operator index: 2
Upper bound: 3
Calculating: 6+8-3+2*7+1*8+2*9+5*5-3*1
Solving node: 2*7
x: 2
y: 7
Solving node: 1*8
x: 1
y: 8
Solving node: 2*9
x: 2
y: 9
Solving node: 5*5
x: 5
y: 5
Solving node: 3*1
x: 3
y: 1
Solving node: 6+8
x: 6
y: 8
Solving node: 14-3
x: 14
y: 3
Solving node: 11+14
x: 11
y: 14
Solving node: 25+8
x: 25
y: 8
Solving node: 33+18
x: 33
y: 18
Solving node: 51+25
x: 51
y: 25
Solving node: 76-3
x: 76
y: 3
Solving node: 2*7
x: 2
y: 7
Solving node: 1*8
x: 1
y: 8
Solving node: 2*9
x: 2
y: 9
Solving node: 5*5
x: 5
y: 5
Solving node: 3*1
x: 3
y: 1
Solving node: 6+8
x: 6
y: 8
Solving node: 14-3
x: 14
y: 3
Solving node: 11+14
x: 11
y: 14
Solving node: 25+8
x: 25
y: 8
Solving node: 33+18
x: 33
y: 18
Solving node: 51+25
x: 51
y: 25
Solving node: 76-3
x: 76
y: 3
Solving node: 2*7
x: 2
y: 7
Solving node: 1*8
x: 1
y: 8
Solving node: 2*9
x: 2
y: 9
Solving node: 5*5
x: 5
y: 5
Solving node: 3*1
x: 3
y: 1
Solving node: 6+8
x: 6
y: 8
Solving node: 14-3
x: 14
y: 3
Solving node: 11+14
x: 11
y: 14
Solving node: 25+8
x: 25
y: 8
Solving node: 33+18
x: 33
y: 18
Solving node: 51+25
x: 51
y: 25
Difference: 76-3
Calculating: 6+8-3+2*7+1*8+2*9+5*5-3*1+6
Solving node: 2*7
x: 2
y: 7
Solving node: 1*8
x: 1
y: 8
Solving node: 2*9
x: 2
y: 9
Solving node: 5*5
x: 5
y: 5
Solving node: 3*1
x: 3
y: 1
Solving node: 6+8
x: 6
y: 8
Solving node: 14-3
x: 14
y: 3
Solving node: 11+14
x: 11
y: 14
Solving node: 25+8
x: 25
y: 8
Solving node: 33+18
x: 33
y: 18
Solving node: 51+25
x: 51
y: 25
Solving node: 76-3
x: 76
y: 3
Solving node: 73+6
x: 73
y: 6
Solving node: 2*7
x: 2
y: 7
Solving node: 1*8
x: 1
y: 8
Solving node: 2*9
x: 2
y: 9
Solving node: 5*5
x: 5
y: 5
Solving node: 3*1
x: 3
y: 1
Solving node: 6+8
x: 6
y: 8
Solving node: 14-3
x: 14
y: 3
Solving node: 11+14
x: 11
y: 14
Solving node: 25+8
x: 25
y: 8
Solving node: 33+18
x: 33
y: 18
Solving node: 51+25
x: 51
y: 25
Solving node: 76-3
x: 76
y: 3
Solving node: 2*7
x: 2
y: 7
Solving node: 1*8
x: 1
y: 8
Solving node: 2*9
x: 2
y: 9
Solving node: 5*5
x: 5
y: 5
Solving node: 3*1
x: 3
y: 1
Solving node: 6+8
x: 6
y: 8
Solving node: 14-3
x: 14
y: 3
Solving node: 11+14
x: 11
y: 14
Solving node: 25+8
x: 25
y: 8
Solving node: 33+18
x: 33
y: 18
Solving node: 51+25
x: 51
y: 25
Solving node: 76-3
x: 76
y: 3
Solving node: 73+6
x: 73
y: 6
Difference: 79
Calculating: 6+8-3+2*7+1*8+2*9+5*5-3*1+6:3
Solving node: 2*7
x: 2
y: 7
Solving node: 1*8
x: 1
y: 8
Solving node: 2*9
x: 2
y: 9
Solving node: 5*5
x: 5
y: 5
Solving node: 3*1
x: 3
y: 1
Solving node: 6:3
x: 6
y: 3
Solving node: 6+8
x: 6
y: 8
Solving node: 14-3
x: 14
y: 3
Solving node: 11+14
x: 11
y: 14
Solving node: 25+8
x: 25
y: 8
Solving node: 33+18
x: 33
y: 18
Solving node: 51+25
x: 51
y: 25
Solving node: 76-3
x: 76
y: 3
Solving node: 73+2
x: 73
y: 2
Solving node: 2*7
x: 2
y: 7
Solving node: 1*8
x: 1
y: 8
Solving node: 2*9
x: 2
y: 9
Solving node: 5*5
x: 5
y: 5
Solving node: 3*1
x: 3
y: 1
Solving node: 6:3
x: 6
y: 3
Solving node: 6+8
x: 6
y: 8
Solving node: 14-3
x: 14
y: 3
Solving node: 11+14
x: 11
y: 14
Solving node: 25+8
x: 25
y: 8
Solving node: 33+18
x: 33
y: 18
Solving node: 51+25
x: 51
y: 25
Solving node: 76-3
x: 76
y: 3
Solving node: 2*7
x: 2
y: 7
Solving node: 1*8
x: 1
y: 8
Solving node: 2*9
x: 2
y: 9
Solving node: 5*5
x: 5
y: 5
Solving node: 3*1
x: 3
y: 1
Solving node: 6:3
x: 6
y: 3
Solving node: 6+8
x: 6
y: 8
Solving node: 14-3
x: 14
y: 3
Solving node: 11+14
x: 11
y: 14
Solving node: 25+8
x: 25
y: 8
Solving node: 33+18
x: 33
y: 18
Solving node: 51+25
x: 51
y: 25
Solving node: 76-3
x: 76
y: 3
Solving node: 73+2
x: 73
y: 2
Difference: 75
Last: 3; Last sum: 2
Calculating: 6+8-3+2*7+1*8+2*9+5*5-3*1+6:3-1
Solving node: 2*7
x: 2
y: 7
Solving node: 1*8
x: 1
y: 8
Solving node: 2*9
x: 2
y: 9
Solving node: 5*5
x: 5
y: 5
Solving node: 3*1
x: 3
y: 1
Solving node: 6:3
x: 6
y: 3
Solving node: 6+8
x: 6
y: 8
Solving node: 14-3
x: 14
y: 3
Solving node: 11+14
x: 11
y: 14
Solving node: 25+8
x: 25
y: 8
Solving node: 33+18
x: 33
y: 18
Solving node: 51+25
x: 51
y: 25
Solving node: 76-3
x: 76
y: 3
Solving node: 73+2
x: 73
y: 2
Solving node: 75-1
x: 75
y: 1
Solving node: 2*7
x: 2
y: 7
Solving node: 1*8
x: 1
y: 8
Solving node: 2*9
x: 2
y: 9
Solving node: 5*5
x: 5
y: 5
Solving node: 3*1
x: 3
y: 1
Solving node: 6:3
x: 6
y: 3
Solving node: 6+8
x: 6
y: 8
Solving node: 14-3
x: 14
y: 3
Solving node: 11+14
x: 11
y: 14
Solving node: 25+8
x: 25
y: 8
Solving node: 33+18
x: 33
y: 18
Solving node: 51+25
x: 51
y: 25
Solving node: 76-3
x: 76
y: 3
Solving node: 73+2
x: 73
y: 2
Solving node: 75-1
x: 75
y: 1
Solving node: 2*7
x: 2
y: 7
Solving node: 1*8
x: 1
y: 8
Solving node: 2*9
x: 2
y: 9
Solving node: 5*5
x: 5
y: 5
Solving node: 3*1
x: 3
y: 1
Solving node: 6:3
x: 6
y: 3
Solving node: 6+8
x: 6
y: 8
Solving node: 14-3
x: 14
y: 3
Solving node: 11+14
x: 11
y: 14
Solving node: 25+8
x: 25
y: 8
Solving node: 33+18
x: 33
y: 18
Solving node: 51+25
x: 51
y: 25
Solving node: 76-3
x: 76
y: 3
Solving node: 73+2
x: 73
y: 2
Difference: 75-1
Calculating bounds (multiplication)
Previous index: -1 | Last operator index: 2
Upper bound: 1
Solving node: 2*7
x: 2
y: 7
Solving node: 1*8
x: 1
y: 8
Solving node: 2*9
x: 2
y: 9
Solving node: 5*5
x: 5
y: 5
Solving node: 3*1
x: 3
y: 1
Solving node: 6:3
x: 6
y: 3
Solving node: 6+8
x: 6
y: 8
Solving node: 14-3
x: 14
y: 3
Solving node: 11+14
x: 11
y: 14
Solving node: 25+8
x: 25
y: 8
Solving node: 33+18
x: 33
y: 18
Solving node: 51+25
x: 51
y: 25
Solving node: 76-3
x: 76
y: 3
Solving node: 73+2
x: 73
y: 2
Solving node: 75-1
x: 75
y: 1
Solving node: 2*7
x: 2
y: 7
Solving node: 1*8
x: 1
y: 8
Solving node: 2*9
x: 2
y: 9
Solving node: 5*5
x: 5
y: 5
Solving node: 3*1
x: 3
y: 1
Solving node: 6:3
x: 6
y: 3
Solving node: 6+8
x: 6
y: 8
Solving node: 14-3
x: 14
y: 3
Solving node: 11+14
x: 11
y: 14
Solving node: 25+8
x: 25
y: 8
Solving node: 33+18
x: 33
y: 18
Solving node: 51+25
x: 51
y: 25
Solving node: 76-3
x: 76
y: 3
Solving node: 73+2
x: 73
y: 2
Difference: 75-1
Calculating: 6+8-3+2*7+1*8+2*9+5*5-3*1+6:3-1+6
Solving node: 2*7
x: 2
y: 7
Solving node: 1*8
x: 1
y: 8
Solving node: 2*9
x: 2
y: 9
Solving node: 5*5
x: 5
y: 5
Solving node: 3*1
x: 3
y: 1
Solving node: 6:3
x: 6
y: 3
Solving node: 6+8
x: 6
y: 8
Solving node: 14-3
x: 14
y: 3
Solving node: 11+14
x: 11
y: 14
Solving node: 25+8
x: 25
y: 8
Solving node: 33+18
x: 33
y: 18
Solving node: 51+25
x: 51
y: 25
Solving node: 76-3
x: 76
y: 3
Solving node: 73+2
x: 73
y: 2
Solving node: 75-1
x: 75
y: 1
Solving node: 74+6
x: 74
y: 6
Originallösung: 6+8-3+2*7+1*8+2*9+5*5-3*1+6:3-1+6 = 80
[62/100] 6+8-3+2*7+1*8+2*9+5*5-3*1+6:3-1+6
Testing equation: 6+8-3+2*7+1*8+2*9+5*5-3*1+6:3-1+6
Checking node: 2*7
Solving node: 2*7
x: 2
y: 7
Checking node: 1*8
Solving node: 1*8
x: 1
y: 8
Checking node: 2*9
Solving node: 2*9
x: 2
y: 9
Checking node: 5*5
Solving node: 5*5
x: 5
y: 5
Checking node: 3*1
Solving node: 3*1
x: 3
y: 1
Checking node: 6:3
Solving node: 6:3
x: 6
y: 3
Checking node: 6+8
Solving node: 6+8
x: 6
y: 8
Checking node: 14-3
Solving node: 14-3
x: 14
y: 3
Checking node: 11+14
Solving node: 11+14
x: 11
y: 14
Checking node: 25+8
Solving node: 25+8
x: 25
y: 8
Checking node: 33+18
Solving node: 33+18
x: 33
y: 18
Checking node: 51+25
Solving node: 51+25
x: 51
y: 25
Checking node: 76-3
Solving node: 76-3
x: 76
y: 3
Checking node: 73+2
Solving node: 73+2
x: 73
y: 2
Checking node: 75-1
Solving node: 75-1
x: 75
y: 1
Checking node: 74+6
Solving node: 74+6
x: 74
y: 6
Checking node: 6+8
Checking node: 8-3
Checking node: 3+2
Checking node: 2*7
Checking node: 7+1
Checking node: 1*8
Checking node: 8+2
Checking node: 2*9
Checking node: 9+5
Checking node: 5*5
Checking node: 5-3
Checking node: 3*1
Checking node: 1+6
Checking node: 6:3
Checking node: 3-1
Checking node: 1+6
Difference: 7
Calculating: 7+6
Solving node: 7+6
x: 7
y: 6
Solving node: 7+6
x: 7
y: 6
Difference: 13
Calculating: 7+6:1
Solving node: 6:1
x: 6
y: 1
Solving node: 7+6
x: 7
y: 6
Solving node: 6:1
x: 6
y: 1
Solving node: 6:1
x: 6
y: 1
Solving node: 7+6
x: 7
y: 6
Difference: 13
Calculating: 7+6:1+6
Solving node: 6:1
x: 6
y: 1
Solving node: 7+6
x: 7
y: 6
Solving node: 13+6
x: 13
y: 6
Solving node: 6:1
x: 6
y: 1
Solving node: 6:1
x: 6
y: 1
Solving node: 7+6
x: 7
y: 6
Solving node: 13+6
x: 13
y: 6
Difference: 19
Using default bounds (multiplication)
Calculating: 7+6:1+6*7
Solving node: 6:1
x: 6
y: 1
Solving node: 6*7
x: 6
y: 7
Solving node: 7+6
x: 7
y: 6
Solving node: 13+42
x: 13
y: 42
Solving node: 6:1
x: 6
y: 1
Solving node: 6*7
x: 6
y: 7
Solving node: 6:1
x: 6
y: 1
Solving node: 6*7
x: 6
y: 7
Solving node: 7+6
x: 7
y: 6
Solving node: 13+42
x: 13
y: 42
Difference: 55
Calculating: 7+6:1+6*7+7
Solving node: 6:1
x: 6
y: 1
Solving node: 6*7
x: 6
y: 7
Solving node: 7+6
x: 7
y: 6
Solving node: 13+42
x: 13
y: 42
Solving node: 55+7
x: 55
y: 7
Solving node: 6:1
x: 6
y: 1
Solving node: 6*7
x: 6
y: 7
Solving node: 6:1
x: 6
y: 1
Solving node: 6*7
x: 6
y: 7
Solving node: 7+6
x: 7
y: 6
Solving node: 13+42
x: 13
y: 42
Solving node: 55+7
x: 55
y: 7
Difference: 62
Last: 7; Last sum: 7
Calculating: 7+6:1+6*7+7-3
Solving node: 6:1
x: 6
y: 1
Solving node: 6*7
x: 6
y: 7
Solving node: 7+6
x: 7
y: 6
Solving node: 13+42
x: 13
y: 42
Solving node: 55+7
x: 55
y: 7
Solving node: 62-3
x: 62
y: 3
Solving node: 6:1
x: 6
y: 1
Solving node: 6*7
x: 6
y: 7
Solving node: 7+6
x: 7
y: 6
Solving node: 13+42
x: 13
y: 42
Solving node: 55+7
x: 55
y: 7
Solving node: 62-3
x: 62
y: 3
Solving node: 6:1
x: 6
y: 1
Solving node: 6*7
x: 6
y: 7
Solving node: 7+6
x: 7
y: 6
Solving node: 13+42
x: 13
y: 42
Solving node: 55+7
x: 55
y: 7
Difference: 62-3
Calculating bounds (multiplication)
Previous index: -1 | Last operator index: 2
Upper bound: 3
Calculating: 7+6:1+6*7+7-3*1
Solving node: 6:1
x: 6
y: 1
Solving node: 6*7
x: 6
y: 7
Solving node: 3*1
x: 3
y: 1
Solving node: 7+6
x: 7
y: 6
Solving node: 13+42
x: 13
y: 42
Solving node: 55+7
x: 55
y: 7
Solving node: 62-3
x: 62
y: 3
Solving node: 6:1
x: 6
y: 1
Solving node: 6*7
x: 6
y: 7
Solving node: 3*1
x: 3
y: 1
Solving node: 7+6
x: 7
y: 6
Solving node: 13+42
x: 13
y: 42
Solving node: 55+7
x: 55
y: 7
Solving node: 62-3
x: 62
y: 3
Solving node: 6:1
x: 6
y: 1
Solving node: 6*7
x: 6
y: 7
Solving node: 3*1
x: 3
y: 1
Solving node: 7+6
x: 7
y: 6
Solving node: 13+42
x: 13
y: 42
Solving node: 55+7
x: 55
y: 7
Difference: 62-3
Calculating: 7+6:1+6*7+7-3*1+9
Solving node: 6:1
x: 6
y: 1
Solving node: 6*7
x: 6
y: 7
Solving node: 3*1
x: 3
y: 1
Solving node: 7+6
x: 7
y: 6
Solving node: 13+42
x: 13
y: 42
Solving node: 55+7
x: 55
y: 7
Solving node: 62-3
x: 62
y: 3
Solving node: 59+9
x: 59
y: 9
Solving node: 6:1
x: 6
y: 1
Solving node: 6*7
x: 6
y: 7
Solving node: 3*1
x: 3
y: 1
Solving node: 7+6
x: 7
y: 6
Solving node: 13+42
x: 13
y: 42
Solving node: 55+7
x: 55
y: 7
Solving node: 62-3
x: 62
y: 3
Solving node: 6:1
x: 6
y: 1
Solving node: 6*7
x: 6
y: 7
Solving node: 3*1
x: 3
y: 1
Solving node: 7+6
x: 7
y: 6
Solving node: 13+42
x: 13
y: 42
Solving node: 55+7
x: 55
y: 7
Solving node: 62-3
x: 62
y: 3
Solving node: 59+9
x: 59
y: 9
Difference: 68
Last: 9; Last sum: 9
Calculating: 7+6:1+6*7+7-3*1+9-4
Solving node: 6:1
x: 6
y: 1
Solving node: 6*7
x: 6
y: 7
Solving node: 3*1
x: 3
y: 1
Solving node: 7+6
x: 7
y: 6
Solving node: 13+42
x: 13
y: 42
Solving node: 55+7
x: 55
y: 7
Solving node: 62-3
x: 62
y: 3
Solving node: 59+9
x: 59
y: 9
Solving node: 68-4
x: 68
y: 4
Solving node: 6:1
x: 6
y: 1
Solving node: 6*7
x: 6
y: 7
Solving node: 3*1
x: 3
y: 1
Solving node: 7+6
x: 7
y: 6
Solving node: 13+42
x: 13
y: 42
Solving node: 55+7
x: 55
y: 7
Solving node: 62-3
x: 62
y: 3
Solving node: 59+9
x: 59
y: 9
Solving node: 68-4
x: 68
y: 4
Solving node: 6:1
x: 6
y: 1
Solving node: 6*7
x: 6
y: 7
Solving node: 3*1
x: 3
y: 1
Solving node: 7+6
x: 7
y: 6
Solving node: 13+42
x: 13
y: 42
Solving node: 55+7
x: 55
y: 7
Solving node: 62-3
x: 62
y: 3
Solving node: 59+9
x: 59
y: 9
Difference: 68-4
Calculating: 7+6:1+6*7+7-3*1+9-4+1
Solving node: 6:1
x: 6
y: 1
Solving node: 6*7
x: 6
y: 7
Solving node: 3*1
x: 3
y: 1
Solving node: 7+6
x: 7
y: 6
Solving node: 13+42
x: 13
y: 42
Solving node: 55+7
x: 55
y: 7
Solving node: 62-3
x: 62
y: 3
Solving node: 59+9
x: 59
y: 9
Solving node: 68-4
x: 68
y: 4
Solving node: 64+1
x: 64
y: 1
Solving node: 6:1
x: 6
y: 1
Solving node: 6*7
x: 6
y: 7
Solving node: 3*1
x: 3
y: 1
Solving node: 7+6
x: 7
y: 6
Solving node: 13+42
x: 13
y: 42
Solving node: 55+7
x: 55
y: 7
Solving node: 62-3
x: 62
y: 3
Solving node: 59+9
x: 59
y: 9
Solving node: 68-4
x: 68
y: 4
Solving node: 6:1
x: 6
y: 1
Solving node: 6*7
x: 6
y: 7
Solving node: 3*1
x: 3
y: 1
Solving node: 7+6
x: 7
y: 6
Solving node: 13+42
x: 13
y: 42
Solving node: 55+7
x: 55
y: 7
Solving node: 62-3
x: 62
y: 3
Solving node: 59+9
x: 59
y: 9
Solving node: 68-4
x: 68
y: 4
Solving node: 64+1
x: 64
y: 1
Difference: 65
Using default bounds (multiplication)
Calculating: 7+6:1+6*7+7-3*1+9-4+1*1
Solving node: 6:1
x: 6
y: 1
Solving node: 6*7
x: 6
y: 7
Solving node: 3*1
x: 3
y: 1
Solving node: 1*1
x: 1
y: 1
Solving node: 7+6
x: 7
y: 6
Solving node: 13+42
x: 13
y: 42
Solving node: 55+7
x: 55
y: 7
Solving node: 62-3
x: 62
y: 3
Solving node: 59+9
x: 59
y: 9
Solving node: 68-4
x: 68
y: 4
Solving node: 64+1
x: 64
y: 1
Solving node: 6:1
x: 6
y: 1
Solving node: 6*7
x: 6
y: 7
Solving node: 3*1
x: 3
y: 1
Solving node: 1*1
x: 1
y: 1
Solving node: 7+6
x: 7
y: 6
Solving node: 13+42
x: 13
y: 42
Solving node: 55+7
x: 55
y: 7
Solving node: 62-3
x: 62
y: 3
Solving node: 59+9
x: 59
y: 9
Solving node: 68-4
x: 68
y: 4
Solving node: 6:1
x: 6
y: 1
Solving node: 6*7
x: 6
y: 7
Solving node: 3*1
x: 3
y: 1
Solving node: 1*1
x: 1
y: 1
Solving node: 7+6
x: 7
y: 6
Solving node: 13+42
x: 13
y: 42
Solving node: 55+7
x: 55
y: 7
Solving node: 62-3
x: 62
y: 3
Solving node: 59+9
x: 59
y: 9
Solving node: 68-4
x: 68
y: 4
Solving node: 64+1
x: 64
y: 1
Difference: 65
Calculating: 7+6:1+6*7+7-3*1+9-4+1*1+2
Solving node: 6:1
x: 6
y: 1
Solving node: 6*7
x: 6
y: 7
Solving node: 3*1
x: 3
y: 1
Solving node: 1*1
x: 1
y: 1
Solving node: 7+6
x: 7
y: 6
Solving node: 13+42
x: 13
y: 42
Solving node: 55+7
x: 55
y: 7
Solving node: 62-3
x: 62
y: 3
Solving node: 59+9
x: 59
y: 9
Solving node: 68-4
x: 68
y: 4
Solving node: 64+1
x: 64
y: 1
Solving node: 65+2
x: 65
y: 2
Solving node: 6:1
x: 6
y: 1
Solving node: 6*7
x: 6
y: 7
Solving node: 3*1
x: 3
y: 1
Solving node: 1*1
x: 1
y: 1
Solving node: 7+6
x: 7
y: 6
Solving node: 13+42
x: 13
y: 42
Solving node: 55+7
x: 55
y: 7
Solving node: 62-3
x: 62
y: 3
Solving node: 59+9
x: 59
y: 9
Solving node: 68-4
x: 68
y: 4
Solving node: 6:1
x: 6
y: 1
Solving node: 6*7
x: 6
y: 7
Solving node: 3*1
x: 3
y: 1
Solving node: 1*1
x: 1
y: 1
Solving node: 7+6
x: 7
y: 6
Solving node: 13+42
x: 13
y: 42
Solving node: 55+7
x: 55
y: 7
Solving node: 62-3
x: 62
y: 3
Solving node: 59+9
x: 59
y: 9
Solving node: 68-4
x: 68
y: 4
Solving node: 64+1
x: 64
y: 1
Solving node: 65+2
x: 65
y: 2
Difference: 67
Using default bounds (multiplication)
Calculating: 7+6:1+6*7+7-3*1+9-4+1*1+2*9
Solving node: 6:1
x: 6
y: 1
Solving node: 6*7
x: 6
y: 7
Solving node: 3*1
x: 3
y: 1
Solving node: 1*1
x: 1
y: 1
Solving node: 2*9
x: 2
y: 9
Solving node: 7+6
x: 7
y: 6
Solving node: 13+42
x: 13
y: 42
Solving node: 55+7
x: 55
y: 7
Solving node: 62-3
x: 62
y: 3
Solving node: 59+9
x: 59
y: 9
Solving node: 68-4
x: 68
y: 4
Solving node: 64+1
x: 64
y: 1
Solving node: 65+18
x: 65
y: 18
Solving node: 6:1
x: 6
y: 1
Solving node: 6*7
x: 6
y: 7
Solving node: 3*1
x: 3
y: 1
Solving node: 1*1
x: 1
y: 1
Solving node: 2*9
x: 2
y: 9
Solving node: 7+6
x: 7
y: 6
Solving node: 13+42
x: 13
y: 42
Solving node: 55+7
x: 55
y: 7
Solving node: 62-3
x: 62
y: 3
Solving node: 59+9
x: 59
y: 9
Solving node: 68-4
x: 68
y: 4
Solving node: 6:1
x: 6
y: 1
Solving node: 6*7
x: 6
y: 7
Solving node: 3*1
x: 3
y: 1
Solving node: 1*1
x: 1
y: 1
Solving node: 2*9
x: 2
y: 9
Solving node: 7+6
x: 7
y: 6
Solving node: 13+42
x: 13
y: 42
Solving node: 55+7
x: 55
y: 7
Solving node: 62-3
x: 62
y: 3
Solving node: 59+9
x: 59
y: 9
Solving node: 68-4
x: 68
y: 4
Solving node: 64+1
x: 64
y: 1
Solving node: 65+18
x: 65
y: 18
Difference: 83
Calculating: 7+6:1+6*7+7-3*1+9-4+1*1+2*9+4
Solving node: 6:1
x: 6
y: 1
Solving node: 6*7
x: 6
y: 7
Solving node: 3*1
x: 3
y: 1
Solving node: 1*1
x: 1
y: 1
Solving node: 2*9
x: 2
y: 9
Solving node: 7+6
x: 7
y: 6
Solving node: 13+42
x: 13
y: 42
Solving node: 55+7
x: 55
y: 7
Solving node: 62-3
x: 62
y: 3
Solving node: 59+9
x: 59
y: 9
Solving node: 68-4
x: 68
y: 4
Solving node: 64+1
x: 64
y: 1
Solving node: 65+18
x: 65
y: 18
Solving node: 83+4
x: 83
y: 4
Solving node: 6:1
x: 6
y: 1
Solving node: 6*7
x: 6
y: 7
Solving node: 3*1
x: 3
y: 1
Solving node: 1*1
x: 1
y: 1
Solving node: 2*9
x: 2
y: 9
Solving node: 7+6
x: 7
y: 6
Solving node: 13+42
x: 13
y: 42
Solving node: 55+7
x: 55
y: 7
Solving node: 62-3
x: 62
y: 3
Solving node: 59+9
x: 59
y: 9
Solving node: 68-4
x: 68
y: 4
Solving node: 6:1
x: 6
y: 1
Solving node: 6*7
x: 6
y: 7
Solving node: 3*1
x: 3
y: 1
Solving node: 1*1
x: 1
y: 1
Solving node: 2*9
x: 2
y: 9
Solving node: 7+6
x: 7
y: 6
Solving node: 13+42
x: 13
y: 42
Solving node: 55+7
x: 55
y: 7
Solving node: 62-3
x: 62
y: 3
Solving node: 59+9
x: 59
y: 9
Solving node: 68-4
x: 68
y: 4
Solving node: 64+1
x: 64
y: 1
Solving node: 65+18
x: 65
y: 18
Solving node: 83+4
x: 83
y: 4
Difference: 87
Using default bounds (multiplication)
Calculating: 7+6:1+6*7+7-3*1+9-4+1*1+2*9+4*8
Solving node: 6:1
x: 6
y: 1
Solving node: 6*7
x: 6
y: 7
Solving node: 3*1
x: 3
y: 1
Solving node: 1*1
x: 1
y: 1
Solving node: 2*9
x: 2
y: 9
Solving node: 4*8
x: 4
y: 8
Solving node: 7+6
x: 7
y: 6
Solving node: 13+42
x: 13
y: 42
Solving node: 55+7
x: 55
y: 7
Solving node: 62-3
x: 62
y: 3
Solving node: 59+9
x: 59
y: 9
Solving node: 68-4
x: 68
y: 4
Solving node: 64+1
x: 64
y: 1
Solving node: 65+18
x: 65
y: 18
Solving node: 83+32
x: 83
y: 32
Solving node: 6:1
x: 6
y: 1
Solving node: 6*7
x: 6
y: 7
Solving node: 3*1
x: 3
y: 1
Solving node: 1*1
x: 1
y: 1
Solving node: 2*9
x: 2
y: 9
Solving node: 4*8
x: 4
y: 8
Solving node: 7+6
x: 7
y: 6
Solving node: 13+42
x: 13
y: 42
Solving node: 55+7
x: 55
y: 7
Solving node: 62-3
x: 62
y: 3
Solving node: 59+9
x: 59
y: 9
Solving node: 68-4
x: 68
y: 4
Solving node: 6:1
x: 6
y: 1
Solving node: 6*7
x: 6
y: 7
Solving node: 3*1
x: 3
y: 1
Solving node: 1*1
x: 1
y: 1
Solving node: 2*9
x: 2
y: 9
Solving node: 4*8
x: 4
y: 8
Solving node: 7+6
x: 7
y: 6
Solving node: 13+42
x: 13
y: 42
Solving node: 55+7
x: 55
y: 7
Solving node: 62-3
x: 62
y: 3
Solving node: 59+9
x: 59
y: 9
Solving node: 68-4
x: 68
y: 4
Solving node: 64+1
x: 64
y: 1
Solving node: 65+18
x: 65
y: 18
Solving node: 83+32
x: 83
y: 32
Difference: 115
Last: 8; Last sum: 32
Calculating: 7+6:1+6*7+7-3*1+9-4+1*1+2*9+4*8-3
Solving node: 6:1
x: 6
y: 1
Solving node: 6*7
x: 6
y: 7
Solving node: 3*1
x: 3
y: 1
Solving node: 1*1
x: 1
y: 1
Solving node: 2*9
x: 2
y: 9
Solving node: 4*8
x: 4
y: 8
Solving node: 7+6
x: 7
y: 6
Solving node: 13+42
x: 13
y: 42
Solving node: 55+7
x: 55
y: 7
Solving node: 62-3
x: 62
y: 3
Solving node: 59+9
x: 59
y: 9
Solving node: 68-4
x: 68
y: 4
Solving node: 64+1
x: 64
y: 1
Solving node: 65+18
x: 65
y: 18
Solving node: 83+32
x: 83
y: 32
Solving node: 115-3
x: 115
y: 3
Originallösung: 7+6:1+6*7+7-3*1+9-4+1*1+2*9+4*8-3 = 112
[63/100] 7+6:1+6*7+7-3*1+9-4+1*1+2*9+4*8-3
Testing equation: 7+6:1+6*7+7-3*1+9-4+1*1+2*9+4*8-3
Checking node: 6:1
Solving node: 6:1
x: 6
y: 1
Checking node: 6*7
Solving node: 6*7
x: 6
y: 7
Checking node: 3*1
Solving node: 3*1
x: 3
y: 1
Checking node: 1*1
Solving node: 1*1
x: 1
y: 1
Checking node: 2*9
Solving node: 2*9
x: 2
y: 9
Checking node: 4*8
Solving node: 4*8
x: 4
y: 8
Checking node: 7+6
Solving node: 7+6
x: 7
y: 6
Checking node: 13+42
Solving node: 13+42
x: 13
y: 42
Checking node: 55+7
Solving node: 55+7
x: 55
y: 7
Checking node: 62-3
Solving node: 62-3
x: 62
y: 3
Checking node: 59+9
Solving node: 59+9
x: 59
y: 9
Checking node: 68-4
Solving node: 68-4
x: 68
y: 4
Checking node: 64+1
Solving node: 64+1
x: 64
y: 1
Checking node: 65+18
Solving node: 65+18
x: 65
y: 18
Checking node: 83+32
Solving node: 83+32
x: 83
y: 32
Checking node: 115-3
Solving node: 115-3
x: 115
y: 3
Checking node: 7+6
Checking node: 6:1
Checking node: 1+6
Checking node: 6*7
Checking node: 7+7
Checking node: 7-3
Checking node: 3*1
Checking node: 1+9
Checking node: 9-4
Checking node: 4+1
Checking node: 1*1
Checking node: 1+2
Checking node: 2*9
Checking node: 9+4
Checking node: 4*8
Checking node: 8-3
Difference: 4
Using default bounds (multiplication)
Calculating: 4*9
Solving node: 4*9
x: 4
y: 9
Solving node: 4*9
x: 4
y: 9
Solving node: 4*9
x: 4
y: 9
Difference: 36
Last: 9; Last sum: 36
Calculating: 4*9-7
Solving node: 4*9
x: 4
y: 9
Solving node: 36-7
x: 36
y: 7
Solving node: 4*9
x: 4
y: 9
Solving node: 36-7
x: 36
y: 7
Solving node: 4*9
x: 4
y: 9
Difference: 36-7
Calculating: 4*9-7+4
Solving node: 4*9
x: 4
y: 9
Solving node: 36-7
x: 36
y: 7
Solving node: 29+4
x: 29
y: 4
Solving node: 4*9
x: 4
y: 9
Solving node: 36-7
x: 36
y: 7
Solving node: 4*9
x: 4
y: 9
Solving node: 36-7
x: 36
y: 7
Solving node: 29+4
x: 29
y: 4
Difference: 33
Calculating: 4*9-7+4:2
Solving node: 4*9
x: 4
y: 9
Solving node: 4:2
x: 4
y: 2
Solving node: 36-7
x: 36
y: 7
Solving node: 29+2
x: 29
y: 2
Solving node: 4*9
x: 4
y: 9
Solving node: 4:2
x: 4
y: 2
Solving node: 36-7
x: 36
y: 7
Solving node: 4*9
x: 4
y: 9
Solving node: 4:2
x: 4
y: 2
Solving node: 36-7
x: 36
y: 7
Solving node: 29+2
x: 29
y: 2
Difference: 31
Calculating: 4*9-7+4:2+4
Solving node: 4*9
x: 4
y: 9
Solving node: 4:2
x: 4
y: 2
Solving node: 36-7
x: 36
y: 7
Solving node: 29+2
x: 29
y: 2
Solving node: 31+4
x: 31
y: 4
Solving node: 4*9
x: 4
y: 9
Solving node: 4:2
x: 4
y: 2
Solving node: 36-7
x: 36
y: 7
Solving node: 4*9
x: 4
y: 9
Solving node: 4:2
x: 4
y: 2
Solving node: 36-7
x: 36
y: 7
Solving node: 29+2
x: 29
y: 2
Solving node: 31+4
x: 31
y: 4
Difference: 35
Using default bounds (multiplication)
Calculating: 4*9-7+4:2+4*6
Solving node: 4*9
x: 4
y: 9
Solving node: 4:2
x: 4
y: 2
Solving node: 4*6
x: 4
y: 6
Solving node: 36-7
x: 36
y: 7
Solving node: 29+2
x: 29
y: 2
Solving node: 31+24
x: 31
y: 24
Solving node: 4*9
x: 4
y: 9
Solving node: 4:2
x: 4
y: 2
Solving node: 4*6
x: 4
y: 6
Solving node: 36-7
x: 36
y: 7
Solving node: 4*9
x: 4
y: 9
Solving node: 4:2
x: 4
y: 2
Solving node: 4*6
x: 4
y: 6
Solving node: 36-7
x: 36
y: 7
Solving node: 29+2
x: 29
y: 2
Solving node: 31+24
x: 31
y: 24
Difference: 55
Calculating: 4*9-7+4:2+4*6+9
Solving node: 4*9
x: 4
y: 9
Solving node: 4:2
x: 4
y: 2
Solving node: 4*6
x: 4
y: 6
Solving node: 36-7
x: 36
y: 7
Solving node: 29+2
x: 29
y: 2
Solving node: 31+24
x: 31
y: 24
Solving node: 55+9
x: 55
y: 9
Solving node: 4*9
x: 4
y: 9
Solving node: 4:2
x: 4
y: 2
Solving node: 4*6
x: 4
y: 6
Solving node: 36-7
x: 36
y: 7
Solving node: 4*9
x: 4
y: 9
Solving node: 4:2
x: 4
y: 2
Solving node: 4*6
x: 4
y: 6
Solving node: 36-7
x: 36
y: 7
Solving node: 29+2
x: 29
y: 2
Solving node: 31+24
x: 31
y: 24
Solving node: 55+9
x: 55
y: 9
Difference: 64
Using default bounds (multiplication)
Calculating: 4*9-7+4:2+4*6+9*2
Solving node: 4*9
x: 4
y: 9
Solving node: 4:2
x: 4
y: 2
Solving node: 4*6
x: 4
y: 6
Solving node: 9*2
x: 9
y: 2
Solving node: 36-7
x: 36
y: 7
Solving node: 29+2
x: 29
y: 2
Solving node: 31+24
x: 31
y: 24
Solving node: 55+18
x: 55
y: 18
Solving node: 4*9
x: 4
y: 9
Solving node: 4:2
x: 4
y: 2
Solving node: 4*6
x: 4
y: 6
Solving node: 9*2
x: 9
y: 2
Solving node: 36-7
x: 36
y: 7
Solving node: 4*9
x: 4
y: 9
Solving node: 4:2
x: 4
y: 2
Solving node: 4*6
x: 4
y: 6
Solving node: 9*2
x: 9
y: 2
Solving node: 36-7
x: 36
y: 7
Solving node: 29+2
x: 29
y: 2
Solving node: 31+24
x: 31
y: 24
Solving node: 55+18
x: 55
y: 18
Difference: 73
Calculating: 4*9-7+4:2+4*6+9*2+9
Solving node: 4*9
x: 4
y: 9
Solving node: 4:2
x: 4
y: 2
Solving node: 4*6
x: 4
y: 6
Solving node: 9*2
x: 9
y: 2
Solving node: 36-7
x: 36
y: 7
Solving node: 29+2
x: 29
y: 2
Solving node: 31+24
x: 31
y: 24
Solving node: 55+18
x: 55
y: 18
Solving node: 73+9
x: 73
y: 9
Solving node: 4*9
x: 4
y: 9
Solving node: 4:2
x: 4
y: 2
Solving node: 4*6
x: 4
y: 6
Solving node: 9*2
x: 9
y: 2
Solving node: 36-7
x: 36
y: 7
Solving node: 4*9
x: 4
y: 9
Solving node: 4:2
x: 4
y: 2
Solving node: 4*6
x: 4
y: 6
Solving node: 9*2
x: 9
y: 2
Solving node: 36-7
x: 36
y: 7
Solving node: 29+2
x: 29
y: 2
Solving node: 31+24
x: 31
y: 24
Solving node: 55+18
x: 55
y: 18
Solving node: 73+9
x: 73
y: 9
Difference: 82
Using default bounds (multiplication)
Calculating: 4*9-7+4:2+4*6+9*2+9*8
Solving node: 4*9
x: 4
y: 9
Solving node: 4:2
x: 4
y: 2
Solving node: 4*6
x: 4
y: 6
Solving node: 9*2
x: 9
y: 2
Solving node: 9*8
x: 9
y: 8
Solving node: 36-7
x: 36
y: 7
Solving node: 29+2
x: 29
y: 2
Solving node: 31+24
x: 31
y: 24
Solving node: 55+18
x: 55
y: 18
Solving node: 73+72
x: 73
y: 72
Solving node: 4*9
x: 4
y: 9
Solving node: 4:2
x: 4
y: 2
Solving node: 4*6
x: 4
y: 6
Solving node: 9*2
x: 9
y: 2
Solving node: 9*8
x: 9
y: 8
Solving node: 36-7
x: 36
y: 7
Solving node: 4*9
x: 4
y: 9
Solving node: 4:2
x: 4
y: 2
Solving node: 4*6
x: 4
y: 6
Solving node: 9*2
x: 9
y: 2
Solving node: 9*8
x: 9
y: 8
Solving node: 36-7
x: 36
y: 7
Solving node: 29+2
x: 29
y: 2
Solving node: 31+24
x: 31
y: 24
Solving node: 55+18
x: 55
y: 18
Solving node: 73+72
x: 73
y: 72
Difference: 145
Calculating: 4*9-7+4:2+4*6+9*2+9*8:2
Solving node: 4*9
x: 4
y: 9
Solving node: 4:2
x: 4
y: 2
Solving node: 4*6
x: 4
y: 6
Solving node: 9*2
x: 9
y: 2
Solving node: 9*8
x: 9
y: 8
Solving node: 72:2
x: 72
y: 2
Solving node: 36-7
x: 36
y: 7
Solving node: 29+2
x: 29
y: 2
Solving node: 31+24
x: 31
y: 24
Solving node: 55+18
x: 55
y: 18
Solving node: 73+36
x: 73
y: 36
Solving node: 4*9
x: 4
y: 9
Solving node: 4:2
x: 4
y: 2
Solving node: 4*6
x: 4
y: 6
Solving node: 9*2
x: 9
y: 2
Solving node: 9*8
x: 9
y: 8
Solving node: 72:2
x: 72
y: 2
Solving node: 36-7
x: 36
y: 7
Solving node: 4*9
x: 4
y: 9
Solving node: 4:2
x: 4
y: 2
Solving node: 4*6
x: 4
y: 6
Solving node: 9*2
x: 9
y: 2
Solving node: 9*8
x: 9
y: 8
Solving node: 72:2
x: 72
y: 2
Solving node: 36-7
x: 36
y: 7
Solving node: 29+2
x: 29
y: 2
Solving node: 31+24
x: 31
y: 24
Solving node: 55+18
x: 55
y: 18
Solving node: 73+36
x: 73
y: 36
Difference: 109
Using default bounds (multiplication)
Calculating: 4*9-7+4:2+4*6+9*2+9*8:2*5
Solving node: 4*9
x: 4
y: 9
Solving node: 4:2
x: 4
y: 2
Solving node: 4*6
x: 4
y: 6
Solving node: 9*2
x: 9
y: 2
Solving node: 9*8
x: 9
y: 8
Solving node: 72:2
x: 72
y: 2
Solving node: 36*5
x: 36
y: 5
Solving node: 36-7
x: 36
y: 7
Solving node: 29+2
x: 29
y: 2
Solving node: 31+24
x: 31
y: 24
Solving node: 55+18
x: 55
y: 18
Solving node: 73+180
x: 73
y: 180
Solving node: 4*9
x: 4
y: 9
Solving node: 4:2
x: 4
y: 2
Solving node: 4*6
x: 4
y: 6
Solving node: 9*2
x: 9
y: 2
Solving node: 9*8
x: 9
y: 8
Solving node: 72:2
x: 72
y: 2
Solving node: 36*5
x: 36
y: 5
Solving node: 36-7
x: 36
y: 7
Solving node: 4*9
x: 4
y: 9
Solving node: 4:2
x: 4
y: 2
Solving node: 4*6
x: 4
y: 6
Solving node: 9*2
x: 9
y: 2
Solving node: 9*8
x: 9
y: 8
Solving node: 72:2
x: 72
y: 2
Solving node: 36*5
x: 36
y: 5
Solving node: 36-7
x: 36
y: 7
Solving node: 29+2
x: 29
y: 2
Solving node: 31+24
x: 31
y: 24
Solving node: 55+18
x: 55
y: 18
Solving node: 73+180
x: 73
y: 180
Difference: 253
Calculating: 4*9-7+4:2+4*6+9*2+9*8:2*5+9
Solving node: 4*9
x: 4
y: 9
Solving node: 4:2
x: 4
y: 2
Solving node: 4*6
x: 4
y: 6
Solving node: 9*2
x: 9
y: 2
Solving node: 9*8
x: 9
y: 8
Solving node: 72:2
x: 72
y: 2
Solving node: 36*5
x: 36
y: 5
Solving node: 36-7
x: 36
y: 7
Solving node: 29+2
x: 29
y: 2
Solving node: 31+24
x: 31
y: 24
Solving node: 55+18
x: 55
y: 18
Solving node: 73+180
x: 73
y: 180
Solving node: 253+9
x: 253
y: 9
Solving node: 4*9
x: 4
y: 9
Solving node: 4:2
x: 4
y: 2
Solving node: 4*6
x: 4
y: 6
Solving node: 9*2
x: 9
y: 2
Solving node: 9*8
x: 9
y: 8
Solving node: 72:2
x: 72
y: 2
Solving node: 36*5
x: 36
y: 5
Solving node: 36-7
x: 36
y: 7
Solving node: 4*9
x: 4
y: 9
Solving node: 4:2
x: 4
y: 2
Solving node: 4*6
x: 4
y: 6
Solving node: 9*2
x: 9
y: 2
Solving node: 9*8
x: 9
y: 8
Solving node: 72:2
x: 72
y: 2
Solving node: 36*5
x: 36
y: 5
Solving node: 36-7
x: 36
y: 7
Solving node: 29+2
x: 29
y: 2
Solving node: 31+24
x: 31
y: 24
Solving node: 55+18
x: 55
y: 18
Solving node: 73+180
x: 73
y: 180
Solving node: 253+9
x: 253
y: 9
Difference: 262
Last: 9; Last sum: 9
Calculating: 4*9-7+4:2+4*6+9*2+9*8:2*5+9-8
Solving node: 4*9
x: 4
y: 9
Solving node: 4:2
x: 4
y: 2
Solving node: 4*6
x: 4
y: 6
Solving node: 9*2
x: 9
y: 2
Solving node: 9*8
x: 9
y: 8
Solving node: 72:2
x: 72
y: 2
Solving node: 36*5
x: 36
y: 5
Solving node: 36-7
x: 36
y: 7
Solving node: 29+2
x: 29
y: 2
Solving node: 31+24
x: 31
y: 24
Solving node: 55+18
x: 55
y: 18
Solving node: 73+180
x: 73
y: 180
Solving node: 253+9
x: 253
y: 9
Solving node: 262-8
x: 262
y: 8
Solving node: 4*9
x: 4
y: 9
Solving node: 4:2
x: 4
y: 2
Solving node: 4*6
x: 4
y: 6
Solving node: 9*2
x: 9
y: 2
Solving node: 9*8
x: 9
y: 8
Solving node: 72:2
x: 72
y: 2
Solving node: 36*5
x: 36
y: 5
Solving node: 36-7
x: 36
y: 7
Solving node: 29+2
x: 29
y: 2
Solving node: 31+24
x: 31
y: 24
Solving node: 55+18
x: 55
y: 18
Solving node: 73+180
x: 73
y: 180
Solving node: 253+9
x: 253
y: 9
Solving node: 262-8
x: 262
y: 8
Solving node: 4*9
x: 4
y: 9
Solving node: 4:2
x: 4
y: 2
Solving node: 4*6
x: 4
y: 6
Solving node: 9*2
x: 9
y: 2
Solving node: 9*8
x: 9
y: 8
Solving node: 72:2
x: 72
y: 2
Solving node: 36*5
x: 36
y: 5
Solving node: 36-7
x: 36
y: 7
Solving node: 29+2
x: 29
y: 2
Solving node: 31+24
x: 31
y: 24
Solving node: 55+18
x: 55
y: 18
Solving node: 73+180
x: 73
y: 180
Solving node: 253+9
x: 253
y: 9
Difference: 262-8
Previous index: -1 | Last operator index: 3
Calculating: 4*9-7+4:2+4*6+9*2+9*8:2*5+9-8:1
Solving node: 4*9
x: 4
y: 9
Solving node: 4:2
x: 4
y: 2
Solving node: 4*6
x: 4
y: 6
Solving node: 9*2
x: 9
y: 2
Solving node: 9*8
x: 9
y: 8
Solving node: 72:2
x: 72
y: 2
Solving node: 36*5
x: 36
y: 5
Solving node: 8:1
x: 8
y: 1
Solving node: 36-7
x: 36
y: 7
Solving node: 29+2
x: 29
y: 2
Solving node: 31+24
x: 31
y: 24
Solving node: 55+18
x: 55
y: 18
Solving node: 73+180
x: 73
y: 180
Solving node: 253+9
x: 253
y: 9
Solving node: 262-8
x: 262
y: 8
Solving node: 4*9
x: 4
y: 9
Solving node: 4:2
x: 4
y: 2
Solving node: 4*6
x: 4
y: 6
Solving node: 9*2
x: 9
y: 2
Solving node: 9*8
x: 9
y: 8
Solving node: 72:2
x: 72
y: 2
Solving node: 36*5
x: 36
y: 5
Solving node: 8:1
x: 8
y: 1
Solving node: 36-7
x: 36
y: 7
Solving node: 29+2
x: 29
y: 2
Solving node: 31+24
x: 31
y: 24
Solving node: 55+18
x: 55
y: 18
Solving node: 73+180
x: 73
y: 180
Solving node: 253+9
x: 253
y: 9
Solving node: 262-8
x: 262
y: 8
Solving node: 4*9
x: 4
y: 9
Solving node: 4:2
x: 4
y: 2
Solving node: 4*6
x: 4
y: 6
Solving node: 9*2
x: 9
y: 2
Solving node: 9*8
x: 9
y: 8
Solving node: 72:2
x: 72
y: 2
Solving node: 36*5
x: 36
y: 5
Solving node: 8:1
x: 8
y: 1
Solving node: 36-7
x: 36
y: 7
Solving node: 29+2
x: 29
y: 2
Solving node: 31+24
x: 31
y: 24
Solving node: 55+18
x: 55
y: 18
Solving node: 73+180
x: 73
y: 180
Solving node: 253+9
x: 253
y: 9
Difference: 262-8
Calculating bounds (multiplication)
Previous index: -1 | Last operator index: 3
Upper bound: 1
Solving node: 4*9
x: 4
y: 9
Solving node: 4:2
x: 4
y: 2
Solving node: 4*6
x: 4
y: 6
Solving node: 9*2
x: 9
y: 2
Solving node: 9*8
x: 9
y: 8
Solving node: 72:2
x: 72
y: 2
Solving node: 36*5
x: 36
y: 5
Solving node: 8:1
x: 8
y: 1
Solving node: 36-7
x: 36
y: 7
Solving node: 29+2
x: 29
y: 2
Solving node: 31+24
x: 31
y: 24
Solving node: 55+18
x: 55
y: 18
Solving node: 73+180
x: 73
y: 180
Solving node: 253+9
x: 253
y: 9
Solving node: 262-8
x: 262
y: 8
Solving node: 4*9
x: 4
y: 9
Solving node: 4:2
x: 4
y: 2
Solving node: 4*6
x: 4
y: 6
Solving node: 9*2
x: 9
y: 2
Solving node: 9*8
x: 9
y: 8
Solving node: 72:2
x: 72
y: 2
Solving node: 36*5
x: 36
y: 5
Solving node: 8:1
x: 8
y: 1
Solving node: 36-7
x: 36
y: 7
Solving node: 29+2
x: 29
y: 2
Solving node: 31+24
x: 31
y: 24
Solving node: 55+18
x: 55
y: 18
Solving node: 73+180
x: 73
y: 180
Solving node: 253+9
x: 253
y: 9
Difference: 262-8
Calculating: 4*9-7+4:2+4*6+9*2+9*8:2*5+9-8:1+6
Solving node: 4*9
x: 4
y: 9
Solving node: 4:2
x: 4
y: 2
Solving node: 4*6
x: 4
y: 6
Solving node: 9*2
x: 9
y: 2
Solving node: 9*8
x: 9
y: 8
Solving node: 72:2
x: 72
y: 2
Solving node: 36*5
x: 36
y: 5
Solving node: 8:1
x: 8
y: 1
Solving node: 36-7
x: 36
y: 7
Solving node: 29+2
x: 29
y: 2
Solving node: 31+24
x: 31
y: 24
Solving node: 55+18
x: 55
y: 18
Solving node: 73+180
x: 73
y: 180
Solving node: 253+9
x: 253
y: 9
Solving node: 262-8
x: 262
y: 8
Solving node: 254+6
x: 254
y: 6
Originallösung: 4*9-7+4:2+4*6+9*2+9*8:2*5+9-8:1+6 = 260
[64/100] 4*9-7+4:2+4*6+9*2+9*8:2*5+9-8:1+6
Testing equation: 4*9-7+4:2+4*6+9*2+9*8:2*5+9-8:1+6
Checking node: 4*9
Solving node: 4*9
x: 4
y: 9
Checking node: 4:2
Solving node: 4:2
x: 4
y: 2
Checking node: 4*6
Solving node: 4*6
x: 4
y: 6
Checking node: 9*2
Solving node: 9*2
x: 9
y: 2
Checking node: 9*8
Solving node: 9*8
x: 9
y: 8
Checking node: 72:2
Solving node: 72:2
x: 72
y: 2
Checking node: 36*5
Solving node: 36*5
x: 36
y: 5
Checking node: 8:1
Solving node: 8:1
x: 8
y: 1
Checking node: 36-7
Solving node: 36-7
x: 36
y: 7
Checking node: 29+2
Solving node: 29+2
x: 29
y: 2
Checking node: 31+24
Solving node: 31+24
x: 31
y: 24
Checking node: 55+18
Solving node: 55+18
x: 55
y: 18
Checking node: 73+180
Solving node: 73+180
x: 73
y: 180
Checking node: 253+9
Solving node: 253+9
x: 253
y: 9
Checking node: 262-8
Solving node: 262-8
x: 262
y: 8
Checking node: 254+6
Solving node: 254+6
x: 254
y: 6
Checking node: 4*9
Checking node: 9-7
Checking node: 7+4
Checking node: 4:2
Checking node: 2+4
Checking node: 4*6
Checking node: 6+9
Checking node: 9*2
Checking node: 2+9
Checking node: 9*8
Checking node: 8:2
Checking node: 2*5
Checking node: 5+9
Checking node: 9-8
Checking node: 8:1
Checking node: 1+6
Difference: 5
Calculating: 5+2
Solving node: 5+2
x: 5
y: 2
Solving node: 5+2
x: 5
y: 2
Difference: 7
Using default bounds (multiplication)
Calculating: 5+2*7
Solving node: 2*7
x: 2
y: 7
Solving node: 5+14
x: 5
y: 14
Solving node: 2*7
x: 2
y: 7
Solving node: 2*7
x: 2
y: 7
Solving node: 5+14
x: 5
y: 14
Difference: 19
Calculating: 5+2*7+8
Solving node: 2*7
x: 2
y: 7
Solving node: 5+14
x: 5
y: 14
Solving node: 19+8
x: 19
y: 8
Solving node: 2*7
x: 2
y: 7
Solving node: 2*7
x: 2
y: 7
Solving node: 5+14
x: 5
y: 14
Solving node: 19+8
x: 19
y: 8
Difference: 27
Calculating: 5+2*7+8:2
Solving node: 2*7
x: 2
y: 7
Solving node: 8:2
x: 8
y: 2
Solving node: 5+14
x: 5
y: 14
Solving node: 19+4
x: 19
y: 4
Solving node: 2*7
x: 2
y: 7
Solving node: 8:2
x: 8
y: 2
Solving node: 2*7
x: 2
y: 7
Solving node: 8:2
x: 8
y: 2
Solving node: 5+14
x: 5
y: 14
Solving node: 19+4
x: 19
y: 4
Difference: 23
Using default bounds (multiplication)
Calculating: 5+2*7+8:2*6
Solving node: 2*7
x: 2
y: 7
Solving node: 8:2
x: 8
y: 2
Solving node: 4*6
x: 4
y: 6
Solving node: 5+14
x: 5
y: 14
Solving node: 19+24
x: 19
y: 24
Solving node: 2*7
x: 2
y: 7
Solving node: 8:2
x: 8
y: 2
Solving node: 4*6
x: 4
y: 6
Solving node: 2*7
x: 2
y: 7
Solving node: 8:2
x: 8
y: 2
Solving node: 4*6
x: 4
y: 6
Solving node: 5+14
x: 5
y: 14
Solving node: 19+24
x: 19
y: 24
Difference: 43
Calculating: 5+2*7+8:2*6:1
Solving node: 2*7
x: 2
y: 7
Solving node: 8:2
x: 8
y: 2
Solving node: 4*6
x: 4
y: 6
Solving node: 24:1
x: 24
y: 1
Solving node: 5+14
x: 5
y: 14
Solving node: 19+24
x: 19
y: 24
Solving node: 2*7
x: 2
y: 7
Solving node: 8:2
x: 8
y: 2
Solving node: 4*6
x: 4
y: 6
Solving node: 24:1
x: 24
y: 1
Solving node: 2*7
x: 2
y: 7
Solving node: 8:2
x: 8
y: 2
Solving node: 4*6
x: 4
y: 6
Solving node: 24:1
x: 24
y: 1
Solving node: 5+14
x: 5
y: 14
Solving node: 19+24
x: 19
y: 24
Difference: 43
Calculating: 5+2*7+8:2*6:1+9
Solving node: 2*7
x: 2
y: 7
Solving node: 8:2
x: 8
y: 2
Solving node: 4*6
x: 4
y: 6
Solving node: 24:1
x: 24
y: 1
Solving node: 5+14
x: 5
y: 14
Solving node: 19+24
x: 19
y: 24
Solving node: 43+9
x: 43
y: 9
Solving node: 2*7
x: 2
y: 7
Solving node: 8:2
x: 8
y: 2
Solving node: 4*6
x: 4
y: 6
Solving node: 24:1
x: 24
y: 1
Solving node: 2*7
x: 2
y: 7
Solving node: 8:2
x: 8
y: 2
Solving node: 4*6
x: 4
y: 6
Solving node: 24:1
x: 24
y: 1
Solving node: 5+14
x: 5
y: 14
Solving node: 19+24
x: 19
y: 24
Solving node: 43+9
x: 43
y: 9
Difference: 52
Using default bounds (multiplication)
Calculating: 5+2*7+8:2*6:1+9*8
Solving node: 2*7
x: 2
y: 7
Solving node: 8:2
x: 8
y: 2
Solving node: 4*6
x: 4
y: 6
Solving node: 24:1
x: 24
y: 1
Solving node: 9*8
x: 9
y: 8
Solving node: 5+14
x: 5
y: 14
Solving node: 19+24
x: 19
y: 24
Solving node: 43+72
x: 43
y: 72
Solving node: 2*7
x: 2
y: 7
Solving node: 8:2
x: 8
y: 2
Solving node: 4*6
x: 4
y: 6
Solving node: 24:1
x: 24
y: 1
Solving node: 9*8
x: 9
y: 8
Solving node: 2*7
x: 2
y: 7
Solving node: 8:2
x: 8
y: 2
Solving node: 4*6
x: 4
y: 6
Solving node: 24:1
x: 24
y: 1
Solving node: 9*8
x: 9
y: 8
Solving node: 5+14
x: 5
y: 14
Solving node: 19+24
x: 19
y: 24
Solving node: 43+72
x: 43
y: 72
Difference: 115
Calculating: 5+2*7+8:2*6:1+9*8:4
Solving node: 2*7
x: 2
y: 7
Solving node: 8:2
x: 8
y: 2
Solving node: 4*6
x: 4
y: 6
Solving node: 24:1
x: 24
y: 1
Solving node: 9*8
x: 9
y: 8
Solving node: 72:4
x: 72
y: 4
Solving node: 5+14
x: 5
y: 14
Solving node: 19+24
x: 19
y: 24
Solving node: 43+18
x: 43
y: 18
Solving node: 2*7
x: 2
y: 7
Solving node: 8:2
x: 8
y: 2
Solving node: 4*6
x: 4
y: 6
Solving node: 24:1
x: 24
y: 1
Solving node: 9*8
x: 9
y: 8
Solving node: 72:4
x: 72
y: 4
Solving node: 2*7
x: 2
y: 7
Solving node: 8:2
x: 8
y: 2
Solving node: 4*6
x: 4
y: 6
Solving node: 24:1
x: 24
y: 1
Solving node: 9*8
x: 9
y: 8
Solving node: 72:4
x: 72
y: 4
Solving node: 5+14
x: 5
y: 14
Solving node: 19+24
x: 19
y: 24
Solving node: 43+18
x: 43
y: 18
Difference: 61
Calculating: 5+2*7+8:2*6:1+9*8:4+6
Solving node: 2*7
x: 2
y: 7
Solving node: 8:2
x: 8
y: 2
Solving node: 4*6
x: 4
y: 6
Solving node: 24:1
x: 24
y: 1
Solving node: 9*8
x: 9
y: 8
Solving node: 72:4
x: 72
y: 4
Solving node: 5+14
x: 5
y: 14
Solving node: 19+24
x: 19
y: 24
Solving node: 43+18
x: 43
y: 18
Solving node: 61+6
x: 61
y: 6
Solving node: 2*7
x: 2
y: 7
Solving node: 8:2
x: 8
y: 2
Solving node: 4*6
x: 4
y: 6
Solving node: 24:1
x: 24
y: 1
Solving node: 9*8
x: 9
y: 8
Solving node: 72:4
x: 72
y: 4
Solving node: 2*7
x: 2
y: 7
Solving node: 8:2
x: 8
y: 2
Solving node: 4*6
x: 4
y: 6
Solving node: 24:1
x: 24
y: 1
Solving node: 9*8
x: 9
y: 8
Solving node: 72:4
x: 72
y: 4
Solving node: 5+14
x: 5
y: 14
Solving node: 19+24
x: 19
y: 24
Solving node: 43+18
x: 43
y: 18
Solving node: 61+6
x: 61
y: 6
Difference: 67
Last: 6; Last sum: 6
Calculating: 5+2*7+8:2*6:1+9*8:4+6-3
Solving node: 2*7
x: 2
y: 7
Solving node: 8:2
x: 8
y: 2
Solving node: 4*6
x: 4
y: 6
Solving node: 24:1
x: 24
y: 1
Solving node: 9*8
x: 9
y: 8
Solving node: 72:4
x: 72
y: 4
Solving node: 5+14
x: 5
y: 14
Solving node: 19+24
x: 19
y: 24
Solving node: 43+18
x: 43
y: 18
Solving node: 61+6
x: 61
y: 6
Solving node: 67-3
x: 67
y: 3
Solving node: 2*7
x: 2
y: 7
Solving node: 8:2
x: 8
y: 2
Solving node: 4*6
x: 4
y: 6
Solving node: 24:1
x: 24
y: 1
Solving node: 9*8
x: 9
y: 8
Solving node: 72:4
x: 72
y: 4
Solving node: 5+14
x: 5
y: 14
Solving node: 19+24
x: 19
y: 24
Solving node: 43+18
x: 43
y: 18
Solving node: 61+6
x: 61
y: 6
Solving node: 67-3
x: 67
y: 3
Solving node: 2*7
x: 2
y: 7
Solving node: 8:2
x: 8
y: 2
Solving node: 4*6
x: 4
y: 6
Solving node: 24:1
x: 24
y: 1
Solving node: 9*8
x: 9
y: 8
Solving node: 72:4
x: 72
y: 4
Solving node: 5+14
x: 5
y: 14
Solving node: 19+24
x: 19
y: 24
Solving node: 43+18
x: 43
y: 18
Solving node: 61+6
x: 61
y: 6
Difference: 67-3
Calculating bounds (multiplication)
Previous index: -1 | Last operator index: 2
Upper bound: 3
Calculating: 5+2*7+8:2*6:1+9*8:4+6-3*1
Solving node: 2*7
x: 2
y: 7
Solving node: 8:2
x: 8
y: 2
Solving node: 4*6
x: 4
y: 6
Solving node: 24:1
x: 24
y: 1
Solving node: 9*8
x: 9
y: 8
Solving node: 72:4
x: 72
y: 4
Solving node: 3*1
x: 3
y: 1
Solving node: 5+14
x: 5
y: 14
Solving node: 19+24
x: 19
y: 24
Solving node: 43+18
x: 43
y: 18
Solving node: 61+6
x: 61
y: 6
Solving node: 67-3
x: 67
y: 3
Solving node: 2*7
x: 2
y: 7
Solving node: 8:2
x: 8
y: 2
Solving node: 4*6
x: 4
y: 6
Solving node: 24:1
x: 24
y: 1
Solving node: 9*8
x: 9
y: 8
Solving node: 72:4
x: 72
y: 4
Solving node: 3*1
x: 3
y: 1
Solving node: 5+14
x: 5
y: 14
Solving node: 19+24
x: 19
y: 24
Solving node: 43+18
x: 43
y: 18
Solving node: 61+6
x: 61
y: 6
Solving node: 67-3
x: 67
y: 3
Solving node: 2*7
x: 2
y: 7
Solving node: 8:2
x: 8
y: 2
Solving node: 4*6
x: 4
y: 6
Solving node: 24:1
x: 24
y: 1
Solving node: 9*8
x: 9
y: 8
Solving node: 72:4
x: 72
y: 4
Solving node: 3*1
x: 3
y: 1
Solving node: 5+14
x: 5
y: 14
Solving node: 19+24
x: 19
y: 24
Solving node: 43+18
x: 43
y: 18
Solving node: 61+6
x: 61
y: 6
Difference: 67-3
Calculating: 5+2*7+8:2*6:1+9*8:4+6-3*1+4
Solving node: 2*7
x: 2
y: 7
Solving node: 8:2
x: 8
y: 2
Solving node: 4*6
x: 4
y: 6
Solving node: 24:1
x: 24
y: 1
Solving node: 9*8
x: 9
y: 8
Solving node: 72:4
x: 72
y: 4
Solving node: 3*1
x: 3
y: 1
Solving node: 5+14
x: 5
y: 14
Solving node: 19+24
x: 19
y: 24
Solving node: 43+18
x: 43
y: 18
Solving node: 61+6
x: 61
y: 6
Solving node: 67-3
x: 67
y: 3
Solving node: 64+4
x: 64
y: 4
Solving node: 2*7
x: 2
y: 7
Solving node: 8:2
x: 8
y: 2
Solving node: 4*6
x: 4
y: 6
Solving node: 24:1
x: 24
y: 1
Solving node: 9*8
x: 9
y: 8
Solving node: 72:4
x: 72
y: 4
Solving node: 3*1
x: 3
y: 1
Solving node: 5+14
x: 5
y: 14
Solving node: 19+24
x: 19
y: 24
Solving node: 43+18
x: 43
y: 18
Solving node: 61+6
x: 61
y: 6
Solving node: 67-3
x: 67
y: 3
Solving node: 2*7
x: 2
y: 7
Solving node: 8:2
x: 8
y: 2
Solving node: 4*6
x: 4
y: 6
Solving node: 24:1
x: 24
y: 1
Solving node: 9*8
x: 9
y: 8
Solving node: 72:4
x: 72
y: 4
Solving node: 3*1
x: 3
y: 1
Solving node: 5+14
x: 5
y: 14
Solving node: 19+24
x: 19
y: 24
Solving node: 43+18
x: 43
y: 18
Solving node: 61+6
x: 61
y: 6
Solving node: 67-3
x: 67
y: 3
Solving node: 64+4
x: 64
y: 4
Difference: 68
Using default bounds (multiplication)
Calculating: 5+2*7+8:2*6:1+9*8:4+6-3*1+4*7
Solving node: 2*7
x: 2
y: 7
Solving node: 8:2
x: 8
y: 2
Solving node: 4*6
x: 4
y: 6
Solving node: 24:1
x: 24
y: 1
Solving node: 9*8
x: 9
y: 8
Solving node: 72:4
x: 72
y: 4
Solving node: 3*1
x: 3
y: 1
Solving node: 4*7
x: 4
y: 7
Solving node: 5+14
x: 5
y: 14
Solving node: 19+24
x: 19
y: 24
Solving node: 43+18
x: 43
y: 18
Solving node: 61+6
x: 61
y: 6
Solving node: 67-3
x: 67
y: 3
Solving node: 64+28
x: 64
y: 28
Solving node: 2*7
x: 2
y: 7
Solving node: 8:2
x: 8
y: 2
Solving node: 4*6
x: 4
y: 6
Solving node: 24:1
x: 24
y: 1
Solving node: 9*8
x: 9
y: 8
Solving node: 72:4
x: 72
y: 4
Solving node: 3*1
x: 3
y: 1
Solving node: 4*7
x: 4
y: 7
Solving node: 5+14
x: 5
y: 14
Solving node: 19+24
x: 19
y: 24
Solving node: 43+18
x: 43
y: 18
Solving node: 61+6
x: 61
y: 6
Solving node: 67-3
x: 67
y: 3
Solving node: 2*7
x: 2
y: 7
Solving node: 8:2
x: 8
y: 2
Solving node: 4*6
x: 4
y: 6
Solving node: 24:1
x: 24
y: 1
Solving node: 9*8
x: 9
y: 8
Solving node: 72:4
x: 72
y: 4
Solving node: 3*1
x: 3
y: 1
Solving node: 4*7
x: 4
y: 7
Solving node: 5+14
x: 5
y: 14
Solving node: 19+24
x: 19
y: 24
Solving node: 43+18
x: 43
y: 18
Solving node: 61+6
x: 61
y: 6
Solving node: 67-3
x: 67
y: 3
Solving node: 64+28
x: 64
y: 28
Difference: 92
Last: 7; Last sum: 28
Calculating: 5+2*7+8:2*6:1+9*8:4+6-3*1+4*7-5
Solving node: 2*7
x: 2
y: 7
Solving node: 8:2
x: 8
y: 2
Solving node: 4*6
x: 4
y: 6
Solving node: 24:1
x: 24
y: 1
Solving node: 9*8
x: 9
y: 8
Solving node: 72:4
x: 72
y: 4
Solving node: 3*1
x: 3
y: 1
Solving node: 4*7
x: 4
y: 7
Solving node: 5+14
x: 5
y: 14
Solving node: 19+24
x: 19
y: 24
Solving node: 43+18
x: 43
y: 18
Solving node: 61+6
x: 61
y: 6
Solving node: 67-3
x: 67
y: 3
Solving node: 64+28
x: 64
y: 28
Solving node: 92-5
x: 92
y: 5
Solving node: 2*7
x: 2
y: 7
Solving node: 8:2
x: 8
y: 2
Solving node: 4*6
x: 4
y: 6
Solving node: 24:1
x: 24
y: 1
Solving node: 9*8
x: 9
y: 8
Solving node: 72:4
x: 72
y: 4
Solving node: 3*1
x: 3
y: 1
Solving node: 4*7
x: 4
y: 7
Solving node: 5+14
x: 5
y: 14
Solving node: 19+24
x: 19
y: 24
Solving node: 43+18
x: 43
y: 18
Solving node: 61+6
x: 61
y: 6
Solving node: 67-3
x: 67
y: 3
Solving node: 64+28
x: 64
y: 28
Solving node: 92-5
x: 92
y: 5
Solving node: 2*7
x: 2
y: 7
Solving node: 8:2
x: 8
y: 2
Solving node: 4*6
x: 4
y: 6
Solving node: 24:1
x: 24
y: 1
Solving node: 9*8
x: 9
y: 8
Solving node: 72:4
x: 72
y: 4
Solving node: 3*1
x: 3
y: 1
Solving node: 4*7
x: 4
y: 7
Solving node: 5+14
x: 5
y: 14
Solving node: 19+24
x: 19
y: 24
Solving node: 43+18
x: 43
y: 18
Solving node: 61+6
x: 61
y: 6
Solving node: 67-3
x: 67
y: 3
Solving node: 64+28
x: 64
y: 28
Difference: 92-5
Calculating bounds (multiplication)
Previous index: -1 | Last operator index: 2
Upper bound: 5
Calculating: 5+2*7+8:2*6:1+9*8:4+6-3*1+4*7-5*3
Solving node: 2*7
x: 2
y: 7
Solving node: 8:2
x: 8
y: 2
Solving node: 4*6
x: 4
y: 6
Solving node: 24:1
x: 24
y: 1
Solving node: 9*8
x: 9
y: 8
Solving node: 72:4
x: 72
y: 4
Solving node: 3*1
x: 3
y: 1
Solving node: 4*7
x: 4
y: 7
Solving node: 5*3
x: 5
y: 3
Solving node: 5+14
x: 5
y: 14
Solving node: 19+24
x: 19
y: 24
Solving node: 43+18
x: 43
y: 18
Solving node: 61+6
x: 61
y: 6
Solving node: 67-3
x: 67
y: 3
Solving node: 64+28
x: 64
y: 28
Solving node: 92-15
x: 92
y: 15
Originallösung: 5+2*7+8:2*6:1+9*8:4+6-3*1+4*7-5*3 = 77
[65/100] 5+2*7+8:2*6:1+9*8:4+6-3*1+4*7-5*3
Testing equation: 5+2*7+8:2*6:1+9*8:4+6-3*1+4*7-5*3
Checking node: 2*7
Solving node: 2*7
x: 2
y: 7
Checking node: 8:2
Solving node: 8:2
x: 8
y: 2
Checking node: 4*6
Solving node: 4*6
x: 4
y: 6
Checking node: 24:1
Solving node: 24:1
x: 24
y: 1
Checking node: 9*8
Solving node: 9*8
x: 9
y: 8
Checking node: 72:4
Solving node: 72:4
x: 72
y: 4
Checking node: 3*1
Solving node: 3*1
x: 3
y: 1
Checking node: 4*7
Solving node: 4*7
x: 4
y: 7
Checking node: 5*3
Solving node: 5*3
x: 5
y: 3
Checking node: 5+14
Solving node: 5+14
x: 5
y: 14
Checking node: 19+24
Solving node: 19+24
x: 19
y: 24
Checking node: 43+18
Solving node: 43+18
x: 43
y: 18
Checking node: 61+6
Solving node: 61+6
x: 61
y: 6
Checking node: 67-3
Solving node: 67-3
x: 67
y: 3
Checking node: 64+28
Solving node: 64+28
x: 64
y: 28
Checking node: 92-15
Solving node: 92-15
x: 92
y: 15
Checking node: 5+2
Checking node: 2*7
Checking node: 7+8
Checking node: 8:2
Checking node: 2*6
Checking node: 6:1
Checking node: 1+9
Checking node: 9*8
Checking node: 8:4
Checking node: 4+6
Checking node: 6-3
Checking node: 3*1
Checking node: 1+4
Checking node: 4*7
Checking node: 7-5
Checking node: 5*3
Difference: 3
Calculating: 3+8
Solving node: 3+8
x: 3
y: 8
Solving node: 3+8
x: 3
y: 8
Difference: 11
Last: 8; Last sum: 8
Calculating: 3+8-7
Solving node: 3+8
x: 3
y: 8
Solving node: 11-7
x: 11
y: 7
Solving node: 3+8
x: 3
y: 8
Solving node: 11-7
x: 11
y: 7
Solving node: 3+8
x: 3
y: 8
Difference: 11-7
Calculating bounds (multiplication)
Previous index: -1 | Last operator index: 2
Upper bound: 0
Solving node: 3+8
x: 3
y: 8
Solving node: 11-7
x: 11
y: 7
Solving node: 3+8
x: 3
y: 8
Difference: 11-7
Calculating: 3+8-7+1
Solving node: 3+8
x: 3
y: 8
Solving node: 11-7
x: 11
y: 7
Solving node: 4+1
x: 4
y: 1
Solving node: 3+8
x: 3
y: 8
Solving node: 11-7
x: 11
y: 7
Solving node: 3+8
x: 3
y: 8
Solving node: 11-7
x: 11
y: 7
Solving node: 4+1
x: 4
y: 1
Difference: 5
Using default bounds (multiplication)
Calculating: 3+8-7+1*2
Solving node: 1*2
x: 1
y: 2
Solving node: 3+8
x: 3
y: 8
Solving node: 11-7
x: 11
y: 7
Solving node: 4+2
x: 4
y: 2
Solving node: 1*2
x: 1
y: 2
Solving node: 3+8
x: 3
y: 8
Solving node: 11-7
x: 11
y: 7
Solving node: 1*2
x: 1
y: 2
Solving node: 3+8
x: 3
y: 8
Solving node: 11-7
x: 11
y: 7
Solving node: 4+2
x: 4
y: 2
Difference: 6
Calculating: 3+8-7+1*2+5
Solving node: 1*2
x: 1
y: 2
Solving node: 3+8
x: 3
y: 8
Solving node: 11-7
x: 11
y: 7
Solving node: 4+2
x: 4
y: 2
Solving node: 6+5
x: 6
y: 5
Solving node: 1*2
x: 1
y: 2
Solving node: 3+8
x: 3
y: 8
Solving node: 11-7
x: 11
y: 7
Solving node: 1*2
x: 1
y: 2
Solving node: 3+8
x: 3
y: 8
Solving node: 11-7
x: 11
y: 7
Solving node: 4+2
x: 4
y: 2
Solving node: 6+5
x: 6
y: 5
Difference: 11
Last: 5; Last sum: 5
Calculating: 3+8-7+1*2+5-1
Solving node: 1*2
x: 1
y: 2
Solving node: 3+8
x: 3
y: 8
Solving node: 11-7
x: 11
y: 7
Solving node: 4+2
x: 4
y: 2
Solving node: 6+5
x: 6
y: 5
Solving node: 11-1
x: 11
y: 1
Solving node: 1*2
x: 1
y: 2
Solving node: 3+8
x: 3
y: 8
Solving node: 11-7
x: 11
y: 7
Solving node: 4+2
x: 4
y: 2
Solving node: 6+5
x: 6
y: 5
Solving node: 11-1
x: 11
y: 1
Solving node: 1*2
x: 1
y: 2
Solving node: 3+8
x: 3
y: 8
Solving node: 11-7
x: 11
y: 7
Solving node: 4+2
x: 4
y: 2
Solving node: 6+5
x: 6
y: 5
Difference: 11-1
Calculating: 3+8-7+1*2+5-1+9
Solving node: 1*2
x: 1
y: 2
Solving node: 3+8
x: 3
y: 8
Solving node: 11-7
x: 11
y: 7
Solving node: 4+2
x: 4
y: 2
Solving node: 6+5
x: 6
y: 5
Solving node: 11-1
x: 11
y: 1
Solving node: 10+9
x: 10
y: 9
Solving node: 1*2
x: 1
y: 2
Solving node: 3+8
x: 3
y: 8
Solving node: 11-7
x: 11
y: 7
Solving node: 4+2
x: 4
y: 2
Solving node: 6+5
x: 6
y: 5
Solving node: 11-1
x: 11
y: 1
Solving node: 1*2
x: 1
y: 2
Solving node: 3+8
x: 3
y: 8
Solving node: 11-7
x: 11
y: 7
Solving node: 4+2
x: 4
y: 2
Solving node: 6+5
x: 6
y: 5
Solving node: 11-1
x: 11
y: 1
Solving node: 10+9
x: 10
y: 9
Difference: 19
Using default bounds (multiplication)
Calculating: 3+8-7+1*2+5-1+9*4
Solving node: 1*2
x: 1
y: 2
Solving node: 9*4
x: 9
y: 4
Solving node: 3+8
x: 3
y: 8
Solving node: 11-7
x: 11
y: 7
Solving node: 4+2
x: 4
y: 2
Solving node: 6+5
x: 6
y: 5
Solving node: 11-1
x: 11
y: 1
Solving node: 10+36
x: 10
y: 36
Solving node: 1*2
x: 1
y: 2
Solving node: 9*4
x: 9
y: 4
Solving node: 3+8
x: 3
y: 8
Solving node: 11-7
x: 11
y: 7
Solving node: 4+2
x: 4
y: 2
Solving node: 6+5
x: 6
y: 5
Solving node: 11-1
x: 11
y: 1
Solving node: 1*2
x: 1
y: 2
Solving node: 9*4
x: 9
y: 4
Solving node: 3+8
x: 3
y: 8
Solving node: 11-7
x: 11
y: 7
Solving node: 4+2
x: 4
y: 2
Solving node: 6+5
x: 6
y: 5
Solving node: 11-1
x: 11
y: 1
Solving node: 10+36
x: 10
y: 36
Difference: 46
Last: 4; Last sum: 36
Calculating: 3+8-7+1*2+5-1+9*4-2
Solving node: 1*2
x: 1
y: 2
Solving node: 9*4
x: 9
y: 4
Solving node: 3+8
x: 3
y: 8
Solving node: 11-7
x: 11
y: 7
Solving node: 4+2
x: 4
y: 2
Solving node: 6+5
x: 6
y: 5
Solving node: 11-1
x: 11
y: 1
Solving node: 10+36
x: 10
y: 36
Solving node: 46-2
x: 46
y: 2
Solving node: 1*2
x: 1
y: 2
Solving node: 9*4
x: 9
y: 4
Solving node: 3+8
x: 3
y: 8
Solving node: 11-7
x: 11
y: 7
Solving node: 4+2
x: 4
y: 2
Solving node: 6+5
x: 6
y: 5
Solving node: 11-1
x: 11
y: 1
Solving node: 10+36
x: 10
y: 36
Solving node: 46-2
x: 46
y: 2
Solving node: 1*2
x: 1
y: 2
Solving node: 9*4
x: 9
y: 4
Solving node: 3+8
x: 3
y: 8
Solving node: 11-7
x: 11
y: 7
Solving node: 4+2
x: 4
y: 2
Solving node: 6+5
x: 6
y: 5
Solving node: 11-1
x: 11
y: 1
Solving node: 10+36
x: 10
y: 36
Difference: 46-2
Calculating bounds (multiplication)
Previous index: -1 | Last operator index: 2
Upper bound: 2
Calculating: 3+8-7+1*2+5-1+9*4-2*1
Solving node: 1*2
x: 1
y: 2
Solving node: 9*4
x: 9
y: 4
Solving node: 2*1
x: 2
y: 1
Solving node: 3+8
x: 3
y: 8
Solving node: 11-7
x: 11
y: 7
Solving node: 4+2
x: 4
y: 2
Solving node: 6+5
x: 6
y: 5
Solving node: 11-1
x: 11
y: 1
Solving node: 10+36
x: 10
y: 36
Solving node: 46-2
x: 46
y: 2
Solving node: 1*2
x: 1
y: 2
Solving node: 9*4
x: 9
y: 4
Solving node: 2*1
x: 2
y: 1
Solving node: 3+8
x: 3
y: 8
Solving node: 11-7
x: 11
y: 7
Solving node: 4+2
x: 4
y: 2
Solving node: 6+5
x: 6
y: 5
Solving node: 11-1
x: 11
y: 1
Solving node: 10+36
x: 10
y: 36
Solving node: 46-2
x: 46
y: 2
Solving node: 1*2
x: 1
y: 2
Solving node: 9*4
x: 9
y: 4
Solving node: 2*1
x: 2
y: 1
Solving node: 3+8
x: 3
y: 8
Solving node: 11-7
x: 11
y: 7
Solving node: 4+2
x: 4
y: 2
Solving node: 6+5
x: 6
y: 5
Solving node: 11-1
x: 11
y: 1
Solving node: 10+36
x: 10
y: 36
Difference: 46-2
Calculating: 3+8-7+1*2+5-1+9*4-2*1+7
Solving node: 1*2
x: 1
y: 2
Solving node: 9*4
x: 9
y: 4
Solving node: 2*1
x: 2
y: 1
Solving node: 3+8
x: 3
y: 8
Solving node: 11-7
x: 11
y: 7
Solving node: 4+2
x: 4
y: 2
Solving node: 6+5
x: 6
y: 5
Solving node: 11-1
x: 11
y: 1
Solving node: 10+36
x: 10
y: 36
Solving node: 46-2
x: 46
y: 2
Solving node: 44+7
x: 44
y: 7
Solving node: 1*2
x: 1
y: 2
Solving node: 9*4
x: 9
y: 4
Solving node: 2*1
x: 2
y: 1
Solving node: 3+8
x: 3
y: 8
Solving node: 11-7
x: 11
y: 7
Solving node: 4+2
x: 4
y: 2
Solving node: 6+5
x: 6
y: 5
Solving node: 11-1
x: 11
y: 1
Solving node: 10+36
x: 10
y: 36
Solving node: 46-2
x: 46
y: 2
Solving node: 1*2
x: 1
y: 2
Solving node: 9*4
x: 9
y: 4
Solving node: 2*1
x: 2
y: 1
Solving node: 3+8
x: 3
y: 8
Solving node: 11-7
x: 11
y: 7
Solving node: 4+2
x: 4
y: 2
Solving node: 6+5
x: 6
y: 5
Solving node: 11-1
x: 11
y: 1
Solving node: 10+36
x: 10
y: 36
Solving node: 46-2
x: 46
y: 2
Solving node: 44+7
x: 44
y: 7
Difference: 51
Using default bounds (multiplication)
Calculating: 3+8-7+1*2+5-1+9*4-2*1+7*5
Solving node: 1*2
x: 1
y: 2
Solving node: 9*4
x: 9
y: 4
Solving node: 2*1
x: 2
y: 1
Solving node: 7*5
x: 7
y: 5
Solving node: 3+8
x: 3
y: 8
Solving node: 11-7
x: 11
y: 7
Solving node: 4+2
x: 4
y: 2
Solving node: 6+5
x: 6
y: 5
Solving node: 11-1
x: 11
y: 1
Solving node: 10+36
x: 10
y: 36
Solving node: 46-2
x: 46
y: 2
Solving node: 44+35
x: 44
y: 35
Solving node: 1*2
x: 1
y: 2
Solving node: 9*4
x: 9
y: 4
Solving node: 2*1
x: 2
y: 1
Solving node: 7*5
x: 7
y: 5
Solving node: 3+8
x: 3
y: 8
Solving node: 11-7
x: 11
y: 7
Solving node: 4+2
x: 4
y: 2
Solving node: 6+5
x: 6
y: 5
Solving node: 11-1
x: 11
y: 1
Solving node: 10+36
x: 10
y: 36
Solving node: 46-2
x: 46
y: 2
Solving node: 1*2
x: 1
y: 2
Solving node: 9*4
x: 9
y: 4
Solving node: 2*1
x: 2
y: 1
Solving node: 7*5
x: 7
y: 5
Solving node: 3+8
x: 3
y: 8
Solving node: 11-7
x: 11
y: 7
Solving node: 4+2
x: 4
y: 2
Solving node: 6+5
x: 6
y: 5
Solving node: 11-1
x: 11
y: 1
Solving node: 10+36
x: 10
y: 36
Solving node: 46-2
x: 46
y: 2
Solving node: 44+35
x: 44
y: 35
Difference: 79
Last: 5; Last sum: 35
Calculating: 3+8-7+1*2+5-1+9*4-2*1+7*5-3
Solving node: 1*2
x: 1
y: 2
Solving node: 9*4
x: 9
y: 4
Solving node: 2*1
x: 2
y: 1
Solving node: 7*5
x: 7
y: 5
Solving node: 3+8
x: 3
y: 8
Solving node: 11-7
x: 11
y: 7
Solving node: 4+2
x: 4
y: 2
Solving node: 6+5
x: 6
y: 5
Solving node: 11-1
x: 11
y: 1
Solving node: 10+36
x: 10
y: 36
Solving node: 46-2
x: 46
y: 2
Solving node: 44+35
x: 44
y: 35
Solving node: 79-3
x: 79
y: 3
Solving node: 1*2
x: 1
y: 2
Solving node: 9*4
x: 9
y: 4
Solving node: 2*1
x: 2
y: 1
Solving node: 7*5
x: 7
y: 5
Solving node: 3+8
x: 3
y: 8
Solving node: 11-7
x: 11
y: 7
Solving node: 4+2
x: 4
y: 2
Solving node: 6+5
x: 6
y: 5
Solving node: 11-1
x: 11
y: 1
Solving node: 10+36
x: 10
y: 36
Solving node: 46-2
x: 46
y: 2
Solving node: 44+35
x: 44
y: 35
Solving node: 79-3
x: 79
y: 3
Solving node: 1*2
x: 1
y: 2
Solving node: 9*4
x: 9
y: 4
Solving node: 2*1
x: 2
y: 1
Solving node: 7*5
x: 7
y: 5
Solving node: 3+8
x: 3
y: 8
Solving node: 11-7
x: 11
y: 7
Solving node: 4+2
x: 4
y: 2
Solving node: 6+5
x: 6
y: 5
Solving node: 11-1
x: 11
y: 1
Solving node: 10+36
x: 10
y: 36
Solving node: 46-2
x: 46
y: 2
Solving node: 44+35
x: 44
y: 35
Difference: 79-3
Calculating bounds (multiplication)
Previous index: -1 | Last operator index: 2
Upper bound: 3
Calculating: 3+8-7+1*2+5-1+9*4-2*1+7*5-3*1
Solving node: 1*2
x: 1
y: 2
Solving node: 9*4
x: 9
y: 4
Solving node: 2*1
x: 2
y: 1
Solving node: 7*5
x: 7
y: 5
Solving node: 3*1
x: 3
y: 1
Solving node: 3+8
x: 3
y: 8
Solving node: 11-7
x: 11
y: 7
Solving node: 4+2
x: 4
y: 2
Solving node: 6+5
x: 6
y: 5
Solving node: 11-1
x: 11
y: 1
Solving node: 10+36
x: 10
y: 36
Solving node: 46-2
x: 46
y: 2
Solving node: 44+35
x: 44
y: 35
Solving node: 79-3
x: 79
y: 3
Solving node: 1*2
x: 1
y: 2
Solving node: 9*4
x: 9
y: 4
Solving node: 2*1
x: 2
y: 1
Solving node: 7*5
x: 7
y: 5
Solving node: 3*1
x: 3
y: 1
Solving node: 3+8
x: 3
y: 8
Solving node: 11-7
x: 11
y: 7
Solving node: 4+2
x: 4
y: 2
Solving node: 6+5
x: 6
y: 5
Solving node: 11-1
x: 11
y: 1
Solving node: 10+36
x: 10
y: 36
Solving node: 46-2
x: 46
y: 2
Solving node: 44+35
x: 44
y: 35
Solving node: 79-3
x: 79
y: 3
Solving node: 1*2
x: 1
y: 2
Solving node: 9*4
x: 9
y: 4
Solving node: 2*1
x: 2
y: 1
Solving node: 7*5
x: 7
y: 5
Solving node: 3*1
x: 3
y: 1
Solving node: 3+8
x: 3
y: 8
Solving node: 11-7
x: 11
y: 7
Solving node: 4+2
x: 4
y: 2
Solving node: 6+5
x: 6
y: 5
Solving node: 11-1
x: 11
y: 1
Solving node: 10+36
x: 10
y: 36
Solving node: 46-2
x: 46
y: 2
Solving node: 44+35
x: 44
y: 35
Difference: 79-3
Calculating: 3+8-7+1*2+5-1+9*4-2*1+7*5-3*1+8
Solving node: 1*2
x: 1
y: 2
Solving node: 9*4
x: 9
y: 4
Solving node: 2*1
x: 2
y: 1
Solving node: 7*5
x: 7
y: 5
Solving node: 3*1
x: 3
y: 1
Solving node: 3+8
x: 3
y: 8
Solving node: 11-7
x: 11
y: 7
Solving node: 4+2
x: 4
y: 2
Solving node: 6+5
x: 6
y: 5
Solving node: 11-1
x: 11
y: 1
Solving node: 10+36
x: 10
y: 36
Solving node: 46-2
x: 46
y: 2
Solving node: 44+35
x: 44
y: 35
Solving node: 79-3
x: 79
y: 3
Solving node: 76+8
x: 76
y: 8
Solving node: 1*2
x: 1
y: 2
Solving node: 9*4
x: 9
y: 4
Solving node: 2*1
x: 2
y: 1
Solving node: 7*5
x: 7
y: 5
Solving node: 3*1
x: 3
y: 1
Solving node: 3+8
x: 3
y: 8
Solving node: 11-7
x: 11
y: 7
Solving node: 4+2
x: 4
y: 2
Solving node: 6+5
x: 6
y: 5
Solving node: 11-1
x: 11
y: 1
Solving node: 10+36
x: 10
y: 36
Solving node: 46-2
x: 46
y: 2
Solving node: 44+35
x: 44
y: 35
Solving node: 79-3
x: 79
y: 3
Solving node: 1*2
x: 1
y: 2
Solving node: 9*4
x: 9
y: 4
Solving node: 2*1
x: 2
y: 1
Solving node: 7*5
x: 7
y: 5
Solving node: 3*1
x: 3
y: 1
Solving node: 3+8
x: 3
y: 8
Solving node: 11-7
x: 11
y: 7
Solving node: 4+2
x: 4
y: 2
Solving node: 6+5
x: 6
y: 5
Solving node: 11-1
x: 11
y: 1
Solving node: 10+36
x: 10
y: 36
Solving node: 46-2
x: 46
y: 2
Solving node: 44+35
x: 44
y: 35
Solving node: 79-3
x: 79
y: 3
Solving node: 76+8
x: 76
y: 8
Difference: 84
Calculating: 3+8-7+1*2+5-1+9*4-2*1+7*5-3*1+8:4
Solving node: 1*2
x: 1
y: 2
Solving node: 9*4
x: 9
y: 4
Solving node: 2*1
x: 2
y: 1
Solving node: 7*5
x: 7
y: 5
Solving node: 3*1
x: 3
y: 1
Solving node: 8:4
x: 8
y: 4
Solving node: 3+8
x: 3
y: 8
Solving node: 11-7
x: 11
y: 7
Solving node: 4+2
x: 4
y: 2
Solving node: 6+5
x: 6
y: 5
Solving node: 11-1
x: 11
y: 1
Solving node: 10+36
x: 10
y: 36
Solving node: 46-2
x: 46
y: 2
Solving node: 44+35
x: 44
y: 35
Solving node: 79-3
x: 79
y: 3
Solving node: 76+2
x: 76
y: 2
Originallösung: 3+8-7+1*2+5-1+9*4-2*1+7*5-3*1+8:4 = 78
[66/100] 3+8-7+1*2+5-1+9*4-2*1+7*5-3*1+8:4
Testing equation: 3+8-7+1*2+5-1+9*4-2*1+7*5-3*1+8:4
Checking node: 1*2
Solving node: 1*2
x: 1
y: 2
Checking node: 9*4
Solving node: 9*4
x: 9
y: 4
Checking node: 2*1
Solving node: 2*1
x: 2
y: 1
Checking node: 7*5
Solving node: 7*5
x: 7
y: 5
Checking node: 3*1
Solving node: 3*1
x: 3
y: 1
Checking node: 8:4
Solving node: 8:4
x: 8
y: 4
Checking node: 3+8
Solving node: 3+8
x: 3
y: 8
Checking node: 11-7
Solving node: 11-7
x: 11
y: 7
Checking node: 4+2
Solving node: 4+2
x: 4
y: 2
Checking node: 6+5
Solving node: 6+5
x: 6
y: 5
Checking node: 11-1
Solving node: 11-1
x: 11
y: 1
Checking node: 10+36
Solving node: 10+36
x: 10
y: 36
Checking node: 46-2
Solving node: 46-2
x: 46
y: 2
Checking node: 44+35
Solving node: 44+35
x: 44
y: 35
Checking node: 79-3
Solving node: 79-3
x: 79
y: 3
Checking node: 76+2
Solving node: 76+2
x: 76
y: 2
Checking node: 3+8
Checking node: 8-7
Checking node: 7+1
Checking node: 1*2
Checking node: 2+5
Checking node: 5-1
Checking node: 1+9
Checking node: 9*4
Checking node: 4-2
Checking node: 2*1
Checking node: 1+7
Checking node: 7*5
Checking node: 5-3
Checking node: 3*1
Checking node: 1+8
Checking node: 8:4
Difference: 3
Using default bounds (multiplication)
Calculating: 3*3
Solving node: 3*3
x: 3
y: 3
Solving node: 3*3
x: 3
y: 3
Solving node: 3*3
x: 3
y: 3
Difference: 9
Last: 3; Last sum: 9
Calculating: 3*3-1
Solving node: 3*3
x: 3
y: 3
Solving node: 9-1
x: 9
y: 1
Solving node: 3*3
x: 3
y: 3
Solving node: 9-1
x: 9
y: 1
Solving node: 3*3
x: 3
y: 3
Difference: 9-1
Calculating: 3*3-1+8
Solving node: 3*3
x: 3
y: 3
Solving node: 9-1
x: 9
y: 1
Solving node: 8+8
x: 8
y: 8
Solving node: 3*3
x: 3
y: 3
Solving node: 9-1
x: 9
y: 1
Solving node: 3*3
x: 3
y: 3
Solving node: 9-1
x: 9
y: 1
Solving node: 8+8
x: 8
y: 8
Difference: 16
Using default bounds (multiplication)
Calculating: 3*3-1+8*2
Solving node: 3*3
x: 3
y: 3
Solving node: 8*2
x: 8
y: 2
Solving node: 9-1
x: 9
y: 1
Solving node: 8+16
x: 8
y: 16
Solving node: 3*3
x: 3
y: 3
Solving node: 8*2
x: 8
y: 2
Solving node: 9-1
x: 9
y: 1
Solving node: 3*3
x: 3
y: 3
Solving node: 8*2
x: 8
y: 2
Solving node: 9-1
x: 9
y: 1
Solving node: 8+16
x: 8
y: 16
Difference: 24
Calculating: 3*3-1+8*2+4
Solving node: 3*3
x: 3
y: 3
Solving node: 8*2
x: 8
y: 2
Solving node: 9-1
x: 9
y: 1
Solving node: 8+16
x: 8
y: 16
Solving node: 24+4
x: 24
y: 4
Solving node: 3*3
x: 3
y: 3
Solving node: 8*2
x: 8
y: 2
Solving node: 9-1
x: 9
y: 1
Solving node: 3*3
x: 3
y: 3
Solving node: 8*2
x: 8
y: 2
Solving node: 9-1
x: 9
y: 1
Solving node: 8+16
x: 8
y: 16
Solving node: 24+4
x: 24
y: 4
Difference: 28
Using default bounds (multiplication)
Calculating: 3*3-1+8*2+4*6
Solving node: 3*3
x: 3
y: 3
Solving node: 8*2
x: 8
y: 2
Solving node: 4*6
x: 4
y: 6
Solving node: 9-1
x: 9
y: 1
Solving node: 8+16
x: 8
y: 16
Solving node: 24+24
x: 24
y: 24
Solving node: 3*3
x: 3
y: 3
Solving node: 8*2
x: 8
y: 2
Solving node: 4*6
x: 4
y: 6
Solving node: 9-1
x: 9
y: 1
Solving node: 3*3
x: 3
y: 3
Solving node: 8*2
x: 8
y: 2
Solving node: 4*6
x: 4
y: 6
Solving node: 9-1
x: 9
y: 1
Solving node: 8+16
x: 8
y: 16
Solving node: 24+24
x: 24
y: 24
Difference: 48
Last: 6; Last sum: 24
Calculating: 3*3-1+8*2+4*6-2
Solving node: 3*3
x: 3
y: 3
Solving node: 8*2
x: 8
y: 2
Solving node: 4*6
x: 4
y: 6
Solving node: 9-1
x: 9
y: 1
Solving node: 8+16
x: 8
y: 16
Solving node: 24+24
x: 24
y: 24
Solving node: 48-2
x: 48
y: 2
Solving node: 3*3
x: 3
y: 3
Solving node: 8*2
x: 8
y: 2
Solving node: 4*6
x: 4
y: 6
Solving node: 9-1
x: 9
y: 1
Solving node: 8+16
x: 8
y: 16
Solving node: 24+24
x: 24
y: 24
Solving node: 48-2
x: 48
y: 2
Solving node: 3*3
x: 3
y: 3
Solving node: 8*2
x: 8
y: 2
Solving node: 4*6
x: 4
y: 6
Solving node: 9-1
x: 9
y: 1
Solving node: 8+16
x: 8
y: 16
Solving node: 24+24
x: 24
y: 24
Difference: 48-2
Calculating bounds (multiplication)
Previous index: -1 | Last operator index: 2
Upper bound: 2
Calculating: 3*3-1+8*2+4*6-2*1
Solving node: 3*3
x: 3
y: 3
Solving node: 8*2
x: 8
y: 2
Solving node: 4*6
x: 4
y: 6
Solving node: 2*1
x: 2
y: 1
Solving node: 9-1
x: 9
y: 1
Solving node: 8+16
x: 8
y: 16
Solving node: 24+24
x: 24
y: 24
Solving node: 48-2
x: 48
y: 2
Solving node: 3*3
x: 3
y: 3
Solving node: 8*2
x: 8
y: 2
Solving node: 4*6
x: 4
y: 6
Solving node: 2*1
x: 2
y: 1
Solving node: 9-1
x: 9
y: 1
Solving node: 8+16
x: 8
y: 16
Solving node: 24+24
x: 24
y: 24
Solving node: 48-2
x: 48
y: 2
Solving node: 3*3
x: 3
y: 3
Solving node: 8*2
x: 8
y: 2
Solving node: 4*6
x: 4
y: 6
Solving node: 2*1
x: 2
y: 1
Solving node: 9-1
x: 9
y: 1
Solving node: 8+16
x: 8
y: 16
Solving node: 24+24
x: 24
y: 24
Difference: 48-2
Calculating: 3*3-1+8*2+4*6-2*1+1
Solving node: 3*3
x: 3
y: 3
Solving node: 8*2
x: 8
y: 2
Solving node: 4*6
x: 4
y: 6
Solving node: 2*1
x: 2
y: 1
Solving node: 9-1
x: 9
y: 1
Solving node: 8+16
x: 8
y: 16
Solving node: 24+24
x: 24
y: 24
Solving node: 48-2
x: 48
y: 2
Solving node: 46+1
x: 46
y: 1
Solving node: 3*3
x: 3
y: 3
Solving node: 8*2
x: 8
y: 2
Solving node: 4*6
x: 4
y: 6
Solving node: 2*1
x: 2
y: 1
Solving node: 9-1
x: 9
y: 1
Solving node: 8+16
x: 8
y: 16
Solving node: 24+24
x: 24
y: 24
Solving node: 48-2
x: 48
y: 2
Solving node: 3*3
x: 3
y: 3
Solving node: 8*2
x: 8
y: 2
Solving node: 4*6
x: 4
y: 6
Solving node: 2*1
x: 2
y: 1
Solving node: 9-1
x: 9
y: 1
Solving node: 8+16
x: 8
y: 16
Solving node: 24+24
x: 24
y: 24
Solving node: 48-2
x: 48
y: 2
Solving node: 46+1
x: 46
y: 1
Difference: 47
Using default bounds (multiplication)
Calculating: 3*3-1+8*2+4*6-2*1+1*7
Solving node: 3*3
x: 3
y: 3
Solving node: 8*2
x: 8
y: 2
Solving node: 4*6
x: 4
y: 6
Solving node: 2*1
x: 2
y: 1
Solving node: 1*7
x: 1
y: 7
Solving node: 9-1
x: 9
y: 1
Solving node: 8+16
x: 8
y: 16
Solving node: 24+24
x: 24
y: 24
Solving node: 48-2
x: 48
y: 2
Solving node: 46+7
x: 46
y: 7
Solving node: 3*3
x: 3
y: 3
Solving node: 8*2
x: 8
y: 2
Solving node: 4*6
x: 4
y: 6
Solving node: 2*1
x: 2
y: 1
Solving node: 1*7
x: 1
y: 7
Solving node: 9-1
x: 9
y: 1
Solving node: 8+16
x: 8
y: 16
Solving node: 24+24
x: 24
y: 24
Solving node: 48-2
x: 48
y: 2
Solving node: 3*3
x: 3
y: 3
Solving node: 8*2
x: 8
y: 2
Solving node: 4*6
x: 4
y: 6
Solving node: 2*1
x: 2
y: 1
Solving node: 1*7
x: 1
y: 7
Solving node: 9-1
x: 9
y: 1
Solving node: 8+16
x: 8
y: 16
Solving node: 24+24
x: 24
y: 24
Solving node: 48-2
x: 48
y: 2
Solving node: 46+7
x: 46
y: 7
Difference: 53
Last: 7; Last sum: 7
Calculating: 3*3-1+8*2+4*6-2*1+1*7-2
Solving node: 3*3
x: 3
y: 3
Solving node: 8*2
x: 8
y: 2
Solving node: 4*6
x: 4
y: 6
Solving node: 2*1
x: 2
y: 1
Solving node: 1*7
x: 1
y: 7
Solving node: 9-1
x: 9
y: 1
Solving node: 8+16
x: 8
y: 16
Solving node: 24+24
x: 24
y: 24
Solving node: 48-2
x: 48
y: 2
Solving node: 46+7
x: 46
y: 7
Solving node: 53-2
x: 53
y: 2
Solving node: 3*3
x: 3
y: 3
Solving node: 8*2
x: 8
y: 2
Solving node: 4*6
x: 4
y: 6
Solving node: 2*1
x: 2
y: 1
Solving node: 1*7
x: 1
y: 7
Solving node: 9-1
x: 9
y: 1
Solving node: 8+16
x: 8
y: 16
Solving node: 24+24
x: 24
y: 24
Solving node: 48-2
x: 48
y: 2
Solving node: 46+7
x: 46
y: 7
Solving node: 53-2
x: 53
y: 2
Solving node: 3*3
x: 3
y: 3
Solving node: 8*2
x: 8
y: 2
Solving node: 4*6
x: 4
y: 6
Solving node: 2*1
x: 2
y: 1
Solving node: 1*7
x: 1
y: 7
Solving node: 9-1
x: 9
y: 1
Solving node: 8+16
x: 8
y: 16
Solving node: 24+24
x: 24
y: 24
Solving node: 48-2
x: 48
y: 2
Solving node: 46+7
x: 46
y: 7
Difference: 53-2
Calculating bounds (multiplication)
Previous index: -1 | Last operator index: 2
Upper bound: 2
Calculating: 3*3-1+8*2+4*6-2*1+1*7-2*1
Solving node: 3*3
x: 3
y: 3
Solving node: 8*2
x: 8
y: 2
Solving node: 4*6
x: 4
y: 6
Solving node: 2*1
x: 2
y: 1
Solving node: 1*7
x: 1
y: 7
Solving node: 2*1
x: 2
y: 1
Solving node: 9-1
x: 9
y: 1
Solving node: 8+16
x: 8
y: 16
Solving node: 24+24
x: 24
y: 24
Solving node: 48-2
x: 48
y: 2
Solving node: 46+7
x: 46
y: 7
Solving node: 53-2
x: 53
y: 2
Solving node: 3*3
x: 3
y: 3
Solving node: 8*2
x: 8
y: 2
Solving node: 4*6
x: 4
y: 6
Solving node: 2*1
x: 2
y: 1
Solving node: 1*7
x: 1
y: 7
Solving node: 2*1
x: 2
y: 1
Solving node: 9-1
x: 9
y: 1
Solving node: 8+16
x: 8
y: 16
Solving node: 24+24
x: 24
y: 24
Solving node: 48-2
x: 48
y: 2
Solving node: 46+7
x: 46
y: 7
Solving node: 53-2
x: 53
y: 2
Solving node: 3*3
x: 3
y: 3
Solving node: 8*2
x: 8
y: 2
Solving node: 4*6
x: 4
y: 6
Solving node: 2*1
x: 2
y: 1
Solving node: 1*7
x: 1
y: 7
Solving node: 2*1
x: 2
y: 1
Solving node: 9-1
x: 9
y: 1
Solving node: 8+16
x: 8
y: 16
Solving node: 24+24
x: 24
y: 24
Solving node: 48-2
x: 48
y: 2
Solving node: 46+7
x: 46
y: 7
Difference: 53-2
Calculating: 3*3-1+8*2+4*6-2*1+1*7-2*1+3
Solving node: 3*3
x: 3
y: 3
Solving node: 8*2
x: 8
y: 2
Solving node: 4*6
x: 4
y: 6
Solving node: 2*1
x: 2
y: 1
Solving node: 1*7
x: 1
y: 7
Solving node: 2*1
x: 2
y: 1
Solving node: 9-1
x: 9
y: 1
Solving node: 8+16
x: 8
y: 16
Solving node: 24+24
x: 24
y: 24
Solving node: 48-2
x: 48
y: 2
Solving node: 46+7
x: 46
y: 7
Solving node: 53-2
x: 53
y: 2
Solving node: 51+3
x: 51
y: 3
Solving node: 3*3
x: 3
y: 3
Solving node: 8*2
x: 8
y: 2
Solving node: 4*6
x: 4
y: 6
Solving node: 2*1
x: 2
y: 1
Solving node: 1*7
x: 1
y: 7
Solving node: 2*1
x: 2
y: 1
Solving node: 9-1
x: 9
y: 1
Solving node: 8+16
x: 8
y: 16
Solving node: 24+24
x: 24
y: 24
Solving node: 48-2
x: 48
y: 2
Solving node: 46+7
x: 46
y: 7
Solving node: 53-2
x: 53
y: 2
Solving node: 3*3
x: 3
y: 3
Solving node: 8*2
x: 8
y: 2
Solving node: 4*6
x: 4
y: 6
Solving node: 2*1
x: 2
y: 1
Solving node: 1*7
x: 1
y: 7
Solving node: 2*1
x: 2
y: 1
Solving node: 9-1
x: 9
y: 1
Solving node: 8+16
x: 8
y: 16
Solving node: 24+24
x: 24
y: 24
Solving node: 48-2
x: 48
y: 2
Solving node: 46+7
x: 46
y: 7
Solving node: 53-2
x: 53
y: 2
Solving node: 51+3
x: 51
y: 3
Difference: 54
Using default bounds (multiplication)
Calculating: 3*3-1+8*2+4*6-2*1+1*7-2*1+3*6
Solving node: 3*3
x: 3
y: 3
Solving node: 8*2
x: 8
y: 2
Solving node: 4*6
x: 4
y: 6
Solving node: 2*1
x: 2
y: 1
Solving node: 1*7
x: 1
y: 7
Solving node: 2*1
x: 2
y: 1
Solving node: 3*6
x: 3
y: 6
Solving node: 9-1
x: 9
y: 1
Solving node: 8+16
x: 8
y: 16
Solving node: 24+24
x: 24
y: 24
Solving node: 48-2
x: 48
y: 2
Solving node: 46+7
x: 46
y: 7
Solving node: 53-2
x: 53
y: 2
Solving node: 51+18
x: 51
y: 18
Solving node: 3*3
x: 3
y: 3
Solving node: 8*2
x: 8
y: 2
Solving node: 4*6
x: 4
y: 6
Solving node: 2*1
x: 2
y: 1
Solving node: 1*7
x: 1
y: 7
Solving node: 2*1
x: 2
y: 1
Solving node: 3*6
x: 3
y: 6
Solving node: 9-1
x: 9
y: 1
Solving node: 8+16
x: 8
y: 16
Solving node: 24+24
x: 24
y: 24
Solving node: 48-2
x: 48
y: 2
Solving node: 46+7
x: 46
y: 7
Solving node: 53-2
x: 53
y: 2
Solving node: 3*3
x: 3
y: 3
Solving node: 8*2
x: 8
y: 2
Solving node: 4*6
x: 4
y: 6
Solving node: 2*1
x: 2
y: 1
Solving node: 1*7
x: 1
y: 7
Solving node: 2*1
x: 2
y: 1
Solving node: 3*6
x: 3
y: 6
Solving node: 9-1
x: 9
y: 1
Solving node: 8+16
x: 8
y: 16
Solving node: 24+24
x: 24
y: 24
Solving node: 48-2
x: 48
y: 2
Solving node: 46+7
x: 46
y: 7
Solving node: 53-2
x: 53
y: 2
Solving node: 51+18
x: 51
y: 18
Difference: 69
Calculating: 3*3-1+8*2+4*6-2*1+1*7-2*1+3*6+8
Solving node: 3*3
x: 3
y: 3
Solving node: 8*2
x: 8
y: 2
Solving node: 4*6
x: 4
y: 6
Solving node: 2*1
x: 2
y: 1
Solving node: 1*7
x: 1
y: 7
Solving node: 2*1
x: 2
y: 1
Solving node: 3*6
x: 3
y: 6
Solving node: 9-1
x: 9
y: 1
Solving node: 8+16
x: 8
y: 16
Solving node: 24+24
x: 24
y: 24
Solving node: 48-2
x: 48
y: 2
Solving node: 46+7
x: 46
y: 7
Solving node: 53-2
x: 53
y: 2
Solving node: 51+18
x: 51
y: 18
Solving node: 69+8
x: 69
y: 8
Solving node: 3*3
x: 3
y: 3
Solving node: 8*2
x: 8
y: 2
Solving node: 4*6
x: 4
y: 6
Solving node: 2*1
x: 2
y: 1
Solving node: 1*7
x: 1
y: 7
Solving node: 2*1
x: 2
y: 1
Solving node: 3*6
x: 3
y: 6
Solving node: 9-1
x: 9
y: 1
Solving node: 8+16
x: 8
y: 16
Solving node: 24+24
x: 24
y: 24
Solving node: 48-2
x: 48
y: 2
Solving node: 46+7
x: 46
y: 7
Solving node: 53-2
x: 53
y: 2
Solving node: 3*3
x: 3
y: 3
Solving node: 8*2
x: 8
y: 2
Solving node: 4*6
x: 4
y: 6
Solving node: 2*1
x: 2
y: 1
Solving node: 1*7
x: 1
y: 7
Solving node: 2*1
x: 2
y: 1
Solving node: 3*6
x: 3
y: 6
Solving node: 9-1
x: 9
y: 1
Solving node: 8+16
x: 8
y: 16
Solving node: 24+24
x: 24
y: 24
Solving node: 48-2
x: 48
y: 2
Solving node: 46+7
x: 46
y: 7
Solving node: 53-2
x: 53
y: 2
Solving node: 51+18
x: 51
y: 18
Solving node: 69+8
x: 69
y: 8
Difference: 77
Last: 8; Last sum: 8
Calculating: 3*3-1+8*2+4*6-2*1+1*7-2*1+3*6+8-6
Solving node: 3*3
x: 3
y: 3
Solving node: 8*2
x: 8
y: 2
Solving node: 4*6
x: 4
y: 6
Solving node: 2*1
x: 2
y: 1
Solving node: 1*7
x: 1
y: 7
Solving node: 2*1
x: 2
y: 1
Solving node: 3*6
x: 3
y: 6
Solving node: 9-1
x: 9
y: 1
Solving node: 8+16
x: 8
y: 16
Solving node: 24+24
x: 24
y: 24
Solving node: 48-2
x: 48
y: 2
Solving node: 46+7
x: 46
y: 7
Solving node: 53-2
x: 53
y: 2
Solving node: 51+18
x: 51
y: 18
Solving node: 69+8
x: 69
y: 8
Solving node: 77-6
x: 77
y: 6
Originallösung: 3*3-1+8*2+4*6-2*1+1*7-2*1+3*6+8-6 = 71
[67/100] 3*3-1+8*2+4*6-2*1+1*7-2*1+3*6+8-6
Testing equation: 3*3-1+8*2+4*6-2*1+1*7-2*1+3*6+8-6
Checking node: 3*3
Solving node: 3*3
x: 3
y: 3
Checking node: 8*2
Solving node: 8*2
x: 8
y: 2
Checking node: 4*6
Solving node: 4*6
x: 4
y: 6
Checking node: 2*1
Solving node: 2*1
x: 2
y: 1
Checking node: 1*7
Solving node: 1*7
x: 1
y: 7
Checking node: 2*1
Solving node: 2*1
x: 2
y: 1
Checking node: 3*6
Solving node: 3*6
x: 3
y: 6
Checking node: 9-1
Solving node: 9-1
x: 9
y: 1
Checking node: 8+16
Solving node: 8+16
x: 8
y: 16
Checking node: 24+24
Solving node: 24+24
x: 24
y: 24
Checking node: 48-2
Solving node: 48-2
x: 48
y: 2
Checking node: 46+7
Solving node: 46+7
x: 46
y: 7
Checking node: 53-2
Solving node: 53-2
x: 53
y: 2
Checking node: 51+18
Solving node: 51+18
x: 51
y: 18
Checking node: 69+8
Solving node: 69+8
x: 69
y: 8
Checking node: 77-6
Solving node: 77-6
x: 77
y: 6
Checking node: 3*3
Checking node: 3-1
Checking node: 1+8
Checking node: 8*2
Checking node: 2+4
Checking node: 4*6
Checking node: 6-2
Checking node: 2*1
Checking node: 1+1
Checking node: 1*7
Checking node: 7-2
Checking node: 2*1
Checking node: 1+3
Checking node: 3*6
Checking node: 6+8
Checking node: 8-6
Difference: 7
Calculating: 7+3
Solving node: 7+3
x: 7
y: 3
Solving node: 7+3
x: 7
y: 3
Difference: 10
Last: 3; Last sum: 3
Calculating: 7+3-2
Solving node: 7+3
x: 7
y: 3
Solving node: 10-2
x: 10
y: 2
Solving node: 7+3
x: 7
y: 3
Solving node: 10-2
x: 10
y: 2
Solving node: 7+3
x: 7
y: 3
Difference: 10-2
Calculating: 7+3-2+6
Solving node: 7+3
x: 7
y: 3
Solving node: 10-2
x: 10
y: 2
Solving node: 8+6
x: 8
y: 6
Solving node: 7+3
x: 7
y: 3
Solving node: 10-2
x: 10
y: 2
Solving node: 7+3
x: 7
y: 3
Solving node: 10-2
x: 10
y: 2
Solving node: 8+6
x: 8
y: 6
Difference: 14
Last: 6; Last sum: 6
Calculating: 7+3-2+6-4
Solving node: 7+3
x: 7
y: 3
Solving node: 10-2
x: 10
y: 2
Solving node: 8+6
x: 8
y: 6
Solving node: 14-4
x: 14
y: 4
Solving node: 7+3
x: 7
y: 3
Solving node: 10-2
x: 10
y: 2
Solving node: 8+6
x: 8
y: 6
Solving node: 14-4
x: 14
y: 4
Solving node: 7+3
x: 7
y: 3
Solving node: 10-2
x: 10
y: 2
Solving node: 8+6
x: 8
y: 6
Difference: 14-4
Calculating bounds (multiplication)
Previous index: -1 | Last operator index: 2
Upper bound: 2
Calculating: 7+3-2+6-4*1
Solving node: 4*1
x: 4
y: 1
Solving node: 7+3
x: 7
y: 3
Solving node: 10-2
x: 10
y: 2
Solving node: 8+6
x: 8
y: 6
Solving node: 14-4
x: 14
y: 4
Solving node: 4*1
x: 4
y: 1
Solving node: 7+3
x: 7
y: 3
Solving node: 10-2
x: 10
y: 2
Solving node: 8+6
x: 8
y: 6
Solving node: 14-4
x: 14
y: 4
Solving node: 4*1
x: 4
y: 1
Solving node: 7+3
x: 7
y: 3
Solving node: 10-2
x: 10
y: 2
Solving node: 8+6
x: 8
y: 6
Difference: 14-4
Calculating: 7+3-2+6-4*1+2
Solving node: 4*1
x: 4
y: 1
Solving node: 7+3
x: 7
y: 3
Solving node: 10-2
x: 10
y: 2
Solving node: 8+6
x: 8
y: 6
Solving node: 14-4
x: 14
y: 4
Solving node: 10+2
x: 10
y: 2
Solving node: 4*1
x: 4
y: 1
Solving node: 7+3
x: 7
y: 3
Solving node: 10-2
x: 10
y: 2
Solving node: 8+6
x: 8
y: 6
Solving node: 14-4
x: 14
y: 4
Solving node: 4*1
x: 4
y: 1
Solving node: 7+3
x: 7
y: 3
Solving node: 10-2
x: 10
y: 2
Solving node: 8+6
x: 8
y: 6
Solving node: 14-4
x: 14
y: 4
Solving node: 10+2
x: 10
y: 2
Difference: 12
Using default bounds (multiplication)
Calculating: 7+3-2+6-4*1+2*2
Solving node: 4*1
x: 4
y: 1
Solving node: 2*2
x: 2
y: 2
Solving node: 7+3
x: 7
y: 3
Solving node: 10-2
x: 10
y: 2
Solving node: 8+6
x: 8
y: 6
Solving node: 14-4
x: 14
y: 4
Solving node: 10+4
x: 10
y: 4
Solving node: 4*1
x: 4
y: 1
Solving node: 2*2
x: 2
y: 2
Solving node: 7+3
x: 7
y: 3
Solving node: 10-2
x: 10
y: 2
Solving node: 8+6
x: 8
y: 6
Solving node: 14-4
x: 14
y: 4
Solving node: 4*1
x: 4
y: 1
Solving node: 2*2
x: 2
y: 2
Solving node: 7+3
x: 7
y: 3
Solving node: 10-2
x: 10
y: 2
Solving node: 8+6
x: 8
y: 6
Solving node: 14-4
x: 14
y: 4
Solving node: 10+4
x: 10
y: 4
Difference: 14
Calculating: 7+3-2+6-4*1+2*2+3
Solving node: 4*1
x: 4
y: 1
Solving node: 2*2
x: 2
y: 2
Solving node: 7+3
x: 7
y: 3
Solving node: 10-2
x: 10
y: 2
Solving node: 8+6
x: 8
y: 6
Solving node: 14-4
x: 14
y: 4
Solving node: 10+4
x: 10
y: 4
Solving node: 14+3
x: 14
y: 3
Solving node: 4*1
x: 4
y: 1
Solving node: 2*2
x: 2
y: 2
Solving node: 7+3
x: 7
y: 3
Solving node: 10-2
x: 10
y: 2
Solving node: 8+6
x: 8
y: 6
Solving node: 14-4
x: 14
y: 4
Solving node: 4*1
x: 4
y: 1
Solving node: 2*2
x: 2
y: 2
Solving node: 7+3
x: 7
y: 3
Solving node: 10-2
x: 10
y: 2
Solving node: 8+6
x: 8
y: 6
Solving node: 14-4
x: 14
y: 4
Solving node: 10+4
x: 10
y: 4
Solving node: 14+3
x: 14
y: 3
Difference: 17
Using default bounds (multiplication)
Calculating: 7+3-2+6-4*1+2*2+3*3
Solving node: 4*1
x: 4
y: 1
Solving node: 2*2
x: 2
y: 2
Solving node: 3*3
x: 3
y: 3
Solving node: 7+3
x: 7
y: 3
Solving node: 10-2
x: 10
y: 2
Solving node: 8+6
x: 8
y: 6
Solving node: 14-4
x: 14
y: 4
Solving node: 10+4
x: 10
y: 4
Solving node: 14+9
x: 14
y: 9
Solving node: 4*1
x: 4
y: 1
Solving node: 2*2
x: 2
y: 2
Solving node: 3*3
x: 3
y: 3
Solving node: 7+3
x: 7
y: 3
Solving node: 10-2
x: 10
y: 2
Solving node: 8+6
x: 8
y: 6
Solving node: 14-4
x: 14
y: 4
Solving node: 4*1
x: 4
y: 1
Solving node: 2*2
x: 2
y: 2
Solving node: 3*3
x: 3
y: 3
Solving node: 7+3
x: 7
y: 3
Solving node: 10-2
x: 10
y: 2
Solving node: 8+6
x: 8
y: 6
Solving node: 14-4
x: 14
y: 4
Solving node: 10+4
x: 10
y: 4
Solving node: 14+9
x: 14
y: 9
Difference: 23
Calculating: 7+3-2+6-4*1+2*2+3*3+5
Solving node: 4*1
x: 4
y: 1
Solving node: 2*2
x: 2
y: 2
Solving node: 3*3
x: 3
y: 3
Solving node: 7+3
x: 7
y: 3
Solving node: 10-2
x: 10
y: 2
Solving node: 8+6
x: 8
y: 6
Solving node: 14-4
x: 14
y: 4
Solving node: 10+4
x: 10
y: 4
Solving node: 14+9
x: 14
y: 9
Solving node: 23+5
x: 23
y: 5
Solving node: 4*1
x: 4
y: 1
Solving node: 2*2
x: 2
y: 2
Solving node: 3*3
x: 3
y: 3
Solving node: 7+3
x: 7
y: 3
Solving node: 10-2
x: 10
y: 2
Solving node: 8+6
x: 8
y: 6
Solving node: 14-4
x: 14
y: 4
Solving node: 4*1
x: 4
y: 1
Solving node: 2*2
x: 2
y: 2
Solving node: 3*3
x: 3
y: 3
Solving node: 7+3
x: 7
y: 3
Solving node: 10-2
x: 10
y: 2
Solving node: 8+6
x: 8
y: 6
Solving node: 14-4
x: 14
y: 4
Solving node: 10+4
x: 10
y: 4
Solving node: 14+9
x: 14
y: 9
Solving node: 23+5
x: 23
y: 5
Difference: 28
Using default bounds (multiplication)
Calculating: 7+3-2+6-4*1+2*2+3*3+5*6
Solving node: 4*1
x: 4
y: 1
Solving node: 2*2
x: 2
y: 2
Solving node: 3*3
x: 3
y: 3
Solving node: 5*6
x: 5
y: 6
Solving node: 7+3
x: 7
y: 3
Solving node: 10-2
x: 10
y: 2
Solving node: 8+6
x: 8
y: 6
Solving node: 14-4
x: 14
y: 4
Solving node: 10+4
x: 10
y: 4
Solving node: 14+9
x: 14
y: 9
Solving node: 23+30
x: 23
y: 30
Solving node: 4*1
x: 4
y: 1
Solving node: 2*2
x: 2
y: 2
Solving node: 3*3
x: 3
y: 3
Solving node: 5*6
x: 5
y: 6
Solving node: 7+3
x: 7
y: 3
Solving node: 10-2
x: 10
y: 2
Solving node: 8+6
x: 8
y: 6
Solving node: 14-4
x: 14
y: 4
Solving node: 4*1
x: 4
y: 1
Solving node: 2*2
x: 2
y: 2
Solving node: 3*3
x: 3
y: 3
Solving node: 5*6
x: 5
y: 6
Solving node: 7+3
x: 7
y: 3
Solving node: 10-2
x: 10
y: 2
Solving node: 8+6
x: 8
y: 6
Solving node: 14-4
x: 14
y: 4
Solving node: 10+4
x: 10
y: 4
Solving node: 14+9
x: 14
y: 9
Solving node: 23+30
x: 23
y: 30
Difference: 53
Calculating: 7+3-2+6-4*1+2*2+3*3+5*6+7
Solving node: 4*1
x: 4
y: 1
Solving node: 2*2
x: 2
y: 2
Solving node: 3*3
x: 3
y: 3
Solving node: 5*6
x: 5
y: 6
Solving node: 7+3
x: 7
y: 3
Solving node: 10-2
x: 10
y: 2
Solving node: 8+6
x: 8
y: 6
Solving node: 14-4
x: 14
y: 4
Solving node: 10+4
x: 10
y: 4
Solving node: 14+9
x: 14
y: 9
Solving node: 23+30
x: 23
y: 30
Solving node: 53+7
x: 53
y: 7
Solving node: 4*1
x: 4
y: 1
Solving node: 2*2
x: 2
y: 2
Solving node: 3*3
x: 3
y: 3
Solving node: 5*6
x: 5
y: 6
Solving node: 7+3
x: 7
y: 3
Solving node: 10-2
x: 10
y: 2
Solving node: 8+6
x: 8
y: 6
Solving node: 14-4
x: 14
y: 4
Solving node: 4*1
x: 4
y: 1
Solving node: 2*2
x: 2
y: 2
Solving node: 3*3
x: 3
y: 3
Solving node: 5*6
x: 5
y: 6
Solving node: 7+3
x: 7
y: 3
Solving node: 10-2
x: 10
y: 2
Solving node: 8+6
x: 8
y: 6
Solving node: 14-4
x: 14
y: 4
Solving node: 10+4
x: 10
y: 4
Solving node: 14+9
x: 14
y: 9
Solving node: 23+30
x: 23
y: 30
Solving node: 53+7
x: 53
y: 7
Difference: 60
Using default bounds (multiplication)
Calculating: 7+3-2+6-4*1+2*2+3*3+5*6+7*1
Solving node: 4*1
x: 4
y: 1
Solving node: 2*2
x: 2
y: 2
Solving node: 3*3
x: 3
y: 3
Solving node: 5*6
x: 5
y: 6
Solving node: 7*1
x: 7
y: 1
Solving node: 7+3
x: 7
y: 3
Solving node: 10-2
x: 10
y: 2
Solving node: 8+6
x: 8
y: 6
Solving node: 14-4
x: 14
y: 4
Solving node: 10+4
x: 10
y: 4
Solving node: 14+9
x: 14
y: 9
Solving node: 23+30
x: 23
y: 30
Solving node: 53+7
x: 53
y: 7
Solving node: 4*1
x: 4
y: 1
Solving node: 2*2
x: 2
y: 2
Solving node: 3*3
x: 3
y: 3
Solving node: 5*6
x: 5
y: 6
Solving node: 7*1
x: 7
y: 1
Solving node: 7+3
x: 7
y: 3
Solving node: 10-2
x: 10
y: 2
Solving node: 8+6
x: 8
y: 6
Solving node: 14-4
x: 14
y: 4
Solving node: 4*1
x: 4
y: 1
Solving node: 2*2
x: 2
y: 2
Solving node: 3*3
x: 3
y: 3
Solving node: 5*6
x: 5
y: 6
Solving node: 7*1
x: 7
y: 1
Solving node: 7+3
x: 7
y: 3
Solving node: 10-2
x: 10
y: 2
Solving node: 8+6
x: 8
y: 6
Solving node: 14-4
x: 14
y: 4
Solving node: 10+4
x: 10
y: 4
Solving node: 14+9
x: 14
y: 9
Solving node: 23+30
x: 23
y: 30
Solving node: 53+7
x: 53
y: 7
Difference: 60
Calculating: 7+3-2+6-4*1+2*2+3*3+5*6+7*1+2
Solving node: 4*1
x: 4
y: 1
Solving node: 2*2
x: 2
y: 2
Solving node: 3*3
x: 3
y: 3
Solving node: 5*6
x: 5
y: 6
Solving node: 7*1
x: 7
y: 1
Solving node: 7+3
x: 7
y: 3
Solving node: 10-2
x: 10
y: 2
Solving node: 8+6
x: 8
y: 6
Solving node: 14-4
x: 14
y: 4
Solving node: 10+4
x: 10
y: 4
Solving node: 14+9
x: 14
y: 9
Solving node: 23+30
x: 23
y: 30
Solving node: 53+7
x: 53
y: 7
Solving node: 60+2
x: 60
y: 2
Solving node: 4*1
x: 4
y: 1
Solving node: 2*2
x: 2
y: 2
Solving node: 3*3
x: 3
y: 3
Solving node: 5*6
x: 5
y: 6
Solving node: 7*1
x: 7
y: 1
Solving node: 7+3
x: 7
y: 3
Solving node: 10-2
x: 10
y: 2
Solving node: 8+6
x: 8
y: 6
Solving node: 14-4
x: 14
y: 4
Solving node: 4*1
x: 4
y: 1
Solving node: 2*2
x: 2
y: 2
Solving node: 3*3
x: 3
y: 3
Solving node: 5*6
x: 5
y: 6
Solving node: 7*1
x: 7
y: 1
Solving node: 7+3
x: 7
y: 3
Solving node: 10-2
x: 10
y: 2
Solving node: 8+6
x: 8
y: 6
Solving node: 14-4
x: 14
y: 4
Solving node: 10+4
x: 10
y: 4
Solving node: 14+9
x: 14
y: 9
Solving node: 23+30
x: 23
y: 30
Solving node: 53+7
x: 53
y: 7
Solving node: 60+2
x: 60
y: 2
Difference: 62
Using default bounds (multiplication)
Calculating: 7+3-2+6-4*1+2*2+3*3+5*6+7*1+2*5
Solving node: 4*1
x: 4
y: 1
Solving node: 2*2
x: 2
y: 2
Solving node: 3*3
x: 3
y: 3
Solving node: 5*6
x: 5
y: 6
Solving node: 7*1
x: 7
y: 1
Solving node: 2*5
x: 2
y: 5
Solving node: 7+3
x: 7
y: 3
Solving node: 10-2
x: 10
y: 2
Solving node: 8+6
x: 8
y: 6
Solving node: 14-4
x: 14
y: 4
Solving node: 10+4
x: 10
y: 4
Solving node: 14+9
x: 14
y: 9
Solving node: 23+30
x: 23
y: 30
Solving node: 53+7
x: 53
y: 7
Solving node: 60+10
x: 60
y: 10
Solving node: 4*1
x: 4
y: 1
Solving node: 2*2
x: 2
y: 2
Solving node: 3*3
x: 3
y: 3
Solving node: 5*6
x: 5
y: 6
Solving node: 7*1
x: 7
y: 1
Solving node: 2*5
x: 2
y: 5
Solving node: 7+3
x: 7
y: 3
Solving node: 10-2
x: 10
y: 2
Solving node: 8+6
x: 8
y: 6
Solving node: 14-4
x: 14
y: 4
Solving node: 4*1
x: 4
y: 1
Solving node: 2*2
x: 2
y: 2
Solving node: 3*3
x: 3
y: 3
Solving node: 5*6
x: 5
y: 6
Solving node: 7*1
x: 7
y: 1
Solving node: 2*5
x: 2
y: 5
Solving node: 7+3
x: 7
y: 3
Solving node: 10-2
x: 10
y: 2
Solving node: 8+6
x: 8
y: 6
Solving node: 14-4
x: 14
y: 4
Solving node: 10+4
x: 10
y: 4
Solving node: 14+9
x: 14
y: 9
Solving node: 23+30
x: 23
y: 30
Solving node: 53+7
x: 53
y: 7
Solving node: 60+10
x: 60
y: 10
Difference: 70
Last: 5; Last sum: 10
Calculating: 7+3-2+6-4*1+2*2+3*3+5*6+7*1+2*5-2
Solving node: 4*1
x: 4
y: 1
Solving node: 2*2
x: 2
y: 2
Solving node: 3*3
x: 3
y: 3
Solving node: 5*6
x: 5
y: 6
Solving node: 7*1
x: 7
y: 1
Solving node: 2*5
x: 2
y: 5
Solving node: 7+3
x: 7
y: 3
Solving node: 10-2
x: 10
y: 2
Solving node: 8+6
x: 8
y: 6
Solving node: 14-4
x: 14
y: 4
Solving node: 10+4
x: 10
y: 4
Solving node: 14+9
x: 14
y: 9
Solving node: 23+30
x: 23
y: 30
Solving node: 53+7
x: 53
y: 7
Solving node: 60+10
x: 60
y: 10
Solving node: 70-2
x: 70
y: 2
Originallösung: 7+3-2+6-4*1+2*2+3*3+5*6+7*1+2*5-2 = 68
[68/100] 7+3-2+6-4*1+2*2+3*3+5*6+7*1+2*5-2
Testing equation: 7+3-2+6-4*1+2*2+3*3+5*6+7*1+2*5-2
Checking node: 4*1
Solving node: 4*1
x: 4
y: 1
Checking node: 2*2
Solving node: 2*2
x: 2
y: 2
Checking node: 3*3
Solving node: 3*3
x: 3
y: 3
Checking node: 5*6
Solving node: 5*6
x: 5
y: 6
Checking node: 7*1
Solving node: 7*1
x: 7
y: 1
Checking node: 2*5
Solving node: 2*5
x: 2
y: 5
Checking node: 7+3
Solving node: 7+3
x: 7
y: 3
Checking node: 10-2
Solving node: 10-2
x: 10
y: 2
Checking node: 8+6
Solving node: 8+6
x: 8
y: 6
Checking node: 14-4
Solving node: 14-4
x: 14
y: 4
Checking node: 10+4
Solving node: 10+4
x: 10
y: 4
Checking node: 14+9
Solving node: 14+9
x: 14
y: 9
Checking node: 23+30
Solving node: 23+30
x: 23
y: 30
Checking node: 53+7
Solving node: 53+7
x: 53
y: 7
Checking node: 60+10
Solving node: 60+10
x: 60
y: 10
Checking node: 70-2
Solving node: 70-2
x: 70
y: 2
Checking node: 7+3
Checking node: 3-2
Checking node: 2+6
Checking node: 6-4
Checking node: 4*1
Checking node: 1+2
Checking node: 2*2
Checking node: 2+3
Checking node: 3*3
Checking node: 3+5
Checking node: 5*6
Checking node: 6+7
Checking node: 7*1
Checking node: 1+2
Checking node: 2*5
Checking node: 5-2
Difference: 1
Using default bounds (multiplication)
Calculating: 1*8
Solving node: 1*8
x: 1
y: 8
Solving node: 1*8
x: 1
y: 8
Solving node: 1*8
x: 1
y: 8
Difference: 8
Calculating: 1*8+6
Solving node: 1*8
x: 1
y: 8
Solving node: 8+6
x: 8
y: 6
Solving node: 1*8
x: 1
y: 8
Solving node: 1*8
x: 1
y: 8
Solving node: 8+6
x: 8
y: 6
Difference: 14
Using default bounds (multiplication)
Calculating: 1*8+6*9
Solving node: 1*8
x: 1
y: 8
Solving node: 6*9
x: 6
y: 9
Solving node: 8+54
x: 8
y: 54
Solving node: 1*8
x: 1
y: 8
Solving node: 6*9
x: 6
y: 9
Solving node: 1*8
x: 1
y: 8
Solving node: 6*9
x: 6
y: 9
Solving node: 8+54
x: 8
y: 54
Difference: 62
Calculating: 1*8+6*9+7
Solving node: 1*8
x: 1
y: 8
Solving node: 6*9
x: 6
y: 9
Solving node: 8+54
x: 8
y: 54
Solving node: 62+7
x: 62
y: 7
Solving node: 1*8
x: 1
y: 8
Solving node: 6*9
x: 6
y: 9
Solving node: 1*8
x: 1
y: 8
Solving node: 6*9
x: 6
y: 9
Solving node: 8+54
x: 8
y: 54
Solving node: 62+7
x: 62
y: 7
Difference: 69
Using default bounds (multiplication)
Calculating: 1*8+6*9+7*5
Solving node: 1*8
x: 1
y: 8
Solving node: 6*9
x: 6
y: 9
Solving node: 7*5
x: 7
y: 5
Solving node: 8+54
x: 8
y: 54
Solving node: 62+35
x: 62
y: 35
Solving node: 1*8
x: 1
y: 8
Solving node: 6*9
x: 6
y: 9
Solving node: 7*5
x: 7
y: 5
Solving node: 1*8
x: 1
y: 8
Solving node: 6*9
x: 6
y: 9
Solving node: 7*5
x: 7
y: 5
Solving node: 8+54
x: 8
y: 54
Solving node: 62+35
x: 62
y: 35
Difference: 97
Last: 5; Last sum: 35
Calculating: 1*8+6*9+7*5-4
Solving node: 1*8
x: 1
y: 8
Solving node: 6*9
x: 6
y: 9
Solving node: 7*5
x: 7
y: 5
Solving node: 8+54
x: 8
y: 54
Solving node: 62+35
x: 62
y: 35
Solving node: 97-4
x: 97
y: 4
Solving node: 1*8
x: 1
y: 8
Solving node: 6*9
x: 6
y: 9
Solving node: 7*5
x: 7
y: 5
Solving node: 8+54
x: 8
y: 54
Solving node: 62+35
x: 62
y: 35
Solving node: 97-4
x: 97
y: 4
Solving node: 1*8
x: 1
y: 8
Solving node: 6*9
x: 6
y: 9
Solving node: 7*5
x: 7
y: 5
Solving node: 8+54
x: 8
y: 54
Solving node: 62+35
x: 62
y: 35
Difference: 97-4
Calculating bounds (multiplication)
Previous index: -1 | Last operator index: 2
Upper bound: 4
Calculating: 1*8+6*9+7*5-4*3
Solving node: 1*8
x: 1
y: 8
Solving node: 6*9
x: 6
y: 9
Solving node: 7*5
x: 7
y: 5
Solving node: 4*3
x: 4
y: 3
Solving node: 8+54
x: 8
y: 54
Solving node: 62+35
x: 62
y: 35
Solving node: 97-12
x: 97
y: 12
Solving node: 1*8
x: 1
y: 8
Solving node: 6*9
x: 6
y: 9
Solving node: 7*5
x: 7
y: 5
Solving node: 4*3
x: 4
y: 3
Solving node: 8+54
x: 8
y: 54
Solving node: 62+35
x: 62
y: 35
Solving node: 97-12
x: 97
y: 12
Solving node: 1*8
x: 1
y: 8
Solving node: 6*9
x: 6
y: 9
Solving node: 7*5
x: 7
y: 5
Solving node: 4*3
x: 4
y: 3
Solving node: 8+54
x: 8
y: 54
Solving node: 62+35
x: 62
y: 35
Difference: 97-12
Calculating: 1*8+6*9+7*5-4*3+9
Solving node: 1*8
x: 1
y: 8
Solving node: 6*9
x: 6
y: 9
Solving node: 7*5
x: 7
y: 5
Solving node: 4*3
x: 4
y: 3
Solving node: 8+54
x: 8
y: 54
Solving node: 62+35
x: 62
y: 35
Solving node: 97-12
x: 97
y: 12
Solving node: 85+9
x: 85
y: 9
Solving node: 1*8
x: 1
y: 8
Solving node: 6*9
x: 6
y: 9
Solving node: 7*5
x: 7
y: 5
Solving node: 4*3
x: 4
y: 3
Solving node: 8+54
x: 8
y: 54
Solving node: 62+35
x: 62
y: 35
Solving node: 97-12
x: 97
y: 12
Solving node: 1*8
x: 1
y: 8
Solving node: 6*9
x: 6
y: 9
Solving node: 7*5
x: 7
y: 5
Solving node: 4*3
x: 4
y: 3
Solving node: 8+54
x: 8
y: 54
Solving node: 62+35
x: 62
y: 35
Solving node: 97-12
x: 97
y: 12
Solving node: 85+9
x: 85
y: 9
Difference: 94
Using default bounds (multiplication)
Calculating: 1*8+6*9+7*5-4*3+9*6
Solving node: 1*8
x: 1
y: 8
Solving node: 6*9
x: 6
y: 9
Solving node: 7*5
x: 7
y: 5
Solving node: 4*3
x: 4
y: 3
Solving node: 9*6
x: 9
y: 6
Solving node: 8+54
x: 8
y: 54
Solving node: 62+35
x: 62
y: 35
Solving node: 97-12
x: 97
y: 12
Solving node: 85+54
x: 85
y: 54
Solving node: 1*8
x: 1
y: 8
Solving node: 6*9
x: 6
y: 9
Solving node: 7*5
x: 7
y: 5
Solving node: 4*3
x: 4
y: 3
Solving node: 9*6
x: 9
y: 6
Solving node: 8+54
x: 8
y: 54
Solving node: 62+35
x: 62
y: 35
Solving node: 97-12
x: 97
y: 12
Solving node: 1*8
x: 1
y: 8
Solving node: 6*9
x: 6
y: 9
Solving node: 7*5
x: 7
y: 5
Solving node: 4*3
x: 4
y: 3
Solving node: 9*6
x: 9
y: 6
Solving node: 8+54
x: 8
y: 54
Solving node: 62+35
x: 62
y: 35
Solving node: 97-12
x: 97
y: 12
Solving node: 85+54
x: 85
y: 54
Difference: 139
Calculating: 1*8+6*9+7*5-4*3+9*6+2
Solving node: 1*8
x: 1
y: 8
Solving node: 6*9
x: 6
y: 9
Solving node: 7*5
x: 7
y: 5
Solving node: 4*3
x: 4
y: 3
Solving node: 9*6
x: 9
y: 6
Solving node: 8+54
x: 8
y: 54
Solving node: 62+35
x: 62
y: 35
Solving node: 97-12
x: 97
y: 12
Solving node: 85+54
x: 85
y: 54
Solving node: 139+2
x: 139
y: 2
Solving node: 1*8
x: 1
y: 8
Solving node: 6*9
x: 6
y: 9
Solving node: 7*5
x: 7
y: 5
Solving node: 4*3
x: 4
y: 3
Solving node: 9*6
x: 9
y: 6
Solving node: 8+54
x: 8
y: 54
Solving node: 62+35
x: 62
y: 35
Solving node: 97-12
x: 97
y: 12
Solving node: 1*8
x: 1
y: 8
Solving node: 6*9
x: 6
y: 9
Solving node: 7*5
x: 7
y: 5
Solving node: 4*3
x: 4
y: 3
Solving node: 9*6
x: 9
y: 6
Solving node: 8+54
x: 8
y: 54
Solving node: 62+35
x: 62
y: 35
Solving node: 97-12
x: 97
y: 12
Solving node: 85+54
x: 85
y: 54
Solving node: 139+2
x: 139
y: 2
Difference: 141
Using default bounds (multiplication)
Calculating: 1*8+6*9+7*5-4*3+9*6+2*4
Solving node: 1*8
x: 1
y: 8
Solving node: 6*9
x: 6
y: 9
Solving node: 7*5
x: 7
y: 5
Solving node: 4*3
x: 4
y: 3
Solving node: 9*6
x: 9
y: 6
Solving node: 2*4
x: 2
y: 4
Solving node: 8+54
x: 8
y: 54
Solving node: 62+35
x: 62
y: 35
Solving node: 97-12
x: 97
y: 12
Solving node: 85+54
x: 85
y: 54
Solving node: 139+8
x: 139
y: 8
Solving node: 1*8
x: 1
y: 8
Solving node: 6*9
x: 6
y: 9
Solving node: 7*5
x: 7
y: 5
Solving node: 4*3
x: 4
y: 3
Solving node: 9*6
x: 9
y: 6
Solving node: 2*4
x: 2
y: 4
Solving node: 8+54
x: 8
y: 54
Solving node: 62+35
x: 62
y: 35
Solving node: 97-12
x: 97
y: 12
Solving node: 1*8
x: 1
y: 8
Solving node: 6*9
x: 6
y: 9
Solving node: 7*5
x: 7
y: 5
Solving node: 4*3
x: 4
y: 3
Solving node: 9*6
x: 9
y: 6
Solving node: 2*4
x: 2
y: 4
Solving node: 8+54
x: 8
y: 54
Solving node: 62+35
x: 62
y: 35
Solving node: 97-12
x: 97
y: 12
Solving node: 85+54
x: 85
y: 54
Solving node: 139+8
x: 139
y: 8
Difference: 147
Calculating: 1*8+6*9+7*5-4*3+9*6+2*4+3
Solving node: 1*8
x: 1
y: 8
Solving node: 6*9
x: 6
y: 9
Solving node: 7*5
x: 7
y: 5
Solving node: 4*3
x: 4
y: 3
Solving node: 9*6
x: 9
y: 6
Solving node: 2*4
x: 2
y: 4
Solving node: 8+54
x: 8
y: 54
Solving node: 62+35
x: 62
y: 35
Solving node: 97-12
x: 97
y: 12
Solving node: 85+54
x: 85
y: 54
Solving node: 139+8
x: 139
y: 8
Solving node: 147+3
x: 147
y: 3
Solving node: 1*8
x: 1
y: 8
Solving node: 6*9
x: 6
y: 9
Solving node: 7*5
x: 7
y: 5
Solving node: 4*3
x: 4
y: 3
Solving node: 9*6
x: 9
y: 6
Solving node: 2*4
x: 2
y: 4
Solving node: 8+54
x: 8
y: 54
Solving node: 62+35
x: 62
y: 35
Solving node: 97-12
x: 97
y: 12
Solving node: 1*8
x: 1
y: 8
Solving node: 6*9
x: 6
y: 9
Solving node: 7*5
x: 7
y: 5
Solving node: 4*3
x: 4
y: 3
Solving node: 9*6
x: 9
y: 6
Solving node: 2*4
x: 2
y: 4
Solving node: 8+54
x: 8
y: 54
Solving node: 62+35
x: 62
y: 35
Solving node: 97-12
x: 97
y: 12
Solving node: 85+54
x: 85
y: 54
Solving node: 139+8
x: 139
y: 8
Solving node: 147+3
x: 147
y: 3
Difference: 150
Last: 3; Last sum: 3
Calculating: 1*8+6*9+7*5-4*3+9*6+2*4+3-2
Solving node: 1*8
x: 1
y: 8
Solving node: 6*9
x: 6
y: 9
Solving node: 7*5
x: 7
y: 5
Solving node: 4*3
x: 4
y: 3
Solving node: 9*6
x: 9
y: 6
Solving node: 2*4
x: 2
y: 4
Solving node: 8+54
x: 8
y: 54
Solving node: 62+35
x: 62
y: 35
Solving node: 97-12
x: 97
y: 12
Solving node: 85+54
x: 85
y: 54
Solving node: 139+8
x: 139
y: 8
Solving node: 147+3
x: 147
y: 3
Solving node: 150-2
x: 150
y: 2
Solving node: 1*8
x: 1
y: 8
Solving node: 6*9
x: 6
y: 9
Solving node: 7*5
x: 7
y: 5
Solving node: 4*3
x: 4
y: 3
Solving node: 9*6
x: 9
y: 6
Solving node: 2*4
x: 2
y: 4
Solving node: 8+54
x: 8
y: 54
Solving node: 62+35
x: 62
y: 35
Solving node: 97-12
x: 97
y: 12
Solving node: 85+54
x: 85
y: 54
Solving node: 139+8
x: 139
y: 8
Solving node: 147+3
x: 147
y: 3
Solving node: 150-2
x: 150
y: 2
Solving node: 1*8
x: 1
y: 8
Solving node: 6*9
x: 6
y: 9
Solving node: 7*5
x: 7
y: 5
Solving node: 4*3
x: 4
y: 3
Solving node: 9*6
x: 9
y: 6
Solving node: 2*4
x: 2
y: 4
Solving node: 8+54
x: 8
y: 54
Solving node: 62+35
x: 62
y: 35
Solving node: 97-12
x: 97
y: 12
Solving node: 85+54
x: 85
y: 54
Solving node: 139+8
x: 139
y: 8
Solving node: 147+3
x: 147
y: 3
Difference: 150-2
Calculating: 1*8+6*9+7*5-4*3+9*6+2*4+3-2+5
Solving node: 1*8
x: 1
y: 8
Solving node: 6*9
x: 6
y: 9
Solving node: 7*5
x: 7
y: 5
Solving node: 4*3
x: 4
y: 3
Solving node: 9*6
x: 9
y: 6
Solving node: 2*4
x: 2
y: 4
Solving node: 8+54
x: 8
y: 54
Solving node: 62+35
x: 62
y: 35
Solving node: 97-12
x: 97
y: 12
Solving node: 85+54
x: 85
y: 54
Solving node: 139+8
x: 139
y: 8
Solving node: 147+3
x: 147
y: 3
Solving node: 150-2
x: 150
y: 2
Solving node: 148+5
x: 148
y: 5
Solving node: 1*8
x: 1
y: 8
Solving node: 6*9
x: 6
y: 9
Solving node: 7*5
x: 7
y: 5
Solving node: 4*3
x: 4
y: 3
Solving node: 9*6
x: 9
y: 6
Solving node: 2*4
x: 2
y: 4
Solving node: 8+54
x: 8
y: 54
Solving node: 62+35
x: 62
y: 35
Solving node: 97-12
x: 97
y: 12
Solving node: 85+54
x: 85
y: 54
Solving node: 139+8
x: 139
y: 8
Solving node: 147+3
x: 147
y: 3
Solving node: 150-2
x: 150
y: 2
Solving node: 1*8
x: 1
y: 8
Solving node: 6*9
x: 6
y: 9
Solving node: 7*5
x: 7
y: 5
Solving node: 4*3
x: 4
y: 3
Solving node: 9*6
x: 9
y: 6
Solving node: 2*4
x: 2
y: 4
Solving node: 8+54
x: 8
y: 54
Solving node: 62+35
x: 62
y: 35
Solving node: 97-12
x: 97
y: 12
Solving node: 85+54
x: 85
y: 54
Solving node: 139+8
x: 139
y: 8
Solving node: 147+3
x: 147
y: 3
Solving node: 150-2
x: 150
y: 2
Solving node: 148+5
x: 148
y: 5
Difference: 153
Last: 5; Last sum: 5
Calculating: 1*8+6*9+7*5-4*3+9*6+2*4+3-2+5-4
Solving node: 1*8
x: 1
y: 8
Solving node: 6*9
x: 6
y: 9
Solving node: 7*5
x: 7
y: 5
Solving node: 4*3
x: 4
y: 3
Solving node: 9*6
x: 9
y: 6
Solving node: 2*4
x: 2
y: 4
Solving node: 8+54
x: 8
y: 54
Solving node: 62+35
x: 62
y: 35
Solving node: 97-12
x: 97
y: 12
Solving node: 85+54
x: 85
y: 54
Solving node: 139+8
x: 139
y: 8
Solving node: 147+3
x: 147
y: 3
Solving node: 150-2
x: 150
y: 2
Solving node: 148+5
x: 148
y: 5
Solving node: 153-4
x: 153
y: 4
Solving node: 1*8
x: 1
y: 8
Solving node: 6*9
x: 6
y: 9
Solving node: 7*5
x: 7
y: 5
Solving node: 4*3
x: 4
y: 3
Solving node: 9*6
x: 9
y: 6
Solving node: 2*4
x: 2
y: 4
Solving node: 8+54
x: 8
y: 54
Solving node: 62+35
x: 62
y: 35
Solving node: 97-12
x: 97
y: 12
Solving node: 85+54
x: 85
y: 54
Solving node: 139+8
x: 139
y: 8
Solving node: 147+3
x: 147
y: 3
Solving node: 150-2
x: 150
y: 2
Solving node: 148+5
x: 148
y: 5
Solving node: 153-4
x: 153
y: 4
Solving node: 1*8
x: 1
y: 8
Solving node: 6*9
x: 6
y: 9
Solving node: 7*5
x: 7
y: 5
Solving node: 4*3
x: 4
y: 3
Solving node: 9*6
x: 9
y: 6
Solving node: 2*4
x: 2
y: 4
Solving node: 8+54
x: 8
y: 54
Solving node: 62+35
x: 62
y: 35
Solving node: 97-12
x: 97
y: 12
Solving node: 85+54
x: 85
y: 54
Solving node: 139+8
x: 139
y: 8
Solving node: 147+3
x: 147
y: 3
Solving node: 150-2
x: 150
y: 2
Solving node: 148+5
x: 148
y: 5
Difference: 153-4
Calculating bounds (multiplication)
Previous index: -1 | Last operator index: 3
Upper bound: 4
Calculating: 1*8+6*9+7*5-4*3+9*6+2*4+3-2+5-4*3
Solving node: 1*8
x: 1
y: 8
Solving node: 6*9
x: 6
y: 9
Solving node: 7*5
x: 7
y: 5
Solving node: 4*3
x: 4
y: 3
Solving node: 9*6
x: 9
y: 6
Solving node: 2*4
x: 2
y: 4
Solving node: 4*3
x: 4
y: 3
Solving node: 8+54
x: 8
y: 54
Solving node: 62+35
x: 62
y: 35
Solving node: 97-12
x: 97
y: 12
Solving node: 85+54
x: 85
y: 54
Solving node: 139+8
x: 139
y: 8
Solving node: 147+3
x: 147
y: 3
Solving node: 150-2
x: 150
y: 2
Solving node: 148+5
x: 148
y: 5
Solving node: 153-12
x: 153
y: 12
Originallösung: 1*8+6*9+7*5-4*3+9*6+2*4+3-2+5-4*3 = 141
[69/100] 1*8+6*9+7*5-4*3+9*6+2*4+3-2+5-4*3
Testing equation: 1*8+6*9+7*5-4*3+9*6+2*4+3-2+5-4*3
Checking node: 1*8
Solving node: 1*8
x: 1
y: 8
Checking node: 6*9
Solving node: 6*9
x: 6
y: 9
Checking node: 7*5
Solving node: 7*5
x: 7
y: 5
Checking node: 4*3
Solving node: 4*3
x: 4
y: 3
Checking node: 9*6
Solving node: 9*6
x: 9
y: 6
Checking node: 2*4
Solving node: 2*4
x: 2
y: 4
Checking node: 4*3
Solving node: 4*3
x: 4
y: 3
Checking node: 8+54
Solving node: 8+54
x: 8
y: 54
Checking node: 62+35
Solving node: 62+35
x: 62
y: 35
Checking node: 97-12
Solving node: 97-12
x: 97
y: 12
Checking node: 85+54
Solving node: 85+54
x: 85
y: 54
Checking node: 139+8
Solving node: 139+8
x: 139
y: 8
Checking node: 147+3
Solving node: 147+3
x: 147
y: 3
Checking node: 150-2
Solving node: 150-2
x: 150
y: 2
Checking node: 148+5
Solving node: 148+5
x: 148
y: 5
Checking node: 153-12
Solving node: 153-12
x: 153
y: 12
Checking node: 1*8
Checking node: 8+6
Checking node: 6*9
Checking node: 9+7
Checking node: 7*5
Checking node: 5-4
Checking node: 4*3
Checking node: 3+9
Checking node: 9*6
Checking node: 6+2
Checking node: 2*4
Checking node: 4+3
Checking node: 3-2
Checking node: 2+5
Checking node: 5-4
Checking node: 4*3
Difference: 2
Using default bounds (multiplication)
Calculating: 2*2
Solving node: 2*2
x: 2
y: 2
Solving node: 2*2
x: 2
y: 2
Solving node: 2*2
x: 2
y: 2
Difference: 4
Calculating: 2*2+9
Solving node: 2*2
x: 2
y: 2
Solving node: 4+9
x: 4
y: 9
Solving node: 2*2
x: 2
y: 2
Solving node: 2*2
x: 2
y: 2
Solving node: 4+9
x: 4
y: 9
Difference: 13
Last: 9; Last sum: 9
Calculating: 2*2+9-8
Solving node: 2*2
x: 2
y: 2
Solving node: 4+9
x: 4
y: 9
Solving node: 13-8
x: 13
y: 8
Solving node: 2*2
x: 2
y: 2
Solving node: 4+9
x: 4
y: 9
Solving node: 13-8
x: 13
y: 8
Solving node: 2*2
x: 2
y: 2
Solving node: 4+9
x: 4
y: 9
Difference: 13-8
Calculating bounds (multiplication)
Previous index: -1 | Last operator index: 2
Upper bound: 0
Solving node: 2*2
x: 2
y: 2
Solving node: 4+9
x: 4
y: 9
Solving node: 13-8
x: 13
y: 8
Solving node: 2*2
x: 2
y: 2
Solving node: 4+9
x: 4
y: 9
Difference: 13-8
Calculating: 2*2+9-8+5
Solving node: 2*2
x: 2
y: 2
Solving node: 4+9
x: 4
y: 9
Solving node: 13-8
x: 13
y: 8
Solving node: 5+5
x: 5
y: 5
Solving node: 2*2
x: 2
y: 2
Solving node: 4+9
x: 4
y: 9
Solving node: 13-8
x: 13
y: 8
Solving node: 2*2
x: 2
y: 2
Solving node: 4+9
x: 4
y: 9
Solving node: 13-8
x: 13
y: 8
Solving node: 5+5
x: 5
y: 5
Difference: 10
Last: 5; Last sum: 5
Calculating: 2*2+9-8+5-2
Solving node: 2*2
x: 2
y: 2
Solving node: 4+9
x: 4
y: 9
Solving node: 13-8
x: 13
y: 8
Solving node: 5+5
x: 5
y: 5
Solving node: 10-2
x: 10
y: 2
Solving node: 2*2
x: 2
y: 2
Solving node: 4+9
x: 4
y: 9
Solving node: 13-8
x: 13
y: 8
Solving node: 5+5
x: 5
y: 5
Solving node: 10-2
x: 10
y: 2
Solving node: 2*2
x: 2
y: 2
Solving node: 4+9
x: 4
y: 9
Solving node: 13-8
x: 13
y: 8
Solving node: 5+5
x: 5
y: 5
Difference: 10-2
Calculating: 2*2+9-8+5-2+9
Solving node: 2*2
x: 2
y: 2
Solving node: 4+9
x: 4
y: 9
Solving node: 13-8
x: 13
y: 8
Solving node: 5+5
x: 5
y: 5
Solving node: 10-2
x: 10
y: 2
Solving node: 8+9
x: 8
y: 9
Solving node: 2*2
x: 2
y: 2
Solving node: 4+9
x: 4
y: 9
Solving node: 13-8
x: 13
y: 8
Solving node: 5+5
x: 5
y: 5
Solving node: 10-2
x: 10
y: 2
Solving node: 2*2
x: 2
y: 2
Solving node: 4+9
x: 4
y: 9
Solving node: 13-8
x: 13
y: 8
Solving node: 5+5
x: 5
y: 5
Solving node: 10-2
x: 10
y: 2
Solving node: 8+9
x: 8
y: 9
Difference: 17
Last: 9; Last sum: 9
Calculating: 2*2+9-8+5-2+9-6
Solving node: 2*2
x: 2
y: 2
Solving node: 4+9
x: 4
y: 9
Solving node: 13-8
x: 13
y: 8
Solving node: 5+5
x: 5
y: 5
Solving node: 10-2
x: 10
y: 2
Solving node: 8+9
x: 8
y: 9
Solving node: 17-6
x: 17
y: 6
Solving node: 2*2
x: 2
y: 2
Solving node: 4+9
x: 4
y: 9
Solving node: 13-8
x: 13
y: 8
Solving node: 5+5
x: 5
y: 5
Solving node: 10-2
x: 10
y: 2
Solving node: 8+9
x: 8
y: 9
Solving node: 17-6
x: 17
y: 6
Solving node: 2*2
x: 2
y: 2
Solving node: 4+9
x: 4
y: 9
Solving node: 13-8
x: 13
y: 8
Solving node: 5+5
x: 5
y: 5
Solving node: 10-2
x: 10
y: 2
Solving node: 8+9
x: 8
y: 9
Difference: 17-6
Previous index: -1 | Last operator index: 2
Solving node: 2*2
x: 2
y: 2
Solving node: 4+9
x: 4
y: 9
Solving node: 13-8
x: 13
y: 8
Solving node: 5+5
x: 5
y: 5
Solving node: 10-2
x: 10
y: 2
Solving node: 8+9
x: 8
y: 9
Solving node: 17-6
x: 17
y: 6
Solving node: 2*2
x: 2
y: 2
Solving node: 4+9
x: 4
y: 9
Solving node: 13-8
x: 13
y: 8
Solving node: 5+5
x: 5
y: 5
Solving node: 10-2
x: 10
y: 2
Solving node: 8+9
x: 8
y: 9
Difference: 17-6
Calculating: 2*2+9-8+5-2+9-6+3
Solving node: 2*2
x: 2
y: 2
Solving node: 4+9
x: 4
y: 9
Solving node: 13-8
x: 13
y: 8
Solving node: 5+5
x: 5
y: 5
Solving node: 10-2
x: 10
y: 2
Solving node: 8+9
x: 8
y: 9
Solving node: 17-6
x: 17
y: 6
Solving node: 11+3
x: 11
y: 3
Solving node: 2*2
x: 2
y: 2
Solving node: 4+9
x: 4
y: 9
Solving node: 13-8
x: 13
y: 8
Solving node: 5+5
x: 5
y: 5
Solving node: 10-2
x: 10
y: 2
Solving node: 8+9
x: 8
y: 9
Solving node: 17-6
x: 17
y: 6
Solving node: 2*2
x: 2
y: 2
Solving node: 4+9
x: 4
y: 9
Solving node: 13-8
x: 13
y: 8
Solving node: 5+5
x: 5
y: 5
Solving node: 10-2
x: 10
y: 2
Solving node: 8+9
x: 8
y: 9
Solving node: 17-6
x: 17
y: 6
Solving node: 11+3
x: 11
y: 3
Difference: 14
Using default bounds (multiplication)
Calculating: 2*2+9-8+5-2+9-6+3*7
Solving node: 2*2
x: 2
y: 2
Solving node: 3*7
x: 3
y: 7
Solving node: 4+9
x: 4
y: 9
Solving node: 13-8
x: 13
y: 8
Solving node: 5+5
x: 5
y: 5
Solving node: 10-2
x: 10
y: 2
Solving node: 8+9
x: 8
y: 9
Solving node: 17-6
x: 17
y: 6
Solving node: 11+21
x: 11
y: 21
Solving node: 2*2
x: 2
y: 2
Solving node: 3*7
x: 3
y: 7
Solving node: 4+9
x: 4
y: 9
Solving node: 13-8
x: 13
y: 8
Solving node: 5+5
x: 5
y: 5
Solving node: 10-2
x: 10
y: 2
Solving node: 8+9
x: 8
y: 9
Solving node: 17-6
x: 17
y: 6
Solving node: 2*2
x: 2
y: 2
Solving node: 3*7
x: 3
y: 7
Solving node: 4+9
x: 4
y: 9
Solving node: 13-8
x: 13
y: 8
Solving node: 5+5
x: 5
y: 5
Solving node: 10-2
x: 10
y: 2
Solving node: 8+9
x: 8
y: 9
Solving node: 17-6
x: 17
y: 6
Solving node: 11+21
x: 11
y: 21
Difference: 32
Calculating: 2*2+9-8+5-2+9-6+3*7+8
Solving node: 2*2
x: 2
y: 2
Solving node: 3*7
x: 3
y: 7
Solving node: 4+9
x: 4
y: 9
Solving node: 13-8
x: 13
y: 8
Solving node: 5+5
x: 5
y: 5
Solving node: 10-2
x: 10
y: 2
Solving node: 8+9
x: 8
y: 9
Solving node: 17-6
x: 17
y: 6
Solving node: 11+21
x: 11
y: 21
Solving node: 32+8
x: 32
y: 8
Solving node: 2*2
x: 2
y: 2
Solving node: 3*7
x: 3
y: 7
Solving node: 4+9
x: 4
y: 9
Solving node: 13-8
x: 13
y: 8
Solving node: 5+5
x: 5
y: 5
Solving node: 10-2
x: 10
y: 2
Solving node: 8+9
x: 8
y: 9
Solving node: 17-6
x: 17
y: 6
Solving node: 2*2
x: 2
y: 2
Solving node: 3*7
x: 3
y: 7
Solving node: 4+9
x: 4
y: 9
Solving node: 13-8
x: 13
y: 8
Solving node: 5+5
x: 5
y: 5
Solving node: 10-2
x: 10
y: 2
Solving node: 8+9
x: 8
y: 9
Solving node: 17-6
x: 17
y: 6
Solving node: 11+21
x: 11
y: 21
Solving node: 32+8
x: 32
y: 8
Difference: 40
Using default bounds (multiplication)
Calculating: 2*2+9-8+5-2+9-6+3*7+8*9
Solving node: 2*2
x: 2
y: 2
Solving node: 3*7
x: 3
y: 7
Solving node: 8*9
x: 8
y: 9
Solving node: 4+9
x: 4
y: 9
Solving node: 13-8
x: 13
y: 8
Solving node: 5+5
x: 5
y: 5
Solving node: 10-2
x: 10
y: 2
Solving node: 8+9
x: 8
y: 9
Solving node: 17-6
x: 17
y: 6
Solving node: 11+21
x: 11
y: 21
Solving node: 32+72
x: 32
y: 72
Solving node: 2*2
x: 2
y: 2
Solving node: 3*7
x: 3
y: 7
Solving node: 8*9
x: 8
y: 9
Solving node: 4+9
x: 4
y: 9
Solving node: 13-8
x: 13
y: 8
Solving node: 5+5
x: 5
y: 5
Solving node: 10-2
x: 10
y: 2
Solving node: 8+9
x: 8
y: 9
Solving node: 17-6
x: 17
y: 6
Solving node: 2*2
x: 2
y: 2
Solving node: 3*7
x: 3
y: 7
Solving node: 8*9
x: 8
y: 9
Solving node: 4+9
x: 4
y: 9
Solving node: 13-8
x: 13
y: 8
Solving node: 5+5
x: 5
y: 5
Solving node: 10-2
x: 10
y: 2
Solving node: 8+9
x: 8
y: 9
Solving node: 17-6
x: 17
y: 6
Solving node: 11+21
x: 11
y: 21
Solving node: 32+72
x: 32
y: 72
Difference: 104
Calculating: 2*2+9-8+5-2+9-6+3*7+8*9+5
Solving node: 2*2
x: 2
y: 2
Solving node: 3*7
x: 3
y: 7
Solving node: 8*9
x: 8
y: 9
Solving node: 4+9
x: 4
y: 9
Solving node: 13-8
x: 13
y: 8
Solving node: 5+5
x: 5
y: 5
Solving node: 10-2
x: 10
y: 2
Solving node: 8+9
x: 8
y: 9
Solving node: 17-6
x: 17
y: 6
Solving node: 11+21
x: 11
y: 21
Solving node: 32+72
x: 32
y: 72
Solving node: 104+5
x: 104
y: 5
Solving node: 2*2
x: 2
y: 2
Solving node: 3*7
x: 3
y: 7
Solving node: 8*9
x: 8
y: 9
Solving node: 4+9
x: 4
y: 9
Solving node: 13-8
x: 13
y: 8
Solving node: 5+5
x: 5
y: 5
Solving node: 10-2
x: 10
y: 2
Solving node: 8+9
x: 8
y: 9
Solving node: 17-6
x: 17
y: 6
Solving node: 2*2
x: 2
y: 2
Solving node: 3*7
x: 3
y: 7
Solving node: 8*9
x: 8
y: 9
Solving node: 4+9
x: 4
y: 9
Solving node: 13-8
x: 13
y: 8
Solving node: 5+5
x: 5
y: 5
Solving node: 10-2
x: 10
y: 2
Solving node: 8+9
x: 8
y: 9
Solving node: 17-6
x: 17
y: 6
Solving node: 11+21
x: 11
y: 21
Solving node: 32+72
x: 32
y: 72
Solving node: 104+5
x: 104
y: 5
Difference: 109
Using default bounds (multiplication)
Calculating: 2*2+9-8+5-2+9-6+3*7+8*9+5*9
Solving node: 2*2
x: 2
y: 2
Solving node: 3*7
x: 3
y: 7
Solving node: 8*9
x: 8
y: 9
Solving node: 5*9
x: 5
y: 9
Solving node: 4+9
x: 4
y: 9
Solving node: 13-8
x: 13
y: 8
Solving node: 5+5
x: 5
y: 5
Solving node: 10-2
x: 10
y: 2
Solving node: 8+9
x: 8
y: 9
Solving node: 17-6
x: 17
y: 6
Solving node: 11+21
x: 11
y: 21
Solving node: 32+72
x: 32
y: 72
Solving node: 104+45
x: 104
y: 45
Solving node: 2*2
x: 2
y: 2
Solving node: 3*7
x: 3
y: 7
Solving node: 8*9
x: 8
y: 9
Solving node: 5*9
x: 5
y: 9
Solving node: 4+9
x: 4
y: 9
Solving node: 13-8
x: 13
y: 8
Solving node: 5+5
x: 5
y: 5
Solving node: 10-2
x: 10
y: 2
Solving node: 8+9
x: 8
y: 9
Solving node: 17-6
x: 17
y: 6
Solving node: 2*2
x: 2
y: 2
Solving node: 3*7
x: 3
y: 7
Solving node: 8*9
x: 8
y: 9
Solving node: 5*9
x: 5
y: 9
Solving node: 4+9
x: 4
y: 9
Solving node: 13-8
x: 13
y: 8
Solving node: 5+5
x: 5
y: 5
Solving node: 10-2
x: 10
y: 2
Solving node: 8+9
x: 8
y: 9
Solving node: 17-6
x: 17
y: 6
Solving node: 11+21
x: 11
y: 21
Solving node: 32+72
x: 32
y: 72
Solving node: 104+45
x: 104
y: 45
Difference: 149
Last: 9; Last sum: 45
Calculating: 2*2+9-8+5-2+9-6+3*7+8*9+5*9-1
Solving node: 2*2
x: 2
y: 2
Solving node: 3*7
x: 3
y: 7
Solving node: 8*9
x: 8
y: 9
Solving node: 5*9
x: 5
y: 9
Solving node: 4+9
x: 4
y: 9
Solving node: 13-8
x: 13
y: 8
Solving node: 5+5
x: 5
y: 5
Solving node: 10-2
x: 10
y: 2
Solving node: 8+9
x: 8
y: 9
Solving node: 17-6
x: 17
y: 6
Solving node: 11+21
x: 11
y: 21
Solving node: 32+72
x: 32
y: 72
Solving node: 104+45
x: 104
y: 45
Solving node: 149-1
x: 149
y: 1
Solving node: 2*2
x: 2
y: 2
Solving node: 3*7
x: 3
y: 7
Solving node: 8*9
x: 8
y: 9
Solving node: 5*9
x: 5
y: 9
Solving node: 4+9
x: 4
y: 9
Solving node: 13-8
x: 13
y: 8
Solving node: 5+5
x: 5
y: 5
Solving node: 10-2
x: 10
y: 2
Solving node: 8+9
x: 8
y: 9
Solving node: 17-6
x: 17
y: 6
Solving node: 11+21
x: 11
y: 21
Solving node: 32+72
x: 32
y: 72
Solving node: 104+45
x: 104
y: 45
Solving node: 149-1
x: 149
y: 1
Solving node: 2*2
x: 2
y: 2
Solving node: 3*7
x: 3
y: 7
Solving node: 8*9
x: 8
y: 9
Solving node: 5*9
x: 5
y: 9
Solving node: 4+9
x: 4
y: 9
Solving node: 13-8
x: 13
y: 8
Solving node: 5+5
x: 5
y: 5
Solving node: 10-2
x: 10
y: 2
Solving node: 8+9
x: 8
y: 9
Solving node: 17-6
x: 17
y: 6
Solving node: 11+21
x: 11
y: 21
Solving node: 32+72
x: 32
y: 72
Solving node: 104+45
x: 104
y: 45
Difference: 149-1
Calculating: 2*2+9-8+5-2+9-6+3*7+8*9+5*9-1+3
Solving node: 2*2
x: 2
y: 2
Solving node: 3*7
x: 3
y: 7
Solving node: 8*9
x: 8
y: 9
Solving node: 5*9
x: 5
y: 9
Solving node: 4+9
x: 4
y: 9
Solving node: 13-8
x: 13
y: 8
Solving node: 5+5
x: 5
y: 5
Solving node: 10-2
x: 10
y: 2
Solving node: 8+9
x: 8
y: 9
Solving node: 17-6
x: 17
y: 6
Solving node: 11+21
x: 11
y: 21
Solving node: 32+72
x: 32
y: 72
Solving node: 104+45
x: 104
y: 45
Solving node: 149-1
x: 149
y: 1
Solving node: 148+3
x: 148
y: 3
Solving node: 2*2
x: 2
y: 2
Solving node: 3*7
x: 3
y: 7
Solving node: 8*9
x: 8
y: 9
Solving node: 5*9
x: 5
y: 9
Solving node: 4+9
x: 4
y: 9
Solving node: 13-8
x: 13
y: 8
Solving node: 5+5
x: 5
y: 5
Solving node: 10-2
x: 10
y: 2
Solving node: 8+9
x: 8
y: 9
Solving node: 17-6
x: 17
y: 6
Solving node: 11+21
x: 11
y: 21
Solving node: 32+72
x: 32
y: 72
Solving node: 104+45
x: 104
y: 45
Solving node: 149-1
x: 149
y: 1
Solving node: 2*2
x: 2
y: 2
Solving node: 3*7
x: 3
y: 7
Solving node: 8*9
x: 8
y: 9
Solving node: 5*9
x: 5
y: 9
Solving node: 4+9
x: 4
y: 9
Solving node: 13-8
x: 13
y: 8
Solving node: 5+5
x: 5
y: 5
Solving node: 10-2
x: 10
y: 2
Solving node: 8+9
x: 8
y: 9
Solving node: 17-6
x: 17
y: 6
Solving node: 11+21
x: 11
y: 21
Solving node: 32+72
x: 32
y: 72
Solving node: 104+45
x: 104
y: 45
Solving node: 149-1
x: 149
y: 1
Solving node: 148+3
x: 148
y: 3
Difference: 151
Last: 3; Last sum: 3
Calculating: 2*2+9-8+5-2+9-6+3*7+8*9+5*9-1+3-2
Solving node: 2*2
x: 2
y: 2
Solving node: 3*7
x: 3
y: 7
Solving node: 8*9
x: 8
y: 9
Solving node: 5*9
x: 5
y: 9
Solving node: 4+9
x: 4
y: 9
Solving node: 13-8
x: 13
y: 8
Solving node: 5+5
x: 5
y: 5
Solving node: 10-2
x: 10
y: 2
Solving node: 8+9
x: 8
y: 9
Solving node: 17-6
x: 17
y: 6
Solving node: 11+21
x: 11
y: 21
Solving node: 32+72
x: 32
y: 72
Solving node: 104+45
x: 104
y: 45
Solving node: 149-1
x: 149
y: 1
Solving node: 148+3
x: 148
y: 3
Solving node: 151-2
x: 151
y: 2
Originallösung: 2*2+9-8+5-2+9-6+3*7+8*9+5*9-1+3-2 = 149
[70/100] 2*2+9-8+5-2+9-6+3*7+8*9+5*9-1+3-2
Testing equation: 2*2+9-8+5-2+9-6+3*7+8*9+5*9-1+3-2
Checking node: 2*2
Solving node: 2*2
x: 2
y: 2
Checking node: 3*7
Solving node: 3*7
x: 3
y: 7
Checking node: 8*9
Solving node: 8*9
x: 8
y: 9
Checking node: 5*9
Solving node: 5*9
x: 5
y: 9
Checking node: 4+9
Solving node: 4+9
x: 4
y: 9
Checking node: 13-8
Solving node: 13-8
x: 13
y: 8
Checking node: 5+5
Solving node: 5+5
x: 5
y: 5
Checking node: 10-2
Solving node: 10-2
x: 10
y: 2
Checking node: 8+9
Solving node: 8+9
x: 8
y: 9
Checking node: 17-6
Solving node: 17-6
x: 17
y: 6
Checking node: 11+21
Solving node: 11+21
x: 11
y: 21
Checking node: 32+72
Solving node: 32+72
x: 32
y: 72
Checking node: 104+45
Solving node: 104+45
x: 104
y: 45
Checking node: 149-1
Solving node: 149-1
x: 149
y: 1
Checking node: 148+3
Solving node: 148+3
x: 148
y: 3
Checking node: 151-2
Solving node: 151-2
x: 151
y: 2
Checking node: 2*2
Checking node: 2+9
Checking node: 9-8
Checking node: 8+5
Checking node: 5-2
Checking node: 2+9
Checking node: 9-6
Checking node: 6+3
Checking node: 3*7
Checking node: 7+8
Checking node: 8*9
Checking node: 9+5
Checking node: 5*9
Checking node: 9-1
Checking node: 1+3
Checking node: 3-2
Difference: 6
Calculating: 6+2
Solving node: 6+2
x: 6
y: 2
Solving node: 6+2
x: 6
y: 2
Difference: 8
Using default bounds (multiplication)
Calculating: 6+2*6
Solving node: 2*6
x: 2
y: 6
Solving node: 6+12
x: 6
y: 12
Solving node: 2*6
x: 2
y: 6
Solving node: 2*6
x: 2
y: 6
Solving node: 6+12
x: 6
y: 12
Difference: 18
Calculating: 6+2*6+1
Solving node: 2*6
x: 2
y: 6
Solving node: 6+12
x: 6
y: 12
Solving node: 18+1
x: 18
y: 1
Solving node: 2*6
x: 2
y: 6
Solving node: 2*6
x: 2
y: 6
Solving node: 6+12
x: 6
y: 12
Solving node: 18+1
x: 18
y: 1
Difference: 19
Using default bounds (multiplication)
Calculating: 6+2*6+1*9
Solving node: 2*6
x: 2
y: 6
Solving node: 1*9
x: 1
y: 9
Solving node: 6+12
x: 6
y: 12
Solving node: 18+9
x: 18
y: 9
Solving node: 2*6
x: 2
y: 6
Solving node: 1*9
x: 1
y: 9
Solving node: 2*6
x: 2
y: 6
Solving node: 1*9
x: 1
y: 9
Solving node: 6+12
x: 6
y: 12
Solving node: 18+9
x: 18
y: 9
Difference: 27
Last: 9; Last sum: 9
Calculating: 6+2*6+1*9-2
Solving node: 2*6
x: 2
y: 6
Solving node: 1*9
x: 1
y: 9
Solving node: 6+12
x: 6
y: 12
Solving node: 18+9
x: 18
y: 9
Solving node: 27-2
x: 27
y: 2
Solving node: 2*6
x: 2
y: 6
Solving node: 1*9
x: 1
y: 9
Solving node: 6+12
x: 6
y: 12
Solving node: 18+9
x: 18
y: 9
Solving node: 27-2
x: 27
y: 2
Solving node: 2*6
x: 2
y: 6
Solving node: 1*9
x: 1
y: 9
Solving node: 6+12
x: 6
y: 12
Solving node: 18+9
x: 18
y: 9
Difference: 27-2
Calculating bounds (multiplication)
Previous index: -1 | Last operator index: 2
Upper bound: 2
Calculating: 6+2*6+1*9-2*1
Solving node: 2*6
x: 2
y: 6
Solving node: 1*9
x: 1
y: 9
Solving node: 2*1
x: 2
y: 1
Solving node: 6+12
x: 6
y: 12
Solving node: 18+9
x: 18
y: 9
Solving node: 27-2
x: 27
y: 2
Solving node: 2*6
x: 2
y: 6
Solving node: 1*9
x: 1
y: 9
Solving node: 2*1
x: 2
y: 1
Solving node: 6+12
x: 6
y: 12
Solving node: 18+9
x: 18
y: 9
Solving node: 27-2
x: 27
y: 2
Solving node: 2*6
x: 2
y: 6
Solving node: 1*9
x: 1
y: 9
Solving node: 2*1
x: 2
y: 1
Solving node: 6+12
x: 6
y: 12
Solving node: 18+9
x: 18
y: 9
Difference: 27-2
Calculating: 6+2*6+1*9-2*1+8
Solving node: 2*6
x: 2
y: 6
Solving node: 1*9
x: 1
y: 9
Solving node: 2*1
x: 2
y: 1
Solving node: 6+12
x: 6
y: 12
Solving node: 18+9
x: 18
y: 9
Solving node: 27-2
x: 27
y: 2
Solving node: 25+8
x: 25
y: 8
Solving node: 2*6
x: 2
y: 6
Solving node: 1*9
x: 1
y: 9
Solving node: 2*1
x: 2
y: 1
Solving node: 6+12
x: 6
y: 12
Solving node: 18+9
x: 18
y: 9
Solving node: 27-2
x: 27
y: 2
Solving node: 2*6
x: 2
y: 6
Solving node: 1*9
x: 1
y: 9
Solving node: 2*1
x: 2
y: 1
Solving node: 6+12
x: 6
y: 12
Solving node: 18+9
x: 18
y: 9
Solving node: 27-2
x: 27
y: 2
Solving node: 25+8
x: 25
y: 8
Difference: 33
Calculating: 6+2*6+1*9-2*1+8:1
Solving node: 2*6
x: 2
y: 6
Solving node: 1*9
x: 1
y: 9
Solving node: 2*1
x: 2
y: 1
Solving node: 8:1
x: 8
y: 1
Solving node: 6+12
x: 6
y: 12
Solving node: 18+9
x: 18
y: 9
Solving node: 27-2
x: 27
y: 2
Solving node: 25+8
x: 25
y: 8
Solving node: 2*6
x: 2
y: 6
Solving node: 1*9
x: 1
y: 9
Solving node: 2*1
x: 2
y: 1
Solving node: 8:1
x: 8
y: 1
Solving node: 6+12
x: 6
y: 12
Solving node: 18+9
x: 18
y: 9
Solving node: 27-2
x: 27
y: 2
Solving node: 2*6
x: 2
y: 6
Solving node: 1*9
x: 1
y: 9
Solving node: 2*1
x: 2
y: 1
Solving node: 8:1
x: 8
y: 1
Solving node: 6+12
x: 6
y: 12
Solving node: 18+9
x: 18
y: 9
Solving node: 27-2
x: 27
y: 2
Solving node: 25+8
x: 25
y: 8
Difference: 33
Calculating: 6+2*6+1*9-2*1+8:1+1
Solving node: 2*6
x: 2
y: 6
Solving node: 1*9
x: 1
y: 9
Solving node: 2*1
x: 2
y: 1
Solving node: 8:1
x: 8
y: 1
Solving node: 6+12
x: 6
y: 12
Solving node: 18+9
x: 18
y: 9
Solving node: 27-2
x: 27
y: 2
Solving node: 25+8
x: 25
y: 8
Solving node: 33+1
x: 33
y: 1
Solving node: 2*6
x: 2
y: 6
Solving node: 1*9
x: 1
y: 9
Solving node: 2*1
x: 2
y: 1
Solving node: 8:1
x: 8
y: 1
Solving node: 6+12
x: 6
y: 12
Solving node: 18+9
x: 18
y: 9
Solving node: 27-2
x: 27
y: 2
Solving node: 2*6
x: 2
y: 6
Solving node: 1*9
x: 1
y: 9
Solving node: 2*1
x: 2
y: 1
Solving node: 8:1
x: 8
y: 1
Solving node: 6+12
x: 6
y: 12
Solving node: 18+9
x: 18
y: 9
Solving node: 27-2
x: 27
y: 2
Solving node: 25+8
x: 25
y: 8
Solving node: 33+1
x: 33
y: 1
Difference: 34
Using default bounds (multiplication)
Calculating: 6+2*6+1*9-2*1+8:1+1*7
Solving node: 2*6
x: 2
y: 6
Solving node: 1*9
x: 1
y: 9
Solving node: 2*1
x: 2
y: 1
Solving node: 8:1
x: 8
y: 1
Solving node: 1*7
x: 1
y: 7
Solving node: 6+12
x: 6
y: 12
Solving node: 18+9
x: 18
y: 9
Solving node: 27-2
x: 27
y: 2
Solving node: 25+8
x: 25
y: 8
Solving node: 33+7
x: 33
y: 7
Solving node: 2*6
x: 2
y: 6
Solving node: 1*9
x: 1
y: 9
Solving node: 2*1
x: 2
y: 1
Solving node: 8:1
x: 8
y: 1
Solving node: 1*7
x: 1
y: 7
Solving node: 6+12
x: 6
y: 12
Solving node: 18+9
x: 18
y: 9
Solving node: 27-2
x: 27
y: 2
Solving node: 2*6
x: 2
y: 6
Solving node: 1*9
x: 1
y: 9
Solving node: 2*1
x: 2
y: 1
Solving node: 8:1
x: 8
y: 1
Solving node: 1*7
x: 1
y: 7
Solving node: 6+12
x: 6
y: 12
Solving node: 18+9
x: 18
y: 9
Solving node: 27-2
x: 27
y: 2
Solving node: 25+8
x: 25
y: 8
Solving node: 33+7
x: 33
y: 7
Difference: 40
Last: 7; Last sum: 7
Calculating: 6+2*6+1*9-2*1+8:1+1*7-2
Solving node: 2*6
x: 2
y: 6
Solving node: 1*9
x: 1
y: 9
Solving node: 2*1
x: 2
y: 1
Solving node: 8:1
x: 8
y: 1
Solving node: 1*7
x: 1
y: 7
Solving node: 6+12
x: 6
y: 12
Solving node: 18+9
x: 18
y: 9
Solving node: 27-2
x: 27
y: 2
Solving node: 25+8
x: 25
y: 8
Solving node: 33+7
x: 33
y: 7
Solving node: 40-2
x: 40
y: 2
Solving node: 2*6
x: 2
y: 6
Solving node: 1*9
x: 1
y: 9
Solving node: 2*1
x: 2
y: 1
Solving node: 8:1
x: 8
y: 1
Solving node: 1*7
x: 1
y: 7
Solving node: 6+12
x: 6
y: 12
Solving node: 18+9
x: 18
y: 9
Solving node: 27-2
x: 27
y: 2
Solving node: 25+8
x: 25
y: 8
Solving node: 33+7
x: 33
y: 7
Solving node: 40-2
x: 40
y: 2
Solving node: 2*6
x: 2
y: 6
Solving node: 1*9
x: 1
y: 9
Solving node: 2*1
x: 2
y: 1
Solving node: 8:1
x: 8
y: 1
Solving node: 1*7
x: 1
y: 7
Solving node: 6+12
x: 6
y: 12
Solving node: 18+9
x: 18
y: 9
Solving node: 27-2
x: 27
y: 2
Solving node: 25+8
x: 25
y: 8
Solving node: 33+7
x: 33
y: 7
Difference: 40-2
Calculating bounds (multiplication)
Previous index: -1 | Last operator index: 2
Upper bound: 2
Calculating: 6+2*6+1*9-2*1+8:1+1*7-2*1
Solving node: 2*6
x: 2
y: 6
Solving node: 1*9
x: 1
y: 9
Solving node: 2*1
x: 2
y: 1
Solving node: 8:1
x: 8
y: 1
Solving node: 1*7
x: 1
y: 7
Solving node: 2*1
x: 2
y: 1
Solving node: 6+12
x: 6
y: 12
Solving node: 18+9
x: 18
y: 9
Solving node: 27-2
x: 27
y: 2
Solving node: 25+8
x: 25
y: 8
Solving node: 33+7
x: 33
y: 7
Solving node: 40-2
x: 40
y: 2
Solving node: 2*6
x: 2
y: 6
Solving node: 1*9
x: 1
y: 9
Solving node: 2*1
x: 2
y: 1
Solving node: 8:1
x: 8
y: 1
Solving node: 1*7
x: 1
y: 7
Solving node: 2*1
x: 2
y: 1
Solving node: 6+12
x: 6
y: 12
Solving node: 18+9
x: 18
y: 9
Solving node: 27-2
x: 27
y: 2
Solving node: 25+8
x: 25
y: 8
Solving node: 33+7
x: 33
y: 7
Solving node: 40-2
x: 40
y: 2
Solving node: 2*6
x: 2
y: 6
Solving node: 1*9
x: 1
y: 9
Solving node: 2*1
x: 2
y: 1
Solving node: 8:1
x: 8
y: 1
Solving node: 1*7
x: 1
y: 7
Solving node: 2*1
x: 2
y: 1
Solving node: 6+12
x: 6
y: 12
Solving node: 18+9
x: 18
y: 9
Solving node: 27-2
x: 27
y: 2
Solving node: 25+8
x: 25
y: 8
Solving node: 33+7
x: 33
y: 7
Difference: 40-2
Calculating: 6+2*6+1*9-2*1+8:1+1*7-2*1+1
Solving node: 2*6
x: 2
y: 6
Solving node: 1*9
x: 1
y: 9
Solving node: 2*1
x: 2
y: 1
Solving node: 8:1
x: 8
y: 1
Solving node: 1*7
x: 1
y: 7
Solving node: 2*1
x: 2
y: 1
Solving node: 6+12
x: 6
y: 12
Solving node: 18+9
x: 18
y: 9
Solving node: 27-2
x: 27
y: 2
Solving node: 25+8
x: 25
y: 8
Solving node: 33+7
x: 33
y: 7
Solving node: 40-2
x: 40
y: 2
Solving node: 38+1
x: 38
y: 1
Solving node: 2*6
x: 2
y: 6
Solving node: 1*9
x: 1
y: 9
Solving node: 2*1
x: 2
y: 1
Solving node: 8:1
x: 8
y: 1
Solving node: 1*7
x: 1
y: 7
Solving node: 2*1
x: 2
y: 1
Solving node: 6+12
x: 6
y: 12
Solving node: 18+9
x: 18
y: 9
Solving node: 27-2
x: 27
y: 2
Solving node: 25+8
x: 25
y: 8
Solving node: 33+7
x: 33
y: 7
Solving node: 40-2
x: 40
y: 2
Solving node: 2*6
x: 2
y: 6
Solving node: 1*9
x: 1
y: 9
Solving node: 2*1
x: 2
y: 1
Solving node: 8:1
x: 8
y: 1
Solving node: 1*7
x: 1
y: 7
Solving node: 2*1
x: 2
y: 1
Solving node: 6+12
x: 6
y: 12
Solving node: 18+9
x: 18
y: 9
Solving node: 27-2
x: 27
y: 2
Solving node: 25+8
x: 25
y: 8
Solving node: 33+7
x: 33
y: 7
Solving node: 40-2
x: 40
y: 2
Solving node: 38+1
x: 38
y: 1
Difference: 39
Using default bounds (multiplication)
Calculating: 6+2*6+1*9-2*1+8:1+1*7-2*1+1*6
Solving node: 2*6
x: 2
y: 6
Solving node: 1*9
x: 1
y: 9
Solving node: 2*1
x: 2
y: 1
Solving node: 8:1
x: 8
y: 1
Solving node: 1*7
x: 1
y: 7
Solving node: 2*1
x: 2
y: 1
Solving node: 1*6
x: 1
y: 6
Solving node: 6+12
x: 6
y: 12
Solving node: 18+9
x: 18
y: 9
Solving node: 27-2
x: 27
y: 2
Solving node: 25+8
x: 25
y: 8
Solving node: 33+7
x: 33
y: 7
Solving node: 40-2
x: 40
y: 2
Solving node: 38+6
x: 38
y: 6
Solving node: 2*6
x: 2
y: 6
Solving node: 1*9
x: 1
y: 9
Solving node: 2*1
x: 2
y: 1
Solving node: 8:1
x: 8
y: 1
Solving node: 1*7
x: 1
y: 7
Solving node: 2*1
x: 2
y: 1
Solving node: 1*6
x: 1
y: 6
Solving node: 6+12
x: 6
y: 12
Solving node: 18+9
x: 18
y: 9
Solving node: 27-2
x: 27
y: 2
Solving node: 25+8
x: 25
y: 8
Solving node: 33+7
x: 33
y: 7
Solving node: 40-2
x: 40
y: 2
Solving node: 2*6
x: 2
y: 6
Solving node: 1*9
x: 1
y: 9
Solving node: 2*1
x: 2
y: 1
Solving node: 8:1
x: 8
y: 1
Solving node: 1*7
x: 1
y: 7
Solving node: 2*1
x: 2
y: 1
Solving node: 1*6
x: 1
y: 6
Solving node: 6+12
x: 6
y: 12
Solving node: 18+9
x: 18
y: 9
Solving node: 27-2
x: 27
y: 2
Solving node: 25+8
x: 25
y: 8
Solving node: 33+7
x: 33
y: 7
Solving node: 40-2
x: 40
y: 2
Solving node: 38+6
x: 38
y: 6
Difference: 44
Last: 6; Last sum: 6
Calculating: 6+2*6+1*9-2*1+8:1+1*7-2*1+1*6-5
Solving node: 2*6
x: 2
y: 6
Solving node: 1*9
x: 1
y: 9
Solving node: 2*1
x: 2
y: 1
Solving node: 8:1
x: 8
y: 1
Solving node: 1*7
x: 1
y: 7
Solving node: 2*1
x: 2
y: 1
Solving node: 1*6
x: 1
y: 6
Solving node: 6+12
x: 6
y: 12
Solving node: 18+9
x: 18
y: 9
Solving node: 27-2
x: 27
y: 2
Solving node: 25+8
x: 25
y: 8
Solving node: 33+7
x: 33
y: 7
Solving node: 40-2
x: 40
y: 2
Solving node: 38+6
x: 38
y: 6
Solving node: 44-5
x: 44
y: 5
Solving node: 2*6
x: 2
y: 6
Solving node: 1*9
x: 1
y: 9
Solving node: 2*1
x: 2
y: 1
Solving node: 8:1
x: 8
y: 1
Solving node: 1*7
x: 1
y: 7
Solving node: 2*1
x: 2
y: 1
Solving node: 1*6
x: 1
y: 6
Solving node: 6+12
x: 6
y: 12
Solving node: 18+9
x: 18
y: 9
Solving node: 27-2
x: 27
y: 2
Solving node: 25+8
x: 25
y: 8
Solving node: 33+7
x: 33
y: 7
Solving node: 40-2
x: 40
y: 2
Solving node: 38+6
x: 38
y: 6
Solving node: 44-5
x: 44
y: 5
Solving node: 2*6
x: 2
y: 6
Solving node: 1*9
x: 1
y: 9
Solving node: 2*1
x: 2
y: 1
Solving node: 8:1
x: 8
y: 1
Solving node: 1*7
x: 1
y: 7
Solving node: 2*1
x: 2
y: 1
Solving node: 1*6
x: 1
y: 6
Solving node: 6+12
x: 6
y: 12
Solving node: 18+9
x: 18
y: 9
Solving node: 27-2
x: 27
y: 2
Solving node: 25+8
x: 25
y: 8
Solving node: 33+7
x: 33
y: 7
Solving node: 40-2
x: 40
y: 2
Solving node: 38+6
x: 38
y: 6
Difference: 44-5
Calculating bounds (multiplication)
Previous index: -1 | Last operator index: 2
Upper bound: 5
Calculating: 6+2*6+1*9-2*1+8:1+1*7-2*1+1*6-5*3
Solving node: 2*6
x: 2
y: 6
Solving node: 1*9
x: 1
y: 9
Solving node: 2*1
x: 2
y: 1
Solving node: 8:1
x: 8
y: 1
Solving node: 1*7
x: 1
y: 7
Solving node: 2*1
x: 2
y: 1
Solving node: 1*6
x: 1
y: 6
Solving node: 5*3
x: 5
y: 3
Solving node: 6+12
x: 6
y: 12
Solving node: 18+9
x: 18
y: 9
Solving node: 27-2
x: 27
y: 2
Solving node: 25+8
x: 25
y: 8
Solving node: 33+7
x: 33
y: 7
Solving node: 40-2
x: 40
y: 2
Solving node: 38+6
x: 38
y: 6
Solving node: 44-15
x: 44
y: 15
Originallösung: 6+2*6+1*9-2*1+8:1+1*7-2*1+1*6-5*3 = 29
[71/100] 6+2*6+1*9-2*1+8:1+1*7-2*1+1*6-5*3
Testing equation: 6+2*6+1*9-2*1+8:1+1*7-2*1+1*6-5*3
Checking node: 2*6
Solving node: 2*6
x: 2
y: 6
Checking node: 1*9
Solving node: 1*9
x: 1
y: 9
Checking node: 2*1
Solving node: 2*1
x: 2
y: 1
Checking node: 8:1
Solving node: 8:1
x: 8
y: 1
Checking node: 1*7
Solving node: 1*7
x: 1
y: 7
Checking node: 2*1
Solving node: 2*1
x: 2
y: 1
Checking node: 1*6
Solving node: 1*6
x: 1
y: 6
Checking node: 5*3
Solving node: 5*3
x: 5
y: 3
Checking node: 6+12
Solving node: 6+12
x: 6
y: 12
Checking node: 18+9
Solving node: 18+9
x: 18
y: 9
Checking node: 27-2
Solving node: 27-2
x: 27
y: 2
Checking node: 25+8
Solving node: 25+8
x: 25
y: 8
Checking node: 33+7
Solving node: 33+7
x: 33
y: 7
Checking node: 40-2
Solving node: 40-2
x: 40
y: 2
Checking node: 38+6
Solving node: 38+6
x: 38
y: 6
Checking node: 44-15
Solving node: 44-15
x: 44
y: 15
Checking node: 6+2
Checking node: 2*6
Checking node: 6+1
Checking node: 1*9
Checking node: 9-2
Checking node: 2*1
Checking node: 1+8
Checking node: 8:1
Checking node: 1+1
Checking node: 1*7
Checking node: 7-2
Checking node: 2*1
Checking node: 1+1
Checking node: 1*6
Checking node: 6-5
Checking node: 5*3
Difference: 3
Using default bounds (multiplication)
Calculating: 3*9
Solving node: 3*9
x: 3
y: 9
Solving node: 3*9
x: 3
y: 9
Solving node: 3*9
x: 3
y: 9
Difference: 27
Calculating: 3*9+4
Solving node: 3*9
x: 3
y: 9
Solving node: 27+4
x: 27
y: 4
Solving node: 3*9
x: 3
y: 9
Solving node: 3*9
x: 3
y: 9
Solving node: 27+4
x: 27
y: 4
Difference: 31
Using default bounds (multiplication)
Calculating: 3*9+4*1
Solving node: 3*9
x: 3
y: 9
Solving node: 4*1
x: 4
y: 1
Solving node: 27+4
x: 27
y: 4
Solving node: 3*9
x: 3
y: 9
Solving node: 4*1
x: 4
y: 1
Solving node: 3*9
x: 3
y: 9
Solving node: 4*1
x: 4
y: 1
Solving node: 27+4
x: 27
y: 4
Difference: 31
Calculating: 3*9+4*1+2
Solving node: 3*9
x: 3
y: 9
Solving node: 4*1
x: 4
y: 1
Solving node: 27+4
x: 27
y: 4
Solving node: 31+2
x: 31
y: 2
Solving node: 3*9
x: 3
y: 9
Solving node: 4*1
x: 4
y: 1
Solving node: 3*9
x: 3
y: 9
Solving node: 4*1
x: 4
y: 1
Solving node: 27+4
x: 27
y: 4
Solving node: 31+2
x: 31
y: 2
Difference: 33
Using default bounds (multiplication)
Calculating: 3*9+4*1+2*1
Solving node: 3*9
x: 3
y: 9
Solving node: 4*1
x: 4
y: 1
Solving node: 2*1
x: 2
y: 1
Solving node: 27+4
x: 27
y: 4
Solving node: 31+2
x: 31
y: 2
Solving node: 3*9
x: 3
y: 9
Solving node: 4*1
x: 4
y: 1
Solving node: 2*1
x: 2
y: 1
Solving node: 3*9
x: 3
y: 9
Solving node: 4*1
x: 4
y: 1
Solving node: 2*1
x: 2
y: 1
Solving node: 27+4
x: 27
y: 4
Solving node: 31+2
x: 31
y: 2
Difference: 33
Calculating: 3*9+4*1+2*1+6
Solving node: 3*9
x: 3
y: 9
Solving node: 4*1
x: 4
y: 1
Solving node: 2*1
x: 2
y: 1
Solving node: 27+4
x: 27
y: 4
Solving node: 31+2
x: 31
y: 2
Solving node: 33+6
x: 33
y: 6
Solving node: 3*9
x: 3
y: 9
Solving node: 4*1
x: 4
y: 1
Solving node: 2*1
x: 2
y: 1
Solving node: 3*9
x: 3
y: 9
Solving node: 4*1
x: 4
y: 1
Solving node: 2*1
x: 2
y: 1
Solving node: 27+4
x: 27
y: 4
Solving node: 31+2
x: 31
y: 2
Solving node: 33+6
x: 33
y: 6
Difference: 39
Calculating: 3*9+4*1+2*1+6:1
Solving node: 3*9
x: 3
y: 9
Solving node: 4*1
x: 4
y: 1
Solving node: 2*1
x: 2
y: 1
Solving node: 6:1
x: 6
y: 1
Solving node: 27+4
x: 27
y: 4
Solving node: 31+2
x: 31
y: 2
Solving node: 33+6
x: 33
y: 6
Solving node: 3*9
x: 3
y: 9
Solving node: 4*1
x: 4
y: 1
Solving node: 2*1
x: 2
y: 1
Solving node: 6:1
x: 6
y: 1
Solving node: 3*9
x: 3
y: 9
Solving node: 4*1
x: 4
y: 1
Solving node: 2*1
x: 2
y: 1
Solving node: 6:1
x: 6
y: 1
Solving node: 27+4
x: 27
y: 4
Solving node: 31+2
x: 31
y: 2
Solving node: 33+6
x: 33
y: 6
Difference: 39
Using default bounds (multiplication)
Calculating: 3*9+4*1+2*1+6:1*9
Solving node: 3*9
x: 3
y: 9
Solving node: 4*1
x: 4
y: 1
Solving node: 2*1
x: 2
y: 1
Solving node: 6:1
x: 6
y: 1
Solving node: 6*9
x: 6
y: 9
Solving node: 27+4
x: 27
y: 4
Solving node: 31+2
x: 31
y: 2
Solving node: 33+54
x: 33
y: 54
Solving node: 3*9
x: 3
y: 9
Solving node: 4*1
x: 4
y: 1
Solving node: 2*1
x: 2
y: 1
Solving node: 6:1
x: 6
y: 1
Solving node: 6*9
x: 6
y: 9
Solving node: 3*9
x: 3
y: 9
Solving node: 4*1
x: 4
y: 1
Solving node: 2*1
x: 2
y: 1
Solving node: 6:1
x: 6
y: 1
Solving node: 6*9
x: 6
y: 9
Solving node: 27+4
x: 27
y: 4
Solving node: 31+2
x: 31
y: 2
Solving node: 33+54
x: 33
y: 54
Difference: 87
Last: 9; Last sum: 54
Calculating: 3*9+4*1+2*1+6:1*9-3
Solving node: 3*9
x: 3
y: 9
Solving node: 4*1
x: 4
y: 1
Solving node: 2*1
x: 2
y: 1
Solving node: 6:1
x: 6
y: 1
Solving node: 6*9
x: 6
y: 9
Solving node: 27+4
x: 27
y: 4
Solving node: 31+2
x: 31
y: 2
Solving node: 33+54
x: 33
y: 54
Solving node: 87-3
x: 87
y: 3
Solving node: 3*9
x: 3
y: 9
Solving node: 4*1
x: 4
y: 1
Solving node: 2*1
x: 2
y: 1
Solving node: 6:1
x: 6
y: 1
Solving node: 6*9
x: 6
y: 9
Solving node: 27+4
x: 27
y: 4
Solving node: 31+2
x: 31
y: 2
Solving node: 33+54
x: 33
y: 54
Solving node: 87-3
x: 87
y: 3
Solving node: 3*9
x: 3
y: 9
Solving node: 4*1
x: 4
y: 1
Solving node: 2*1
x: 2
y: 1
Solving node: 6:1
x: 6
y: 1
Solving node: 6*9
x: 6
y: 9
Solving node: 27+4
x: 27
y: 4
Solving node: 31+2
x: 31
y: 2
Solving node: 33+54
x: 33
y: 54
Difference: 87-3
Calculating bounds (multiplication)
Previous index: -1 | Last operator index: 2
Upper bound: 3
Calculating: 3*9+4*1+2*1+6:1*9-3*2
Solving node: 3*9
x: 3
y: 9
Solving node: 4*1
x: 4
y: 1
Solving node: 2*1
x: 2
y: 1
Solving node: 6:1
x: 6
y: 1
Solving node: 6*9
x: 6
y: 9
Solving node: 3*2
x: 3
y: 2
Solving node: 27+4
x: 27
y: 4
Solving node: 31+2
x: 31
y: 2
Solving node: 33+54
x: 33
y: 54
Solving node: 87-6
x: 87
y: 6
Solving node: 3*9
x: 3
y: 9
Solving node: 4*1
x: 4
y: 1
Solving node: 2*1
x: 2
y: 1
Solving node: 6:1
x: 6
y: 1
Solving node: 6*9
x: 6
y: 9
Solving node: 3*2
x: 3
y: 2
Solving node: 27+4
x: 27
y: 4
Solving node: 31+2
x: 31
y: 2
Solving node: 33+54
x: 33
y: 54
Solving node: 87-6
x: 87
y: 6
Solving node: 3*9
x: 3
y: 9
Solving node: 4*1
x: 4
y: 1
Solving node: 2*1
x: 2
y: 1
Solving node: 6:1
x: 6
y: 1
Solving node: 6*9
x: 6
y: 9
Solving node: 3*2
x: 3
y: 2
Solving node: 27+4
x: 27
y: 4
Solving node: 31+2
x: 31
y: 2
Solving node: 33+54
x: 33
y: 54
Difference: 87-6
Calculating: 3*9+4*1+2*1+6:1*9-3*2+5
Solving node: 3*9
x: 3
y: 9
Solving node: 4*1
x: 4
y: 1
Solving node: 2*1
x: 2
y: 1
Solving node: 6:1
x: 6
y: 1
Solving node: 6*9
x: 6
y: 9
Solving node: 3*2
x: 3
y: 2
Solving node: 27+4
x: 27
y: 4
Solving node: 31+2
x: 31
y: 2
Solving node: 33+54
x: 33
y: 54
Solving node: 87-6
x: 87
y: 6
Solving node: 81+5
x: 81
y: 5
Solving node: 3*9
x: 3
y: 9
Solving node: 4*1
x: 4
y: 1
Solving node: 2*1
x: 2
y: 1
Solving node: 6:1
x: 6
y: 1
Solving node: 6*9
x: 6
y: 9
Solving node: 3*2
x: 3
y: 2
Solving node: 27+4
x: 27
y: 4
Solving node: 31+2
x: 31
y: 2
Solving node: 33+54
x: 33
y: 54
Solving node: 87-6
x: 87
y: 6
Solving node: 3*9
x: 3
y: 9
Solving node: 4*1
x: 4
y: 1
Solving node: 2*1
x: 2
y: 1
Solving node: 6:1
x: 6
y: 1
Solving node: 6*9
x: 6
y: 9
Solving node: 3*2
x: 3
y: 2
Solving node: 27+4
x: 27
y: 4
Solving node: 31+2
x: 31
y: 2
Solving node: 33+54
x: 33
y: 54
Solving node: 87-6
x: 87
y: 6
Solving node: 81+5
x: 81
y: 5
Difference: 86
Last: 5; Last sum: 5
Calculating: 3*9+4*1+2*1+6:1*9-3*2+5-2
Solving node: 3*9
x: 3
y: 9
Solving node: 4*1
x: 4
y: 1
Solving node: 2*1
x: 2
y: 1
Solving node: 6:1
x: 6
y: 1
Solving node: 6*9
x: 6
y: 9
Solving node: 3*2
x: 3
y: 2
Solving node: 27+4
x: 27
y: 4
Solving node: 31+2
x: 31
y: 2
Solving node: 33+54
x: 33
y: 54
Solving node: 87-6
x: 87
y: 6
Solving node: 81+5
x: 81
y: 5
Solving node: 86-2
x: 86
y: 2
Solving node: 3*9
x: 3
y: 9
Solving node: 4*1
x: 4
y: 1
Solving node: 2*1
x: 2
y: 1
Solving node: 6:1
x: 6
y: 1
Solving node: 6*9
x: 6
y: 9
Solving node: 3*2
x: 3
y: 2
Solving node: 27+4
x: 27
y: 4
Solving node: 31+2
x: 31
y: 2
Solving node: 33+54
x: 33
y: 54
Solving node: 87-6
x: 87
y: 6
Solving node: 81+5
x: 81
y: 5
Solving node: 86-2
x: 86
y: 2
Solving node: 3*9
x: 3
y: 9
Solving node: 4*1
x: 4
y: 1
Solving node: 2*1
x: 2
y: 1
Solving node: 6:1
x: 6
y: 1
Solving node: 6*9
x: 6
y: 9
Solving node: 3*2
x: 3
y: 2
Solving node: 27+4
x: 27
y: 4
Solving node: 31+2
x: 31
y: 2
Solving node: 33+54
x: 33
y: 54
Solving node: 87-6
x: 87
y: 6
Solving node: 81+5
x: 81
y: 5
Difference: 86-2
Calculating: 3*9+4*1+2*1+6:1*9-3*2+5-2+7
Solving node: 3*9
x: 3
y: 9
Solving node: 4*1
x: 4
y: 1
Solving node: 2*1
x: 2
y: 1
Solving node: 6:1
x: 6
y: 1
Solving node: 6*9
x: 6
y: 9
Solving node: 3*2
x: 3
y: 2
Solving node: 27+4
x: 27
y: 4
Solving node: 31+2
x: 31
y: 2
Solving node: 33+54
x: 33
y: 54
Solving node: 87-6
x: 87
y: 6
Solving node: 81+5
x: 81
y: 5
Solving node: 86-2
x: 86
y: 2
Solving node: 84+7
x: 84
y: 7
Solving node: 3*9
x: 3
y: 9
Solving node: 4*1
x: 4
y: 1
Solving node: 2*1
x: 2
y: 1
Solving node: 6:1
x: 6
y: 1
Solving node: 6*9
x: 6
y: 9
Solving node: 3*2
x: 3
y: 2
Solving node: 27+4
x: 27
y: 4
Solving node: 31+2
x: 31
y: 2
Solving node: 33+54
x: 33
y: 54
Solving node: 87-6
x: 87
y: 6
Solving node: 81+5
x: 81
y: 5
Solving node: 86-2
x: 86
y: 2
Solving node: 3*9
x: 3
y: 9
Solving node: 4*1
x: 4
y: 1
Solving node: 2*1
x: 2
y: 1
Solving node: 6:1
x: 6
y: 1
Solving node: 6*9
x: 6
y: 9
Solving node: 3*2
x: 3
y: 2
Solving node: 27+4
x: 27
y: 4
Solving node: 31+2
x: 31
y: 2
Solving node: 33+54
x: 33
y: 54
Solving node: 87-6
x: 87
y: 6
Solving node: 81+5
x: 81
y: 5
Solving node: 86-2
x: 86
y: 2
Solving node: 84+7
x: 84
y: 7
Difference: 91
Last: 7; Last sum: 7
Calculating: 3*9+4*1+2*1+6:1*9-3*2+5-2+7-1
Solving node: 3*9
x: 3
y: 9
Solving node: 4*1
x: 4
y: 1
Solving node: 2*1
x: 2
y: 1
Solving node: 6:1
x: 6
y: 1
Solving node: 6*9
x: 6
y: 9
Solving node: 3*2
x: 3
y: 2
Solving node: 27+4
x: 27
y: 4
Solving node: 31+2
x: 31
y: 2
Solving node: 33+54
x: 33
y: 54
Solving node: 87-6
x: 87
y: 6
Solving node: 81+5
x: 81
y: 5
Solving node: 86-2
x: 86
y: 2
Solving node: 84+7
x: 84
y: 7
Solving node: 91-1
x: 91
y: 1
Solving node: 3*9
x: 3
y: 9
Solving node: 4*1
x: 4
y: 1
Solving node: 2*1
x: 2
y: 1
Solving node: 6:1
x: 6
y: 1
Solving node: 6*9
x: 6
y: 9
Solving node: 3*2
x: 3
y: 2
Solving node: 27+4
x: 27
y: 4
Solving node: 31+2
x: 31
y: 2
Solving node: 33+54
x: 33
y: 54
Solving node: 87-6
x: 87
y: 6
Solving node: 81+5
x: 81
y: 5
Solving node: 86-2
x: 86
y: 2
Solving node: 84+7
x: 84
y: 7
Solving node: 91-1
x: 91
y: 1
Solving node: 3*9
x: 3
y: 9
Solving node: 4*1
x: 4
y: 1
Solving node: 2*1
x: 2
y: 1
Solving node: 6:1
x: 6
y: 1
Solving node: 6*9
x: 6
y: 9
Solving node: 3*2
x: 3
y: 2
Solving node: 27+4
x: 27
y: 4
Solving node: 31+2
x: 31
y: 2
Solving node: 33+54
x: 33
y: 54
Solving node: 87-6
x: 87
y: 6
Solving node: 81+5
x: 81
y: 5
Solving node: 86-2
x: 86
y: 2
Solving node: 84+7
x: 84
y: 7
Difference: 91-1
Calculating bounds (multiplication)
Previous index: -1 | Last operator index: 2
Upper bound: 1
Solving node: 3*9
x: 3
y: 9
Solving node: 4*1
x: 4
y: 1
Solving node: 2*1
x: 2
y: 1
Solving node: 6:1
x: 6
y: 1
Solving node: 6*9
x: 6
y: 9
Solving node: 3*2
x: 3
y: 2
Solving node: 27+4
x: 27
y: 4
Solving node: 31+2
x: 31
y: 2
Solving node: 33+54
x: 33
y: 54
Solving node: 87-6
x: 87
y: 6
Solving node: 81+5
x: 81
y: 5
Solving node: 86-2
x: 86
y: 2
Solving node: 84+7
x: 84
y: 7
Solving node: 91-1
x: 91
y: 1
Solving node: 3*9
x: 3
y: 9
Solving node: 4*1
x: 4
y: 1
Solving node: 2*1
x: 2
y: 1
Solving node: 6:1
x: 6
y: 1
Solving node: 6*9
x: 6
y: 9
Solving node: 3*2
x: 3
y: 2
Solving node: 27+4
x: 27
y: 4
Solving node: 31+2
x: 31
y: 2
Solving node: 33+54
x: 33
y: 54
Solving node: 87-6
x: 87
y: 6
Solving node: 81+5
x: 81
y: 5
Solving node: 86-2
x: 86
y: 2
Solving node: 84+7
x: 84
y: 7
Difference: 91-1
Calculating: 3*9+4*1+2*1+6:1*9-3*2+5-2+7-1+3
Solving node: 3*9
x: 3
y: 9
Solving node: 4*1
x: 4
y: 1
Solving node: 2*1
x: 2
y: 1
Solving node: 6:1
x: 6
y: 1
Solving node: 6*9
x: 6
y: 9
Solving node: 3*2
x: 3
y: 2
Solving node: 27+4
x: 27
y: 4
Solving node: 31+2
x: 31
y: 2
Solving node: 33+54
x: 33
y: 54
Solving node: 87-6
x: 87
y: 6
Solving node: 81+5
x: 81
y: 5
Solving node: 86-2
x: 86
y: 2
Solving node: 84+7
x: 84
y: 7
Solving node: 91-1
x: 91
y: 1
Solving node: 90+3
x: 90
y: 3
Solving node: 3*9
x: 3
y: 9
Solving node: 4*1
x: 4
y: 1
Solving node: 2*1
x: 2
y: 1
Solving node: 6:1
x: 6
y: 1
Solving node: 6*9
x: 6
y: 9
Solving node: 3*2
x: 3
y: 2
Solving node: 27+4
x: 27
y: 4
Solving node: 31+2
x: 31
y: 2
Solving node: 33+54
x: 33
y: 54
Solving node: 87-6
x: 87
y: 6
Solving node: 81+5
x: 81
y: 5
Solving node: 86-2
x: 86
y: 2
Solving node: 84+7
x: 84
y: 7
Solving node: 91-1
x: 91
y: 1
Solving node: 3*9
x: 3
y: 9
Solving node: 4*1
x: 4
y: 1
Solving node: 2*1
x: 2
y: 1
Solving node: 6:1
x: 6
y: 1
Solving node: 6*9
x: 6
y: 9
Solving node: 3*2
x: 3
y: 2
Solving node: 27+4
x: 27
y: 4
Solving node: 31+2
x: 31
y: 2
Solving node: 33+54
x: 33
y: 54
Solving node: 87-6
x: 87
y: 6
Solving node: 81+5
x: 81
y: 5
Solving node: 86-2
x: 86
y: 2
Solving node: 84+7
x: 84
y: 7
Solving node: 91-1
x: 91
y: 1
Solving node: 90+3
x: 90
y: 3
Difference: 93
Last: 3; Last sum: 3
Calculating: 3*9+4*1+2*1+6:1*9-3*2+5-2+7-1+3-2
Solving node: 3*9
x: 3
y: 9
Solving node: 4*1
x: 4
y: 1
Solving node: 2*1
x: 2
y: 1
Solving node: 6:1
x: 6
y: 1
Solving node: 6*9
x: 6
y: 9
Solving node: 3*2
x: 3
y: 2
Solving node: 27+4
x: 27
y: 4
Solving node: 31+2
x: 31
y: 2
Solving node: 33+54
x: 33
y: 54
Solving node: 87-6
x: 87
y: 6
Solving node: 81+5
x: 81
y: 5
Solving node: 86-2
x: 86
y: 2
Solving node: 84+7
x: 84
y: 7
Solving node: 91-1
x: 91
y: 1
Solving node: 90+3
x: 90
y: 3
Solving node: 93-2
x: 93
y: 2
Originallösung: 3*9+4*1+2*1+6:1*9-3*2+5-2+7-1+3-2 = 91
[72/100] 3*9+4*1+2*1+6:1*9-3*2+5-2+7-1+3-2
Testing equation: 3*9+4*1+2*1+6:1*9-3*2+5-2+7-1+3-2
Checking node: 3*9
Solving node: 3*9
x: 3
y: 9
Checking node: 4*1
Solving node: 4*1
x: 4
y: 1
Checking node: 2*1
Solving node: 2*1
x: 2
y: 1
Checking node: 6:1
Solving node: 6:1
x: 6
y: 1
Checking node: 6*9
Solving node: 6*9
x: 6
y: 9
Checking node: 3*2
Solving node: 3*2
x: 3
y: 2
Checking node: 27+4
Solving node: 27+4
x: 27
y: 4
Checking node: 31+2
Solving node: 31+2
x: 31
y: 2
Checking node: 33+54
Solving node: 33+54
x: 33
y: 54
Checking node: 87-6
Solving node: 87-6
x: 87
y: 6
Checking node: 81+5
Solving node: 81+5
x: 81
y: 5
Checking node: 86-2
Solving node: 86-2
x: 86
y: 2
Checking node: 84+7
Solving node: 84+7
x: 84
y: 7
Checking node: 91-1
Solving node: 91-1
x: 91
y: 1
Checking node: 90+3
Solving node: 90+3
x: 90
y: 3
Checking node: 93-2
Solving node: 93-2
x: 93
y: 2
Checking node: 3*9
Checking node: 9+4
Checking node: 4*1
Checking node: 1+2
Checking node: 2*1
Checking node: 1+6
Checking node: 6:1
Checking node: 1*9
Checking node: 9-3
Checking node: 3*2
Checking node: 2+5
Checking node: 5-2
Checking node: 2+7
Checking node: 7-1
Checking node: 1+3
Checking node: 3-2
Difference: 6
Calculating: 6+8
Solving node: 6+8
x: 6
y: 8
Solving node: 6+8
x: 6
y: 8
Difference: 14
Using default bounds (multiplication)
Calculating: 6+8*4
Solving node: 8*4
x: 8
y: 4
Solving node: 6+32
x: 6
y: 32
Solving node: 8*4
x: 8
y: 4
Solving node: 8*4
x: 8
y: 4
Solving node: 6+32
x: 6
y: 32
Difference: 38
Calculating: 6+8*4+1
Solving node: 8*4
x: 8
y: 4
Solving node: 6+32
x: 6
y: 32
Solving node: 38+1
x: 38
y: 1
Solving node: 8*4
x: 8
y: 4
Solving node: 8*4
x: 8
y: 4
Solving node: 6+32
x: 6
y: 32
Solving node: 38+1
x: 38
y: 1
Difference: 39
Using default bounds (multiplication)
Calculating: 6+8*4+1*6
Solving node: 8*4
x: 8
y: 4
Solving node: 1*6
x: 1
y: 6
Solving node: 6+32
x: 6
y: 32
Solving node: 38+6
x: 38
y: 6
Solving node: 8*4
x: 8
y: 4
Solving node: 1*6
x: 1
y: 6
Solving node: 8*4
x: 8
y: 4
Solving node: 1*6
x: 1
y: 6
Solving node: 6+32
x: 6
y: 32
Solving node: 38+6
x: 38
y: 6
Difference: 44
Calculating: 6+8*4+1*6:2
Solving node: 8*4
x: 8
y: 4
Solving node: 1*6
x: 1
y: 6
Solving node: 6:2
x: 6
y: 2
Solving node: 6+32
x: 6
y: 32
Solving node: 38+3
x: 38
y: 3
Solving node: 8*4
x: 8
y: 4
Solving node: 1*6
x: 1
y: 6
Solving node: 6:2
x: 6
y: 2
Solving node: 8*4
x: 8
y: 4
Solving node: 1*6
x: 1
y: 6
Solving node: 6:2
x: 6
y: 2
Solving node: 6+32
x: 6
y: 32
Solving node: 38+3
x: 38
y: 3
Difference: 41
Calculating: 6+8*4+1*6:2+2
Solving node: 8*4
x: 8
y: 4
Solving node: 1*6
x: 1
y: 6
Solving node: 6:2
x: 6
y: 2
Solving node: 6+32
x: 6
y: 32
Solving node: 38+3
x: 38
y: 3
Solving node: 41+2
x: 41
y: 2
Solving node: 8*4
x: 8
y: 4
Solving node: 1*6
x: 1
y: 6
Solving node: 6:2
x: 6
y: 2
Solving node: 8*4
x: 8
y: 4
Solving node: 1*6
x: 1
y: 6
Solving node: 6:2
x: 6
y: 2
Solving node: 6+32
x: 6
y: 32
Solving node: 38+3
x: 38
y: 3
Solving node: 41+2
x: 41
y: 2
Difference: 43
Using default bounds (multiplication)
Calculating: 6+8*4+1*6:2+2*4
Solving node: 8*4
x: 8
y: 4
Solving node: 1*6
x: 1
y: 6
Solving node: 6:2
x: 6
y: 2
Solving node: 2*4
x: 2
y: 4
Solving node: 6+32
x: 6
y: 32
Solving node: 38+3
x: 38
y: 3
Solving node: 41+8
x: 41
y: 8
Solving node: 8*4
x: 8
y: 4
Solving node: 1*6
x: 1
y: 6
Solving node: 6:2
x: 6
y: 2
Solving node: 2*4
x: 2
y: 4
Solving node: 8*4
x: 8
y: 4
Solving node: 1*6
x: 1
y: 6
Solving node: 6:2
x: 6
y: 2
Solving node: 2*4
x: 2
y: 4
Solving node: 6+32
x: 6
y: 32
Solving node: 38+3
x: 38
y: 3
Solving node: 41+8
x: 41
y: 8
Difference: 49
Last: 4; Last sum: 8
Calculating: 6+8*4+1*6:2+2*4-1
Solving node: 8*4
x: 8
y: 4
Solving node: 1*6
x: 1
y: 6
Solving node: 6:2
x: 6
y: 2
Solving node: 2*4
x: 2
y: 4
Solving node: 6+32
x: 6
y: 32
Solving node: 38+3
x: 38
y: 3
Solving node: 41+8
x: 41
y: 8
Solving node: 49-1
x: 49
y: 1
Solving node: 8*4
x: 8
y: 4
Solving node: 1*6
x: 1
y: 6
Solving node: 6:2
x: 6
y: 2
Solving node: 2*4
x: 2
y: 4
Solving node: 6+32
x: 6
y: 32
Solving node: 38+3
x: 38
y: 3
Solving node: 41+8
x: 41
y: 8
Solving node: 49-1
x: 49
y: 1
Solving node: 8*4
x: 8
y: 4
Solving node: 1*6
x: 1
y: 6
Solving node: 6:2
x: 6
y: 2
Solving node: 2*4
x: 2
y: 4
Solving node: 6+32
x: 6
y: 32
Solving node: 38+3
x: 38
y: 3
Solving node: 41+8
x: 41
y: 8
Difference: 49-1
Calculating bounds (multiplication)
Previous index: -1 | Last operator index: 2
Upper bound: 1
Solving node: 8*4
x: 8
y: 4
Solving node: 1*6
x: 1
y: 6
Solving node: 6:2
x: 6
y: 2
Solving node: 2*4
x: 2
y: 4
Solving node: 6+32
x: 6
y: 32
Solving node: 38+3
x: 38
y: 3
Solving node: 41+8
x: 41
y: 8
Solving node: 49-1
x: 49
y: 1
Solving node: 8*4
x: 8
y: 4
Solving node: 1*6
x: 1
y: 6
Solving node: 6:2
x: 6
y: 2
Solving node: 2*4
x: 2
y: 4
Solving node: 6+32
x: 6
y: 32
Solving node: 38+3
x: 38
y: 3
Solving node: 41+8
x: 41
y: 8
Difference: 49-1
Calculating: 6+8*4+1*6:2+2*4-1+4
Solving node: 8*4
x: 8
y: 4
Solving node: 1*6
x: 1
y: 6
Solving node: 6:2
x: 6
y: 2
Solving node: 2*4
x: 2
y: 4
Solving node: 6+32
x: 6
y: 32
Solving node: 38+3
x: 38
y: 3
Solving node: 41+8
x: 41
y: 8
Solving node: 49-1
x: 49
y: 1
Solving node: 48+4
x: 48
y: 4
Solving node: 8*4
x: 8
y: 4
Solving node: 1*6
x: 1
y: 6
Solving node: 6:2
x: 6
y: 2
Solving node: 2*4
x: 2
y: 4
Solving node: 6+32
x: 6
y: 32
Solving node: 38+3
x: 38
y: 3
Solving node: 41+8
x: 41
y: 8
Solving node: 49-1
x: 49
y: 1
Solving node: 8*4
x: 8
y: 4
Solving node: 1*6
x: 1
y: 6
Solving node: 6:2
x: 6
y: 2
Solving node: 2*4
x: 2
y: 4
Solving node: 6+32
x: 6
y: 32
Solving node: 38+3
x: 38
y: 3
Solving node: 41+8
x: 41
y: 8
Solving node: 49-1
x: 49
y: 1
Solving node: 48+4
x: 48
y: 4
Difference: 52
Last: 4; Last sum: 4
Calculating: 6+8*4+1*6:2+2*4-1+4-1
Solving node: 8*4
x: 8
y: 4
Solving node: 1*6
x: 1
y: 6
Solving node: 6:2
x: 6
y: 2
Solving node: 2*4
x: 2
y: 4
Solving node: 6+32
x: 6
y: 32
Solving node: 38+3
x: 38
y: 3
Solving node: 41+8
x: 41
y: 8
Solving node: 49-1
x: 49
y: 1
Solving node: 48+4
x: 48
y: 4
Solving node: 52-1
x: 52
y: 1
Solving node: 8*4
x: 8
y: 4
Solving node: 1*6
x: 1
y: 6
Solving node: 6:2
x: 6
y: 2
Solving node: 2*4
x: 2
y: 4
Solving node: 6+32
x: 6
y: 32
Solving node: 38+3
x: 38
y: 3
Solving node: 41+8
x: 41
y: 8
Solving node: 49-1
x: 49
y: 1
Solving node: 48+4
x: 48
y: 4
Solving node: 52-1
x: 52
y: 1
Solving node: 8*4
x: 8
y: 4
Solving node: 1*6
x: 1
y: 6
Solving node: 6:2
x: 6
y: 2
Solving node: 2*4
x: 2
y: 4
Solving node: 6+32
x: 6
y: 32
Solving node: 38+3
x: 38
y: 3
Solving node: 41+8
x: 41
y: 8
Solving node: 49-1
x: 49
y: 1
Solving node: 48+4
x: 48
y: 4
Difference: 52-1
Calculating bounds (multiplication)
Previous index: -1 | Last operator index: 2
Upper bound: 1
Solving node: 8*4
x: 8
y: 4
Solving node: 1*6
x: 1
y: 6
Solving node: 6:2
x: 6
y: 2
Solving node: 2*4
x: 2
y: 4
Solving node: 6+32
x: 6
y: 32
Solving node: 38+3
x: 38
y: 3
Solving node: 41+8
x: 41
y: 8
Solving node: 49-1
x: 49
y: 1
Solving node: 48+4
x: 48
y: 4
Solving node: 52-1
x: 52
y: 1
Solving node: 8*4
x: 8
y: 4
Solving node: 1*6
x: 1
y: 6
Solving node: 6:2
x: 6
y: 2
Solving node: 2*4
x: 2
y: 4
Solving node: 6+32
x: 6
y: 32
Solving node: 38+3
x: 38
y: 3
Solving node: 41+8
x: 41
y: 8
Solving node: 49-1
x: 49
y: 1
Solving node: 48+4
x: 48
y: 4
Difference: 52-1
Calculating: 6+8*4+1*6:2+2*4-1+4-1+2
Solving node: 8*4
x: 8
y: 4
Solving node: 1*6
x: 1
y: 6
Solving node: 6:2
x: 6
y: 2
Solving node: 2*4
x: 2
y: 4
Solving node: 6+32
x: 6
y: 32
Solving node: 38+3
x: 38
y: 3
Solving node: 41+8
x: 41
y: 8
Solving node: 49-1
x: 49
y: 1
Solving node: 48+4
x: 48
y: 4
Solving node: 52-1
x: 52
y: 1
Solving node: 51+2
x: 51
y: 2
Solving node: 8*4
x: 8
y: 4
Solving node: 1*6
x: 1
y: 6
Solving node: 6:2
x: 6
y: 2
Solving node: 2*4
x: 2
y: 4
Solving node: 6+32
x: 6
y: 32
Solving node: 38+3
x: 38
y: 3
Solving node: 41+8
x: 41
y: 8
Solving node: 49-1
x: 49
y: 1
Solving node: 48+4
x: 48
y: 4
Solving node: 52-1
x: 52
y: 1
Solving node: 8*4
x: 8
y: 4
Solving node: 1*6
x: 1
y: 6
Solving node: 6:2
x: 6
y: 2
Solving node: 2*4
x: 2
y: 4
Solving node: 6+32
x: 6
y: 32
Solving node: 38+3
x: 38
y: 3
Solving node: 41+8
x: 41
y: 8
Solving node: 49-1
x: 49
y: 1
Solving node: 48+4
x: 48
y: 4
Solving node: 52-1
x: 52
y: 1
Solving node: 51+2
x: 51
y: 2
Difference: 53
Using default bounds (multiplication)
Calculating: 6+8*4+1*6:2+2*4-1+4-1+2*6
Solving node: 8*4
x: 8
y: 4
Solving node: 1*6
x: 1
y: 6
Solving node: 6:2
x: 6
y: 2
Solving node: 2*4
x: 2
y: 4
Solving node: 2*6
x: 2
y: 6
Solving node: 6+32
x: 6
y: 32
Solving node: 38+3
x: 38
y: 3
Solving node: 41+8
x: 41
y: 8
Solving node: 49-1
x: 49
y: 1
Solving node: 48+4
x: 48
y: 4
Solving node: 52-1
x: 52
y: 1
Solving node: 51+12
x: 51
y: 12
Solving node: 8*4
x: 8
y: 4
Solving node: 1*6
x: 1
y: 6
Solving node: 6:2
x: 6
y: 2
Solving node: 2*4
x: 2
y: 4
Solving node: 2*6
x: 2
y: 6
Solving node: 6+32
x: 6
y: 32
Solving node: 38+3
x: 38
y: 3
Solving node: 41+8
x: 41
y: 8
Solving node: 49-1
x: 49
y: 1
Solving node: 48+4
x: 48
y: 4
Solving node: 52-1
x: 52
y: 1
Solving node: 8*4
x: 8
y: 4
Solving node: 1*6
x: 1
y: 6
Solving node: 6:2
x: 6
y: 2
Solving node: 2*4
x: 2
y: 4
Solving node: 2*6
x: 2
y: 6
Solving node: 6+32
x: 6
y: 32
Solving node: 38+3
x: 38
y: 3
Solving node: 41+8
x: 41
y: 8
Solving node: 49-1
x: 49
y: 1
Solving node: 48+4
x: 48
y: 4
Solving node: 52-1
x: 52
y: 1
Solving node: 51+12
x: 51
y: 12
Difference: 63
Calculating: 6+8*4+1*6:2+2*4-1+4-1+2*6+4
Solving node: 8*4
x: 8
y: 4
Solving node: 1*6
x: 1
y: 6
Solving node: 6:2
x: 6
y: 2
Solving node: 2*4
x: 2
y: 4
Solving node: 2*6
x: 2
y: 6
Solving node: 6+32
x: 6
y: 32
Solving node: 38+3
x: 38
y: 3
Solving node: 41+8
x: 41
y: 8
Solving node: 49-1
x: 49
y: 1
Solving node: 48+4
x: 48
y: 4
Solving node: 52-1
x: 52
y: 1
Solving node: 51+12
x: 51
y: 12
Solving node: 63+4
x: 63
y: 4
Solving node: 8*4
x: 8
y: 4
Solving node: 1*6
x: 1
y: 6
Solving node: 6:2
x: 6
y: 2
Solving node: 2*4
x: 2
y: 4
Solving node: 2*6
x: 2
y: 6
Solving node: 6+32
x: 6
y: 32
Solving node: 38+3
x: 38
y: 3
Solving node: 41+8
x: 41
y: 8
Solving node: 49-1
x: 49
y: 1
Solving node: 48+4
x: 48
y: 4
Solving node: 52-1
x: 52
y: 1
Solving node: 8*4
x: 8
y: 4
Solving node: 1*6
x: 1
y: 6
Solving node: 6:2
x: 6
y: 2
Solving node: 2*4
x: 2
y: 4
Solving node: 2*6
x: 2
y: 6
Solving node: 6+32
x: 6
y: 32
Solving node: 38+3
x: 38
y: 3
Solving node: 41+8
x: 41
y: 8
Solving node: 49-1
x: 49
y: 1
Solving node: 48+4
x: 48
y: 4
Solving node: 52-1
x: 52
y: 1
Solving node: 51+12
x: 51
y: 12
Solving node: 63+4
x: 63
y: 4
Difference: 67
Last: 4; Last sum: 4
Calculating: 6+8*4+1*6:2+2*4-1+4-1+2*6+4-2
Solving node: 8*4
x: 8
y: 4
Solving node: 1*6
x: 1
y: 6
Solving node: 6:2
x: 6
y: 2
Solving node: 2*4
x: 2
y: 4
Solving node: 2*6
x: 2
y: 6
Solving node: 6+32
x: 6
y: 32
Solving node: 38+3
x: 38
y: 3
Solving node: 41+8
x: 41
y: 8
Solving node: 49-1
x: 49
y: 1
Solving node: 48+4
x: 48
y: 4
Solving node: 52-1
x: 52
y: 1
Solving node: 51+12
x: 51
y: 12
Solving node: 63+4
x: 63
y: 4
Solving node: 67-2
x: 67
y: 2
Solving node: 8*4
x: 8
y: 4
Solving node: 1*6
x: 1
y: 6
Solving node: 6:2
x: 6
y: 2
Solving node: 2*4
x: 2
y: 4
Solving node: 2*6
x: 2
y: 6
Solving node: 6+32
x: 6
y: 32
Solving node: 38+3
x: 38
y: 3
Solving node: 41+8
x: 41
y: 8
Solving node: 49-1
x: 49
y: 1
Solving node: 48+4
x: 48
y: 4
Solving node: 52-1
x: 52
y: 1
Solving node: 51+12
x: 51
y: 12
Solving node: 63+4
x: 63
y: 4
Solving node: 67-2
x: 67
y: 2
Solving node: 8*4
x: 8
y: 4
Solving node: 1*6
x: 1
y: 6
Solving node: 6:2
x: 6
y: 2
Solving node: 2*4
x: 2
y: 4
Solving node: 2*6
x: 2
y: 6
Solving node: 6+32
x: 6
y: 32
Solving node: 38+3
x: 38
y: 3
Solving node: 41+8
x: 41
y: 8
Solving node: 49-1
x: 49
y: 1
Solving node: 48+4
x: 48
y: 4
Solving node: 52-1
x: 52
y: 1
Solving node: 51+12
x: 51
y: 12
Solving node: 63+4
x: 63
y: 4
Difference: 67-2
Calculating: 6+8*4+1*6:2+2*4-1+4-1+2*6+4-2+1
Solving node: 8*4
x: 8
y: 4
Solving node: 1*6
x: 1
y: 6
Solving node: 6:2
x: 6
y: 2
Solving node: 2*4
x: 2
y: 4
Solving node: 2*6
x: 2
y: 6
Solving node: 6+32
x: 6
y: 32
Solving node: 38+3
x: 38
y: 3
Solving node: 41+8
x: 41
y: 8
Solving node: 49-1
x: 49
y: 1
Solving node: 48+4
x: 48
y: 4
Solving node: 52-1
x: 52
y: 1
Solving node: 51+12
x: 51
y: 12
Solving node: 63+4
x: 63
y: 4
Solving node: 67-2
x: 67
y: 2
Solving node: 65+1
x: 65
y: 1
Solving node: 8*4
x: 8
y: 4
Solving node: 1*6
x: 1
y: 6
Solving node: 6:2
x: 6
y: 2
Solving node: 2*4
x: 2
y: 4
Solving node: 2*6
x: 2
y: 6
Solving node: 6+32
x: 6
y: 32
Solving node: 38+3
x: 38
y: 3
Solving node: 41+8
x: 41
y: 8
Solving node: 49-1
x: 49
y: 1
Solving node: 48+4
x: 48
y: 4
Solving node: 52-1
x: 52
y: 1
Solving node: 51+12
x: 51
y: 12
Solving node: 63+4
x: 63
y: 4
Solving node: 67-2
x: 67
y: 2
Solving node: 8*4
x: 8
y: 4
Solving node: 1*6
x: 1
y: 6
Solving node: 6:2
x: 6
y: 2
Solving node: 2*4
x: 2
y: 4
Solving node: 2*6
x: 2
y: 6
Solving node: 6+32
x: 6
y: 32
Solving node: 38+3
x: 38
y: 3
Solving node: 41+8
x: 41
y: 8
Solving node: 49-1
x: 49
y: 1
Solving node: 48+4
x: 48
y: 4
Solving node: 52-1
x: 52
y: 1
Solving node: 51+12
x: 51
y: 12
Solving node: 63+4
x: 63
y: 4
Solving node: 67-2
x: 67
y: 2
Solving node: 65+1
x: 65
y: 1
Difference: 66
Using default bounds (multiplication)
Calculating: 6+8*4+1*6:2+2*4-1+4-1+2*6+4-2+1*9
Solving node: 8*4
x: 8
y: 4
Solving node: 1*6
x: 1
y: 6
Solving node: 6:2
x: 6
y: 2
Solving node: 2*4
x: 2
y: 4
Solving node: 2*6
x: 2
y: 6
Solving node: 1*9
x: 1
y: 9
Solving node: 6+32
x: 6
y: 32
Solving node: 38+3
x: 38
y: 3
Solving node: 41+8
x: 41
y: 8
Solving node: 49-1
x: 49
y: 1
Solving node: 48+4
x: 48
y: 4
Solving node: 52-1
x: 52
y: 1
Solving node: 51+12
x: 51
y: 12
Solving node: 63+4
x: 63
y: 4
Solving node: 67-2
x: 67
y: 2
Solving node: 65+9
x: 65
y: 9
Originallösung: 6+8*4+1*6:2+2*4-1+4-1+2*6+4-2+1*9 = 74
[73/100] 6+8*4+1*6:2+2*4-1+4-1+2*6+4-2+1*9
Testing equation: 6+8*4+1*6:2+2*4-1+4-1+2*6+4-2+1*9
Checking node: 8*4
Solving node: 8*4
x: 8
y: 4
Checking node: 1*6
Solving node: 1*6
x: 1
y: 6
Checking node: 6:2
Solving node: 6:2
x: 6
y: 2
Checking node: 2*4
Solving node: 2*4
x: 2
y: 4
Checking node: 2*6
Solving node: 2*6
x: 2
y: 6
Checking node: 1*9
Solving node: 1*9
x: 1
y: 9
Checking node: 6+32
Solving node: 6+32
x: 6
y: 32
Checking node: 38+3
Solving node: 38+3
x: 38
y: 3
Checking node: 41+8
Solving node: 41+8
x: 41
y: 8
Checking node: 49-1
Solving node: 49-1
x: 49
y: 1
Checking node: 48+4
Solving node: 48+4
x: 48
y: 4
Checking node: 52-1
Solving node: 52-1
x: 52
y: 1
Checking node: 51+12
Solving node: 51+12
x: 51
y: 12
Checking node: 63+4
Solving node: 63+4
x: 63
y: 4
Checking node: 67-2
Solving node: 67-2
x: 67
y: 2
Checking node: 65+9
Solving node: 65+9
x: 65
y: 9
Checking node: 6+8
Checking node: 8*4
Checking node: 4+1
Checking node: 1*6
Checking node: 6:2
Checking node: 2+2
Checking node: 2*4
Checking node: 4-1
Checking node: 1+4
Checking node: 4-1
Checking node: 1+2
Checking node: 2*6
Checking node: 6+4
Checking node: 4-2
Checking node: 2+1
Checking node: 1*9
Difference: 3
Using default bounds (multiplication)
Calculating: 3*4
Solving node: 3*4
x: 3
y: 4
Solving node: 3*4
x: 3
y: 4
Solving node: 3*4
x: 3
y: 4
Difference: 12
Last: 4; Last sum: 12
Calculating: 3*4-1
Solving node: 3*4
x: 3
y: 4
Solving node: 12-1
x: 12
y: 1
Solving node: 3*4
x: 3
y: 4
Solving node: 12-1
x: 12
y: 1
Solving node: 3*4
x: 3
y: 4
Difference: 12-1
Calculating bounds (multiplication)
Previous index: -1 | Last operator index: 2
Upper bound: 1
Solving node: 3*4
x: 3
y: 4
Solving node: 12-1
x: 12
y: 1
Solving node: 3*4
x: 3
y: 4
Difference: 12-1
Calculating: 3*4-1+2
Solving node: 3*4
x: 3
y: 4
Solving node: 12-1
x: 12
y: 1
Solving node: 11+2
x: 11
y: 2
Solving node: 3*4
x: 3
y: 4
Solving node: 12-1
x: 12
y: 1
Solving node: 3*4
x: 3
y: 4
Solving node: 12-1
x: 12
y: 1
Solving node: 11+2
x: 11
y: 2
Difference: 13
Using default bounds (multiplication)
Calculating: 3*4-1+2*7
Solving node: 3*4
x: 3
y: 4
Solving node: 2*7
x: 2
y: 7
Solving node: 12-1
x: 12
y: 1
Solving node: 11+14
x: 11
y: 14
Solving node: 3*4
x: 3
y: 4
Solving node: 2*7
x: 2
y: 7
Solving node: 12-1
x: 12
y: 1
Solving node: 3*4
x: 3
y: 4
Solving node: 2*7
x: 2
y: 7
Solving node: 12-1
x: 12
y: 1
Solving node: 11+14
x: 11
y: 14
Difference: 25
Calculating: 3*4-1+2*7+7
Solving node: 3*4
x: 3
y: 4
Solving node: 2*7
x: 2
y: 7
Solving node: 12-1
x: 12
y: 1
Solving node: 11+14
x: 11
y: 14
Solving node: 25+7
x: 25
y: 7
Solving node: 3*4
x: 3
y: 4
Solving node: 2*7
x: 2
y: 7
Solving node: 12-1
x: 12
y: 1
Solving node: 3*4
x: 3
y: 4
Solving node: 2*7
x: 2
y: 7
Solving node: 12-1
x: 12
y: 1
Solving node: 11+14
x: 11
y: 14
Solving node: 25+7
x: 25
y: 7
Difference: 32
Last: 7; Last sum: 7
Calculating: 3*4-1+2*7+7-5
Solving node: 3*4
x: 3
y: 4
Solving node: 2*7
x: 2
y: 7
Solving node: 12-1
x: 12
y: 1
Solving node: 11+14
x: 11
y: 14
Solving node: 25+7
x: 25
y: 7
Solving node: 32-5
x: 32
y: 5
Solving node: 3*4
x: 3
y: 4
Solving node: 2*7
x: 2
y: 7
Solving node: 12-1
x: 12
y: 1
Solving node: 11+14
x: 11
y: 14
Solving node: 25+7
x: 25
y: 7
Solving node: 32-5
x: 32
y: 5
Solving node: 3*4
x: 3
y: 4
Solving node: 2*7
x: 2
y: 7
Solving node: 12-1
x: 12
y: 1
Solving node: 11+14
x: 11
y: 14
Solving node: 25+7
x: 25
y: 7
Difference: 32-5
Calculating: 3*4-1+2*7+7-5+5
Solving node: 3*4
x: 3
y: 4
Solving node: 2*7
x: 2
y: 7
Solving node: 12-1
x: 12
y: 1
Solving node: 11+14
x: 11
y: 14
Solving node: 25+7
x: 25
y: 7
Solving node: 32-5
x: 32
y: 5
Solving node: 27+5
x: 27
y: 5
Solving node: 3*4
x: 3
y: 4
Solving node: 2*7
x: 2
y: 7
Solving node: 12-1
x: 12
y: 1
Solving node: 11+14
x: 11
y: 14
Solving node: 25+7
x: 25
y: 7
Solving node: 32-5
x: 32
y: 5
Solving node: 3*4
x: 3
y: 4
Solving node: 2*7
x: 2
y: 7
Solving node: 12-1
x: 12
y: 1
Solving node: 11+14
x: 11
y: 14
Solving node: 25+7
x: 25
y: 7
Solving node: 32-5
x: 32
y: 5
Solving node: 27+5
x: 27
y: 5
Difference: 32
Last: 5; Last sum: 5
Calculating: 3*4-1+2*7+7-5+5-4
Solving node: 3*4
x: 3
y: 4
Solving node: 2*7
x: 2
y: 7
Solving node: 12-1
x: 12
y: 1
Solving node: 11+14
x: 11
y: 14
Solving node: 25+7
x: 25
y: 7
Solving node: 32-5
x: 32
y: 5
Solving node: 27+5
x: 27
y: 5
Solving node: 32-4
x: 32
y: 4
Solving node: 3*4
x: 3
y: 4
Solving node: 2*7
x: 2
y: 7
Solving node: 12-1
x: 12
y: 1
Solving node: 11+14
x: 11
y: 14
Solving node: 25+7
x: 25
y: 7
Solving node: 32-5
x: 32
y: 5
Solving node: 27+5
x: 27
y: 5
Solving node: 32-4
x: 32
y: 4
Solving node: 3*4
x: 3
y: 4
Solving node: 2*7
x: 2
y: 7
Solving node: 12-1
x: 12
y: 1
Solving node: 11+14
x: 11
y: 14
Solving node: 25+7
x: 25
y: 7
Solving node: 32-5
x: 32
y: 5
Solving node: 27+5
x: 27
y: 5
Difference: 32-4
Previous index: -1 | Last operator index: 2
Calculating: 3*4-1+2*7+7-5+5-4:1
Solving node: 3*4
x: 3
y: 4
Solving node: 2*7
x: 2
y: 7
Solving node: 4:1
x: 4
y: 1
Solving node: 12-1
x: 12
y: 1
Solving node: 11+14
x: 11
y: 14
Solving node: 25+7
x: 25
y: 7
Solving node: 32-5
x: 32
y: 5
Solving node: 27+5
x: 27
y: 5
Solving node: 32-4
x: 32
y: 4
Solving node: 3*4
x: 3
y: 4
Solving node: 2*7
x: 2
y: 7
Solving node: 4:1
x: 4
y: 1
Solving node: 12-1
x: 12
y: 1
Solving node: 11+14
x: 11
y: 14
Solving node: 25+7
x: 25
y: 7
Solving node: 32-5
x: 32
y: 5
Solving node: 27+5
x: 27
y: 5
Solving node: 32-4
x: 32
y: 4
Solving node: 3*4
x: 3
y: 4
Solving node: 2*7
x: 2
y: 7
Solving node: 4:1
x: 4
y: 1
Solving node: 12-1
x: 12
y: 1
Solving node: 11+14
x: 11
y: 14
Solving node: 25+7
x: 25
y: 7
Solving node: 32-5
x: 32
y: 5
Solving node: 27+5
x: 27
y: 5
Difference: 32-4
Calculating: 3*4-1+2*7+7-5+5-4:1+2
Solving node: 3*4
x: 3
y: 4
Solving node: 2*7
x: 2
y: 7
Solving node: 4:1
x: 4
y: 1
Solving node: 12-1
x: 12
y: 1
Solving node: 11+14
x: 11
y: 14
Solving node: 25+7
x: 25
y: 7
Solving node: 32-5
x: 32
y: 5
Solving node: 27+5
x: 27
y: 5
Solving node: 32-4
x: 32
y: 4
Solving node: 28+2
x: 28
y: 2
Solving node: 3*4
x: 3
y: 4
Solving node: 2*7
x: 2
y: 7
Solving node: 4:1
x: 4
y: 1
Solving node: 12-1
x: 12
y: 1
Solving node: 11+14
x: 11
y: 14
Solving node: 25+7
x: 25
y: 7
Solving node: 32-5
x: 32
y: 5
Solving node: 27+5
x: 27
y: 5
Solving node: 32-4
x: 32
y: 4
Solving node: 3*4
x: 3
y: 4
Solving node: 2*7
x: 2
y: 7
Solving node: 4:1
x: 4
y: 1
Solving node: 12-1
x: 12
y: 1
Solving node: 11+14
x: 11
y: 14
Solving node: 25+7
x: 25
y: 7
Solving node: 32-5
x: 32
y: 5
Solving node: 27+5
x: 27
y: 5
Solving node: 32-4
x: 32
y: 4
Solving node: 28+2
x: 28
y: 2
Difference: 30
Using default bounds (multiplication)
Calculating: 3*4-1+2*7+7-5+5-4:1+2*6
Solving node: 3*4
x: 3
y: 4
Solving node: 2*7
x: 2
y: 7
Solving node: 4:1
x: 4
y: 1
Solving node: 2*6
x: 2
y: 6
Solving node: 12-1
x: 12
y: 1
Solving node: 11+14
x: 11
y: 14
Solving node: 25+7
x: 25
y: 7
Solving node: 32-5
x: 32
y: 5
Solving node: 27+5
x: 27
y: 5
Solving node: 32-4
x: 32
y: 4
Solving node: 28+12
x: 28
y: 12
Solving node: 3*4
x: 3
y: 4
Solving node: 2*7
x: 2
y: 7
Solving node: 4:1
x: 4
y: 1
Solving node: 2*6
x: 2
y: 6
Solving node: 12-1
x: 12
y: 1
Solving node: 11+14
x: 11
y: 14
Solving node: 25+7
x: 25
y: 7
Solving node: 32-5
x: 32
y: 5
Solving node: 27+5
x: 27
y: 5
Solving node: 32-4
x: 32
y: 4
Solving node: 3*4
x: 3
y: 4
Solving node: 2*7
x: 2
y: 7
Solving node: 4:1
x: 4
y: 1
Solving node: 2*6
x: 2
y: 6
Solving node: 12-1
x: 12
y: 1
Solving node: 11+14
x: 11
y: 14
Solving node: 25+7
x: 25
y: 7
Solving node: 32-5
x: 32
y: 5
Solving node: 27+5
x: 27
y: 5
Solving node: 32-4
x: 32
y: 4
Solving node: 28+12
x: 28
y: 12
Difference: 40
Last: 6; Last sum: 12
Calculating: 3*4-1+2*7+7-5+5-4:1+2*6-5
Solving node: 3*4
x: 3
y: 4
Solving node: 2*7
x: 2
y: 7
Solving node: 4:1
x: 4
y: 1
Solving node: 2*6
x: 2
y: 6
Solving node: 12-1
x: 12
y: 1
Solving node: 11+14
x: 11
y: 14
Solving node: 25+7
x: 25
y: 7
Solving node: 32-5
x: 32
y: 5
Solving node: 27+5
x: 27
y: 5
Solving node: 32-4
x: 32
y: 4
Solving node: 28+12
x: 28
y: 12
Solving node: 40-5
x: 40
y: 5
Solving node: 3*4
x: 3
y: 4
Solving node: 2*7
x: 2
y: 7
Solving node: 4:1
x: 4
y: 1
Solving node: 2*6
x: 2
y: 6
Solving node: 12-1
x: 12
y: 1
Solving node: 11+14
x: 11
y: 14
Solving node: 25+7
x: 25
y: 7
Solving node: 32-5
x: 32
y: 5
Solving node: 27+5
x: 27
y: 5
Solving node: 32-4
x: 32
y: 4
Solving node: 28+12
x: 28
y: 12
Solving node: 40-5
x: 40
y: 5
Solving node: 3*4
x: 3
y: 4
Solving node: 2*7
x: 2
y: 7
Solving node: 4:1
x: 4
y: 1
Solving node: 2*6
x: 2
y: 6
Solving node: 12-1
x: 12
y: 1
Solving node: 11+14
x: 11
y: 14
Solving node: 25+7
x: 25
y: 7
Solving node: 32-5
x: 32
y: 5
Solving node: 27+5
x: 27
y: 5
Solving node: 32-4
x: 32
y: 4
Solving node: 28+12
x: 28
y: 12
Difference: 40-5
Calculating: 3*4-1+2*7+7-5+5-4:1+2*6-5+7
Solving node: 3*4
x: 3
y: 4
Solving node: 2*7
x: 2
y: 7
Solving node: 4:1
x: 4
y: 1
Solving node: 2*6
x: 2
y: 6
Solving node: 12-1
x: 12
y: 1
Solving node: 11+14
x: 11
y: 14
Solving node: 25+7
x: 25
y: 7
Solving node: 32-5
x: 32
y: 5
Solving node: 27+5
x: 27
y: 5
Solving node: 32-4
x: 32
y: 4
Solving node: 28+12
x: 28
y: 12
Solving node: 40-5
x: 40
y: 5
Solving node: 35+7
x: 35
y: 7
Solving node: 3*4
x: 3
y: 4
Solving node: 2*7
x: 2
y: 7
Solving node: 4:1
x: 4
y: 1
Solving node: 2*6
x: 2
y: 6
Solving node: 12-1
x: 12
y: 1
Solving node: 11+14
x: 11
y: 14
Solving node: 25+7
x: 25
y: 7
Solving node: 32-5
x: 32
y: 5
Solving node: 27+5
x: 27
y: 5
Solving node: 32-4
x: 32
y: 4
Solving node: 28+12
x: 28
y: 12
Solving node: 40-5
x: 40
y: 5
Solving node: 3*4
x: 3
y: 4
Solving node: 2*7
x: 2
y: 7
Solving node: 4:1
x: 4
y: 1
Solving node: 2*6
x: 2
y: 6
Solving node: 12-1
x: 12
y: 1
Solving node: 11+14
x: 11
y: 14
Solving node: 25+7
x: 25
y: 7
Solving node: 32-5
x: 32
y: 5
Solving node: 27+5
x: 27
y: 5
Solving node: 32-4
x: 32
y: 4
Solving node: 28+12
x: 28
y: 12
Solving node: 40-5
x: 40
y: 5
Solving node: 35+7
x: 35
y: 7
Difference: 42
Last: 7; Last sum: 7
Calculating: 3*4-1+2*7+7-5+5-4:1+2*6-5+7-4
Solving node: 3*4
x: 3
y: 4
Solving node: 2*7
x: 2
y: 7
Solving node: 4:1
x: 4
y: 1
Solving node: 2*6
x: 2
y: 6
Solving node: 12-1
x: 12
y: 1
Solving node: 11+14
x: 11
y: 14
Solving node: 25+7
x: 25
y: 7
Solving node: 32-5
x: 32
y: 5
Solving node: 27+5
x: 27
y: 5
Solving node: 32-4
x: 32
y: 4
Solving node: 28+12
x: 28
y: 12
Solving node: 40-5
x: 40
y: 5
Solving node: 35+7
x: 35
y: 7
Solving node: 42-4
x: 42
y: 4
Solving node: 3*4
x: 3
y: 4
Solving node: 2*7
x: 2
y: 7
Solving node: 4:1
x: 4
y: 1
Solving node: 2*6
x: 2
y: 6
Solving node: 12-1
x: 12
y: 1
Solving node: 11+14
x: 11
y: 14
Solving node: 25+7
x: 25
y: 7
Solving node: 32-5
x: 32
y: 5
Solving node: 27+5
x: 27
y: 5
Solving node: 32-4
x: 32
y: 4
Solving node: 28+12
x: 28
y: 12
Solving node: 40-5
x: 40
y: 5
Solving node: 35+7
x: 35
y: 7
Solving node: 42-4
x: 42
y: 4
Solving node: 3*4
x: 3
y: 4
Solving node: 2*7
x: 2
y: 7
Solving node: 4:1
x: 4
y: 1
Solving node: 2*6
x: 2
y: 6
Solving node: 12-1
x: 12
y: 1
Solving node: 11+14
x: 11
y: 14
Solving node: 25+7
x: 25
y: 7
Solving node: 32-5
x: 32
y: 5
Solving node: 27+5
x: 27
y: 5
Solving node: 32-4
x: 32
y: 4
Solving node: 28+12
x: 28
y: 12
Solving node: 40-5
x: 40
y: 5
Solving node: 35+7
x: 35
y: 7
Difference: 42-4
Calculating bounds (multiplication)
Previous index: -1 | Last operator index: 2
Upper bound: 4
Calculating: 3*4-1+2*7+7-5+5-4:1+2*6-5+7-4*1
Solving node: 3*4
x: 3
y: 4
Solving node: 2*7
x: 2
y: 7
Solving node: 4:1
x: 4
y: 1
Solving node: 2*6
x: 2
y: 6
Solving node: 4*1
x: 4
y: 1
Solving node: 12-1
x: 12
y: 1
Solving node: 11+14
x: 11
y: 14
Solving node: 25+7
x: 25
y: 7
Solving node: 32-5
x: 32
y: 5
Solving node: 27+5
x: 27
y: 5
Solving node: 32-4
x: 32
y: 4
Solving node: 28+12
x: 28
y: 12
Solving node: 40-5
x: 40
y: 5
Solving node: 35+7
x: 35
y: 7
Solving node: 42-4
x: 42
y: 4
Solving node: 3*4
x: 3
y: 4
Solving node: 2*7
x: 2
y: 7
Solving node: 4:1
x: 4
y: 1
Solving node: 2*6
x: 2
y: 6
Solving node: 4*1
x: 4
y: 1
Solving node: 12-1
x: 12
y: 1
Solving node: 11+14
x: 11
y: 14
Solving node: 25+7
x: 25
y: 7
Solving node: 32-5
x: 32
y: 5
Solving node: 27+5
x: 27
y: 5
Solving node: 32-4
x: 32
y: 4
Solving node: 28+12
x: 28
y: 12
Solving node: 40-5
x: 40
y: 5
Solving node: 35+7
x: 35
y: 7
Solving node: 42-4
x: 42
y: 4
Solving node: 3*4
x: 3
y: 4
Solving node: 2*7
x: 2
y: 7
Solving node: 4:1
x: 4
y: 1
Solving node: 2*6
x: 2
y: 6
Solving node: 4*1
x: 4
y: 1
Solving node: 12-1
x: 12
y: 1
Solving node: 11+14
x: 11
y: 14
Solving node: 25+7
x: 25
y: 7
Solving node: 32-5
x: 32
y: 5
Solving node: 27+5
x: 27
y: 5
Solving node: 32-4
x: 32
y: 4
Solving node: 28+12
x: 28
y: 12
Solving node: 40-5
x: 40
y: 5
Solving node: 35+7
x: 35
y: 7
Difference: 42-4
Calculating: 3*4-1+2*7+7-5+5-4:1+2*6-5+7-4*1+5
Solving node: 3*4
x: 3
y: 4
Solving node: 2*7
x: 2
y: 7
Solving node: 4:1
x: 4
y: 1
Solving node: 2*6
x: 2
y: 6
Solving node: 4*1
x: 4
y: 1
Solving node: 12-1
x: 12
y: 1
Solving node: 11+14
x: 11
y: 14
Solving node: 25+7
x: 25
y: 7
Solving node: 32-5
x: 32
y: 5
Solving node: 27+5
x: 27
y: 5
Solving node: 32-4
x: 32
y: 4
Solving node: 28+12
x: 28
y: 12
Solving node: 40-5
x: 40
y: 5
Solving node: 35+7
x: 35
y: 7
Solving node: 42-4
x: 42
y: 4
Solving node: 38+5
x: 38
y: 5
Originallösung: 3*4-1+2*7+7-5+5-4:1+2*6-5+7-4*1+5 = 43
[74/100] 3*4-1+2*7+7-5+5-4:1+2*6-5+7-4*1+5
Testing equation: 3*4-1+2*7+7-5+5-4:1+2*6-5+7-4*1+5
Checking node: 3*4
Solving node: 3*4
x: 3
y: 4
Checking node: 2*7
Solving node: 2*7
x: 2
y: 7
Checking node: 4:1
Solving node: 4:1
x: 4
y: 1
Checking node: 2*6
Solving node: 2*6
x: 2
y: 6
Checking node: 4*1
Solving node: 4*1
x: 4
y: 1
Checking node: 12-1
Solving node: 12-1
x: 12
y: 1
Checking node: 11+14
Solving node: 11+14
x: 11
y: 14
Checking node: 25+7
Solving node: 25+7
x: 25
y: 7
Checking node: 32-5
Solving node: 32-5
x: 32
y: 5
Checking node: 27+5
Solving node: 27+5
x: 27
y: 5
Checking node: 32-4
Solving node: 32-4
x: 32
y: 4
Checking node: 28+12
Solving node: 28+12
x: 28
y: 12
Checking node: 40-5
Solving node: 40-5
x: 40
y: 5
Checking node: 35+7
Solving node: 35+7
x: 35
y: 7
Checking node: 42-4
Solving node: 42-4
x: 42
y: 4
Checking node: 38+5
Solving node: 38+5
x: 38
y: 5
Checking node: 3*4
Checking node: 4-1
Checking node: 1+2
Checking node: 2*7
Checking node: 7+7
Checking node: 7-5
Checking node: 5+5
Checking node: 5-4
Checking node: 4:1
Checking node: 1+2
Checking node: 2*6
Checking node: 6-5
Checking node: 5+7
Checking node: 7-4
Checking node: 4*1
Checking node: 1+5
Difference: 9
Using default bounds (multiplication)
Calculating: 9*7
Solving node: 9*7
x: 9
y: 7
Solving node: 9*7
x: 9
y: 7
Solving node: 9*7
x: 9
y: 7
Difference: 63
Last: 7; Last sum: 63
Calculating: 9*7-2
Solving node: 9*7
x: 9
y: 7
Solving node: 63-2
x: 63
y: 2
Solving node: 9*7
x: 9
y: 7
Solving node: 63-2
x: 63
y: 2
Solving node: 9*7
x: 9
y: 7
Difference: 63-2
Calculating: 9*7-2+9
Solving node: 9*7
x: 9
y: 7
Solving node: 63-2
x: 63
y: 2
Solving node: 61+9
x: 61
y: 9
Solving node: 9*7
x: 9
y: 7
Solving node: 63-2
x: 63
y: 2
Solving node: 9*7
x: 9
y: 7
Solving node: 63-2
x: 63
y: 2
Solving node: 61+9
x: 61
y: 9
Difference: 70
Using default bounds (multiplication)
Calculating: 9*7-2+9*2
Solving node: 9*7
x: 9
y: 7
Solving node: 9*2
x: 9
y: 2
Solving node: 63-2
x: 63
y: 2
Solving node: 61+18
x: 61
y: 18
Solving node: 9*7
x: 9
y: 7
Solving node: 9*2
x: 9
y: 2
Solving node: 63-2
x: 63
y: 2
Solving node: 9*7
x: 9
y: 7
Solving node: 9*2
x: 9
y: 2
Solving node: 63-2
x: 63
y: 2
Solving node: 61+18
x: 61
y: 18
Difference: 79
Calculating: 9*7-2+9*2+9
Solving node: 9*7
x: 9
y: 7
Solving node: 9*2
x: 9
y: 2
Solving node: 63-2
x: 63
y: 2
Solving node: 61+18
x: 61
y: 18
Solving node: 79+9
x: 79
y: 9
Solving node: 9*7
x: 9
y: 7
Solving node: 9*2
x: 9
y: 2
Solving node: 63-2
x: 63
y: 2
Solving node: 9*7
x: 9
y: 7
Solving node: 9*2
x: 9
y: 2
Solving node: 63-2
x: 63
y: 2
Solving node: 61+18
x: 61
y: 18
Solving node: 79+9
x: 79
y: 9
Difference: 88
Last: 9; Last sum: 9
Calculating: 9*7-2+9*2+9-8
Solving node: 9*7
x: 9
y: 7
Solving node: 9*2
x: 9
y: 2
Solving node: 63-2
x: 63
y: 2
Solving node: 61+18
x: 61
y: 18
Solving node: 79+9
x: 79
y: 9
Solving node: 88-8
x: 88
y: 8
Solving node: 9*7
x: 9
y: 7
Solving node: 9*2
x: 9
y: 2
Solving node: 63-2
x: 63
y: 2
Solving node: 61+18
x: 61
y: 18
Solving node: 79+9
x: 79
y: 9
Solving node: 88-8
x: 88
y: 8
Solving node: 9*7
x: 9
y: 7
Solving node: 9*2
x: 9
y: 2
Solving node: 63-2
x: 63
y: 2
Solving node: 61+18
x: 61
y: 18
Solving node: 79+9
x: 79
y: 9
Difference: 88-8
Calculating bounds (multiplication)
Previous index: -1 | Last operator index: 2
Upper bound: 8
Calculating: 9*7-2+9*2+9-8*4
Solving node: 9*7
x: 9
y: 7
Solving node: 9*2
x: 9
y: 2
Solving node: 8*4
x: 8
y: 4
Solving node: 63-2
x: 63
y: 2
Solving node: 61+18
x: 61
y: 18
Solving node: 79+9
x: 79
y: 9
Solving node: 88-32
x: 88
y: 32
Solving node: 9*7
x: 9
y: 7
Solving node: 9*2
x: 9
y: 2
Solving node: 8*4
x: 8
y: 4
Solving node: 63-2
x: 63
y: 2
Solving node: 61+18
x: 61
y: 18
Solving node: 79+9
x: 79
y: 9
Solving node: 88-32
x: 88
y: 32
Solving node: 9*7
x: 9
y: 7
Solving node: 9*2
x: 9
y: 2
Solving node: 8*4
x: 8
y: 4
Solving node: 63-2
x: 63
y: 2
Solving node: 61+18
x: 61
y: 18
Solving node: 79+9
x: 79
y: 9
Difference: 88-32
Calculating: 9*7-2+9*2+9-8*4+9
Solving node: 9*7
x: 9
y: 7
Solving node: 9*2
x: 9
y: 2
Solving node: 8*4
x: 8
y: 4
Solving node: 63-2
x: 63
y: 2
Solving node: 61+18
x: 61
y: 18
Solving node: 79+9
x: 79
y: 9
Solving node: 88-32
x: 88
y: 32
Solving node: 56+9
x: 56
y: 9
Solving node: 9*7
x: 9
y: 7
Solving node: 9*2
x: 9
y: 2
Solving node: 8*4
x: 8
y: 4
Solving node: 63-2
x: 63
y: 2
Solving node: 61+18
x: 61
y: 18
Solving node: 79+9
x: 79
y: 9
Solving node: 88-32
x: 88
y: 32
Solving node: 9*7
x: 9
y: 7
Solving node: 9*2
x: 9
y: 2
Solving node: 8*4
x: 8
y: 4
Solving node: 63-2
x: 63
y: 2
Solving node: 61+18
x: 61
y: 18
Solving node: 79+9
x: 79
y: 9
Solving node: 88-32
x: 88
y: 32
Solving node: 56+9
x: 56
y: 9
Difference: 65
Last: 9; Last sum: 9
Calculating: 9*7-2+9*2+9-8*4+9-1
Solving node: 9*7
x: 9
y: 7
Solving node: 9*2
x: 9
y: 2
Solving node: 8*4
x: 8
y: 4
Solving node: 63-2
x: 63
y: 2
Solving node: 61+18
x: 61
y: 18
Solving node: 79+9
x: 79
y: 9
Solving node: 88-32
x: 88
y: 32
Solving node: 56+9
x: 56
y: 9
Solving node: 65-1
x: 65
y: 1
Solving node: 9*7
x: 9
y: 7
Solving node: 9*2
x: 9
y: 2
Solving node: 8*4
x: 8
y: 4
Solving node: 63-2
x: 63
y: 2
Solving node: 61+18
x: 61
y: 18
Solving node: 79+9
x: 79
y: 9
Solving node: 88-32
x: 88
y: 32
Solving node: 56+9
x: 56
y: 9
Solving node: 65-1
x: 65
y: 1
Solving node: 9*7
x: 9
y: 7
Solving node: 9*2
x: 9
y: 2
Solving node: 8*4
x: 8
y: 4
Solving node: 63-2
x: 63
y: 2
Solving node: 61+18
x: 61
y: 18
Solving node: 79+9
x: 79
y: 9
Solving node: 88-32
x: 88
y: 32
Solving node: 56+9
x: 56
y: 9
Difference: 65-1
Calculating: 9*7-2+9*2+9-8*4+9-1+2
Solving node: 9*7
x: 9
y: 7
Solving node: 9*2
x: 9
y: 2
Solving node: 8*4
x: 8
y: 4
Solving node: 63-2
x: 63
y: 2
Solving node: 61+18
x: 61
y: 18
Solving node: 79+9
x: 79
y: 9
Solving node: 88-32
x: 88
y: 32
Solving node: 56+9
x: 56
y: 9
Solving node: 65-1
x: 65
y: 1
Solving node: 64+2
x: 64
y: 2
Solving node: 9*7
x: 9
y: 7
Solving node: 9*2
x: 9
y: 2
Solving node: 8*4
x: 8
y: 4
Solving node: 63-2
x: 63
y: 2
Solving node: 61+18
x: 61
y: 18
Solving node: 79+9
x: 79
y: 9
Solving node: 88-32
x: 88
y: 32
Solving node: 56+9
x: 56
y: 9
Solving node: 65-1
x: 65
y: 1
Solving node: 9*7
x: 9
y: 7
Solving node: 9*2
x: 9
y: 2
Solving node: 8*4
x: 8
y: 4
Solving node: 63-2
x: 63
y: 2
Solving node: 61+18
x: 61
y: 18
Solving node: 79+9
x: 79
y: 9
Solving node: 88-32
x: 88
y: 32
Solving node: 56+9
x: 56
y: 9
Solving node: 65-1
x: 65
y: 1
Solving node: 64+2
x: 64
y: 2
Difference: 66
Using default bounds (multiplication)
Calculating: 9*7-2+9*2+9-8*4+9-1+2*6
Solving node: 9*7
x: 9
y: 7
Solving node: 9*2
x: 9
y: 2
Solving node: 8*4
x: 8
y: 4
Solving node: 2*6
x: 2
y: 6
Solving node: 63-2
x: 63
y: 2
Solving node: 61+18
x: 61
y: 18
Solving node: 79+9
x: 79
y: 9
Solving node: 88-32
x: 88
y: 32
Solving node: 56+9
x: 56
y: 9
Solving node: 65-1
x: 65
y: 1
Solving node: 64+12
x: 64
y: 12
Solving node: 9*7
x: 9
y: 7
Solving node: 9*2
x: 9
y: 2
Solving node: 8*4
x: 8
y: 4
Solving node: 2*6
x: 2
y: 6
Solving node: 63-2
x: 63
y: 2
Solving node: 61+18
x: 61
y: 18
Solving node: 79+9
x: 79
y: 9
Solving node: 88-32
x: 88
y: 32
Solving node: 56+9
x: 56
y: 9
Solving node: 65-1
x: 65
y: 1
Solving node: 9*7
x: 9
y: 7
Solving node: 9*2
x: 9
y: 2
Solving node: 8*4
x: 8
y: 4
Solving node: 2*6
x: 2
y: 6
Solving node: 63-2
x: 63
y: 2
Solving node: 61+18
x: 61
y: 18
Solving node: 79+9
x: 79
y: 9
Solving node: 88-32
x: 88
y: 32
Solving node: 56+9
x: 56
y: 9
Solving node: 65-1
x: 65
y: 1
Solving node: 64+12
x: 64
y: 12
Difference: 76
Calculating: 9*7-2+9*2+9-8*4+9-1+2*6+6
Solving node: 9*7
x: 9
y: 7
Solving node: 9*2
x: 9
y: 2
Solving node: 8*4
x: 8
y: 4
Solving node: 2*6
x: 2
y: 6
Solving node: 63-2
x: 63
y: 2
Solving node: 61+18
x: 61
y: 18
Solving node: 79+9
x: 79
y: 9
Solving node: 88-32
x: 88
y: 32
Solving node: 56+9
x: 56
y: 9
Solving node: 65-1
x: 65
y: 1
Solving node: 64+12
x: 64
y: 12
Solving node: 76+6
x: 76
y: 6
Solving node: 9*7
x: 9
y: 7
Solving node: 9*2
x: 9
y: 2
Solving node: 8*4
x: 8
y: 4
Solving node: 2*6
x: 2
y: 6
Solving node: 63-2
x: 63
y: 2
Solving node: 61+18
x: 61
y: 18
Solving node: 79+9
x: 79
y: 9
Solving node: 88-32
x: 88
y: 32
Solving node: 56+9
x: 56
y: 9
Solving node: 65-1
x: 65
y: 1
Solving node: 9*7
x: 9
y: 7
Solving node: 9*2
x: 9
y: 2
Solving node: 8*4
x: 8
y: 4
Solving node: 2*6
x: 2
y: 6
Solving node: 63-2
x: 63
y: 2
Solving node: 61+18
x: 61
y: 18
Solving node: 79+9
x: 79
y: 9
Solving node: 88-32
x: 88
y: 32
Solving node: 56+9
x: 56
y: 9
Solving node: 65-1
x: 65
y: 1
Solving node: 64+12
x: 64
y: 12
Solving node: 76+6
x: 76
y: 6
Difference: 82
Calculating: 9*7-2+9*2+9-8*4+9-1+2*6+6:3
Solving node: 9*7
x: 9
y: 7
Solving node: 9*2
x: 9
y: 2
Solving node: 8*4
x: 8
y: 4
Solving node: 2*6
x: 2
y: 6
Solving node: 6:3
x: 6
y: 3
Solving node: 63-2
x: 63
y: 2
Solving node: 61+18
x: 61
y: 18
Solving node: 79+9
x: 79
y: 9
Solving node: 88-32
x: 88
y: 32
Solving node: 56+9
x: 56
y: 9
Solving node: 65-1
x: 65
y: 1
Solving node: 64+12
x: 64
y: 12
Solving node: 76+2
x: 76
y: 2
Solving node: 9*7
x: 9
y: 7
Solving node: 9*2
x: 9
y: 2
Solving node: 8*4
x: 8
y: 4
Solving node: 2*6
x: 2
y: 6
Solving node: 6:3
x: 6
y: 3
Solving node: 63-2
x: 63
y: 2
Solving node: 61+18
x: 61
y: 18
Solving node: 79+9
x: 79
y: 9
Solving node: 88-32
x: 88
y: 32
Solving node: 56+9
x: 56
y: 9
Solving node: 65-1
x: 65
y: 1
Solving node: 9*7
x: 9
y: 7
Solving node: 9*2
x: 9
y: 2
Solving node: 8*4
x: 8
y: 4
Solving node: 2*6
x: 2
y: 6
Solving node: 6:3
x: 6
y: 3
Solving node: 63-2
x: 63
y: 2
Solving node: 61+18
x: 61
y: 18
Solving node: 79+9
x: 79
y: 9
Solving node: 88-32
x: 88
y: 32
Solving node: 56+9
x: 56
y: 9
Solving node: 65-1
x: 65
y: 1
Solving node: 64+12
x: 64
y: 12
Solving node: 76+2
x: 76
y: 2
Difference: 78
Using default bounds (multiplication)
Calculating: 9*7-2+9*2+9-8*4+9-1+2*6+6:3*9
Solving node: 9*7
x: 9
y: 7
Solving node: 9*2
x: 9
y: 2
Solving node: 8*4
x: 8
y: 4
Solving node: 2*6
x: 2
y: 6
Solving node: 6:3
x: 6
y: 3
Solving node: 2*9
x: 2
y: 9
Solving node: 63-2
x: 63
y: 2
Solving node: 61+18
x: 61
y: 18
Solving node: 79+9
x: 79
y: 9
Solving node: 88-32
x: 88
y: 32
Solving node: 56+9
x: 56
y: 9
Solving node: 65-1
x: 65
y: 1
Solving node: 64+12
x: 64
y: 12
Solving node: 76+18
x: 76
y: 18
Solving node: 9*7
x: 9
y: 7
Solving node: 9*2
x: 9
y: 2
Solving node: 8*4
x: 8
y: 4
Solving node: 2*6
x: 2
y: 6
Solving node: 6:3
x: 6
y: 3
Solving node: 2*9
x: 2
y: 9
Solving node: 63-2
x: 63
y: 2
Solving node: 61+18
x: 61
y: 18
Solving node: 79+9
x: 79
y: 9
Solving node: 88-32
x: 88
y: 32
Solving node: 56+9
x: 56
y: 9
Solving node: 65-1
x: 65
y: 1
Solving node: 9*7
x: 9
y: 7
Solving node: 9*2
x: 9
y: 2
Solving node: 8*4
x: 8
y: 4
Solving node: 2*6
x: 2
y: 6
Solving node: 6:3
x: 6
y: 3
Solving node: 2*9
x: 2
y: 9
Solving node: 63-2
x: 63
y: 2
Solving node: 61+18
x: 61
y: 18
Solving node: 79+9
x: 79
y: 9
Solving node: 88-32
x: 88
y: 32
Solving node: 56+9
x: 56
y: 9
Solving node: 65-1
x: 65
y: 1
Solving node: 64+12
x: 64
y: 12
Solving node: 76+18
x: 76
y: 18
Difference: 94
Calculating: 9*7-2+9*2+9-8*4+9-1+2*6+6:3*9+6
Solving node: 9*7
x: 9
y: 7
Solving node: 9*2
x: 9
y: 2
Solving node: 8*4
x: 8
y: 4
Solving node: 2*6
x: 2
y: 6
Solving node: 6:3
x: 6
y: 3
Solving node: 2*9
x: 2
y: 9
Solving node: 63-2
x: 63
y: 2
Solving node: 61+18
x: 61
y: 18
Solving node: 79+9
x: 79
y: 9
Solving node: 88-32
x: 88
y: 32
Solving node: 56+9
x: 56
y: 9
Solving node: 65-1
x: 65
y: 1
Solving node: 64+12
x: 64
y: 12
Solving node: 76+18
x: 76
y: 18
Solving node: 94+6
x: 94
y: 6
Solving node: 9*7
x: 9
y: 7
Solving node: 9*2
x: 9
y: 2
Solving node: 8*4
x: 8
y: 4
Solving node: 2*6
x: 2
y: 6
Solving node: 6:3
x: 6
y: 3
Solving node: 2*9
x: 2
y: 9
Solving node: 63-2
x: 63
y: 2
Solving node: 61+18
x: 61
y: 18
Solving node: 79+9
x: 79
y: 9
Solving node: 88-32
x: 88
y: 32
Solving node: 56+9
x: 56
y: 9
Solving node: 65-1
x: 65
y: 1
Solving node: 9*7
x: 9
y: 7
Solving node: 9*2
x: 9
y: 2
Solving node: 8*4
x: 8
y: 4
Solving node: 2*6
x: 2
y: 6
Solving node: 6:3
x: 6
y: 3
Solving node: 2*9
x: 2
y: 9
Solving node: 63-2
x: 63
y: 2
Solving node: 61+18
x: 61
y: 18
Solving node: 79+9
x: 79
y: 9
Solving node: 88-32
x: 88
y: 32
Solving node: 56+9
x: 56
y: 9
Solving node: 65-1
x: 65
y: 1
Solving node: 64+12
x: 64
y: 12
Solving node: 76+18
x: 76
y: 18
Solving node: 94+6
x: 94
y: 6
Difference: 100
Using default bounds (multiplication)
Calculating: 9*7-2+9*2+9-8*4+9-1+2*6+6:3*9+6*2
Solving node: 9*7
x: 9
y: 7
Solving node: 9*2
x: 9
y: 2
Solving node: 8*4
x: 8
y: 4
Solving node: 2*6
x: 2
y: 6
Solving node: 6:3
x: 6
y: 3
Solving node: 2*9
x: 2
y: 9
Solving node: 6*2
x: 6
y: 2
Solving node: 63-2
x: 63
y: 2
Solving node: 61+18
x: 61
y: 18
Solving node: 79+9
x: 79
y: 9
Solving node: 88-32
x: 88
y: 32
Solving node: 56+9
x: 56
y: 9
Solving node: 65-1
x: 65
y: 1
Solving node: 64+12
x: 64
y: 12
Solving node: 76+18
x: 76
y: 18
Solving node: 94+12
x: 94
y: 12
Originallösung: 9*7-2+9*2+9-8*4+9-1+2*6+6:3*9+6*2 = 106
[75/100] 9*7-2+9*2+9-8*4+9-1+2*6+6:3*9+6*2
Testing equation: 9*7-2+9*2+9-8*4+9-1+2*6+6:3*9+6*2
Checking node: 9*7
Solving node: 9*7
x: 9
y: 7
Checking node: 9*2
Solving node: 9*2
x: 9
y: 2
Checking node: 8*4
Solving node: 8*4
x: 8
y: 4
Checking node: 2*6
Solving node: 2*6
x: 2
y: 6
Checking node: 6:3
Solving node: 6:3
x: 6
y: 3
Checking node: 2*9
Solving node: 2*9
x: 2
y: 9
Checking node: 6*2
Solving node: 6*2
x: 6
y: 2
Checking node: 63-2
Solving node: 63-2
x: 63
y: 2
Checking node: 61+18
Solving node: 61+18
x: 61
y: 18
Checking node: 79+9
Solving node: 79+9
x: 79
y: 9
Checking node: 88-32
Solving node: 88-32
x: 88
y: 32
Checking node: 56+9
Solving node: 56+9
x: 56
y: 9
Checking node: 65-1
Solving node: 65-1
x: 65
y: 1
Checking node: 64+12
Solving node: 64+12
x: 64
y: 12
Checking node: 76+18
Solving node: 76+18
x: 76
y: 18
Checking node: 94+12
Solving node: 94+12
x: 94
y: 12
Checking node: 9*7
Checking node: 7-2
Checking node: 2+9
Checking node: 9*2
Checking node: 2+9
Checking node: 9-8
Checking node: 8*4
Checking node: 4+9
Checking node: 9-1
Checking node: 1+2
Checking node: 2*6
Checking node: 6+6
Checking node: 6:3
Checking node: 3*9
Checking node: 9+6
Checking node: 6*2
Difference: 1
Using default bounds (multiplication)
Calculating: 1*4
Solving node: 1*4
x: 1
y: 4
Solving node: 1*4
x: 1
y: 4
Solving node: 1*4
x: 1
y: 4
Difference: 4
Calculating: 1*4+9
Solving node: 1*4
x: 1
y: 4
Solving node: 4+9
x: 4
y: 9
Solving node: 1*4
x: 1
y: 4
Solving node: 1*4
x: 1
y: 4
Solving node: 4+9
x: 4
y: 9
Difference: 13
Using default bounds (multiplication)
Calculating: 1*4+9*3
Solving node: 1*4
x: 1
y: 4
Solving node: 9*3
x: 9
y: 3
Solving node: 4+27
x: 4
y: 27
Solving node: 1*4
x: 1
y: 4
Solving node: 9*3
x: 9
y: 3
Solving node: 1*4
x: 1
y: 4
Solving node: 9*3
x: 9
y: 3
Solving node: 4+27
x: 4
y: 27
Difference: 31
Calculating: 1*4+9*3+9
Solving node: 1*4
x: 1
y: 4
Solving node: 9*3
x: 9
y: 3
Solving node: 4+27
x: 4
y: 27
Solving node: 31+9
x: 31
y: 9
Solving node: 1*4
x: 1
y: 4
Solving node: 9*3
x: 9
y: 3
Solving node: 1*4
x: 1
y: 4
Solving node: 9*3
x: 9
y: 3
Solving node: 4+27
x: 4
y: 27
Solving node: 31+9
x: 31
y: 9
Difference: 40
Last: 9; Last sum: 9
Calculating: 1*4+9*3+9-5
Solving node: 1*4
x: 1
y: 4
Solving node: 9*3
x: 9
y: 3
Solving node: 4+27
x: 4
y: 27
Solving node: 31+9
x: 31
y: 9
Solving node: 40-5
x: 40
y: 5
Solving node: 1*4
x: 1
y: 4
Solving node: 9*3
x: 9
y: 3
Solving node: 4+27
x: 4
y: 27
Solving node: 31+9
x: 31
y: 9
Solving node: 40-5
x: 40
y: 5
Solving node: 1*4
x: 1
y: 4
Solving node: 9*3
x: 9
y: 3
Solving node: 4+27
x: 4
y: 27
Solving node: 31+9
x: 31
y: 9
Difference: 40-5
Calculating bounds (multiplication)
Previous index: -1 | Last operator index: 2
Upper bound: 5
Calculating: 1*4+9*3+9-5*2
Solving node: 1*4
x: 1
y: 4
Solving node: 9*3
x: 9
y: 3
Solving node: 5*2
x: 5
y: 2
Solving node: 4+27
x: 4
y: 27
Solving node: 31+9
x: 31
y: 9
Solving node: 40-10
x: 40
y: 10
Solving node: 1*4
x: 1
y: 4
Solving node: 9*3
x: 9
y: 3
Solving node: 5*2
x: 5
y: 2
Solving node: 4+27
x: 4
y: 27
Solving node: 31+9
x: 31
y: 9
Solving node: 40-10
x: 40
y: 10
Solving node: 1*4
x: 1
y: 4
Solving node: 9*3
x: 9
y: 3
Solving node: 5*2
x: 5
y: 2
Solving node: 4+27
x: 4
y: 27
Solving node: 31+9
x: 31
y: 9
Difference: 40-10
Calculating: 1*4+9*3+9-5*2+3
Solving node: 1*4
x: 1
y: 4
Solving node: 9*3
x: 9
y: 3
Solving node: 5*2
x: 5
y: 2
Solving node: 4+27
x: 4
y: 27
Solving node: 31+9
x: 31
y: 9
Solving node: 40-10
x: 40
y: 10
Solving node: 30+3
x: 30
y: 3
Solving node: 1*4
x: 1
y: 4
Solving node: 9*3
x: 9
y: 3
Solving node: 5*2
x: 5
y: 2
Solving node: 4+27
x: 4
y: 27
Solving node: 31+9
x: 31
y: 9
Solving node: 40-10
x: 40
y: 10
Solving node: 1*4
x: 1
y: 4
Solving node: 9*3
x: 9
y: 3
Solving node: 5*2
x: 5
y: 2
Solving node: 4+27
x: 4
y: 27
Solving node: 31+9
x: 31
y: 9
Solving node: 40-10
x: 40
y: 10
Solving node: 30+3
x: 30
y: 3
Difference: 33
Last: 3; Last sum: 3
Calculating: 1*4+9*3+9-5*2+3-1
Solving node: 1*4
x: 1
y: 4
Solving node: 9*3
x: 9
y: 3
Solving node: 5*2
x: 5
y: 2
Solving node: 4+27
x: 4
y: 27
Solving node: 31+9
x: 31
y: 9
Solving node: 40-10
x: 40
y: 10
Solving node: 30+3
x: 30
y: 3
Solving node: 33-1
x: 33
y: 1
Solving node: 1*4
x: 1
y: 4
Solving node: 9*3
x: 9
y: 3
Solving node: 5*2
x: 5
y: 2
Solving node: 4+27
x: 4
y: 27
Solving node: 31+9
x: 31
y: 9
Solving node: 40-10
x: 40
y: 10
Solving node: 30+3
x: 30
y: 3
Solving node: 33-1
x: 33
y: 1
Solving node: 1*4
x: 1
y: 4
Solving node: 9*3
x: 9
y: 3
Solving node: 5*2
x: 5
y: 2
Solving node: 4+27
x: 4
y: 27
Solving node: 31+9
x: 31
y: 9
Solving node: 40-10
x: 40
y: 10
Solving node: 30+3
x: 30
y: 3
Difference: 33-1
Calculating: 1*4+9*3+9-5*2+3-1+5
Solving node: 1*4
x: 1
y: 4
Solving node: 9*3
x: 9
y: 3
Solving node: 5*2
x: 5
y: 2
Solving node: 4+27
x: 4
y: 27
Solving node: 31+9
x: 31
y: 9
Solving node: 40-10
x: 40
y: 10
Solving node: 30+3
x: 30
y: 3
Solving node: 33-1
x: 33
y: 1
Solving node: 32+5
x: 32
y: 5
Solving node: 1*4
x: 1
y: 4
Solving node: 9*3
x: 9
y: 3
Solving node: 5*2
x: 5
y: 2
Solving node: 4+27
x: 4
y: 27
Solving node: 31+9
x: 31
y: 9
Solving node: 40-10
x: 40
y: 10
Solving node: 30+3
x: 30
y: 3
Solving node: 33-1
x: 33
y: 1
Solving node: 1*4
x: 1
y: 4
Solving node: 9*3
x: 9
y: 3
Solving node: 5*2
x: 5
y: 2
Solving node: 4+27
x: 4
y: 27
Solving node: 31+9
x: 31
y: 9
Solving node: 40-10
x: 40
y: 10
Solving node: 30+3
x: 30
y: 3
Solving node: 33-1
x: 33
y: 1
Solving node: 32+5
x: 32
y: 5
Difference: 37
Using default bounds (multiplication)
Calculating: 1*4+9*3+9-5*2+3-1+5*2
Solving node: 1*4
x: 1
y: 4
Solving node: 9*3
x: 9
y: 3
Solving node: 5*2
x: 5
y: 2
Solving node: 5*2
x: 5
y: 2
Solving node: 4+27
x: 4
y: 27
Solving node: 31+9
x: 31
y: 9
Solving node: 40-10
x: 40
y: 10
Solving node: 30+3
x: 30
y: 3
Solving node: 33-1
x: 33
y: 1
Solving node: 32+10
x: 32
y: 10
Solving node: 1*4
x: 1
y: 4
Solving node: 9*3
x: 9
y: 3
Solving node: 5*2
x: 5
y: 2
Solving node: 5*2
x: 5
y: 2
Solving node: 4+27
x: 4
y: 27
Solving node: 31+9
x: 31
y: 9
Solving node: 40-10
x: 40
y: 10
Solving node: 30+3
x: 30
y: 3
Solving node: 33-1
x: 33
y: 1
Solving node: 1*4
x: 1
y: 4
Solving node: 9*3
x: 9
y: 3
Solving node: 5*2
x: 5
y: 2
Solving node: 5*2
x: 5
y: 2
Solving node: 4+27
x: 4
y: 27
Solving node: 31+9
x: 31
y: 9
Solving node: 40-10
x: 40
y: 10
Solving node: 30+3
x: 30
y: 3
Solving node: 33-1
x: 33
y: 1
Solving node: 32+10
x: 32
y: 10
Difference: 42
Calculating: 1*4+9*3+9-5*2+3-1+5*2+1
Solving node: 1*4
x: 1
y: 4
Solving node: 9*3
x: 9
y: 3
Solving node: 5*2
x: 5
y: 2
Solving node: 5*2
x: 5
y: 2
Solving node: 4+27
x: 4
y: 27
Solving node: 31+9
x: 31
y: 9
Solving node: 40-10
x: 40
y: 10
Solving node: 30+3
x: 30
y: 3
Solving node: 33-1
x: 33
y: 1
Solving node: 32+10
x: 32
y: 10
Solving node: 42+1
x: 42
y: 1
Solving node: 1*4
x: 1
y: 4
Solving node: 9*3
x: 9
y: 3
Solving node: 5*2
x: 5
y: 2
Solving node: 5*2
x: 5
y: 2
Solving node: 4+27
x: 4
y: 27
Solving node: 31+9
x: 31
y: 9
Solving node: 40-10
x: 40
y: 10
Solving node: 30+3
x: 30
y: 3
Solving node: 33-1
x: 33
y: 1
Solving node: 1*4
x: 1
y: 4
Solving node: 9*3
x: 9
y: 3
Solving node: 5*2
x: 5
y: 2
Solving node: 5*2
x: 5
y: 2
Solving node: 4+27
x: 4
y: 27
Solving node: 31+9
x: 31
y: 9
Solving node: 40-10
x: 40
y: 10
Solving node: 30+3
x: 30
y: 3
Solving node: 33-1
x: 33
y: 1
Solving node: 32+10
x: 32
y: 10
Solving node: 42+1
x: 42
y: 1
Difference: 43
Using default bounds (multiplication)
Calculating: 1*4+9*3+9-5*2+3-1+5*2+1*9
Solving node: 1*4
x: 1
y: 4
Solving node: 9*3
x: 9
y: 3
Solving node: 5*2
x: 5
y: 2
Solving node: 5*2
x: 5
y: 2
Solving node: 1*9
x: 1
y: 9
Solving node: 4+27
x: 4
y: 27
Solving node: 31+9
x: 31
y: 9
Solving node: 40-10
x: 40
y: 10
Solving node: 30+3
x: 30
y: 3
Solving node: 33-1
x: 33
y: 1
Solving node: 32+10
x: 32
y: 10
Solving node: 42+9
x: 42
y: 9
Solving node: 1*4
x: 1
y: 4
Solving node: 9*3
x: 9
y: 3
Solving node: 5*2
x: 5
y: 2
Solving node: 5*2
x: 5
y: 2
Solving node: 1*9
x: 1
y: 9
Solving node: 4+27
x: 4
y: 27
Solving node: 31+9
x: 31
y: 9
Solving node: 40-10
x: 40
y: 10
Solving node: 30+3
x: 30
y: 3
Solving node: 33-1
x: 33
y: 1
Solving node: 1*4
x: 1
y: 4
Solving node: 9*3
x: 9
y: 3
Solving node: 5*2
x: 5
y: 2
Solving node: 5*2
x: 5
y: 2
Solving node: 1*9
x: 1
y: 9
Solving node: 4+27
x: 4
y: 27
Solving node: 31+9
x: 31
y: 9
Solving node: 40-10
x: 40
y: 10
Solving node: 30+3
x: 30
y: 3
Solving node: 33-1
x: 33
y: 1
Solving node: 32+10
x: 32
y: 10
Solving node: 42+9
x: 42
y: 9
Difference: 51
Last: 9; Last sum: 9
Calculating: 1*4+9*3+9-5*2+3-1+5*2+1*9-8
Solving node: 1*4
x: 1
y: 4
Solving node: 9*3
x: 9
y: 3
Solving node: 5*2
x: 5
y: 2
Solving node: 5*2
x: 5
y: 2
Solving node: 1*9
x: 1
y: 9
Solving node: 4+27
x: 4
y: 27
Solving node: 31+9
x: 31
y: 9
Solving node: 40-10
x: 40
y: 10
Solving node: 30+3
x: 30
y: 3
Solving node: 33-1
x: 33
y: 1
Solving node: 32+10
x: 32
y: 10
Solving node: 42+9
x: 42
y: 9
Solving node: 51-8
x: 51
y: 8
Solving node: 1*4
x: 1
y: 4
Solving node: 9*3
x: 9
y: 3
Solving node: 5*2
x: 5
y: 2
Solving node: 5*2
x: 5
y: 2
Solving node: 1*9
x: 1
y: 9
Solving node: 4+27
x: 4
y: 27
Solving node: 31+9
x: 31
y: 9
Solving node: 40-10
x: 40
y: 10
Solving node: 30+3
x: 30
y: 3
Solving node: 33-1
x: 33
y: 1
Solving node: 32+10
x: 32
y: 10
Solving node: 42+9
x: 42
y: 9
Solving node: 51-8
x: 51
y: 8
Solving node: 1*4
x: 1
y: 4
Solving node: 9*3
x: 9
y: 3
Solving node: 5*2
x: 5
y: 2
Solving node: 5*2
x: 5
y: 2
Solving node: 1*9
x: 1
y: 9
Solving node: 4+27
x: 4
y: 27
Solving node: 31+9
x: 31
y: 9
Solving node: 40-10
x: 40
y: 10
Solving node: 30+3
x: 30
y: 3
Solving node: 33-1
x: 33
y: 1
Solving node: 32+10
x: 32
y: 10
Solving node: 42+9
x: 42
y: 9
Difference: 51-8
Calculating: 1*4+9*3+9-5*2+3-1+5*2+1*9-8+2
Solving node: 1*4
x: 1
y: 4
Solving node: 9*3
x: 9
y: 3
Solving node: 5*2
x: 5
y: 2
Solving node: 5*2
x: 5
y: 2
Solving node: 1*9
x: 1
y: 9
Solving node: 4+27
x: 4
y: 27
Solving node: 31+9
x: 31
y: 9
Solving node: 40-10
x: 40
y: 10
Solving node: 30+3
x: 30
y: 3
Solving node: 33-1
x: 33
y: 1
Solving node: 32+10
x: 32
y: 10
Solving node: 42+9
x: 42
y: 9
Solving node: 51-8
x: 51
y: 8
Solving node: 43+2
x: 43
y: 2
Solving node: 1*4
x: 1
y: 4
Solving node: 9*3
x: 9
y: 3
Solving node: 5*2
x: 5
y: 2
Solving node: 5*2
x: 5
y: 2
Solving node: 1*9
x: 1
y: 9
Solving node: 4+27
x: 4
y: 27
Solving node: 31+9
x: 31
y: 9
Solving node: 40-10
x: 40
y: 10
Solving node: 30+3
x: 30
y: 3
Solving node: 33-1
x: 33
y: 1
Solving node: 32+10
x: 32
y: 10
Solving node: 42+9
x: 42
y: 9
Solving node: 51-8
x: 51
y: 8
Solving node: 1*4
x: 1
y: 4
Solving node: 9*3
x: 9
y: 3
Solving node: 5*2
x: 5
y: 2
Solving node: 5*2
x: 5
y: 2
Solving node: 1*9
x: 1
y: 9
Solving node: 4+27
x: 4
y: 27
Solving node: 31+9
x: 31
y: 9
Solving node: 40-10
x: 40
y: 10
Solving node: 30+3
x: 30
y: 3
Solving node: 33-1
x: 33
y: 1
Solving node: 32+10
x: 32
y: 10
Solving node: 42+9
x: 42
y: 9
Solving node: 51-8
x: 51
y: 8
Solving node: 43+2
x: 43
y: 2
Difference: 45
Using default bounds (multiplication)
Calculating: 1*4+9*3+9-5*2+3-1+5*2+1*9-8+2*8
Solving node: 1*4
x: 1
y: 4
Solving node: 9*3
x: 9
y: 3
Solving node: 5*2
x: 5
y: 2
Solving node: 5*2
x: 5
y: 2
Solving node: 1*9
x: 1
y: 9
Solving node: 2*8
x: 2
y: 8
Solving node: 4+27
x: 4
y: 27
Solving node: 31+9
x: 31
y: 9
Solving node: 40-10
x: 40
y: 10
Solving node: 30+3
x: 30
y: 3
Solving node: 33-1
x: 33
y: 1
Solving node: 32+10
x: 32
y: 10
Solving node: 42+9
x: 42
y: 9
Solving node: 51-8
x: 51
y: 8
Solving node: 43+16
x: 43
y: 16
Solving node: 1*4
x: 1
y: 4
Solving node: 9*3
x: 9
y: 3
Solving node: 5*2
x: 5
y: 2
Solving node: 5*2
x: 5
y: 2
Solving node: 1*9
x: 1
y: 9
Solving node: 2*8
x: 2
y: 8
Solving node: 4+27
x: 4
y: 27
Solving node: 31+9
x: 31
y: 9
Solving node: 40-10
x: 40
y: 10
Solving node: 30+3
x: 30
y: 3
Solving node: 33-1
x: 33
y: 1
Solving node: 32+10
x: 32
y: 10
Solving node: 42+9
x: 42
y: 9
Solving node: 51-8
x: 51
y: 8
Solving node: 1*4
x: 1
y: 4
Solving node: 9*3
x: 9
y: 3
Solving node: 5*2
x: 5
y: 2
Solving node: 5*2
x: 5
y: 2
Solving node: 1*9
x: 1
y: 9
Solving node: 2*8
x: 2
y: 8
Solving node: 4+27
x: 4
y: 27
Solving node: 31+9
x: 31
y: 9
Solving node: 40-10
x: 40
y: 10
Solving node: 30+3
x: 30
y: 3
Solving node: 33-1
x: 33
y: 1
Solving node: 32+10
x: 32
y: 10
Solving node: 42+9
x: 42
y: 9
Solving node: 51-8
x: 51
y: 8
Solving node: 43+16
x: 43
y: 16
Difference: 59
Calculating: 1*4+9*3+9-5*2+3-1+5*2+1*9-8+2*8+3
Solving node: 1*4
x: 1
y: 4
Solving node: 9*3
x: 9
y: 3
Solving node: 5*2
x: 5
y: 2
Solving node: 5*2
x: 5
y: 2
Solving node: 1*9
x: 1
y: 9
Solving node: 2*8
x: 2
y: 8
Solving node: 4+27
x: 4
y: 27
Solving node: 31+9
x: 31
y: 9
Solving node: 40-10
x: 40
y: 10
Solving node: 30+3
x: 30
y: 3
Solving node: 33-1
x: 33
y: 1
Solving node: 32+10
x: 32
y: 10
Solving node: 42+9
x: 42
y: 9
Solving node: 51-8
x: 51
y: 8
Solving node: 43+16
x: 43
y: 16
Solving node: 59+3
x: 59
y: 3
Originallösung: 1*4+9*3+9-5*2+3-1+5*2+1*9-8+2*8+3 = 62
[76/100] 1*4+9*3+9-5*2+3-1+5*2+1*9-8+2*8+3
Testing equation: 1*4+9*3+9-5*2+3-1+5*2+1*9-8+2*8+3
Checking node: 1*4
Solving node: 1*4
x: 1
y: 4
Checking node: 9*3
Solving node: 9*3
x: 9
y: 3
Checking node: 5*2
Solving node: 5*2
x: 5
y: 2
Checking node: 5*2
Solving node: 5*2
x: 5
y: 2
Checking node: 1*9
Solving node: 1*9
x: 1
y: 9
Checking node: 2*8
Solving node: 2*8
x: 2
y: 8
Checking node: 4+27
Solving node: 4+27
x: 4
y: 27
Checking node: 31+9
Solving node: 31+9
x: 31
y: 9
Checking node: 40-10
Solving node: 40-10
x: 40
y: 10
Checking node: 30+3
Solving node: 30+3
x: 30
y: 3
Checking node: 33-1
Solving node: 33-1
x: 33
y: 1
Checking node: 32+10
Solving node: 32+10
x: 32
y: 10
Checking node: 42+9
Solving node: 42+9
x: 42
y: 9
Checking node: 51-8
Solving node: 51-8
x: 51
y: 8
Checking node: 43+16
Solving node: 43+16
x: 43
y: 16
Checking node: 59+3
Solving node: 59+3
x: 59
y: 3
Checking node: 1*4
Checking node: 4+9
Checking node: 9*3
Checking node: 3+9
Checking node: 9-5
Checking node: 5*2
Checking node: 2+3
Checking node: 3-1
Checking node: 1+5
Checking node: 5*2
Checking node: 2+1
Checking node: 1*9
Checking node: 9-8
Checking node: 8+2
Checking node: 2*8
Checking node: 8+3
Difference: 8
Calculating: 8+2
Solving node: 8+2
x: 8
y: 2
Solving node: 8+2
x: 8
y: 2
Difference: 10
Using default bounds (multiplication)
Calculating: 8+2*9
Solving node: 2*9
x: 2
y: 9
Solving node: 8+18
x: 8
y: 18
Solving node: 2*9
x: 2
y: 9
Solving node: 2*9
x: 2
y: 9
Solving node: 8+18
x: 8
y: 18
Difference: 26
Calculating: 8+2*9+2
Solving node: 2*9
x: 2
y: 9
Solving node: 8+18
x: 8
y: 18
Solving node: 26+2
x: 26
y: 2
Solving node: 2*9
x: 2
y: 9
Solving node: 2*9
x: 2
y: 9
Solving node: 8+18
x: 8
y: 18
Solving node: 26+2
x: 26
y: 2
Difference: 28
Using default bounds (multiplication)
Calculating: 8+2*9+2*9
Solving node: 2*9
x: 2
y: 9
Solving node: 2*9
x: 2
y: 9
Solving node: 8+18
x: 8
y: 18
Solving node: 26+18
x: 26
y: 18
Solving node: 2*9
x: 2
y: 9
Solving node: 2*9
x: 2
y: 9
Solving node: 2*9
x: 2
y: 9
Solving node: 2*9
x: 2
y: 9
Solving node: 8+18
x: 8
y: 18
Solving node: 26+18
x: 26
y: 18
Difference: 44
Calculating: 8+2*9+2*9+6
Solving node: 2*9
x: 2
y: 9
Solving node: 2*9
x: 2
y: 9
Solving node: 8+18
x: 8
y: 18
Solving node: 26+18
x: 26
y: 18
Solving node: 44+6
x: 44
y: 6
Solving node: 2*9
x: 2
y: 9
Solving node: 2*9
x: 2
y: 9
Solving node: 2*9
x: 2
y: 9
Solving node: 2*9
x: 2
y: 9
Solving node: 8+18
x: 8
y: 18
Solving node: 26+18
x: 26
y: 18
Solving node: 44+6
x: 44
y: 6
Difference: 50
Using default bounds (multiplication)
Calculating: 8+2*9+2*9+6*6
Solving node: 2*9
x: 2
y: 9
Solving node: 2*9
x: 2
y: 9
Solving node: 6*6
x: 6
y: 6
Solving node: 8+18
x: 8
y: 18
Solving node: 26+18
x: 26
y: 18
Solving node: 44+36
x: 44
y: 36
Solving node: 2*9
x: 2
y: 9
Solving node: 2*9
x: 2
y: 9
Solving node: 6*6
x: 6
y: 6
Solving node: 2*9
x: 2
y: 9
Solving node: 2*9
x: 2
y: 9
Solving node: 6*6
x: 6
y: 6
Solving node: 8+18
x: 8
y: 18
Solving node: 26+18
x: 26
y: 18
Solving node: 44+36
x: 44
y: 36
Difference: 80
Calculating: 8+2*9+2*9+6*6+3
Solving node: 2*9
x: 2
y: 9
Solving node: 2*9
x: 2
y: 9
Solving node: 6*6
x: 6
y: 6
Solving node: 8+18
x: 8
y: 18
Solving node: 26+18
x: 26
y: 18
Solving node: 44+36
x: 44
y: 36
Solving node: 80+3
x: 80
y: 3
Solving node: 2*9
x: 2
y: 9
Solving node: 2*9
x: 2
y: 9
Solving node: 6*6
x: 6
y: 6
Solving node: 2*9
x: 2
y: 9
Solving node: 2*9
x: 2
y: 9
Solving node: 6*6
x: 6
y: 6
Solving node: 8+18
x: 8
y: 18
Solving node: 26+18
x: 26
y: 18
Solving node: 44+36
x: 44
y: 36
Solving node: 80+3
x: 80
y: 3
Difference: 83
Using default bounds (multiplication)
Calculating: 8+2*9+2*9+6*6+3*5
Solving node: 2*9
x: 2
y: 9
Solving node: 2*9
x: 2
y: 9
Solving node: 6*6
x: 6
y: 6
Solving node: 3*5
x: 3
y: 5
Solving node: 8+18
x: 8
y: 18
Solving node: 26+18
x: 26
y: 18
Solving node: 44+36
x: 44
y: 36
Solving node: 80+15
x: 80
y: 15
Solving node: 2*9
x: 2
y: 9
Solving node: 2*9
x: 2
y: 9
Solving node: 6*6
x: 6
y: 6
Solving node: 3*5
x: 3
y: 5
Solving node: 2*9
x: 2
y: 9
Solving node: 2*9
x: 2
y: 9
Solving node: 6*6
x: 6
y: 6
Solving node: 3*5
x: 3
y: 5
Solving node: 8+18
x: 8
y: 18
Solving node: 26+18
x: 26
y: 18
Solving node: 44+36
x: 44
y: 36
Solving node: 80+15
x: 80
y: 15
Difference: 95
Last: 5; Last sum: 15
Calculating: 8+2*9+2*9+6*6+3*5-3
Solving node: 2*9
x: 2
y: 9
Solving node: 2*9
x: 2
y: 9
Solving node: 6*6
x: 6
y: 6
Solving node: 3*5
x: 3
y: 5
Solving node: 8+18
x: 8
y: 18
Solving node: 26+18
x: 26
y: 18
Solving node: 44+36
x: 44
y: 36
Solving node: 80+15
x: 80
y: 15
Solving node: 95-3
x: 95
y: 3
Solving node: 2*9
x: 2
y: 9
Solving node: 2*9
x: 2
y: 9
Solving node: 6*6
x: 6
y: 6
Solving node: 3*5
x: 3
y: 5
Solving node: 8+18
x: 8
y: 18
Solving node: 26+18
x: 26
y: 18
Solving node: 44+36
x: 44
y: 36
Solving node: 80+15
x: 80
y: 15
Solving node: 95-3
x: 95
y: 3
Solving node: 2*9
x: 2
y: 9
Solving node: 2*9
x: 2
y: 9
Solving node: 6*6
x: 6
y: 6
Solving node: 3*5
x: 3
y: 5
Solving node: 8+18
x: 8
y: 18
Solving node: 26+18
x: 26
y: 18
Solving node: 44+36
x: 44
y: 36
Solving node: 80+15
x: 80
y: 15
Difference: 95-3
Calculating: 8+2*9+2*9+6*6+3*5-3+4
Solving node: 2*9
x: 2
y: 9
Solving node: 2*9
x: 2
y: 9
Solving node: 6*6
x: 6
y: 6
Solving node: 3*5
x: 3
y: 5
Solving node: 8+18
x: 8
y: 18
Solving node: 26+18
x: 26
y: 18
Solving node: 44+36
x: 44
y: 36
Solving node: 80+15
x: 80
y: 15
Solving node: 95-3
x: 95
y: 3
Solving node: 92+4
x: 92
y: 4
Solving node: 2*9
x: 2
y: 9
Solving node: 2*9
x: 2
y: 9
Solving node: 6*6
x: 6
y: 6
Solving node: 3*5
x: 3
y: 5
Solving node: 8+18
x: 8
y: 18
Solving node: 26+18
x: 26
y: 18
Solving node: 44+36
x: 44
y: 36
Solving node: 80+15
x: 80
y: 15
Solving node: 95-3
x: 95
y: 3
Solving node: 2*9
x: 2
y: 9
Solving node: 2*9
x: 2
y: 9
Solving node: 6*6
x: 6
y: 6
Solving node: 3*5
x: 3
y: 5
Solving node: 8+18
x: 8
y: 18
Solving node: 26+18
x: 26
y: 18
Solving node: 44+36
x: 44
y: 36
Solving node: 80+15
x: 80
y: 15
Solving node: 95-3
x: 95
y: 3
Solving node: 92+4
x: 92
y: 4
Difference: 96
Using default bounds (multiplication)
Calculating: 8+2*9+2*9+6*6+3*5-3+4*6
Solving node: 2*9
x: 2
y: 9
Solving node: 2*9
x: 2
y: 9
Solving node: 6*6
x: 6
y: 6
Solving node: 3*5
x: 3
y: 5
Solving node: 4*6
x: 4
y: 6
Solving node: 8+18
x: 8
y: 18
Solving node: 26+18
x: 26
y: 18
Solving node: 44+36
x: 44
y: 36
Solving node: 80+15
x: 80
y: 15
Solving node: 95-3
x: 95
y: 3
Solving node: 92+24
x: 92
y: 24
Solving node: 2*9
x: 2
y: 9
Solving node: 2*9
x: 2
y: 9
Solving node: 6*6
x: 6
y: 6
Solving node: 3*5
x: 3
y: 5
Solving node: 4*6
x: 4
y: 6
Solving node: 8+18
x: 8
y: 18
Solving node: 26+18
x: 26
y: 18
Solving node: 44+36
x: 44
y: 36
Solving node: 80+15
x: 80
y: 15
Solving node: 95-3
x: 95
y: 3
Solving node: 2*9
x: 2
y: 9
Solving node: 2*9
x: 2
y: 9
Solving node: 6*6
x: 6
y: 6
Solving node: 3*5
x: 3
y: 5
Solving node: 4*6
x: 4
y: 6
Solving node: 8+18
x: 8
y: 18
Solving node: 26+18
x: 26
y: 18
Solving node: 44+36
x: 44
y: 36
Solving node: 80+15
x: 80
y: 15
Solving node: 95-3
x: 95
y: 3
Solving node: 92+24
x: 92
y: 24
Difference: 116
Calculating: 8+2*9+2*9+6*6+3*5-3+4*6+9
Solving node: 2*9
x: 2
y: 9
Solving node: 2*9
x: 2
y: 9
Solving node: 6*6
x: 6
y: 6
Solving node: 3*5
x: 3
y: 5
Solving node: 4*6
x: 4
y: 6
Solving node: 8+18
x: 8
y: 18
Solving node: 26+18
x: 26
y: 18
Solving node: 44+36
x: 44
y: 36
Solving node: 80+15
x: 80
y: 15
Solving node: 95-3
x: 95
y: 3
Solving node: 92+24
x: 92
y: 24
Solving node: 116+9
x: 116
y: 9
Solving node: 2*9
x: 2
y: 9
Solving node: 2*9
x: 2
y: 9
Solving node: 6*6
x: 6
y: 6
Solving node: 3*5
x: 3
y: 5
Solving node: 4*6
x: 4
y: 6
Solving node: 8+18
x: 8
y: 18
Solving node: 26+18
x: 26
y: 18
Solving node: 44+36
x: 44
y: 36
Solving node: 80+15
x: 80
y: 15
Solving node: 95-3
x: 95
y: 3
Solving node: 2*9
x: 2
y: 9
Solving node: 2*9
x: 2
y: 9
Solving node: 6*6
x: 6
y: 6
Solving node: 3*5
x: 3
y: 5
Solving node: 4*6
x: 4
y: 6
Solving node: 8+18
x: 8
y: 18
Solving node: 26+18
x: 26
y: 18
Solving node: 44+36
x: 44
y: 36
Solving node: 80+15
x: 80
y: 15
Solving node: 95-3
x: 95
y: 3
Solving node: 92+24
x: 92
y: 24
Solving node: 116+9
x: 116
y: 9
Difference: 125
Using default bounds (multiplication)
Calculating: 8+2*9+2*9+6*6+3*5-3+4*6+9*3
Solving node: 2*9
x: 2
y: 9
Solving node: 2*9
x: 2
y: 9
Solving node: 6*6
x: 6
y: 6
Solving node: 3*5
x: 3
y: 5
Solving node: 4*6
x: 4
y: 6
Solving node: 9*3
x: 9
y: 3
Solving node: 8+18
x: 8
y: 18
Solving node: 26+18
x: 26
y: 18
Solving node: 44+36
x: 44
y: 36
Solving node: 80+15
x: 80
y: 15
Solving node: 95-3
x: 95
y: 3
Solving node: 92+24
x: 92
y: 24
Solving node: 116+27
x: 116
y: 27
Solving node: 2*9
x: 2
y: 9
Solving node: 2*9
x: 2
y: 9
Solving node: 6*6
x: 6
y: 6
Solving node: 3*5
x: 3
y: 5
Solving node: 4*6
x: 4
y: 6
Solving node: 9*3
x: 9
y: 3
Solving node: 8+18
x: 8
y: 18
Solving node: 26+18
x: 26
y: 18
Solving node: 44+36
x: 44
y: 36
Solving node: 80+15
x: 80
y: 15
Solving node: 95-3
x: 95
y: 3
Solving node: 2*9
x: 2
y: 9
Solving node: 2*9
x: 2
y: 9
Solving node: 6*6
x: 6
y: 6
Solving node: 3*5
x: 3
y: 5
Solving node: 4*6
x: 4
y: 6
Solving node: 9*3
x: 9
y: 3
Solving node: 8+18
x: 8
y: 18
Solving node: 26+18
x: 26
y: 18
Solving node: 44+36
x: 44
y: 36
Solving node: 80+15
x: 80
y: 15
Solving node: 95-3
x: 95
y: 3
Solving node: 92+24
x: 92
y: 24
Solving node: 116+27
x: 116
y: 27
Difference: 143
Last: 3; Last sum: 27
Calculating: 8+2*9+2*9+6*6+3*5-3+4*6+9*3-1
Solving node: 2*9
x: 2
y: 9
Solving node: 2*9
x: 2
y: 9
Solving node: 6*6
x: 6
y: 6
Solving node: 3*5
x: 3
y: 5
Solving node: 4*6
x: 4
y: 6
Solving node: 9*3
x: 9
y: 3
Solving node: 8+18
x: 8
y: 18
Solving node: 26+18
x: 26
y: 18
Solving node: 44+36
x: 44
y: 36
Solving node: 80+15
x: 80
y: 15
Solving node: 95-3
x: 95
y: 3
Solving node: 92+24
x: 92
y: 24
Solving node: 116+27
x: 116
y: 27
Solving node: 143-1
x: 143
y: 1
Solving node: 2*9
x: 2
y: 9
Solving node: 2*9
x: 2
y: 9
Solving node: 6*6
x: 6
y: 6
Solving node: 3*5
x: 3
y: 5
Solving node: 4*6
x: 4
y: 6
Solving node: 9*3
x: 9
y: 3
Solving node: 8+18
x: 8
y: 18
Solving node: 26+18
x: 26
y: 18
Solving node: 44+36
x: 44
y: 36
Solving node: 80+15
x: 80
y: 15
Solving node: 95-3
x: 95
y: 3
Solving node: 92+24
x: 92
y: 24
Solving node: 116+27
x: 116
y: 27
Solving node: 143-1
x: 143
y: 1
Solving node: 2*9
x: 2
y: 9
Solving node: 2*9
x: 2
y: 9
Solving node: 6*6
x: 6
y: 6
Solving node: 3*5
x: 3
y: 5
Solving node: 4*6
x: 4
y: 6
Solving node: 9*3
x: 9
y: 3
Solving node: 8+18
x: 8
y: 18
Solving node: 26+18
x: 26
y: 18
Solving node: 44+36
x: 44
y: 36
Solving node: 80+15
x: 80
y: 15
Solving node: 95-3
x: 95
y: 3
Solving node: 92+24
x: 92
y: 24
Solving node: 116+27
x: 116
y: 27
Difference: 143-1
Calculating bounds (multiplication)
Previous index: -1 | Last operator index: 3
Upper bound: 1
Solving node: 2*9
x: 2
y: 9
Solving node: 2*9
x: 2
y: 9
Solving node: 6*6
x: 6
y: 6
Solving node: 3*5
x: 3
y: 5
Solving node: 4*6
x: 4
y: 6
Solving node: 9*3
x: 9
y: 3
Solving node: 8+18
x: 8
y: 18
Solving node: 26+18
x: 26
y: 18
Solving node: 44+36
x: 44
y: 36
Solving node: 80+15
x: 80
y: 15
Solving node: 95-3
x: 95
y: 3
Solving node: 92+24
x: 92
y: 24
Solving node: 116+27
x: 116
y: 27
Solving node: 143-1
x: 143
y: 1
Solving node: 2*9
x: 2
y: 9
Solving node: 2*9
x: 2
y: 9
Solving node: 6*6
x: 6
y: 6
Solving node: 3*5
x: 3
y: 5
Solving node: 4*6
x: 4
y: 6
Solving node: 9*3
x: 9
y: 3
Solving node: 8+18
x: 8
y: 18
Solving node: 26+18
x: 26
y: 18
Solving node: 44+36
x: 44
y: 36
Solving node: 80+15
x: 80
y: 15
Solving node: 95-3
x: 95
y: 3
Solving node: 92+24
x: 92
y: 24
Solving node: 116+27
x: 116
y: 27
Difference: 143-1
Calculating: 8+2*9+2*9+6*6+3*5-3+4*6+9*3-1+9
Solving node: 2*9
x: 2
y: 9
Solving node: 2*9
x: 2
y: 9
Solving node: 6*6
x: 6
y: 6
Solving node: 3*5
x: 3
y: 5
Solving node: 4*6
x: 4
y: 6
Solving node: 9*3
x: 9
y: 3
Solving node: 8+18
x: 8
y: 18
Solving node: 26+18
x: 26
y: 18
Solving node: 44+36
x: 44
y: 36
Solving node: 80+15
x: 80
y: 15
Solving node: 95-3
x: 95
y: 3
Solving node: 92+24
x: 92
y: 24
Solving node: 116+27
x: 116
y: 27
Solving node: 143-1
x: 143
y: 1
Solving node: 142+9
x: 142
y: 9
Solving node: 2*9
x: 2
y: 9
Solving node: 2*9
x: 2
y: 9
Solving node: 6*6
x: 6
y: 6
Solving node: 3*5
x: 3
y: 5
Solving node: 4*6
x: 4
y: 6
Solving node: 9*3
x: 9
y: 3
Solving node: 8+18
x: 8
y: 18
Solving node: 26+18
x: 26
y: 18
Solving node: 44+36
x: 44
y: 36
Solving node: 80+15
x: 80
y: 15
Solving node: 95-3
x: 95
y: 3
Solving node: 92+24
x: 92
y: 24
Solving node: 116+27
x: 116
y: 27
Solving node: 143-1
x: 143
y: 1
Solving node: 2*9
x: 2
y: 9
Solving node: 2*9
x: 2
y: 9
Solving node: 6*6
x: 6
y: 6
Solving node: 3*5
x: 3
y: 5
Solving node: 4*6
x: 4
y: 6
Solving node: 9*3
x: 9
y: 3
Solving node: 8+18
x: 8
y: 18
Solving node: 26+18
x: 26
y: 18
Solving node: 44+36
x: 44
y: 36
Solving node: 80+15
x: 80
y: 15
Solving node: 95-3
x: 95
y: 3
Solving node: 92+24
x: 92
y: 24
Solving node: 116+27
x: 116
y: 27
Solving node: 143-1
x: 143
y: 1
Solving node: 142+9
x: 142
y: 9
Difference: 151
Using default bounds (multiplication)
Calculating: 8+2*9+2*9+6*6+3*5-3+4*6+9*3-1+9*6
Solving node: 2*9
x: 2
y: 9
Solving node: 2*9
x: 2
y: 9
Solving node: 6*6
x: 6
y: 6
Solving node: 3*5
x: 3
y: 5
Solving node: 4*6
x: 4
y: 6
Solving node: 9*3
x: 9
y: 3
Solving node: 9*6
x: 9
y: 6
Solving node: 8+18
x: 8
y: 18
Solving node: 26+18
x: 26
y: 18
Solving node: 44+36
x: 44
y: 36
Solving node: 80+15
x: 80
y: 15
Solving node: 95-3
x: 95
y: 3
Solving node: 92+24
x: 92
y: 24
Solving node: 116+27
x: 116
y: 27
Solving node: 143-1
x: 143
y: 1
Solving node: 142+54
x: 142
y: 54
Originallösung: 8+2*9+2*9+6*6+3*5-3+4*6+9*3-1+9*6 = 196
[77/100] 8+2*9+2*9+6*6+3*5-3+4*6+9*3-1+9*6
Testing equation: 8+2*9+2*9+6*6+3*5-3+4*6+9*3-1+9*6
Checking node: 2*9
Solving node: 2*9
x: 2
y: 9
Checking node: 2*9
Solving node: 2*9
x: 2
y: 9
Checking node: 6*6
Solving node: 6*6
x: 6
y: 6
Checking node: 3*5
Solving node: 3*5
x: 3
y: 5
Checking node: 4*6
Solving node: 4*6
x: 4
y: 6
Checking node: 9*3
Solving node: 9*3
x: 9
y: 3
Checking node: 9*6
Solving node: 9*6
x: 9
y: 6
Checking node: 8+18
Solving node: 8+18
x: 8
y: 18
Checking node: 26+18
Solving node: 26+18
x: 26
y: 18
Checking node: 44+36
Solving node: 44+36
x: 44
y: 36
Checking node: 80+15
Solving node: 80+15
x: 80
y: 15
Checking node: 95-3
Solving node: 95-3
x: 95
y: 3
Checking node: 92+24
Solving node: 92+24
x: 92
y: 24
Checking node: 116+27
Solving node: 116+27
x: 116
y: 27
Checking node: 143-1
Solving node: 143-1
x: 143
y: 1
Checking node: 142+54
Solving node: 142+54
x: 142
y: 54
Checking node: 8+2
Checking node: 2*9
Checking node: 9+2
Checking node: 2*9
Checking node: 9+6
Checking node: 6*6
Checking node: 6+3
Checking node: 3*5
Checking node: 5-3
Checking node: 3+4
Checking node: 4*6
Checking node: 6+9
Checking node: 9*3
Checking node: 3-1
Checking node: 1+9
Checking node: 9*6
Difference: 9
Using default bounds (multiplication)
Calculating: 9*7
Solving node: 9*7
x: 9
y: 7
Solving node: 9*7
x: 9
y: 7
Solving node: 9*7
x: 9
y: 7
Difference: 63
Last: 7; Last sum: 63
Calculating: 9*7-5
Solving node: 9*7
x: 9
y: 7
Solving node: 63-5
x: 63
y: 5
Solving node: 9*7
x: 9
y: 7
Solving node: 63-5
x: 63
y: 5
Solving node: 9*7
x: 9
y: 7
Difference: 63-5
Calculating bounds (multiplication)
Previous index: -1 | Last operator index: 2
Upper bound: 5
Calculating: 9*7-5*3
Solving node: 9*7
x: 9
y: 7
Solving node: 5*3
x: 5
y: 3
Solving node: 63-15
x: 63
y: 15
Solving node: 9*7
x: 9
y: 7
Solving node: 5*3
x: 5
y: 3
Solving node: 63-15
x: 63
y: 15
Solving node: 9*7
x: 9
y: 7
Solving node: 5*3
x: 5
y: 3
Difference: 63-15
Calculating: 9*7-5*3+1
Solving node: 9*7
x: 9
y: 7
Solving node: 5*3
x: 5
y: 3
Solving node: 63-15
x: 63
y: 15
Solving node: 48+1
x: 48
y: 1
Solving node: 9*7
x: 9
y: 7
Solving node: 5*3
x: 5
y: 3
Solving node: 63-15
x: 63
y: 15
Solving node: 9*7
x: 9
y: 7
Solving node: 5*3
x: 5
y: 3
Solving node: 63-15
x: 63
y: 15
Solving node: 48+1
x: 48
y: 1
Difference: 49
Using default bounds (multiplication)
Calculating: 9*7-5*3+1*8
Solving node: 9*7
x: 9
y: 7
Solving node: 5*3
x: 5
y: 3
Solving node: 1*8
x: 1
y: 8
Solving node: 63-15
x: 63
y: 15
Solving node: 48+8
x: 48
y: 8
Solving node: 9*7
x: 9
y: 7
Solving node: 5*3
x: 5
y: 3
Solving node: 1*8
x: 1
y: 8
Solving node: 63-15
x: 63
y: 15
Solving node: 9*7
x: 9
y: 7
Solving node: 5*3
x: 5
y: 3
Solving node: 1*8
x: 1
y: 8
Solving node: 63-15
x: 63
y: 15
Solving node: 48+8
x: 48
y: 8
Difference: 56
Calculating: 9*7-5*3+1*8+9
Solving node: 9*7
x: 9
y: 7
Solving node: 5*3
x: 5
y: 3
Solving node: 1*8
x: 1
y: 8
Solving node: 63-15
x: 63
y: 15
Solving node: 48+8
x: 48
y: 8
Solving node: 56+9
x: 56
y: 9
Solving node: 9*7
x: 9
y: 7
Solving node: 5*3
x: 5
y: 3
Solving node: 1*8
x: 1
y: 8
Solving node: 63-15
x: 63
y: 15
Solving node: 9*7
x: 9
y: 7
Solving node: 5*3
x: 5
y: 3
Solving node: 1*8
x: 1
y: 8
Solving node: 63-15
x: 63
y: 15
Solving node: 48+8
x: 48
y: 8
Solving node: 56+9
x: 56
y: 9
Difference: 65
Using default bounds (multiplication)
Calculating: 9*7-5*3+1*8+9*2
Solving node: 9*7
x: 9
y: 7
Solving node: 5*3
x: 5
y: 3
Solving node: 1*8
x: 1
y: 8
Solving node: 9*2
x: 9
y: 2
Solving node: 63-15
x: 63
y: 15
Solving node: 48+8
x: 48
y: 8
Solving node: 56+18
x: 56
y: 18
Solving node: 9*7
x: 9
y: 7
Solving node: 5*3
x: 5
y: 3
Solving node: 1*8
x: 1
y: 8
Solving node: 9*2
x: 9
y: 2
Solving node: 63-15
x: 63
y: 15
Solving node: 9*7
x: 9
y: 7
Solving node: 5*3
x: 5
y: 3
Solving node: 1*8
x: 1
y: 8
Solving node: 9*2
x: 9
y: 2
Solving node: 63-15
x: 63
y: 15
Solving node: 48+8
x: 48
y: 8
Solving node: 56+18
x: 56
y: 18
Difference: 74
Calculating: 9*7-5*3+1*8+9*2+4
Solving node: 9*7
x: 9
y: 7
Solving node: 5*3
x: 5
y: 3
Solving node: 1*8
x: 1
y: 8
Solving node: 9*2
x: 9
y: 2
Solving node: 63-15
x: 63
y: 15
Solving node: 48+8
x: 48
y: 8
Solving node: 56+18
x: 56
y: 18
Solving node: 74+4
x: 74
y: 4
Solving node: 9*7
x: 9
y: 7
Solving node: 5*3
x: 5
y: 3
Solving node: 1*8
x: 1
y: 8
Solving node: 9*2
x: 9
y: 2
Solving node: 63-15
x: 63
y: 15
Solving node: 9*7
x: 9
y: 7
Solving node: 5*3
x: 5
y: 3
Solving node: 1*8
x: 1
y: 8
Solving node: 9*2
x: 9
y: 2
Solving node: 63-15
x: 63
y: 15
Solving node: 48+8
x: 48
y: 8
Solving node: 56+18
x: 56
y: 18
Solving node: 74+4
x: 74
y: 4
Difference: 78
Using default bounds (multiplication)
Calculating: 9*7-5*3+1*8+9*2+4*6
Solving node: 9*7
x: 9
y: 7
Solving node: 5*3
x: 5
y: 3
Solving node: 1*8
x: 1
y: 8
Solving node: 9*2
x: 9
y: 2
Solving node: 4*6
x: 4
y: 6
Solving node: 63-15
x: 63
y: 15
Solving node: 48+8
x: 48
y: 8
Solving node: 56+18
x: 56
y: 18
Solving node: 74+24
x: 74
y: 24
Solving node: 9*7
x: 9
y: 7
Solving node: 5*3
x: 5
y: 3
Solving node: 1*8
x: 1
y: 8
Solving node: 9*2
x: 9
y: 2
Solving node: 4*6
x: 4
y: 6
Solving node: 63-15
x: 63
y: 15
Solving node: 9*7
x: 9
y: 7
Solving node: 5*3
x: 5
y: 3
Solving node: 1*8
x: 1
y: 8
Solving node: 9*2
x: 9
y: 2
Solving node: 4*6
x: 4
y: 6
Solving node: 63-15
x: 63
y: 15
Solving node: 48+8
x: 48
y: 8
Solving node: 56+18
x: 56
y: 18
Solving node: 74+24
x: 74
y: 24
Difference: 98
Calculating: 9*7-5*3+1*8+9*2+4*6+6
Solving node: 9*7
x: 9
y: 7
Solving node: 5*3
x: 5
y: 3
Solving node: 1*8
x: 1
y: 8
Solving node: 9*2
x: 9
y: 2
Solving node: 4*6
x: 4
y: 6
Solving node: 63-15
x: 63
y: 15
Solving node: 48+8
x: 48
y: 8
Solving node: 56+18
x: 56
y: 18
Solving node: 74+24
x: 74
y: 24
Solving node: 98+6
x: 98
y: 6
Solving node: 9*7
x: 9
y: 7
Solving node: 5*3
x: 5
y: 3
Solving node: 1*8
x: 1
y: 8
Solving node: 9*2
x: 9
y: 2
Solving node: 4*6
x: 4
y: 6
Solving node: 63-15
x: 63
y: 15
Solving node: 9*7
x: 9
y: 7
Solving node: 5*3
x: 5
y: 3
Solving node: 1*8
x: 1
y: 8
Solving node: 9*2
x: 9
y: 2
Solving node: 4*6
x: 4
y: 6
Solving node: 63-15
x: 63
y: 15
Solving node: 48+8
x: 48
y: 8
Solving node: 56+18
x: 56
y: 18
Solving node: 74+24
x: 74
y: 24
Solving node: 98+6
x: 98
y: 6
Difference: 104
Last: 6; Last sum: 6
Calculating: 9*7-5*3+1*8+9*2+4*6+6-1
Solving node: 9*7
x: 9
y: 7
Solving node: 5*3
x: 5
y: 3
Solving node: 1*8
x: 1
y: 8
Solving node: 9*2
x: 9
y: 2
Solving node: 4*6
x: 4
y: 6
Solving node: 63-15
x: 63
y: 15
Solving node: 48+8
x: 48
y: 8
Solving node: 56+18
x: 56
y: 18
Solving node: 74+24
x: 74
y: 24
Solving node: 98+6
x: 98
y: 6
Solving node: 104-1
x: 104
y: 1
Solving node: 9*7
x: 9
y: 7
Solving node: 5*3
x: 5
y: 3
Solving node: 1*8
x: 1
y: 8
Solving node: 9*2
x: 9
y: 2
Solving node: 4*6
x: 4
y: 6
Solving node: 63-15
x: 63
y: 15
Solving node: 48+8
x: 48
y: 8
Solving node: 56+18
x: 56
y: 18
Solving node: 74+24
x: 74
y: 24
Solving node: 98+6
x: 98
y: 6
Solving node: 104-1
x: 104
y: 1
Solving node: 9*7
x: 9
y: 7
Solving node: 5*3
x: 5
y: 3
Solving node: 1*8
x: 1
y: 8
Solving node: 9*2
x: 9
y: 2
Solving node: 4*6
x: 4
y: 6
Solving node: 63-15
x: 63
y: 15
Solving node: 48+8
x: 48
y: 8
Solving node: 56+18
x: 56
y: 18
Solving node: 74+24
x: 74
y: 24
Solving node: 98+6
x: 98
y: 6
Difference: 104-1
Calculating: 9*7-5*3+1*8+9*2+4*6+6-1+9
Solving node: 9*7
x: 9
y: 7
Solving node: 5*3
x: 5
y: 3
Solving node: 1*8
x: 1
y: 8
Solving node: 9*2
x: 9
y: 2
Solving node: 4*6
x: 4
y: 6
Solving node: 63-15
x: 63
y: 15
Solving node: 48+8
x: 48
y: 8
Solving node: 56+18
x: 56
y: 18
Solving node: 74+24
x: 74
y: 24
Solving node: 98+6
x: 98
y: 6
Solving node: 104-1
x: 104
y: 1
Solving node: 103+9
x: 103
y: 9
Solving node: 9*7
x: 9
y: 7
Solving node: 5*3
x: 5
y: 3
Solving node: 1*8
x: 1
y: 8
Solving node: 9*2
x: 9
y: 2
Solving node: 4*6
x: 4
y: 6
Solving node: 63-15
x: 63
y: 15
Solving node: 48+8
x: 48
y: 8
Solving node: 56+18
x: 56
y: 18
Solving node: 74+24
x: 74
y: 24
Solving node: 98+6
x: 98
y: 6
Solving node: 104-1
x: 104
y: 1
Solving node: 9*7
x: 9
y: 7
Solving node: 5*3
x: 5
y: 3
Solving node: 1*8
x: 1
y: 8
Solving node: 9*2
x: 9
y: 2
Solving node: 4*6
x: 4
y: 6
Solving node: 63-15
x: 63
y: 15
Solving node: 48+8
x: 48
y: 8
Solving node: 56+18
x: 56
y: 18
Solving node: 74+24
x: 74
y: 24
Solving node: 98+6
x: 98
y: 6
Solving node: 104-1
x: 104
y: 1
Solving node: 103+9
x: 103
y: 9
Difference: 112
Using default bounds (multiplication)
Calculating: 9*7-5*3+1*8+9*2+4*6+6-1+9*4
Solving node: 9*7
x: 9
y: 7
Solving node: 5*3
x: 5
y: 3
Solving node: 1*8
x: 1
y: 8
Solving node: 9*2
x: 9
y: 2
Solving node: 4*6
x: 4
y: 6
Solving node: 9*4
x: 9
y: 4
Solving node: 63-15
x: 63
y: 15
Solving node: 48+8
x: 48
y: 8
Solving node: 56+18
x: 56
y: 18
Solving node: 74+24
x: 74
y: 24
Solving node: 98+6
x: 98
y: 6
Solving node: 104-1
x: 104
y: 1
Solving node: 103+36
x: 103
y: 36
Solving node: 9*7
x: 9
y: 7
Solving node: 5*3
x: 5
y: 3
Solving node: 1*8
x: 1
y: 8
Solving node: 9*2
x: 9
y: 2
Solving node: 4*6
x: 4
y: 6
Solving node: 9*4
x: 9
y: 4
Solving node: 63-15
x: 63
y: 15
Solving node: 48+8
x: 48
y: 8
Solving node: 56+18
x: 56
y: 18
Solving node: 74+24
x: 74
y: 24
Solving node: 98+6
x: 98
y: 6
Solving node: 104-1
x: 104
y: 1
Solving node: 9*7
x: 9
y: 7
Solving node: 5*3
x: 5
y: 3
Solving node: 1*8
x: 1
y: 8
Solving node: 9*2
x: 9
y: 2
Solving node: 4*6
x: 4
y: 6
Solving node: 9*4
x: 9
y: 4
Solving node: 63-15
x: 63
y: 15
Solving node: 48+8
x: 48
y: 8
Solving node: 56+18
x: 56
y: 18
Solving node: 74+24
x: 74
y: 24
Solving node: 98+6
x: 98
y: 6
Solving node: 104-1
x: 104
y: 1
Solving node: 103+36
x: 103
y: 36
Difference: 139
Last: 4; Last sum: 36
Calculating: 9*7-5*3+1*8+9*2+4*6+6-1+9*4-2
Solving node: 9*7
x: 9
y: 7
Solving node: 5*3
x: 5
y: 3
Solving node: 1*8
x: 1
y: 8
Solving node: 9*2
x: 9
y: 2
Solving node: 4*6
x: 4
y: 6
Solving node: 9*4
x: 9
y: 4
Solving node: 63-15
x: 63
y: 15
Solving node: 48+8
x: 48
y: 8
Solving node: 56+18
x: 56
y: 18
Solving node: 74+24
x: 74
y: 24
Solving node: 98+6
x: 98
y: 6
Solving node: 104-1
x: 104
y: 1
Solving node: 103+36
x: 103
y: 36
Solving node: 139-2
x: 139
y: 2
Solving node: 9*7
x: 9
y: 7
Solving node: 5*3
x: 5
y: 3
Solving node: 1*8
x: 1
y: 8
Solving node: 9*2
x: 9
y: 2
Solving node: 4*6
x: 4
y: 6
Solving node: 9*4
x: 9
y: 4
Solving node: 63-15
x: 63
y: 15
Solving node: 48+8
x: 48
y: 8
Solving node: 56+18
x: 56
y: 18
Solving node: 74+24
x: 74
y: 24
Solving node: 98+6
x: 98
y: 6
Solving node: 104-1
x: 104
y: 1
Solving node: 103+36
x: 103
y: 36
Solving node: 139-2
x: 139
y: 2
Solving node: 9*7
x: 9
y: 7
Solving node: 5*3
x: 5
y: 3
Solving node: 1*8
x: 1
y: 8
Solving node: 9*2
x: 9
y: 2
Solving node: 4*6
x: 4
y: 6
Solving node: 9*4
x: 9
y: 4
Solving node: 63-15
x: 63
y: 15
Solving node: 48+8
x: 48
y: 8
Solving node: 56+18
x: 56
y: 18
Solving node: 74+24
x: 74
y: 24
Solving node: 98+6
x: 98
y: 6
Solving node: 104-1
x: 104
y: 1
Solving node: 103+36
x: 103
y: 36
Difference: 139-2
Calculating bounds (multiplication)
Previous index: -1 | Last operator index: 3
Upper bound: 2
Calculating: 9*7-5*3+1*8+9*2+4*6+6-1+9*4-2*1
Solving node: 9*7
x: 9
y: 7
Solving node: 5*3
x: 5
y: 3
Solving node: 1*8
x: 1
y: 8
Solving node: 9*2
x: 9
y: 2
Solving node: 4*6
x: 4
y: 6
Solving node: 9*4
x: 9
y: 4
Solving node: 2*1
x: 2
y: 1
Solving node: 63-15
x: 63
y: 15
Solving node: 48+8
x: 48
y: 8
Solving node: 56+18
x: 56
y: 18
Solving node: 74+24
x: 74
y: 24
Solving node: 98+6
x: 98
y: 6
Solving node: 104-1
x: 104
y: 1
Solving node: 103+36
x: 103
y: 36
Solving node: 139-2
x: 139
y: 2
Solving node: 9*7
x: 9
y: 7
Solving node: 5*3
x: 5
y: 3
Solving node: 1*8
x: 1
y: 8
Solving node: 9*2
x: 9
y: 2
Solving node: 4*6
x: 4
y: 6
Solving node: 9*4
x: 9
y: 4
Solving node: 2*1
x: 2
y: 1
Solving node: 63-15
x: 63
y: 15
Solving node: 48+8
x: 48
y: 8
Solving node: 56+18
x: 56
y: 18
Solving node: 74+24
x: 74
y: 24
Solving node: 98+6
x: 98
y: 6
Solving node: 104-1
x: 104
y: 1
Solving node: 103+36
x: 103
y: 36
Solving node: 139-2
x: 139
y: 2
Solving node: 9*7
x: 9
y: 7
Solving node: 5*3
x: 5
y: 3
Solving node: 1*8
x: 1
y: 8
Solving node: 9*2
x: 9
y: 2
Solving node: 4*6
x: 4
y: 6
Solving node: 9*4
x: 9
y: 4
Solving node: 2*1
x: 2
y: 1
Solving node: 63-15
x: 63
y: 15
Solving node: 48+8
x: 48
y: 8
Solving node: 56+18
x: 56
y: 18
Solving node: 74+24
x: 74
y: 24
Solving node: 98+6
x: 98
y: 6
Solving node: 104-1
x: 104
y: 1
Solving node: 103+36
x: 103
y: 36
Difference: 139-2
Calculating: 9*7-5*3+1*8+9*2+4*6+6-1+9*4-2*1+8
Solving node: 9*7
x: 9
y: 7
Solving node: 5*3
x: 5
y: 3
Solving node: 1*8
x: 1
y: 8
Solving node: 9*2
x: 9
y: 2
Solving node: 4*6
x: 4
y: 6
Solving node: 9*4
x: 9
y: 4
Solving node: 2*1
x: 2
y: 1
Solving node: 63-15
x: 63
y: 15
Solving node: 48+8
x: 48
y: 8
Solving node: 56+18
x: 56
y: 18
Solving node: 74+24
x: 74
y: 24
Solving node: 98+6
x: 98
y: 6
Solving node: 104-1
x: 104
y: 1
Solving node: 103+36
x: 103
y: 36
Solving node: 139-2
x: 139
y: 2
Solving node: 137+8
x: 137
y: 8
Originallösung: 9*7-5*3+1*8+9*2+4*6+6-1+9*4-2*1+8 = 145
[78/100] 9*7-5*3+1*8+9*2+4*6+6-1+9*4-2*1+8
Testing equation: 9*7-5*3+1*8+9*2+4*6+6-1+9*4-2*1+8
Checking node: 9*7
Solving node: 9*7
x: 9
y: 7
Checking node: 5*3
Solving node: 5*3
x: 5
y: 3
Checking node: 1*8
Solving node: 1*8
x: 1
y: 8
Checking node: 9*2
Solving node: 9*2
x: 9
y: 2
Checking node: 4*6
Solving node: 4*6
x: 4
y: 6
Checking node: 9*4
Solving node: 9*4
x: 9
y: 4
Checking node: 2*1
Solving node: 2*1
x: 2
y: 1
Checking node: 63-15
Solving node: 63-15
x: 63
y: 15
Checking node: 48+8
Solving node: 48+8
x: 48
y: 8
Checking node: 56+18
Solving node: 56+18
x: 56
y: 18
Checking node: 74+24
Solving node: 74+24
x: 74
y: 24
Checking node: 98+6
Solving node: 98+6
x: 98
y: 6
Checking node: 104-1
Solving node: 104-1
x: 104
y: 1
Checking node: 103+36
Solving node: 103+36
x: 103
y: 36
Checking node: 139-2
Solving node: 139-2
x: 139
y: 2
Checking node: 137+8
Solving node: 137+8
x: 137
y: 8
Checking node: 9*7
Checking node: 7-5
Checking node: 5*3
Checking node: 3+1
Checking node: 1*8
Checking node: 8+9
Checking node: 9*2
Checking node: 2+4
Checking node: 4*6
Checking node: 6+6
Checking node: 6-1
Checking node: 1+9
Checking node: 9*4
Checking node: 4-2
Checking node: 2*1
Checking node: 1+8
Difference: 2
Using default bounds (multiplication)
Calculating: 2*1
Solving node: 2*1
x: 2
y: 1
Solving node: 2*1
x: 2
y: 1
Solving node: 2*1
x: 2
y: 1
Difference: 2
Calculating: 2*1+2
Solving node: 2*1
x: 2
y: 1
Solving node: 2+2
x: 2
y: 2
Solving node: 2*1
x: 2
y: 1
Solving node: 2*1
x: 2
y: 1
Solving node: 2+2
x: 2
y: 2
Difference: 4
Using default bounds (multiplication)
Calculating: 2*1+2*3
Solving node: 2*1
x: 2
y: 1
Solving node: 2*3
x: 2
y: 3
Solving node: 2+6
x: 2
y: 6
Solving node: 2*1
x: 2
y: 1
Solving node: 2*3
x: 2
y: 3
Solving node: 2*1
x: 2
y: 1
Solving node: 2*3
x: 2
y: 3
Solving node: 2+6
x: 2
y: 6
Difference: 8
Calculating: 2*1+2*3+8
Solving node: 2*1
x: 2
y: 1
Solving node: 2*3
x: 2
y: 3
Solving node: 2+6
x: 2
y: 6
Solving node: 8+8
x: 8
y: 8
Solving node: 2*1
x: 2
y: 1
Solving node: 2*3
x: 2
y: 3
Solving node: 2*1
x: 2
y: 1
Solving node: 2*3
x: 2
y: 3
Solving node: 2+6
x: 2
y: 6
Solving node: 8+8
x: 8
y: 8
Difference: 16
Last: 8; Last sum: 8
Calculating: 2*1+2*3+8-7
Solving node: 2*1
x: 2
y: 1
Solving node: 2*3
x: 2
y: 3
Solving node: 2+6
x: 2
y: 6
Solving node: 8+8
x: 8
y: 8
Solving node: 16-7
x: 16
y: 7
Solving node: 2*1
x: 2
y: 1
Solving node: 2*3
x: 2
y: 3
Solving node: 2+6
x: 2
y: 6
Solving node: 8+8
x: 8
y: 8
Solving node: 16-7
x: 16
y: 7
Solving node: 2*1
x: 2
y: 1
Solving node: 2*3
x: 2
y: 3
Solving node: 2+6
x: 2
y: 6
Solving node: 8+8
x: 8
y: 8
Difference: 16-7
Calculating: 2*1+2*3+8-7+1
Solving node: 2*1
x: 2
y: 1
Solving node: 2*3
x: 2
y: 3
Solving node: 2+6
x: 2
y: 6
Solving node: 8+8
x: 8
y: 8
Solving node: 16-7
x: 16
y: 7
Solving node: 9+1
x: 9
y: 1
Solving node: 2*1
x: 2
y: 1
Solving node: 2*3
x: 2
y: 3
Solving node: 2+6
x: 2
y: 6
Solving node: 8+8
x: 8
y: 8
Solving node: 16-7
x: 16
y: 7
Solving node: 2*1
x: 2
y: 1
Solving node: 2*3
x: 2
y: 3
Solving node: 2+6
x: 2
y: 6
Solving node: 8+8
x: 8
y: 8
Solving node: 16-7
x: 16
y: 7
Solving node: 9+1
x: 9
y: 1
Difference: 10
Using default bounds (multiplication)
Calculating: 2*1+2*3+8-7+1*1
Solving node: 2*1
x: 2
y: 1
Solving node: 2*3
x: 2
y: 3
Solving node: 1*1
x: 1
y: 1
Solving node: 2+6
x: 2
y: 6
Solving node: 8+8
x: 8
y: 8
Solving node: 16-7
x: 16
y: 7
Solving node: 9+1
x: 9
y: 1
Solving node: 2*1
x: 2
y: 1
Solving node: 2*3
x: 2
y: 3
Solving node: 1*1
x: 1
y: 1
Solving node: 2+6
x: 2
y: 6
Solving node: 8+8
x: 8
y: 8
Solving node: 16-7
x: 16
y: 7
Solving node: 2*1
x: 2
y: 1
Solving node: 2*3
x: 2
y: 3
Solving node: 1*1
x: 1
y: 1
Solving node: 2+6
x: 2
y: 6
Solving node: 8+8
x: 8
y: 8
Solving node: 16-7
x: 16
y: 7
Solving node: 9+1
x: 9
y: 1
Difference: 10
Calculating: 2*1+2*3+8-7+1*1+8
Solving node: 2*1
x: 2
y: 1
Solving node: 2*3
x: 2
y: 3
Solving node: 1*1
x: 1
y: 1
Solving node: 2+6
x: 2
y: 6
Solving node: 8+8
x: 8
y: 8
Solving node: 16-7
x: 16
y: 7
Solving node: 9+1
x: 9
y: 1
Solving node: 10+8
x: 10
y: 8
Solving node: 2*1
x: 2
y: 1
Solving node: 2*3
x: 2
y: 3
Solving node: 1*1
x: 1
y: 1
Solving node: 2+6
x: 2
y: 6
Solving node: 8+8
x: 8
y: 8
Solving node: 16-7
x: 16
y: 7
Solving node: 2*1
x: 2
y: 1
Solving node: 2*3
x: 2
y: 3
Solving node: 1*1
x: 1
y: 1
Solving node: 2+6
x: 2
y: 6
Solving node: 8+8
x: 8
y: 8
Solving node: 16-7
x: 16
y: 7
Solving node: 9+1
x: 9
y: 1
Solving node: 10+8
x: 10
y: 8
Difference: 18
Using default bounds (multiplication)
Calculating: 2*1+2*3+8-7+1*1+8*4
Solving node: 2*1
x: 2
y: 1
Solving node: 2*3
x: 2
y: 3
Solving node: 1*1
x: 1
y: 1
Solving node: 8*4
x: 8
y: 4
Solving node: 2+6
x: 2
y: 6
Solving node: 8+8
x: 8
y: 8
Solving node: 16-7
x: 16
y: 7
Solving node: 9+1
x: 9
y: 1
Solving node: 10+32
x: 10
y: 32
Solving node: 2*1
x: 2
y: 1
Solving node: 2*3
x: 2
y: 3
Solving node: 1*1
x: 1
y: 1
Solving node: 8*4
x: 8
y: 4
Solving node: 2+6
x: 2
y: 6
Solving node: 8+8
x: 8
y: 8
Solving node: 16-7
x: 16
y: 7
Solving node: 2*1
x: 2
y: 1
Solving node: 2*3
x: 2
y: 3
Solving node: 1*1
x: 1
y: 1
Solving node: 8*4
x: 8
y: 4
Solving node: 2+6
x: 2
y: 6
Solving node: 8+8
x: 8
y: 8
Solving node: 16-7
x: 16
y: 7
Solving node: 9+1
x: 9
y: 1
Solving node: 10+32
x: 10
y: 32
Difference: 42
Last: 4; Last sum: 32
Calculating: 2*1+2*3+8-7+1*1+8*4-1
Solving node: 2*1
x: 2
y: 1
Solving node: 2*3
x: 2
y: 3
Solving node: 1*1
x: 1
y: 1
Solving node: 8*4
x: 8
y: 4
Solving node: 2+6
x: 2
y: 6
Solving node: 8+8
x: 8
y: 8
Solving node: 16-7
x: 16
y: 7
Solving node: 9+1
x: 9
y: 1
Solving node: 10+32
x: 10
y: 32
Solving node: 42-1
x: 42
y: 1
Solving node: 2*1
x: 2
y: 1
Solving node: 2*3
x: 2
y: 3
Solving node: 1*1
x: 1
y: 1
Solving node: 8*4
x: 8
y: 4
Solving node: 2+6
x: 2
y: 6
Solving node: 8+8
x: 8
y: 8
Solving node: 16-7
x: 16
y: 7
Solving node: 9+1
x: 9
y: 1
Solving node: 10+32
x: 10
y: 32
Solving node: 42-1
x: 42
y: 1
Solving node: 2*1
x: 2
y: 1
Solving node: 2*3
x: 2
y: 3
Solving node: 1*1
x: 1
y: 1
Solving node: 8*4
x: 8
y: 4
Solving node: 2+6
x: 2
y: 6
Solving node: 8+8
x: 8
y: 8
Solving node: 16-7
x: 16
y: 7
Solving node: 9+1
x: 9
y: 1
Solving node: 10+32
x: 10
y: 32
Difference: 42-1
Calculating bounds (multiplication)
Previous index: -1 | Last operator index: 2
Upper bound: 1
Solving node: 2*1
x: 2
y: 1
Solving node: 2*3
x: 2
y: 3
Solving node: 1*1
x: 1
y: 1
Solving node: 8*4
x: 8
y: 4
Solving node: 2+6
x: 2
y: 6
Solving node: 8+8
x: 8
y: 8
Solving node: 16-7
x: 16
y: 7
Solving node: 9+1
x: 9
y: 1
Solving node: 10+32
x: 10
y: 32
Solving node: 42-1
x: 42
y: 1
Solving node: 2*1
x: 2
y: 1
Solving node: 2*3
x: 2
y: 3
Solving node: 1*1
x: 1
y: 1
Solving node: 8*4
x: 8
y: 4
Solving node: 2+6
x: 2
y: 6
Solving node: 8+8
x: 8
y: 8
Solving node: 16-7
x: 16
y: 7
Solving node: 9+1
x: 9
y: 1
Solving node: 10+32
x: 10
y: 32
Difference: 42-1
Calculating: 2*1+2*3+8-7+1*1+8*4-1+4
Solving node: 2*1
x: 2
y: 1
Solving node: 2*3
x: 2
y: 3
Solving node: 1*1
x: 1
y: 1
Solving node: 8*4
x: 8
y: 4
Solving node: 2+6
x: 2
y: 6
Solving node: 8+8
x: 8
y: 8
Solving node: 16-7
x: 16
y: 7
Solving node: 9+1
x: 9
y: 1
Solving node: 10+32
x: 10
y: 32
Solving node: 42-1
x: 42
y: 1
Solving node: 41+4
x: 41
y: 4
Solving node: 2*1
x: 2
y: 1
Solving node: 2*3
x: 2
y: 3
Solving node: 1*1
x: 1
y: 1
Solving node: 8*4
x: 8
y: 4
Solving node: 2+6
x: 2
y: 6
Solving node: 8+8
x: 8
y: 8
Solving node: 16-7
x: 16
y: 7
Solving node: 9+1
x: 9
y: 1
Solving node: 10+32
x: 10
y: 32
Solving node: 42-1
x: 42
y: 1
Solving node: 2*1
x: 2
y: 1
Solving node: 2*3
x: 2
y: 3
Solving node: 1*1
x: 1
y: 1
Solving node: 8*4
x: 8
y: 4
Solving node: 2+6
x: 2
y: 6
Solving node: 8+8
x: 8
y: 8
Solving node: 16-7
x: 16
y: 7
Solving node: 9+1
x: 9
y: 1
Solving node: 10+32
x: 10
y: 32
Solving node: 42-1
x: 42
y: 1
Solving node: 41+4
x: 41
y: 4
Difference: 45
Last: 4; Last sum: 4
Calculating: 2*1+2*3+8-7+1*1+8*4-1+4-2
Solving node: 2*1
x: 2
y: 1
Solving node: 2*3
x: 2
y: 3
Solving node: 1*1
x: 1
y: 1
Solving node: 8*4
x: 8
y: 4
Solving node: 2+6
x: 2
y: 6
Solving node: 8+8
x: 8
y: 8
Solving node: 16-7
x: 16
y: 7
Solving node: 9+1
x: 9
y: 1
Solving node: 10+32
x: 10
y: 32
Solving node: 42-1
x: 42
y: 1
Solving node: 41+4
x: 41
y: 4
Solving node: 45-2
x: 45
y: 2
Solving node: 2*1
x: 2
y: 1
Solving node: 2*3
x: 2
y: 3
Solving node: 1*1
x: 1
y: 1
Solving node: 8*4
x: 8
y: 4
Solving node: 2+6
x: 2
y: 6
Solving node: 8+8
x: 8
y: 8
Solving node: 16-7
x: 16
y: 7
Solving node: 9+1
x: 9
y: 1
Solving node: 10+32
x: 10
y: 32
Solving node: 42-1
x: 42
y: 1
Solving node: 41+4
x: 41
y: 4
Solving node: 45-2
x: 45
y: 2
Solving node: 2*1
x: 2
y: 1
Solving node: 2*3
x: 2
y: 3
Solving node: 1*1
x: 1
y: 1
Solving node: 8*4
x: 8
y: 4
Solving node: 2+6
x: 2
y: 6
Solving node: 8+8
x: 8
y: 8
Solving node: 16-7
x: 16
y: 7
Solving node: 9+1
x: 9
y: 1
Solving node: 10+32
x: 10
y: 32
Solving node: 42-1
x: 42
y: 1
Solving node: 41+4
x: 41
y: 4
Difference: 45-2
Calculating bounds (multiplication)
Previous index: -1 | Last operator index: 2
Upper bound: 2
Calculating: 2*1+2*3+8-7+1*1+8*4-1+4-2*1
Solving node: 2*1
x: 2
y: 1
Solving node: 2*3
x: 2
y: 3
Solving node: 1*1
x: 1
y: 1
Solving node: 8*4
x: 8
y: 4
Solving node: 2*1
x: 2
y: 1
Solving node: 2+6
x: 2
y: 6
Solving node: 8+8
x: 8
y: 8
Solving node: 16-7
x: 16
y: 7
Solving node: 9+1
x: 9
y: 1
Solving node: 10+32
x: 10
y: 32
Solving node: 42-1
x: 42
y: 1
Solving node: 41+4
x: 41
y: 4
Solving node: 45-2
x: 45
y: 2
Solving node: 2*1
x: 2
y: 1
Solving node: 2*3
x: 2
y: 3
Solving node: 1*1
x: 1
y: 1
Solving node: 8*4
x: 8
y: 4
Solving node: 2*1
x: 2
y: 1
Solving node: 2+6
x: 2
y: 6
Solving node: 8+8
x: 8
y: 8
Solving node: 16-7
x: 16
y: 7
Solving node: 9+1
x: 9
y: 1
Solving node: 10+32
x: 10
y: 32
Solving node: 42-1
x: 42
y: 1
Solving node: 41+4
x: 41
y: 4
Solving node: 45-2
x: 45
y: 2
Solving node: 2*1
x: 2
y: 1
Solving node: 2*3
x: 2
y: 3
Solving node: 1*1
x: 1
y: 1
Solving node: 8*4
x: 8
y: 4
Solving node: 2*1
x: 2
y: 1
Solving node: 2+6
x: 2
y: 6
Solving node: 8+8
x: 8
y: 8
Solving node: 16-7
x: 16
y: 7
Solving node: 9+1
x: 9
y: 1
Solving node: 10+32
x: 10
y: 32
Solving node: 42-1
x: 42
y: 1
Solving node: 41+4
x: 41
y: 4
Difference: 45-2
Calculating: 2*1+2*3+8-7+1*1+8*4-1+4-2*1+4
Solving node: 2*1
x: 2
y: 1
Solving node: 2*3
x: 2
y: 3
Solving node: 1*1
x: 1
y: 1
Solving node: 8*4
x: 8
y: 4
Solving node: 2*1
x: 2
y: 1
Solving node: 2+6
x: 2
y: 6
Solving node: 8+8
x: 8
y: 8
Solving node: 16-7
x: 16
y: 7
Solving node: 9+1
x: 9
y: 1
Solving node: 10+32
x: 10
y: 32
Solving node: 42-1
x: 42
y: 1
Solving node: 41+4
x: 41
y: 4
Solving node: 45-2
x: 45
y: 2
Solving node: 43+4
x: 43
y: 4
Solving node: 2*1
x: 2
y: 1
Solving node: 2*3
x: 2
y: 3
Solving node: 1*1
x: 1
y: 1
Solving node: 8*4
x: 8
y: 4
Solving node: 2*1
x: 2
y: 1
Solving node: 2+6
x: 2
y: 6
Solving node: 8+8
x: 8
y: 8
Solving node: 16-7
x: 16
y: 7
Solving node: 9+1
x: 9
y: 1
Solving node: 10+32
x: 10
y: 32
Solving node: 42-1
x: 42
y: 1
Solving node: 41+4
x: 41
y: 4
Solving node: 45-2
x: 45
y: 2
Solving node: 2*1
x: 2
y: 1
Solving node: 2*3
x: 2
y: 3
Solving node: 1*1
x: 1
y: 1
Solving node: 8*4
x: 8
y: 4
Solving node: 2*1
x: 2
y: 1
Solving node: 2+6
x: 2
y: 6
Solving node: 8+8
x: 8
y: 8
Solving node: 16-7
x: 16
y: 7
Solving node: 9+1
x: 9
y: 1
Solving node: 10+32
x: 10
y: 32
Solving node: 42-1
x: 42
y: 1
Solving node: 41+4
x: 41
y: 4
Solving node: 45-2
x: 45
y: 2
Solving node: 43+4
x: 43
y: 4
Difference: 47
Calculating: 2*1+2*3+8-7+1*1+8*4-1+4-2*1+4:1
Solving node: 2*1
x: 2
y: 1
Solving node: 2*3
x: 2
y: 3
Solving node: 1*1
x: 1
y: 1
Solving node: 8*4
x: 8
y: 4
Solving node: 2*1
x: 2
y: 1
Solving node: 4:1
x: 4
y: 1
Solving node: 2+6
x: 2
y: 6
Solving node: 8+8
x: 8
y: 8
Solving node: 16-7
x: 16
y: 7
Solving node: 9+1
x: 9
y: 1
Solving node: 10+32
x: 10
y: 32
Solving node: 42-1
x: 42
y: 1
Solving node: 41+4
x: 41
y: 4
Solving node: 45-2
x: 45
y: 2
Solving node: 43+4
x: 43
y: 4
Solving node: 2*1
x: 2
y: 1
Solving node: 2*3
x: 2
y: 3
Solving node: 1*1
x: 1
y: 1
Solving node: 8*4
x: 8
y: 4
Solving node: 2*1
x: 2
y: 1
Solving node: 4:1
x: 4
y: 1
Solving node: 2+6
x: 2
y: 6
Solving node: 8+8
x: 8
y: 8
Solving node: 16-7
x: 16
y: 7
Solving node: 9+1
x: 9
y: 1
Solving node: 10+32
x: 10
y: 32
Solving node: 42-1
x: 42
y: 1
Solving node: 41+4
x: 41
y: 4
Solving node: 45-2
x: 45
y: 2
Solving node: 2*1
x: 2
y: 1
Solving node: 2*3
x: 2
y: 3
Solving node: 1*1
x: 1
y: 1
Solving node: 8*4
x: 8
y: 4
Solving node: 2*1
x: 2
y: 1
Solving node: 4:1
x: 4
y: 1
Solving node: 2+6
x: 2
y: 6
Solving node: 8+8
x: 8
y: 8
Solving node: 16-7
x: 16
y: 7
Solving node: 9+1
x: 9
y: 1
Solving node: 10+32
x: 10
y: 32
Solving node: 42-1
x: 42
y: 1
Solving node: 41+4
x: 41
y: 4
Solving node: 45-2
x: 45
y: 2
Solving node: 43+4
x: 43
y: 4
Difference: 47
Calculating: 2*1+2*3+8-7+1*1+8*4-1+4-2*1+4:1+4
Solving node: 2*1
x: 2
y: 1
Solving node: 2*3
x: 2
y: 3
Solving node: 1*1
x: 1
y: 1
Solving node: 8*4
x: 8
y: 4
Solving node: 2*1
x: 2
y: 1
Solving node: 4:1
x: 4
y: 1
Solving node: 2+6
x: 2
y: 6
Solving node: 8+8
x: 8
y: 8
Solving node: 16-7
x: 16
y: 7
Solving node: 9+1
x: 9
y: 1
Solving node: 10+32
x: 10
y: 32
Solving node: 42-1
x: 42
y: 1
Solving node: 41+4
x: 41
y: 4
Solving node: 45-2
x: 45
y: 2
Solving node: 43+4
x: 43
y: 4
Solving node: 47+4
x: 47
y: 4
Originallösung: 2*1+2*3+8-7+1*1+8*4-1+4-2*1+4:1+4 = 51
[79/100] 2*1+2*3+8-7+1*1+8*4-1+4-2*1+4:1+4
Testing equation: 2*1+2*3+8-7+1*1+8*4-1+4-2*1+4:1+4
Checking node: 2*1
Solving node: 2*1
x: 2
y: 1
Checking node: 2*3
Solving node: 2*3
x: 2
y: 3
Checking node: 1*1
Solving node: 1*1
x: 1
y: 1
Checking node: 8*4
Solving node: 8*4
x: 8
y: 4
Checking node: 2*1
Solving node: 2*1
x: 2
y: 1
Checking node: 4:1
Solving node: 4:1
x: 4
y: 1
Checking node: 2+6
Solving node: 2+6
x: 2
y: 6
Checking node: 8+8
Solving node: 8+8
x: 8
y: 8
Checking node: 16-7
Solving node: 16-7
x: 16
y: 7
Checking node: 9+1
Solving node: 9+1
x: 9
y: 1
Checking node: 10+32
Solving node: 10+32
x: 10
y: 32
Checking node: 42-1
Solving node: 42-1
x: 42
y: 1
Checking node: 41+4
Solving node: 41+4
x: 41
y: 4
Checking node: 45-2
Solving node: 45-2
x: 45
y: 2
Checking node: 43+4
Solving node: 43+4
x: 43
y: 4
Checking node: 47+4
Solving node: 47+4
x: 47
y: 4
Checking node: 2*1
Checking node: 1+2
Checking node: 2*3
Checking node: 3+8
Checking node: 8-7
Checking node: 7+1
Checking node: 1*1
Checking node: 1+8
Checking node: 8*4
Checking node: 4-1
Checking node: 1+4
Checking node: 4-2
Checking node: 2*1
Checking node: 1+4
Checking node: 4:1
Checking node: 1+4
Difference: 3
Using default bounds (multiplication)
Calculating: 3*2
Solving node: 3*2
x: 3
y: 2
Solving node: 3*2
x: 3
y: 2
Solving node: 3*2
x: 3
y: 2
Difference: 6
Calculating: 3*2+1
Solving node: 3*2
x: 3
y: 2
Solving node: 6+1
x: 6
y: 1
Solving node: 3*2
x: 3
y: 2
Solving node: 3*2
x: 3
y: 2
Solving node: 6+1
x: 6
y: 1
Difference: 7
Using default bounds (multiplication)
Calculating: 3*2+1*9
Solving node: 3*2
x: 3
y: 2
Solving node: 1*9
x: 1
y: 9
Solving node: 6+9
x: 6
y: 9
Solving node: 3*2
x: 3
y: 2
Solving node: 1*9
x: 1
y: 9
Solving node: 3*2
x: 3
y: 2
Solving node: 1*9
x: 1
y: 9
Solving node: 6+9
x: 6
y: 9
Difference: 15
Last: 9; Last sum: 9
Calculating: 3*2+1*9-5
Solving node: 3*2
x: 3
y: 2
Solving node: 1*9
x: 1
y: 9
Solving node: 6+9
x: 6
y: 9
Solving node: 15-5
x: 15
y: 5
Solving node: 3*2
x: 3
y: 2
Solving node: 1*9
x: 1
y: 9
Solving node: 6+9
x: 6
y: 9
Solving node: 15-5
x: 15
y: 5
Solving node: 3*2
x: 3
y: 2
Solving node: 1*9
x: 1
y: 9
Solving node: 6+9
x: 6
y: 9
Difference: 15-5
Calculating bounds (multiplication)
Previous index: -1 | Last operator index: 2
Upper bound: 2
Calculating: 3*2+1*9-5*1
Solving node: 3*2
x: 3
y: 2
Solving node: 1*9
x: 1
y: 9
Solving node: 5*1
x: 5
y: 1
Solving node: 6+9
x: 6
y: 9
Solving node: 15-5
x: 15
y: 5
Solving node: 3*2
x: 3
y: 2
Solving node: 1*9
x: 1
y: 9
Solving node: 5*1
x: 5
y: 1
Solving node: 6+9
x: 6
y: 9
Solving node: 15-5
x: 15
y: 5
Solving node: 3*2
x: 3
y: 2
Solving node: 1*9
x: 1
y: 9
Solving node: 5*1
x: 5
y: 1
Solving node: 6+9
x: 6
y: 9
Difference: 15-5
Calculating: 3*2+1*9-5*1+4
Solving node: 3*2
x: 3
y: 2
Solving node: 1*9
x: 1
y: 9
Solving node: 5*1
x: 5
y: 1
Solving node: 6+9
x: 6
y: 9
Solving node: 15-5
x: 15
y: 5
Solving node: 10+4
x: 10
y: 4
Solving node: 3*2
x: 3
y: 2
Solving node: 1*9
x: 1
y: 9
Solving node: 5*1
x: 5
y: 1
Solving node: 6+9
x: 6
y: 9
Solving node: 15-5
x: 15
y: 5
Solving node: 3*2
x: 3
y: 2
Solving node: 1*9
x: 1
y: 9
Solving node: 5*1
x: 5
y: 1
Solving node: 6+9
x: 6
y: 9
Solving node: 15-5
x: 15
y: 5
Solving node: 10+4
x: 10
y: 4
Difference: 14
Using default bounds (multiplication)
Calculating: 3*2+1*9-5*1+4*7
Solving node: 3*2
x: 3
y: 2
Solving node: 1*9
x: 1
y: 9
Solving node: 5*1
x: 5
y: 1
Solving node: 4*7
x: 4
y: 7
Solving node: 6+9
x: 6
y: 9
Solving node: 15-5
x: 15
y: 5
Solving node: 10+28
x: 10
y: 28
Solving node: 3*2
x: 3
y: 2
Solving node: 1*9
x: 1
y: 9
Solving node: 5*1
x: 5
y: 1
Solving node: 4*7
x: 4
y: 7
Solving node: 6+9
x: 6
y: 9
Solving node: 15-5
x: 15
y: 5
Solving node: 3*2
x: 3
y: 2
Solving node: 1*9
x: 1
y: 9
Solving node: 5*1
x: 5
y: 1
Solving node: 4*7
x: 4
y: 7
Solving node: 6+9
x: 6
y: 9
Solving node: 15-5
x: 15
y: 5
Solving node: 10+28
x: 10
y: 28
Difference: 38
Last: 7; Last sum: 28
Calculating: 3*2+1*9-5*1+4*7-3
Solving node: 3*2
x: 3
y: 2
Solving node: 1*9
x: 1
y: 9
Solving node: 5*1
x: 5
y: 1
Solving node: 4*7
x: 4
y: 7
Solving node: 6+9
x: 6
y: 9
Solving node: 15-5
x: 15
y: 5
Solving node: 10+28
x: 10
y: 28
Solving node: 38-3
x: 38
y: 3
Solving node: 3*2
x: 3
y: 2
Solving node: 1*9
x: 1
y: 9
Solving node: 5*1
x: 5
y: 1
Solving node: 4*7
x: 4
y: 7
Solving node: 6+9
x: 6
y: 9
Solving node: 15-5
x: 15
y: 5
Solving node: 10+28
x: 10
y: 28
Solving node: 38-3
x: 38
y: 3
Solving node: 3*2
x: 3
y: 2
Solving node: 1*9
x: 1
y: 9
Solving node: 5*1
x: 5
y: 1
Solving node: 4*7
x: 4
y: 7
Solving node: 6+9
x: 6
y: 9
Solving node: 15-5
x: 15
y: 5
Solving node: 10+28
x: 10
y: 28
Difference: 38-3
Calculating bounds (multiplication)
Previous index: -1 | Last operator index: 2
Upper bound: 3
Calculating: 3*2+1*9-5*1+4*7-3*2
Solving node: 3*2
x: 3
y: 2
Solving node: 1*9
x: 1
y: 9
Solving node: 5*1
x: 5
y: 1
Solving node: 4*7
x: 4
y: 7
Solving node: 3*2
x: 3
y: 2
Solving node: 6+9
x: 6
y: 9
Solving node: 15-5
x: 15
y: 5
Solving node: 10+28
x: 10
y: 28
Solving node: 38-6
x: 38
y: 6
Solving node: 3*2
x: 3
y: 2
Solving node: 1*9
x: 1
y: 9
Solving node: 5*1
x: 5
y: 1
Solving node: 4*7
x: 4
y: 7
Solving node: 3*2
x: 3
y: 2
Solving node: 6+9
x: 6
y: 9
Solving node: 15-5
x: 15
y: 5
Solving node: 10+28
x: 10
y: 28
Solving node: 38-6
x: 38
y: 6
Solving node: 3*2
x: 3
y: 2
Solving node: 1*9
x: 1
y: 9
Solving node: 5*1
x: 5
y: 1
Solving node: 4*7
x: 4
y: 7
Solving node: 3*2
x: 3
y: 2
Solving node: 6+9
x: 6
y: 9
Solving node: 15-5
x: 15
y: 5
Solving node: 10+28
x: 10
y: 28
Difference: 38-6
Calculating: 3*2+1*9-5*1+4*7-3*2+1
Solving node: 3*2
x: 3
y: 2
Solving node: 1*9
x: 1
y: 9
Solving node: 5*1
x: 5
y: 1
Solving node: 4*7
x: 4
y: 7
Solving node: 3*2
x: 3
y: 2
Solving node: 6+9
x: 6
y: 9
Solving node: 15-5
x: 15
y: 5
Solving node: 10+28
x: 10
y: 28
Solving node: 38-6
x: 38
y: 6
Solving node: 32+1
x: 32
y: 1
Solving node: 3*2
x: 3
y: 2
Solving node: 1*9
x: 1
y: 9
Solving node: 5*1
x: 5
y: 1
Solving node: 4*7
x: 4
y: 7
Solving node: 3*2
x: 3
y: 2
Solving node: 6+9
x: 6
y: 9
Solving node: 15-5
x: 15
y: 5
Solving node: 10+28
x: 10
y: 28
Solving node: 38-6
x: 38
y: 6
Solving node: 3*2
x: 3
y: 2
Solving node: 1*9
x: 1
y: 9
Solving node: 5*1
x: 5
y: 1
Solving node: 4*7
x: 4
y: 7
Solving node: 3*2
x: 3
y: 2
Solving node: 6+9
x: 6
y: 9
Solving node: 15-5
x: 15
y: 5
Solving node: 10+28
x: 10
y: 28
Solving node: 38-6
x: 38
y: 6
Solving node: 32+1
x: 32
y: 1
Difference: 33
Using default bounds (multiplication)
Calculating: 3*2+1*9-5*1+4*7-3*2+1*2
Solving node: 3*2
x: 3
y: 2
Solving node: 1*9
x: 1
y: 9
Solving node: 5*1
x: 5
y: 1
Solving node: 4*7
x: 4
y: 7
Solving node: 3*2
x: 3
y: 2
Solving node: 1*2
x: 1
y: 2
Solving node: 6+9
x: 6
y: 9
Solving node: 15-5
x: 15
y: 5
Solving node: 10+28
x: 10
y: 28
Solving node: 38-6
x: 38
y: 6
Solving node: 32+2
x: 32
y: 2
Solving node: 3*2
x: 3
y: 2
Solving node: 1*9
x: 1
y: 9
Solving node: 5*1
x: 5
y: 1
Solving node: 4*7
x: 4
y: 7
Solving node: 3*2
x: 3
y: 2
Solving node: 1*2
x: 1
y: 2
Solving node: 6+9
x: 6
y: 9
Solving node: 15-5
x: 15
y: 5
Solving node: 10+28
x: 10
y: 28
Solving node: 38-6
x: 38
y: 6
Solving node: 3*2
x: 3
y: 2
Solving node: 1*9
x: 1
y: 9
Solving node: 5*1
x: 5
y: 1
Solving node: 4*7
x: 4
y: 7
Solving node: 3*2
x: 3
y: 2
Solving node: 1*2
x: 1
y: 2
Solving node: 6+9
x: 6
y: 9
Solving node: 15-5
x: 15
y: 5
Solving node: 10+28
x: 10
y: 28
Solving node: 38-6
x: 38
y: 6
Solving node: 32+2
x: 32
y: 2
Difference: 34
Calculating: 3*2+1*9-5*1+4*7-3*2+1*2+4
Solving node: 3*2
x: 3
y: 2
Solving node: 1*9
x: 1
y: 9
Solving node: 5*1
x: 5
y: 1
Solving node: 4*7
x: 4
y: 7
Solving node: 3*2
x: 3
y: 2
Solving node: 1*2
x: 1
y: 2
Solving node: 6+9
x: 6
y: 9
Solving node: 15-5
x: 15
y: 5
Solving node: 10+28
x: 10
y: 28
Solving node: 38-6
x: 38
y: 6
Solving node: 32+2
x: 32
y: 2
Solving node: 34+4
x: 34
y: 4
Solving node: 3*2
x: 3
y: 2
Solving node: 1*9
x: 1
y: 9
Solving node: 5*1
x: 5
y: 1
Solving node: 4*7
x: 4
y: 7
Solving node: 3*2
x: 3
y: 2
Solving node: 1*2
x: 1
y: 2
Solving node: 6+9
x: 6
y: 9
Solving node: 15-5
x: 15
y: 5
Solving node: 10+28
x: 10
y: 28
Solving node: 38-6
x: 38
y: 6
Solving node: 3*2
x: 3
y: 2
Solving node: 1*9
x: 1
y: 9
Solving node: 5*1
x: 5
y: 1
Solving node: 4*7
x: 4
y: 7
Solving node: 3*2
x: 3
y: 2
Solving node: 1*2
x: 1
y: 2
Solving node: 6+9
x: 6
y: 9
Solving node: 15-5
x: 15
y: 5
Solving node: 10+28
x: 10
y: 28
Solving node: 38-6
x: 38
y: 6
Solving node: 32+2
x: 32
y: 2
Solving node: 34+4
x: 34
y: 4
Difference: 38
Calculating: 3*2+1*9-5*1+4*7-3*2+1*2+4:2
Solving node: 3*2
x: 3
y: 2
Solving node: 1*9
x: 1
y: 9
Solving node: 5*1
x: 5
y: 1
Solving node: 4*7
x: 4
y: 7
Solving node: 3*2
x: 3
y: 2
Solving node: 1*2
x: 1
y: 2
Solving node: 4:2
x: 4
y: 2
Solving node: 6+9
x: 6
y: 9
Solving node: 15-5
x: 15
y: 5
Solving node: 10+28
x: 10
y: 28
Solving node: 38-6
x: 38
y: 6
Solving node: 32+2
x: 32
y: 2
Solving node: 34+2
x: 34
y: 2
Solving node: 3*2
x: 3
y: 2
Solving node: 1*9
x: 1
y: 9
Solving node: 5*1
x: 5
y: 1
Solving node: 4*7
x: 4
y: 7
Solving node: 3*2
x: 3
y: 2
Solving node: 1*2
x: 1
y: 2
Solving node: 4:2
x: 4
y: 2
Solving node: 6+9
x: 6
y: 9
Solving node: 15-5
x: 15
y: 5
Solving node: 10+28
x: 10
y: 28
Solving node: 38-6
x: 38
y: 6
Solving node: 3*2
x: 3
y: 2
Solving node: 1*9
x: 1
y: 9
Solving node: 5*1
x: 5
y: 1
Solving node: 4*7
x: 4
y: 7
Solving node: 3*2
x: 3
y: 2
Solving node: 1*2
x: 1
y: 2
Solving node: 4:2
x: 4
y: 2
Solving node: 6+9
x: 6
y: 9
Solving node: 15-5
x: 15
y: 5
Solving node: 10+28
x: 10
y: 28
Solving node: 38-6
x: 38
y: 6
Solving node: 32+2
x: 32
y: 2
Solving node: 34+2
x: 34
y: 2
Difference: 36
Calculating: 3*2+1*9-5*1+4*7-3*2+1*2+4:2+4
Solving node: 3*2
x: 3
y: 2
Solving node: 1*9
x: 1
y: 9
Solving node: 5*1
x: 5
y: 1
Solving node: 4*7
x: 4
y: 7
Solving node: 3*2
x: 3
y: 2
Solving node: 1*2
x: 1
y: 2
Solving node: 4:2
x: 4
y: 2
Solving node: 6+9
x: 6
y: 9
Solving node: 15-5
x: 15
y: 5
Solving node: 10+28
x: 10
y: 28
Solving node: 38-6
x: 38
y: 6
Solving node: 32+2
x: 32
y: 2
Solving node: 34+2
x: 34
y: 2
Solving node: 36+4
x: 36
y: 4
Solving node: 3*2
x: 3
y: 2
Solving node: 1*9
x: 1
y: 9
Solving node: 5*1
x: 5
y: 1
Solving node: 4*7
x: 4
y: 7
Solving node: 3*2
x: 3
y: 2
Solving node: 1*2
x: 1
y: 2
Solving node: 4:2
x: 4
y: 2
Solving node: 6+9
x: 6
y: 9
Solving node: 15-5
x: 15
y: 5
Solving node: 10+28
x: 10
y: 28
Solving node: 38-6
x: 38
y: 6
Solving node: 3*2
x: 3
y: 2
Solving node: 1*9
x: 1
y: 9
Solving node: 5*1
x: 5
y: 1
Solving node: 4*7
x: 4
y: 7
Solving node: 3*2
x: 3
y: 2
Solving node: 1*2
x: 1
y: 2
Solving node: 4:2
x: 4
y: 2
Solving node: 6+9
x: 6
y: 9
Solving node: 15-5
x: 15
y: 5
Solving node: 10+28
x: 10
y: 28
Solving node: 38-6
x: 38
y: 6
Solving node: 32+2
x: 32
y: 2
Solving node: 34+2
x: 34
y: 2
Solving node: 36+4
x: 36
y: 4
Difference: 40
Last: 4; Last sum: 4
Calculating: 3*2+1*9-5*1+4*7-3*2+1*2+4:2+4-3
Solving node: 3*2
x: 3
y: 2
Solving node: 1*9
x: 1
y: 9
Solving node: 5*1
x: 5
y: 1
Solving node: 4*7
x: 4
y: 7
Solving node: 3*2
x: 3
y: 2
Solving node: 1*2
x: 1
y: 2
Solving node: 4:2
x: 4
y: 2
Solving node: 6+9
x: 6
y: 9
Solving node: 15-5
x: 15
y: 5
Solving node: 10+28
x: 10
y: 28
Solving node: 38-6
x: 38
y: 6
Solving node: 32+2
x: 32
y: 2
Solving node: 34+2
x: 34
y: 2
Solving node: 36+4
x: 36
y: 4
Solving node: 40-3
x: 40
y: 3
Solving node: 3*2
x: 3
y: 2
Solving node: 1*9
x: 1
y: 9
Solving node: 5*1
x: 5
y: 1
Solving node: 4*7
x: 4
y: 7
Solving node: 3*2
x: 3
y: 2
Solving node: 1*2
x: 1
y: 2
Solving node: 4:2
x: 4
y: 2
Solving node: 6+9
x: 6
y: 9
Solving node: 15-5
x: 15
y: 5
Solving node: 10+28
x: 10
y: 28
Solving node: 38-6
x: 38
y: 6
Solving node: 32+2
x: 32
y: 2
Solving node: 34+2
x: 34
y: 2
Solving node: 36+4
x: 36
y: 4
Solving node: 40-3
x: 40
y: 3
Solving node: 3*2
x: 3
y: 2
Solving node: 1*9
x: 1
y: 9
Solving node: 5*1
x: 5
y: 1
Solving node: 4*7
x: 4
y: 7
Solving node: 3*2
x: 3
y: 2
Solving node: 1*2
x: 1
y: 2
Solving node: 4:2
x: 4
y: 2
Solving node: 6+9
x: 6
y: 9
Solving node: 15-5
x: 15
y: 5
Solving node: 10+28
x: 10
y: 28
Solving node: 38-6
x: 38
y: 6
Solving node: 32+2
x: 32
y: 2
Solving node: 34+2
x: 34
y: 2
Solving node: 36+4
x: 36
y: 4
Difference: 40-3
Calculating bounds (multiplication)
Previous index: -1 | Last operator index: 2
Upper bound: 3
Calculating: 3*2+1*9-5*1+4*7-3*2+1*2+4:2+4-3*1
Solving node: 3*2
x: 3
y: 2
Solving node: 1*9
x: 1
y: 9
Solving node: 5*1
x: 5
y: 1
Solving node: 4*7
x: 4
y: 7
Solving node: 3*2
x: 3
y: 2
Solving node: 1*2
x: 1
y: 2
Solving node: 4:2
x: 4
y: 2
Solving node: 3*1
x: 3
y: 1
Solving node: 6+9
x: 6
y: 9
Solving node: 15-5
x: 15
y: 5
Solving node: 10+28
x: 10
y: 28
Solving node: 38-6
x: 38
y: 6
Solving node: 32+2
x: 32
y: 2
Solving node: 34+2
x: 34
y: 2
Solving node: 36+4
x: 36
y: 4
Solving node: 40-3
x: 40
y: 3
Originallösung: 3*2+1*9-5*1+4*7-3*2+1*2+4:2+4-3*1 = 37
[80/100] 3*2+1*9-5*1+4*7-3*2+1*2+4:2+4-3*1
Testing equation: 3*2+1*9-5*1+4*7-3*2+1*2+4:2+4-3*1
Checking node: 3*2
Solving node: 3*2
x: 3
y: 2
Checking node: 1*9
Solving node: 1*9
x: 1
y: 9
Checking node: 5*1
Solving node: 5*1
x: 5
y: 1
Checking node: 4*7
Solving node: 4*7
x: 4
y: 7
Checking node: 3*2
Solving node: 3*2
x: 3
y: 2
Checking node: 1*2
Solving node: 1*2
x: 1
y: 2
Checking node: 4:2
Solving node: 4:2
x: 4
y: 2
Checking node: 3*1
Solving node: 3*1
x: 3
y: 1
Checking node: 6+9
Solving node: 6+9
x: 6
y: 9
Checking node: 15-5
Solving node: 15-5
x: 15
y: 5
Checking node: 10+28
Solving node: 10+28
x: 10
y: 28
Checking node: 38-6
Solving node: 38-6
x: 38
y: 6
Checking node: 32+2
Solving node: 32+2
x: 32
y: 2
Checking node: 34+2
Solving node: 34+2
x: 34
y: 2
Checking node: 36+4
Solving node: 36+4
x: 36
y: 4
Checking node: 40-3
Solving node: 40-3
x: 40
y: 3
Checking node: 3*2
Checking node: 2+1
Checking node: 1*9
Checking node: 9-5
Checking node: 5*1
Checking node: 1+4
Checking node: 4*7
Checking node: 7-3
Checking node: 3*2
Checking node: 2+1
Checking node: 1*2
Checking node: 2+4
Checking node: 4:2
Checking node: 2+4
Checking node: 4-3
Checking node: 3*1
Difference: 5
Calculating: 5+9
Solving node: 5+9
x: 5
y: 9
Solving node: 5+9
x: 5
y: 9
Difference: 14
Using default bounds (multiplication)
Calculating: 5+9*9
Solving node: 9*9
x: 9
y: 9
Solving node: 5+81
x: 5
y: 81
Solving node: 9*9
x: 9
y: 9
Solving node: 9*9
x: 9
y: 9
Solving node: 5+81
x: 5
y: 81
Difference: 86
Last: 9; Last sum: 81
Calculating: 5+9*9-7
Solving node: 9*9
x: 9
y: 9
Solving node: 5+81
x: 5
y: 81
Solving node: 86-7
x: 86
y: 7
Solving node: 9*9
x: 9
y: 9
Solving node: 5+81
x: 5
y: 81
Solving node: 86-7
x: 86
y: 7
Solving node: 9*9
x: 9
y: 9
Solving node: 5+81
x: 5
y: 81
Difference: 86-7
Calculating bounds (multiplication)
Previous index: -1 | Last operator index: 2
Upper bound: 7
Calculating: 5+9*9-7*4
Solving node: 9*9
x: 9
y: 9
Solving node: 7*4
x: 7
y: 4
Solving node: 5+81
x: 5
y: 81
Solving node: 86-28
x: 86
y: 28
Solving node: 9*9
x: 9
y: 9
Solving node: 7*4
x: 7
y: 4
Solving node: 5+81
x: 5
y: 81
Solving node: 86-28
x: 86
y: 28
Solving node: 9*9
x: 9
y: 9
Solving node: 7*4
x: 7
y: 4
Solving node: 5+81
x: 5
y: 81
Difference: 86-28
Last: 4; Last sum: 58
Calculating: 5+9*9-7*4-2
Solving node: 9*9
x: 9
y: 9
Solving node: 7*4
x: 7
y: 4
Solving node: 5+81
x: 5
y: 81
Solving node: 86-28
x: 86
y: 28
Solving node: 58-2
x: 58
y: 2
Solving node: 9*9
x: 9
y: 9
Solving node: 7*4
x: 7
y: 4
Solving node: 5+81
x: 5
y: 81
Solving node: 86-28
x: 86
y: 28
Solving node: 58-2
x: 58
y: 2
Solving node: 9*9
x: 9
y: 9
Solving node: 7*4
x: 7
y: 4
Solving node: 5+81
x: 5
y: 81
Difference: 86-28-2
Calculating bounds (multiplication)
Previous index: 2 | Last operator index: 5
Upper bound: 2
Calculating: 5+9*9-7*4-2*1
Solving node: 9*9
x: 9
y: 9
Solving node: 7*4
x: 7
y: 4
Solving node: 2*1
x: 2
y: 1
Solving node: 5+81
x: 5
y: 81
Solving node: 86-28
x: 86
y: 28
Solving node: 58-2
x: 58
y: 2
Solving node: 9*9
x: 9
y: 9
Solving node: 7*4
x: 7
y: 4
Solving node: 2*1
x: 2
y: 1
Solving node: 5+81
x: 5
y: 81
Solving node: 86-28
x: 86
y: 28
Solving node: 58-2
x: 58
y: 2
Solving node: 9*9
x: 9
y: 9
Solving node: 7*4
x: 7
y: 4
Solving node: 2*1
x: 2
y: 1
Solving node: 5+81
x: 5
y: 81
Difference: 86-28-2
Calculating: 5+9*9-7*4-2*1+7
Solving node: 9*9
x: 9
y: 9
Solving node: 7*4
x: 7
y: 4
Solving node: 2*1
x: 2
y: 1
Solving node: 5+81
x: 5
y: 81
Solving node: 86-28
x: 86
y: 28
Solving node: 58-2
x: 58
y: 2
Solving node: 56+7
x: 56
y: 7
Solving node: 9*9
x: 9
y: 9
Solving node: 7*4
x: 7
y: 4
Solving node: 2*1
x: 2
y: 1
Solving node: 5+81
x: 5
y: 81
Solving node: 86-28
x: 86
y: 28
Solving node: 58-2
x: 58
y: 2
Solving node: 9*9
x: 9
y: 9
Solving node: 7*4
x: 7
y: 4
Solving node: 2*1
x: 2
y: 1
Solving node: 5+81
x: 5
y: 81
Solving node: 86-28
x: 86
y: 28
Solving node: 58-2
x: 58
y: 2
Solving node: 56+7
x: 56
y: 7
Difference: 63
Last: 7; Last sum: 7
Calculating: 5+9*9-7*4-2*1+7-1
Solving node: 9*9
x: 9
y: 9
Solving node: 7*4
x: 7
y: 4
Solving node: 2*1
x: 2
y: 1
Solving node: 5+81
x: 5
y: 81
Solving node: 86-28
x: 86
y: 28
Solving node: 58-2
x: 58
y: 2
Solving node: 56+7
x: 56
y: 7
Solving node: 63-1
x: 63
y: 1
Solving node: 9*9
x: 9
y: 9
Solving node: 7*4
x: 7
y: 4
Solving node: 2*1
x: 2
y: 1
Solving node: 5+81
x: 5
y: 81
Solving node: 86-28
x: 86
y: 28
Solving node: 58-2
x: 58
y: 2
Solving node: 56+7
x: 56
y: 7
Solving node: 63-1
x: 63
y: 1
Solving node: 9*9
x: 9
y: 9
Solving node: 7*4
x: 7
y: 4
Solving node: 2*1
x: 2
y: 1
Solving node: 5+81
x: 5
y: 81
Solving node: 86-28
x: 86
y: 28
Solving node: 58-2
x: 58
y: 2
Solving node: 56+7
x: 56
y: 7
Difference: 63-1
Calculating: 5+9*9-7*4-2*1+7-1+6
Solving node: 9*9
x: 9
y: 9
Solving node: 7*4
x: 7
y: 4
Solving node: 2*1
x: 2
y: 1
Solving node: 5+81
x: 5
y: 81
Solving node: 86-28
x: 86
y: 28
Solving node: 58-2
x: 58
y: 2
Solving node: 56+7
x: 56
y: 7
Solving node: 63-1
x: 63
y: 1
Solving node: 62+6
x: 62
y: 6
Solving node: 9*9
x: 9
y: 9
Solving node: 7*4
x: 7
y: 4
Solving node: 2*1
x: 2
y: 1
Solving node: 5+81
x: 5
y: 81
Solving node: 86-28
x: 86
y: 28
Solving node: 58-2
x: 58
y: 2
Solving node: 56+7
x: 56
y: 7
Solving node: 63-1
x: 63
y: 1
Solving node: 9*9
x: 9
y: 9
Solving node: 7*4
x: 7
y: 4
Solving node: 2*1
x: 2
y: 1
Solving node: 5+81
x: 5
y: 81
Solving node: 86-28
x: 86
y: 28
Solving node: 58-2
x: 58
y: 2
Solving node: 56+7
x: 56
y: 7
Solving node: 63-1
x: 63
y: 1
Solving node: 62+6
x: 62
y: 6
Difference: 68
Calculating: 5+9*9-7*4-2*1+7-1+6:2
Solving node: 9*9
x: 9
y: 9
Solving node: 7*4
x: 7
y: 4
Solving node: 2*1
x: 2
y: 1
Solving node: 6:2
x: 6
y: 2
Solving node: 5+81
x: 5
y: 81
Solving node: 86-28
x: 86
y: 28
Solving node: 58-2
x: 58
y: 2
Solving node: 56+7
x: 56
y: 7
Solving node: 63-1
x: 63
y: 1
Solving node: 62+3
x: 62
y: 3
Solving node: 9*9
x: 9
y: 9
Solving node: 7*4
x: 7
y: 4
Solving node: 2*1
x: 2
y: 1
Solving node: 6:2
x: 6
y: 2
Solving node: 5+81
x: 5
y: 81
Solving node: 86-28
x: 86
y: 28
Solving node: 58-2
x: 58
y: 2
Solving node: 56+7
x: 56
y: 7
Solving node: 63-1
x: 63
y: 1
Solving node: 9*9
x: 9
y: 9
Solving node: 7*4
x: 7
y: 4
Solving node: 2*1
x: 2
y: 1
Solving node: 6:2
x: 6
y: 2
Solving node: 5+81
x: 5
y: 81
Solving node: 86-28
x: 86
y: 28
Solving node: 58-2
x: 58
y: 2
Solving node: 56+7
x: 56
y: 7
Solving node: 63-1
x: 63
y: 1
Solving node: 62+3
x: 62
y: 3
Difference: 65
Using default bounds (multiplication)
Calculating: 5+9*9-7*4-2*1+7-1+6:2*8
Solving node: 9*9
x: 9
y: 9
Solving node: 7*4
x: 7
y: 4
Solving node: 2*1
x: 2
y: 1
Solving node: 6:2
x: 6
y: 2
Solving node: 3*8
x: 3
y: 8
Solving node: 5+81
x: 5
y: 81
Solving node: 86-28
x: 86
y: 28
Solving node: 58-2
x: 58
y: 2
Solving node: 56+7
x: 56
y: 7
Solving node: 63-1
x: 63
y: 1
Solving node: 62+24
x: 62
y: 24
Solving node: 9*9
x: 9
y: 9
Solving node: 7*4
x: 7
y: 4
Solving node: 2*1
x: 2
y: 1
Solving node: 6:2
x: 6
y: 2
Solving node: 3*8
x: 3
y: 8
Solving node: 5+81
x: 5
y: 81
Solving node: 86-28
x: 86
y: 28
Solving node: 58-2
x: 58
y: 2
Solving node: 56+7
x: 56
y: 7
Solving node: 63-1
x: 63
y: 1
Solving node: 9*9
x: 9
y: 9
Solving node: 7*4
x: 7
y: 4
Solving node: 2*1
x: 2
y: 1
Solving node: 6:2
x: 6
y: 2
Solving node: 3*8
x: 3
y: 8
Solving node: 5+81
x: 5
y: 81
Solving node: 86-28
x: 86
y: 28
Solving node: 58-2
x: 58
y: 2
Solving node: 56+7
x: 56
y: 7
Solving node: 63-1
x: 63
y: 1
Solving node: 62+24
x: 62
y: 24
Difference: 86
Last: 8; Last sum: 24
Calculating: 5+9*9-7*4-2*1+7-1+6:2*8-4
Solving node: 9*9
x: 9
y: 9
Solving node: 7*4
x: 7
y: 4
Solving node: 2*1
x: 2
y: 1
Solving node: 6:2
x: 6
y: 2
Solving node: 3*8
x: 3
y: 8
Solving node: 5+81
x: 5
y: 81
Solving node: 86-28
x: 86
y: 28
Solving node: 58-2
x: 58
y: 2
Solving node: 56+7
x: 56
y: 7
Solving node: 63-1
x: 63
y: 1
Solving node: 62+24
x: 62
y: 24
Solving node: 86-4
x: 86
y: 4
Solving node: 9*9
x: 9
y: 9
Solving node: 7*4
x: 7
y: 4
Solving node: 2*1
x: 2
y: 1
Solving node: 6:2
x: 6
y: 2
Solving node: 3*8
x: 3
y: 8
Solving node: 5+81
x: 5
y: 81
Solving node: 86-28
x: 86
y: 28
Solving node: 58-2
x: 58
y: 2
Solving node: 56+7
x: 56
y: 7
Solving node: 63-1
x: 63
y: 1
Solving node: 62+24
x: 62
y: 24
Solving node: 86-4
x: 86
y: 4
Solving node: 9*9
x: 9
y: 9
Solving node: 7*4
x: 7
y: 4
Solving node: 2*1
x: 2
y: 1
Solving node: 6:2
x: 6
y: 2
Solving node: 3*8
x: 3
y: 8
Solving node: 5+81
x: 5
y: 81
Solving node: 86-28
x: 86
y: 28
Solving node: 58-2
x: 58
y: 2
Solving node: 56+7
x: 56
y: 7
Solving node: 63-1
x: 63
y: 1
Solving node: 62+24
x: 62
y: 24
Difference: 86-4
Calculating bounds (multiplication)
Previous index: -1 | Last operator index: 2
Upper bound: 4
Calculating: 5+9*9-7*4-2*1+7-1+6:2*8-4*3
Solving node: 9*9
x: 9
y: 9
Solving node: 7*4
x: 7
y: 4
Solving node: 2*1
x: 2
y: 1
Solving node: 6:2
x: 6
y: 2
Solving node: 3*8
x: 3
y: 8
Solving node: 4*3
x: 4
y: 3
Solving node: 5+81
x: 5
y: 81
Solving node: 86-28
x: 86
y: 28
Solving node: 58-2
x: 58
y: 2
Solving node: 56+7
x: 56
y: 7
Solving node: 63-1
x: 63
y: 1
Solving node: 62+24
x: 62
y: 24
Solving node: 86-12
x: 86
y: 12
Solving node: 9*9
x: 9
y: 9
Solving node: 7*4
x: 7
y: 4
Solving node: 2*1
x: 2
y: 1
Solving node: 6:2
x: 6
y: 2
Solving node: 3*8
x: 3
y: 8
Solving node: 4*3
x: 4
y: 3
Solving node: 5+81
x: 5
y: 81
Solving node: 86-28
x: 86
y: 28
Solving node: 58-2
x: 58
y: 2
Solving node: 56+7
x: 56
y: 7
Solving node: 63-1
x: 63
y: 1
Solving node: 62+24
x: 62
y: 24
Solving node: 86-12
x: 86
y: 12
Solving node: 9*9
x: 9
y: 9
Solving node: 7*4
x: 7
y: 4
Solving node: 2*1
x: 2
y: 1
Solving node: 6:2
x: 6
y: 2
Solving node: 3*8
x: 3
y: 8
Solving node: 4*3
x: 4
y: 3
Solving node: 5+81
x: 5
y: 81
Solving node: 86-28
x: 86
y: 28
Solving node: 58-2
x: 58
y: 2
Solving node: 56+7
x: 56
y: 7
Solving node: 63-1
x: 63
y: 1
Solving node: 62+24
x: 62
y: 24
Difference: 86-12
Last: 3; Last sum: 74
Calculating: 5+9*9-7*4-2*1+7-1+6:2*8-4*3-1
Solving node: 9*9
x: 9
y: 9
Solving node: 7*4
x: 7
y: 4
Solving node: 2*1
x: 2
y: 1
Solving node: 6:2
x: 6
y: 2
Solving node: 3*8
x: 3
y: 8
Solving node: 4*3
x: 4
y: 3
Solving node: 5+81
x: 5
y: 81
Solving node: 86-28
x: 86
y: 28
Solving node: 58-2
x: 58
y: 2
Solving node: 56+7
x: 56
y: 7
Solving node: 63-1
x: 63
y: 1
Solving node: 62+24
x: 62
y: 24
Solving node: 86-12
x: 86
y: 12
Solving node: 74-1
x: 74
y: 1
Solving node: 9*9
x: 9
y: 9
Solving node: 7*4
x: 7
y: 4
Solving node: 2*1
x: 2
y: 1
Solving node: 6:2
x: 6
y: 2
Solving node: 3*8
x: 3
y: 8
Solving node: 4*3
x: 4
y: 3
Solving node: 5+81
x: 5
y: 81
Solving node: 86-28
x: 86
y: 28
Solving node: 58-2
x: 58
y: 2
Solving node: 56+7
x: 56
y: 7
Solving node: 63-1
x: 63
y: 1
Solving node: 62+24
x: 62
y: 24
Solving node: 86-12
x: 86
y: 12
Solving node: 74-1
x: 74
y: 1
Solving node: 9*9
x: 9
y: 9
Solving node: 7*4
x: 7
y: 4
Solving node: 2*1
x: 2
y: 1
Solving node: 6:2
x: 6
y: 2
Solving node: 3*8
x: 3
y: 8
Solving node: 4*3
x: 4
y: 3
Solving node: 5+81
x: 5
y: 81
Solving node: 86-28
x: 86
y: 28
Solving node: 58-2
x: 58
y: 2
Solving node: 56+7
x: 56
y: 7
Solving node: 63-1
x: 63
y: 1
Solving node: 62+24
x: 62
y: 24
Difference: 86-12-1
Calculating bounds (multiplication)
Previous index: 2 | Last operator index: 5
Upper bound: 1
Solving node: 9*9
x: 9
y: 9
Solving node: 7*4
x: 7
y: 4
Solving node: 2*1
x: 2
y: 1
Solving node: 6:2
x: 6
y: 2
Solving node: 3*8
x: 3
y: 8
Solving node: 4*3
x: 4
y: 3
Solving node: 5+81
x: 5
y: 81
Solving node: 86-28
x: 86
y: 28
Solving node: 58-2
x: 58
y: 2
Solving node: 56+7
x: 56
y: 7
Solving node: 63-1
x: 63
y: 1
Solving node: 62+24
x: 62
y: 24
Solving node: 86-12
x: 86
y: 12
Solving node: 74-1
x: 74
y: 1
Solving node: 9*9
x: 9
y: 9
Solving node: 7*4
x: 7
y: 4
Solving node: 2*1
x: 2
y: 1
Solving node: 6:2
x: 6
y: 2
Solving node: 3*8
x: 3
y: 8
Solving node: 4*3
x: 4
y: 3
Solving node: 5+81
x: 5
y: 81
Solving node: 86-28
x: 86
y: 28
Solving node: 58-2
x: 58
y: 2
Solving node: 56+7
x: 56
y: 7
Solving node: 63-1
x: 63
y: 1
Solving node: 62+24
x: 62
y: 24
Difference: 86-12-1
Calculating: 5+9*9-7*4-2*1+7-1+6:2*8-4*3-1+7
Solving node: 9*9
x: 9
y: 9
Solving node: 7*4
x: 7
y: 4
Solving node: 2*1
x: 2
y: 1
Solving node: 6:2
x: 6
y: 2
Solving node: 3*8
x: 3
y: 8
Solving node: 4*3
x: 4
y: 3
Solving node: 5+81
x: 5
y: 81
Solving node: 86-28
x: 86
y: 28
Solving node: 58-2
x: 58
y: 2
Solving node: 56+7
x: 56
y: 7
Solving node: 63-1
x: 63
y: 1
Solving node: 62+24
x: 62
y: 24
Solving node: 86-12
x: 86
y: 12
Solving node: 74-1
x: 74
y: 1
Solving node: 73+7
x: 73
y: 7
Solving node: 9*9
x: 9
y: 9
Solving node: 7*4
x: 7
y: 4
Solving node: 2*1
x: 2
y: 1
Solving node: 6:2
x: 6
y: 2
Solving node: 3*8
x: 3
y: 8
Solving node: 4*3
x: 4
y: 3
Solving node: 5+81
x: 5
y: 81
Solving node: 86-28
x: 86
y: 28
Solving node: 58-2
x: 58
y: 2
Solving node: 56+7
x: 56
y: 7
Solving node: 63-1
x: 63
y: 1
Solving node: 62+24
x: 62
y: 24
Solving node: 86-12
x: 86
y: 12
Solving node: 74-1
x: 74
y: 1
Solving node: 9*9
x: 9
y: 9
Solving node: 7*4
x: 7
y: 4
Solving node: 2*1
x: 2
y: 1
Solving node: 6:2
x: 6
y: 2
Solving node: 3*8
x: 3
y: 8
Solving node: 4*3
x: 4
y: 3
Solving node: 5+81
x: 5
y: 81
Solving node: 86-28
x: 86
y: 28
Solving node: 58-2
x: 58
y: 2
Solving node: 56+7
x: 56
y: 7
Solving node: 63-1
x: 63
y: 1
Solving node: 62+24
x: 62
y: 24
Solving node: 86-12
x: 86
y: 12
Solving node: 74-1
x: 74
y: 1
Solving node: 73+7
x: 73
y: 7
Difference: 80
Last: 7; Last sum: 7
Calculating: 5+9*9-7*4-2*1+7-1+6:2*8-4*3-1+7-6
Solving node: 9*9
x: 9
y: 9
Solving node: 7*4
x: 7
y: 4
Solving node: 2*1
x: 2
y: 1
Solving node: 6:2
x: 6
y: 2
Solving node: 3*8
x: 3
y: 8
Solving node: 4*3
x: 4
y: 3
Solving node: 5+81
x: 5
y: 81
Solving node: 86-28
x: 86
y: 28
Solving node: 58-2
x: 58
y: 2
Solving node: 56+7
x: 56
y: 7
Solving node: 63-1
x: 63
y: 1
Solving node: 62+24
x: 62
y: 24
Solving node: 86-12
x: 86
y: 12
Solving node: 74-1
x: 74
y: 1
Solving node: 73+7
x: 73
y: 7
Solving node: 80-6
x: 80
y: 6
Originallösung: 5+9*9-7*4-2*1+7-1+6:2*8-4*3-1+7-6 = 74
[81/100] 5+9*9-7*4-2*1+7-1+6:2*8-4*3-1+7-6
Testing equation: 5+9*9-7*4-2*1+7-1+6:2*8-4*3-1+7-6
Checking node: 9*9
Solving node: 9*9
x: 9
y: 9
Checking node: 7*4
Solving node: 7*4
x: 7
y: 4
Checking node: 2*1
Solving node: 2*1
x: 2
y: 1
Checking node: 6:2
Solving node: 6:2
x: 6
y: 2
Checking node: 3*8
Solving node: 3*8
x: 3
y: 8
Checking node: 4*3
Solving node: 4*3
x: 4
y: 3
Checking node: 5+81
Solving node: 5+81
x: 5
y: 81
Checking node: 86-28
Solving node: 86-28
x: 86
y: 28
Checking node: 58-2
Solving node: 58-2
x: 58
y: 2
Checking node: 56+7
Solving node: 56+7
x: 56
y: 7
Checking node: 63-1
Solving node: 63-1
x: 63
y: 1
Checking node: 62+24
Solving node: 62+24
x: 62
y: 24
Checking node: 86-12
Solving node: 86-12
x: 86
y: 12
Checking node: 74-1
Solving node: 74-1
x: 74
y: 1
Checking node: 73+7
Solving node: 73+7
x: 73
y: 7
Checking node: 80-6
Solving node: 80-6
x: 80
y: 6
Checking node: 5+9
Checking node: 9*9
Checking node: 9-7
Checking node: 7*4
Checking node: 4-2
Checking node: 2*1
Checking node: 1+7
Checking node: 7-1
Checking node: 1+6
Checking node: 6:2
Checking node: 2*8
Checking node: 8-4
Checking node: 4*3
Checking node: 3-1
Checking node: 1+7
Checking node: 7-6
Difference: 1
Calculating: 1+8
Solving node: 1+8
x: 1
y: 8
Solving node: 1+8
x: 1
y: 8
Difference: 9
Calculating: 1+8:1
Solving node: 8:1
x: 8
y: 1
Solving node: 1+8
x: 1
y: 8
Solving node: 8:1
x: 8
y: 1
Solving node: 8:1
x: 8
y: 1
Solving node: 1+8
x: 1
y: 8
Difference: 9
Using default bounds (multiplication)
Calculating: 1+8:1*5
Solving node: 8:1
x: 8
y: 1
Solving node: 8*5
x: 8
y: 5
Solving node: 1+40
x: 1
y: 40
Solving node: 8:1
x: 8
y: 1
Solving node: 8*5
x: 8
y: 5
Solving node: 8:1
x: 8
y: 1
Solving node: 8*5
x: 8
y: 5
Solving node: 1+40
x: 1
y: 40
Difference: 41
Calculating: 1+8:1*5+7
Solving node: 8:1
x: 8
y: 1
Solving node: 8*5
x: 8
y: 5
Solving node: 1+40
x: 1
y: 40
Solving node: 41+7
x: 41
y: 7
Solving node: 8:1
x: 8
y: 1
Solving node: 8*5
x: 8
y: 5
Solving node: 8:1
x: 8
y: 1
Solving node: 8*5
x: 8
y: 5
Solving node: 1+40
x: 1
y: 40
Solving node: 41+7
x: 41
y: 7
Difference: 48
Last: 7; Last sum: 7
Calculating: 1+8:1*5+7-3
Solving node: 8:1
x: 8
y: 1
Solving node: 8*5
x: 8
y: 5
Solving node: 1+40
x: 1
y: 40
Solving node: 41+7
x: 41
y: 7
Solving node: 48-3
x: 48
y: 3
Solving node: 8:1
x: 8
y: 1
Solving node: 8*5
x: 8
y: 5
Solving node: 1+40
x: 1
y: 40
Solving node: 41+7
x: 41
y: 7
Solving node: 48-3
x: 48
y: 3
Solving node: 8:1
x: 8
y: 1
Solving node: 8*5
x: 8
y: 5
Solving node: 1+40
x: 1
y: 40
Solving node: 41+7
x: 41
y: 7
Difference: 48-3
Calculating bounds (multiplication)
Previous index: -1 | Last operator index: 2
Upper bound: 3
Calculating: 1+8:1*5+7-3*1
Solving node: 8:1
x: 8
y: 1
Solving node: 8*5
x: 8
y: 5
Solving node: 3*1
x: 3
y: 1
Solving node: 1+40
x: 1
y: 40
Solving node: 41+7
x: 41
y: 7
Solving node: 48-3
x: 48
y: 3
Solving node: 8:1
x: 8
y: 1
Solving node: 8*5
x: 8
y: 5
Solving node: 3*1
x: 3
y: 1
Solving node: 1+40
x: 1
y: 40
Solving node: 41+7
x: 41
y: 7
Solving node: 48-3
x: 48
y: 3
Solving node: 8:1
x: 8
y: 1
Solving node: 8*5
x: 8
y: 5
Solving node: 3*1
x: 3
y: 1
Solving node: 1+40
x: 1
y: 40
Solving node: 41+7
x: 41
y: 7
Difference: 48-3
Calculating: 1+8:1*5+7-3*1+3
Solving node: 8:1
x: 8
y: 1
Solving node: 8*5
x: 8
y: 5
Solving node: 3*1
x: 3
y: 1
Solving node: 1+40
x: 1
y: 40
Solving node: 41+7
x: 41
y: 7
Solving node: 48-3
x: 48
y: 3
Solving node: 45+3
x: 45
y: 3
Solving node: 8:1
x: 8
y: 1
Solving node: 8*5
x: 8
y: 5
Solving node: 3*1
x: 3
y: 1
Solving node: 1+40
x: 1
y: 40
Solving node: 41+7
x: 41
y: 7
Solving node: 48-3
x: 48
y: 3
Solving node: 8:1
x: 8
y: 1
Solving node: 8*5
x: 8
y: 5
Solving node: 3*1
x: 3
y: 1
Solving node: 1+40
x: 1
y: 40
Solving node: 41+7
x: 41
y: 7
Solving node: 48-3
x: 48
y: 3
Solving node: 45+3
x: 45
y: 3
Difference: 48
Last: 3; Last sum: 3
Calculating: 1+8:1*5+7-3*1+3-1
Solving node: 8:1
x: 8
y: 1
Solving node: 8*5
x: 8
y: 5
Solving node: 3*1
x: 3
y: 1
Solving node: 1+40
x: 1
y: 40
Solving node: 41+7
x: 41
y: 7
Solving node: 48-3
x: 48
y: 3
Solving node: 45+3
x: 45
y: 3
Solving node: 48-1
x: 48
y: 1
Solving node: 8:1
x: 8
y: 1
Solving node: 8*5
x: 8
y: 5
Solving node: 3*1
x: 3
y: 1
Solving node: 1+40
x: 1
y: 40
Solving node: 41+7
x: 41
y: 7
Solving node: 48-3
x: 48
y: 3
Solving node: 45+3
x: 45
y: 3
Solving node: 48-1
x: 48
y: 1
Solving node: 8:1
x: 8
y: 1
Solving node: 8*5
x: 8
y: 5
Solving node: 3*1
x: 3
y: 1
Solving node: 1+40
x: 1
y: 40
Solving node: 41+7
x: 41
y: 7
Solving node: 48-3
x: 48
y: 3
Solving node: 45+3
x: 45
y: 3
Difference: 48-1
Calculating bounds (multiplication)
Previous index: -1 | Last operator index: 2
Upper bound: 1
Solving node: 8:1
x: 8
y: 1
Solving node: 8*5
x: 8
y: 5
Solving node: 3*1
x: 3
y: 1
Solving node: 1+40
x: 1
y: 40
Solving node: 41+7
x: 41
y: 7
Solving node: 48-3
x: 48
y: 3
Solving node: 45+3
x: 45
y: 3
Solving node: 48-1
x: 48
y: 1
Solving node: 8:1
x: 8
y: 1
Solving node: 8*5
x: 8
y: 5
Solving node: 3*1
x: 3
y: 1
Solving node: 1+40
x: 1
y: 40
Solving node: 41+7
x: 41
y: 7
Solving node: 48-3
x: 48
y: 3
Solving node: 45+3
x: 45
y: 3
Difference: 48-1
Calculating: 1+8:1*5+7-3*1+3-1+2
Solving node: 8:1
x: 8
y: 1
Solving node: 8*5
x: 8
y: 5
Solving node: 3*1
x: 3
y: 1
Solving node: 1+40
x: 1
y: 40
Solving node: 41+7
x: 41
y: 7
Solving node: 48-3
x: 48
y: 3
Solving node: 45+3
x: 45
y: 3
Solving node: 48-1
x: 48
y: 1
Solving node: 47+2
x: 47
y: 2
Solving node: 8:1
x: 8
y: 1
Solving node: 8*5
x: 8
y: 5
Solving node: 3*1
x: 3
y: 1
Solving node: 1+40
x: 1
y: 40
Solving node: 41+7
x: 41
y: 7
Solving node: 48-3
x: 48
y: 3
Solving node: 45+3
x: 45
y: 3
Solving node: 48-1
x: 48
y: 1
Solving node: 8:1
x: 8
y: 1
Solving node: 8*5
x: 8
y: 5
Solving node: 3*1
x: 3
y: 1
Solving node: 1+40
x: 1
y: 40
Solving node: 41+7
x: 41
y: 7
Solving node: 48-3
x: 48
y: 3
Solving node: 45+3
x: 45
y: 3
Solving node: 48-1
x: 48
y: 1
Solving node: 47+2
x: 47
y: 2
Difference: 49
Using default bounds (multiplication)
Calculating: 1+8:1*5+7-3*1+3-1+2*9
Solving node: 8:1
x: 8
y: 1
Solving node: 8*5
x: 8
y: 5
Solving node: 3*1
x: 3
y: 1
Solving node: 2*9
x: 2
y: 9
Solving node: 1+40
x: 1
y: 40
Solving node: 41+7
x: 41
y: 7
Solving node: 48-3
x: 48
y: 3
Solving node: 45+3
x: 45
y: 3
Solving node: 48-1
x: 48
y: 1
Solving node: 47+18
x: 47
y: 18
Solving node: 8:1
x: 8
y: 1
Solving node: 8*5
x: 8
y: 5
Solving node: 3*1
x: 3
y: 1
Solving node: 2*9
x: 2
y: 9
Solving node: 1+40
x: 1
y: 40
Solving node: 41+7
x: 41
y: 7
Solving node: 48-3
x: 48
y: 3
Solving node: 45+3
x: 45
y: 3
Solving node: 48-1
x: 48
y: 1
Solving node: 8:1
x: 8
y: 1
Solving node: 8*5
x: 8
y: 5
Solving node: 3*1
x: 3
y: 1
Solving node: 2*9
x: 2
y: 9
Solving node: 1+40
x: 1
y: 40
Solving node: 41+7
x: 41
y: 7
Solving node: 48-3
x: 48
y: 3
Solving node: 45+3
x: 45
y: 3
Solving node: 48-1
x: 48
y: 1
Solving node: 47+18
x: 47
y: 18
Difference: 65
Calculating: 1+8:1*5+7-3*1+3-1+2*9+3
Solving node: 8:1
x: 8
y: 1
Solving node: 8*5
x: 8
y: 5
Solving node: 3*1
x: 3
y: 1
Solving node: 2*9
x: 2
y: 9
Solving node: 1+40
x: 1
y: 40
Solving node: 41+7
x: 41
y: 7
Solving node: 48-3
x: 48
y: 3
Solving node: 45+3
x: 45
y: 3
Solving node: 48-1
x: 48
y: 1
Solving node: 47+18
x: 47
y: 18
Solving node: 65+3
x: 65
y: 3
Solving node: 8:1
x: 8
y: 1
Solving node: 8*5
x: 8
y: 5
Solving node: 3*1
x: 3
y: 1
Solving node: 2*9
x: 2
y: 9
Solving node: 1+40
x: 1
y: 40
Solving node: 41+7
x: 41
y: 7
Solving node: 48-3
x: 48
y: 3
Solving node: 45+3
x: 45
y: 3
Solving node: 48-1
x: 48
y: 1
Solving node: 8:1
x: 8
y: 1
Solving node: 8*5
x: 8
y: 5
Solving node: 3*1
x: 3
y: 1
Solving node: 2*9
x: 2
y: 9
Solving node: 1+40
x: 1
y: 40
Solving node: 41+7
x: 41
y: 7
Solving node: 48-3
x: 48
y: 3
Solving node: 45+3
x: 45
y: 3
Solving node: 48-1
x: 48
y: 1
Solving node: 47+18
x: 47
y: 18
Solving node: 65+3
x: 65
y: 3
Difference: 68
Last: 3; Last sum: 3
Calculating: 1+8:1*5+7-3*1+3-1+2*9+3-1
Solving node: 8:1
x: 8
y: 1
Solving node: 8*5
x: 8
y: 5
Solving node: 3*1
x: 3
y: 1
Solving node: 2*9
x: 2
y: 9
Solving node: 1+40
x: 1
y: 40
Solving node: 41+7
x: 41
y: 7
Solving node: 48-3
x: 48
y: 3
Solving node: 45+3
x: 45
y: 3
Solving node: 48-1
x: 48
y: 1
Solving node: 47+18
x: 47
y: 18
Solving node: 65+3
x: 65
y: 3
Solving node: 68-1
x: 68
y: 1
Solving node: 8:1
x: 8
y: 1
Solving node: 8*5
x: 8
y: 5
Solving node: 3*1
x: 3
y: 1
Solving node: 2*9
x: 2
y: 9
Solving node: 1+40
x: 1
y: 40
Solving node: 41+7
x: 41
y: 7
Solving node: 48-3
x: 48
y: 3
Solving node: 45+3
x: 45
y: 3
Solving node: 48-1
x: 48
y: 1
Solving node: 47+18
x: 47
y: 18
Solving node: 65+3
x: 65
y: 3
Solving node: 68-1
x: 68
y: 1
Solving node: 8:1
x: 8
y: 1
Solving node: 8*5
x: 8
y: 5
Solving node: 3*1
x: 3
y: 1
Solving node: 2*9
x: 2
y: 9
Solving node: 1+40
x: 1
y: 40
Solving node: 41+7
x: 41
y: 7
Solving node: 48-3
x: 48
y: 3
Solving node: 45+3
x: 45
y: 3
Solving node: 48-1
x: 48
y: 1
Solving node: 47+18
x: 47
y: 18
Solving node: 65+3
x: 65
y: 3
Difference: 68-1
Calculating bounds (multiplication)
Previous index: -1 | Last operator index: 2
Upper bound: 1
Solving node: 8:1
x: 8
y: 1
Solving node: 8*5
x: 8
y: 5
Solving node: 3*1
x: 3
y: 1
Solving node: 2*9
x: 2
y: 9
Solving node: 1+40
x: 1
y: 40
Solving node: 41+7
x: 41
y: 7
Solving node: 48-3
x: 48
y: 3
Solving node: 45+3
x: 45
y: 3
Solving node: 48-1
x: 48
y: 1
Solving node: 47+18
x: 47
y: 18
Solving node: 65+3
x: 65
y: 3
Solving node: 68-1
x: 68
y: 1
Solving node: 8:1
x: 8
y: 1
Solving node: 8*5
x: 8
y: 5
Solving node: 3*1
x: 3
y: 1
Solving node: 2*9
x: 2
y: 9
Solving node: 1+40
x: 1
y: 40
Solving node: 41+7
x: 41
y: 7
Solving node: 48-3
x: 48
y: 3
Solving node: 45+3
x: 45
y: 3
Solving node: 48-1
x: 48
y: 1
Solving node: 47+18
x: 47
y: 18
Solving node: 65+3
x: 65
y: 3
Difference: 68-1
Calculating: 1+8:1*5+7-3*1+3-1+2*9+3-1+9
Solving node: 8:1
x: 8
y: 1
Solving node: 8*5
x: 8
y: 5
Solving node: 3*1
x: 3
y: 1
Solving node: 2*9
x: 2
y: 9
Solving node: 1+40
x: 1
y: 40
Solving node: 41+7
x: 41
y: 7
Solving node: 48-3
x: 48
y: 3
Solving node: 45+3
x: 45
y: 3
Solving node: 48-1
x: 48
y: 1
Solving node: 47+18
x: 47
y: 18
Solving node: 65+3
x: 65
y: 3
Solving node: 68-1
x: 68
y: 1
Solving node: 67+9
x: 67
y: 9
Solving node: 8:1
x: 8
y: 1
Solving node: 8*5
x: 8
y: 5
Solving node: 3*1
x: 3
y: 1
Solving node: 2*9
x: 2
y: 9
Solving node: 1+40
x: 1
y: 40
Solving node: 41+7
x: 41
y: 7
Solving node: 48-3
x: 48
y: 3
Solving node: 45+3
x: 45
y: 3
Solving node: 48-1
x: 48
y: 1
Solving node: 47+18
x: 47
y: 18
Solving node: 65+3
x: 65
y: 3
Solving node: 68-1
x: 68
y: 1
Solving node: 8:1
x: 8
y: 1
Solving node: 8*5
x: 8
y: 5
Solving node: 3*1
x: 3
y: 1
Solving node: 2*9
x: 2
y: 9
Solving node: 1+40
x: 1
y: 40
Solving node: 41+7
x: 41
y: 7
Solving node: 48-3
x: 48
y: 3
Solving node: 45+3
x: 45
y: 3
Solving node: 48-1
x: 48
y: 1
Solving node: 47+18
x: 47
y: 18
Solving node: 65+3
x: 65
y: 3
Solving node: 68-1
x: 68
y: 1
Solving node: 67+9
x: 67
y: 9
Difference: 76
Last: 9; Last sum: 9
Calculating: 1+8:1*5+7-3*1+3-1+2*9+3-1+9-1
Solving node: 8:1
x: 8
y: 1
Solving node: 8*5
x: 8
y: 5
Solving node: 3*1
x: 3
y: 1
Solving node: 2*9
x: 2
y: 9
Solving node: 1+40
x: 1
y: 40
Solving node: 41+7
x: 41
y: 7
Solving node: 48-3
x: 48
y: 3
Solving node: 45+3
x: 45
y: 3
Solving node: 48-1
x: 48
y: 1
Solving node: 47+18
x: 47
y: 18
Solving node: 65+3
x: 65
y: 3
Solving node: 68-1
x: 68
y: 1
Solving node: 67+9
x: 67
y: 9
Solving node: 76-1
x: 76
y: 1
Solving node: 8:1
x: 8
y: 1
Solving node: 8*5
x: 8
y: 5
Solving node: 3*1
x: 3
y: 1
Solving node: 2*9
x: 2
y: 9
Solving node: 1+40
x: 1
y: 40
Solving node: 41+7
x: 41
y: 7
Solving node: 48-3
x: 48
y: 3
Solving node: 45+3
x: 45
y: 3
Solving node: 48-1
x: 48
y: 1
Solving node: 47+18
x: 47
y: 18
Solving node: 65+3
x: 65
y: 3
Solving node: 68-1
x: 68
y: 1
Solving node: 67+9
x: 67
y: 9
Solving node: 76-1
x: 76
y: 1
Solving node: 8:1
x: 8
y: 1
Solving node: 8*5
x: 8
y: 5
Solving node: 3*1
x: 3
y: 1
Solving node: 2*9
x: 2
y: 9
Solving node: 1+40
x: 1
y: 40
Solving node: 41+7
x: 41
y: 7
Solving node: 48-3
x: 48
y: 3
Solving node: 45+3
x: 45
y: 3
Solving node: 48-1
x: 48
y: 1
Solving node: 47+18
x: 47
y: 18
Solving node: 65+3
x: 65
y: 3
Solving node: 68-1
x: 68
y: 1
Solving node: 67+9
x: 67
y: 9
Difference: 76-1
Calculating bounds (multiplication)
Previous index: -1 | Last operator index: 2
Upper bound: 1
Solving node: 8:1
x: 8
y: 1
Solving node: 8*5
x: 8
y: 5
Solving node: 3*1
x: 3
y: 1
Solving node: 2*9
x: 2
y: 9
Solving node: 1+40
x: 1
y: 40
Solving node: 41+7
x: 41
y: 7
Solving node: 48-3
x: 48
y: 3
Solving node: 45+3
x: 45
y: 3
Solving node: 48-1
x: 48
y: 1
Solving node: 47+18
x: 47
y: 18
Solving node: 65+3
x: 65
y: 3
Solving node: 68-1
x: 68
y: 1
Solving node: 67+9
x: 67
y: 9
Solving node: 76-1
x: 76
y: 1
Solving node: 8:1
x: 8
y: 1
Solving node: 8*5
x: 8
y: 5
Solving node: 3*1
x: 3
y: 1
Solving node: 2*9
x: 2
y: 9
Solving node: 1+40
x: 1
y: 40
Solving node: 41+7
x: 41
y: 7
Solving node: 48-3
x: 48
y: 3
Solving node: 45+3
x: 45
y: 3
Solving node: 48-1
x: 48
y: 1
Solving node: 47+18
x: 47
y: 18
Solving node: 65+3
x: 65
y: 3
Solving node: 68-1
x: 68
y: 1
Solving node: 67+9
x: 67
y: 9
Difference: 76-1
Calculating: 1+8:1*5+7-3*1+3-1+2*9+3-1+9-1+6
Solving node: 8:1
x: 8
y: 1
Solving node: 8*5
x: 8
y: 5
Solving node: 3*1
x: 3
y: 1
Solving node: 2*9
x: 2
y: 9
Solving node: 1+40
x: 1
y: 40
Solving node: 41+7
x: 41
y: 7
Solving node: 48-3
x: 48
y: 3
Solving node: 45+3
x: 45
y: 3
Solving node: 48-1
x: 48
y: 1
Solving node: 47+18
x: 47
y: 18
Solving node: 65+3
x: 65
y: 3
Solving node: 68-1
x: 68
y: 1
Solving node: 67+9
x: 67
y: 9
Solving node: 76-1
x: 76
y: 1
Solving node: 75+6
x: 75
y: 6
Solving node: 8:1
x: 8
y: 1
Solving node: 8*5
x: 8
y: 5
Solving node: 3*1
x: 3
y: 1
Solving node: 2*9
x: 2
y: 9
Solving node: 1+40
x: 1
y: 40
Solving node: 41+7
x: 41
y: 7
Solving node: 48-3
x: 48
y: 3
Solving node: 45+3
x: 45
y: 3
Solving node: 48-1
x: 48
y: 1
Solving node: 47+18
x: 47
y: 18
Solving node: 65+3
x: 65
y: 3
Solving node: 68-1
x: 68
y: 1
Solving node: 67+9
x: 67
y: 9
Solving node: 76-1
x: 76
y: 1
Solving node: 8:1
x: 8
y: 1
Solving node: 8*5
x: 8
y: 5
Solving node: 3*1
x: 3
y: 1
Solving node: 2*9
x: 2
y: 9
Solving node: 1+40
x: 1
y: 40
Solving node: 41+7
x: 41
y: 7
Solving node: 48-3
x: 48
y: 3
Solving node: 45+3
x: 45
y: 3
Solving node: 48-1
x: 48
y: 1
Solving node: 47+18
x: 47
y: 18
Solving node: 65+3
x: 65
y: 3
Solving node: 68-1
x: 68
y: 1
Solving node: 67+9
x: 67
y: 9
Solving node: 76-1
x: 76
y: 1
Solving node: 75+6
x: 75
y: 6
Difference: 81
Calculating: 1+8:1*5+7-3*1+3-1+2*9+3-1+9-1+6:2
Solving node: 8:1
x: 8
y: 1
Solving node: 8*5
x: 8
y: 5
Solving node: 3*1
x: 3
y: 1
Solving node: 2*9
x: 2
y: 9
Solving node: 6:2
x: 6
y: 2
Solving node: 1+40
x: 1
y: 40
Solving node: 41+7
x: 41
y: 7
Solving node: 48-3
x: 48
y: 3
Solving node: 45+3
x: 45
y: 3
Solving node: 48-1
x: 48
y: 1
Solving node: 47+18
x: 47
y: 18
Solving node: 65+3
x: 65
y: 3
Solving node: 68-1
x: 68
y: 1
Solving node: 67+9
x: 67
y: 9
Solving node: 76-1
x: 76
y: 1
Solving node: 75+3
x: 75
y: 3
Originallösung: 1+8:1*5+7-3*1+3-1+2*9+3-1+9-1+6:2 = 78
[82/100] 1+8:1*5+7-3*1+3-1+2*9+3-1+9-1+6:2
Testing equation: 1+8:1*5+7-3*1+3-1+2*9+3-1+9-1+6:2
Checking node: 8:1
Solving node: 8:1
x: 8
y: 1
Checking node: 8*5
Solving node: 8*5
x: 8
y: 5
Checking node: 3*1
Solving node: 3*1
x: 3
y: 1
Checking node: 2*9
Solving node: 2*9
x: 2
y: 9
Checking node: 6:2
Solving node: 6:2
x: 6
y: 2
Checking node: 1+40
Solving node: 1+40
x: 1
y: 40
Checking node: 41+7
Solving node: 41+7
x: 41
y: 7
Checking node: 48-3
Solving node: 48-3
x: 48
y: 3
Checking node: 45+3
Solving node: 45+3
x: 45
y: 3
Checking node: 48-1
Solving node: 48-1
x: 48
y: 1
Checking node: 47+18
Solving node: 47+18
x: 47
y: 18
Checking node: 65+3
Solving node: 65+3
x: 65
y: 3
Checking node: 68-1
Solving node: 68-1
x: 68
y: 1
Checking node: 67+9
Solving node: 67+9
x: 67
y: 9
Checking node: 76-1
Solving node: 76-1
x: 76
y: 1
Checking node: 75+3
Solving node: 75+3
x: 75
y: 3
Checking node: 1+8
Checking node: 8:1
Checking node: 1*5
Checking node: 5+7
Checking node: 7-3
Checking node: 3*1
Checking node: 1+3
Checking node: 3-1
Checking node: 1+2
Checking node: 2*9
Checking node: 9+3
Checking node: 3-1
Checking node: 1+9
Checking node: 9-1
Checking node: 1+6
Checking node: 6:2
Difference: 9
Calculating: 9+2
Solving node: 9+2
x: 9
y: 2
Solving node: 9+2
x: 9
y: 2
Difference: 11
Using default bounds (multiplication)
Calculating: 9+2*1
Solving node: 2*1
x: 2
y: 1
Solving node: 9+2
x: 9
y: 2
Solving node: 2*1
x: 2
y: 1
Solving node: 2*1
x: 2
y: 1
Solving node: 9+2
x: 9
y: 2
Difference: 11
Calculating: 9+2*1+2
Solving node: 2*1
x: 2
y: 1
Solving node: 9+2
x: 9
y: 2
Solving node: 11+2
x: 11
y: 2
Solving node: 2*1
x: 2
y: 1
Solving node: 2*1
x: 2
y: 1
Solving node: 9+2
x: 9
y: 2
Solving node: 11+2
x: 11
y: 2
Difference: 13
Using default bounds (multiplication)
Calculating: 9+2*1+2*5
Solving node: 2*1
x: 2
y: 1
Solving node: 2*5
x: 2
y: 5
Solving node: 9+2
x: 9
y: 2
Solving node: 11+10
x: 11
y: 10
Solving node: 2*1
x: 2
y: 1
Solving node: 2*5
x: 2
y: 5
Solving node: 2*1
x: 2
y: 1
Solving node: 2*5
x: 2
y: 5
Solving node: 9+2
x: 9
y: 2
Solving node: 11+10
x: 11
y: 10
Difference: 21
Last: 5; Last sum: 10
Calculating: 9+2*1+2*5-3
Solving node: 2*1
x: 2
y: 1
Solving node: 2*5
x: 2
y: 5
Solving node: 9+2
x: 9
y: 2
Solving node: 11+10
x: 11
y: 10
Solving node: 21-3
x: 21
y: 3
Solving node: 2*1
x: 2
y: 1
Solving node: 2*5
x: 2
y: 5
Solving node: 9+2
x: 9
y: 2
Solving node: 11+10
x: 11
y: 10
Solving node: 21-3
x: 21
y: 3
Solving node: 2*1
x: 2
y: 1
Solving node: 2*5
x: 2
y: 5
Solving node: 9+2
x: 9
y: 2
Solving node: 11+10
x: 11
y: 10
Difference: 21-3
Calculating bounds (multiplication)
Previous index: -1 | Last operator index: 2
Upper bound: 3
Calculating: 9+2*1+2*5-3*2
Solving node: 2*1
x: 2
y: 1
Solving node: 2*5
x: 2
y: 5
Solving node: 3*2
x: 3
y: 2
Solving node: 9+2
x: 9
y: 2
Solving node: 11+10
x: 11
y: 10
Solving node: 21-6
x: 21
y: 6
Solving node: 2*1
x: 2
y: 1
Solving node: 2*5
x: 2
y: 5
Solving node: 3*2
x: 3
y: 2
Solving node: 9+2
x: 9
y: 2
Solving node: 11+10
x: 11
y: 10
Solving node: 21-6
x: 21
y: 6
Solving node: 2*1
x: 2
y: 1
Solving node: 2*5
x: 2
y: 5
Solving node: 3*2
x: 3
y: 2
Solving node: 9+2
x: 9
y: 2
Solving node: 11+10
x: 11
y: 10
Difference: 21-6
Calculating: 9+2*1+2*5-3*2+7
Solving node: 2*1
x: 2
y: 1
Solving node: 2*5
x: 2
y: 5
Solving node: 3*2
x: 3
y: 2
Solving node: 9+2
x: 9
y: 2
Solving node: 11+10
x: 11
y: 10
Solving node: 21-6
x: 21
y: 6
Solving node: 15+7
x: 15
y: 7
Solving node: 2*1
x: 2
y: 1
Solving node: 2*5
x: 2
y: 5
Solving node: 3*2
x: 3
y: 2
Solving node: 9+2
x: 9
y: 2
Solving node: 11+10
x: 11
y: 10
Solving node: 21-6
x: 21
y: 6
Solving node: 2*1
x: 2
y: 1
Solving node: 2*5
x: 2
y: 5
Solving node: 3*2
x: 3
y: 2
Solving node: 9+2
x: 9
y: 2
Solving node: 11+10
x: 11
y: 10
Solving node: 21-6
x: 21
y: 6
Solving node: 15+7
x: 15
y: 7
Difference: 22
Last: 7; Last sum: 7
Calculating: 9+2*1+2*5-3*2+7-5
Solving node: 2*1
x: 2
y: 1
Solving node: 2*5
x: 2
y: 5
Solving node: 3*2
x: 3
y: 2
Solving node: 9+2
x: 9
y: 2
Solving node: 11+10
x: 11
y: 10
Solving node: 21-6
x: 21
y: 6
Solving node: 15+7
x: 15
y: 7
Solving node: 22-5
x: 22
y: 5
Solving node: 2*1
x: 2
y: 1
Solving node: 2*5
x: 2
y: 5
Solving node: 3*2
x: 3
y: 2
Solving node: 9+2
x: 9
y: 2
Solving node: 11+10
x: 11
y: 10
Solving node: 21-6
x: 21
y: 6
Solving node: 15+7
x: 15
y: 7
Solving node: 22-5
x: 22
y: 5
Solving node: 2*1
x: 2
y: 1
Solving node: 2*5
x: 2
y: 5
Solving node: 3*2
x: 3
y: 2
Solving node: 9+2
x: 9
y: 2
Solving node: 11+10
x: 11
y: 10
Solving node: 21-6
x: 21
y: 6
Solving node: 15+7
x: 15
y: 7
Difference: 22-5
Calculating bounds (multiplication)
Previous index: -1 | Last operator index: 2
Upper bound: 3
Calculating: 9+2*1+2*5-3*2+7-5*2
Solving node: 2*1
x: 2
y: 1
Solving node: 2*5
x: 2
y: 5
Solving node: 3*2
x: 3
y: 2
Solving node: 5*2
x: 5
y: 2
Solving node: 9+2
x: 9
y: 2
Solving node: 11+10
x: 11
y: 10
Solving node: 21-6
x: 21
y: 6
Solving node: 15+7
x: 15
y: 7
Solving node: 22-10
x: 22
y: 10
Solving node: 2*1
x: 2
y: 1
Solving node: 2*5
x: 2
y: 5
Solving node: 3*2
x: 3
y: 2
Solving node: 5*2
x: 5
y: 2
Solving node: 9+2
x: 9
y: 2
Solving node: 11+10
x: 11
y: 10
Solving node: 21-6
x: 21
y: 6
Solving node: 15+7
x: 15
y: 7
Solving node: 22-10
x: 22
y: 10
Solving node: 2*1
x: 2
y: 1
Solving node: 2*5
x: 2
y: 5
Solving node: 3*2
x: 3
y: 2
Solving node: 5*2
x: 5
y: 2
Solving node: 9+2
x: 9
y: 2
Solving node: 11+10
x: 11
y: 10
Solving node: 21-6
x: 21
y: 6
Solving node: 15+7
x: 15
y: 7
Difference: 22-10
Calculating: 9+2*1+2*5-3*2+7-5*2+7
Solving node: 2*1
x: 2
y: 1
Solving node: 2*5
x: 2
y: 5
Solving node: 3*2
x: 3
y: 2
Solving node: 5*2
x: 5
y: 2
Solving node: 9+2
x: 9
y: 2
Solving node: 11+10
x: 11
y: 10
Solving node: 21-6
x: 21
y: 6
Solving node: 15+7
x: 15
y: 7
Solving node: 22-10
x: 22
y: 10
Solving node: 12+7
x: 12
y: 7
Solving node: 2*1
x: 2
y: 1
Solving node: 2*5
x: 2
y: 5
Solving node: 3*2
x: 3
y: 2
Solving node: 5*2
x: 5
y: 2
Solving node: 9+2
x: 9
y: 2
Solving node: 11+10
x: 11
y: 10
Solving node: 21-6
x: 21
y: 6
Solving node: 15+7
x: 15
y: 7
Solving node: 22-10
x: 22
y: 10
Solving node: 2*1
x: 2
y: 1
Solving node: 2*5
x: 2
y: 5
Solving node: 3*2
x: 3
y: 2
Solving node: 5*2
x: 5
y: 2
Solving node: 9+2
x: 9
y: 2
Solving node: 11+10
x: 11
y: 10
Solving node: 21-6
x: 21
y: 6
Solving node: 15+7
x: 15
y: 7
Solving node: 22-10
x: 22
y: 10
Solving node: 12+7
x: 12
y: 7
Difference: 19
Last: 7; Last sum: 7
Calculating: 9+2*1+2*5-3*2+7-5*2+7-2
Solving node: 2*1
x: 2
y: 1
Solving node: 2*5
x: 2
y: 5
Solving node: 3*2
x: 3
y: 2
Solving node: 5*2
x: 5
y: 2
Solving node: 9+2
x: 9
y: 2
Solving node: 11+10
x: 11
y: 10
Solving node: 21-6
x: 21
y: 6
Solving node: 15+7
x: 15
y: 7
Solving node: 22-10
x: 22
y: 10
Solving node: 12+7
x: 12
y: 7
Solving node: 19-2
x: 19
y: 2
Solving node: 2*1
x: 2
y: 1
Solving node: 2*5
x: 2
y: 5
Solving node: 3*2
x: 3
y: 2
Solving node: 5*2
x: 5
y: 2
Solving node: 9+2
x: 9
y: 2
Solving node: 11+10
x: 11
y: 10
Solving node: 21-6
x: 21
y: 6
Solving node: 15+7
x: 15
y: 7
Solving node: 22-10
x: 22
y: 10
Solving node: 12+7
x: 12
y: 7
Solving node: 19-2
x: 19
y: 2
Solving node: 2*1
x: 2
y: 1
Solving node: 2*5
x: 2
y: 5
Solving node: 3*2
x: 3
y: 2
Solving node: 5*2
x: 5
y: 2
Solving node: 9+2
x: 9
y: 2
Solving node: 11+10
x: 11
y: 10
Solving node: 21-6
x: 21
y: 6
Solving node: 15+7
x: 15
y: 7
Solving node: 22-10
x: 22
y: 10
Solving node: 12+7
x: 12
y: 7
Difference: 19-2
Calculating bounds (multiplication)
Previous index: -1 | Last operator index: 2
Upper bound: 2
Calculating: 9+2*1+2*5-3*2+7-5*2+7-2*1
Solving node: 2*1
x: 2
y: 1
Solving node: 2*5
x: 2
y: 5
Solving node: 3*2
x: 3
y: 2
Solving node: 5*2
x: 5
y: 2
Solving node: 2*1
x: 2
y: 1
Solving node: 9+2
x: 9
y: 2
Solving node: 11+10
x: 11
y: 10
Solving node: 21-6
x: 21
y: 6
Solving node: 15+7
x: 15
y: 7
Solving node: 22-10
x: 22
y: 10
Solving node: 12+7
x: 12
y: 7
Solving node: 19-2
x: 19
y: 2
Solving node: 2*1
x: 2
y: 1
Solving node: 2*5
x: 2
y: 5
Solving node: 3*2
x: 3
y: 2
Solving node: 5*2
x: 5
y: 2
Solving node: 2*1
x: 2
y: 1
Solving node: 9+2
x: 9
y: 2
Solving node: 11+10
x: 11
y: 10
Solving node: 21-6
x: 21
y: 6
Solving node: 15+7
x: 15
y: 7
Solving node: 22-10
x: 22
y: 10
Solving node: 12+7
x: 12
y: 7
Solving node: 19-2
x: 19
y: 2
Solving node: 2*1
x: 2
y: 1
Solving node: 2*5
x: 2
y: 5
Solving node: 3*2
x: 3
y: 2
Solving node: 5*2
x: 5
y: 2
Solving node: 2*1
x: 2
y: 1
Solving node: 9+2
x: 9
y: 2
Solving node: 11+10
x: 11
y: 10
Solving node: 21-6
x: 21
y: 6
Solving node: 15+7
x: 15
y: 7
Solving node: 22-10
x: 22
y: 10
Solving node: 12+7
x: 12
y: 7
Difference: 19-2
Calculating: 9+2*1+2*5-3*2+7-5*2+7-2*1+7
Solving node: 2*1
x: 2
y: 1
Solving node: 2*5
x: 2
y: 5
Solving node: 3*2
x: 3
y: 2
Solving node: 5*2
x: 5
y: 2
Solving node: 2*1
x: 2
y: 1
Solving node: 9+2
x: 9
y: 2
Solving node: 11+10
x: 11
y: 10
Solving node: 21-6
x: 21
y: 6
Solving node: 15+7
x: 15
y: 7
Solving node: 22-10
x: 22
y: 10
Solving node: 12+7
x: 12
y: 7
Solving node: 19-2
x: 19
y: 2
Solving node: 17+7
x: 17
y: 7
Solving node: 2*1
x: 2
y: 1
Solving node: 2*5
x: 2
y: 5
Solving node: 3*2
x: 3
y: 2
Solving node: 5*2
x: 5
y: 2
Solving node: 2*1
x: 2
y: 1
Solving node: 9+2
x: 9
y: 2
Solving node: 11+10
x: 11
y: 10
Solving node: 21-6
x: 21
y: 6
Solving node: 15+7
x: 15
y: 7
Solving node: 22-10
x: 22
y: 10
Solving node: 12+7
x: 12
y: 7
Solving node: 19-2
x: 19
y: 2
Solving node: 2*1
x: 2
y: 1
Solving node: 2*5
x: 2
y: 5
Solving node: 3*2
x: 3
y: 2
Solving node: 5*2
x: 5
y: 2
Solving node: 2*1
x: 2
y: 1
Solving node: 9+2
x: 9
y: 2
Solving node: 11+10
x: 11
y: 10
Solving node: 21-6
x: 21
y: 6
Solving node: 15+7
x: 15
y: 7
Solving node: 22-10
x: 22
y: 10
Solving node: 12+7
x: 12
y: 7
Solving node: 19-2
x: 19
y: 2
Solving node: 17+7
x: 17
y: 7
Difference: 24
Using default bounds (multiplication)
Calculating: 9+2*1+2*5-3*2+7-5*2+7-2*1+7*3
Solving node: 2*1
x: 2
y: 1
Solving node: 2*5
x: 2
y: 5
Solving node: 3*2
x: 3
y: 2
Solving node: 5*2
x: 5
y: 2
Solving node: 2*1
x: 2
y: 1
Solving node: 7*3
x: 7
y: 3
Solving node: 9+2
x: 9
y: 2
Solving node: 11+10
x: 11
y: 10
Solving node: 21-6
x: 21
y: 6
Solving node: 15+7
x: 15
y: 7
Solving node: 22-10
x: 22
y: 10
Solving node: 12+7
x: 12
y: 7
Solving node: 19-2
x: 19
y: 2
Solving node: 17+21
x: 17
y: 21
Solving node: 2*1
x: 2
y: 1
Solving node: 2*5
x: 2
y: 5
Solving node: 3*2
x: 3
y: 2
Solving node: 5*2
x: 5
y: 2
Solving node: 2*1
x: 2
y: 1
Solving node: 7*3
x: 7
y: 3
Solving node: 9+2
x: 9
y: 2
Solving node: 11+10
x: 11
y: 10
Solving node: 21-6
x: 21
y: 6
Solving node: 15+7
x: 15
y: 7
Solving node: 22-10
x: 22
y: 10
Solving node: 12+7
x: 12
y: 7
Solving node: 19-2
x: 19
y: 2
Solving node: 2*1
x: 2
y: 1
Solving node: 2*5
x: 2
y: 5
Solving node: 3*2
x: 3
y: 2
Solving node: 5*2
x: 5
y: 2
Solving node: 2*1
x: 2
y: 1
Solving node: 7*3
x: 7
y: 3
Solving node: 9+2
x: 9
y: 2
Solving node: 11+10
x: 11
y: 10
Solving node: 21-6
x: 21
y: 6
Solving node: 15+7
x: 15
y: 7
Solving node: 22-10
x: 22
y: 10
Solving node: 12+7
x: 12
y: 7
Solving node: 19-2
x: 19
y: 2
Solving node: 17+21
x: 17
y: 21
Difference: 38
Last: 3; Last sum: 21
Calculating: 9+2*1+2*5-3*2+7-5*2+7-2*1+7*3-1
Solving node: 2*1
x: 2
y: 1
Solving node: 2*5
x: 2
y: 5
Solving node: 3*2
x: 3
y: 2
Solving node: 5*2
x: 5
y: 2
Solving node: 2*1
x: 2
y: 1
Solving node: 7*3
x: 7
y: 3
Solving node: 9+2
x: 9
y: 2
Solving node: 11+10
x: 11
y: 10
Solving node: 21-6
x: 21
y: 6
Solving node: 15+7
x: 15
y: 7
Solving node: 22-10
x: 22
y: 10
Solving node: 12+7
x: 12
y: 7
Solving node: 19-2
x: 19
y: 2
Solving node: 17+21
x: 17
y: 21
Solving node: 38-1
x: 38
y: 1
Solving node: 2*1
x: 2
y: 1
Solving node: 2*5
x: 2
y: 5
Solving node: 3*2
x: 3
y: 2
Solving node: 5*2
x: 5
y: 2
Solving node: 2*1
x: 2
y: 1
Solving node: 7*3
x: 7
y: 3
Solving node: 9+2
x: 9
y: 2
Solving node: 11+10
x: 11
y: 10
Solving node: 21-6
x: 21
y: 6
Solving node: 15+7
x: 15
y: 7
Solving node: 22-10
x: 22
y: 10
Solving node: 12+7
x: 12
y: 7
Solving node: 19-2
x: 19
y: 2
Solving node: 17+21
x: 17
y: 21
Solving node: 38-1
x: 38
y: 1
Solving node: 2*1
x: 2
y: 1
Solving node: 2*5
x: 2
y: 5
Solving node: 3*2
x: 3
y: 2
Solving node: 5*2
x: 5
y: 2
Solving node: 2*1
x: 2
y: 1
Solving node: 7*3
x: 7
y: 3
Solving node: 9+2
x: 9
y: 2
Solving node: 11+10
x: 11
y: 10
Solving node: 21-6
x: 21
y: 6
Solving node: 15+7
x: 15
y: 7
Solving node: 22-10
x: 22
y: 10
Solving node: 12+7
x: 12
y: 7
Solving node: 19-2
x: 19
y: 2
Solving node: 17+21
x: 17
y: 21
Difference: 38-1
Calculating: 9+2*1+2*5-3*2+7-5*2+7-2*1+7*3-1+1
Solving node: 2*1
x: 2
y: 1
Solving node: 2*5
x: 2
y: 5
Solving node: 3*2
x: 3
y: 2
Solving node: 5*2
x: 5
y: 2
Solving node: 2*1
x: 2
y: 1
Solving node: 7*3
x: 7
y: 3
Solving node: 9+2
x: 9
y: 2
Solving node: 11+10
x: 11
y: 10
Solving node: 21-6
x: 21
y: 6
Solving node: 15+7
x: 15
y: 7
Solving node: 22-10
x: 22
y: 10
Solving node: 12+7
x: 12
y: 7
Solving node: 19-2
x: 19
y: 2
Solving node: 17+21
x: 17
y: 21
Solving node: 38-1
x: 38
y: 1
Solving node: 37+1
x: 37
y: 1
Originallösung: 9+2*1+2*5-3*2+7-5*2+7-2*1+7*3-1+1 = 38
[83/100] 9+2*1+2*5-3*2+7-5*2+7-2*1+7*3-1+1
Testing equation: 9+2*1+2*5-3*2+7-5*2+7-2*1+7*3-1+1
Checking node: 2*1
Solving node: 2*1
x: 2
y: 1
Checking node: 2*5
Solving node: 2*5
x: 2
y: 5
Checking node: 3*2
Solving node: 3*2
x: 3
y: 2
Checking node: 5*2
Solving node: 5*2
x: 5
y: 2
Checking node: 2*1
Solving node: 2*1
x: 2
y: 1
Checking node: 7*3
Solving node: 7*3
x: 7
y: 3
Checking node: 9+2
Solving node: 9+2
x: 9
y: 2
Checking node: 11+10
Solving node: 11+10
x: 11
y: 10
Checking node: 21-6
Solving node: 21-6
x: 21
y: 6
Checking node: 15+7
Solving node: 15+7
x: 15
y: 7
Checking node: 22-10
Solving node: 22-10
x: 22
y: 10
Checking node: 12+7
Solving node: 12+7
x: 12
y: 7
Checking node: 19-2
Solving node: 19-2
x: 19
y: 2
Checking node: 17+21
Solving node: 17+21
x: 17
y: 21
Checking node: 38-1
Solving node: 38-1
x: 38
y: 1
Checking node: 37+1
Solving node: 37+1
x: 37
y: 1
Checking node: 9+2
Checking node: 2*1
Checking node: 1+2
Checking node: 2*5
Checking node: 5-3
Checking node: 3*2
Checking node: 2+7
Checking node: 7-5
Checking node: 5*2
Checking node: 2+7
Checking node: 7-2
Checking node: 2*1
Checking node: 1+7
Checking node: 7*3
Checking node: 3-1
Checking node: 1+1
Difference: 6
Using default bounds (multiplication)
Calculating: 6*6
Solving node: 6*6
x: 6
y: 6
Solving node: 6*6
x: 6
y: 6
Solving node: 6*6
x: 6
y: 6
Difference: 36
Last: 6; Last sum: 36
Calculating: 6*6-3
Solving node: 6*6
x: 6
y: 6
Solving node: 36-3
x: 36
y: 3
Solving node: 6*6
x: 6
y: 6
Solving node: 36-3
x: 36
y: 3
Solving node: 6*6
x: 6
y: 6
Difference: 36-3
Calculating bounds (multiplication)
Previous index: -1 | Last operator index: 2
Upper bound: 3
Calculating: 6*6-3*1
Solving node: 6*6
x: 6
y: 6
Solving node: 3*1
x: 3
y: 1
Solving node: 36-3
x: 36
y: 3
Solving node: 6*6
x: 6
y: 6
Solving node: 3*1
x: 3
y: 1
Solving node: 36-3
x: 36
y: 3
Solving node: 6*6
x: 6
y: 6
Solving node: 3*1
x: 3
y: 1
Difference: 36-3
Calculating: 6*6-3*1+9
Solving node: 6*6
x: 6
y: 6
Solving node: 3*1
x: 3
y: 1
Solving node: 36-3
x: 36
y: 3
Solving node: 33+9
x: 33
y: 9
Solving node: 6*6
x: 6
y: 6
Solving node: 3*1
x: 3
y: 1
Solving node: 36-3
x: 36
y: 3
Solving node: 6*6
x: 6
y: 6
Solving node: 3*1
x: 3
y: 1
Solving node: 36-3
x: 36
y: 3
Solving node: 33+9
x: 33
y: 9
Difference: 42
Last: 9; Last sum: 9
Calculating: 6*6-3*1+9-7
Solving node: 6*6
x: 6
y: 6
Solving node: 3*1
x: 3
y: 1
Solving node: 36-3
x: 36
y: 3
Solving node: 33+9
x: 33
y: 9
Solving node: 42-7
x: 42
y: 7
Solving node: 6*6
x: 6
y: 6
Solving node: 3*1
x: 3
y: 1
Solving node: 36-3
x: 36
y: 3
Solving node: 33+9
x: 33
y: 9
Solving node: 42-7
x: 42
y: 7
Solving node: 6*6
x: 6
y: 6
Solving node: 3*1
x: 3
y: 1
Solving node: 36-3
x: 36
y: 3
Solving node: 33+9
x: 33
y: 9
Difference: 42-7
Calculating: 6*6-3*1+9-7+5
Solving node: 6*6
x: 6
y: 6
Solving node: 3*1
x: 3
y: 1
Solving node: 36-3
x: 36
y: 3
Solving node: 33+9
x: 33
y: 9
Solving node: 42-7
x: 42
y: 7
Solving node: 35+5
x: 35
y: 5
Solving node: 6*6
x: 6
y: 6
Solving node: 3*1
x: 3
y: 1
Solving node: 36-3
x: 36
y: 3
Solving node: 33+9
x: 33
y: 9
Solving node: 42-7
x: 42
y: 7
Solving node: 6*6
x: 6
y: 6
Solving node: 3*1
x: 3
y: 1
Solving node: 36-3
x: 36
y: 3
Solving node: 33+9
x: 33
y: 9
Solving node: 42-7
x: 42
y: 7
Solving node: 35+5
x: 35
y: 5
Difference: 40
Using default bounds (multiplication)
Calculating: 6*6-3*1+9-7+5*7
Solving node: 6*6
x: 6
y: 6
Solving node: 3*1
x: 3
y: 1
Solving node: 5*7
x: 5
y: 7
Solving node: 36-3
x: 36
y: 3
Solving node: 33+9
x: 33
y: 9
Solving node: 42-7
x: 42
y: 7
Solving node: 35+35
x: 35
y: 35
Solving node: 6*6
x: 6
y: 6
Solving node: 3*1
x: 3
y: 1
Solving node: 5*7
x: 5
y: 7
Solving node: 36-3
x: 36
y: 3
Solving node: 33+9
x: 33
y: 9
Solving node: 42-7
x: 42
y: 7
Solving node: 6*6
x: 6
y: 6
Solving node: 3*1
x: 3
y: 1
Solving node: 5*7
x: 5
y: 7
Solving node: 36-3
x: 36
y: 3
Solving node: 33+9
x: 33
y: 9
Solving node: 42-7
x: 42
y: 7
Solving node: 35+35
x: 35
y: 35
Difference: 70
Last: 7; Last sum: 35
Calculating: 6*6-3*1+9-7+5*7-6
Solving node: 6*6
x: 6
y: 6
Solving node: 3*1
x: 3
y: 1
Solving node: 5*7
x: 5
y: 7
Solving node: 36-3
x: 36
y: 3
Solving node: 33+9
x: 33
y: 9
Solving node: 42-7
x: 42
y: 7
Solving node: 35+35
x: 35
y: 35
Solving node: 70-6
x: 70
y: 6
Solving node: 6*6
x: 6
y: 6
Solving node: 3*1
x: 3
y: 1
Solving node: 5*7
x: 5
y: 7
Solving node: 36-3
x: 36
y: 3
Solving node: 33+9
x: 33
y: 9
Solving node: 42-7
x: 42
y: 7
Solving node: 35+35
x: 35
y: 35
Solving node: 70-6
x: 70
y: 6
Solving node: 6*6
x: 6
y: 6
Solving node: 3*1
x: 3
y: 1
Solving node: 5*7
x: 5
y: 7
Solving node: 36-3
x: 36
y: 3
Solving node: 33+9
x: 33
y: 9
Solving node: 42-7
x: 42
y: 7
Solving node: 35+35
x: 35
y: 35
Difference: 70-6
Calculating: 6*6-3*1+9-7+5*7-6+4
Solving node: 6*6
x: 6
y: 6
Solving node: 3*1
x: 3
y: 1
Solving node: 5*7
x: 5
y: 7
Solving node: 36-3
x: 36
y: 3
Solving node: 33+9
x: 33
y: 9
Solving node: 42-7
x: 42
y: 7
Solving node: 35+35
x: 35
y: 35
Solving node: 70-6
x: 70
y: 6
Solving node: 64+4
x: 64
y: 4
Solving node: 6*6
x: 6
y: 6
Solving node: 3*1
x: 3
y: 1
Solving node: 5*7
x: 5
y: 7
Solving node: 36-3
x: 36
y: 3
Solving node: 33+9
x: 33
y: 9
Solving node: 42-7
x: 42
y: 7
Solving node: 35+35
x: 35
y: 35
Solving node: 70-6
x: 70
y: 6
Solving node: 6*6
x: 6
y: 6
Solving node: 3*1
x: 3
y: 1
Solving node: 5*7
x: 5
y: 7
Solving node: 36-3
x: 36
y: 3
Solving node: 33+9
x: 33
y: 9
Solving node: 42-7
x: 42
y: 7
Solving node: 35+35
x: 35
y: 35
Solving node: 70-6
x: 70
y: 6
Solving node: 64+4
x: 64
y: 4
Difference: 68
Using default bounds (multiplication)
Calculating: 6*6-3*1+9-7+5*7-6+4*4
Solving node: 6*6
x: 6
y: 6
Solving node: 3*1
x: 3
y: 1
Solving node: 5*7
x: 5
y: 7
Solving node: 4*4
x: 4
y: 4
Solving node: 36-3
x: 36
y: 3
Solving node: 33+9
x: 33
y: 9
Solving node: 42-7
x: 42
y: 7
Solving node: 35+35
x: 35
y: 35
Solving node: 70-6
x: 70
y: 6
Solving node: 64+16
x: 64
y: 16
Solving node: 6*6
x: 6
y: 6
Solving node: 3*1
x: 3
y: 1
Solving node: 5*7
x: 5
y: 7
Solving node: 4*4
x: 4
y: 4
Solving node: 36-3
x: 36
y: 3
Solving node: 33+9
x: 33
y: 9
Solving node: 42-7
x: 42
y: 7
Solving node: 35+35
x: 35
y: 35
Solving node: 70-6
x: 70
y: 6
Solving node: 6*6
x: 6
y: 6
Solving node: 3*1
x: 3
y: 1
Solving node: 5*7
x: 5
y: 7
Solving node: 4*4
x: 4
y: 4
Solving node: 36-3
x: 36
y: 3
Solving node: 33+9
x: 33
y: 9
Solving node: 42-7
x: 42
y: 7
Solving node: 35+35
x: 35
y: 35
Solving node: 70-6
x: 70
y: 6
Solving node: 64+16
x: 64
y: 16
Difference: 80
Calculating: 6*6-3*1+9-7+5*7-6+4*4+8
Solving node: 6*6
x: 6
y: 6
Solving node: 3*1
x: 3
y: 1
Solving node: 5*7
x: 5
y: 7
Solving node: 4*4
x: 4
y: 4
Solving node: 36-3
x: 36
y: 3
Solving node: 33+9
x: 33
y: 9
Solving node: 42-7
x: 42
y: 7
Solving node: 35+35
x: 35
y: 35
Solving node: 70-6
x: 70
y: 6
Solving node: 64+16
x: 64
y: 16
Solving node: 80+8
x: 80
y: 8
Solving node: 6*6
x: 6
y: 6
Solving node: 3*1
x: 3
y: 1
Solving node: 5*7
x: 5
y: 7
Solving node: 4*4
x: 4
y: 4
Solving node: 36-3
x: 36
y: 3
Solving node: 33+9
x: 33
y: 9
Solving node: 42-7
x: 42
y: 7
Solving node: 35+35
x: 35
y: 35
Solving node: 70-6
x: 70
y: 6
Solving node: 6*6
x: 6
y: 6
Solving node: 3*1
x: 3
y: 1
Solving node: 5*7
x: 5
y: 7
Solving node: 4*4
x: 4
y: 4
Solving node: 36-3
x: 36
y: 3
Solving node: 33+9
x: 33
y: 9
Solving node: 42-7
x: 42
y: 7
Solving node: 35+35
x: 35
y: 35
Solving node: 70-6
x: 70
y: 6
Solving node: 64+16
x: 64
y: 16
Solving node: 80+8
x: 80
y: 8
Difference: 88
Using default bounds (multiplication)
Calculating: 6*6-3*1+9-7+5*7-6+4*4+8*2
Solving node: 6*6
x: 6
y: 6
Solving node: 3*1
x: 3
y: 1
Solving node: 5*7
x: 5
y: 7
Solving node: 4*4
x: 4
y: 4
Solving node: 8*2
x: 8
y: 2
Solving node: 36-3
x: 36
y: 3
Solving node: 33+9
x: 33
y: 9
Solving node: 42-7
x: 42
y: 7
Solving node: 35+35
x: 35
y: 35
Solving node: 70-6
x: 70
y: 6
Solving node: 64+16
x: 64
y: 16
Solving node: 80+16
x: 80
y: 16
Solving node: 6*6
x: 6
y: 6
Solving node: 3*1
x: 3
y: 1
Solving node: 5*7
x: 5
y: 7
Solving node: 4*4
x: 4
y: 4
Solving node: 8*2
x: 8
y: 2
Solving node: 36-3
x: 36
y: 3
Solving node: 33+9
x: 33
y: 9
Solving node: 42-7
x: 42
y: 7
Solving node: 35+35
x: 35
y: 35
Solving node: 70-6
x: 70
y: 6
Solving node: 6*6
x: 6
y: 6
Solving node: 3*1
x: 3
y: 1
Solving node: 5*7
x: 5
y: 7
Solving node: 4*4
x: 4
y: 4
Solving node: 8*2
x: 8
y: 2
Solving node: 36-3
x: 36
y: 3
Solving node: 33+9
x: 33
y: 9
Solving node: 42-7
x: 42
y: 7
Solving node: 35+35
x: 35
y: 35
Solving node: 70-6
x: 70
y: 6
Solving node: 64+16
x: 64
y: 16
Solving node: 80+16
x: 80
y: 16
Difference: 96
Calculating: 6*6-3*1+9-7+5*7-6+4*4+8*2+7
Solving node: 6*6
x: 6
y: 6
Solving node: 3*1
x: 3
y: 1
Solving node: 5*7
x: 5
y: 7
Solving node: 4*4
x: 4
y: 4
Solving node: 8*2
x: 8
y: 2
Solving node: 36-3
x: 36
y: 3
Solving node: 33+9
x: 33
y: 9
Solving node: 42-7
x: 42
y: 7
Solving node: 35+35
x: 35
y: 35
Solving node: 70-6
x: 70
y: 6
Solving node: 64+16
x: 64
y: 16
Solving node: 80+16
x: 80
y: 16
Solving node: 96+7
x: 96
y: 7
Solving node: 6*6
x: 6
y: 6
Solving node: 3*1
x: 3
y: 1
Solving node: 5*7
x: 5
y: 7
Solving node: 4*4
x: 4
y: 4
Solving node: 8*2
x: 8
y: 2
Solving node: 36-3
x: 36
y: 3
Solving node: 33+9
x: 33
y: 9
Solving node: 42-7
x: 42
y: 7
Solving node: 35+35
x: 35
y: 35
Solving node: 70-6
x: 70
y: 6
Solving node: 6*6
x: 6
y: 6
Solving node: 3*1
x: 3
y: 1
Solving node: 5*7
x: 5
y: 7
Solving node: 4*4
x: 4
y: 4
Solving node: 8*2
x: 8
y: 2
Solving node: 36-3
x: 36
y: 3
Solving node: 33+9
x: 33
y: 9
Solving node: 42-7
x: 42
y: 7
Solving node: 35+35
x: 35
y: 35
Solving node: 70-6
x: 70
y: 6
Solving node: 64+16
x: 64
y: 16
Solving node: 80+16
x: 80
y: 16
Solving node: 96+7
x: 96
y: 7
Difference: 103
Last: 7; Last sum: 7
Calculating: 6*6-3*1+9-7+5*7-6+4*4+8*2+7-1
Solving node: 6*6
x: 6
y: 6
Solving node: 3*1
x: 3
y: 1
Solving node: 5*7
x: 5
y: 7
Solving node: 4*4
x: 4
y: 4
Solving node: 8*2
x: 8
y: 2
Solving node: 36-3
x: 36
y: 3
Solving node: 33+9
x: 33
y: 9
Solving node: 42-7
x: 42
y: 7
Solving node: 35+35
x: 35
y: 35
Solving node: 70-6
x: 70
y: 6
Solving node: 64+16
x: 64
y: 16
Solving node: 80+16
x: 80
y: 16
Solving node: 96+7
x: 96
y: 7
Solving node: 103-1
x: 103
y: 1
Solving node: 6*6
x: 6
y: 6
Solving node: 3*1
x: 3
y: 1
Solving node: 5*7
x: 5
y: 7
Solving node: 4*4
x: 4
y: 4
Solving node: 8*2
x: 8
y: 2
Solving node: 36-3
x: 36
y: 3
Solving node: 33+9
x: 33
y: 9
Solving node: 42-7
x: 42
y: 7
Solving node: 35+35
x: 35
y: 35
Solving node: 70-6
x: 70
y: 6
Solving node: 64+16
x: 64
y: 16
Solving node: 80+16
x: 80
y: 16
Solving node: 96+7
x: 96
y: 7
Solving node: 103-1
x: 103
y: 1
Solving node: 6*6
x: 6
y: 6
Solving node: 3*1
x: 3
y: 1
Solving node: 5*7
x: 5
y: 7
Solving node: 4*4
x: 4
y: 4
Solving node: 8*2
x: 8
y: 2
Solving node: 36-3
x: 36
y: 3
Solving node: 33+9
x: 33
y: 9
Solving node: 42-7
x: 42
y: 7
Solving node: 35+35
x: 35
y: 35
Solving node: 70-6
x: 70
y: 6
Solving node: 64+16
x: 64
y: 16
Solving node: 80+16
x: 80
y: 16
Solving node: 96+7
x: 96
y: 7
Difference: 103-1
Calculating: 6*6-3*1+9-7+5*7-6+4*4+8*2+7-1+8
Solving node: 6*6
x: 6
y: 6
Solving node: 3*1
x: 3
y: 1
Solving node: 5*7
x: 5
y: 7
Solving node: 4*4
x: 4
y: 4
Solving node: 8*2
x: 8
y: 2
Solving node: 36-3
x: 36
y: 3
Solving node: 33+9
x: 33
y: 9
Solving node: 42-7
x: 42
y: 7
Solving node: 35+35
x: 35
y: 35
Solving node: 70-6
x: 70
y: 6
Solving node: 64+16
x: 64
y: 16
Solving node: 80+16
x: 80
y: 16
Solving node: 96+7
x: 96
y: 7
Solving node: 103-1
x: 103
y: 1
Solving node: 102+8
x: 102
y: 8
Solving node: 6*6
x: 6
y: 6
Solving node: 3*1
x: 3
y: 1
Solving node: 5*7
x: 5
y: 7
Solving node: 4*4
x: 4
y: 4
Solving node: 8*2
x: 8
y: 2
Solving node: 36-3
x: 36
y: 3
Solving node: 33+9
x: 33
y: 9
Solving node: 42-7
x: 42
y: 7
Solving node: 35+35
x: 35
y: 35
Solving node: 70-6
x: 70
y: 6
Solving node: 64+16
x: 64
y: 16
Solving node: 80+16
x: 80
y: 16
Solving node: 96+7
x: 96
y: 7
Solving node: 103-1
x: 103
y: 1
Solving node: 6*6
x: 6
y: 6
Solving node: 3*1
x: 3
y: 1
Solving node: 5*7
x: 5
y: 7
Solving node: 4*4
x: 4
y: 4
Solving node: 8*2
x: 8
y: 2
Solving node: 36-3
x: 36
y: 3
Solving node: 33+9
x: 33
y: 9
Solving node: 42-7
x: 42
y: 7
Solving node: 35+35
x: 35
y: 35
Solving node: 70-6
x: 70
y: 6
Solving node: 64+16
x: 64
y: 16
Solving node: 80+16
x: 80
y: 16
Solving node: 96+7
x: 96
y: 7
Solving node: 103-1
x: 103
y: 1
Solving node: 102+8
x: 102
y: 8
Difference: 110
Using default bounds (multiplication)
Calculating: 6*6-3*1+9-7+5*7-6+4*4+8*2+7-1+8*5
Solving node: 6*6
x: 6
y: 6
Solving node: 3*1
x: 3
y: 1
Solving node: 5*7
x: 5
y: 7
Solving node: 4*4
x: 4
y: 4
Solving node: 8*2
x: 8
y: 2
Solving node: 8*5
x: 8
y: 5
Solving node: 36-3
x: 36
y: 3
Solving node: 33+9
x: 33
y: 9
Solving node: 42-7
x: 42
y: 7
Solving node: 35+35
x: 35
y: 35
Solving node: 70-6
x: 70
y: 6
Solving node: 64+16
x: 64
y: 16
Solving node: 80+16
x: 80
y: 16
Solving node: 96+7
x: 96
y: 7
Solving node: 103-1
x: 103
y: 1
Solving node: 102+40
x: 102
y: 40
Originallösung: 6*6-3*1+9-7+5*7-6+4*4+8*2+7-1+8*5 = 142
[84/100] 6*6-3*1+9-7+5*7-6+4*4+8*2+7-1+8*5
Testing equation: 6*6-3*1+9-7+5*7-6+4*4+8*2+7-1+8*5
Checking node: 6*6
Solving node: 6*6
x: 6
y: 6
Checking node: 3*1
Solving node: 3*1
x: 3
y: 1
Checking node: 5*7
Solving node: 5*7
x: 5
y: 7
Checking node: 4*4
Solving node: 4*4
x: 4
y: 4
Checking node: 8*2
Solving node: 8*2
x: 8
y: 2
Checking node: 8*5
Solving node: 8*5
x: 8
y: 5
Checking node: 36-3
Solving node: 36-3
x: 36
y: 3
Checking node: 33+9
Solving node: 33+9
x: 33
y: 9
Checking node: 42-7
Solving node: 42-7
x: 42
y: 7
Checking node: 35+35
Solving node: 35+35
x: 35
y: 35
Checking node: 70-6
Solving node: 70-6
x: 70
y: 6
Checking node: 64+16
Solving node: 64+16
x: 64
y: 16
Checking node: 80+16
Solving node: 80+16
x: 80
y: 16
Checking node: 96+7
Solving node: 96+7
x: 96
y: 7
Checking node: 103-1
Solving node: 103-1
x: 103
y: 1
Checking node: 102+40
Solving node: 102+40
x: 102
y: 40
Checking node: 6*6
Checking node: 6-3
Checking node: 3*1
Checking node: 1+9
Checking node: 9-7
Checking node: 7+5
Checking node: 5*7
Checking node: 7-6
Checking node: 6+4
Checking node: 4*4
Checking node: 4+8
Checking node: 8*2
Checking node: 2+7
Checking node: 7-1
Checking node: 1+8
Checking node: 8*5
Difference: 8
Using default bounds (multiplication)
Calculating: 8*2
Solving node: 8*2
x: 8
y: 2
Solving node: 8*2
x: 8
y: 2
Solving node: 8*2
x: 8
y: 2
Difference: 16
Calculating: 8*2+8
Solving node: 8*2
x: 8
y: 2
Solving node: 16+8
x: 16
y: 8
Solving node: 8*2
x: 8
y: 2
Solving node: 8*2
x: 8
y: 2
Solving node: 16+8
x: 16
y: 8
Difference: 24
Calculating: 8*2+8:4
Solving node: 8*2
x: 8
y: 2
Solving node: 8:4
x: 8
y: 4
Solving node: 16+2
x: 16
y: 2
Solving node: 8*2
x: 8
y: 2
Solving node: 8:4
x: 8
y: 4
Solving node: 8*2
x: 8
y: 2
Solving node: 8:4
x: 8
y: 4
Solving node: 16+2
x: 16
y: 2
Difference: 18
Using default bounds (multiplication)
Calculating: 8*2+8:4*7
Solving node: 8*2
x: 8
y: 2
Solving node: 8:4
x: 8
y: 4
Solving node: 2*7
x: 2
y: 7
Solving node: 16+14
x: 16
y: 14
Solving node: 8*2
x: 8
y: 2
Solving node: 8:4
x: 8
y: 4
Solving node: 2*7
x: 2
y: 7
Solving node: 8*2
x: 8
y: 2
Solving node: 8:4
x: 8
y: 4
Solving node: 2*7
x: 2
y: 7
Solving node: 16+14
x: 16
y: 14
Difference: 30
Last: 7; Last sum: 14
Calculating: 8*2+8:4*7-3
Solving node: 8*2
x: 8
y: 2
Solving node: 8:4
x: 8
y: 4
Solving node: 2*7
x: 2
y: 7
Solving node: 16+14
x: 16
y: 14
Solving node: 30-3
x: 30
y: 3
Solving node: 8*2
x: 8
y: 2
Solving node: 8:4
x: 8
y: 4
Solving node: 2*7
x: 2
y: 7
Solving node: 16+14
x: 16
y: 14
Solving node: 30-3
x: 30
y: 3
Solving node: 8*2
x: 8
y: 2
Solving node: 8:4
x: 8
y: 4
Solving node: 2*7
x: 2
y: 7
Solving node: 16+14
x: 16
y: 14
Difference: 30-3
Calculating bounds (multiplication)
Previous index: -1 | Last operator index: 2
Upper bound: 3
Calculating: 8*2+8:4*7-3*1
Solving node: 8*2
x: 8
y: 2
Solving node: 8:4
x: 8
y: 4
Solving node: 2*7
x: 2
y: 7
Solving node: 3*1
x: 3
y: 1
Solving node: 16+14
x: 16
y: 14
Solving node: 30-3
x: 30
y: 3
Solving node: 8*2
x: 8
y: 2
Solving node: 8:4
x: 8
y: 4
Solving node: 2*7
x: 2
y: 7
Solving node: 3*1
x: 3
y: 1
Solving node: 16+14
x: 16
y: 14
Solving node: 30-3
x: 30
y: 3
Solving node: 8*2
x: 8
y: 2
Solving node: 8:4
x: 8
y: 4
Solving node: 2*7
x: 2
y: 7
Solving node: 3*1
x: 3
y: 1
Solving node: 16+14
x: 16
y: 14
Difference: 30-3
Calculating: 8*2+8:4*7-3*1+5
Solving node: 8*2
x: 8
y: 2
Solving node: 8:4
x: 8
y: 4
Solving node: 2*7
x: 2
y: 7
Solving node: 3*1
x: 3
y: 1
Solving node: 16+14
x: 16
y: 14
Solving node: 30-3
x: 30
y: 3
Solving node: 27+5
x: 27
y: 5
Solving node: 8*2
x: 8
y: 2
Solving node: 8:4
x: 8
y: 4
Solving node: 2*7
x: 2
y: 7
Solving node: 3*1
x: 3
y: 1
Solving node: 16+14
x: 16
y: 14
Solving node: 30-3
x: 30
y: 3
Solving node: 8*2
x: 8
y: 2
Solving node: 8:4
x: 8
y: 4
Solving node: 2*7
x: 2
y: 7
Solving node: 3*1
x: 3
y: 1
Solving node: 16+14
x: 16
y: 14
Solving node: 30-3
x: 30
y: 3
Solving node: 27+5
x: 27
y: 5
Difference: 32
Last: 5; Last sum: 5
Calculating: 8*2+8:4*7-3*1+5-2
Solving node: 8*2
x: 8
y: 2
Solving node: 8:4
x: 8
y: 4
Solving node: 2*7
x: 2
y: 7
Solving node: 3*1
x: 3
y: 1
Solving node: 16+14
x: 16
y: 14
Solving node: 30-3
x: 30
y: 3
Solving node: 27+5
x: 27
y: 5
Solving node: 32-2
x: 32
y: 2
Solving node: 8*2
x: 8
y: 2
Solving node: 8:4
x: 8
y: 4
Solving node: 2*7
x: 2
y: 7
Solving node: 3*1
x: 3
y: 1
Solving node: 16+14
x: 16
y: 14
Solving node: 30-3
x: 30
y: 3
Solving node: 27+5
x: 27
y: 5
Solving node: 32-2
x: 32
y: 2
Solving node: 8*2
x: 8
y: 2
Solving node: 8:4
x: 8
y: 4
Solving node: 2*7
x: 2
y: 7
Solving node: 3*1
x: 3
y: 1
Solving node: 16+14
x: 16
y: 14
Solving node: 30-3
x: 30
y: 3
Solving node: 27+5
x: 27
y: 5
Difference: 32-2
Calculating bounds (multiplication)
Previous index: -1 | Last operator index: 2
Upper bound: 2
Calculating: 8*2+8:4*7-3*1+5-2*1
Solving node: 8*2
x: 8
y: 2
Solving node: 8:4
x: 8
y: 4
Solving node: 2*7
x: 2
y: 7
Solving node: 3*1
x: 3
y: 1
Solving node: 2*1
x: 2
y: 1
Solving node: 16+14
x: 16
y: 14
Solving node: 30-3
x: 30
y: 3
Solving node: 27+5
x: 27
y: 5
Solving node: 32-2
x: 32
y: 2
Solving node: 8*2
x: 8
y: 2
Solving node: 8:4
x: 8
y: 4
Solving node: 2*7
x: 2
y: 7
Solving node: 3*1
x: 3
y: 1
Solving node: 2*1
x: 2
y: 1
Solving node: 16+14
x: 16
y: 14
Solving node: 30-3
x: 30
y: 3
Solving node: 27+5
x: 27
y: 5
Solving node: 32-2
x: 32
y: 2
Solving node: 8*2
x: 8
y: 2
Solving node: 8:4
x: 8
y: 4
Solving node: 2*7
x: 2
y: 7
Solving node: 3*1
x: 3
y: 1
Solving node: 2*1
x: 2
y: 1
Solving node: 16+14
x: 16
y: 14
Solving node: 30-3
x: 30
y: 3
Solving node: 27+5
x: 27
y: 5
Difference: 32-2
Calculating: 8*2+8:4*7-3*1+5-2*1+3
Solving node: 8*2
x: 8
y: 2
Solving node: 8:4
x: 8
y: 4
Solving node: 2*7
x: 2
y: 7
Solving node: 3*1
x: 3
y: 1
Solving node: 2*1
x: 2
y: 1
Solving node: 16+14
x: 16
y: 14
Solving node: 30-3
x: 30
y: 3
Solving node: 27+5
x: 27
y: 5
Solving node: 32-2
x: 32
y: 2
Solving node: 30+3
x: 30
y: 3
Solving node: 8*2
x: 8
y: 2
Solving node: 8:4
x: 8
y: 4
Solving node: 2*7
x: 2
y: 7
Solving node: 3*1
x: 3
y: 1
Solving node: 2*1
x: 2
y: 1
Solving node: 16+14
x: 16
y: 14
Solving node: 30-3
x: 30
y: 3
Solving node: 27+5
x: 27
y: 5
Solving node: 32-2
x: 32
y: 2
Solving node: 8*2
x: 8
y: 2
Solving node: 8:4
x: 8
y: 4
Solving node: 2*7
x: 2
y: 7
Solving node: 3*1
x: 3
y: 1
Solving node: 2*1
x: 2
y: 1
Solving node: 16+14
x: 16
y: 14
Solving node: 30-3
x: 30
y: 3
Solving node: 27+5
x: 27
y: 5
Solving node: 32-2
x: 32
y: 2
Solving node: 30+3
x: 30
y: 3
Difference: 33
Last: 3; Last sum: 3
Calculating: 8*2+8:4*7-3*1+5-2*1+3-2
Solving node: 8*2
x: 8
y: 2
Solving node: 8:4
x: 8
y: 4
Solving node: 2*7
x: 2
y: 7
Solving node: 3*1
x: 3
y: 1
Solving node: 2*1
x: 2
y: 1
Solving node: 16+14
x: 16
y: 14
Solving node: 30-3
x: 30
y: 3
Solving node: 27+5
x: 27
y: 5
Solving node: 32-2
x: 32
y: 2
Solving node: 30+3
x: 30
y: 3
Solving node: 33-2
x: 33
y: 2
Solving node: 8*2
x: 8
y: 2
Solving node: 8:4
x: 8
y: 4
Solving node: 2*7
x: 2
y: 7
Solving node: 3*1
x: 3
y: 1
Solving node: 2*1
x: 2
y: 1
Solving node: 16+14
x: 16
y: 14
Solving node: 30-3
x: 30
y: 3
Solving node: 27+5
x: 27
y: 5
Solving node: 32-2
x: 32
y: 2
Solving node: 30+3
x: 30
y: 3
Solving node: 33-2
x: 33
y: 2
Solving node: 8*2
x: 8
y: 2
Solving node: 8:4
x: 8
y: 4
Solving node: 2*7
x: 2
y: 7
Solving node: 3*1
x: 3
y: 1
Solving node: 2*1
x: 2
y: 1
Solving node: 16+14
x: 16
y: 14
Solving node: 30-3
x: 30
y: 3
Solving node: 27+5
x: 27
y: 5
Solving node: 32-2
x: 32
y: 2
Solving node: 30+3
x: 30
y: 3
Difference: 33-2
Calculating: 8*2+8:4*7-3*1+5-2*1+3-2+9
Solving node: 8*2
x: 8
y: 2
Solving node: 8:4
x: 8
y: 4
Solving node: 2*7
x: 2
y: 7
Solving node: 3*1
x: 3
y: 1
Solving node: 2*1
x: 2
y: 1
Solving node: 16+14
x: 16
y: 14
Solving node: 30-3
x: 30
y: 3
Solving node: 27+5
x: 27
y: 5
Solving node: 32-2
x: 32
y: 2
Solving node: 30+3
x: 30
y: 3
Solving node: 33-2
x: 33
y: 2
Solving node: 31+9
x: 31
y: 9
Solving node: 8*2
x: 8
y: 2
Solving node: 8:4
x: 8
y: 4
Solving node: 2*7
x: 2
y: 7
Solving node: 3*1
x: 3
y: 1
Solving node: 2*1
x: 2
y: 1
Solving node: 16+14
x: 16
y: 14
Solving node: 30-3
x: 30
y: 3
Solving node: 27+5
x: 27
y: 5
Solving node: 32-2
x: 32
y: 2
Solving node: 30+3
x: 30
y: 3
Solving node: 33-2
x: 33
y: 2
Solving node: 8*2
x: 8
y: 2
Solving node: 8:4
x: 8
y: 4
Solving node: 2*7
x: 2
y: 7
Solving node: 3*1
x: 3
y: 1
Solving node: 2*1
x: 2
y: 1
Solving node: 16+14
x: 16
y: 14
Solving node: 30-3
x: 30
y: 3
Solving node: 27+5
x: 27
y: 5
Solving node: 32-2
x: 32
y: 2
Solving node: 30+3
x: 30
y: 3
Solving node: 33-2
x: 33
y: 2
Solving node: 31+9
x: 31
y: 9
Difference: 40
Using default bounds (multiplication)
Calculating: 8*2+8:4*7-3*1+5-2*1+3-2+9*1
Solving node: 8*2
x: 8
y: 2
Solving node: 8:4
x: 8
y: 4
Solving node: 2*7
x: 2
y: 7
Solving node: 3*1
x: 3
y: 1
Solving node: 2*1
x: 2
y: 1
Solving node: 9*1
x: 9
y: 1
Solving node: 16+14
x: 16
y: 14
Solving node: 30-3
x: 30
y: 3
Solving node: 27+5
x: 27
y: 5
Solving node: 32-2
x: 32
y: 2
Solving node: 30+3
x: 30
y: 3
Solving node: 33-2
x: 33
y: 2
Solving node: 31+9
x: 31
y: 9
Solving node: 8*2
x: 8
y: 2
Solving node: 8:4
x: 8
y: 4
Solving node: 2*7
x: 2
y: 7
Solving node: 3*1
x: 3
y: 1
Solving node: 2*1
x: 2
y: 1
Solving node: 9*1
x: 9
y: 1
Solving node: 16+14
x: 16
y: 14
Solving node: 30-3
x: 30
y: 3
Solving node: 27+5
x: 27
y: 5
Solving node: 32-2
x: 32
y: 2
Solving node: 30+3
x: 30
y: 3
Solving node: 33-2
x: 33
y: 2
Solving node: 8*2
x: 8
y: 2
Solving node: 8:4
x: 8
y: 4
Solving node: 2*7
x: 2
y: 7
Solving node: 3*1
x: 3
y: 1
Solving node: 2*1
x: 2
y: 1
Solving node: 9*1
x: 9
y: 1
Solving node: 16+14
x: 16
y: 14
Solving node: 30-3
x: 30
y: 3
Solving node: 27+5
x: 27
y: 5
Solving node: 32-2
x: 32
y: 2
Solving node: 30+3
x: 30
y: 3
Solving node: 33-2
x: 33
y: 2
Solving node: 31+9
x: 31
y: 9
Difference: 40
Calculating: 8*2+8:4*7-3*1+5-2*1+3-2+9*1+9
Solving node: 8*2
x: 8
y: 2
Solving node: 8:4
x: 8
y: 4
Solving node: 2*7
x: 2
y: 7
Solving node: 3*1
x: 3
y: 1
Solving node: 2*1
x: 2
y: 1
Solving node: 9*1
x: 9
y: 1
Solving node: 16+14
x: 16
y: 14
Solving node: 30-3
x: 30
y: 3
Solving node: 27+5
x: 27
y: 5
Solving node: 32-2
x: 32
y: 2
Solving node: 30+3
x: 30
y: 3
Solving node: 33-2
x: 33
y: 2
Solving node: 31+9
x: 31
y: 9
Solving node: 40+9
x: 40
y: 9
Solving node: 8*2
x: 8
y: 2
Solving node: 8:4
x: 8
y: 4
Solving node: 2*7
x: 2
y: 7
Solving node: 3*1
x: 3
y: 1
Solving node: 2*1
x: 2
y: 1
Solving node: 9*1
x: 9
y: 1
Solving node: 16+14
x: 16
y: 14
Solving node: 30-3
x: 30
y: 3
Solving node: 27+5
x: 27
y: 5
Solving node: 32-2
x: 32
y: 2
Solving node: 30+3
x: 30
y: 3
Solving node: 33-2
x: 33
y: 2
Solving node: 8*2
x: 8
y: 2
Solving node: 8:4
x: 8
y: 4
Solving node: 2*7
x: 2
y: 7
Solving node: 3*1
x: 3
y: 1
Solving node: 2*1
x: 2
y: 1
Solving node: 9*1
x: 9
y: 1
Solving node: 16+14
x: 16
y: 14
Solving node: 30-3
x: 30
y: 3
Solving node: 27+5
x: 27
y: 5
Solving node: 32-2
x: 32
y: 2
Solving node: 30+3
x: 30
y: 3
Solving node: 33-2
x: 33
y: 2
Solving node: 31+9
x: 31
y: 9
Solving node: 40+9
x: 40
y: 9
Difference: 49
Last: 9; Last sum: 9
Calculating: 8*2+8:4*7-3*1+5-2*1+3-2+9*1+9-2
Solving node: 8*2
x: 8
y: 2
Solving node: 8:4
x: 8
y: 4
Solving node: 2*7
x: 2
y: 7
Solving node: 3*1
x: 3
y: 1
Solving node: 2*1
x: 2
y: 1
Solving node: 9*1
x: 9
y: 1
Solving node: 16+14
x: 16
y: 14
Solving node: 30-3
x: 30
y: 3
Solving node: 27+5
x: 27
y: 5
Solving node: 32-2
x: 32
y: 2
Solving node: 30+3
x: 30
y: 3
Solving node: 33-2
x: 33
y: 2
Solving node: 31+9
x: 31
y: 9
Solving node: 40+9
x: 40
y: 9
Solving node: 49-2
x: 49
y: 2
Solving node: 8*2
x: 8
y: 2
Solving node: 8:4
x: 8
y: 4
Solving node: 2*7
x: 2
y: 7
Solving node: 3*1
x: 3
y: 1
Solving node: 2*1
x: 2
y: 1
Solving node: 9*1
x: 9
y: 1
Solving node: 16+14
x: 16
y: 14
Solving node: 30-3
x: 30
y: 3
Solving node: 27+5
x: 27
y: 5
Solving node: 32-2
x: 32
y: 2
Solving node: 30+3
x: 30
y: 3
Solving node: 33-2
x: 33
y: 2
Solving node: 31+9
x: 31
y: 9
Solving node: 40+9
x: 40
y: 9
Solving node: 49-2
x: 49
y: 2
Solving node: 8*2
x: 8
y: 2
Solving node: 8:4
x: 8
y: 4
Solving node: 2*7
x: 2
y: 7
Solving node: 3*1
x: 3
y: 1
Solving node: 2*1
x: 2
y: 1
Solving node: 9*1
x: 9
y: 1
Solving node: 16+14
x: 16
y: 14
Solving node: 30-3
x: 30
y: 3
Solving node: 27+5
x: 27
y: 5
Solving node: 32-2
x: 32
y: 2
Solving node: 30+3
x: 30
y: 3
Solving node: 33-2
x: 33
y: 2
Solving node: 31+9
x: 31
y: 9
Solving node: 40+9
x: 40
y: 9
Difference: 49-2
Calculating bounds (multiplication)
Previous index: -1 | Last operator index: 2
Upper bound: 2
Calculating: 8*2+8:4*7-3*1+5-2*1+3-2+9*1+9-2*1
Solving node: 8*2
x: 8
y: 2
Solving node: 8:4
x: 8
y: 4
Solving node: 2*7
x: 2
y: 7
Solving node: 3*1
x: 3
y: 1
Solving node: 2*1
x: 2
y: 1
Solving node: 9*1
x: 9
y: 1
Solving node: 2*1
x: 2
y: 1
Solving node: 16+14
x: 16
y: 14
Solving node: 30-3
x: 30
y: 3
Solving node: 27+5
x: 27
y: 5
Solving node: 32-2
x: 32
y: 2
Solving node: 30+3
x: 30
y: 3
Solving node: 33-2
x: 33
y: 2
Solving node: 31+9
x: 31
y: 9
Solving node: 40+9
x: 40
y: 9
Solving node: 49-2
x: 49
y: 2
Originallösung: 8*2+8:4*7-3*1+5-2*1+3-2+9*1+9-2*1 = 47
[85/100] 8*2+8:4*7-3*1+5-2*1+3-2+9*1+9-2*1
Testing equation: 8*2+8:4*7-3*1+5-2*1+3-2+9*1+9-2*1
Checking node: 8*2
Solving node: 8*2
x: 8
y: 2
Checking node: 8:4
Solving node: 8:4
x: 8
y: 4
Checking node: 2*7
Solving node: 2*7
x: 2
y: 7
Checking node: 3*1
Solving node: 3*1
x: 3
y: 1
Checking node: 2*1
Solving node: 2*1
x: 2
y: 1
Checking node: 9*1
Solving node: 9*1
x: 9
y: 1
Checking node: 2*1
Solving node: 2*1
x: 2
y: 1
Checking node: 16+14
Solving node: 16+14
x: 16
y: 14
Checking node: 30-3
Solving node: 30-3
x: 30
y: 3
Checking node: 27+5
Solving node: 27+5
x: 27
y: 5
Checking node: 32-2
Solving node: 32-2
x: 32
y: 2
Checking node: 30+3
Solving node: 30+3
x: 30
y: 3
Checking node: 33-2
Solving node: 33-2
x: 33
y: 2
Checking node: 31+9
Solving node: 31+9
x: 31
y: 9
Checking node: 40+9
Solving node: 40+9
x: 40
y: 9
Checking node: 49-2
Solving node: 49-2
x: 49
y: 2
Checking node: 8*2
Checking node: 2+8
Checking node: 8:4
Checking node: 4*7
Checking node: 7-3
Checking node: 3*1
Checking node: 1+5
Checking node: 5-2
Checking node: 2*1
Checking node: 1+3
Checking node: 3-2
Checking node: 2+9
Checking node: 9*1
Checking node: 1+9
Checking node: 9-2
Checking node: 2*1
Difference: 1
Calculating: 1+1
Solving node: 1+1
x: 1
y: 1
Solving node: 1+1
x: 1
y: 1
Difference: 2
Using default bounds (multiplication)
Calculating: 1+1*5
Solving node: 1*5
x: 1
y: 5
Solving node: 1+5
x: 1
y: 5
Solving node: 1*5
x: 1
y: 5
Solving node: 1*5
x: 1
y: 5
Solving node: 1+5
x: 1
y: 5
Difference: 6
Last: 5; Last sum: 5
Calculating: 1+1*5-4
Solving node: 1*5
x: 1
y: 5
Solving node: 1+5
x: 1
y: 5
Solving node: 6-4
x: 6
y: 4
Solving node: 1*5
x: 1
y: 5
Solving node: 1+5
x: 1
y: 5
Solving node: 6-4
x: 6
y: 4
Solving node: 1*5
x: 1
y: 5
Solving node: 1+5
x: 1
y: 5
Difference: 6-4
Calculating bounds (multiplication)
Upper bound: 0
Solving node: 1*5
x: 1
y: 5
Solving node: 1+5
x: 1
y: 5
Solving node: 6-4
x: 6
y: 4
Solving node: 1*5
x: 1
y: 5
Solving node: 1+5
x: 1
y: 5
Difference: 6-4
Calculating: 1+1*5-4+4
Solving node: 1*5
x: 1
y: 5
Solving node: 1+5
x: 1
y: 5
Solving node: 6-4
x: 6
y: 4
Solving node: 2+4
x: 2
y: 4
Solving node: 1*5
x: 1
y: 5
Solving node: 1+5
x: 1
y: 5
Solving node: 6-4
x: 6
y: 4
Solving node: 1*5
x: 1
y: 5
Solving node: 1+5
x: 1
y: 5
Solving node: 6-4
x: 6
y: 4
Solving node: 2+4
x: 2
y: 4
Difference: 6
Calculating: 1+1*5-4+4:1
Solving node: 1*5
x: 1
y: 5
Solving node: 4:1
x: 4
y: 1
Solving node: 1+5
x: 1
y: 5
Solving node: 6-4
x: 6
y: 4
Solving node: 2+4
x: 2
y: 4
Solving node: 1*5
x: 1
y: 5
Solving node: 4:1
x: 4
y: 1
Solving node: 1+5
x: 1
y: 5
Solving node: 6-4
x: 6
y: 4
Solving node: 1*5
x: 1
y: 5
Solving node: 4:1
x: 4
y: 1
Solving node: 1+5
x: 1
y: 5
Solving node: 6-4
x: 6
y: 4
Solving node: 2+4
x: 2
y: 4
Difference: 6
Using default bounds (multiplication)
Calculating: 1+1*5-4+4:1*6
Solving node: 1*5
x: 1
y: 5
Solving node: 4:1
x: 4
y: 1
Solving node: 4*6
x: 4
y: 6
Solving node: 1+5
x: 1
y: 5
Solving node: 6-4
x: 6
y: 4
Solving node: 2+24
x: 2
y: 24
Solving node: 1*5
x: 1
y: 5
Solving node: 4:1
x: 4
y: 1
Solving node: 4*6
x: 4
y: 6
Solving node: 1+5
x: 1
y: 5
Solving node: 6-4
x: 6
y: 4
Solving node: 1*5
x: 1
y: 5
Solving node: 4:1
x: 4
y: 1
Solving node: 4*6
x: 4
y: 6
Solving node: 1+5
x: 1
y: 5
Solving node: 6-4
x: 6
y: 4
Solving node: 2+24
x: 2
y: 24
Difference: 26
Last: 6; Last sum: 24
Calculating: 1+1*5-4+4:1*6-1
Solving node: 1*5
x: 1
y: 5
Solving node: 4:1
x: 4
y: 1
Solving node: 4*6
x: 4
y: 6
Solving node: 1+5
x: 1
y: 5
Solving node: 6-4
x: 6
y: 4
Solving node: 2+24
x: 2
y: 24
Solving node: 26-1
x: 26
y: 1
Solving node: 1*5
x: 1
y: 5
Solving node: 4:1
x: 4
y: 1
Solving node: 4*6
x: 4
y: 6
Solving node: 1+5
x: 1
y: 5
Solving node: 6-4
x: 6
y: 4
Solving node: 2+24
x: 2
y: 24
Solving node: 26-1
x: 26
y: 1
Solving node: 1*5
x: 1
y: 5
Solving node: 4:1
x: 4
y: 1
Solving node: 4*6
x: 4
y: 6
Solving node: 1+5
x: 1
y: 5
Solving node: 6-4
x: 6
y: 4
Solving node: 2+24
x: 2
y: 24
Difference: 26-1
Calculating: 1+1*5-4+4:1*6-1+8
Solving node: 1*5
x: 1
y: 5
Solving node: 4:1
x: 4
y: 1
Solving node: 4*6
x: 4
y: 6
Solving node: 1+5
x: 1
y: 5
Solving node: 6-4
x: 6
y: 4
Solving node: 2+24
x: 2
y: 24
Solving node: 26-1
x: 26
y: 1
Solving node: 25+8
x: 25
y: 8
Solving node: 1*5
x: 1
y: 5
Solving node: 4:1
x: 4
y: 1
Solving node: 4*6
x: 4
y: 6
Solving node: 1+5
x: 1
y: 5
Solving node: 6-4
x: 6
y: 4
Solving node: 2+24
x: 2
y: 24
Solving node: 26-1
x: 26
y: 1
Solving node: 1*5
x: 1
y: 5
Solving node: 4:1
x: 4
y: 1
Solving node: 4*6
x: 4
y: 6
Solving node: 1+5
x: 1
y: 5
Solving node: 6-4
x: 6
y: 4
Solving node: 2+24
x: 2
y: 24
Solving node: 26-1
x: 26
y: 1
Solving node: 25+8
x: 25
y: 8
Difference: 33
Last: 8; Last sum: 8
Calculating: 1+1*5-4+4:1*6-1+8-3
Solving node: 1*5
x: 1
y: 5
Solving node: 4:1
x: 4
y: 1
Solving node: 4*6
x: 4
y: 6
Solving node: 1+5
x: 1
y: 5
Solving node: 6-4
x: 6
y: 4
Solving node: 2+24
x: 2
y: 24
Solving node: 26-1
x: 26
y: 1
Solving node: 25+8
x: 25
y: 8
Solving node: 33-3
x: 33
y: 3
Solving node: 1*5
x: 1
y: 5
Solving node: 4:1
x: 4
y: 1
Solving node: 4*6
x: 4
y: 6
Solving node: 1+5
x: 1
y: 5
Solving node: 6-4
x: 6
y: 4
Solving node: 2+24
x: 2
y: 24
Solving node: 26-1
x: 26
y: 1
Solving node: 25+8
x: 25
y: 8
Solving node: 33-3
x: 33
y: 3
Solving node: 1*5
x: 1
y: 5
Solving node: 4:1
x: 4
y: 1
Solving node: 4*6
x: 4
y: 6
Solving node: 1+5
x: 1
y: 5
Solving node: 6-4
x: 6
y: 4
Solving node: 2+24
x: 2
y: 24
Solving node: 26-1
x: 26
y: 1
Solving node: 25+8
x: 25
y: 8
Difference: 33-3
Calculating: 1+1*5-4+4:1*6-1+8-3+9
Solving node: 1*5
x: 1
y: 5
Solving node: 4:1
x: 4
y: 1
Solving node: 4*6
x: 4
y: 6
Solving node: 1+5
x: 1
y: 5
Solving node: 6-4
x: 6
y: 4
Solving node: 2+24
x: 2
y: 24
Solving node: 26-1
x: 26
y: 1
Solving node: 25+8
x: 25
y: 8
Solving node: 33-3
x: 33
y: 3
Solving node: 30+9
x: 30
y: 9
Solving node: 1*5
x: 1
y: 5
Solving node: 4:1
x: 4
y: 1
Solving node: 4*6
x: 4
y: 6
Solving node: 1+5
x: 1
y: 5
Solving node: 6-4
x: 6
y: 4
Solving node: 2+24
x: 2
y: 24
Solving node: 26-1
x: 26
y: 1
Solving node: 25+8
x: 25
y: 8
Solving node: 33-3
x: 33
y: 3
Solving node: 1*5
x: 1
y: 5
Solving node: 4:1
x: 4
y: 1
Solving node: 4*6
x: 4
y: 6
Solving node: 1+5
x: 1
y: 5
Solving node: 6-4
x: 6
y: 4
Solving node: 2+24
x: 2
y: 24
Solving node: 26-1
x: 26
y: 1
Solving node: 25+8
x: 25
y: 8
Solving node: 33-3
x: 33
y: 3
Solving node: 30+9
x: 30
y: 9
Difference: 39
Last: 9; Last sum: 9
Calculating: 1+1*5-4+4:1*6-1+8-3+9-7
Solving node: 1*5
x: 1
y: 5
Solving node: 4:1
x: 4
y: 1
Solving node: 4*6
x: 4
y: 6
Solving node: 1+5
x: 1
y: 5
Solving node: 6-4
x: 6
y: 4
Solving node: 2+24
x: 2
y: 24
Solving node: 26-1
x: 26
y: 1
Solving node: 25+8
x: 25
y: 8
Solving node: 33-3
x: 33
y: 3
Solving node: 30+9
x: 30
y: 9
Solving node: 39-7
x: 39
y: 7
Solving node: 1*5
x: 1
y: 5
Solving node: 4:1
x: 4
y: 1
Solving node: 4*6
x: 4
y: 6
Solving node: 1+5
x: 1
y: 5
Solving node: 6-4
x: 6
y: 4
Solving node: 2+24
x: 2
y: 24
Solving node: 26-1
x: 26
y: 1
Solving node: 25+8
x: 25
y: 8
Solving node: 33-3
x: 33
y: 3
Solving node: 30+9
x: 30
y: 9
Solving node: 39-7
x: 39
y: 7
Solving node: 1*5
x: 1
y: 5
Solving node: 4:1
x: 4
y: 1
Solving node: 4*6
x: 4
y: 6
Solving node: 1+5
x: 1
y: 5
Solving node: 6-4
x: 6
y: 4
Solving node: 2+24
x: 2
y: 24
Solving node: 26-1
x: 26
y: 1
Solving node: 25+8
x: 25
y: 8
Solving node: 33-3
x: 33
y: 3
Solving node: 30+9
x: 30
y: 9
Difference: 39-7
Calculating bounds (multiplication)
Previous index: -1 | Last operator index: 2
Upper bound: 4
Calculating: 1+1*5-4+4:1*6-1+8-3+9-7*1
Solving node: 1*5
x: 1
y: 5
Solving node: 4:1
x: 4
y: 1
Solving node: 4*6
x: 4
y: 6
Solving node: 7*1
x: 7
y: 1
Solving node: 1+5
x: 1
y: 5
Solving node: 6-4
x: 6
y: 4
Solving node: 2+24
x: 2
y: 24
Solving node: 26-1
x: 26
y: 1
Solving node: 25+8
x: 25
y: 8
Solving node: 33-3
x: 33
y: 3
Solving node: 30+9
x: 30
y: 9
Solving node: 39-7
x: 39
y: 7
Solving node: 1*5
x: 1
y: 5
Solving node: 4:1
x: 4
y: 1
Solving node: 4*6
x: 4
y: 6
Solving node: 7*1
x: 7
y: 1
Solving node: 1+5
x: 1
y: 5
Solving node: 6-4
x: 6
y: 4
Solving node: 2+24
x: 2
y: 24
Solving node: 26-1
x: 26
y: 1
Solving node: 25+8
x: 25
y: 8
Solving node: 33-3
x: 33
y: 3
Solving node: 30+9
x: 30
y: 9
Solving node: 39-7
x: 39
y: 7
Solving node: 1*5
x: 1
y: 5
Solving node: 4:1
x: 4
y: 1
Solving node: 4*6
x: 4
y: 6
Solving node: 7*1
x: 7
y: 1
Solving node: 1+5
x: 1
y: 5
Solving node: 6-4
x: 6
y: 4
Solving node: 2+24
x: 2
y: 24
Solving node: 26-1
x: 26
y: 1
Solving node: 25+8
x: 25
y: 8
Solving node: 33-3
x: 33
y: 3
Solving node: 30+9
x: 30
y: 9
Difference: 39-7
Calculating: 1+1*5-4+4:1*6-1+8-3+9-7*1+6
Solving node: 1*5
x: 1
y: 5
Solving node: 4:1
x: 4
y: 1
Solving node: 4*6
x: 4
y: 6
Solving node: 7*1
x: 7
y: 1
Solving node: 1+5
x: 1
y: 5
Solving node: 6-4
x: 6
y: 4
Solving node: 2+24
x: 2
y: 24
Solving node: 26-1
x: 26
y: 1
Solving node: 25+8
x: 25
y: 8
Solving node: 33-3
x: 33
y: 3
Solving node: 30+9
x: 30
y: 9
Solving node: 39-7
x: 39
y: 7
Solving node: 32+6
x: 32
y: 6
Solving node: 1*5
x: 1
y: 5
Solving node: 4:1
x: 4
y: 1
Solving node: 4*6
x: 4
y: 6
Solving node: 7*1
x: 7
y: 1
Solving node: 1+5
x: 1
y: 5
Solving node: 6-4
x: 6
y: 4
Solving node: 2+24
x: 2
y: 24
Solving node: 26-1
x: 26
y: 1
Solving node: 25+8
x: 25
y: 8
Solving node: 33-3
x: 33
y: 3
Solving node: 30+9
x: 30
y: 9
Solving node: 39-7
x: 39
y: 7
Solving node: 1*5
x: 1
y: 5
Solving node: 4:1
x: 4
y: 1
Solving node: 4*6
x: 4
y: 6
Solving node: 7*1
x: 7
y: 1
Solving node: 1+5
x: 1
y: 5
Solving node: 6-4
x: 6
y: 4
Solving node: 2+24
x: 2
y: 24
Solving node: 26-1
x: 26
y: 1
Solving node: 25+8
x: 25
y: 8
Solving node: 33-3
x: 33
y: 3
Solving node: 30+9
x: 30
y: 9
Solving node: 39-7
x: 39
y: 7
Solving node: 32+6
x: 32
y: 6
Difference: 38
Calculating: 1+1*5-4+4:1*6-1+8-3+9-7*1+6:1
Solving node: 1*5
x: 1
y: 5
Solving node: 4:1
x: 4
y: 1
Solving node: 4*6
x: 4
y: 6
Solving node: 7*1
x: 7
y: 1
Solving node: 6:1
x: 6
y: 1
Solving node: 1+5
x: 1
y: 5
Solving node: 6-4
x: 6
y: 4
Solving node: 2+24
x: 2
y: 24
Solving node: 26-1
x: 26
y: 1
Solving node: 25+8
x: 25
y: 8
Solving node: 33-3
x: 33
y: 3
Solving node: 30+9
x: 30
y: 9
Solving node: 39-7
x: 39
y: 7
Solving node: 32+6
x: 32
y: 6
Solving node: 1*5
x: 1
y: 5
Solving node: 4:1
x: 4
y: 1
Solving node: 4*6
x: 4
y: 6
Solving node: 7*1
x: 7
y: 1
Solving node: 6:1
x: 6
y: 1
Solving node: 1+5
x: 1
y: 5
Solving node: 6-4
x: 6
y: 4
Solving node: 2+24
x: 2
y: 24
Solving node: 26-1
x: 26
y: 1
Solving node: 25+8
x: 25
y: 8
Solving node: 33-3
x: 33
y: 3
Solving node: 30+9
x: 30
y: 9
Solving node: 39-7
x: 39
y: 7
Solving node: 1*5
x: 1
y: 5
Solving node: 4:1
x: 4
y: 1
Solving node: 4*6
x: 4
y: 6
Solving node: 7*1
x: 7
y: 1
Solving node: 6:1
x: 6
y: 1
Solving node: 1+5
x: 1
y: 5
Solving node: 6-4
x: 6
y: 4
Solving node: 2+24
x: 2
y: 24
Solving node: 26-1
x: 26
y: 1
Solving node: 25+8
x: 25
y: 8
Solving node: 33-3
x: 33
y: 3
Solving node: 30+9
x: 30
y: 9
Solving node: 39-7
x: 39
y: 7
Solving node: 32+6
x: 32
y: 6
Difference: 38
Using default bounds (multiplication)
Calculating: 1+1*5-4+4:1*6-1+8-3+9-7*1+6:1*6
Solving node: 1*5
x: 1
y: 5
Solving node: 4:1
x: 4
y: 1
Solving node: 4*6
x: 4
y: 6
Solving node: 7*1
x: 7
y: 1
Solving node: 6:1
x: 6
y: 1
Solving node: 6*6
x: 6
y: 6
Solving node: 1+5
x: 1
y: 5
Solving node: 6-4
x: 6
y: 4
Solving node: 2+24
x: 2
y: 24
Solving node: 26-1
x: 26
y: 1
Solving node: 25+8
x: 25
y: 8
Solving node: 33-3
x: 33
y: 3
Solving node: 30+9
x: 30
y: 9
Solving node: 39-7
x: 39
y: 7
Solving node: 32+36
x: 32
y: 36
Solving node: 1*5
x: 1
y: 5
Solving node: 4:1
x: 4
y: 1
Solving node: 4*6
x: 4
y: 6
Solving node: 7*1
x: 7
y: 1
Solving node: 6:1
x: 6
y: 1
Solving node: 6*6
x: 6
y: 6
Solving node: 1+5
x: 1
y: 5
Solving node: 6-4
x: 6
y: 4
Solving node: 2+24
x: 2
y: 24
Solving node: 26-1
x: 26
y: 1
Solving node: 25+8
x: 25
y: 8
Solving node: 33-3
x: 33
y: 3
Solving node: 30+9
x: 30
y: 9
Solving node: 39-7
x: 39
y: 7
Solving node: 1*5
x: 1
y: 5
Solving node: 4:1
x: 4
y: 1
Solving node: 4*6
x: 4
y: 6
Solving node: 7*1
x: 7
y: 1
Solving node: 6:1
x: 6
y: 1
Solving node: 6*6
x: 6
y: 6
Solving node: 1+5
x: 1
y: 5
Solving node: 6-4
x: 6
y: 4
Solving node: 2+24
x: 2
y: 24
Solving node: 26-1
x: 26
y: 1
Solving node: 25+8
x: 25
y: 8
Solving node: 33-3
x: 33
y: 3
Solving node: 30+9
x: 30
y: 9
Solving node: 39-7
x: 39
y: 7
Solving node: 32+36
x: 32
y: 36
Difference: 68
Calculating: 1+1*5-4+4:1*6-1+8-3+9-7*1+6:1*6:2
Solving node: 1*5
x: 1
y: 5
Solving node: 4:1
x: 4
y: 1
Solving node: 4*6
x: 4
y: 6
Solving node: 7*1
x: 7
y: 1
Solving node: 6:1
x: 6
y: 1
Solving node: 6*6
x: 6
y: 6
Solving node: 36:2
x: 36
y: 2
Solving node: 1+5
x: 1
y: 5
Solving node: 6-4
x: 6
y: 4
Solving node: 2+24
x: 2
y: 24
Solving node: 26-1
x: 26
y: 1
Solving node: 25+8
x: 25
y: 8
Solving node: 33-3
x: 33
y: 3
Solving node: 30+9
x: 30
y: 9
Solving node: 39-7
x: 39
y: 7
Solving node: 32+18
x: 32
y: 18
Originallösung: 1+1*5-4+4:1*6-1+8-3+9-7*1+6:1*6:2 = 50
[86/100] 1+1*5-4+4:1*6-1+8-3+9-7*1+6:1*6:2
Testing equation: 1+1*5-4+4:1*6-1+8-3+9-7*1+6:1*6:2
Checking node: 1*5
Solving node: 1*5
x: 1
y: 5
Checking node: 4:1
Solving node: 4:1
x: 4
y: 1
Checking node: 4*6
Solving node: 4*6
x: 4
y: 6
Checking node: 7*1
Solving node: 7*1
x: 7
y: 1
Checking node: 6:1
Solving node: 6:1
x: 6
y: 1
Checking node: 6*6
Solving node: 6*6
x: 6
y: 6
Checking node: 36:2
Solving node: 36:2
x: 36
y: 2
Checking node: 1+5
Solving node: 1+5
x: 1
y: 5
Checking node: 6-4
Solving node: 6-4
x: 6
y: 4
Checking node: 2+24
Solving node: 2+24
x: 2
y: 24
Checking node: 26-1
Solving node: 26-1
x: 26
y: 1
Checking node: 25+8
Solving node: 25+8
x: 25
y: 8
Checking node: 33-3
Solving node: 33-3
x: 33
y: 3
Checking node: 30+9
Solving node: 30+9
x: 30
y: 9
Checking node: 39-7
Solving node: 39-7
x: 39
y: 7
Checking node: 32+18
Solving node: 32+18
x: 32
y: 18
Checking node: 1+1
Checking node: 1*5
Checking node: 5-4
Checking node: 4+4
Checking node: 4:1
Checking node: 1*6
Checking node: 6-1
Checking node: 1+8
Checking node: 8-3
Checking node: 3+9
Checking node: 9-7
Checking node: 7*1
Checking node: 1+6
Checking node: 6:1
Checking node: 1*6
Checking node: 6:2
Difference: 4
Calculating: 4+8
Solving node: 4+8
x: 4
y: 8
Solving node: 4+8
x: 4
y: 8
Difference: 12
Calculating: 4+8:1
Solving node: 8:1
x: 8
y: 1
Solving node: 4+8
x: 4
y: 8
Solving node: 8:1
x: 8
y: 1
Solving node: 8:1
x: 8
y: 1
Solving node: 4+8
x: 4
y: 8
Difference: 12
Using default bounds (multiplication)
Calculating: 4+8:1*1
Solving node: 8:1
x: 8
y: 1
Solving node: 8*1
x: 8
y: 1
Solving node: 4+8
x: 4
y: 8
Solving node: 8:1
x: 8
y: 1
Solving node: 8*1
x: 8
y: 1
Solving node: 8:1
x: 8
y: 1
Solving node: 8*1
x: 8
y: 1
Solving node: 4+8
x: 4
y: 8
Difference: 12
Calculating: 4+8:1*1+7
Solving node: 8:1
x: 8
y: 1
Solving node: 8*1
x: 8
y: 1
Solving node: 4+8
x: 4
y: 8
Solving node: 12+7
x: 12
y: 7
Solving node: 8:1
x: 8
y: 1
Solving node: 8*1
x: 8
y: 1
Solving node: 8:1
x: 8
y: 1
Solving node: 8*1
x: 8
y: 1
Solving node: 4+8
x: 4
y: 8
Solving node: 12+7
x: 12
y: 7
Difference: 19
Last: 7; Last sum: 7
Calculating: 4+8:1*1+7-4
Solving node: 8:1
x: 8
y: 1
Solving node: 8*1
x: 8
y: 1
Solving node: 4+8
x: 4
y: 8
Solving node: 12+7
x: 12
y: 7
Solving node: 19-4
x: 19
y: 4
Solving node: 8:1
x: 8
y: 1
Solving node: 8*1
x: 8
y: 1
Solving node: 4+8
x: 4
y: 8
Solving node: 12+7
x: 12
y: 7
Solving node: 19-4
x: 19
y: 4
Solving node: 8:1
x: 8
y: 1
Solving node: 8*1
x: 8
y: 1
Solving node: 4+8
x: 4
y: 8
Solving node: 12+7
x: 12
y: 7
Difference: 19-4
Calculating: 4+8:1*1+7-4+3
Solving node: 8:1
x: 8
y: 1
Solving node: 8*1
x: 8
y: 1
Solving node: 4+8
x: 4
y: 8
Solving node: 12+7
x: 12
y: 7
Solving node: 19-4
x: 19
y: 4
Solving node: 15+3
x: 15
y: 3
Solving node: 8:1
x: 8
y: 1
Solving node: 8*1
x: 8
y: 1
Solving node: 4+8
x: 4
y: 8
Solving node: 12+7
x: 12
y: 7
Solving node: 19-4
x: 19
y: 4
Solving node: 8:1
x: 8
y: 1
Solving node: 8*1
x: 8
y: 1
Solving node: 4+8
x: 4
y: 8
Solving node: 12+7
x: 12
y: 7
Solving node: 19-4
x: 19
y: 4
Solving node: 15+3
x: 15
y: 3
Difference: 18
Last: 3; Last sum: 3
Calculating: 4+8:1*1+7-4+3-1
Solving node: 8:1
x: 8
y: 1
Solving node: 8*1
x: 8
y: 1
Solving node: 4+8
x: 4
y: 8
Solving node: 12+7
x: 12
y: 7
Solving node: 19-4
x: 19
y: 4
Solving node: 15+3
x: 15
y: 3
Solving node: 18-1
x: 18
y: 1
Solving node: 8:1
x: 8
y: 1
Solving node: 8*1
x: 8
y: 1
Solving node: 4+8
x: 4
y: 8
Solving node: 12+7
x: 12
y: 7
Solving node: 19-4
x: 19
y: 4
Solving node: 15+3
x: 15
y: 3
Solving node: 18-1
x: 18
y: 1
Solving node: 8:1
x: 8
y: 1
Solving node: 8*1
x: 8
y: 1
Solving node: 4+8
x: 4
y: 8
Solving node: 12+7
x: 12
y: 7
Solving node: 19-4
x: 19
y: 4
Solving node: 15+3
x: 15
y: 3
Difference: 18-1
Calculating: 4+8:1*1+7-4+3-1+2
Solving node: 8:1
x: 8
y: 1
Solving node: 8*1
x: 8
y: 1
Solving node: 4+8
x: 4
y: 8
Solving node: 12+7
x: 12
y: 7
Solving node: 19-4
x: 19
y: 4
Solving node: 15+3
x: 15
y: 3
Solving node: 18-1
x: 18
y: 1
Solving node: 17+2
x: 17
y: 2
Solving node: 8:1
x: 8
y: 1
Solving node: 8*1
x: 8
y: 1
Solving node: 4+8
x: 4
y: 8
Solving node: 12+7
x: 12
y: 7
Solving node: 19-4
x: 19
y: 4
Solving node: 15+3
x: 15
y: 3
Solving node: 18-1
x: 18
y: 1
Solving node: 8:1
x: 8
y: 1
Solving node: 8*1
x: 8
y: 1
Solving node: 4+8
x: 4
y: 8
Solving node: 12+7
x: 12
y: 7
Solving node: 19-4
x: 19
y: 4
Solving node: 15+3
x: 15
y: 3
Solving node: 18-1
x: 18
y: 1
Solving node: 17+2
x: 17
y: 2
Difference: 19
Using default bounds (multiplication)
Calculating: 4+8:1*1+7-4+3-1+2*1
Solving node: 8:1
x: 8
y: 1
Solving node: 8*1
x: 8
y: 1
Solving node: 2*1
x: 2
y: 1
Solving node: 4+8
x: 4
y: 8
Solving node: 12+7
x: 12
y: 7
Solving node: 19-4
x: 19
y: 4
Solving node: 15+3
x: 15
y: 3
Solving node: 18-1
x: 18
y: 1
Solving node: 17+2
x: 17
y: 2
Solving node: 8:1
x: 8
y: 1
Solving node: 8*1
x: 8
y: 1
Solving node: 2*1
x: 2
y: 1
Solving node: 4+8
x: 4
y: 8
Solving node: 12+7
x: 12
y: 7
Solving node: 19-4
x: 19
y: 4
Solving node: 15+3
x: 15
y: 3
Solving node: 18-1
x: 18
y: 1
Solving node: 8:1
x: 8
y: 1
Solving node: 8*1
x: 8
y: 1
Solving node: 2*1
x: 2
y: 1
Solving node: 4+8
x: 4
y: 8
Solving node: 12+7
x: 12
y: 7
Solving node: 19-4
x: 19
y: 4
Solving node: 15+3
x: 15
y: 3
Solving node: 18-1
x: 18
y: 1
Solving node: 17+2
x: 17
y: 2
Difference: 19
Calculating: 4+8:1*1+7-4+3-1+2*1+2
Solving node: 8:1
x: 8
y: 1
Solving node: 8*1
x: 8
y: 1
Solving node: 2*1
x: 2
y: 1
Solving node: 4+8
x: 4
y: 8
Solving node: 12+7
x: 12
y: 7
Solving node: 19-4
x: 19
y: 4
Solving node: 15+3
x: 15
y: 3
Solving node: 18-1
x: 18
y: 1
Solving node: 17+2
x: 17
y: 2
Solving node: 19+2
x: 19
y: 2
Solving node: 8:1
x: 8
y: 1
Solving node: 8*1
x: 8
y: 1
Solving node: 2*1
x: 2
y: 1
Solving node: 4+8
x: 4
y: 8
Solving node: 12+7
x: 12
y: 7
Solving node: 19-4
x: 19
y: 4
Solving node: 15+3
x: 15
y: 3
Solving node: 18-1
x: 18
y: 1
Solving node: 8:1
x: 8
y: 1
Solving node: 8*1
x: 8
y: 1
Solving node: 2*1
x: 2
y: 1
Solving node: 4+8
x: 4
y: 8
Solving node: 12+7
x: 12
y: 7
Solving node: 19-4
x: 19
y: 4
Solving node: 15+3
x: 15
y: 3
Solving node: 18-1
x: 18
y: 1
Solving node: 17+2
x: 17
y: 2
Solving node: 19+2
x: 19
y: 2
Difference: 21
Using default bounds (multiplication)
Calculating: 4+8:1*1+7-4+3-1+2*1+2*8
Solving node: 8:1
x: 8
y: 1
Solving node: 8*1
x: 8
y: 1
Solving node: 2*1
x: 2
y: 1
Solving node: 2*8
x: 2
y: 8
Solving node: 4+8
x: 4
y: 8
Solving node: 12+7
x: 12
y: 7
Solving node: 19-4
x: 19
y: 4
Solving node: 15+3
x: 15
y: 3
Solving node: 18-1
x: 18
y: 1
Solving node: 17+2
x: 17
y: 2
Solving node: 19+16
x: 19
y: 16
Solving node: 8:1
x: 8
y: 1
Solving node: 8*1
x: 8
y: 1
Solving node: 2*1
x: 2
y: 1
Solving node: 2*8
x: 2
y: 8
Solving node: 4+8
x: 4
y: 8
Solving node: 12+7
x: 12
y: 7
Solving node: 19-4
x: 19
y: 4
Solving node: 15+3
x: 15
y: 3
Solving node: 18-1
x: 18
y: 1
Solving node: 8:1
x: 8
y: 1
Solving node: 8*1
x: 8
y: 1
Solving node: 2*1
x: 2
y: 1
Solving node: 2*8
x: 2
y: 8
Solving node: 4+8
x: 4
y: 8
Solving node: 12+7
x: 12
y: 7
Solving node: 19-4
x: 19
y: 4
Solving node: 15+3
x: 15
y: 3
Solving node: 18-1
x: 18
y: 1
Solving node: 17+2
x: 17
y: 2
Solving node: 19+16
x: 19
y: 16
Difference: 35
Calculating: 4+8:1*1+7-4+3-1+2*1+2*8:4
Solving node: 8:1
x: 8
y: 1
Solving node: 8*1
x: 8
y: 1
Solving node: 2*1
x: 2
y: 1
Solving node: 2*8
x: 2
y: 8
Solving node: 16:4
x: 16
y: 4
Solving node: 4+8
x: 4
y: 8
Solving node: 12+7
x: 12
y: 7
Solving node: 19-4
x: 19
y: 4
Solving node: 15+3
x: 15
y: 3
Solving node: 18-1
x: 18
y: 1
Solving node: 17+2
x: 17
y: 2
Solving node: 19+4
x: 19
y: 4
Solving node: 8:1
x: 8
y: 1
Solving node: 8*1
x: 8
y: 1
Solving node: 2*1
x: 2
y: 1
Solving node: 2*8
x: 2
y: 8
Solving node: 16:4
x: 16
y: 4
Solving node: 4+8
x: 4
y: 8
Solving node: 12+7
x: 12
y: 7
Solving node: 19-4
x: 19
y: 4
Solving node: 15+3
x: 15
y: 3
Solving node: 18-1
x: 18
y: 1
Solving node: 8:1
x: 8
y: 1
Solving node: 8*1
x: 8
y: 1
Solving node: 2*1
x: 2
y: 1
Solving node: 2*8
x: 2
y: 8
Solving node: 16:4
x: 16
y: 4
Solving node: 4+8
x: 4
y: 8
Solving node: 12+7
x: 12
y: 7
Solving node: 19-4
x: 19
y: 4
Solving node: 15+3
x: 15
y: 3
Solving node: 18-1
x: 18
y: 1
Solving node: 17+2
x: 17
y: 2
Solving node: 19+4
x: 19
y: 4
Difference: 23
Last: 4; Last sum: 4
Calculating: 4+8:1*1+7-4+3-1+2*1+2*8:4-3
Solving node: 8:1
x: 8
y: 1
Solving node: 8*1
x: 8
y: 1
Solving node: 2*1
x: 2
y: 1
Solving node: 2*8
x: 2
y: 8
Solving node: 16:4
x: 16
y: 4
Solving node: 4+8
x: 4
y: 8
Solving node: 12+7
x: 12
y: 7
Solving node: 19-4
x: 19
y: 4
Solving node: 15+3
x: 15
y: 3
Solving node: 18-1
x: 18
y: 1
Solving node: 17+2
x: 17
y: 2
Solving node: 19+4
x: 19
y: 4
Solving node: 23-3
x: 23
y: 3
Solving node: 8:1
x: 8
y: 1
Solving node: 8*1
x: 8
y: 1
Solving node: 2*1
x: 2
y: 1
Solving node: 2*8
x: 2
y: 8
Solving node: 16:4
x: 16
y: 4
Solving node: 4+8
x: 4
y: 8
Solving node: 12+7
x: 12
y: 7
Solving node: 19-4
x: 19
y: 4
Solving node: 15+3
x: 15
y: 3
Solving node: 18-1
x: 18
y: 1
Solving node: 17+2
x: 17
y: 2
Solving node: 19+4
x: 19
y: 4
Solving node: 23-3
x: 23
y: 3
Solving node: 8:1
x: 8
y: 1
Solving node: 8*1
x: 8
y: 1
Solving node: 2*1
x: 2
y: 1
Solving node: 2*8
x: 2
y: 8
Solving node: 16:4
x: 16
y: 4
Solving node: 4+8
x: 4
y: 8
Solving node: 12+7
x: 12
y: 7
Solving node: 19-4
x: 19
y: 4
Solving node: 15+3
x: 15
y: 3
Solving node: 18-1
x: 18
y: 1
Solving node: 17+2
x: 17
y: 2
Solving node: 19+4
x: 19
y: 4
Difference: 23-3
Calculating: 4+8:1*1+7-4+3-1+2*1+2*8:4-3+5
Solving node: 8:1
x: 8
y: 1
Solving node: 8*1
x: 8
y: 1
Solving node: 2*1
x: 2
y: 1
Solving node: 2*8
x: 2
y: 8
Solving node: 16:4
x: 16
y: 4
Solving node: 4+8
x: 4
y: 8
Solving node: 12+7
x: 12
y: 7
Solving node: 19-4
x: 19
y: 4
Solving node: 15+3
x: 15
y: 3
Solving node: 18-1
x: 18
y: 1
Solving node: 17+2
x: 17
y: 2
Solving node: 19+4
x: 19
y: 4
Solving node: 23-3
x: 23
y: 3
Solving node: 20+5
x: 20
y: 5
Solving node: 8:1
x: 8
y: 1
Solving node: 8*1
x: 8
y: 1
Solving node: 2*1
x: 2
y: 1
Solving node: 2*8
x: 2
y: 8
Solving node: 16:4
x: 16
y: 4
Solving node: 4+8
x: 4
y: 8
Solving node: 12+7
x: 12
y: 7
Solving node: 19-4
x: 19
y: 4
Solving node: 15+3
x: 15
y: 3
Solving node: 18-1
x: 18
y: 1
Solving node: 17+2
x: 17
y: 2
Solving node: 19+4
x: 19
y: 4
Solving node: 23-3
x: 23
y: 3
Solving node: 8:1
x: 8
y: 1
Solving node: 8*1
x: 8
y: 1
Solving node: 2*1
x: 2
y: 1
Solving node: 2*8
x: 2
y: 8
Solving node: 16:4
x: 16
y: 4
Solving node: 4+8
x: 4
y: 8
Solving node: 12+7
x: 12
y: 7
Solving node: 19-4
x: 19
y: 4
Solving node: 15+3
x: 15
y: 3
Solving node: 18-1
x: 18
y: 1
Solving node: 17+2
x: 17
y: 2
Solving node: 19+4
x: 19
y: 4
Solving node: 23-3
x: 23
y: 3
Solving node: 20+5
x: 20
y: 5
Difference: 25
Last: 5; Last sum: 5
Calculating: 4+8:1*1+7-4+3-1+2*1+2*8:4-3+5-3
Solving node: 8:1
x: 8
y: 1
Solving node: 8*1
x: 8
y: 1
Solving node: 2*1
x: 2
y: 1
Solving node: 2*8
x: 2
y: 8
Solving node: 16:4
x: 16
y: 4
Solving node: 4+8
x: 4
y: 8
Solving node: 12+7
x: 12
y: 7
Solving node: 19-4
x: 19
y: 4
Solving node: 15+3
x: 15
y: 3
Solving node: 18-1
x: 18
y: 1
Solving node: 17+2
x: 17
y: 2
Solving node: 19+4
x: 19
y: 4
Solving node: 23-3
x: 23
y: 3
Solving node: 20+5
x: 20
y: 5
Solving node: 25-3
x: 25
y: 3
Solving node: 8:1
x: 8
y: 1
Solving node: 8*1
x: 8
y: 1
Solving node: 2*1
x: 2
y: 1
Solving node: 2*8
x: 2
y: 8
Solving node: 16:4
x: 16
y: 4
Solving node: 4+8
x: 4
y: 8
Solving node: 12+7
x: 12
y: 7
Solving node: 19-4
x: 19
y: 4
Solving node: 15+3
x: 15
y: 3
Solving node: 18-1
x: 18
y: 1
Solving node: 17+2
x: 17
y: 2
Solving node: 19+4
x: 19
y: 4
Solving node: 23-3
x: 23
y: 3
Solving node: 20+5
x: 20
y: 5
Solving node: 25-3
x: 25
y: 3
Solving node: 8:1
x: 8
y: 1
Solving node: 8*1
x: 8
y: 1
Solving node: 2*1
x: 2
y: 1
Solving node: 2*8
x: 2
y: 8
Solving node: 16:4
x: 16
y: 4
Solving node: 4+8
x: 4
y: 8
Solving node: 12+7
x: 12
y: 7
Solving node: 19-4
x: 19
y: 4
Solving node: 15+3
x: 15
y: 3
Solving node: 18-1
x: 18
y: 1
Solving node: 17+2
x: 17
y: 2
Solving node: 19+4
x: 19
y: 4
Solving node: 23-3
x: 23
y: 3
Solving node: 20+5
x: 20
y: 5
Difference: 25-3
Calculating: 4+8:1*1+7-4+3-1+2*1+2*8:4-3+5-3+5
Solving node: 8:1
x: 8
y: 1
Solving node: 8*1
x: 8
y: 1
Solving node: 2*1
x: 2
y: 1
Solving node: 2*8
x: 2
y: 8
Solving node: 16:4
x: 16
y: 4
Solving node: 4+8
x: 4
y: 8
Solving node: 12+7
x: 12
y: 7
Solving node: 19-4
x: 19
y: 4
Solving node: 15+3
x: 15
y: 3
Solving node: 18-1
x: 18
y: 1
Solving node: 17+2
x: 17
y: 2
Solving node: 19+4
x: 19
y: 4
Solving node: 23-3
x: 23
y: 3
Solving node: 20+5
x: 20
y: 5
Solving node: 25-3
x: 25
y: 3
Solving node: 22+5
x: 22
y: 5
Originallösung: 4+8:1*1+7-4+3-1+2*1+2*8:4-3+5-3+5 = 27
[87/100] 4+8:1*1+7-4+3-1+2*1+2*8:4-3+5-3+5
Testing equation: 4+8:1*1+7-4+3-1+2*1+2*8:4-3+5-3+5
Checking node: 8:1
Solving node: 8:1
x: 8
y: 1
Checking node: 8*1
Solving node: 8*1
x: 8
y: 1
Checking node: 2*1
Solving node: 2*1
x: 2
y: 1
Checking node: 2*8
Solving node: 2*8
x: 2
y: 8
Checking node: 16:4
Solving node: 16:4
x: 16
y: 4
Checking node: 4+8
Solving node: 4+8
x: 4
y: 8
Checking node: 12+7
Solving node: 12+7
x: 12
y: 7
Checking node: 19-4
Solving node: 19-4
x: 19
y: 4
Checking node: 15+3
Solving node: 15+3
x: 15
y: 3
Checking node: 18-1
Solving node: 18-1
x: 18
y: 1
Checking node: 17+2
Solving node: 17+2
x: 17
y: 2
Checking node: 19+4
Solving node: 19+4
x: 19
y: 4
Checking node: 23-3
Solving node: 23-3
x: 23
y: 3
Checking node: 20+5
Solving node: 20+5
x: 20
y: 5
Checking node: 25-3
Solving node: 25-3
x: 25
y: 3
Checking node: 22+5
Solving node: 22+5
x: 22
y: 5
Checking node: 4+8
Checking node: 8:1
Checking node: 1*1
Checking node: 1+7
Checking node: 7-4
Checking node: 4+3
Checking node: 3-1
Checking node: 1+2
Checking node: 2*1
Checking node: 1+2
Checking node: 2*8
Checking node: 8:4
Checking node: 4-3
Checking node: 3+5
Checking node: 5-3
Checking node: 3+5
Difference: 4
Calculating: 4+8
Solving node: 4+8
x: 4
y: 8
Solving node: 4+8
x: 4
y: 8
Difference: 12
Using default bounds (multiplication)
Calculating: 4+8*9
Solving node: 8*9
x: 8
y: 9
Solving node: 4+72
x: 4
y: 72
Solving node: 8*9
x: 8
y: 9
Solving node: 8*9
x: 8
y: 9
Solving node: 4+72
x: 4
y: 72
Difference: 76
Calculating: 4+8*9+5
Solving node: 8*9
x: 8
y: 9
Solving node: 4+72
x: 4
y: 72
Solving node: 76+5
x: 76
y: 5
Solving node: 8*9
x: 8
y: 9
Solving node: 8*9
x: 8
y: 9
Solving node: 4+72
x: 4
y: 72
Solving node: 76+5
x: 76
y: 5
Difference: 81
Using default bounds (multiplication)
Calculating: 4+8*9+5*1
Solving node: 8*9
x: 8
y: 9
Solving node: 5*1
x: 5
y: 1
Solving node: 4+72
x: 4
y: 72
Solving node: 76+5
x: 76
y: 5
Solving node: 8*9
x: 8
y: 9
Solving node: 5*1
x: 5
y: 1
Solving node: 8*9
x: 8
y: 9
Solving node: 5*1
x: 5
y: 1
Solving node: 4+72
x: 4
y: 72
Solving node: 76+5
x: 76
y: 5
Difference: 81
Calculating: 4+8*9+5*1+2
Solving node: 8*9
x: 8
y: 9
Solving node: 5*1
x: 5
y: 1
Solving node: 4+72
x: 4
y: 72
Solving node: 76+5
x: 76
y: 5
Solving node: 81+2
x: 81
y: 2
Solving node: 8*9
x: 8
y: 9
Solving node: 5*1
x: 5
y: 1
Solving node: 8*9
x: 8
y: 9
Solving node: 5*1
x: 5
y: 1
Solving node: 4+72
x: 4
y: 72
Solving node: 76+5
x: 76
y: 5
Solving node: 81+2
x: 81
y: 2
Difference: 83
Using default bounds (multiplication)
Calculating: 4+8*9+5*1+2*1
Solving node: 8*9
x: 8
y: 9
Solving node: 5*1
x: 5
y: 1
Solving node: 2*1
x: 2
y: 1
Solving node: 4+72
x: 4
y: 72
Solving node: 76+5
x: 76
y: 5
Solving node: 81+2
x: 81
y: 2
Solving node: 8*9
x: 8
y: 9
Solving node: 5*1
x: 5
y: 1
Solving node: 2*1
x: 2
y: 1
Solving node: 8*9
x: 8
y: 9
Solving node: 5*1
x: 5
y: 1
Solving node: 2*1
x: 2
y: 1
Solving node: 4+72
x: 4
y: 72
Solving node: 76+5
x: 76
y: 5
Solving node: 81+2
x: 81
y: 2
Difference: 83
Calculating: 4+8*9+5*1+2*1+7
Solving node: 8*9
x: 8
y: 9
Solving node: 5*1
x: 5
y: 1
Solving node: 2*1
x: 2
y: 1
Solving node: 4+72
x: 4
y: 72
Solving node: 76+5
x: 76
y: 5
Solving node: 81+2
x: 81
y: 2
Solving node: 83+7
x: 83
y: 7
Solving node: 8*9
x: 8
y: 9
Solving node: 5*1
x: 5
y: 1
Solving node: 2*1
x: 2
y: 1
Solving node: 8*9
x: 8
y: 9
Solving node: 5*1
x: 5
y: 1
Solving node: 2*1
x: 2
y: 1
Solving node: 4+72
x: 4
y: 72
Solving node: 76+5
x: 76
y: 5
Solving node: 81+2
x: 81
y: 2
Solving node: 83+7
x: 83
y: 7
Difference: 90
Last: 7; Last sum: 7
Calculating: 4+8*9+5*1+2*1+7-1
Solving node: 8*9
x: 8
y: 9
Solving node: 5*1
x: 5
y: 1
Solving node: 2*1
x: 2
y: 1
Solving node: 4+72
x: 4
y: 72
Solving node: 76+5
x: 76
y: 5
Solving node: 81+2
x: 81
y: 2
Solving node: 83+7
x: 83
y: 7
Solving node: 90-1
x: 90
y: 1
Solving node: 8*9
x: 8
y: 9
Solving node: 5*1
x: 5
y: 1
Solving node: 2*1
x: 2
y: 1
Solving node: 4+72
x: 4
y: 72
Solving node: 76+5
x: 76
y: 5
Solving node: 81+2
x: 81
y: 2
Solving node: 83+7
x: 83
y: 7
Solving node: 90-1
x: 90
y: 1
Solving node: 8*9
x: 8
y: 9
Solving node: 5*1
x: 5
y: 1
Solving node: 2*1
x: 2
y: 1
Solving node: 4+72
x: 4
y: 72
Solving node: 76+5
x: 76
y: 5
Solving node: 81+2
x: 81
y: 2
Solving node: 83+7
x: 83
y: 7
Difference: 90-1
Calculating bounds (multiplication)
Previous index: -1 | Last operator index: 2
Upper bound: 1
Solving node: 8*9
x: 8
y: 9
Solving node: 5*1
x: 5
y: 1
Solving node: 2*1
x: 2
y: 1
Solving node: 4+72
x: 4
y: 72
Solving node: 76+5
x: 76
y: 5
Solving node: 81+2
x: 81
y: 2
Solving node: 83+7
x: 83
y: 7
Solving node: 90-1
x: 90
y: 1
Solving node: 8*9
x: 8
y: 9
Solving node: 5*1
x: 5
y: 1
Solving node: 2*1
x: 2
y: 1
Solving node: 4+72
x: 4
y: 72
Solving node: 76+5
x: 76
y: 5
Solving node: 81+2
x: 81
y: 2
Solving node: 83+7
x: 83
y: 7
Difference: 90-1
Calculating: 4+8*9+5*1+2*1+7-1+1
Solving node: 8*9
x: 8
y: 9
Solving node: 5*1
x: 5
y: 1
Solving node: 2*1
x: 2
y: 1
Solving node: 4+72
x: 4
y: 72
Solving node: 76+5
x: 76
y: 5
Solving node: 81+2
x: 81
y: 2
Solving node: 83+7
x: 83
y: 7
Solving node: 90-1
x: 90
y: 1
Solving node: 89+1
x: 89
y: 1
Solving node: 8*9
x: 8
y: 9
Solving node: 5*1
x: 5
y: 1
Solving node: 2*1
x: 2
y: 1
Solving node: 4+72
x: 4
y: 72
Solving node: 76+5
x: 76
y: 5
Solving node: 81+2
x: 81
y: 2
Solving node: 83+7
x: 83
y: 7
Solving node: 90-1
x: 90
y: 1
Solving node: 8*9
x: 8
y: 9
Solving node: 5*1
x: 5
y: 1
Solving node: 2*1
x: 2
y: 1
Solving node: 4+72
x: 4
y: 72
Solving node: 76+5
x: 76
y: 5
Solving node: 81+2
x: 81
y: 2
Solving node: 83+7
x: 83
y: 7
Solving node: 90-1
x: 90
y: 1
Solving node: 89+1
x: 89
y: 1
Difference: 90
Using default bounds (multiplication)
Calculating: 4+8*9+5*1+2*1+7-1+1*7
Solving node: 8*9
x: 8
y: 9
Solving node: 5*1
x: 5
y: 1
Solving node: 2*1
x: 2
y: 1
Solving node: 1*7
x: 1
y: 7
Solving node: 4+72
x: 4
y: 72
Solving node: 76+5
x: 76
y: 5
Solving node: 81+2
x: 81
y: 2
Solving node: 83+7
x: 83
y: 7
Solving node: 90-1
x: 90
y: 1
Solving node: 89+7
x: 89
y: 7
Solving node: 8*9
x: 8
y: 9
Solving node: 5*1
x: 5
y: 1
Solving node: 2*1
x: 2
y: 1
Solving node: 1*7
x: 1
y: 7
Solving node: 4+72
x: 4
y: 72
Solving node: 76+5
x: 76
y: 5
Solving node: 81+2
x: 81
y: 2
Solving node: 83+7
x: 83
y: 7
Solving node: 90-1
x: 90
y: 1
Solving node: 8*9
x: 8
y: 9
Solving node: 5*1
x: 5
y: 1
Solving node: 2*1
x: 2
y: 1
Solving node: 1*7
x: 1
y: 7
Solving node: 4+72
x: 4
y: 72
Solving node: 76+5
x: 76
y: 5
Solving node: 81+2
x: 81
y: 2
Solving node: 83+7
x: 83
y: 7
Solving node: 90-1
x: 90
y: 1
Solving node: 89+7
x: 89
y: 7
Difference: 96
Last: 7; Last sum: 7
Calculating: 4+8*9+5*1+2*1+7-1+1*7-2
Solving node: 8*9
x: 8
y: 9
Solving node: 5*1
x: 5
y: 1
Solving node: 2*1
x: 2
y: 1
Solving node: 1*7
x: 1
y: 7
Solving node: 4+72
x: 4
y: 72
Solving node: 76+5
x: 76
y: 5
Solving node: 81+2
x: 81
y: 2
Solving node: 83+7
x: 83
y: 7
Solving node: 90-1
x: 90
y: 1
Solving node: 89+7
x: 89
y: 7
Solving node: 96-2
x: 96
y: 2
Solving node: 8*9
x: 8
y: 9
Solving node: 5*1
x: 5
y: 1
Solving node: 2*1
x: 2
y: 1
Solving node: 1*7
x: 1
y: 7
Solving node: 4+72
x: 4
y: 72
Solving node: 76+5
x: 76
y: 5
Solving node: 81+2
x: 81
y: 2
Solving node: 83+7
x: 83
y: 7
Solving node: 90-1
x: 90
y: 1
Solving node: 89+7
x: 89
y: 7
Solving node: 96-2
x: 96
y: 2
Solving node: 8*9
x: 8
y: 9
Solving node: 5*1
x: 5
y: 1
Solving node: 2*1
x: 2
y: 1
Solving node: 1*7
x: 1
y: 7
Solving node: 4+72
x: 4
y: 72
Solving node: 76+5
x: 76
y: 5
Solving node: 81+2
x: 81
y: 2
Solving node: 83+7
x: 83
y: 7
Solving node: 90-1
x: 90
y: 1
Solving node: 89+7
x: 89
y: 7
Difference: 96-2
Calculating bounds (multiplication)
Previous index: -1 | Last operator index: 2
Upper bound: 2
Calculating: 4+8*9+5*1+2*1+7-1+1*7-2*1
Solving node: 8*9
x: 8
y: 9
Solving node: 5*1
x: 5
y: 1
Solving node: 2*1
x: 2
y: 1
Solving node: 1*7
x: 1
y: 7
Solving node: 2*1
x: 2
y: 1
Solving node: 4+72
x: 4
y: 72
Solving node: 76+5
x: 76
y: 5
Solving node: 81+2
x: 81
y: 2
Solving node: 83+7
x: 83
y: 7
Solving node: 90-1
x: 90
y: 1
Solving node: 89+7
x: 89
y: 7
Solving node: 96-2
x: 96
y: 2
Solving node: 8*9
x: 8
y: 9
Solving node: 5*1
x: 5
y: 1
Solving node: 2*1
x: 2
y: 1
Solving node: 1*7
x: 1
y: 7
Solving node: 2*1
x: 2
y: 1
Solving node: 4+72
x: 4
y: 72
Solving node: 76+5
x: 76
y: 5
Solving node: 81+2
x: 81
y: 2
Solving node: 83+7
x: 83
y: 7
Solving node: 90-1
x: 90
y: 1
Solving node: 89+7
x: 89
y: 7
Solving node: 96-2
x: 96
y: 2
Solving node: 8*9
x: 8
y: 9
Solving node: 5*1
x: 5
y: 1
Solving node: 2*1
x: 2
y: 1
Solving node: 1*7
x: 1
y: 7
Solving node: 2*1
x: 2
y: 1
Solving node: 4+72
x: 4
y: 72
Solving node: 76+5
x: 76
y: 5
Solving node: 81+2
x: 81
y: 2
Solving node: 83+7
x: 83
y: 7
Solving node: 90-1
x: 90
y: 1
Solving node: 89+7
x: 89
y: 7
Difference: 96-2
Calculating: 4+8*9+5*1+2*1+7-1+1*7-2*1+1
Solving node: 8*9
x: 8
y: 9
Solving node: 5*1
x: 5
y: 1
Solving node: 2*1
x: 2
y: 1
Solving node: 1*7
x: 1
y: 7
Solving node: 2*1
x: 2
y: 1
Solving node: 4+72
x: 4
y: 72
Solving node: 76+5
x: 76
y: 5
Solving node: 81+2
x: 81
y: 2
Solving node: 83+7
x: 83
y: 7
Solving node: 90-1
x: 90
y: 1
Solving node: 89+7
x: 89
y: 7
Solving node: 96-2
x: 96
y: 2
Solving node: 94+1
x: 94
y: 1
Solving node: 8*9
x: 8
y: 9
Solving node: 5*1
x: 5
y: 1
Solving node: 2*1
x: 2
y: 1
Solving node: 1*7
x: 1
y: 7
Solving node: 2*1
x: 2
y: 1
Solving node: 4+72
x: 4
y: 72
Solving node: 76+5
x: 76
y: 5
Solving node: 81+2
x: 81
y: 2
Solving node: 83+7
x: 83
y: 7
Solving node: 90-1
x: 90
y: 1
Solving node: 89+7
x: 89
y: 7
Solving node: 96-2
x: 96
y: 2
Solving node: 8*9
x: 8
y: 9
Solving node: 5*1
x: 5
y: 1
Solving node: 2*1
x: 2
y: 1
Solving node: 1*7
x: 1
y: 7
Solving node: 2*1
x: 2
y: 1
Solving node: 4+72
x: 4
y: 72
Solving node: 76+5
x: 76
y: 5
Solving node: 81+2
x: 81
y: 2
Solving node: 83+7
x: 83
y: 7
Solving node: 90-1
x: 90
y: 1
Solving node: 89+7
x: 89
y: 7
Solving node: 96-2
x: 96
y: 2
Solving node: 94+1
x: 94
y: 1
Difference: 95
Using default bounds (multiplication)
Calculating: 4+8*9+5*1+2*1+7-1+1*7-2*1+1*1
Solving node: 8*9
x: 8
y: 9
Solving node: 5*1
x: 5
y: 1
Solving node: 2*1
x: 2
y: 1
Solving node: 1*7
x: 1
y: 7
Solving node: 2*1
x: 2
y: 1
Solving node: 1*1
x: 1
y: 1
Solving node: 4+72
x: 4
y: 72
Solving node: 76+5
x: 76
y: 5
Solving node: 81+2
x: 81
y: 2
Solving node: 83+7
x: 83
y: 7
Solving node: 90-1
x: 90
y: 1
Solving node: 89+7
x: 89
y: 7
Solving node: 96-2
x: 96
y: 2
Solving node: 94+1
x: 94
y: 1
Solving node: 8*9
x: 8
y: 9
Solving node: 5*1
x: 5
y: 1
Solving node: 2*1
x: 2
y: 1
Solving node: 1*7
x: 1
y: 7
Solving node: 2*1
x: 2
y: 1
Solving node: 1*1
x: 1
y: 1
Solving node: 4+72
x: 4
y: 72
Solving node: 76+5
x: 76
y: 5
Solving node: 81+2
x: 81
y: 2
Solving node: 83+7
x: 83
y: 7
Solving node: 90-1
x: 90
y: 1
Solving node: 89+7
x: 89
y: 7
Solving node: 96-2
x: 96
y: 2
Solving node: 8*9
x: 8
y: 9
Solving node: 5*1
x: 5
y: 1
Solving node: 2*1
x: 2
y: 1
Solving node: 1*7
x: 1
y: 7
Solving node: 2*1
x: 2
y: 1
Solving node: 1*1
x: 1
y: 1
Solving node: 4+72
x: 4
y: 72
Solving node: 76+5
x: 76
y: 5
Solving node: 81+2
x: 81
y: 2
Solving node: 83+7
x: 83
y: 7
Solving node: 90-1
x: 90
y: 1
Solving node: 89+7
x: 89
y: 7
Solving node: 96-2
x: 96
y: 2
Solving node: 94+1
x: 94
y: 1
Difference: 95
Calculating: 4+8*9+5*1+2*1+7-1+1*7-2*1+1*1+2
Solving node: 8*9
x: 8
y: 9
Solving node: 5*1
x: 5
y: 1
Solving node: 2*1
x: 2
y: 1
Solving node: 1*7
x: 1
y: 7
Solving node: 2*1
x: 2
y: 1
Solving node: 1*1
x: 1
y: 1
Solving node: 4+72
x: 4
y: 72
Solving node: 76+5
x: 76
y: 5
Solving node: 81+2
x: 81
y: 2
Solving node: 83+7
x: 83
y: 7
Solving node: 90-1
x: 90
y: 1
Solving node: 89+7
x: 89
y: 7
Solving node: 96-2
x: 96
y: 2
Solving node: 94+1
x: 94
y: 1
Solving node: 95+2
x: 95
y: 2
Solving node: 8*9
x: 8
y: 9
Solving node: 5*1
x: 5
y: 1
Solving node: 2*1
x: 2
y: 1
Solving node: 1*7
x: 1
y: 7
Solving node: 2*1
x: 2
y: 1
Solving node: 1*1
x: 1
y: 1
Solving node: 4+72
x: 4
y: 72
Solving node: 76+5
x: 76
y: 5
Solving node: 81+2
x: 81
y: 2
Solving node: 83+7
x: 83
y: 7
Solving node: 90-1
x: 90
y: 1
Solving node: 89+7
x: 89
y: 7
Solving node: 96-2
x: 96
y: 2
Solving node: 8*9
x: 8
y: 9
Solving node: 5*1
x: 5
y: 1
Solving node: 2*1
x: 2
y: 1
Solving node: 1*7
x: 1
y: 7
Solving node: 2*1
x: 2
y: 1
Solving node: 1*1
x: 1
y: 1
Solving node: 4+72
x: 4
y: 72
Solving node: 76+5
x: 76
y: 5
Solving node: 81+2
x: 81
y: 2
Solving node: 83+7
x: 83
y: 7
Solving node: 90-1
x: 90
y: 1
Solving node: 89+7
x: 89
y: 7
Solving node: 96-2
x: 96
y: 2
Solving node: 94+1
x: 94
y: 1
Solving node: 95+2
x: 95
y: 2
Difference: 97
Using default bounds (multiplication)
Calculating: 4+8*9+5*1+2*1+7-1+1*7-2*1+1*1+2*3
Solving node: 8*9
x: 8
y: 9
Solving node: 5*1
x: 5
y: 1
Solving node: 2*1
x: 2
y: 1
Solving node: 1*7
x: 1
y: 7
Solving node: 2*1
x: 2
y: 1
Solving node: 1*1
x: 1
y: 1
Solving node: 2*3
x: 2
y: 3
Solving node: 4+72
x: 4
y: 72
Solving node: 76+5
x: 76
y: 5
Solving node: 81+2
x: 81
y: 2
Solving node: 83+7
x: 83
y: 7
Solving node: 90-1
x: 90
y: 1
Solving node: 89+7
x: 89
y: 7
Solving node: 96-2
x: 96
y: 2
Solving node: 94+1
x: 94
y: 1
Solving node: 95+6
x: 95
y: 6
Originallösung: 4+8*9+5*1+2*1+7-1+1*7-2*1+1*1+2*3 = 101
[88/100] 4+8*9+5*1+2*1+7-1+1*7-2*1+1*1+2*3
Testing equation: 4+8*9+5*1+2*1+7-1+1*7-2*1+1*1+2*3
Checking node: 8*9
Solving node: 8*9
x: 8
y: 9
Checking node: 5*1
Solving node: 5*1
x: 5
y: 1
Checking node: 2*1
Solving node: 2*1
x: 2
y: 1
Checking node: 1*7
Solving node: 1*7
x: 1
y: 7
Checking node: 2*1
Solving node: 2*1
x: 2
y: 1
Checking node: 1*1
Solving node: 1*1
x: 1
y: 1
Checking node: 2*3
Solving node: 2*3
x: 2
y: 3
Checking node: 4+72
Solving node: 4+72
x: 4
y: 72
Checking node: 76+5
Solving node: 76+5
x: 76
y: 5
Checking node: 81+2
Solving node: 81+2
x: 81
y: 2
Checking node: 83+7
Solving node: 83+7
x: 83
y: 7
Checking node: 90-1
Solving node: 90-1
x: 90
y: 1
Checking node: 89+7
Solving node: 89+7
x: 89
y: 7
Checking node: 96-2
Solving node: 96-2
x: 96
y: 2
Checking node: 94+1
Solving node: 94+1
x: 94
y: 1
Checking node: 95+6
Solving node: 95+6
x: 95
y: 6
Checking node: 4+8
Checking node: 8*9
Checking node: 9+5
Checking node: 5*1
Checking node: 1+2
Checking node: 2*1
Checking node: 1+7
Checking node: 7-1
Checking node: 1+1
Checking node: 1*7
Checking node: 7-2
Checking node: 2*1
Checking node: 1+1
Checking node: 1*1
Checking node: 1+2
Checking node: 2*3
Difference: 3
Calculating: 3+7
Solving node: 3+7
x: 3
y: 7
Solving node: 3+7
x: 3
y: 7
Difference: 10
Last: 7; Last sum: 7
Calculating: 3+7-2
Solving node: 3+7
x: 3
y: 7
Solving node: 10-2
x: 10
y: 2
Solving node: 3+7
x: 3
y: 7
Solving node: 10-2
x: 10
y: 2
Solving node: 3+7
x: 3
y: 7
Difference: 10-2
Calculating bounds (multiplication)
Previous index: -1 | Last operator index: 2
Upper bound: 2
Calculating: 3+7-2*1
Solving node: 2*1
x: 2
y: 1
Solving node: 3+7
x: 3
y: 7
Solving node: 10-2
x: 10
y: 2
Solving node: 2*1
x: 2
y: 1
Solving node: 3+7
x: 3
y: 7
Solving node: 10-2
x: 10
y: 2
Solving node: 2*1
x: 2
y: 1
Solving node: 3+7
x: 3
y: 7
Difference: 10-2
Calculating: 3+7-2*1+9
Solving node: 2*1
x: 2
y: 1
Solving node: 3+7
x: 3
y: 7
Solving node: 10-2
x: 10
y: 2
Solving node: 8+9
x: 8
y: 9
Solving node: 2*1
x: 2
y: 1
Solving node: 3+7
x: 3
y: 7
Solving node: 10-2
x: 10
y: 2
Solving node: 2*1
x: 2
y: 1
Solving node: 3+7
x: 3
y: 7
Solving node: 10-2
x: 10
y: 2
Solving node: 8+9
x: 8
y: 9
Difference: 17
Using default bounds (multiplication)
Calculating: 3+7-2*1+9*2
Solving node: 2*1
x: 2
y: 1
Solving node: 9*2
x: 9
y: 2
Solving node: 3+7
x: 3
y: 7
Solving node: 10-2
x: 10
y: 2
Solving node: 8+18
x: 8
y: 18
Solving node: 2*1
x: 2
y: 1
Solving node: 9*2
x: 9
y: 2
Solving node: 3+7
x: 3
y: 7
Solving node: 10-2
x: 10
y: 2
Solving node: 2*1
x: 2
y: 1
Solving node: 9*2
x: 9
y: 2
Solving node: 3+7
x: 3
y: 7
Solving node: 10-2
x: 10
y: 2
Solving node: 8+18
x: 8
y: 18
Difference: 26
Calculating: 3+7-2*1+9*2+2
Solving node: 2*1
x: 2
y: 1
Solving node: 9*2
x: 9
y: 2
Solving node: 3+7
x: 3
y: 7
Solving node: 10-2
x: 10
y: 2
Solving node: 8+18
x: 8
y: 18
Solving node: 26+2
x: 26
y: 2
Solving node: 2*1
x: 2
y: 1
Solving node: 9*2
x: 9
y: 2
Solving node: 3+7
x: 3
y: 7
Solving node: 10-2
x: 10
y: 2
Solving node: 2*1
x: 2
y: 1
Solving node: 9*2
x: 9
y: 2
Solving node: 3+7
x: 3
y: 7
Solving node: 10-2
x: 10
y: 2
Solving node: 8+18
x: 8
y: 18
Solving node: 26+2
x: 26
y: 2
Difference: 28
Using default bounds (multiplication)
Calculating: 3+7-2*1+9*2+2*2
Solving node: 2*1
x: 2
y: 1
Solving node: 9*2
x: 9
y: 2
Solving node: 2*2
x: 2
y: 2
Solving node: 3+7
x: 3
y: 7
Solving node: 10-2
x: 10
y: 2
Solving node: 8+18
x: 8
y: 18
Solving node: 26+4
x: 26
y: 4
Solving node: 2*1
x: 2
y: 1
Solving node: 9*2
x: 9
y: 2
Solving node: 2*2
x: 2
y: 2
Solving node: 3+7
x: 3
y: 7
Solving node: 10-2
x: 10
y: 2
Solving node: 2*1
x: 2
y: 1
Solving node: 9*2
x: 9
y: 2
Solving node: 2*2
x: 2
y: 2
Solving node: 3+7
x: 3
y: 7
Solving node: 10-2
x: 10
y: 2
Solving node: 8+18
x: 8
y: 18
Solving node: 26+4
x: 26
y: 4
Difference: 30
Calculating: 3+7-2*1+9*2+2*2+2
Solving node: 2*1
x: 2
y: 1
Solving node: 9*2
x: 9
y: 2
Solving node: 2*2
x: 2
y: 2
Solving node: 3+7
x: 3
y: 7
Solving node: 10-2
x: 10
y: 2
Solving node: 8+18
x: 8
y: 18
Solving node: 26+4
x: 26
y: 4
Solving node: 30+2
x: 30
y: 2
Solving node: 2*1
x: 2
y: 1
Solving node: 9*2
x: 9
y: 2
Solving node: 2*2
x: 2
y: 2
Solving node: 3+7
x: 3
y: 7
Solving node: 10-2
x: 10
y: 2
Solving node: 2*1
x: 2
y: 1
Solving node: 9*2
x: 9
y: 2
Solving node: 2*2
x: 2
y: 2
Solving node: 3+7
x: 3
y: 7
Solving node: 10-2
x: 10
y: 2
Solving node: 8+18
x: 8
y: 18
Solving node: 26+4
x: 26
y: 4
Solving node: 30+2
x: 30
y: 2
Difference: 32
Using default bounds (multiplication)
Calculating: 3+7-2*1+9*2+2*2+2*2
Solving node: 2*1
x: 2
y: 1
Solving node: 9*2
x: 9
y: 2
Solving node: 2*2
x: 2
y: 2
Solving node: 2*2
x: 2
y: 2
Solving node: 3+7
x: 3
y: 7
Solving node: 10-2
x: 10
y: 2
Solving node: 8+18
x: 8
y: 18
Solving node: 26+4
x: 26
y: 4
Solving node: 30+4
x: 30
y: 4
Solving node: 2*1
x: 2
y: 1
Solving node: 9*2
x: 9
y: 2
Solving node: 2*2
x: 2
y: 2
Solving node: 2*2
x: 2
y: 2
Solving node: 3+7
x: 3
y: 7
Solving node: 10-2
x: 10
y: 2
Solving node: 2*1
x: 2
y: 1
Solving node: 9*2
x: 9
y: 2
Solving node: 2*2
x: 2
y: 2
Solving node: 2*2
x: 2
y: 2
Solving node: 3+7
x: 3
y: 7
Solving node: 10-2
x: 10
y: 2
Solving node: 8+18
x: 8
y: 18
Solving node: 26+4
x: 26
y: 4
Solving node: 30+4
x: 30
y: 4
Difference: 34
Calculating: 3+7-2*1+9*2+2*2+2*2+2
Solving node: 2*1
x: 2
y: 1
Solving node: 9*2
x: 9
y: 2
Solving node: 2*2
x: 2
y: 2
Solving node: 2*2
x: 2
y: 2
Solving node: 3+7
x: 3
y: 7
Solving node: 10-2
x: 10
y: 2
Solving node: 8+18
x: 8
y: 18
Solving node: 26+4
x: 26
y: 4
Solving node: 30+4
x: 30
y: 4
Solving node: 34+2
x: 34
y: 2
Solving node: 2*1
x: 2
y: 1
Solving node: 9*2
x: 9
y: 2
Solving node: 2*2
x: 2
y: 2
Solving node: 2*2
x: 2
y: 2
Solving node: 3+7
x: 3
y: 7
Solving node: 10-2
x: 10
y: 2
Solving node: 2*1
x: 2
y: 1
Solving node: 9*2
x: 9
y: 2
Solving node: 2*2
x: 2
y: 2
Solving node: 2*2
x: 2
y: 2
Solving node: 3+7
x: 3
y: 7
Solving node: 10-2
x: 10
y: 2
Solving node: 8+18
x: 8
y: 18
Solving node: 26+4
x: 26
y: 4
Solving node: 30+4
x: 30
y: 4
Solving node: 34+2
x: 34
y: 2
Difference: 36
Using default bounds (multiplication)
Calculating: 3+7-2*1+9*2+2*2+2*2+2*9
Solving node: 2*1
x: 2
y: 1
Solving node: 9*2
x: 9
y: 2
Solving node: 2*2
x: 2
y: 2
Solving node: 2*2
x: 2
y: 2
Solving node: 2*9
x: 2
y: 9
Solving node: 3+7
x: 3
y: 7
Solving node: 10-2
x: 10
y: 2
Solving node: 8+18
x: 8
y: 18
Solving node: 26+4
x: 26
y: 4
Solving node: 30+4
x: 30
y: 4
Solving node: 34+18
x: 34
y: 18
Solving node: 2*1
x: 2
y: 1
Solving node: 9*2
x: 9
y: 2
Solving node: 2*2
x: 2
y: 2
Solving node: 2*2
x: 2
y: 2
Solving node: 2*9
x: 2
y: 9
Solving node: 3+7
x: 3
y: 7
Solving node: 10-2
x: 10
y: 2
Solving node: 2*1
x: 2
y: 1
Solving node: 9*2
x: 9
y: 2
Solving node: 2*2
x: 2
y: 2
Solving node: 2*2
x: 2
y: 2
Solving node: 2*9
x: 2
y: 9
Solving node: 3+7
x: 3
y: 7
Solving node: 10-2
x: 10
y: 2
Solving node: 8+18
x: 8
y: 18
Solving node: 26+4
x: 26
y: 4
Solving node: 30+4
x: 30
y: 4
Solving node: 34+18
x: 34
y: 18
Difference: 52
Calculating: 3+7-2*1+9*2+2*2+2*2+2*9+6
Solving node: 2*1
x: 2
y: 1
Solving node: 9*2
x: 9
y: 2
Solving node: 2*2
x: 2
y: 2
Solving node: 2*2
x: 2
y: 2
Solving node: 2*9
x: 2
y: 9
Solving node: 3+7
x: 3
y: 7
Solving node: 10-2
x: 10
y: 2
Solving node: 8+18
x: 8
y: 18
Solving node: 26+4
x: 26
y: 4
Solving node: 30+4
x: 30
y: 4
Solving node: 34+18
x: 34
y: 18
Solving node: 52+6
x: 52
y: 6
Solving node: 2*1
x: 2
y: 1
Solving node: 9*2
x: 9
y: 2
Solving node: 2*2
x: 2
y: 2
Solving node: 2*2
x: 2
y: 2
Solving node: 2*9
x: 2
y: 9
Solving node: 3+7
x: 3
y: 7
Solving node: 10-2
x: 10
y: 2
Solving node: 2*1
x: 2
y: 1
Solving node: 9*2
x: 9
y: 2
Solving node: 2*2
x: 2
y: 2
Solving node: 2*2
x: 2
y: 2
Solving node: 2*9
x: 2
y: 9
Solving node: 3+7
x: 3
y: 7
Solving node: 10-2
x: 10
y: 2
Solving node: 8+18
x: 8
y: 18
Solving node: 26+4
x: 26
y: 4
Solving node: 30+4
x: 30
y: 4
Solving node: 34+18
x: 34
y: 18
Solving node: 52+6
x: 52
y: 6
Difference: 58
Calculating: 3+7-2*1+9*2+2*2+2*2+2*9+6:1
Solving node: 2*1
x: 2
y: 1
Solving node: 9*2
x: 9
y: 2
Solving node: 2*2
x: 2
y: 2
Solving node: 2*2
x: 2
y: 2
Solving node: 2*9
x: 2
y: 9
Solving node: 6:1
x: 6
y: 1
Solving node: 3+7
x: 3
y: 7
Solving node: 10-2
x: 10
y: 2
Solving node: 8+18
x: 8
y: 18
Solving node: 26+4
x: 26
y: 4
Solving node: 30+4
x: 30
y: 4
Solving node: 34+18
x: 34
y: 18
Solving node: 52+6
x: 52
y: 6
Solving node: 2*1
x: 2
y: 1
Solving node: 9*2
x: 9
y: 2
Solving node: 2*2
x: 2
y: 2
Solving node: 2*2
x: 2
y: 2
Solving node: 2*9
x: 2
y: 9
Solving node: 6:1
x: 6
y: 1
Solving node: 3+7
x: 3
y: 7
Solving node: 10-2
x: 10
y: 2
Solving node: 2*1
x: 2
y: 1
Solving node: 9*2
x: 9
y: 2
Solving node: 2*2
x: 2
y: 2
Solving node: 2*2
x: 2
y: 2
Solving node: 2*9
x: 2
y: 9
Solving node: 6:1
x: 6
y: 1
Solving node: 3+7
x: 3
y: 7
Solving node: 10-2
x: 10
y: 2
Solving node: 8+18
x: 8
y: 18
Solving node: 26+4
x: 26
y: 4
Solving node: 30+4
x: 30
y: 4
Solving node: 34+18
x: 34
y: 18
Solving node: 52+6
x: 52
y: 6
Difference: 58
Calculating: 3+7-2*1+9*2+2*2+2*2+2*9+6:1+2
Solving node: 2*1
x: 2
y: 1
Solving node: 9*2
x: 9
y: 2
Solving node: 2*2
x: 2
y: 2
Solving node: 2*2
x: 2
y: 2
Solving node: 2*9
x: 2
y: 9
Solving node: 6:1
x: 6
y: 1
Solving node: 3+7
x: 3
y: 7
Solving node: 10-2
x: 10
y: 2
Solving node: 8+18
x: 8
y: 18
Solving node: 26+4
x: 26
y: 4
Solving node: 30+4
x: 30
y: 4
Solving node: 34+18
x: 34
y: 18
Solving node: 52+6
x: 52
y: 6
Solving node: 58+2
x: 58
y: 2
Solving node: 2*1
x: 2
y: 1
Solving node: 9*2
x: 9
y: 2
Solving node: 2*2
x: 2
y: 2
Solving node: 2*2
x: 2
y: 2
Solving node: 2*9
x: 2
y: 9
Solving node: 6:1
x: 6
y: 1
Solving node: 3+7
x: 3
y: 7
Solving node: 10-2
x: 10
y: 2
Solving node: 2*1
x: 2
y: 1
Solving node: 9*2
x: 9
y: 2
Solving node: 2*2
x: 2
y: 2
Solving node: 2*2
x: 2
y: 2
Solving node: 2*9
x: 2
y: 9
Solving node: 6:1
x: 6
y: 1
Solving node: 3+7
x: 3
y: 7
Solving node: 10-2
x: 10
y: 2
Solving node: 8+18
x: 8
y: 18
Solving node: 26+4
x: 26
y: 4
Solving node: 30+4
x: 30
y: 4
Solving node: 34+18
x: 34
y: 18
Solving node: 52+6
x: 52
y: 6
Solving node: 58+2
x: 58
y: 2
Difference: 60
Using default bounds (multiplication)
Calculating: 3+7-2*1+9*2+2*2+2*2+2*9+6:1+2*7
Solving node: 2*1
x: 2
y: 1
Solving node: 9*2
x: 9
y: 2
Solving node: 2*2
x: 2
y: 2
Solving node: 2*2
x: 2
y: 2
Solving node: 2*9
x: 2
y: 9
Solving node: 6:1
x: 6
y: 1
Solving node: 2*7
x: 2
y: 7
Solving node: 3+7
x: 3
y: 7
Solving node: 10-2
x: 10
y: 2
Solving node: 8+18
x: 8
y: 18
Solving node: 26+4
x: 26
y: 4
Solving node: 30+4
x: 30
y: 4
Solving node: 34+18
x: 34
y: 18
Solving node: 52+6
x: 52
y: 6
Solving node: 58+14
x: 58
y: 14
Solving node: 2*1
x: 2
y: 1
Solving node: 9*2
x: 9
y: 2
Solving node: 2*2
x: 2
y: 2
Solving node: 2*2
x: 2
y: 2
Solving node: 2*9
x: 2
y: 9
Solving node: 6:1
x: 6
y: 1
Solving node: 2*7
x: 2
y: 7
Solving node: 3+7
x: 3
y: 7
Solving node: 10-2
x: 10
y: 2
Solving node: 2*1
x: 2
y: 1
Solving node: 9*2
x: 9
y: 2
Solving node: 2*2
x: 2
y: 2
Solving node: 2*2
x: 2
y: 2
Solving node: 2*9
x: 2
y: 9
Solving node: 6:1
x: 6
y: 1
Solving node: 2*7
x: 2
y: 7
Solving node: 3+7
x: 3
y: 7
Solving node: 10-2
x: 10
y: 2
Solving node: 8+18
x: 8
y: 18
Solving node: 26+4
x: 26
y: 4
Solving node: 30+4
x: 30
y: 4
Solving node: 34+18
x: 34
y: 18
Solving node: 52+6
x: 52
y: 6
Solving node: 58+14
x: 58
y: 14
Difference: 72
Calculating: 3+7-2*1+9*2+2*2+2*2+2*9+6:1+2*7+1
Solving node: 2*1
x: 2
y: 1
Solving node: 9*2
x: 9
y: 2
Solving node: 2*2
x: 2
y: 2
Solving node: 2*2
x: 2
y: 2
Solving node: 2*9
x: 2
y: 9
Solving node: 6:1
x: 6
y: 1
Solving node: 2*7
x: 2
y: 7
Solving node: 3+7
x: 3
y: 7
Solving node: 10-2
x: 10
y: 2
Solving node: 8+18
x: 8
y: 18
Solving node: 26+4
x: 26
y: 4
Solving node: 30+4
x: 30
y: 4
Solving node: 34+18
x: 34
y: 18
Solving node: 52+6
x: 52
y: 6
Solving node: 58+14
x: 58
y: 14
Solving node: 72+1
x: 72
y: 1
Originallösung: 3+7-2*1+9*2+2*2+2*2+2*9+6:1+2*7+1 = 73
[89/100] 3+7-2*1+9*2+2*2+2*2+2*9+6:1+2*7+1
Testing equation: 3+7-2*1+9*2+2*2+2*2+2*9+6:1+2*7+1
Checking node: 2*1
Solving node: 2*1
x: 2
y: 1
Checking node: 9*2
Solving node: 9*2
x: 9
y: 2
Checking node: 2*2
Solving node: 2*2
x: 2
y: 2
Checking node: 2*2
Solving node: 2*2
x: 2
y: 2
Checking node: 2*9
Solving node: 2*9
x: 2
y: 9
Checking node: 6:1
Solving node: 6:1
x: 6
y: 1
Checking node: 2*7
Solving node: 2*7
x: 2
y: 7
Checking node: 3+7
Solving node: 3+7
x: 3
y: 7
Checking node: 10-2
Solving node: 10-2
x: 10
y: 2
Checking node: 8+18
Solving node: 8+18
x: 8
y: 18
Checking node: 26+4
Solving node: 26+4
x: 26
y: 4
Checking node: 30+4
Solving node: 30+4
x: 30
y: 4
Checking node: 34+18
Solving node: 34+18
x: 34
y: 18
Checking node: 52+6
Solving node: 52+6
x: 52
y: 6
Checking node: 58+14
Solving node: 58+14
x: 58
y: 14
Checking node: 72+1
Solving node: 72+1
x: 72
y: 1
Checking node: 3+7
Checking node: 7-2
Checking node: 2*1
Checking node: 1+9
Checking node: 9*2
Checking node: 2+2
Checking node: 2*2
Checking node: 2+2
Checking node: 2*2
Checking node: 2+2
Checking node: 2*9
Checking node: 9+6
Checking node: 6:1
Checking node: 1+2
Checking node: 2*7
Checking node: 7+1
Difference: 2
Using default bounds (multiplication)
Calculating: 2*3
Solving node: 2*3
x: 2
y: 3
Solving node: 2*3
x: 2
y: 3
Solving node: 2*3
x: 2
y: 3
Difference: 6
Last: 3; Last sum: 6
Calculating: 2*3-1
Solving node: 2*3
x: 2
y: 3
Solving node: 6-1
x: 6
y: 1
Solving node: 2*3
x: 2
y: 3
Solving node: 6-1
x: 6
y: 1
Solving node: 2*3
x: 2
y: 3
Difference: 6-1
Calculating: 2*3-1+7
Solving node: 2*3
x: 2
y: 3
Solving node: 6-1
x: 6
y: 1
Solving node: 5+7
x: 5
y: 7
Solving node: 2*3
x: 2
y: 3
Solving node: 6-1
x: 6
y: 1
Solving node: 2*3
x: 2
y: 3
Solving node: 6-1
x: 6
y: 1
Solving node: 5+7
x: 5
y: 7
Difference: 12
Using default bounds (multiplication)
Calculating: 2*3-1+7*8
Solving node: 2*3
x: 2
y: 3
Solving node: 7*8
x: 7
y: 8
Solving node: 6-1
x: 6
y: 1
Solving node: 5+56
x: 5
y: 56
Solving node: 2*3
x: 2
y: 3
Solving node: 7*8
x: 7
y: 8
Solving node: 6-1
x: 6
y: 1
Solving node: 2*3
x: 2
y: 3
Solving node: 7*8
x: 7
y: 8
Solving node: 6-1
x: 6
y: 1
Solving node: 5+56
x: 5
y: 56
Difference: 61
Calculating: 2*3-1+7*8:2
Solving node: 2*3
x: 2
y: 3
Solving node: 7*8
x: 7
y: 8
Solving node: 56:2
x: 56
y: 2
Solving node: 6-1
x: 6
y: 1
Solving node: 5+28
x: 5
y: 28
Solving node: 2*3
x: 2
y: 3
Solving node: 7*8
x: 7
y: 8
Solving node: 56:2
x: 56
y: 2
Solving node: 6-1
x: 6
y: 1
Solving node: 2*3
x: 2
y: 3
Solving node: 7*8
x: 7
y: 8
Solving node: 56:2
x: 56
y: 2
Solving node: 6-1
x: 6
y: 1
Solving node: 5+28
x: 5
y: 28
Difference: 33
Calculating: 2*3-1+7*8:2+2
Solving node: 2*3
x: 2
y: 3
Solving node: 7*8
x: 7
y: 8
Solving node: 56:2
x: 56
y: 2
Solving node: 6-1
x: 6
y: 1
Solving node: 5+28
x: 5
y: 28
Solving node: 33+2
x: 33
y: 2
Solving node: 2*3
x: 2
y: 3
Solving node: 7*8
x: 7
y: 8
Solving node: 56:2
x: 56
y: 2
Solving node: 6-1
x: 6
y: 1
Solving node: 2*3
x: 2
y: 3
Solving node: 7*8
x: 7
y: 8
Solving node: 56:2
x: 56
y: 2
Solving node: 6-1
x: 6
y: 1
Solving node: 5+28
x: 5
y: 28
Solving node: 33+2
x: 33
y: 2
Difference: 35
Using default bounds (multiplication)
Calculating: 2*3-1+7*8:2+2*7
Solving node: 2*3
x: 2
y: 3
Solving node: 7*8
x: 7
y: 8
Solving node: 56:2
x: 56
y: 2
Solving node: 2*7
x: 2
y: 7
Solving node: 6-1
x: 6
y: 1
Solving node: 5+28
x: 5
y: 28
Solving node: 33+14
x: 33
y: 14
Solving node: 2*3
x: 2
y: 3
Solving node: 7*8
x: 7
y: 8
Solving node: 56:2
x: 56
y: 2
Solving node: 2*7
x: 2
y: 7
Solving node: 6-1
x: 6
y: 1
Solving node: 2*3
x: 2
y: 3
Solving node: 7*8
x: 7
y: 8
Solving node: 56:2
x: 56
y: 2
Solving node: 2*7
x: 2
y: 7
Solving node: 6-1
x: 6
y: 1
Solving node: 5+28
x: 5
y: 28
Solving node: 33+14
x: 33
y: 14
Difference: 47
Last: 7; Last sum: 14
Calculating: 2*3-1+7*8:2+2*7-1
Solving node: 2*3
x: 2
y: 3
Solving node: 7*8
x: 7
y: 8
Solving node: 56:2
x: 56
y: 2
Solving node: 2*7
x: 2
y: 7
Solving node: 6-1
x: 6
y: 1
Solving node: 5+28
x: 5
y: 28
Solving node: 33+14
x: 33
y: 14
Solving node: 47-1
x: 47
y: 1
Solving node: 2*3
x: 2
y: 3
Solving node: 7*8
x: 7
y: 8
Solving node: 56:2
x: 56
y: 2
Solving node: 2*7
x: 2
y: 7
Solving node: 6-1
x: 6
y: 1
Solving node: 5+28
x: 5
y: 28
Solving node: 33+14
x: 33
y: 14
Solving node: 47-1
x: 47
y: 1
Solving node: 2*3
x: 2
y: 3
Solving node: 7*8
x: 7
y: 8
Solving node: 56:2
x: 56
y: 2
Solving node: 2*7
x: 2
y: 7
Solving node: 6-1
x: 6
y: 1
Solving node: 5+28
x: 5
y: 28
Solving node: 33+14
x: 33
y: 14
Difference: 47-1
Calculating bounds (multiplication)
Previous index: -1 | Last operator index: 2
Upper bound: 1
Solving node: 2*3
x: 2
y: 3
Solving node: 7*8
x: 7
y: 8
Solving node: 56:2
x: 56
y: 2
Solving node: 2*7
x: 2
y: 7
Solving node: 6-1
x: 6
y: 1
Solving node: 5+28
x: 5
y: 28
Solving node: 33+14
x: 33
y: 14
Solving node: 47-1
x: 47
y: 1
Solving node: 2*3
x: 2
y: 3
Solving node: 7*8
x: 7
y: 8
Solving node: 56:2
x: 56
y: 2
Solving node: 2*7
x: 2
y: 7
Solving node: 6-1
x: 6
y: 1
Solving node: 5+28
x: 5
y: 28
Solving node: 33+14
x: 33
y: 14
Difference: 47-1
Calculating: 2*3-1+7*8:2+2*7-1+8
Solving node: 2*3
x: 2
y: 3
Solving node: 7*8
x: 7
y: 8
Solving node: 56:2
x: 56
y: 2
Solving node: 2*7
x: 2
y: 7
Solving node: 6-1
x: 6
y: 1
Solving node: 5+28
x: 5
y: 28
Solving node: 33+14
x: 33
y: 14
Solving node: 47-1
x: 47
y: 1
Solving node: 46+8
x: 46
y: 8
Solving node: 2*3
x: 2
y: 3
Solving node: 7*8
x: 7
y: 8
Solving node: 56:2
x: 56
y: 2
Solving node: 2*7
x: 2
y: 7
Solving node: 6-1
x: 6
y: 1
Solving node: 5+28
x: 5
y: 28
Solving node: 33+14
x: 33
y: 14
Solving node: 47-1
x: 47
y: 1
Solving node: 2*3
x: 2
y: 3
Solving node: 7*8
x: 7
y: 8
Solving node: 56:2
x: 56
y: 2
Solving node: 2*7
x: 2
y: 7
Solving node: 6-1
x: 6
y: 1
Solving node: 5+28
x: 5
y: 28
Solving node: 33+14
x: 33
y: 14
Solving node: 47-1
x: 47
y: 1
Solving node: 46+8
x: 46
y: 8
Difference: 54
Calculating: 2*3-1+7*8:2+2*7-1+8:1
Solving node: 2*3
x: 2
y: 3
Solving node: 7*8
x: 7
y: 8
Solving node: 56:2
x: 56
y: 2
Solving node: 2*7
x: 2
y: 7
Solving node: 8:1
x: 8
y: 1
Solving node: 6-1
x: 6
y: 1
Solving node: 5+28
x: 5
y: 28
Solving node: 33+14
x: 33
y: 14
Solving node: 47-1
x: 47
y: 1
Solving node: 46+8
x: 46
y: 8
Solving node: 2*3
x: 2
y: 3
Solving node: 7*8
x: 7
y: 8
Solving node: 56:2
x: 56
y: 2
Solving node: 2*7
x: 2
y: 7
Solving node: 8:1
x: 8
y: 1
Solving node: 6-1
x: 6
y: 1
Solving node: 5+28
x: 5
y: 28
Solving node: 33+14
x: 33
y: 14
Solving node: 47-1
x: 47
y: 1
Solving node: 2*3
x: 2
y: 3
Solving node: 7*8
x: 7
y: 8
Solving node: 56:2
x: 56
y: 2
Solving node: 2*7
x: 2
y: 7
Solving node: 8:1
x: 8
y: 1
Solving node: 6-1
x: 6
y: 1
Solving node: 5+28
x: 5
y: 28
Solving node: 33+14
x: 33
y: 14
Solving node: 47-1
x: 47
y: 1
Solving node: 46+8
x: 46
y: 8
Difference: 54
Calculating: 2*3-1+7*8:2+2*7-1+8:1+3
Solving node: 2*3
x: 2
y: 3
Solving node: 7*8
x: 7
y: 8
Solving node: 56:2
x: 56
y: 2
Solving node: 2*7
x: 2
y: 7
Solving node: 8:1
x: 8
y: 1
Solving node: 6-1
x: 6
y: 1
Solving node: 5+28
x: 5
y: 28
Solving node: 33+14
x: 33
y: 14
Solving node: 47-1
x: 47
y: 1
Solving node: 46+8
x: 46
y: 8
Solving node: 54+3
x: 54
y: 3
Solving node: 2*3
x: 2
y: 3
Solving node: 7*8
x: 7
y: 8
Solving node: 56:2
x: 56
y: 2
Solving node: 2*7
x: 2
y: 7
Solving node: 8:1
x: 8
y: 1
Solving node: 6-1
x: 6
y: 1
Solving node: 5+28
x: 5
y: 28
Solving node: 33+14
x: 33
y: 14
Solving node: 47-1
x: 47
y: 1
Solving node: 2*3
x: 2
y: 3
Solving node: 7*8
x: 7
y: 8
Solving node: 56:2
x: 56
y: 2
Solving node: 2*7
x: 2
y: 7
Solving node: 8:1
x: 8
y: 1
Solving node: 6-1
x: 6
y: 1
Solving node: 5+28
x: 5
y: 28
Solving node: 33+14
x: 33
y: 14
Solving node: 47-1
x: 47
y: 1
Solving node: 46+8
x: 46
y: 8
Solving node: 54+3
x: 54
y: 3
Difference: 57
Using default bounds (multiplication)
Calculating: 2*3-1+7*8:2+2*7-1+8:1+3*2
Solving node: 2*3
x: 2
y: 3
Solving node: 7*8
x: 7
y: 8
Solving node: 56:2
x: 56
y: 2
Solving node: 2*7
x: 2
y: 7
Solving node: 8:1
x: 8
y: 1
Solving node: 3*2
x: 3
y: 2
Solving node: 6-1
x: 6
y: 1
Solving node: 5+28
x: 5
y: 28
Solving node: 33+14
x: 33
y: 14
Solving node: 47-1
x: 47
y: 1
Solving node: 46+8
x: 46
y: 8
Solving node: 54+6
x: 54
y: 6
Solving node: 2*3
x: 2
y: 3
Solving node: 7*8
x: 7
y: 8
Solving node: 56:2
x: 56
y: 2
Solving node: 2*7
x: 2
y: 7
Solving node: 8:1
x: 8
y: 1
Solving node: 3*2
x: 3
y: 2
Solving node: 6-1
x: 6
y: 1
Solving node: 5+28
x: 5
y: 28
Solving node: 33+14
x: 33
y: 14
Solving node: 47-1
x: 47
y: 1
Solving node: 2*3
x: 2
y: 3
Solving node: 7*8
x: 7
y: 8
Solving node: 56:2
x: 56
y: 2
Solving node: 2*7
x: 2
y: 7
Solving node: 8:1
x: 8
y: 1
Solving node: 3*2
x: 3
y: 2
Solving node: 6-1
x: 6
y: 1
Solving node: 5+28
x: 5
y: 28
Solving node: 33+14
x: 33
y: 14
Solving node: 47-1
x: 47
y: 1
Solving node: 46+8
x: 46
y: 8
Solving node: 54+6
x: 54
y: 6
Difference: 60
Calculating: 2*3-1+7*8:2+2*7-1+8:1+3*2+9
Solving node: 2*3
x: 2
y: 3
Solving node: 7*8
x: 7
y: 8
Solving node: 56:2
x: 56
y: 2
Solving node: 2*7
x: 2
y: 7
Solving node: 8:1
x: 8
y: 1
Solving node: 3*2
x: 3
y: 2
Solving node: 6-1
x: 6
y: 1
Solving node: 5+28
x: 5
y: 28
Solving node: 33+14
x: 33
y: 14
Solving node: 47-1
x: 47
y: 1
Solving node: 46+8
x: 46
y: 8
Solving node: 54+6
x: 54
y: 6
Solving node: 60+9
x: 60
y: 9
Solving node: 2*3
x: 2
y: 3
Solving node: 7*8
x: 7
y: 8
Solving node: 56:2
x: 56
y: 2
Solving node: 2*7
x: 2
y: 7
Solving node: 8:1
x: 8
y: 1
Solving node: 3*2
x: 3
y: 2
Solving node: 6-1
x: 6
y: 1
Solving node: 5+28
x: 5
y: 28
Solving node: 33+14
x: 33
y: 14
Solving node: 47-1
x: 47
y: 1
Solving node: 2*3
x: 2
y: 3
Solving node: 7*8
x: 7
y: 8
Solving node: 56:2
x: 56
y: 2
Solving node: 2*7
x: 2
y: 7
Solving node: 8:1
x: 8
y: 1
Solving node: 3*2
x: 3
y: 2
Solving node: 6-1
x: 6
y: 1
Solving node: 5+28
x: 5
y: 28
Solving node: 33+14
x: 33
y: 14
Solving node: 47-1
x: 47
y: 1
Solving node: 46+8
x: 46
y: 8
Solving node: 54+6
x: 54
y: 6
Solving node: 60+9
x: 60
y: 9
Difference: 69
Using default bounds (multiplication)
Calculating: 2*3-1+7*8:2+2*7-1+8:1+3*2+9*9
Solving node: 2*3
x: 2
y: 3
Solving node: 7*8
x: 7
y: 8
Solving node: 56:2
x: 56
y: 2
Solving node: 2*7
x: 2
y: 7
Solving node: 8:1
x: 8
y: 1
Solving node: 3*2
x: 3
y: 2
Solving node: 9*9
x: 9
y: 9
Solving node: 6-1
x: 6
y: 1
Solving node: 5+28
x: 5
y: 28
Solving node: 33+14
x: 33
y: 14
Solving node: 47-1
x: 47
y: 1
Solving node: 46+8
x: 46
y: 8
Solving node: 54+6
x: 54
y: 6
Solving node: 60+81
x: 60
y: 81
Solving node: 2*3
x: 2
y: 3
Solving node: 7*8
x: 7
y: 8
Solving node: 56:2
x: 56
y: 2
Solving node: 2*7
x: 2
y: 7
Solving node: 8:1
x: 8
y: 1
Solving node: 3*2
x: 3
y: 2
Solving node: 9*9
x: 9
y: 9
Solving node: 6-1
x: 6
y: 1
Solving node: 5+28
x: 5
y: 28
Solving node: 33+14
x: 33
y: 14
Solving node: 47-1
x: 47
y: 1
Solving node: 2*3
x: 2
y: 3
Solving node: 7*8
x: 7
y: 8
Solving node: 56:2
x: 56
y: 2
Solving node: 2*7
x: 2
y: 7
Solving node: 8:1
x: 8
y: 1
Solving node: 3*2
x: 3
y: 2
Solving node: 9*9
x: 9
y: 9
Solving node: 6-1
x: 6
y: 1
Solving node: 5+28
x: 5
y: 28
Solving node: 33+14
x: 33
y: 14
Solving node: 47-1
x: 47
y: 1
Solving node: 46+8
x: 46
y: 8
Solving node: 54+6
x: 54
y: 6
Solving node: 60+81
x: 60
y: 81
Difference: 141
Calculating: 2*3-1+7*8:2+2*7-1+8:1+3*2+9*9+8
Solving node: 2*3
x: 2
y: 3
Solving node: 7*8
x: 7
y: 8
Solving node: 56:2
x: 56
y: 2
Solving node: 2*7
x: 2
y: 7
Solving node: 8:1
x: 8
y: 1
Solving node: 3*2
x: 3
y: 2
Solving node: 9*9
x: 9
y: 9
Solving node: 6-1
x: 6
y: 1
Solving node: 5+28
x: 5
y: 28
Solving node: 33+14
x: 33
y: 14
Solving node: 47-1
x: 47
y: 1
Solving node: 46+8
x: 46
y: 8
Solving node: 54+6
x: 54
y: 6
Solving node: 60+81
x: 60
y: 81
Solving node: 141+8
x: 141
y: 8
Solving node: 2*3
x: 2
y: 3
Solving node: 7*8
x: 7
y: 8
Solving node: 56:2
x: 56
y: 2
Solving node: 2*7
x: 2
y: 7
Solving node: 8:1
x: 8
y: 1
Solving node: 3*2
x: 3
y: 2
Solving node: 9*9
x: 9
y: 9
Solving node: 6-1
x: 6
y: 1
Solving node: 5+28
x: 5
y: 28
Solving node: 33+14
x: 33
y: 14
Solving node: 47-1
x: 47
y: 1
Solving node: 2*3
x: 2
y: 3
Solving node: 7*8
x: 7
y: 8
Solving node: 56:2
x: 56
y: 2
Solving node: 2*7
x: 2
y: 7
Solving node: 8:1
x: 8
y: 1
Solving node: 3*2
x: 3
y: 2
Solving node: 9*9
x: 9
y: 9
Solving node: 6-1
x: 6
y: 1
Solving node: 5+28
x: 5
y: 28
Solving node: 33+14
x: 33
y: 14
Solving node: 47-1
x: 47
y: 1
Solving node: 46+8
x: 46
y: 8
Solving node: 54+6
x: 54
y: 6
Solving node: 60+81
x: 60
y: 81
Solving node: 141+8
x: 141
y: 8
Difference: 149
Calculating: 2*3-1+7*8:2+2*7-1+8:1+3*2+9*9+8:4
Solving node: 2*3
x: 2
y: 3
Solving node: 7*8
x: 7
y: 8
Solving node: 56:2
x: 56
y: 2
Solving node: 2*7
x: 2
y: 7
Solving node: 8:1
x: 8
y: 1
Solving node: 3*2
x: 3
y: 2
Solving node: 9*9
x: 9
y: 9
Solving node: 8:4
x: 8
y: 4
Solving node: 6-1
x: 6
y: 1
Solving node: 5+28
x: 5
y: 28
Solving node: 33+14
x: 33
y: 14
Solving node: 47-1
x: 47
y: 1
Solving node: 46+8
x: 46
y: 8
Solving node: 54+6
x: 54
y: 6
Solving node: 60+81
x: 60
y: 81
Solving node: 141+2
x: 141
y: 2
Originallösung: 2*3-1+7*8:2+2*7-1+8:1+3*2+9*9+8:4 = 143
[90/100] 2*3-1+7*8:2+2*7-1+8:1+3*2+9*9+8:4
Testing equation: 2*3-1+7*8:2+2*7-1+8:1+3*2+9*9+8:4
Checking node: 2*3
Solving node: 2*3
x: 2
y: 3
Checking node: 7*8
Solving node: 7*8
x: 7
y: 8
Checking node: 56:2
Solving node: 56:2
x: 56
y: 2
Checking node: 2*7
Solving node: 2*7
x: 2
y: 7
Checking node: 8:1
Solving node: 8:1
x: 8
y: 1
Checking node: 3*2
Solving node: 3*2
x: 3
y: 2
Checking node: 9*9
Solving node: 9*9
x: 9
y: 9
Checking node: 8:4
Solving node: 8:4
x: 8
y: 4
Checking node: 6-1
Solving node: 6-1
x: 6
y: 1
Checking node: 5+28
Solving node: 5+28
x: 5
y: 28
Checking node: 33+14
Solving node: 33+14
x: 33
y: 14
Checking node: 47-1
Solving node: 47-1
x: 47
y: 1
Checking node: 46+8
Solving node: 46+8
x: 46
y: 8
Checking node: 54+6
Solving node: 54+6
x: 54
y: 6
Checking node: 60+81
Solving node: 60+81
x: 60
y: 81
Checking node: 141+2
Solving node: 141+2
x: 141
y: 2
Checking node: 2*3
Checking node: 3-1
Checking node: 1+7
Checking node: 7*8
Checking node: 8:2
Checking node: 2+2
Checking node: 2*7
Checking node: 7-1
Checking node: 1+8
Checking node: 8:1
Checking node: 1+3
Checking node: 3*2
Checking node: 2+9
Checking node: 9*9
Checking node: 9+8
Checking node: 8:4
Difference: 7
Using default bounds (multiplication)
Calculating: 7*9
Solving node: 7*9
x: 7
y: 9
Solving node: 7*9
x: 7
y: 9
Solving node: 7*9
x: 7
y: 9
Difference: 63
Calculating: 7*9+3
Solving node: 7*9
x: 7
y: 9
Solving node: 63+3
x: 63
y: 3
Solving node: 7*9
x: 7
y: 9
Solving node: 7*9
x: 7
y: 9
Solving node: 63+3
x: 63
y: 3
Difference: 66
Using default bounds (multiplication)
Calculating: 7*9+3*4
Solving node: 7*9
x: 7
y: 9
Solving node: 3*4
x: 3
y: 4
Solving node: 63+12
x: 63
y: 12
Solving node: 7*9
x: 7
y: 9
Solving node: 3*4
x: 3
y: 4
Solving node: 7*9
x: 7
y: 9
Solving node: 3*4
x: 3
y: 4
Solving node: 63+12
x: 63
y: 12
Difference: 75
Calculating: 7*9+3*4:1
Solving node: 7*9
x: 7
y: 9
Solving node: 3*4
x: 3
y: 4
Solving node: 12:1
x: 12
y: 1
Solving node: 63+12
x: 63
y: 12
Solving node: 7*9
x: 7
y: 9
Solving node: 3*4
x: 3
y: 4
Solving node: 12:1
x: 12
y: 1
Solving node: 7*9
x: 7
y: 9
Solving node: 3*4
x: 3
y: 4
Solving node: 12:1
x: 12
y: 1
Solving node: 63+12
x: 63
y: 12
Difference: 75
Using default bounds (multiplication)
Calculating: 7*9+3*4:1*6
Solving node: 7*9
x: 7
y: 9
Solving node: 3*4
x: 3
y: 4
Solving node: 12:1
x: 12
y: 1
Solving node: 12*6
x: 12
y: 6
Solving node: 63+72
x: 63
y: 72
Solving node: 7*9
x: 7
y: 9
Solving node: 3*4
x: 3
y: 4
Solving node: 12:1
x: 12
y: 1
Solving node: 12*6
x: 12
y: 6
Solving node: 7*9
x: 7
y: 9
Solving node: 3*4
x: 3
y: 4
Solving node: 12:1
x: 12
y: 1
Solving node: 12*6
x: 12
y: 6
Solving node: 63+72
x: 63
y: 72
Difference: 135
Calculating: 7*9+3*4:1*6+2
Solving node: 7*9
x: 7
y: 9
Solving node: 3*4
x: 3
y: 4
Solving node: 12:1
x: 12
y: 1
Solving node: 12*6
x: 12
y: 6
Solving node: 63+72
x: 63
y: 72
Solving node: 135+2
x: 135
y: 2
Solving node: 7*9
x: 7
y: 9
Solving node: 3*4
x: 3
y: 4
Solving node: 12:1
x: 12
y: 1
Solving node: 12*6
x: 12
y: 6
Solving node: 7*9
x: 7
y: 9
Solving node: 3*4
x: 3
y: 4
Solving node: 12:1
x: 12
y: 1
Solving node: 12*6
x: 12
y: 6
Solving node: 63+72
x: 63
y: 72
Solving node: 135+2
x: 135
y: 2
Difference: 137
Using default bounds (multiplication)
Calculating: 7*9+3*4:1*6+2*8
Solving node: 7*9
x: 7
y: 9
Solving node: 3*4
x: 3
y: 4
Solving node: 12:1
x: 12
y: 1
Solving node: 12*6
x: 12
y: 6
Solving node: 2*8
x: 2
y: 8
Solving node: 63+72
x: 63
y: 72
Solving node: 135+16
x: 135
y: 16
Solving node: 7*9
x: 7
y: 9
Solving node: 3*4
x: 3
y: 4
Solving node: 12:1
x: 12
y: 1
Solving node: 12*6
x: 12
y: 6
Solving node: 2*8
x: 2
y: 8
Solving node: 7*9
x: 7
y: 9
Solving node: 3*4
x: 3
y: 4
Solving node: 12:1
x: 12
y: 1
Solving node: 12*6
x: 12
y: 6
Solving node: 2*8
x: 2
y: 8
Solving node: 63+72
x: 63
y: 72
Solving node: 135+16
x: 135
y: 16
Difference: 151
Last: 8; Last sum: 16
Calculating: 7*9+3*4:1*6+2*8-5
Solving node: 7*9
x: 7
y: 9
Solving node: 3*4
x: 3
y: 4
Solving node: 12:1
x: 12
y: 1
Solving node: 12*6
x: 12
y: 6
Solving node: 2*8
x: 2
y: 8
Solving node: 63+72
x: 63
y: 72
Solving node: 135+16
x: 135
y: 16
Solving node: 151-5
x: 151
y: 5
Solving node: 7*9
x: 7
y: 9
Solving node: 3*4
x: 3
y: 4
Solving node: 12:1
x: 12
y: 1
Solving node: 12*6
x: 12
y: 6
Solving node: 2*8
x: 2
y: 8
Solving node: 63+72
x: 63
y: 72
Solving node: 135+16
x: 135
y: 16
Solving node: 151-5
x: 151
y: 5
Solving node: 7*9
x: 7
y: 9
Solving node: 3*4
x: 3
y: 4
Solving node: 12:1
x: 12
y: 1
Solving node: 12*6
x: 12
y: 6
Solving node: 2*8
x: 2
y: 8
Solving node: 63+72
x: 63
y: 72
Solving node: 135+16
x: 135
y: 16
Difference: 151-5
Calculating: 7*9+3*4:1*6+2*8-5+9
Solving node: 7*9
x: 7
y: 9
Solving node: 3*4
x: 3
y: 4
Solving node: 12:1
x: 12
y: 1
Solving node: 12*6
x: 12
y: 6
Solving node: 2*8
x: 2
y: 8
Solving node: 63+72
x: 63
y: 72
Solving node: 135+16
x: 135
y: 16
Solving node: 151-5
x: 151
y: 5
Solving node: 146+9
x: 146
y: 9
Solving node: 7*9
x: 7
y: 9
Solving node: 3*4
x: 3
y: 4
Solving node: 12:1
x: 12
y: 1
Solving node: 12*6
x: 12
y: 6
Solving node: 2*8
x: 2
y: 8
Solving node: 63+72
x: 63
y: 72
Solving node: 135+16
x: 135
y: 16
Solving node: 151-5
x: 151
y: 5
Solving node: 7*9
x: 7
y: 9
Solving node: 3*4
x: 3
y: 4
Solving node: 12:1
x: 12
y: 1
Solving node: 12*6
x: 12
y: 6
Solving node: 2*8
x: 2
y: 8
Solving node: 63+72
x: 63
y: 72
Solving node: 135+16
x: 135
y: 16
Solving node: 151-5
x: 151
y: 5
Solving node: 146+9
x: 146
y: 9
Difference: 155
Using default bounds (multiplication)
Calculating: 7*9+3*4:1*6+2*8-5+9*4
Solving node: 7*9
x: 7
y: 9
Solving node: 3*4
x: 3
y: 4
Solving node: 12:1
x: 12
y: 1
Solving node: 12*6
x: 12
y: 6
Solving node: 2*8
x: 2
y: 8
Solving node: 9*4
x: 9
y: 4
Solving node: 63+72
x: 63
y: 72
Solving node: 135+16
x: 135
y: 16
Solving node: 151-5
x: 151
y: 5
Solving node: 146+36
x: 146
y: 36
Solving node: 7*9
x: 7
y: 9
Solving node: 3*4
x: 3
y: 4
Solving node: 12:1
x: 12
y: 1
Solving node: 12*6
x: 12
y: 6
Solving node: 2*8
x: 2
y: 8
Solving node: 9*4
x: 9
y: 4
Solving node: 63+72
x: 63
y: 72
Solving node: 135+16
x: 135
y: 16
Solving node: 151-5
x: 151
y: 5
Solving node: 7*9
x: 7
y: 9
Solving node: 3*4
x: 3
y: 4
Solving node: 12:1
x: 12
y: 1
Solving node: 12*6
x: 12
y: 6
Solving node: 2*8
x: 2
y: 8
Solving node: 9*4
x: 9
y: 4
Solving node: 63+72
x: 63
y: 72
Solving node: 135+16
x: 135
y: 16
Solving node: 151-5
x: 151
y: 5
Solving node: 146+36
x: 146
y: 36
Difference: 182
Last: 4; Last sum: 36
Calculating: 7*9+3*4:1*6+2*8-5+9*4-2
Solving node: 7*9
x: 7
y: 9
Solving node: 3*4
x: 3
y: 4
Solving node: 12:1
x: 12
y: 1
Solving node: 12*6
x: 12
y: 6
Solving node: 2*8
x: 2
y: 8
Solving node: 9*4
x: 9
y: 4
Solving node: 63+72
x: 63
y: 72
Solving node: 135+16
x: 135
y: 16
Solving node: 151-5
x: 151
y: 5
Solving node: 146+36
x: 146
y: 36
Solving node: 182-2
x: 182
y: 2
Solving node: 7*9
x: 7
y: 9
Solving node: 3*4
x: 3
y: 4
Solving node: 12:1
x: 12
y: 1
Solving node: 12*6
x: 12
y: 6
Solving node: 2*8
x: 2
y: 8
Solving node: 9*4
x: 9
y: 4
Solving node: 63+72
x: 63
y: 72
Solving node: 135+16
x: 135
y: 16
Solving node: 151-5
x: 151
y: 5
Solving node: 146+36
x: 146
y: 36
Solving node: 182-2
x: 182
y: 2
Solving node: 7*9
x: 7
y: 9
Solving node: 3*4
x: 3
y: 4
Solving node: 12:1
x: 12
y: 1
Solving node: 12*6
x: 12
y: 6
Solving node: 2*8
x: 2
y: 8
Solving node: 9*4
x: 9
y: 4
Solving node: 63+72
x: 63
y: 72
Solving node: 135+16
x: 135
y: 16
Solving node: 151-5
x: 151
y: 5
Solving node: 146+36
x: 146
y: 36
Difference: 182-2
Calculating bounds (multiplication)
Previous index: -1 | Last operator index: 3
Upper bound: 2
Calculating: 7*9+3*4:1*6+2*8-5+9*4-2*1
Solving node: 7*9
x: 7
y: 9
Solving node: 3*4
x: 3
y: 4
Solving node: 12:1
x: 12
y: 1
Solving node: 12*6
x: 12
y: 6
Solving node: 2*8
x: 2
y: 8
Solving node: 9*4
x: 9
y: 4
Solving node: 2*1
x: 2
y: 1
Solving node: 63+72
x: 63
y: 72
Solving node: 135+16
x: 135
y: 16
Solving node: 151-5
x: 151
y: 5
Solving node: 146+36
x: 146
y: 36
Solving node: 182-2
x: 182
y: 2
Solving node: 7*9
x: 7
y: 9
Solving node: 3*4
x: 3
y: 4
Solving node: 12:1
x: 12
y: 1
Solving node: 12*6
x: 12
y: 6
Solving node: 2*8
x: 2
y: 8
Solving node: 9*4
x: 9
y: 4
Solving node: 2*1
x: 2
y: 1
Solving node: 63+72
x: 63
y: 72
Solving node: 135+16
x: 135
y: 16
Solving node: 151-5
x: 151
y: 5
Solving node: 146+36
x: 146
y: 36
Solving node: 182-2
x: 182
y: 2
Solving node: 7*9
x: 7
y: 9
Solving node: 3*4
x: 3
y: 4
Solving node: 12:1
x: 12
y: 1
Solving node: 12*6
x: 12
y: 6
Solving node: 2*8
x: 2
y: 8
Solving node: 9*4
x: 9
y: 4
Solving node: 2*1
x: 2
y: 1
Solving node: 63+72
x: 63
y: 72
Solving node: 135+16
x: 135
y: 16
Solving node: 151-5
x: 151
y: 5
Solving node: 146+36
x: 146
y: 36
Difference: 182-2
Calculating: 7*9+3*4:1*6+2*8-5+9*4-2*1+2
Solving node: 7*9
x: 7
y: 9
Solving node: 3*4
x: 3
y: 4
Solving node: 12:1
x: 12
y: 1
Solving node: 12*6
x: 12
y: 6
Solving node: 2*8
x: 2
y: 8
Solving node: 9*4
x: 9
y: 4
Solving node: 2*1
x: 2
y: 1
Solving node: 63+72
x: 63
y: 72
Solving node: 135+16
x: 135
y: 16
Solving node: 151-5
x: 151
y: 5
Solving node: 146+36
x: 146
y: 36
Solving node: 182-2
x: 182
y: 2
Solving node: 180+2
x: 180
y: 2
Solving node: 7*9
x: 7
y: 9
Solving node: 3*4
x: 3
y: 4
Solving node: 12:1
x: 12
y: 1
Solving node: 12*6
x: 12
y: 6
Solving node: 2*8
x: 2
y: 8
Solving node: 9*4
x: 9
y: 4
Solving node: 2*1
x: 2
y: 1
Solving node: 63+72
x: 63
y: 72
Solving node: 135+16
x: 135
y: 16
Solving node: 151-5
x: 151
y: 5
Solving node: 146+36
x: 146
y: 36
Solving node: 182-2
x: 182
y: 2
Solving node: 7*9
x: 7
y: 9
Solving node: 3*4
x: 3
y: 4
Solving node: 12:1
x: 12
y: 1
Solving node: 12*6
x: 12
y: 6
Solving node: 2*8
x: 2
y: 8
Solving node: 9*4
x: 9
y: 4
Solving node: 2*1
x: 2
y: 1
Solving node: 63+72
x: 63
y: 72
Solving node: 135+16
x: 135
y: 16
Solving node: 151-5
x: 151
y: 5
Solving node: 146+36
x: 146
y: 36
Solving node: 182-2
x: 182
y: 2
Solving node: 180+2
x: 180
y: 2
Difference: 182
Using default bounds (multiplication)
Calculating: 7*9+3*4:1*6+2*8-5+9*4-2*1+2*6
Solving node: 7*9
x: 7
y: 9
Solving node: 3*4
x: 3
y: 4
Solving node: 12:1
x: 12
y: 1
Solving node: 12*6
x: 12
y: 6
Solving node: 2*8
x: 2
y: 8
Solving node: 9*4
x: 9
y: 4
Solving node: 2*1
x: 2
y: 1
Solving node: 2*6
x: 2
y: 6
Solving node: 63+72
x: 63
y: 72
Solving node: 135+16
x: 135
y: 16
Solving node: 151-5
x: 151
y: 5
Solving node: 146+36
x: 146
y: 36
Solving node: 182-2
x: 182
y: 2
Solving node: 180+12
x: 180
y: 12
Solving node: 7*9
x: 7
y: 9
Solving node: 3*4
x: 3
y: 4
Solving node: 12:1
x: 12
y: 1
Solving node: 12*6
x: 12
y: 6
Solving node: 2*8
x: 2
y: 8
Solving node: 9*4
x: 9
y: 4
Solving node: 2*1
x: 2
y: 1
Solving node: 2*6
x: 2
y: 6
Solving node: 63+72
x: 63
y: 72
Solving node: 135+16
x: 135
y: 16
Solving node: 151-5
x: 151
y: 5
Solving node: 146+36
x: 146
y: 36
Solving node: 182-2
x: 182
y: 2
Solving node: 7*9
x: 7
y: 9
Solving node: 3*4
x: 3
y: 4
Solving node: 12:1
x: 12
y: 1
Solving node: 12*6
x: 12
y: 6
Solving node: 2*8
x: 2
y: 8
Solving node: 9*4
x: 9
y: 4
Solving node: 2*1
x: 2
y: 1
Solving node: 2*6
x: 2
y: 6
Solving node: 63+72
x: 63
y: 72
Solving node: 135+16
x: 135
y: 16
Solving node: 151-5
x: 151
y: 5
Solving node: 146+36
x: 146
y: 36
Solving node: 182-2
x: 182
y: 2
Solving node: 180+12
x: 180
y: 12
Difference: 192
Calculating: 7*9+3*4:1*6+2*8-5+9*4-2*1+2*6+4
Solving node: 7*9
x: 7
y: 9
Solving node: 3*4
x: 3
y: 4
Solving node: 12:1
x: 12
y: 1
Solving node: 12*6
x: 12
y: 6
Solving node: 2*8
x: 2
y: 8
Solving node: 9*4
x: 9
y: 4
Solving node: 2*1
x: 2
y: 1
Solving node: 2*6
x: 2
y: 6
Solving node: 63+72
x: 63
y: 72
Solving node: 135+16
x: 135
y: 16
Solving node: 151-5
x: 151
y: 5
Solving node: 146+36
x: 146
y: 36
Solving node: 182-2
x: 182
y: 2
Solving node: 180+12
x: 180
y: 12
Solving node: 192+4
x: 192
y: 4
Solving node: 7*9
x: 7
y: 9
Solving node: 3*4
x: 3
y: 4
Solving node: 12:1
x: 12
y: 1
Solving node: 12*6
x: 12
y: 6
Solving node: 2*8
x: 2
y: 8
Solving node: 9*4
x: 9
y: 4
Solving node: 2*1
x: 2
y: 1
Solving node: 2*6
x: 2
y: 6
Solving node: 63+72
x: 63
y: 72
Solving node: 135+16
x: 135
y: 16
Solving node: 151-5
x: 151
y: 5
Solving node: 146+36
x: 146
y: 36
Solving node: 182-2
x: 182
y: 2
Solving node: 7*9
x: 7
y: 9
Solving node: 3*4
x: 3
y: 4
Solving node: 12:1
x: 12
y: 1
Solving node: 12*6
x: 12
y: 6
Solving node: 2*8
x: 2
y: 8
Solving node: 9*4
x: 9
y: 4
Solving node: 2*1
x: 2
y: 1
Solving node: 2*6
x: 2
y: 6
Solving node: 63+72
x: 63
y: 72
Solving node: 135+16
x: 135
y: 16
Solving node: 151-5
x: 151
y: 5
Solving node: 146+36
x: 146
y: 36
Solving node: 182-2
x: 182
y: 2
Solving node: 180+12
x: 180
y: 12
Solving node: 192+4
x: 192
y: 4
Difference: 196
Last: 4; Last sum: 4
Calculating: 7*9+3*4:1*6+2*8-5+9*4-2*1+2*6+4-1
Solving node: 7*9
x: 7
y: 9
Solving node: 3*4
x: 3
y: 4
Solving node: 12:1
x: 12
y: 1
Solving node: 12*6
x: 12
y: 6
Solving node: 2*8
x: 2
y: 8
Solving node: 9*4
x: 9
y: 4
Solving node: 2*1
x: 2
y: 1
Solving node: 2*6
x: 2
y: 6
Solving node: 63+72
x: 63
y: 72
Solving node: 135+16
x: 135
y: 16
Solving node: 151-5
x: 151
y: 5
Solving node: 146+36
x: 146
y: 36
Solving node: 182-2
x: 182
y: 2
Solving node: 180+12
x: 180
y: 12
Solving node: 192+4
x: 192
y: 4
Solving node: 196-1
x: 196
y: 1
Originallösung: 7*9+3*4:1*6+2*8-5+9*4-2*1+2*6+4-1 = 195
[91/100] 7*9+3*4:1*6+2*8-5+9*4-2*1+2*6+4-1
Testing equation: 7*9+3*4:1*6+2*8-5+9*4-2*1+2*6+4-1
Checking node: 7*9
Solving node: 7*9
x: 7
y: 9
Checking node: 3*4
Solving node: 3*4
x: 3
y: 4
Checking node: 12:1
Solving node: 12:1
x: 12
y: 1
Checking node: 12*6
Solving node: 12*6
x: 12
y: 6
Checking node: 2*8
Solving node: 2*8
x: 2
y: 8
Checking node: 9*4
Solving node: 9*4
x: 9
y: 4
Checking node: 2*1
Solving node: 2*1
x: 2
y: 1
Checking node: 2*6
Solving node: 2*6
x: 2
y: 6
Checking node: 63+72
Solving node: 63+72
x: 63
y: 72
Checking node: 135+16
Solving node: 135+16
x: 135
y: 16
Checking node: 151-5
Solving node: 151-5
x: 151
y: 5
Checking node: 146+36
Solving node: 146+36
x: 146
y: 36
Checking node: 182-2
Solving node: 182-2
x: 182
y: 2
Checking node: 180+12
Solving node: 180+12
x: 180
y: 12
Checking node: 192+4
Solving node: 192+4
x: 192
y: 4
Checking node: 196-1
Solving node: 196-1
x: 196
y: 1
Checking node: 7*9
Checking node: 9+3
Checking node: 3*4
Checking node: 4:1
Checking node: 1*6
Checking node: 6+2
Checking node: 2*8
Checking node: 8-5
Checking node: 5+9
Checking node: 9*4
Checking node: 4-2
Checking node: 2*1
Checking node: 1+2
Checking node: 2*6
Checking node: 6+4
Checking node: 4-1
Difference: 9
Calculating: 9+8
Solving node: 9+8
x: 9
y: 8
Solving node: 9+8
x: 9
y: 8
Difference: 17
Last: 8; Last sum: 8
Calculating: 9+8-7
Solving node: 9+8
x: 9
y: 8
Solving node: 17-7
x: 17
y: 7
Solving node: 9+8
x: 9
y: 8
Solving node: 17-7
x: 17
y: 7
Solving node: 9+8
x: 9
y: 8
Difference: 17-7
Calculating bounds (multiplication)
Previous index: -1 | Last operator index: 2
Upper bound: 1
Solving node: 9+8
x: 9
y: 8
Solving node: 17-7
x: 17
y: 7
Solving node: 9+8
x: 9
y: 8
Difference: 17-7
Calculating: 9+8-7+8
Solving node: 9+8
x: 9
y: 8
Solving node: 17-7
x: 17
y: 7
Solving node: 10+8
x: 10
y: 8
Solving node: 9+8
x: 9
y: 8
Solving node: 17-7
x: 17
y: 7
Solving node: 9+8
x: 9
y: 8
Solving node: 17-7
x: 17
y: 7
Solving node: 10+8
x: 10
y: 8
Difference: 18
Using default bounds (multiplication)
Calculating: 9+8-7+8*5
Solving node: 8*5
x: 8
y: 5
Solving node: 9+8
x: 9
y: 8
Solving node: 17-7
x: 17
y: 7
Solving node: 10+40
x: 10
y: 40
Solving node: 8*5
x: 8
y: 5
Solving node: 9+8
x: 9
y: 8
Solving node: 17-7
x: 17
y: 7
Solving node: 8*5
x: 8
y: 5
Solving node: 9+8
x: 9
y: 8
Solving node: 17-7
x: 17
y: 7
Solving node: 10+40
x: 10
y: 40
Difference: 50
Calculating: 9+8-7+8*5+9
Solving node: 8*5
x: 8
y: 5
Solving node: 9+8
x: 9
y: 8
Solving node: 17-7
x: 17
y: 7
Solving node: 10+40
x: 10
y: 40
Solving node: 50+9
x: 50
y: 9
Solving node: 8*5
x: 8
y: 5
Solving node: 9+8
x: 9
y: 8
Solving node: 17-7
x: 17
y: 7
Solving node: 8*5
x: 8
y: 5
Solving node: 9+8
x: 9
y: 8
Solving node: 17-7
x: 17
y: 7
Solving node: 10+40
x: 10
y: 40
Solving node: 50+9
x: 50
y: 9
Difference: 59
Using default bounds (multiplication)
Calculating: 9+8-7+8*5+9*5
Solving node: 8*5
x: 8
y: 5
Solving node: 9*5
x: 9
y: 5
Solving node: 9+8
x: 9
y: 8
Solving node: 17-7
x: 17
y: 7
Solving node: 10+40
x: 10
y: 40
Solving node: 50+45
x: 50
y: 45
Solving node: 8*5
x: 8
y: 5
Solving node: 9*5
x: 9
y: 5
Solving node: 9+8
x: 9
y: 8
Solving node: 17-7
x: 17
y: 7
Solving node: 8*5
x: 8
y: 5
Solving node: 9*5
x: 9
y: 5
Solving node: 9+8
x: 9
y: 8
Solving node: 17-7
x: 17
y: 7
Solving node: 10+40
x: 10
y: 40
Solving node: 50+45
x: 50
y: 45
Difference: 95
Calculating: 9+8-7+8*5+9*5+3
Solving node: 8*5
x: 8
y: 5
Solving node: 9*5
x: 9
y: 5
Solving node: 9+8
x: 9
y: 8
Solving node: 17-7
x: 17
y: 7
Solving node: 10+40
x: 10
y: 40
Solving node: 50+45
x: 50
y: 45
Solving node: 95+3
x: 95
y: 3
Solving node: 8*5
x: 8
y: 5
Solving node: 9*5
x: 9
y: 5
Solving node: 9+8
x: 9
y: 8
Solving node: 17-7
x: 17
y: 7
Solving node: 8*5
x: 8
y: 5
Solving node: 9*5
x: 9
y: 5
Solving node: 9+8
x: 9
y: 8
Solving node: 17-7
x: 17
y: 7
Solving node: 10+40
x: 10
y: 40
Solving node: 50+45
x: 50
y: 45
Solving node: 95+3
x: 95
y: 3
Difference: 98
Using default bounds (multiplication)
Calculating: 9+8-7+8*5+9*5+3*5
Solving node: 8*5
x: 8
y: 5
Solving node: 9*5
x: 9
y: 5
Solving node: 3*5
x: 3
y: 5
Solving node: 9+8
x: 9
y: 8
Solving node: 17-7
x: 17
y: 7
Solving node: 10+40
x: 10
y: 40
Solving node: 50+45
x: 50
y: 45
Solving node: 95+15
x: 95
y: 15
Solving node: 8*5
x: 8
y: 5
Solving node: 9*5
x: 9
y: 5
Solving node: 3*5
x: 3
y: 5
Solving node: 9+8
x: 9
y: 8
Solving node: 17-7
x: 17
y: 7
Solving node: 8*5
x: 8
y: 5
Solving node: 9*5
x: 9
y: 5
Solving node: 3*5
x: 3
y: 5
Solving node: 9+8
x: 9
y: 8
Solving node: 17-7
x: 17
y: 7
Solving node: 10+40
x: 10
y: 40
Solving node: 50+45
x: 50
y: 45
Solving node: 95+15
x: 95
y: 15
Difference: 110
Calculating: 9+8-7+8*5+9*5+3*5+3
Solving node: 8*5
x: 8
y: 5
Solving node: 9*5
x: 9
y: 5
Solving node: 3*5
x: 3
y: 5
Solving node: 9+8
x: 9
y: 8
Solving node: 17-7
x: 17
y: 7
Solving node: 10+40
x: 10
y: 40
Solving node: 50+45
x: 50
y: 45
Solving node: 95+15
x: 95
y: 15
Solving node: 110+3
x: 110
y: 3
Solving node: 8*5
x: 8
y: 5
Solving node: 9*5
x: 9
y: 5
Solving node: 3*5
x: 3
y: 5
Solving node: 9+8
x: 9
y: 8
Solving node: 17-7
x: 17
y: 7
Solving node: 8*5
x: 8
y: 5
Solving node: 9*5
x: 9
y: 5
Solving node: 3*5
x: 3
y: 5
Solving node: 9+8
x: 9
y: 8
Solving node: 17-7
x: 17
y: 7
Solving node: 10+40
x: 10
y: 40
Solving node: 50+45
x: 50
y: 45
Solving node: 95+15
x: 95
y: 15
Solving node: 110+3
x: 110
y: 3
Difference: 113
Using default bounds (multiplication)
Calculating: 9+8-7+8*5+9*5+3*5+3*8
Solving node: 8*5
x: 8
y: 5
Solving node: 9*5
x: 9
y: 5
Solving node: 3*5
x: 3
y: 5
Solving node: 3*8
x: 3
y: 8
Solving node: 9+8
x: 9
y: 8
Solving node: 17-7
x: 17
y: 7
Solving node: 10+40
x: 10
y: 40
Solving node: 50+45
x: 50
y: 45
Solving node: 95+15
x: 95
y: 15
Solving node: 110+24
x: 110
y: 24
Solving node: 8*5
x: 8
y: 5
Solving node: 9*5
x: 9
y: 5
Solving node: 3*5
x: 3
y: 5
Solving node: 3*8
x: 3
y: 8
Solving node: 9+8
x: 9
y: 8
Solving node: 17-7
x: 17
y: 7
Solving node: 8*5
x: 8
y: 5
Solving node: 9*5
x: 9
y: 5
Solving node: 3*5
x: 3
y: 5
Solving node: 3*8
x: 3
y: 8
Solving node: 9+8
x: 9
y: 8
Solving node: 17-7
x: 17
y: 7
Solving node: 10+40
x: 10
y: 40
Solving node: 50+45
x: 50
y: 45
Solving node: 95+15
x: 95
y: 15
Solving node: 110+24
x: 110
y: 24
Difference: 134
Calculating: 9+8-7+8*5+9*5+3*5+3*8:2
Solving node: 8*5
x: 8
y: 5
Solving node: 9*5
x: 9
y: 5
Solving node: 3*5
x: 3
y: 5
Solving node: 3*8
x: 3
y: 8
Solving node: 24:2
x: 24
y: 2
Solving node: 9+8
x: 9
y: 8
Solving node: 17-7
x: 17
y: 7
Solving node: 10+40
x: 10
y: 40
Solving node: 50+45
x: 50
y: 45
Solving node: 95+15
x: 95
y: 15
Solving node: 110+12
x: 110
y: 12
Solving node: 8*5
x: 8
y: 5
Solving node: 9*5
x: 9
y: 5
Solving node: 3*5
x: 3
y: 5
Solving node: 3*8
x: 3
y: 8
Solving node: 24:2
x: 24
y: 2
Solving node: 9+8
x: 9
y: 8
Solving node: 17-7
x: 17
y: 7
Solving node: 8*5
x: 8
y: 5
Solving node: 9*5
x: 9
y: 5
Solving node: 3*5
x: 3
y: 5
Solving node: 3*8
x: 3
y: 8
Solving node: 24:2
x: 24
y: 2
Solving node: 9+8
x: 9
y: 8
Solving node: 17-7
x: 17
y: 7
Solving node: 10+40
x: 10
y: 40
Solving node: 50+45
x: 50
y: 45
Solving node: 95+15
x: 95
y: 15
Solving node: 110+12
x: 110
y: 12
Difference: 122
Using default bounds (multiplication)
Calculating: 9+8-7+8*5+9*5+3*5+3*8:2*8
Solving node: 8*5
x: 8
y: 5
Solving node: 9*5
x: 9
y: 5
Solving node: 3*5
x: 3
y: 5
Solving node: 3*8
x: 3
y: 8
Solving node: 24:2
x: 24
y: 2
Solving node: 12*8
x: 12
y: 8
Solving node: 9+8
x: 9
y: 8
Solving node: 17-7
x: 17
y: 7
Solving node: 10+40
x: 10
y: 40
Solving node: 50+45
x: 50
y: 45
Solving node: 95+15
x: 95
y: 15
Solving node: 110+96
x: 110
y: 96
Solving node: 8*5
x: 8
y: 5
Solving node: 9*5
x: 9
y: 5
Solving node: 3*5
x: 3
y: 5
Solving node: 3*8
x: 3
y: 8
Solving node: 24:2
x: 24
y: 2
Solving node: 12*8
x: 12
y: 8
Solving node: 9+8
x: 9
y: 8
Solving node: 17-7
x: 17
y: 7
Solving node: 8*5
x: 8
y: 5
Solving node: 9*5
x: 9
y: 5
Solving node: 3*5
x: 3
y: 5
Solving node: 3*8
x: 3
y: 8
Solving node: 24:2
x: 24
y: 2
Solving node: 12*8
x: 12
y: 8
Solving node: 9+8
x: 9
y: 8
Solving node: 17-7
x: 17
y: 7
Solving node: 10+40
x: 10
y: 40
Solving node: 50+45
x: 50
y: 45
Solving node: 95+15
x: 95
y: 15
Solving node: 110+96
x: 110
y: 96
Difference: 206
Last: 8; Last sum: 96
Calculating: 9+8-7+8*5+9*5+3*5+3*8:2*8-6
Solving node: 8*5
x: 8
y: 5
Solving node: 9*5
x: 9
y: 5
Solving node: 3*5
x: 3
y: 5
Solving node: 3*8
x: 3
y: 8
Solving node: 24:2
x: 24
y: 2
Solving node: 12*8
x: 12
y: 8
Solving node: 9+8
x: 9
y: 8
Solving node: 17-7
x: 17
y: 7
Solving node: 10+40
x: 10
y: 40
Solving node: 50+45
x: 50
y: 45
Solving node: 95+15
x: 95
y: 15
Solving node: 110+96
x: 110
y: 96
Solving node: 206-6
x: 206
y: 6
Solving node: 8*5
x: 8
y: 5
Solving node: 9*5
x: 9
y: 5
Solving node: 3*5
x: 3
y: 5
Solving node: 3*8
x: 3
y: 8
Solving node: 24:2
x: 24
y: 2
Solving node: 12*8
x: 12
y: 8
Solving node: 9+8
x: 9
y: 8
Solving node: 17-7
x: 17
y: 7
Solving node: 10+40
x: 10
y: 40
Solving node: 50+45
x: 50
y: 45
Solving node: 95+15
x: 95
y: 15
Solving node: 110+96
x: 110
y: 96
Solving node: 206-6
x: 206
y: 6
Solving node: 8*5
x: 8
y: 5
Solving node: 9*5
x: 9
y: 5
Solving node: 3*5
x: 3
y: 5
Solving node: 3*8
x: 3
y: 8
Solving node: 24:2
x: 24
y: 2
Solving node: 12*8
x: 12
y: 8
Solving node: 9+8
x: 9
y: 8
Solving node: 17-7
x: 17
y: 7
Solving node: 10+40
x: 10
y: 40
Solving node: 50+45
x: 50
y: 45
Solving node: 95+15
x: 95
y: 15
Solving node: 110+96
x: 110
y: 96
Difference: 206-6
Previous index: -1 | Last operator index: 3
Calculating: 9+8-7+8*5+9*5+3*5+3*8:2*8-6:3
Solving node: 8*5
x: 8
y: 5
Solving node: 9*5
x: 9
y: 5
Solving node: 3*5
x: 3
y: 5
Solving node: 3*8
x: 3
y: 8
Solving node: 24:2
x: 24
y: 2
Solving node: 12*8
x: 12
y: 8
Solving node: 6:3
x: 6
y: 3
Solving node: 9+8
x: 9
y: 8
Solving node: 17-7
x: 17
y: 7
Solving node: 10+40
x: 10
y: 40
Solving node: 50+45
x: 50
y: 45
Solving node: 95+15
x: 95
y: 15
Solving node: 110+96
x: 110
y: 96
Solving node: 206-2
x: 206
y: 2
Solving node: 8*5
x: 8
y: 5
Solving node: 9*5
x: 9
y: 5
Solving node: 3*5
x: 3
y: 5
Solving node: 3*8
x: 3
y: 8
Solving node: 24:2
x: 24
y: 2
Solving node: 12*8
x: 12
y: 8
Solving node: 6:3
x: 6
y: 3
Solving node: 9+8
x: 9
y: 8
Solving node: 17-7
x: 17
y: 7
Solving node: 10+40
x: 10
y: 40
Solving node: 50+45
x: 50
y: 45
Solving node: 95+15
x: 95
y: 15
Solving node: 110+96
x: 110
y: 96
Solving node: 206-2
x: 206
y: 2
Solving node: 8*5
x: 8
y: 5
Solving node: 9*5
x: 9
y: 5
Solving node: 3*5
x: 3
y: 5
Solving node: 3*8
x: 3
y: 8
Solving node: 24:2
x: 24
y: 2
Solving node: 12*8
x: 12
y: 8
Solving node: 6:3
x: 6
y: 3
Solving node: 9+8
x: 9
y: 8
Solving node: 17-7
x: 17
y: 7
Solving node: 10+40
x: 10
y: 40
Solving node: 50+45
x: 50
y: 45
Solving node: 95+15
x: 95
y: 15
Solving node: 110+96
x: 110
y: 96
Difference: 206-2
Last: 3; Last sum: 204
Calculating: 9+8-7+8*5+9*5+3*5+3*8:2*8-6:3-2
Solving node: 8*5
x: 8
y: 5
Solving node: 9*5
x: 9
y: 5
Solving node: 3*5
x: 3
y: 5
Solving node: 3*8
x: 3
y: 8
Solving node: 24:2
x: 24
y: 2
Solving node: 12*8
x: 12
y: 8
Solving node: 6:3
x: 6
y: 3
Solving node: 9+8
x: 9
y: 8
Solving node: 17-7
x: 17
y: 7
Solving node: 10+40
x: 10
y: 40
Solving node: 50+45
x: 50
y: 45
Solving node: 95+15
x: 95
y: 15
Solving node: 110+96
x: 110
y: 96
Solving node: 206-2
x: 206
y: 2
Solving node: 204-2
x: 204
y: 2
Solving node: 8*5
x: 8
y: 5
Solving node: 9*5
x: 9
y: 5
Solving node: 3*5
x: 3
y: 5
Solving node: 3*8
x: 3
y: 8
Solving node: 24:2
x: 24
y: 2
Solving node: 12*8
x: 12
y: 8
Solving node: 6:3
x: 6
y: 3
Solving node: 9+8
x: 9
y: 8
Solving node: 17-7
x: 17
y: 7
Solving node: 10+40
x: 10
y: 40
Solving node: 50+45
x: 50
y: 45
Solving node: 95+15
x: 95
y: 15
Solving node: 110+96
x: 110
y: 96
Solving node: 206-2
x: 206
y: 2
Solving node: 204-2
x: 204
y: 2
Solving node: 8*5
x: 8
y: 5
Solving node: 9*5
x: 9
y: 5
Solving node: 3*5
x: 3
y: 5
Solving node: 3*8
x: 3
y: 8
Solving node: 24:2
x: 24
y: 2
Solving node: 12*8
x: 12
y: 8
Solving node: 6:3
x: 6
y: 3
Solving node: 9+8
x: 9
y: 8
Solving node: 17-7
x: 17
y: 7
Solving node: 10+40
x: 10
y: 40
Solving node: 50+45
x: 50
y: 45
Solving node: 95+15
x: 95
y: 15
Solving node: 110+96
x: 110
y: 96
Difference: 206-2-2
Calculating bounds (multiplication)
Previous index: 3 | Last operator index: 5
Upper bound: 0
Solving node: 8*5
x: 8
y: 5
Solving node: 9*5
x: 9
y: 5
Solving node: 3*5
x: 3
y: 5
Solving node: 3*8
x: 3
y: 8
Solving node: 24:2
x: 24
y: 2
Solving node: 12*8
x: 12
y: 8
Solving node: 6:3
x: 6
y: 3
Solving node: 9+8
x: 9
y: 8
Solving node: 17-7
x: 17
y: 7
Solving node: 10+40
x: 10
y: 40
Solving node: 50+45
x: 50
y: 45
Solving node: 95+15
x: 95
y: 15
Solving node: 110+96
x: 110
y: 96
Solving node: 206-2
x: 206
y: 2
Solving node: 204-2
x: 204
y: 2
Solving node: 8*5
x: 8
y: 5
Solving node: 9*5
x: 9
y: 5
Solving node: 3*5
x: 3
y: 5
Solving node: 3*8
x: 3
y: 8
Solving node: 24:2
x: 24
y: 2
Solving node: 12*8
x: 12
y: 8
Solving node: 6:3
x: 6
y: 3
Solving node: 9+8
x: 9
y: 8
Solving node: 17-7
x: 17
y: 7
Solving node: 10+40
x: 10
y: 40
Solving node: 50+45
x: 50
y: 45
Solving node: 95+15
x: 95
y: 15
Solving node: 110+96
x: 110
y: 96
Difference: 206-2-2
Calculating: 9+8-7+8*5+9*5+3*5+3*8:2*8-6:3-2+3
Solving node: 8*5
x: 8
y: 5
Solving node: 9*5
x: 9
y: 5
Solving node: 3*5
x: 3
y: 5
Solving node: 3*8
x: 3
y: 8
Solving node: 24:2
x: 24
y: 2
Solving node: 12*8
x: 12
y: 8
Solving node: 6:3
x: 6
y: 3
Solving node: 9+8
x: 9
y: 8
Solving node: 17-7
x: 17
y: 7
Solving node: 10+40
x: 10
y: 40
Solving node: 50+45
x: 50
y: 45
Solving node: 95+15
x: 95
y: 15
Solving node: 110+96
x: 110
y: 96
Solving node: 206-2
x: 206
y: 2
Solving node: 204-2
x: 204
y: 2
Solving node: 202+3
x: 202
y: 3
Originallösung: 9+8-7+8*5+9*5+3*5+3*8:2*8-6:3-2+3 = 205
[92/100] 9+8-7+8*5+9*5+3*5+3*8:2*8-6:3-2+3
Testing equation: 9+8-7+8*5+9*5+3*5+3*8:2*8-6:3-2+3
Checking node: 8*5
Solving node: 8*5
x: 8
y: 5
Checking node: 9*5
Solving node: 9*5
x: 9
y: 5
Checking node: 3*5
Solving node: 3*5
x: 3
y: 5
Checking node: 3*8
Solving node: 3*8
x: 3
y: 8
Checking node: 24:2
Solving node: 24:2
x: 24
y: 2
Checking node: 12*8
Solving node: 12*8
x: 12
y: 8
Checking node: 6:3
Solving node: 6:3
x: 6
y: 3
Checking node: 9+8
Solving node: 9+8
x: 9
y: 8
Checking node: 17-7
Solving node: 17-7
x: 17
y: 7
Checking node: 10+40
Solving node: 10+40
x: 10
y: 40
Checking node: 50+45
Solving node: 50+45
x: 50
y: 45
Checking node: 95+15
Solving node: 95+15
x: 95
y: 15
Checking node: 110+96
Solving node: 110+96
x: 110
y: 96
Checking node: 206-2
Solving node: 206-2
x: 206
y: 2
Checking node: 204-2
Solving node: 204-2
x: 204
y: 2
Checking node: 202+3
Solving node: 202+3
x: 202
y: 3
Checking node: 9+8
Checking node: 8-7
Checking node: 7+8
Checking node: 8*5
Checking node: 5+9
Checking node: 9*5
Checking node: 5+3
Checking node: 3*5
Checking node: 5+3
Checking node: 3*8
Checking node: 8:2
Checking node: 2*8
Checking node: 8-6
Checking node: 6:3
Checking node: 3-2
Checking node: 2+3
Difference: 5
Using default bounds (multiplication)
Calculating: 5*2
Solving node: 5*2
x: 5
y: 2
Solving node: 5*2
x: 5
y: 2
Solving node: 5*2
x: 5
y: 2
Difference: 10
Calculating: 5*2+9
Solving node: 5*2
x: 5
y: 2
Solving node: 10+9
x: 10
y: 9
Solving node: 5*2
x: 5
y: 2
Solving node: 5*2
x: 5
y: 2
Solving node: 10+9
x: 10
y: 9
Difference: 19
Last: 9; Last sum: 9
Calculating: 5*2+9-2
Solving node: 5*2
x: 5
y: 2
Solving node: 10+9
x: 10
y: 9
Solving node: 19-2
x: 19
y: 2
Solving node: 5*2
x: 5
y: 2
Solving node: 10+9
x: 10
y: 9
Solving node: 19-2
x: 19
y: 2
Solving node: 5*2
x: 5
y: 2
Solving node: 10+9
x: 10
y: 9
Difference: 19-2
Calculating: 5*2+9-2+3
Solving node: 5*2
x: 5
y: 2
Solving node: 10+9
x: 10
y: 9
Solving node: 19-2
x: 19
y: 2
Solving node: 17+3
x: 17
y: 3
Solving node: 5*2
x: 5
y: 2
Solving node: 10+9
x: 10
y: 9
Solving node: 19-2
x: 19
y: 2
Solving node: 5*2
x: 5
y: 2
Solving node: 10+9
x: 10
y: 9
Solving node: 19-2
x: 19
y: 2
Solving node: 17+3
x: 17
y: 3
Difference: 20
Using default bounds (multiplication)
Calculating: 5*2+9-2+3*5
Solving node: 5*2
x: 5
y: 2
Solving node: 3*5
x: 3
y: 5
Solving node: 10+9
x: 10
y: 9
Solving node: 19-2
x: 19
y: 2
Solving node: 17+15
x: 17
y: 15
Solving node: 5*2
x: 5
y: 2
Solving node: 3*5
x: 3
y: 5
Solving node: 10+9
x: 10
y: 9
Solving node: 19-2
x: 19
y: 2
Solving node: 5*2
x: 5
y: 2
Solving node: 3*5
x: 3
y: 5
Solving node: 10+9
x: 10
y: 9
Solving node: 19-2
x: 19
y: 2
Solving node: 17+15
x: 17
y: 15
Difference: 32
Last: 5; Last sum: 15
Calculating: 5*2+9-2+3*5-1
Solving node: 5*2
x: 5
y: 2
Solving node: 3*5
x: 3
y: 5
Solving node: 10+9
x: 10
y: 9
Solving node: 19-2
x: 19
y: 2
Solving node: 17+15
x: 17
y: 15
Solving node: 32-1
x: 32
y: 1
Solving node: 5*2
x: 5
y: 2
Solving node: 3*5
x: 3
y: 5
Solving node: 10+9
x: 10
y: 9
Solving node: 19-2
x: 19
y: 2
Solving node: 17+15
x: 17
y: 15
Solving node: 32-1
x: 32
y: 1
Solving node: 5*2
x: 5
y: 2
Solving node: 3*5
x: 3
y: 5
Solving node: 10+9
x: 10
y: 9
Solving node: 19-2
x: 19
y: 2
Solving node: 17+15
x: 17
y: 15
Difference: 32-1
Calculating bounds (multiplication)
Previous index: -1 | Last operator index: 2
Upper bound: 1
Solving node: 5*2
x: 5
y: 2
Solving node: 3*5
x: 3
y: 5
Solving node: 10+9
x: 10
y: 9
Solving node: 19-2
x: 19
y: 2
Solving node: 17+15
x: 17
y: 15
Solving node: 32-1
x: 32
y: 1
Solving node: 5*2
x: 5
y: 2
Solving node: 3*5
x: 3
y: 5
Solving node: 10+9
x: 10
y: 9
Solving node: 19-2
x: 19
y: 2
Solving node: 17+15
x: 17
y: 15
Difference: 32-1
Calculating: 5*2+9-2+3*5-1+8
Solving node: 5*2
x: 5
y: 2
Solving node: 3*5
x: 3
y: 5
Solving node: 10+9
x: 10
y: 9
Solving node: 19-2
x: 19
y: 2
Solving node: 17+15
x: 17
y: 15
Solving node: 32-1
x: 32
y: 1
Solving node: 31+8
x: 31
y: 8
Solving node: 5*2
x: 5
y: 2
Solving node: 3*5
x: 3
y: 5
Solving node: 10+9
x: 10
y: 9
Solving node: 19-2
x: 19
y: 2
Solving node: 17+15
x: 17
y: 15
Solving node: 32-1
x: 32
y: 1
Solving node: 5*2
x: 5
y: 2
Solving node: 3*5
x: 3
y: 5
Solving node: 10+9
x: 10
y: 9
Solving node: 19-2
x: 19
y: 2
Solving node: 17+15
x: 17
y: 15
Solving node: 32-1
x: 32
y: 1
Solving node: 31+8
x: 31
y: 8
Difference: 39
Calculating: 5*2+9-2+3*5-1+8:1
Solving node: 5*2
x: 5
y: 2
Solving node: 3*5
x: 3
y: 5
Solving node: 8:1
x: 8
y: 1
Solving node: 10+9
x: 10
y: 9
Solving node: 19-2
x: 19
y: 2
Solving node: 17+15
x: 17
y: 15
Solving node: 32-1
x: 32
y: 1
Solving node: 31+8
x: 31
y: 8
Solving node: 5*2
x: 5
y: 2
Solving node: 3*5
x: 3
y: 5
Solving node: 8:1
x: 8
y: 1
Solving node: 10+9
x: 10
y: 9
Solving node: 19-2
x: 19
y: 2
Solving node: 17+15
x: 17
y: 15
Solving node: 32-1
x: 32
y: 1
Solving node: 5*2
x: 5
y: 2
Solving node: 3*5
x: 3
y: 5
Solving node: 8:1
x: 8
y: 1
Solving node: 10+9
x: 10
y: 9
Solving node: 19-2
x: 19
y: 2
Solving node: 17+15
x: 17
y: 15
Solving node: 32-1
x: 32
y: 1
Solving node: 31+8
x: 31
y: 8
Difference: 39
Calculating: 5*2+9-2+3*5-1+8:1+7
Solving node: 5*2
x: 5
y: 2
Solving node: 3*5
x: 3
y: 5
Solving node: 8:1
x: 8
y: 1
Solving node: 10+9
x: 10
y: 9
Solving node: 19-2
x: 19
y: 2
Solving node: 17+15
x: 17
y: 15
Solving node: 32-1
x: 32
y: 1
Solving node: 31+8
x: 31
y: 8
Solving node: 39+7
x: 39
y: 7
Solving node: 5*2
x: 5
y: 2
Solving node: 3*5
x: 3
y: 5
Solving node: 8:1
x: 8
y: 1
Solving node: 10+9
x: 10
y: 9
Solving node: 19-2
x: 19
y: 2
Solving node: 17+15
x: 17
y: 15
Solving node: 32-1
x: 32
y: 1
Solving node: 5*2
x: 5
y: 2
Solving node: 3*5
x: 3
y: 5
Solving node: 8:1
x: 8
y: 1
Solving node: 10+9
x: 10
y: 9
Solving node: 19-2
x: 19
y: 2
Solving node: 17+15
x: 17
y: 15
Solving node: 32-1
x: 32
y: 1
Solving node: 31+8
x: 31
y: 8
Solving node: 39+7
x: 39
y: 7
Difference: 46
Last: 7; Last sum: 7
Calculating: 5*2+9-2+3*5-1+8:1+7-2
Solving node: 5*2
x: 5
y: 2
Solving node: 3*5
x: 3
y: 5
Solving node: 8:1
x: 8
y: 1
Solving node: 10+9
x: 10
y: 9
Solving node: 19-2
x: 19
y: 2
Solving node: 17+15
x: 17
y: 15
Solving node: 32-1
x: 32
y: 1
Solving node: 31+8
x: 31
y: 8
Solving node: 39+7
x: 39
y: 7
Solving node: 46-2
x: 46
y: 2
Solving node: 5*2
x: 5
y: 2
Solving node: 3*5
x: 3
y: 5
Solving node: 8:1
x: 8
y: 1
Solving node: 10+9
x: 10
y: 9
Solving node: 19-2
x: 19
y: 2
Solving node: 17+15
x: 17
y: 15
Solving node: 32-1
x: 32
y: 1
Solving node: 31+8
x: 31
y: 8
Solving node: 39+7
x: 39
y: 7
Solving node: 46-2
x: 46
y: 2
Solving node: 5*2
x: 5
y: 2
Solving node: 3*5
x: 3
y: 5
Solving node: 8:1
x: 8
y: 1
Solving node: 10+9
x: 10
y: 9
Solving node: 19-2
x: 19
y: 2
Solving node: 17+15
x: 17
y: 15
Solving node: 32-1
x: 32
y: 1
Solving node: 31+8
x: 31
y: 8
Solving node: 39+7
x: 39
y: 7
Difference: 46-2
Calculating bounds (multiplication)
Previous index: -1 | Last operator index: 2
Upper bound: 2
Calculating: 5*2+9-2+3*5-1+8:1+7-2*1
Solving node: 5*2
x: 5
y: 2
Solving node: 3*5
x: 3
y: 5
Solving node: 8:1
x: 8
y: 1
Solving node: 2*1
x: 2
y: 1
Solving node: 10+9
x: 10
y: 9
Solving node: 19-2
x: 19
y: 2
Solving node: 17+15
x: 17
y: 15
Solving node: 32-1
x: 32
y: 1
Solving node: 31+8
x: 31
y: 8
Solving node: 39+7
x: 39
y: 7
Solving node: 46-2
x: 46
y: 2
Solving node: 5*2
x: 5
y: 2
Solving node: 3*5
x: 3
y: 5
Solving node: 8:1
x: 8
y: 1
Solving node: 2*1
x: 2
y: 1
Solving node: 10+9
x: 10
y: 9
Solving node: 19-2
x: 19
y: 2
Solving node: 17+15
x: 17
y: 15
Solving node: 32-1
x: 32
y: 1
Solving node: 31+8
x: 31
y: 8
Solving node: 39+7
x: 39
y: 7
Solving node: 46-2
x: 46
y: 2
Solving node: 5*2
x: 5
y: 2
Solving node: 3*5
x: 3
y: 5
Solving node: 8:1
x: 8
y: 1
Solving node: 2*1
x: 2
y: 1
Solving node: 10+9
x: 10
y: 9
Solving node: 19-2
x: 19
y: 2
Solving node: 17+15
x: 17
y: 15
Solving node: 32-1
x: 32
y: 1
Solving node: 31+8
x: 31
y: 8
Solving node: 39+7
x: 39
y: 7
Difference: 46-2
Calculating: 5*2+9-2+3*5-1+8:1+7-2*1+4
Solving node: 5*2
x: 5
y: 2
Solving node: 3*5
x: 3
y: 5
Solving node: 8:1
x: 8
y: 1
Solving node: 2*1
x: 2
y: 1
Solving node: 10+9
x: 10
y: 9
Solving node: 19-2
x: 19
y: 2
Solving node: 17+15
x: 17
y: 15
Solving node: 32-1
x: 32
y: 1
Solving node: 31+8
x: 31
y: 8
Solving node: 39+7
x: 39
y: 7
Solving node: 46-2
x: 46
y: 2
Solving node: 44+4
x: 44
y: 4
Solving node: 5*2
x: 5
y: 2
Solving node: 3*5
x: 3
y: 5
Solving node: 8:1
x: 8
y: 1
Solving node: 2*1
x: 2
y: 1
Solving node: 10+9
x: 10
y: 9
Solving node: 19-2
x: 19
y: 2
Solving node: 17+15
x: 17
y: 15
Solving node: 32-1
x: 32
y: 1
Solving node: 31+8
x: 31
y: 8
Solving node: 39+7
x: 39
y: 7
Solving node: 46-2
x: 46
y: 2
Solving node: 5*2
x: 5
y: 2
Solving node: 3*5
x: 3
y: 5
Solving node: 8:1
x: 8
y: 1
Solving node: 2*1
x: 2
y: 1
Solving node: 10+9
x: 10
y: 9
Solving node: 19-2
x: 19
y: 2
Solving node: 17+15
x: 17
y: 15
Solving node: 32-1
x: 32
y: 1
Solving node: 31+8
x: 31
y: 8
Solving node: 39+7
x: 39
y: 7
Solving node: 46-2
x: 46
y: 2
Solving node: 44+4
x: 44
y: 4
Difference: 48
Last: 4; Last sum: 4
Calculating: 5*2+9-2+3*5-1+8:1+7-2*1+4-1
Solving node: 5*2
x: 5
y: 2
Solving node: 3*5
x: 3
y: 5
Solving node: 8:1
x: 8
y: 1
Solving node: 2*1
x: 2
y: 1
Solving node: 10+9
x: 10
y: 9
Solving node: 19-2
x: 19
y: 2
Solving node: 17+15
x: 17
y: 15
Solving node: 32-1
x: 32
y: 1
Solving node: 31+8
x: 31
y: 8
Solving node: 39+7
x: 39
y: 7
Solving node: 46-2
x: 46
y: 2
Solving node: 44+4
x: 44
y: 4
Solving node: 48-1
x: 48
y: 1
Solving node: 5*2
x: 5
y: 2
Solving node: 3*5
x: 3
y: 5
Solving node: 8:1
x: 8
y: 1
Solving node: 2*1
x: 2
y: 1
Solving node: 10+9
x: 10
y: 9
Solving node: 19-2
x: 19
y: 2
Solving node: 17+15
x: 17
y: 15
Solving node: 32-1
x: 32
y: 1
Solving node: 31+8
x: 31
y: 8
Solving node: 39+7
x: 39
y: 7
Solving node: 46-2
x: 46
y: 2
Solving node: 44+4
x: 44
y: 4
Solving node: 48-1
x: 48
y: 1
Solving node: 5*2
x: 5
y: 2
Solving node: 3*5
x: 3
y: 5
Solving node: 8:1
x: 8
y: 1
Solving node: 2*1
x: 2
y: 1
Solving node: 10+9
x: 10
y: 9
Solving node: 19-2
x: 19
y: 2
Solving node: 17+15
x: 17
y: 15
Solving node: 32-1
x: 32
y: 1
Solving node: 31+8
x: 31
y: 8
Solving node: 39+7
x: 39
y: 7
Solving node: 46-2
x: 46
y: 2
Solving node: 44+4
x: 44
y: 4
Difference: 48-1
Calculating bounds (multiplication)
Previous index: -1 | Last operator index: 2
Upper bound: 1
Solving node: 5*2
x: 5
y: 2
Solving node: 3*5
x: 3
y: 5
Solving node: 8:1
x: 8
y: 1
Solving node: 2*1
x: 2
y: 1
Solving node: 10+9
x: 10
y: 9
Solving node: 19-2
x: 19
y: 2
Solving node: 17+15
x: 17
y: 15
Solving node: 32-1
x: 32
y: 1
Solving node: 31+8
x: 31
y: 8
Solving node: 39+7
x: 39
y: 7
Solving node: 46-2
x: 46
y: 2
Solving node: 44+4
x: 44
y: 4
Solving node: 48-1
x: 48
y: 1
Solving node: 5*2
x: 5
y: 2
Solving node: 3*5
x: 3
y: 5
Solving node: 8:1
x: 8
y: 1
Solving node: 2*1
x: 2
y: 1
Solving node: 10+9
x: 10
y: 9
Solving node: 19-2
x: 19
y: 2
Solving node: 17+15
x: 17
y: 15
Solving node: 32-1
x: 32
y: 1
Solving node: 31+8
x: 31
y: 8
Solving node: 39+7
x: 39
y: 7
Solving node: 46-2
x: 46
y: 2
Solving node: 44+4
x: 44
y: 4
Difference: 48-1
Calculating: 5*2+9-2+3*5-1+8:1+7-2*1+4-1+4
Solving node: 5*2
x: 5
y: 2
Solving node: 3*5
x: 3
y: 5
Solving node: 8:1
x: 8
y: 1
Solving node: 2*1
x: 2
y: 1
Solving node: 10+9
x: 10
y: 9
Solving node: 19-2
x: 19
y: 2
Solving node: 17+15
x: 17
y: 15
Solving node: 32-1
x: 32
y: 1
Solving node: 31+8
x: 31
y: 8
Solving node: 39+7
x: 39
y: 7
Solving node: 46-2
x: 46
y: 2
Solving node: 44+4
x: 44
y: 4
Solving node: 48-1
x: 48
y: 1
Solving node: 47+4
x: 47
y: 4
Solving node: 5*2
x: 5
y: 2
Solving node: 3*5
x: 3
y: 5
Solving node: 8:1
x: 8
y: 1
Solving node: 2*1
x: 2
y: 1
Solving node: 10+9
x: 10
y: 9
Solving node: 19-2
x: 19
y: 2
Solving node: 17+15
x: 17
y: 15
Solving node: 32-1
x: 32
y: 1
Solving node: 31+8
x: 31
y: 8
Solving node: 39+7
x: 39
y: 7
Solving node: 46-2
x: 46
y: 2
Solving node: 44+4
x: 44
y: 4
Solving node: 48-1
x: 48
y: 1
Solving node: 5*2
x: 5
y: 2
Solving node: 3*5
x: 3
y: 5
Solving node: 8:1
x: 8
y: 1
Solving node: 2*1
x: 2
y: 1
Solving node: 10+9
x: 10
y: 9
Solving node: 19-2
x: 19
y: 2
Solving node: 17+15
x: 17
y: 15
Solving node: 32-1
x: 32
y: 1
Solving node: 31+8
x: 31
y: 8
Solving node: 39+7
x: 39
y: 7
Solving node: 46-2
x: 46
y: 2
Solving node: 44+4
x: 44
y: 4
Solving node: 48-1
x: 48
y: 1
Solving node: 47+4
x: 47
y: 4
Difference: 51
Using default bounds (multiplication)
Calculating: 5*2+9-2+3*5-1+8:1+7-2*1+4-1+4*8
Solving node: 5*2
x: 5
y: 2
Solving node: 3*5
x: 3
y: 5
Solving node: 8:1
x: 8
y: 1
Solving node: 2*1
x: 2
y: 1
Solving node: 4*8
x: 4
y: 8
Solving node: 10+9
x: 10
y: 9
Solving node: 19-2
x: 19
y: 2
Solving node: 17+15
x: 17
y: 15
Solving node: 32-1
x: 32
y: 1
Solving node: 31+8
x: 31
y: 8
Solving node: 39+7
x: 39
y: 7
Solving node: 46-2
x: 46
y: 2
Solving node: 44+4
x: 44
y: 4
Solving node: 48-1
x: 48
y: 1
Solving node: 47+32
x: 47
y: 32
Solving node: 5*2
x: 5
y: 2
Solving node: 3*5
x: 3
y: 5
Solving node: 8:1
x: 8
y: 1
Solving node: 2*1
x: 2
y: 1
Solving node: 4*8
x: 4
y: 8
Solving node: 10+9
x: 10
y: 9
Solving node: 19-2
x: 19
y: 2
Solving node: 17+15
x: 17
y: 15
Solving node: 32-1
x: 32
y: 1
Solving node: 31+8
x: 31
y: 8
Solving node: 39+7
x: 39
y: 7
Solving node: 46-2
x: 46
y: 2
Solving node: 44+4
x: 44
y: 4
Solving node: 48-1
x: 48
y: 1
Solving node: 5*2
x: 5
y: 2
Solving node: 3*5
x: 3
y: 5
Solving node: 8:1
x: 8
y: 1
Solving node: 2*1
x: 2
y: 1
Solving node: 4*8
x: 4
y: 8
Solving node: 10+9
x: 10
y: 9
Solving node: 19-2
x: 19
y: 2
Solving node: 17+15
x: 17
y: 15
Solving node: 32-1
x: 32
y: 1
Solving node: 31+8
x: 31
y: 8
Solving node: 39+7
x: 39
y: 7
Solving node: 46-2
x: 46
y: 2
Solving node: 44+4
x: 44
y: 4
Solving node: 48-1
x: 48
y: 1
Solving node: 47+32
x: 47
y: 32
Difference: 79
Calculating: 5*2+9-2+3*5-1+8:1+7-2*1+4-1+4*8+4
Solving node: 5*2
x: 5
y: 2
Solving node: 3*5
x: 3
y: 5
Solving node: 8:1
x: 8
y: 1
Solving node: 2*1
x: 2
y: 1
Solving node: 4*8
x: 4
y: 8
Solving node: 10+9
x: 10
y: 9
Solving node: 19-2
x: 19
y: 2
Solving node: 17+15
x: 17
y: 15
Solving node: 32-1
x: 32
y: 1
Solving node: 31+8
x: 31
y: 8
Solving node: 39+7
x: 39
y: 7
Solving node: 46-2
x: 46
y: 2
Solving node: 44+4
x: 44
y: 4
Solving node: 48-1
x: 48
y: 1
Solving node: 47+32
x: 47
y: 32
Solving node: 79+4
x: 79
y: 4
Originallösung: 5*2+9-2+3*5-1+8:1+7-2*1+4-1+4*8+4 = 83
[93/100] 5*2+9-2+3*5-1+8:1+7-2*1+4-1+4*8+4
Testing equation: 5*2+9-2+3*5-1+8:1+7-2*1+4-1+4*8+4
Checking node: 5*2
Solving node: 5*2
x: 5
y: 2
Checking node: 3*5
Solving node: 3*5
x: 3
y: 5
Checking node: 8:1
Solving node: 8:1
x: 8
y: 1
Checking node: 2*1
Solving node: 2*1
x: 2
y: 1
Checking node: 4*8
Solving node: 4*8
x: 4
y: 8
Checking node: 10+9
Solving node: 10+9
x: 10
y: 9
Checking node: 19-2
Solving node: 19-2
x: 19
y: 2
Checking node: 17+15
Solving node: 17+15
x: 17
y: 15
Checking node: 32-1
Solving node: 32-1
x: 32
y: 1
Checking node: 31+8
Solving node: 31+8
x: 31
y: 8
Checking node: 39+7
Solving node: 39+7
x: 39
y: 7
Checking node: 46-2
Solving node: 46-2
x: 46
y: 2
Checking node: 44+4
Solving node: 44+4
x: 44
y: 4
Checking node: 48-1
Solving node: 48-1
x: 48
y: 1
Checking node: 47+32
Solving node: 47+32
x: 47
y: 32
Checking node: 79+4
Solving node: 79+4
x: 79
y: 4
Checking node: 5*2
Checking node: 2+9
Checking node: 9-2
Checking node: 2+3
Checking node: 3*5
Checking node: 5-1
Checking node: 1+8
Checking node: 8:1
Checking node: 1+7
Checking node: 7-2
Checking node: 2*1
Checking node: 1+4
Checking node: 4-1
Checking node: 1+4
Checking node: 4*8
Checking node: 8+4
Difference: 1
Calculating: 1+4
Solving node: 1+4
x: 1
y: 4
Solving node: 1+4
x: 1
y: 4
Difference: 5
Using default bounds (multiplication)
Calculating: 1+4*3
Solving node: 4*3
x: 4
y: 3
Solving node: 1+12
x: 1
y: 12
Solving node: 4*3
x: 4
y: 3
Solving node: 4*3
x: 4
y: 3
Solving node: 1+12
x: 1
y: 12
Difference: 13
Calculating: 1+4*3+3
Solving node: 4*3
x: 4
y: 3
Solving node: 1+12
x: 1
y: 12
Solving node: 13+3
x: 13
y: 3
Solving node: 4*3
x: 4
y: 3
Solving node: 4*3
x: 4
y: 3
Solving node: 1+12
x: 1
y: 12
Solving node: 13+3
x: 13
y: 3
Difference: 16
Last: 3; Last sum: 3
Calculating: 1+4*3+3-1
Solving node: 4*3
x: 4
y: 3
Solving node: 1+12
x: 1
y: 12
Solving node: 13+3
x: 13
y: 3
Solving node: 16-1
x: 16
y: 1
Solving node: 4*3
x: 4
y: 3
Solving node: 1+12
x: 1
y: 12
Solving node: 13+3
x: 13
y: 3
Solving node: 16-1
x: 16
y: 1
Solving node: 4*3
x: 4
y: 3
Solving node: 1+12
x: 1
y: 12
Solving node: 13+3
x: 13
y: 3
Difference: 16-1
Calculating: 1+4*3+3-1+3
Solving node: 4*3
x: 4
y: 3
Solving node: 1+12
x: 1
y: 12
Solving node: 13+3
x: 13
y: 3
Solving node: 16-1
x: 16
y: 1
Solving node: 15+3
x: 15
y: 3
Solving node: 4*3
x: 4
y: 3
Solving node: 1+12
x: 1
y: 12
Solving node: 13+3
x: 13
y: 3
Solving node: 16-1
x: 16
y: 1
Solving node: 4*3
x: 4
y: 3
Solving node: 1+12
x: 1
y: 12
Solving node: 13+3
x: 13
y: 3
Solving node: 16-1
x: 16
y: 1
Solving node: 15+3
x: 15
y: 3
Difference: 18
Last: 3; Last sum: 3
Calculating: 1+4*3+3-1+3-2
Solving node: 4*3
x: 4
y: 3
Solving node: 1+12
x: 1
y: 12
Solving node: 13+3
x: 13
y: 3
Solving node: 16-1
x: 16
y: 1
Solving node: 15+3
x: 15
y: 3
Solving node: 18-2
x: 18
y: 2
Solving node: 4*3
x: 4
y: 3
Solving node: 1+12
x: 1
y: 12
Solving node: 13+3
x: 13
y: 3
Solving node: 16-1
x: 16
y: 1
Solving node: 15+3
x: 15
y: 3
Solving node: 18-2
x: 18
y: 2
Solving node: 4*3
x: 4
y: 3
Solving node: 1+12
x: 1
y: 12
Solving node: 13+3
x: 13
y: 3
Solving node: 16-1
x: 16
y: 1
Solving node: 15+3
x: 15
y: 3
Difference: 18-2
Calculating bounds (multiplication)
Previous index: -1 | Last operator index: 2
Upper bound: 2
Calculating: 1+4*3+3-1+3-2*1
Solving node: 4*3
x: 4
y: 3
Solving node: 2*1
x: 2
y: 1
Solving node: 1+12
x: 1
y: 12
Solving node: 13+3
x: 13
y: 3
Solving node: 16-1
x: 16
y: 1
Solving node: 15+3
x: 15
y: 3
Solving node: 18-2
x: 18
y: 2
Solving node: 4*3
x: 4
y: 3
Solving node: 2*1
x: 2
y: 1
Solving node: 1+12
x: 1
y: 12
Solving node: 13+3
x: 13
y: 3
Solving node: 16-1
x: 16
y: 1
Solving node: 15+3
x: 15
y: 3
Solving node: 18-2
x: 18
y: 2
Solving node: 4*3
x: 4
y: 3
Solving node: 2*1
x: 2
y: 1
Solving node: 1+12
x: 1
y: 12
Solving node: 13+3
x: 13
y: 3
Solving node: 16-1
x: 16
y: 1
Solving node: 15+3
x: 15
y: 3
Difference: 18-2
Calculating: 1+4*3+3-1+3-2*1+2
Solving node: 4*3
x: 4
y: 3
Solving node: 2*1
x: 2
y: 1
Solving node: 1+12
x: 1
y: 12
Solving node: 13+3
x: 13
y: 3
Solving node: 16-1
x: 16
y: 1
Solving node: 15+3
x: 15
y: 3
Solving node: 18-2
x: 18
y: 2
Solving node: 16+2
x: 16
y: 2
Solving node: 4*3
x: 4
y: 3
Solving node: 2*1
x: 2
y: 1
Solving node: 1+12
x: 1
y: 12
Solving node: 13+3
x: 13
y: 3
Solving node: 16-1
x: 16
y: 1
Solving node: 15+3
x: 15
y: 3
Solving node: 18-2
x: 18
y: 2
Solving node: 4*3
x: 4
y: 3
Solving node: 2*1
x: 2
y: 1
Solving node: 1+12
x: 1
y: 12
Solving node: 13+3
x: 13
y: 3
Solving node: 16-1
x: 16
y: 1
Solving node: 15+3
x: 15
y: 3
Solving node: 18-2
x: 18
y: 2
Solving node: 16+2
x: 16
y: 2
Difference: 18
Using default bounds (multiplication)
Calculating: 1+4*3+3-1+3-2*1+2*9
Solving node: 4*3
x: 4
y: 3
Solving node: 2*1
x: 2
y: 1
Solving node: 2*9
x: 2
y: 9
Solving node: 1+12
x: 1
y: 12
Solving node: 13+3
x: 13
y: 3
Solving node: 16-1
x: 16
y: 1
Solving node: 15+3
x: 15
y: 3
Solving node: 18-2
x: 18
y: 2
Solving node: 16+18
x: 16
y: 18
Solving node: 4*3
x: 4
y: 3
Solving node: 2*1
x: 2
y: 1
Solving node: 2*9
x: 2
y: 9
Solving node: 1+12
x: 1
y: 12
Solving node: 13+3
x: 13
y: 3
Solving node: 16-1
x: 16
y: 1
Solving node: 15+3
x: 15
y: 3
Solving node: 18-2
x: 18
y: 2
Solving node: 4*3
x: 4
y: 3
Solving node: 2*1
x: 2
y: 1
Solving node: 2*9
x: 2
y: 9
Solving node: 1+12
x: 1
y: 12
Solving node: 13+3
x: 13
y: 3
Solving node: 16-1
x: 16
y: 1
Solving node: 15+3
x: 15
y: 3
Solving node: 18-2
x: 18
y: 2
Solving node: 16+18
x: 16
y: 18
Difference: 34
Last: 9; Last sum: 18
Calculating: 1+4*3+3-1+3-2*1+2*9-7
Solving node: 4*3
x: 4
y: 3
Solving node: 2*1
x: 2
y: 1
Solving node: 2*9
x: 2
y: 9
Solving node: 1+12
x: 1
y: 12
Solving node: 13+3
x: 13
y: 3
Solving node: 16-1
x: 16
y: 1
Solving node: 15+3
x: 15
y: 3
Solving node: 18-2
x: 18
y: 2
Solving node: 16+18
x: 16
y: 18
Solving node: 34-7
x: 34
y: 7
Solving node: 4*3
x: 4
y: 3
Solving node: 2*1
x: 2
y: 1
Solving node: 2*9
x: 2
y: 9
Solving node: 1+12
x: 1
y: 12
Solving node: 13+3
x: 13
y: 3
Solving node: 16-1
x: 16
y: 1
Solving node: 15+3
x: 15
y: 3
Solving node: 18-2
x: 18
y: 2
Solving node: 16+18
x: 16
y: 18
Solving node: 34-7
x: 34
y: 7
Solving node: 4*3
x: 4
y: 3
Solving node: 2*1
x: 2
y: 1
Solving node: 2*9
x: 2
y: 9
Solving node: 1+12
x: 1
y: 12
Solving node: 13+3
x: 13
y: 3
Solving node: 16-1
x: 16
y: 1
Solving node: 15+3
x: 15
y: 3
Solving node: 18-2
x: 18
y: 2
Solving node: 16+18
x: 16
y: 18
Difference: 34-7
Calculating bounds (multiplication)
Previous index: -1 | Last operator index: 2
Upper bound: 3
Calculating: 1+4*3+3-1+3-2*1+2*9-7*2
Solving node: 4*3
x: 4
y: 3
Solving node: 2*1
x: 2
y: 1
Solving node: 2*9
x: 2
y: 9
Solving node: 7*2
x: 7
y: 2
Solving node: 1+12
x: 1
y: 12
Solving node: 13+3
x: 13
y: 3
Solving node: 16-1
x: 16
y: 1
Solving node: 15+3
x: 15
y: 3
Solving node: 18-2
x: 18
y: 2
Solving node: 16+18
x: 16
y: 18
Solving node: 34-14
x: 34
y: 14
Solving node: 4*3
x: 4
y: 3
Solving node: 2*1
x: 2
y: 1
Solving node: 2*9
x: 2
y: 9
Solving node: 7*2
x: 7
y: 2
Solving node: 1+12
x: 1
y: 12
Solving node: 13+3
x: 13
y: 3
Solving node: 16-1
x: 16
y: 1
Solving node: 15+3
x: 15
y: 3
Solving node: 18-2
x: 18
y: 2
Solving node: 16+18
x: 16
y: 18
Solving node: 34-14
x: 34
y: 14
Solving node: 4*3
x: 4
y: 3
Solving node: 2*1
x: 2
y: 1
Solving node: 2*9
x: 2
y: 9
Solving node: 7*2
x: 7
y: 2
Solving node: 1+12
x: 1
y: 12
Solving node: 13+3
x: 13
y: 3
Solving node: 16-1
x: 16
y: 1
Solving node: 15+3
x: 15
y: 3
Solving node: 18-2
x: 18
y: 2
Solving node: 16+18
x: 16
y: 18
Difference: 34-14
Calculating: 1+4*3+3-1+3-2*1+2*9-7*2+2
Solving node: 4*3
x: 4
y: 3
Solving node: 2*1
x: 2
y: 1
Solving node: 2*9
x: 2
y: 9
Solving node: 7*2
x: 7
y: 2
Solving node: 1+12
x: 1
y: 12
Solving node: 13+3
x: 13
y: 3
Solving node: 16-1
x: 16
y: 1
Solving node: 15+3
x: 15
y: 3
Solving node: 18-2
x: 18
y: 2
Solving node: 16+18
x: 16
y: 18
Solving node: 34-14
x: 34
y: 14
Solving node: 20+2
x: 20
y: 2
Solving node: 4*3
x: 4
y: 3
Solving node: 2*1
x: 2
y: 1
Solving node: 2*9
x: 2
y: 9
Solving node: 7*2
x: 7
y: 2
Solving node: 1+12
x: 1
y: 12
Solving node: 13+3
x: 13
y: 3
Solving node: 16-1
x: 16
y: 1
Solving node: 15+3
x: 15
y: 3
Solving node: 18-2
x: 18
y: 2
Solving node: 16+18
x: 16
y: 18
Solving node: 34-14
x: 34
y: 14
Solving node: 4*3
x: 4
y: 3
Solving node: 2*1
x: 2
y: 1
Solving node: 2*9
x: 2
y: 9
Solving node: 7*2
x: 7
y: 2
Solving node: 1+12
x: 1
y: 12
Solving node: 13+3
x: 13
y: 3
Solving node: 16-1
x: 16
y: 1
Solving node: 15+3
x: 15
y: 3
Solving node: 18-2
x: 18
y: 2
Solving node: 16+18
x: 16
y: 18
Solving node: 34-14
x: 34
y: 14
Solving node: 20+2
x: 20
y: 2
Difference: 22
Using default bounds (multiplication)
Calculating: 1+4*3+3-1+3-2*1+2*9-7*2+2*2
Solving node: 4*3
x: 4
y: 3
Solving node: 2*1
x: 2
y: 1
Solving node: 2*9
x: 2
y: 9
Solving node: 7*2
x: 7
y: 2
Solving node: 2*2
x: 2
y: 2
Solving node: 1+12
x: 1
y: 12
Solving node: 13+3
x: 13
y: 3
Solving node: 16-1
x: 16
y: 1
Solving node: 15+3
x: 15
y: 3
Solving node: 18-2
x: 18
y: 2
Solving node: 16+18
x: 16
y: 18
Solving node: 34-14
x: 34
y: 14
Solving node: 20+4
x: 20
y: 4
Solving node: 4*3
x: 4
y: 3
Solving node: 2*1
x: 2
y: 1
Solving node: 2*9
x: 2
y: 9
Solving node: 7*2
x: 7
y: 2
Solving node: 2*2
x: 2
y: 2
Solving node: 1+12
x: 1
y: 12
Solving node: 13+3
x: 13
y: 3
Solving node: 16-1
x: 16
y: 1
Solving node: 15+3
x: 15
y: 3
Solving node: 18-2
x: 18
y: 2
Solving node: 16+18
x: 16
y: 18
Solving node: 34-14
x: 34
y: 14
Solving node: 4*3
x: 4
y: 3
Solving node: 2*1
x: 2
y: 1
Solving node: 2*9
x: 2
y: 9
Solving node: 7*2
x: 7
y: 2
Solving node: 2*2
x: 2
y: 2
Solving node: 1+12
x: 1
y: 12
Solving node: 13+3
x: 13
y: 3
Solving node: 16-1
x: 16
y: 1
Solving node: 15+3
x: 15
y: 3
Solving node: 18-2
x: 18
y: 2
Solving node: 16+18
x: 16
y: 18
Solving node: 34-14
x: 34
y: 14
Solving node: 20+4
x: 20
y: 4
Difference: 24
Calculating: 1+4*3+3-1+3-2*1+2*9-7*2+2*2+3
Solving node: 4*3
x: 4
y: 3
Solving node: 2*1
x: 2
y: 1
Solving node: 2*9
x: 2
y: 9
Solving node: 7*2
x: 7
y: 2
Solving node: 2*2
x: 2
y: 2
Solving node: 1+12
x: 1
y: 12
Solving node: 13+3
x: 13
y: 3
Solving node: 16-1
x: 16
y: 1
Solving node: 15+3
x: 15
y: 3
Solving node: 18-2
x: 18
y: 2
Solving node: 16+18
x: 16
y: 18
Solving node: 34-14
x: 34
y: 14
Solving node: 20+4
x: 20
y: 4
Solving node: 24+3
x: 24
y: 3
Solving node: 4*3
x: 4
y: 3
Solving node: 2*1
x: 2
y: 1
Solving node: 2*9
x: 2
y: 9
Solving node: 7*2
x: 7
y: 2
Solving node: 2*2
x: 2
y: 2
Solving node: 1+12
x: 1
y: 12
Solving node: 13+3
x: 13
y: 3
Solving node: 16-1
x: 16
y: 1
Solving node: 15+3
x: 15
y: 3
Solving node: 18-2
x: 18
y: 2
Solving node: 16+18
x: 16
y: 18
Solving node: 34-14
x: 34
y: 14
Solving node: 4*3
x: 4
y: 3
Solving node: 2*1
x: 2
y: 1
Solving node: 2*9
x: 2
y: 9
Solving node: 7*2
x: 7
y: 2
Solving node: 2*2
x: 2
y: 2
Solving node: 1+12
x: 1
y: 12
Solving node: 13+3
x: 13
y: 3
Solving node: 16-1
x: 16
y: 1
Solving node: 15+3
x: 15
y: 3
Solving node: 18-2
x: 18
y: 2
Solving node: 16+18
x: 16
y: 18
Solving node: 34-14
x: 34
y: 14
Solving node: 20+4
x: 20
y: 4
Solving node: 24+3
x: 24
y: 3
Difference: 27
Last: 3; Last sum: 3
Calculating: 1+4*3+3-1+3-2*1+2*9-7*2+2*2+3-1
Solving node: 4*3
x: 4
y: 3
Solving node: 2*1
x: 2
y: 1
Solving node: 2*9
x: 2
y: 9
Solving node: 7*2
x: 7
y: 2
Solving node: 2*2
x: 2
y: 2
Solving node: 1+12
x: 1
y: 12
Solving node: 13+3
x: 13
y: 3
Solving node: 16-1
x: 16
y: 1
Solving node: 15+3
x: 15
y: 3
Solving node: 18-2
x: 18
y: 2
Solving node: 16+18
x: 16
y: 18
Solving node: 34-14
x: 34
y: 14
Solving node: 20+4
x: 20
y: 4
Solving node: 24+3
x: 24
y: 3
Solving node: 27-1
x: 27
y: 1
Solving node: 4*3
x: 4
y: 3
Solving node: 2*1
x: 2
y: 1
Solving node: 2*9
x: 2
y: 9
Solving node: 7*2
x: 7
y: 2
Solving node: 2*2
x: 2
y: 2
Solving node: 1+12
x: 1
y: 12
Solving node: 13+3
x: 13
y: 3
Solving node: 16-1
x: 16
y: 1
Solving node: 15+3
x: 15
y: 3
Solving node: 18-2
x: 18
y: 2
Solving node: 16+18
x: 16
y: 18
Solving node: 34-14
x: 34
y: 14
Solving node: 20+4
x: 20
y: 4
Solving node: 24+3
x: 24
y: 3
Solving node: 27-1
x: 27
y: 1
Solving node: 4*3
x: 4
y: 3
Solving node: 2*1
x: 2
y: 1
Solving node: 2*9
x: 2
y: 9
Solving node: 7*2
x: 7
y: 2
Solving node: 2*2
x: 2
y: 2
Solving node: 1+12
x: 1
y: 12
Solving node: 13+3
x: 13
y: 3
Solving node: 16-1
x: 16
y: 1
Solving node: 15+3
x: 15
y: 3
Solving node: 18-2
x: 18
y: 2
Solving node: 16+18
x: 16
y: 18
Solving node: 34-14
x: 34
y: 14
Solving node: 20+4
x: 20
y: 4
Solving node: 24+3
x: 24
y: 3
Difference: 27-1
Calculating bounds (multiplication)
Previous index: -1 | Last operator index: 2
Upper bound: 1
Solving node: 4*3
x: 4
y: 3
Solving node: 2*1
x: 2
y: 1
Solving node: 2*9
x: 2
y: 9
Solving node: 7*2
x: 7
y: 2
Solving node: 2*2
x: 2
y: 2
Solving node: 1+12
x: 1
y: 12
Solving node: 13+3
x: 13
y: 3
Solving node: 16-1
x: 16
y: 1
Solving node: 15+3
x: 15
y: 3
Solving node: 18-2
x: 18
y: 2
Solving node: 16+18
x: 16
y: 18
Solving node: 34-14
x: 34
y: 14
Solving node: 20+4
x: 20
y: 4
Solving node: 24+3
x: 24
y: 3
Solving node: 27-1
x: 27
y: 1
Solving node: 4*3
x: 4
y: 3
Solving node: 2*1
x: 2
y: 1
Solving node: 2*9
x: 2
y: 9
Solving node: 7*2
x: 7
y: 2
Solving node: 2*2
x: 2
y: 2
Solving node: 1+12
x: 1
y: 12
Solving node: 13+3
x: 13
y: 3
Solving node: 16-1
x: 16
y: 1
Solving node: 15+3
x: 15
y: 3
Solving node: 18-2
x: 18
y: 2
Solving node: 16+18
x: 16
y: 18
Solving node: 34-14
x: 34
y: 14
Solving node: 20+4
x: 20
y: 4
Solving node: 24+3
x: 24
y: 3
Difference: 27-1
Calculating: 1+4*3+3-1+3-2*1+2*9-7*2+2*2+3-1+2
Solving node: 4*3
x: 4
y: 3
Solving node: 2*1
x: 2
y: 1
Solving node: 2*9
x: 2
y: 9
Solving node: 7*2
x: 7
y: 2
Solving node: 2*2
x: 2
y: 2
Solving node: 1+12
x: 1
y: 12
Solving node: 13+3
x: 13
y: 3
Solving node: 16-1
x: 16
y: 1
Solving node: 15+3
x: 15
y: 3
Solving node: 18-2
x: 18
y: 2
Solving node: 16+18
x: 16
y: 18
Solving node: 34-14
x: 34
y: 14
Solving node: 20+4
x: 20
y: 4
Solving node: 24+3
x: 24
y: 3
Solving node: 27-1
x: 27
y: 1
Solving node: 26+2
x: 26
y: 2
Originallösung: 1+4*3+3-1+3-2*1+2*9-7*2+2*2+3-1+2 = 28
[94/100] 1+4*3+3-1+3-2*1+2*9-7*2+2*2+3-1+2
Testing equation: 1+4*3+3-1+3-2*1+2*9-7*2+2*2+3-1+2
Checking node: 4*3
Solving node: 4*3
x: 4
y: 3
Checking node: 2*1
Solving node: 2*1
x: 2
y: 1
Checking node: 2*9
Solving node: 2*9
x: 2
y: 9
Checking node: 7*2
Solving node: 7*2
x: 7
y: 2
Checking node: 2*2
Solving node: 2*2
x: 2
y: 2
Checking node: 1+12
Solving node: 1+12
x: 1
y: 12
Checking node: 13+3
Solving node: 13+3
x: 13
y: 3
Checking node: 16-1
Solving node: 16-1
x: 16
y: 1
Checking node: 15+3
Solving node: 15+3
x: 15
y: 3
Checking node: 18-2
Solving node: 18-2
x: 18
y: 2
Checking node: 16+18
Solving node: 16+18
x: 16
y: 18
Checking node: 34-14
Solving node: 34-14
x: 34
y: 14
Checking node: 20+4
Solving node: 20+4
x: 20
y: 4
Checking node: 24+3
Solving node: 24+3
x: 24
y: 3
Checking node: 27-1
Solving node: 27-1
x: 27
y: 1
Checking node: 26+2
Solving node: 26+2
x: 26
y: 2
Checking node: 1+4
Checking node: 4*3
Checking node: 3+3
Checking node: 3-1
Checking node: 1+3
Checking node: 3-2
Checking node: 2*1
Checking node: 1+2
Checking node: 2*9
Checking node: 9-7
Checking node: 7*2
Checking node: 2+2
Checking node: 2*2
Checking node: 2+3
Checking node: 3-1
Checking node: 1+2
Difference: 7
Calculating: 7+7
Solving node: 7+7
x: 7
y: 7
Solving node: 7+7
x: 7
y: 7
Difference: 14
Last: 7; Last sum: 7
Calculating: 7+7-1
Solving node: 7+7
x: 7
y: 7
Solving node: 14-1
x: 14
y: 1
Solving node: 7+7
x: 7
y: 7
Solving node: 14-1
x: 14
y: 1
Solving node: 7+7
x: 7
y: 7
Difference: 14-1
Calculating bounds (multiplication)
Previous index: -1 | Last operator index: 2
Upper bound: 1
Solving node: 7+7
x: 7
y: 7
Solving node: 14-1
x: 14
y: 1
Solving node: 7+7
x: 7
y: 7
Difference: 14-1
Calculating: 7+7-1+3
Solving node: 7+7
x: 7
y: 7
Solving node: 14-1
x: 14
y: 1
Solving node: 13+3
x: 13
y: 3
Solving node: 7+7
x: 7
y: 7
Solving node: 14-1
x: 14
y: 1
Solving node: 7+7
x: 7
y: 7
Solving node: 14-1
x: 14
y: 1
Solving node: 13+3
x: 13
y: 3
Difference: 16
Using default bounds (multiplication)
Calculating: 7+7-1+3*9
Solving node: 3*9
x: 3
y: 9
Solving node: 7+7
x: 7
y: 7
Solving node: 14-1
x: 14
y: 1
Solving node: 13+27
x: 13
y: 27
Solving node: 3*9
x: 3
y: 9
Solving node: 7+7
x: 7
y: 7
Solving node: 14-1
x: 14
y: 1
Solving node: 3*9
x: 3
y: 9
Solving node: 7+7
x: 7
y: 7
Solving node: 14-1
x: 14
y: 1
Solving node: 13+27
x: 13
y: 27
Difference: 40
Last: 9; Last sum: 27
Calculating: 7+7-1+3*9-6
Solving node: 3*9
x: 3
y: 9
Solving node: 7+7
x: 7
y: 7
Solving node: 14-1
x: 14
y: 1
Solving node: 13+27
x: 13
y: 27
Solving node: 40-6
x: 40
y: 6
Solving node: 3*9
x: 3
y: 9
Solving node: 7+7
x: 7
y: 7
Solving node: 14-1
x: 14
y: 1
Solving node: 13+27
x: 13
y: 27
Solving node: 40-6
x: 40
y: 6
Solving node: 3*9
x: 3
y: 9
Solving node: 7+7
x: 7
y: 7
Solving node: 14-1
x: 14
y: 1
Solving node: 13+27
x: 13
y: 27
Difference: 40-6
Calculating: 7+7-1+3*9-6+6
Solving node: 3*9
x: 3
y: 9
Solving node: 7+7
x: 7
y: 7
Solving node: 14-1
x: 14
y: 1
Solving node: 13+27
x: 13
y: 27
Solving node: 40-6
x: 40
y: 6
Solving node: 34+6
x: 34
y: 6
Solving node: 3*9
x: 3
y: 9
Solving node: 7+7
x: 7
y: 7
Solving node: 14-1
x: 14
y: 1
Solving node: 13+27
x: 13
y: 27
Solving node: 40-6
x: 40
y: 6
Solving node: 3*9
x: 3
y: 9
Solving node: 7+7
x: 7
y: 7
Solving node: 14-1
x: 14
y: 1
Solving node: 13+27
x: 13
y: 27
Solving node: 40-6
x: 40
y: 6
Solving node: 34+6
x: 34
y: 6
Difference: 40
Using default bounds (multiplication)
Calculating: 7+7-1+3*9-6+6*7
Solving node: 3*9
x: 3
y: 9
Solving node: 6*7
x: 6
y: 7
Solving node: 7+7
x: 7
y: 7
Solving node: 14-1
x: 14
y: 1
Solving node: 13+27
x: 13
y: 27
Solving node: 40-6
x: 40
y: 6
Solving node: 34+42
x: 34
y: 42
Solving node: 3*9
x: 3
y: 9
Solving node: 6*7
x: 6
y: 7
Solving node: 7+7
x: 7
y: 7
Solving node: 14-1
x: 14
y: 1
Solving node: 13+27
x: 13
y: 27
Solving node: 40-6
x: 40
y: 6
Solving node: 3*9
x: 3
y: 9
Solving node: 6*7
x: 6
y: 7
Solving node: 7+7
x: 7
y: 7
Solving node: 14-1
x: 14
y: 1
Solving node: 13+27
x: 13
y: 27
Solving node: 40-6
x: 40
y: 6
Solving node: 34+42
x: 34
y: 42
Difference: 76
Last: 7; Last sum: 42
Calculating: 7+7-1+3*9-6+6*7-6
Solving node: 3*9
x: 3
y: 9
Solving node: 6*7
x: 6
y: 7
Solving node: 7+7
x: 7
y: 7
Solving node: 14-1
x: 14
y: 1
Solving node: 13+27
x: 13
y: 27
Solving node: 40-6
x: 40
y: 6
Solving node: 34+42
x: 34
y: 42
Solving node: 76-6
x: 76
y: 6
Solving node: 3*9
x: 3
y: 9
Solving node: 6*7
x: 6
y: 7
Solving node: 7+7
x: 7
y: 7
Solving node: 14-1
x: 14
y: 1
Solving node: 13+27
x: 13
y: 27
Solving node: 40-6
x: 40
y: 6
Solving node: 34+42
x: 34
y: 42
Solving node: 76-6
x: 76
y: 6
Solving node: 3*9
x: 3
y: 9
Solving node: 6*7
x: 6
y: 7
Solving node: 7+7
x: 7
y: 7
Solving node: 14-1
x: 14
y: 1
Solving node: 13+27
x: 13
y: 27
Solving node: 40-6
x: 40
y: 6
Solving node: 34+42
x: 34
y: 42
Difference: 76-6
Previous index: -1 | Last operator index: 2
Calculating: 7+7-1+3*9-6+6*7-6:2
Solving node: 3*9
x: 3
y: 9
Solving node: 6*7
x: 6
y: 7
Solving node: 6:2
x: 6
y: 2
Solving node: 7+7
x: 7
y: 7
Solving node: 14-1
x: 14
y: 1
Solving node: 13+27
x: 13
y: 27
Solving node: 40-6
x: 40
y: 6
Solving node: 34+42
x: 34
y: 42
Solving node: 76-3
x: 76
y: 3
Solving node: 3*9
x: 3
y: 9
Solving node: 6*7
x: 6
y: 7
Solving node: 6:2
x: 6
y: 2
Solving node: 7+7
x: 7
y: 7
Solving node: 14-1
x: 14
y: 1
Solving node: 13+27
x: 13
y: 27
Solving node: 40-6
x: 40
y: 6
Solving node: 34+42
x: 34
y: 42
Solving node: 76-3
x: 76
y: 3
Solving node: 3*9
x: 3
y: 9
Solving node: 6*7
x: 6
y: 7
Solving node: 6:2
x: 6
y: 2
Solving node: 7+7
x: 7
y: 7
Solving node: 14-1
x: 14
y: 1
Solving node: 13+27
x: 13
y: 27
Solving node: 40-6
x: 40
y: 6
Solving node: 34+42
x: 34
y: 42
Difference: 76-3
Calculating: 7+7-1+3*9-6+6*7-6:2+6
Solving node: 3*9
x: 3
y: 9
Solving node: 6*7
x: 6
y: 7
Solving node: 6:2
x: 6
y: 2
Solving node: 7+7
x: 7
y: 7
Solving node: 14-1
x: 14
y: 1
Solving node: 13+27
x: 13
y: 27
Solving node: 40-6
x: 40
y: 6
Solving node: 34+42
x: 34
y: 42
Solving node: 76-3
x: 76
y: 3
Solving node: 73+6
x: 73
y: 6
Solving node: 3*9
x: 3
y: 9
Solving node: 6*7
x: 6
y: 7
Solving node: 6:2
x: 6
y: 2
Solving node: 7+7
x: 7
y: 7
Solving node: 14-1
x: 14
y: 1
Solving node: 13+27
x: 13
y: 27
Solving node: 40-6
x: 40
y: 6
Solving node: 34+42
x: 34
y: 42
Solving node: 76-3
x: 76
y: 3
Solving node: 3*9
x: 3
y: 9
Solving node: 6*7
x: 6
y: 7
Solving node: 6:2
x: 6
y: 2
Solving node: 7+7
x: 7
y: 7
Solving node: 14-1
x: 14
y: 1
Solving node: 13+27
x: 13
y: 27
Solving node: 40-6
x: 40
y: 6
Solving node: 34+42
x: 34
y: 42
Solving node: 76-3
x: 76
y: 3
Solving node: 73+6
x: 73
y: 6
Difference: 79
Calculating: 7+7-1+3*9-6+6*7-6:2+6:1
Solving node: 3*9
x: 3
y: 9
Solving node: 6*7
x: 6
y: 7
Solving node: 6:2
x: 6
y: 2
Solving node: 6:1
x: 6
y: 1
Solving node: 7+7
x: 7
y: 7
Solving node: 14-1
x: 14
y: 1
Solving node: 13+27
x: 13
y: 27
Solving node: 40-6
x: 40
y: 6
Solving node: 34+42
x: 34
y: 42
Solving node: 76-3
x: 76
y: 3
Solving node: 73+6
x: 73
y: 6
Solving node: 3*9
x: 3
y: 9
Solving node: 6*7
x: 6
y: 7
Solving node: 6:2
x: 6
y: 2
Solving node: 6:1
x: 6
y: 1
Solving node: 7+7
x: 7
y: 7
Solving node: 14-1
x: 14
y: 1
Solving node: 13+27
x: 13
y: 27
Solving node: 40-6
x: 40
y: 6
Solving node: 34+42
x: 34
y: 42
Solving node: 76-3
x: 76
y: 3
Solving node: 3*9
x: 3
y: 9
Solving node: 6*7
x: 6
y: 7
Solving node: 6:2
x: 6
y: 2
Solving node: 6:1
x: 6
y: 1
Solving node: 7+7
x: 7
y: 7
Solving node: 14-1
x: 14
y: 1
Solving node: 13+27
x: 13
y: 27
Solving node: 40-6
x: 40
y: 6
Solving node: 34+42
x: 34
y: 42
Solving node: 76-3
x: 76
y: 3
Solving node: 73+6
x: 73
y: 6
Difference: 79
Using default bounds (multiplication)
Calculating: 7+7-1+3*9-6+6*7-6:2+6:1*3
Solving node: 3*9
x: 3
y: 9
Solving node: 6*7
x: 6
y: 7
Solving node: 6:2
x: 6
y: 2
Solving node: 6:1
x: 6
y: 1
Solving node: 6*3
x: 6
y: 3
Solving node: 7+7
x: 7
y: 7
Solving node: 14-1
x: 14
y: 1
Solving node: 13+27
x: 13
y: 27
Solving node: 40-6
x: 40
y: 6
Solving node: 34+42
x: 34
y: 42
Solving node: 76-3
x: 76
y: 3
Solving node: 73+18
x: 73
y: 18
Solving node: 3*9
x: 3
y: 9
Solving node: 6*7
x: 6
y: 7
Solving node: 6:2
x: 6
y: 2
Solving node: 6:1
x: 6
y: 1
Solving node: 6*3
x: 6
y: 3
Solving node: 7+7
x: 7
y: 7
Solving node: 14-1
x: 14
y: 1
Solving node: 13+27
x: 13
y: 27
Solving node: 40-6
x: 40
y: 6
Solving node: 34+42
x: 34
y: 42
Solving node: 76-3
x: 76
y: 3
Solving node: 3*9
x: 3
y: 9
Solving node: 6*7
x: 6
y: 7
Solving node: 6:2
x: 6
y: 2
Solving node: 6:1
x: 6
y: 1
Solving node: 6*3
x: 6
y: 3
Solving node: 7+7
x: 7
y: 7
Solving node: 14-1
x: 14
y: 1
Solving node: 13+27
x: 13
y: 27
Solving node: 40-6
x: 40
y: 6
Solving node: 34+42
x: 34
y: 42
Solving node: 76-3
x: 76
y: 3
Solving node: 73+18
x: 73
y: 18
Difference: 91
Calculating: 7+7-1+3*9-6+6*7-6:2+6:1*3+7
Solving node: 3*9
x: 3
y: 9
Solving node: 6*7
x: 6
y: 7
Solving node: 6:2
x: 6
y: 2
Solving node: 6:1
x: 6
y: 1
Solving node: 6*3
x: 6
y: 3
Solving node: 7+7
x: 7
y: 7
Solving node: 14-1
x: 14
y: 1
Solving node: 13+27
x: 13
y: 27
Solving node: 40-6
x: 40
y: 6
Solving node: 34+42
x: 34
y: 42
Solving node: 76-3
x: 76
y: 3
Solving node: 73+18
x: 73
y: 18
Solving node: 91+7
x: 91
y: 7
Solving node: 3*9
x: 3
y: 9
Solving node: 6*7
x: 6
y: 7
Solving node: 6:2
x: 6
y: 2
Solving node: 6:1
x: 6
y: 1
Solving node: 6*3
x: 6
y: 3
Solving node: 7+7
x: 7
y: 7
Solving node: 14-1
x: 14
y: 1
Solving node: 13+27
x: 13
y: 27
Solving node: 40-6
x: 40
y: 6
Solving node: 34+42
x: 34
y: 42
Solving node: 76-3
x: 76
y: 3
Solving node: 3*9
x: 3
y: 9
Solving node: 6*7
x: 6
y: 7
Solving node: 6:2
x: 6
y: 2
Solving node: 6:1
x: 6
y: 1
Solving node: 6*3
x: 6
y: 3
Solving node: 7+7
x: 7
y: 7
Solving node: 14-1
x: 14
y: 1
Solving node: 13+27
x: 13
y: 27
Solving node: 40-6
x: 40
y: 6
Solving node: 34+42
x: 34
y: 42
Solving node: 76-3
x: 76
y: 3
Solving node: 73+18
x: 73
y: 18
Solving node: 91+7
x: 91
y: 7
Difference: 98
Last: 7; Last sum: 7
Calculating: 7+7-1+3*9-6+6*7-6:2+6:1*3+7-1
Solving node: 3*9
x: 3
y: 9
Solving node: 6*7
x: 6
y: 7
Solving node: 6:2
x: 6
y: 2
Solving node: 6:1
x: 6
y: 1
Solving node: 6*3
x: 6
y: 3
Solving node: 7+7
x: 7
y: 7
Solving node: 14-1
x: 14
y: 1
Solving node: 13+27
x: 13
y: 27
Solving node: 40-6
x: 40
y: 6
Solving node: 34+42
x: 34
y: 42
Solving node: 76-3
x: 76
y: 3
Solving node: 73+18
x: 73
y: 18
Solving node: 91+7
x: 91
y: 7
Solving node: 98-1
x: 98
y: 1
Solving node: 3*9
x: 3
y: 9
Solving node: 6*7
x: 6
y: 7
Solving node: 6:2
x: 6
y: 2
Solving node: 6:1
x: 6
y: 1
Solving node: 6*3
x: 6
y: 3
Solving node: 7+7
x: 7
y: 7
Solving node: 14-1
x: 14
y: 1
Solving node: 13+27
x: 13
y: 27
Solving node: 40-6
x: 40
y: 6
Solving node: 34+42
x: 34
y: 42
Solving node: 76-3
x: 76
y: 3
Solving node: 73+18
x: 73
y: 18
Solving node: 91+7
x: 91
y: 7
Solving node: 98-1
x: 98
y: 1
Solving node: 3*9
x: 3
y: 9
Solving node: 6*7
x: 6
y: 7
Solving node: 6:2
x: 6
y: 2
Solving node: 6:1
x: 6
y: 1
Solving node: 6*3
x: 6
y: 3
Solving node: 7+7
x: 7
y: 7
Solving node: 14-1
x: 14
y: 1
Solving node: 13+27
x: 13
y: 27
Solving node: 40-6
x: 40
y: 6
Solving node: 34+42
x: 34
y: 42
Solving node: 76-3
x: 76
y: 3
Solving node: 73+18
x: 73
y: 18
Solving node: 91+7
x: 91
y: 7
Difference: 98-1
Calculating bounds (multiplication)
Previous index: -1 | Last operator index: 2
Upper bound: 1
Solving node: 3*9
x: 3
y: 9
Solving node: 6*7
x: 6
y: 7
Solving node: 6:2
x: 6
y: 2
Solving node: 6:1
x: 6
y: 1
Solving node: 6*3
x: 6
y: 3
Solving node: 7+7
x: 7
y: 7
Solving node: 14-1
x: 14
y: 1
Solving node: 13+27
x: 13
y: 27
Solving node: 40-6
x: 40
y: 6
Solving node: 34+42
x: 34
y: 42
Solving node: 76-3
x: 76
y: 3
Solving node: 73+18
x: 73
y: 18
Solving node: 91+7
x: 91
y: 7
Solving node: 98-1
x: 98
y: 1
Solving node: 3*9
x: 3
y: 9
Solving node: 6*7
x: 6
y: 7
Solving node: 6:2
x: 6
y: 2
Solving node: 6:1
x: 6
y: 1
Solving node: 6*3
x: 6
y: 3
Solving node: 7+7
x: 7
y: 7
Solving node: 14-1
x: 14
y: 1
Solving node: 13+27
x: 13
y: 27
Solving node: 40-6
x: 40
y: 6
Solving node: 34+42
x: 34
y: 42
Solving node: 76-3
x: 76
y: 3
Solving node: 73+18
x: 73
y: 18
Solving node: 91+7
x: 91
y: 7
Difference: 98-1
Calculating: 7+7-1+3*9-6+6*7-6:2+6:1*3+7-1+4
Solving node: 3*9
x: 3
y: 9
Solving node: 6*7
x: 6
y: 7
Solving node: 6:2
x: 6
y: 2
Solving node: 6:1
x: 6
y: 1
Solving node: 6*3
x: 6
y: 3
Solving node: 7+7
x: 7
y: 7
Solving node: 14-1
x: 14
y: 1
Solving node: 13+27
x: 13
y: 27
Solving node: 40-6
x: 40
y: 6
Solving node: 34+42
x: 34
y: 42
Solving node: 76-3
x: 76
y: 3
Solving node: 73+18
x: 73
y: 18
Solving node: 91+7
x: 91
y: 7
Solving node: 98-1
x: 98
y: 1
Solving node: 97+4
x: 97
y: 4
Solving node: 3*9
x: 3
y: 9
Solving node: 6*7
x: 6
y: 7
Solving node: 6:2
x: 6
y: 2
Solving node: 6:1
x: 6
y: 1
Solving node: 6*3
x: 6
y: 3
Solving node: 7+7
x: 7
y: 7
Solving node: 14-1
x: 14
y: 1
Solving node: 13+27
x: 13
y: 27
Solving node: 40-6
x: 40
y: 6
Solving node: 34+42
x: 34
y: 42
Solving node: 76-3
x: 76
y: 3
Solving node: 73+18
x: 73
y: 18
Solving node: 91+7
x: 91
y: 7
Solving node: 98-1
x: 98
y: 1
Solving node: 3*9
x: 3
y: 9
Solving node: 6*7
x: 6
y: 7
Solving node: 6:2
x: 6
y: 2
Solving node: 6:1
x: 6
y: 1
Solving node: 6*3
x: 6
y: 3
Solving node: 7+7
x: 7
y: 7
Solving node: 14-1
x: 14
y: 1
Solving node: 13+27
x: 13
y: 27
Solving node: 40-6
x: 40
y: 6
Solving node: 34+42
x: 34
y: 42
Solving node: 76-3
x: 76
y: 3
Solving node: 73+18
x: 73
y: 18
Solving node: 91+7
x: 91
y: 7
Solving node: 98-1
x: 98
y: 1
Solving node: 97+4
x: 97
y: 4
Difference: 101
Last: 4; Last sum: 4
Calculating: 7+7-1+3*9-6+6*7-6:2+6:1*3+7-1+4-1
Solving node: 3*9
x: 3
y: 9
Solving node: 6*7
x: 6
y: 7
Solving node: 6:2
x: 6
y: 2
Solving node: 6:1
x: 6
y: 1
Solving node: 6*3
x: 6
y: 3
Solving node: 7+7
x: 7
y: 7
Solving node: 14-1
x: 14
y: 1
Solving node: 13+27
x: 13
y: 27
Solving node: 40-6
x: 40
y: 6
Solving node: 34+42
x: 34
y: 42
Solving node: 76-3
x: 76
y: 3
Solving node: 73+18
x: 73
y: 18
Solving node: 91+7
x: 91
y: 7
Solving node: 98-1
x: 98
y: 1
Solving node: 97+4
x: 97
y: 4
Solving node: 101-1
x: 101
y: 1
Originallösung: 7+7-1+3*9-6+6*7-6:2+6:1*3+7-1+4-1 = 100
[95/100] 7+7-1+3*9-6+6*7-6:2+6:1*3+7-1+4-1
Testing equation: 7+7-1+3*9-6+6*7-6:2+6:1*3+7-1+4-1
Checking node: 3*9
Solving node: 3*9
x: 3
y: 9
Checking node: 6*7
Solving node: 6*7
x: 6
y: 7
Checking node: 6:2
Solving node: 6:2
x: 6
y: 2
Checking node: 6:1
Solving node: 6:1
x: 6
y: 1
Checking node: 6*3
Solving node: 6*3
x: 6
y: 3
Checking node: 7+7
Solving node: 7+7
x: 7
y: 7
Checking node: 14-1
Solving node: 14-1
x: 14
y: 1
Checking node: 13+27
Solving node: 13+27
x: 13
y: 27
Checking node: 40-6
Solving node: 40-6
x: 40
y: 6
Checking node: 34+42
Solving node: 34+42
x: 34
y: 42
Checking node: 76-3
Solving node: 76-3
x: 76
y: 3
Checking node: 73+18
Solving node: 73+18
x: 73
y: 18
Checking node: 91+7
Solving node: 91+7
x: 91
y: 7
Checking node: 98-1
Solving node: 98-1
x: 98
y: 1
Checking node: 97+4
Solving node: 97+4
x: 97
y: 4
Checking node: 101-1
Solving node: 101-1
x: 101
y: 1
Checking node: 7+7
Checking node: 7-1
Checking node: 1+3
Checking node: 3*9
Checking node: 9-6
Checking node: 6+6
Checking node: 6*7
Checking node: 7-6
Checking node: 6:2
Checking node: 2+6
Checking node: 6:1
Checking node: 1*3
Checking node: 3+7
Checking node: 7-1
Checking node: 1+4
Checking node: 4-1
Difference: 9
Calculating: 9+6
Solving node: 9+6
x: 9
y: 6
Solving node: 9+6
x: 9
y: 6
Difference: 15
Calculating: 9+6:1
Solving node: 6:1
x: 6
y: 1
Solving node: 9+6
x: 9
y: 6
Solving node: 6:1
x: 6
y: 1
Solving node: 6:1
x: 6
y: 1
Solving node: 9+6
x: 9
y: 6
Difference: 15
Calculating: 9+6:1+9
Solving node: 6:1
x: 6
y: 1
Solving node: 9+6
x: 9
y: 6
Solving node: 15+9
x: 15
y: 9
Solving node: 6:1
x: 6
y: 1
Solving node: 6:1
x: 6
y: 1
Solving node: 9+6
x: 9
y: 6
Solving node: 15+9
x: 15
y: 9
Difference: 24
Last: 9; Last sum: 9
Calculating: 9+6:1+9-6
Solving node: 6:1
x: 6
y: 1
Solving node: 9+6
x: 9
y: 6
Solving node: 15+9
x: 15
y: 9
Solving node: 24-6
x: 24
y: 6
Solving node: 6:1
x: 6
y: 1
Solving node: 9+6
x: 9
y: 6
Solving node: 15+9
x: 15
y: 9
Solving node: 24-6
x: 24
y: 6
Solving node: 6:1
x: 6
y: 1
Solving node: 9+6
x: 9
y: 6
Solving node: 15+9
x: 15
y: 9
Difference: 24-6
Calculating: 9+6:1+9-6+5
Solving node: 6:1
x: 6
y: 1
Solving node: 9+6
x: 9
y: 6
Solving node: 15+9
x: 15
y: 9
Solving node: 24-6
x: 24
y: 6
Solving node: 18+5
x: 18
y: 5
Solving node: 6:1
x: 6
y: 1
Solving node: 9+6
x: 9
y: 6
Solving node: 15+9
x: 15
y: 9
Solving node: 24-6
x: 24
y: 6
Solving node: 6:1
x: 6
y: 1
Solving node: 9+6
x: 9
y: 6
Solving node: 15+9
x: 15
y: 9
Solving node: 24-6
x: 24
y: 6
Solving node: 18+5
x: 18
y: 5
Difference: 23
Last: 5; Last sum: 5
Calculating: 9+6:1+9-6+5-2
Solving node: 6:1
x: 6
y: 1
Solving node: 9+6
x: 9
y: 6
Solving node: 15+9
x: 15
y: 9
Solving node: 24-6
x: 24
y: 6
Solving node: 18+5
x: 18
y: 5
Solving node: 23-2
x: 23
y: 2
Solving node: 6:1
x: 6
y: 1
Solving node: 9+6
x: 9
y: 6
Solving node: 15+9
x: 15
y: 9
Solving node: 24-6
x: 24
y: 6
Solving node: 18+5
x: 18
y: 5
Solving node: 23-2
x: 23
y: 2
Solving node: 6:1
x: 6
y: 1
Solving node: 9+6
x: 9
y: 6
Solving node: 15+9
x: 15
y: 9
Solving node: 24-6
x: 24
y: 6
Solving node: 18+5
x: 18
y: 5
Difference: 23-2
Calculating: 9+6:1+9-6+5-2+3
Solving node: 6:1
x: 6
y: 1
Solving node: 9+6
x: 9
y: 6
Solving node: 15+9
x: 15
y: 9
Solving node: 24-6
x: 24
y: 6
Solving node: 18+5
x: 18
y: 5
Solving node: 23-2
x: 23
y: 2
Solving node: 21+3
x: 21
y: 3
Solving node: 6:1
x: 6
y: 1
Solving node: 9+6
x: 9
y: 6
Solving node: 15+9
x: 15
y: 9
Solving node: 24-6
x: 24
y: 6
Solving node: 18+5
x: 18
y: 5
Solving node: 23-2
x: 23
y: 2
Solving node: 6:1
x: 6
y: 1
Solving node: 9+6
x: 9
y: 6
Solving node: 15+9
x: 15
y: 9
Solving node: 24-6
x: 24
y: 6
Solving node: 18+5
x: 18
y: 5
Solving node: 23-2
x: 23
y: 2
Solving node: 21+3
x: 21
y: 3
Difference: 24
Using default bounds (multiplication)
Calculating: 9+6:1+9-6+5-2+3*2
Solving node: 6:1
x: 6
y: 1
Solving node: 3*2
x: 3
y: 2
Solving node: 9+6
x: 9
y: 6
Solving node: 15+9
x: 15
y: 9
Solving node: 24-6
x: 24
y: 6
Solving node: 18+5
x: 18
y: 5
Solving node: 23-2
x: 23
y: 2
Solving node: 21+6
x: 21
y: 6
Solving node: 6:1
x: 6
y: 1
Solving node: 3*2
x: 3
y: 2
Solving node: 9+6
x: 9
y: 6
Solving node: 15+9
x: 15
y: 9
Solving node: 24-6
x: 24
y: 6
Solving node: 18+5
x: 18
y: 5
Solving node: 23-2
x: 23
y: 2
Solving node: 6:1
x: 6
y: 1
Solving node: 3*2
x: 3
y: 2
Solving node: 9+6
x: 9
y: 6
Solving node: 15+9
x: 15
y: 9
Solving node: 24-6
x: 24
y: 6
Solving node: 18+5
x: 18
y: 5
Solving node: 23-2
x: 23
y: 2
Solving node: 21+6
x: 21
y: 6
Difference: 27
Calculating: 9+6:1+9-6+5-2+3*2+1
Solving node: 6:1
x: 6
y: 1
Solving node: 3*2
x: 3
y: 2
Solving node: 9+6
x: 9
y: 6
Solving node: 15+9
x: 15
y: 9
Solving node: 24-6
x: 24
y: 6
Solving node: 18+5
x: 18
y: 5
Solving node: 23-2
x: 23
y: 2
Solving node: 21+6
x: 21
y: 6
Solving node: 27+1
x: 27
y: 1
Solving node: 6:1
x: 6
y: 1
Solving node: 3*2
x: 3
y: 2
Solving node: 9+6
x: 9
y: 6
Solving node: 15+9
x: 15
y: 9
Solving node: 24-6
x: 24
y: 6
Solving node: 18+5
x: 18
y: 5
Solving node: 23-2
x: 23
y: 2
Solving node: 6:1
x: 6
y: 1
Solving node: 3*2
x: 3
y: 2
Solving node: 9+6
x: 9
y: 6
Solving node: 15+9
x: 15
y: 9
Solving node: 24-6
x: 24
y: 6
Solving node: 18+5
x: 18
y: 5
Solving node: 23-2
x: 23
y: 2
Solving node: 21+6
x: 21
y: 6
Solving node: 27+1
x: 27
y: 1
Difference: 28
Using default bounds (multiplication)
Calculating: 9+6:1+9-6+5-2+3*2+1*4
Solving node: 6:1
x: 6
y: 1
Solving node: 3*2
x: 3
y: 2
Solving node: 1*4
x: 1
y: 4
Solving node: 9+6
x: 9
y: 6
Solving node: 15+9
x: 15
y: 9
Solving node: 24-6
x: 24
y: 6
Solving node: 18+5
x: 18
y: 5
Solving node: 23-2
x: 23
y: 2
Solving node: 21+6
x: 21
y: 6
Solving node: 27+4
x: 27
y: 4
Solving node: 6:1
x: 6
y: 1
Solving node: 3*2
x: 3
y: 2
Solving node: 1*4
x: 1
y: 4
Solving node: 9+6
x: 9
y: 6
Solving node: 15+9
x: 15
y: 9
Solving node: 24-6
x: 24
y: 6
Solving node: 18+5
x: 18
y: 5
Solving node: 23-2
x: 23
y: 2
Solving node: 6:1
x: 6
y: 1
Solving node: 3*2
x: 3
y: 2
Solving node: 1*4
x: 1
y: 4
Solving node: 9+6
x: 9
y: 6
Solving node: 15+9
x: 15
y: 9
Solving node: 24-6
x: 24
y: 6
Solving node: 18+5
x: 18
y: 5
Solving node: 23-2
x: 23
y: 2
Solving node: 21+6
x: 21
y: 6
Solving node: 27+4
x: 27
y: 4
Difference: 31
Calculating: 9+6:1+9-6+5-2+3*2+1*4+1
Solving node: 6:1
x: 6
y: 1
Solving node: 3*2
x: 3
y: 2
Solving node: 1*4
x: 1
y: 4
Solving node: 9+6
x: 9
y: 6
Solving node: 15+9
x: 15
y: 9
Solving node: 24-6
x: 24
y: 6
Solving node: 18+5
x: 18
y: 5
Solving node: 23-2
x: 23
y: 2
Solving node: 21+6
x: 21
y: 6
Solving node: 27+4
x: 27
y: 4
Solving node: 31+1
x: 31
y: 1
Solving node: 6:1
x: 6
y: 1
Solving node: 3*2
x: 3
y: 2
Solving node: 1*4
x: 1
y: 4
Solving node: 9+6
x: 9
y: 6
Solving node: 15+9
x: 15
y: 9
Solving node: 24-6
x: 24
y: 6
Solving node: 18+5
x: 18
y: 5
Solving node: 23-2
x: 23
y: 2
Solving node: 6:1
x: 6
y: 1
Solving node: 3*2
x: 3
y: 2
Solving node: 1*4
x: 1
y: 4
Solving node: 9+6
x: 9
y: 6
Solving node: 15+9
x: 15
y: 9
Solving node: 24-6
x: 24
y: 6
Solving node: 18+5
x: 18
y: 5
Solving node: 23-2
x: 23
y: 2
Solving node: 21+6
x: 21
y: 6
Solving node: 27+4
x: 27
y: 4
Solving node: 31+1
x: 31
y: 1
Difference: 32
Using default bounds (multiplication)
Calculating: 9+6:1+9-6+5-2+3*2+1*4+1*9
Solving node: 6:1
x: 6
y: 1
Solving node: 3*2
x: 3
y: 2
Solving node: 1*4
x: 1
y: 4
Solving node: 1*9
x: 1
y: 9
Solving node: 9+6
x: 9
y: 6
Solving node: 15+9
x: 15
y: 9
Solving node: 24-6
x: 24
y: 6
Solving node: 18+5
x: 18
y: 5
Solving node: 23-2
x: 23
y: 2
Solving node: 21+6
x: 21
y: 6
Solving node: 27+4
x: 27
y: 4
Solving node: 31+9
x: 31
y: 9
Solving node: 6:1
x: 6
y: 1
Solving node: 3*2
x: 3
y: 2
Solving node: 1*4
x: 1
y: 4
Solving node: 1*9
x: 1
y: 9
Solving node: 9+6
x: 9
y: 6
Solving node: 15+9
x: 15
y: 9
Solving node: 24-6
x: 24
y: 6
Solving node: 18+5
x: 18
y: 5
Solving node: 23-2
x: 23
y: 2
Solving node: 6:1
x: 6
y: 1
Solving node: 3*2
x: 3
y: 2
Solving node: 1*4
x: 1
y: 4
Solving node: 1*9
x: 1
y: 9
Solving node: 9+6
x: 9
y: 6
Solving node: 15+9
x: 15
y: 9
Solving node: 24-6
x: 24
y: 6
Solving node: 18+5
x: 18
y: 5
Solving node: 23-2
x: 23
y: 2
Solving node: 21+6
x: 21
y: 6
Solving node: 27+4
x: 27
y: 4
Solving node: 31+9
x: 31
y: 9
Difference: 40
Last: 9; Last sum: 9
Calculating: 9+6:1+9-6+5-2+3*2+1*4+1*9-3
Solving node: 6:1
x: 6
y: 1
Solving node: 3*2
x: 3
y: 2
Solving node: 1*4
x: 1
y: 4
Solving node: 1*9
x: 1
y: 9
Solving node: 9+6
x: 9
y: 6
Solving node: 15+9
x: 15
y: 9
Solving node: 24-6
x: 24
y: 6
Solving node: 18+5
x: 18
y: 5
Solving node: 23-2
x: 23
y: 2
Solving node: 21+6
x: 21
y: 6
Solving node: 27+4
x: 27
y: 4
Solving node: 31+9
x: 31
y: 9
Solving node: 40-3
x: 40
y: 3
Solving node: 6:1
x: 6
y: 1
Solving node: 3*2
x: 3
y: 2
Solving node: 1*4
x: 1
y: 4
Solving node: 1*9
x: 1
y: 9
Solving node: 9+6
x: 9
y: 6
Solving node: 15+9
x: 15
y: 9
Solving node: 24-6
x: 24
y: 6
Solving node: 18+5
x: 18
y: 5
Solving node: 23-2
x: 23
y: 2
Solving node: 21+6
x: 21
y: 6
Solving node: 27+4
x: 27
y: 4
Solving node: 31+9
x: 31
y: 9
Solving node: 40-3
x: 40
y: 3
Solving node: 6:1
x: 6
y: 1
Solving node: 3*2
x: 3
y: 2
Solving node: 1*4
x: 1
y: 4
Solving node: 1*9
x: 1
y: 9
Solving node: 9+6
x: 9
y: 6
Solving node: 15+9
x: 15
y: 9
Solving node: 24-6
x: 24
y: 6
Solving node: 18+5
x: 18
y: 5
Solving node: 23-2
x: 23
y: 2
Solving node: 21+6
x: 21
y: 6
Solving node: 27+4
x: 27
y: 4
Solving node: 31+9
x: 31
y: 9
Difference: 40-3
Calculating: 9+6:1+9-6+5-2+3*2+1*4+1*9-3+8
Solving node: 6:1
x: 6
y: 1
Solving node: 3*2
x: 3
y: 2
Solving node: 1*4
x: 1
y: 4
Solving node: 1*9
x: 1
y: 9
Solving node: 9+6
x: 9
y: 6
Solving node: 15+9
x: 15
y: 9
Solving node: 24-6
x: 24
y: 6
Solving node: 18+5
x: 18
y: 5
Solving node: 23-2
x: 23
y: 2
Solving node: 21+6
x: 21
y: 6
Solving node: 27+4
x: 27
y: 4
Solving node: 31+9
x: 31
y: 9
Solving node: 40-3
x: 40
y: 3
Solving node: 37+8
x: 37
y: 8
Solving node: 6:1
x: 6
y: 1
Solving node: 3*2
x: 3
y: 2
Solving node: 1*4
x: 1
y: 4
Solving node: 1*9
x: 1
y: 9
Solving node: 9+6
x: 9
y: 6
Solving node: 15+9
x: 15
y: 9
Solving node: 24-6
x: 24
y: 6
Solving node: 18+5
x: 18
y: 5
Solving node: 23-2
x: 23
y: 2
Solving node: 21+6
x: 21
y: 6
Solving node: 27+4
x: 27
y: 4
Solving node: 31+9
x: 31
y: 9
Solving node: 40-3
x: 40
y: 3
Solving node: 6:1
x: 6
y: 1
Solving node: 3*2
x: 3
y: 2
Solving node: 1*4
x: 1
y: 4
Solving node: 1*9
x: 1
y: 9
Solving node: 9+6
x: 9
y: 6
Solving node: 15+9
x: 15
y: 9
Solving node: 24-6
x: 24
y: 6
Solving node: 18+5
x: 18
y: 5
Solving node: 23-2
x: 23
y: 2
Solving node: 21+6
x: 21
y: 6
Solving node: 27+4
x: 27
y: 4
Solving node: 31+9
x: 31
y: 9
Solving node: 40-3
x: 40
y: 3
Solving node: 37+8
x: 37
y: 8
Difference: 45
Calculating: 9+6:1+9-6+5-2+3*2+1*4+1*9-3+8:1
Solving node: 6:1
x: 6
y: 1
Solving node: 3*2
x: 3
y: 2
Solving node: 1*4
x: 1
y: 4
Solving node: 1*9
x: 1
y: 9
Solving node: 8:1
x: 8
y: 1
Solving node: 9+6
x: 9
y: 6
Solving node: 15+9
x: 15
y: 9
Solving node: 24-6
x: 24
y: 6
Solving node: 18+5
x: 18
y: 5
Solving node: 23-2
x: 23
y: 2
Solving node: 21+6
x: 21
y: 6
Solving node: 27+4
x: 27
y: 4
Solving node: 31+9
x: 31
y: 9
Solving node: 40-3
x: 40
y: 3
Solving node: 37+8
x: 37
y: 8
Solving node: 6:1
x: 6
y: 1
Solving node: 3*2
x: 3
y: 2
Solving node: 1*4
x: 1
y: 4
Solving node: 1*9
x: 1
y: 9
Solving node: 8:1
x: 8
y: 1
Solving node: 9+6
x: 9
y: 6
Solving node: 15+9
x: 15
y: 9
Solving node: 24-6
x: 24
y: 6
Solving node: 18+5
x: 18
y: 5
Solving node: 23-2
x: 23
y: 2
Solving node: 21+6
x: 21
y: 6
Solving node: 27+4
x: 27
y: 4
Solving node: 31+9
x: 31
y: 9
Solving node: 40-3
x: 40
y: 3
Solving node: 6:1
x: 6
y: 1
Solving node: 3*2
x: 3
y: 2
Solving node: 1*4
x: 1
y: 4
Solving node: 1*9
x: 1
y: 9
Solving node: 8:1
x: 8
y: 1
Solving node: 9+6
x: 9
y: 6
Solving node: 15+9
x: 15
y: 9
Solving node: 24-6
x: 24
y: 6
Solving node: 18+5
x: 18
y: 5
Solving node: 23-2
x: 23
y: 2
Solving node: 21+6
x: 21
y: 6
Solving node: 27+4
x: 27
y: 4
Solving node: 31+9
x: 31
y: 9
Solving node: 40-3
x: 40
y: 3
Solving node: 37+8
x: 37
y: 8
Difference: 45
Calculating: 9+6:1+9-6+5-2+3*2+1*4+1*9-3+8:1+9
Solving node: 6:1
x: 6
y: 1
Solving node: 3*2
x: 3
y: 2
Solving node: 1*4
x: 1
y: 4
Solving node: 1*9
x: 1
y: 9
Solving node: 8:1
x: 8
y: 1
Solving node: 9+6
x: 9
y: 6
Solving node: 15+9
x: 15
y: 9
Solving node: 24-6
x: 24
y: 6
Solving node: 18+5
x: 18
y: 5
Solving node: 23-2
x: 23
y: 2
Solving node: 21+6
x: 21
y: 6
Solving node: 27+4
x: 27
y: 4
Solving node: 31+9
x: 31
y: 9
Solving node: 40-3
x: 40
y: 3
Solving node: 37+8
x: 37
y: 8
Solving node: 45+9
x: 45
y: 9
Originallösung: 9+6:1+9-6+5-2+3*2+1*4+1*9-3+8:1+9 = 54
[96/100] 9+6:1+9-6+5-2+3*2+1*4+1*9-3+8:1+9
Testing equation: 9+6:1+9-6+5-2+3*2+1*4+1*9-3+8:1+9
Checking node: 6:1
Solving node: 6:1
x: 6
y: 1
Checking node: 3*2
Solving node: 3*2
x: 3
y: 2
Checking node: 1*4
Solving node: 1*4
x: 1
y: 4
Checking node: 1*9
Solving node: 1*9
x: 1
y: 9
Checking node: 8:1
Solving node: 8:1
x: 8
y: 1
Checking node: 9+6
Solving node: 9+6
x: 9
y: 6
Checking node: 15+9
Solving node: 15+9
x: 15
y: 9
Checking node: 24-6
Solving node: 24-6
x: 24
y: 6
Checking node: 18+5
Solving node: 18+5
x: 18
y: 5
Checking node: 23-2
Solving node: 23-2
x: 23
y: 2
Checking node: 21+6
Solving node: 21+6
x: 21
y: 6
Checking node: 27+4
Solving node: 27+4
x: 27
y: 4
Checking node: 31+9
Solving node: 31+9
x: 31
y: 9
Checking node: 40-3
Solving node: 40-3
x: 40
y: 3
Checking node: 37+8
Solving node: 37+8
x: 37
y: 8
Checking node: 45+9
Solving node: 45+9
x: 45
y: 9
Checking node: 9+6
Checking node: 6:1
Checking node: 1+9
Checking node: 9-6
Checking node: 6+5
Checking node: 5-2
Checking node: 2+3
Checking node: 3*2
Checking node: 2+1
Checking node: 1*4
Checking node: 4+1
Checking node: 1*9
Checking node: 9-3
Checking node: 3+8
Checking node: 8:1
Checking node: 1+9
Difference: 1
Using default bounds (multiplication)
Calculating: 1*5
Solving node: 1*5
x: 1
y: 5
Solving node: 1*5
x: 1
y: 5
Solving node: 1*5
x: 1
y: 5
Difference: 5
Last: 5; Last sum: 5
Calculating: 1*5-3
Solving node: 1*5
x: 1
y: 5
Solving node: 5-3
x: 5
y: 3
Solving node: 1*5
x: 1
y: 5
Solving node: 5-3
x: 5
y: 3
Solving node: 1*5
x: 1
y: 5
Difference: 5-3
Calculating bounds (multiplication)
Upper bound: 0
Solving node: 1*5
x: 1
y: 5
Solving node: 5-3
x: 5
y: 3
Solving node: 1*5
x: 1
y: 5
Difference: 5-3
Calculating: 1*5-3+5
Solving node: 1*5
x: 1
y: 5
Solving node: 5-3
x: 5
y: 3
Solving node: 2+5
x: 2
y: 5
Solving node: 1*5
x: 1
y: 5
Solving node: 5-3
x: 5
y: 3
Solving node: 1*5
x: 1
y: 5
Solving node: 5-3
x: 5
y: 3
Solving node: 2+5
x: 2
y: 5
Difference: 7
Using default bounds (multiplication)
Calculating: 1*5-3+5*5
Solving node: 1*5
x: 1
y: 5
Solving node: 5*5
x: 5
y: 5
Solving node: 5-3
x: 5
y: 3
Solving node: 2+25
x: 2
y: 25
Solving node: 1*5
x: 1
y: 5
Solving node: 5*5
x: 5
y: 5
Solving node: 5-3
x: 5
y: 3
Solving node: 1*5
x: 1
y: 5
Solving node: 5*5
x: 5
y: 5
Solving node: 5-3
x: 5
y: 3
Solving node: 2+25
x: 2
y: 25
Difference: 27
Calculating: 1*5-3+5*5+6
Solving node: 1*5
x: 1
y: 5
Solving node: 5*5
x: 5
y: 5
Solving node: 5-3
x: 5
y: 3
Solving node: 2+25
x: 2
y: 25
Solving node: 27+6
x: 27
y: 6
Solving node: 1*5
x: 1
y: 5
Solving node: 5*5
x: 5
y: 5
Solving node: 5-3
x: 5
y: 3
Solving node: 1*5
x: 1
y: 5
Solving node: 5*5
x: 5
y: 5
Solving node: 5-3
x: 5
y: 3
Solving node: 2+25
x: 2
y: 25
Solving node: 27+6
x: 27
y: 6
Difference: 33
Calculating: 1*5-3+5*5+6:1
Solving node: 1*5
x: 1
y: 5
Solving node: 5*5
x: 5
y: 5
Solving node: 6:1
x: 6
y: 1
Solving node: 5-3
x: 5
y: 3
Solving node: 2+25
x: 2
y: 25
Solving node: 27+6
x: 27
y: 6
Solving node: 1*5
x: 1
y: 5
Solving node: 5*5
x: 5
y: 5
Solving node: 6:1
x: 6
y: 1
Solving node: 5-3
x: 5
y: 3
Solving node: 1*5
x: 1
y: 5
Solving node: 5*5
x: 5
y: 5
Solving node: 6:1
x: 6
y: 1
Solving node: 5-3
x: 5
y: 3
Solving node: 2+25
x: 2
y: 25
Solving node: 27+6
x: 27
y: 6
Difference: 33
Calculating: 1*5-3+5*5+6:1+4
Solving node: 1*5
x: 1
y: 5
Solving node: 5*5
x: 5
y: 5
Solving node: 6:1
x: 6
y: 1
Solving node: 5-3
x: 5
y: 3
Solving node: 2+25
x: 2
y: 25
Solving node: 27+6
x: 27
y: 6
Solving node: 33+4
x: 33
y: 4
Solving node: 1*5
x: 1
y: 5
Solving node: 5*5
x: 5
y: 5
Solving node: 6:1
x: 6
y: 1
Solving node: 5-3
x: 5
y: 3
Solving node: 1*5
x: 1
y: 5
Solving node: 5*5
x: 5
y: 5
Solving node: 6:1
x: 6
y: 1
Solving node: 5-3
x: 5
y: 3
Solving node: 2+25
x: 2
y: 25
Solving node: 27+6
x: 27
y: 6
Solving node: 33+4
x: 33
y: 4
Difference: 37
Calculating: 1*5-3+5*5+6:1+4:2
Solving node: 1*5
x: 1
y: 5
Solving node: 5*5
x: 5
y: 5
Solving node: 6:1
x: 6
y: 1
Solving node: 4:2
x: 4
y: 2
Solving node: 5-3
x: 5
y: 3
Solving node: 2+25
x: 2
y: 25
Solving node: 27+6
x: 27
y: 6
Solving node: 33+2
x: 33
y: 2
Solving node: 1*5
x: 1
y: 5
Solving node: 5*5
x: 5
y: 5
Solving node: 6:1
x: 6
y: 1
Solving node: 4:2
x: 4
y: 2
Solving node: 5-3
x: 5
y: 3
Solving node: 1*5
x: 1
y: 5
Solving node: 5*5
x: 5
y: 5
Solving node: 6:1
x: 6
y: 1
Solving node: 4:2
x: 4
y: 2
Solving node: 5-3
x: 5
y: 3
Solving node: 2+25
x: 2
y: 25
Solving node: 27+6
x: 27
y: 6
Solving node: 33+2
x: 33
y: 2
Difference: 35
Calculating: 1*5-3+5*5+6:1+4:2+2
Solving node: 1*5
x: 1
y: 5
Solving node: 5*5
x: 5
y: 5
Solving node: 6:1
x: 6
y: 1
Solving node: 4:2
x: 4
y: 2
Solving node: 5-3
x: 5
y: 3
Solving node: 2+25
x: 2
y: 25
Solving node: 27+6
x: 27
y: 6
Solving node: 33+2
x: 33
y: 2
Solving node: 35+2
x: 35
y: 2
Solving node: 1*5
x: 1
y: 5
Solving node: 5*5
x: 5
y: 5
Solving node: 6:1
x: 6
y: 1
Solving node: 4:2
x: 4
y: 2
Solving node: 5-3
x: 5
y: 3
Solving node: 1*5
x: 1
y: 5
Solving node: 5*5
x: 5
y: 5
Solving node: 6:1
x: 6
y: 1
Solving node: 4:2
x: 4
y: 2
Solving node: 5-3
x: 5
y: 3
Solving node: 2+25
x: 2
y: 25
Solving node: 27+6
x: 27
y: 6
Solving node: 33+2
x: 33
y: 2
Solving node: 35+2
x: 35
y: 2
Difference: 37
Using default bounds (multiplication)
Calculating: 1*5-3+5*5+6:1+4:2+2*2
Solving node: 1*5
x: 1
y: 5
Solving node: 5*5
x: 5
y: 5
Solving node: 6:1
x: 6
y: 1
Solving node: 4:2
x: 4
y: 2
Solving node: 2*2
x: 2
y: 2
Solving node: 5-3
x: 5
y: 3
Solving node: 2+25
x: 2
y: 25
Solving node: 27+6
x: 27
y: 6
Solving node: 33+2
x: 33
y: 2
Solving node: 35+4
x: 35
y: 4
Solving node: 1*5
x: 1
y: 5
Solving node: 5*5
x: 5
y: 5
Solving node: 6:1
x: 6
y: 1
Solving node: 4:2
x: 4
y: 2
Solving node: 2*2
x: 2
y: 2
Solving node: 5-3
x: 5
y: 3
Solving node: 1*5
x: 1
y: 5
Solving node: 5*5
x: 5
y: 5
Solving node: 6:1
x: 6
y: 1
Solving node: 4:2
x: 4
y: 2
Solving node: 2*2
x: 2
y: 2
Solving node: 5-3
x: 5
y: 3
Solving node: 2+25
x: 2
y: 25
Solving node: 27+6
x: 27
y: 6
Solving node: 33+2
x: 33
y: 2
Solving node: 35+4
x: 35
y: 4
Difference: 39
Calculating: 1*5-3+5*5+6:1+4:2+2*2+3
Solving node: 1*5
x: 1
y: 5
Solving node: 5*5
x: 5
y: 5
Solving node: 6:1
x: 6
y: 1
Solving node: 4:2
x: 4
y: 2
Solving node: 2*2
x: 2
y: 2
Solving node: 5-3
x: 5
y: 3
Solving node: 2+25
x: 2
y: 25
Solving node: 27+6
x: 27
y: 6
Solving node: 33+2
x: 33
y: 2
Solving node: 35+4
x: 35
y: 4
Solving node: 39+3
x: 39
y: 3
Solving node: 1*5
x: 1
y: 5
Solving node: 5*5
x: 5
y: 5
Solving node: 6:1
x: 6
y: 1
Solving node: 4:2
x: 4
y: 2
Solving node: 2*2
x: 2
y: 2
Solving node: 5-3
x: 5
y: 3
Solving node: 1*5
x: 1
y: 5
Solving node: 5*5
x: 5
y: 5
Solving node: 6:1
x: 6
y: 1
Solving node: 4:2
x: 4
y: 2
Solving node: 2*2
x: 2
y: 2
Solving node: 5-3
x: 5
y: 3
Solving node: 2+25
x: 2
y: 25
Solving node: 27+6
x: 27
y: 6
Solving node: 33+2
x: 33
y: 2
Solving node: 35+4
x: 35
y: 4
Solving node: 39+3
x: 39
y: 3
Difference: 42
Last: 3; Last sum: 3
Calculating: 1*5-3+5*5+6:1+4:2+2*2+3-2
Solving node: 1*5
x: 1
y: 5
Solving node: 5*5
x: 5
y: 5
Solving node: 6:1
x: 6
y: 1
Solving node: 4:2
x: 4
y: 2
Solving node: 2*2
x: 2
y: 2
Solving node: 5-3
x: 5
y: 3
Solving node: 2+25
x: 2
y: 25
Solving node: 27+6
x: 27
y: 6
Solving node: 33+2
x: 33
y: 2
Solving node: 35+4
x: 35
y: 4
Solving node: 39+3
x: 39
y: 3
Solving node: 42-2
x: 42
y: 2
Solving node: 1*5
x: 1
y: 5
Solving node: 5*5
x: 5
y: 5
Solving node: 6:1
x: 6
y: 1
Solving node: 4:2
x: 4
y: 2
Solving node: 2*2
x: 2
y: 2
Solving node: 5-3
x: 5
y: 3
Solving node: 2+25
x: 2
y: 25
Solving node: 27+6
x: 27
y: 6
Solving node: 33+2
x: 33
y: 2
Solving node: 35+4
x: 35
y: 4
Solving node: 39+3
x: 39
y: 3
Solving node: 42-2
x: 42
y: 2
Solving node: 1*5
x: 1
y: 5
Solving node: 5*5
x: 5
y: 5
Solving node: 6:1
x: 6
y: 1
Solving node: 4:2
x: 4
y: 2
Solving node: 2*2
x: 2
y: 2
Solving node: 5-3
x: 5
y: 3
Solving node: 2+25
x: 2
y: 25
Solving node: 27+6
x: 27
y: 6
Solving node: 33+2
x: 33
y: 2
Solving node: 35+4
x: 35
y: 4
Solving node: 39+3
x: 39
y: 3
Difference: 42-2
Calculating bounds (multiplication)
Previous index: -1 | Last operator index: 2
Upper bound: 2
Calculating: 1*5-3+5*5+6:1+4:2+2*2+3-2*1
Solving node: 1*5
x: 1
y: 5
Solving node: 5*5
x: 5
y: 5
Solving node: 6:1
x: 6
y: 1
Solving node: 4:2
x: 4
y: 2
Solving node: 2*2
x: 2
y: 2
Solving node: 2*1
x: 2
y: 1
Solving node: 5-3
x: 5
y: 3
Solving node: 2+25
x: 2
y: 25
Solving node: 27+6
x: 27
y: 6
Solving node: 33+2
x: 33
y: 2
Solving node: 35+4
x: 35
y: 4
Solving node: 39+3
x: 39
y: 3
Solving node: 42-2
x: 42
y: 2
Solving node: 1*5
x: 1
y: 5
Solving node: 5*5
x: 5
y: 5
Solving node: 6:1
x: 6
y: 1
Solving node: 4:2
x: 4
y: 2
Solving node: 2*2
x: 2
y: 2
Solving node: 2*1
x: 2
y: 1
Solving node: 5-3
x: 5
y: 3
Solving node: 2+25
x: 2
y: 25
Solving node: 27+6
x: 27
y: 6
Solving node: 33+2
x: 33
y: 2
Solving node: 35+4
x: 35
y: 4
Solving node: 39+3
x: 39
y: 3
Solving node: 42-2
x: 42
y: 2
Solving node: 1*5
x: 1
y: 5
Solving node: 5*5
x: 5
y: 5
Solving node: 6:1
x: 6
y: 1
Solving node: 4:2
x: 4
y: 2
Solving node: 2*2
x: 2
y: 2
Solving node: 2*1
x: 2
y: 1
Solving node: 5-3
x: 5
y: 3
Solving node: 2+25
x: 2
y: 25
Solving node: 27+6
x: 27
y: 6
Solving node: 33+2
x: 33
y: 2
Solving node: 35+4
x: 35
y: 4
Solving node: 39+3
x: 39
y: 3
Difference: 42-2
Calculating: 1*5-3+5*5+6:1+4:2+2*2+3-2*1+4
Solving node: 1*5
x: 1
y: 5
Solving node: 5*5
x: 5
y: 5
Solving node: 6:1
x: 6
y: 1
Solving node: 4:2
x: 4
y: 2
Solving node: 2*2
x: 2
y: 2
Solving node: 2*1
x: 2
y: 1
Solving node: 5-3
x: 5
y: 3
Solving node: 2+25
x: 2
y: 25
Solving node: 27+6
x: 27
y: 6
Solving node: 33+2
x: 33
y: 2
Solving node: 35+4
x: 35
y: 4
Solving node: 39+3
x: 39
y: 3
Solving node: 42-2
x: 42
y: 2
Solving node: 40+4
x: 40
y: 4
Solving node: 1*5
x: 1
y: 5
Solving node: 5*5
x: 5
y: 5
Solving node: 6:1
x: 6
y: 1
Solving node: 4:2
x: 4
y: 2
Solving node: 2*2
x: 2
y: 2
Solving node: 2*1
x: 2
y: 1
Solving node: 5-3
x: 5
y: 3
Solving node: 2+25
x: 2
y: 25
Solving node: 27+6
x: 27
y: 6
Solving node: 33+2
x: 33
y: 2
Solving node: 35+4
x: 35
y: 4
Solving node: 39+3
x: 39
y: 3
Solving node: 42-2
x: 42
y: 2
Solving node: 1*5
x: 1
y: 5
Solving node: 5*5
x: 5
y: 5
Solving node: 6:1
x: 6
y: 1
Solving node: 4:2
x: 4
y: 2
Solving node: 2*2
x: 2
y: 2
Solving node: 2*1
x: 2
y: 1
Solving node: 5-3
x: 5
y: 3
Solving node: 2+25
x: 2
y: 25
Solving node: 27+6
x: 27
y: 6
Solving node: 33+2
x: 33
y: 2
Solving node: 35+4
x: 35
y: 4
Solving node: 39+3
x: 39
y: 3
Solving node: 42-2
x: 42
y: 2
Solving node: 40+4
x: 40
y: 4
Difference: 44
Using default bounds (multiplication)
Calculating: 1*5-3+5*5+6:1+4:2+2*2+3-2*1+4*1
Solving node: 1*5
x: 1
y: 5
Solving node: 5*5
x: 5
y: 5
Solving node: 6:1
x: 6
y: 1
Solving node: 4:2
x: 4
y: 2
Solving node: 2*2
x: 2
y: 2
Solving node: 2*1
x: 2
y: 1
Solving node: 4*1
x: 4
y: 1
Solving node: 5-3
x: 5
y: 3
Solving node: 2+25
x: 2
y: 25
Solving node: 27+6
x: 27
y: 6
Solving node: 33+2
x: 33
y: 2
Solving node: 35+4
x: 35
y: 4
Solving node: 39+3
x: 39
y: 3
Solving node: 42-2
x: 42
y: 2
Solving node: 40+4
x: 40
y: 4
Solving node: 1*5
x: 1
y: 5
Solving node: 5*5
x: 5
y: 5
Solving node: 6:1
x: 6
y: 1
Solving node: 4:2
x: 4
y: 2
Solving node: 2*2
x: 2
y: 2
Solving node: 2*1
x: 2
y: 1
Solving node: 4*1
x: 4
y: 1
Solving node: 5-3
x: 5
y: 3
Solving node: 2+25
x: 2
y: 25
Solving node: 27+6
x: 27
y: 6
Solving node: 33+2
x: 33
y: 2
Solving node: 35+4
x: 35
y: 4
Solving node: 39+3
x: 39
y: 3
Solving node: 42-2
x: 42
y: 2
Solving node: 1*5
x: 1
y: 5
Solving node: 5*5
x: 5
y: 5
Solving node: 6:1
x: 6
y: 1
Solving node: 4:2
x: 4
y: 2
Solving node: 2*2
x: 2
y: 2
Solving node: 2*1
x: 2
y: 1
Solving node: 4*1
x: 4
y: 1
Solving node: 5-3
x: 5
y: 3
Solving node: 2+25
x: 2
y: 25
Solving node: 27+6
x: 27
y: 6
Solving node: 33+2
x: 33
y: 2
Solving node: 35+4
x: 35
y: 4
Solving node: 39+3
x: 39
y: 3
Solving node: 42-2
x: 42
y: 2
Solving node: 40+4
x: 40
y: 4
Difference: 44
Calculating: 1*5-3+5*5+6:1+4:2+2*2+3-2*1+4*1+9
Solving node: 1*5
x: 1
y: 5
Solving node: 5*5
x: 5
y: 5
Solving node: 6:1
x: 6
y: 1
Solving node: 4:2
x: 4
y: 2
Solving node: 2*2
x: 2
y: 2
Solving node: 2*1
x: 2
y: 1
Solving node: 4*1
x: 4
y: 1
Solving node: 5-3
x: 5
y: 3
Solving node: 2+25
x: 2
y: 25
Solving node: 27+6
x: 27
y: 6
Solving node: 33+2
x: 33
y: 2
Solving node: 35+4
x: 35
y: 4
Solving node: 39+3
x: 39
y: 3
Solving node: 42-2
x: 42
y: 2
Solving node: 40+4
x: 40
y: 4
Solving node: 44+9
x: 44
y: 9
Originallösung: 1*5-3+5*5+6:1+4:2+2*2+3-2*1+4*1+9 = 53
[97/100] 1*5-3+5*5+6:1+4:2+2*2+3-2*1+4*1+9
Testing equation: 1*5-3+5*5+6:1+4:2+2*2+3-2*1+4*1+9
Checking node: 1*5
Solving node: 1*5
x: 1
y: 5
Checking node: 5*5
Solving node: 5*5
x: 5
y: 5
Checking node: 6:1
Solving node: 6:1
x: 6
y: 1
Checking node: 4:2
Solving node: 4:2
x: 4
y: 2
Checking node: 2*2
Solving node: 2*2
x: 2
y: 2
Checking node: 2*1
Solving node: 2*1
x: 2
y: 1
Checking node: 4*1
Solving node: 4*1
x: 4
y: 1
Checking node: 5-3
Solving node: 5-3
x: 5
y: 3
Checking node: 2+25
Solving node: 2+25
x: 2
y: 25
Checking node: 27+6
Solving node: 27+6
x: 27
y: 6
Checking node: 33+2
Solving node: 33+2
x: 33
y: 2
Checking node: 35+4
Solving node: 35+4
x: 35
y: 4
Checking node: 39+3
Solving node: 39+3
x: 39
y: 3
Checking node: 42-2
Solving node: 42-2
x: 42
y: 2
Checking node: 40+4
Solving node: 40+4
x: 40
y: 4
Checking node: 44+9
Solving node: 44+9
x: 44
y: 9
Checking node: 1*5
Checking node: 5-3
Checking node: 3+5
Checking node: 5*5
Checking node: 5+6
Checking node: 6:1
Checking node: 1+4
Checking node: 4:2
Checking node: 2+2
Checking node: 2*2
Checking node: 2+3
Checking node: 3-2
Checking node: 2*1
Checking node: 1+4
Checking node: 4*1
Checking node: 1+9
Difference: 8
Using default bounds (multiplication)
Calculating: 8*3
Solving node: 8*3
x: 8
y: 3
Solving node: 8*3
x: 8
y: 3
Solving node: 8*3
x: 8
y: 3
Difference: 24
Last: 3; Last sum: 24
Calculating: 8*3-1
Solving node: 8*3
x: 8
y: 3
Solving node: 24-1
x: 24
y: 1
Solving node: 8*3
x: 8
y: 3
Solving node: 24-1
x: 24
y: 1
Solving node: 8*3
x: 8
y: 3
Difference: 24-1
Calculating: 8*3-1+1
Solving node: 8*3
x: 8
y: 3
Solving node: 24-1
x: 24
y: 1
Solving node: 23+1
x: 23
y: 1
Solving node: 8*3
x: 8
y: 3
Solving node: 24-1
x: 24
y: 1
Solving node: 8*3
x: 8
y: 3
Solving node: 24-1
x: 24
y: 1
Solving node: 23+1
x: 23
y: 1
Difference: 24
Using default bounds (multiplication)
Calculating: 8*3-1+1*2
Solving node: 8*3
x: 8
y: 3
Solving node: 1*2
x: 1
y: 2
Solving node: 24-1
x: 24
y: 1
Solving node: 23+2
x: 23
y: 2
Solving node: 8*3
x: 8
y: 3
Solving node: 1*2
x: 1
y: 2
Solving node: 24-1
x: 24
y: 1
Solving node: 8*3
x: 8
y: 3
Solving node: 1*2
x: 1
y: 2
Solving node: 24-1
x: 24
y: 1
Solving node: 23+2
x: 23
y: 2
Difference: 25
Calculating: 8*3-1+1*2+9
Solving node: 8*3
x: 8
y: 3
Solving node: 1*2
x: 1
y: 2
Solving node: 24-1
x: 24
y: 1
Solving node: 23+2
x: 23
y: 2
Solving node: 25+9
x: 25
y: 9
Solving node: 8*3
x: 8
y: 3
Solving node: 1*2
x: 1
y: 2
Solving node: 24-1
x: 24
y: 1
Solving node: 8*3
x: 8
y: 3
Solving node: 1*2
x: 1
y: 2
Solving node: 24-1
x: 24
y: 1
Solving node: 23+2
x: 23
y: 2
Solving node: 25+9
x: 25
y: 9
Difference: 34
Using default bounds (multiplication)
Calculating: 8*3-1+1*2+9*3
Solving node: 8*3
x: 8
y: 3
Solving node: 1*2
x: 1
y: 2
Solving node: 9*3
x: 9
y: 3
Solving node: 24-1
x: 24
y: 1
Solving node: 23+2
x: 23
y: 2
Solving node: 25+27
x: 25
y: 27
Solving node: 8*3
x: 8
y: 3
Solving node: 1*2
x: 1
y: 2
Solving node: 9*3
x: 9
y: 3
Solving node: 24-1
x: 24
y: 1
Solving node: 8*3
x: 8
y: 3
Solving node: 1*2
x: 1
y: 2
Solving node: 9*3
x: 9
y: 3
Solving node: 24-1
x: 24
y: 1
Solving node: 23+2
x: 23
y: 2
Solving node: 25+27
x: 25
y: 27
Difference: 52
Last: 3; Last sum: 27
Calculating: 8*3-1+1*2+9*3-2
Solving node: 8*3
x: 8
y: 3
Solving node: 1*2
x: 1
y: 2
Solving node: 9*3
x: 9
y: 3
Solving node: 24-1
x: 24
y: 1
Solving node: 23+2
x: 23
y: 2
Solving node: 25+27
x: 25
y: 27
Solving node: 52-2
x: 52
y: 2
Solving node: 8*3
x: 8
y: 3
Solving node: 1*2
x: 1
y: 2
Solving node: 9*3
x: 9
y: 3
Solving node: 24-1
x: 24
y: 1
Solving node: 23+2
x: 23
y: 2
Solving node: 25+27
x: 25
y: 27
Solving node: 52-2
x: 52
y: 2
Solving node: 8*3
x: 8
y: 3
Solving node: 1*2
x: 1
y: 2
Solving node: 9*3
x: 9
y: 3
Solving node: 24-1
x: 24
y: 1
Solving node: 23+2
x: 23
y: 2
Solving node: 25+27
x: 25
y: 27
Difference: 52-2
Calculating: 8*3-1+1*2+9*3-2+3
Solving node: 8*3
x: 8
y: 3
Solving node: 1*2
x: 1
y: 2
Solving node: 9*3
x: 9
y: 3
Solving node: 24-1
x: 24
y: 1
Solving node: 23+2
x: 23
y: 2
Solving node: 25+27
x: 25
y: 27
Solving node: 52-2
x: 52
y: 2
Solving node: 50+3
x: 50
y: 3
Solving node: 8*3
x: 8
y: 3
Solving node: 1*2
x: 1
y: 2
Solving node: 9*3
x: 9
y: 3
Solving node: 24-1
x: 24
y: 1
Solving node: 23+2
x: 23
y: 2
Solving node: 25+27
x: 25
y: 27
Solving node: 52-2
x: 52
y: 2
Solving node: 8*3
x: 8
y: 3
Solving node: 1*2
x: 1
y: 2
Solving node: 9*3
x: 9
y: 3
Solving node: 24-1
x: 24
y: 1
Solving node: 23+2
x: 23
y: 2
Solving node: 25+27
x: 25
y: 27
Solving node: 52-2
x: 52
y: 2
Solving node: 50+3
x: 50
y: 3
Difference: 53
Last: 3; Last sum: 3
Calculating: 8*3-1+1*2+9*3-2+3-1
Solving node: 8*3
x: 8
y: 3
Solving node: 1*2
x: 1
y: 2
Solving node: 9*3
x: 9
y: 3
Solving node: 24-1
x: 24
y: 1
Solving node: 23+2
x: 23
y: 2
Solving node: 25+27
x: 25
y: 27
Solving node: 52-2
x: 52
y: 2
Solving node: 50+3
x: 50
y: 3
Solving node: 53-1
x: 53
y: 1
Solving node: 8*3
x: 8
y: 3
Solving node: 1*2
x: 1
y: 2
Solving node: 9*3
x: 9
y: 3
Solving node: 24-1
x: 24
y: 1
Solving node: 23+2
x: 23
y: 2
Solving node: 25+27
x: 25
y: 27
Solving node: 52-2
x: 52
y: 2
Solving node: 50+3
x: 50
y: 3
Solving node: 53-1
x: 53
y: 1
Solving node: 8*3
x: 8
y: 3
Solving node: 1*2
x: 1
y: 2
Solving node: 9*3
x: 9
y: 3
Solving node: 24-1
x: 24
y: 1
Solving node: 23+2
x: 23
y: 2
Solving node: 25+27
x: 25
y: 27
Solving node: 52-2
x: 52
y: 2
Solving node: 50+3
x: 50
y: 3
Difference: 53-1
Calculating: 8*3-1+1*2+9*3-2+3-1+4
Solving node: 8*3
x: 8
y: 3
Solving node: 1*2
x: 1
y: 2
Solving node: 9*3
x: 9
y: 3
Solving node: 24-1
x: 24
y: 1
Solving node: 23+2
x: 23
y: 2
Solving node: 25+27
x: 25
y: 27
Solving node: 52-2
x: 52
y: 2
Solving node: 50+3
x: 50
y: 3
Solving node: 53-1
x: 53
y: 1
Solving node: 52+4
x: 52
y: 4
Solving node: 8*3
x: 8
y: 3
Solving node: 1*2
x: 1
y: 2
Solving node: 9*3
x: 9
y: 3
Solving node: 24-1
x: 24
y: 1
Solving node: 23+2
x: 23
y: 2
Solving node: 25+27
x: 25
y: 27
Solving node: 52-2
x: 52
y: 2
Solving node: 50+3
x: 50
y: 3
Solving node: 53-1
x: 53
y: 1
Solving node: 8*3
x: 8
y: 3
Solving node: 1*2
x: 1
y: 2
Solving node: 9*3
x: 9
y: 3
Solving node: 24-1
x: 24
y: 1
Solving node: 23+2
x: 23
y: 2
Solving node: 25+27
x: 25
y: 27
Solving node: 52-2
x: 52
y: 2
Solving node: 50+3
x: 50
y: 3
Solving node: 53-1
x: 53
y: 1
Solving node: 52+4
x: 52
y: 4
Difference: 56
Last: 4; Last sum: 4
Calculating: 8*3-1+1*2+9*3-2+3-1+4-3
Solving node: 8*3
x: 8
y: 3
Solving node: 1*2
x: 1
y: 2
Solving node: 9*3
x: 9
y: 3
Solving node: 24-1
x: 24
y: 1
Solving node: 23+2
x: 23
y: 2
Solving node: 25+27
x: 25
y: 27
Solving node: 52-2
x: 52
y: 2
Solving node: 50+3
x: 50
y: 3
Solving node: 53-1
x: 53
y: 1
Solving node: 52+4
x: 52
y: 4
Solving node: 56-3
x: 56
y: 3
Solving node: 8*3
x: 8
y: 3
Solving node: 1*2
x: 1
y: 2
Solving node: 9*3
x: 9
y: 3
Solving node: 24-1
x: 24
y: 1
Solving node: 23+2
x: 23
y: 2
Solving node: 25+27
x: 25
y: 27
Solving node: 52-2
x: 52
y: 2
Solving node: 50+3
x: 50
y: 3
Solving node: 53-1
x: 53
y: 1
Solving node: 52+4
x: 52
y: 4
Solving node: 56-3
x: 56
y: 3
Solving node: 8*3
x: 8
y: 3
Solving node: 1*2
x: 1
y: 2
Solving node: 9*3
x: 9
y: 3
Solving node: 24-1
x: 24
y: 1
Solving node: 23+2
x: 23
y: 2
Solving node: 25+27
x: 25
y: 27
Solving node: 52-2
x: 52
y: 2
Solving node: 50+3
x: 50
y: 3
Solving node: 53-1
x: 53
y: 1
Solving node: 52+4
x: 52
y: 4
Difference: 56-3
Calculating bounds (multiplication)
Previous index: -1 | Last operator index: 2
Upper bound: 3
Calculating: 8*3-1+1*2+9*3-2+3-1+4-3*1
Solving node: 8*3
x: 8
y: 3
Solving node: 1*2
x: 1
y: 2
Solving node: 9*3
x: 9
y: 3
Solving node: 3*1
x: 3
y: 1
Solving node: 24-1
x: 24
y: 1
Solving node: 23+2
x: 23
y: 2
Solving node: 25+27
x: 25
y: 27
Solving node: 52-2
x: 52
y: 2
Solving node: 50+3
x: 50
y: 3
Solving node: 53-1
x: 53
y: 1
Solving node: 52+4
x: 52
y: 4
Solving node: 56-3
x: 56
y: 3
Solving node: 8*3
x: 8
y: 3
Solving node: 1*2
x: 1
y: 2
Solving node: 9*3
x: 9
y: 3
Solving node: 3*1
x: 3
y: 1
Solving node: 24-1
x: 24
y: 1
Solving node: 23+2
x: 23
y: 2
Solving node: 25+27
x: 25
y: 27
Solving node: 52-2
x: 52
y: 2
Solving node: 50+3
x: 50
y: 3
Solving node: 53-1
x: 53
y: 1
Solving node: 52+4
x: 52
y: 4
Solving node: 56-3
x: 56
y: 3
Solving node: 8*3
x: 8
y: 3
Solving node: 1*2
x: 1
y: 2
Solving node: 9*3
x: 9
y: 3
Solving node: 3*1
x: 3
y: 1
Solving node: 24-1
x: 24
y: 1
Solving node: 23+2
x: 23
y: 2
Solving node: 25+27
x: 25
y: 27
Solving node: 52-2
x: 52
y: 2
Solving node: 50+3
x: 50
y: 3
Solving node: 53-1
x: 53
y: 1
Solving node: 52+4
x: 52
y: 4
Difference: 56-3
Calculating: 8*3-1+1*2+9*3-2+3-1+4-3*1+5
Solving node: 8*3
x: 8
y: 3
Solving node: 1*2
x: 1
y: 2
Solving node: 9*3
x: 9
y: 3
Solving node: 3*1
x: 3
y: 1
Solving node: 24-1
x: 24
y: 1
Solving node: 23+2
x: 23
y: 2
Solving node: 25+27
x: 25
y: 27
Solving node: 52-2
x: 52
y: 2
Solving node: 50+3
x: 50
y: 3
Solving node: 53-1
x: 53
y: 1
Solving node: 52+4
x: 52
y: 4
Solving node: 56-3
x: 56
y: 3
Solving node: 53+5
x: 53
y: 5
Solving node: 8*3
x: 8
y: 3
Solving node: 1*2
x: 1
y: 2
Solving node: 9*3
x: 9
y: 3
Solving node: 3*1
x: 3
y: 1
Solving node: 24-1
x: 24
y: 1
Solving node: 23+2
x: 23
y: 2
Solving node: 25+27
x: 25
y: 27
Solving node: 52-2
x: 52
y: 2
Solving node: 50+3
x: 50
y: 3
Solving node: 53-1
x: 53
y: 1
Solving node: 52+4
x: 52
y: 4
Solving node: 56-3
x: 56
y: 3
Solving node: 8*3
x: 8
y: 3
Solving node: 1*2
x: 1
y: 2
Solving node: 9*3
x: 9
y: 3
Solving node: 3*1
x: 3
y: 1
Solving node: 24-1
x: 24
y: 1
Solving node: 23+2
x: 23
y: 2
Solving node: 25+27
x: 25
y: 27
Solving node: 52-2
x: 52
y: 2
Solving node: 50+3
x: 50
y: 3
Solving node: 53-1
x: 53
y: 1
Solving node: 52+4
x: 52
y: 4
Solving node: 56-3
x: 56
y: 3
Solving node: 53+5
x: 53
y: 5
Difference: 58
Using default bounds (multiplication)
Calculating: 8*3-1+1*2+9*3-2+3-1+4-3*1+5*7
Solving node: 8*3
x: 8
y: 3
Solving node: 1*2
x: 1
y: 2
Solving node: 9*3
x: 9
y: 3
Solving node: 3*1
x: 3
y: 1
Solving node: 5*7
x: 5
y: 7
Solving node: 24-1
x: 24
y: 1
Solving node: 23+2
x: 23
y: 2
Solving node: 25+27
x: 25
y: 27
Solving node: 52-2
x: 52
y: 2
Solving node: 50+3
x: 50
y: 3
Solving node: 53-1
x: 53
y: 1
Solving node: 52+4
x: 52
y: 4
Solving node: 56-3
x: 56
y: 3
Solving node: 53+35
x: 53
y: 35
Solving node: 8*3
x: 8
y: 3
Solving node: 1*2
x: 1
y: 2
Solving node: 9*3
x: 9
y: 3
Solving node: 3*1
x: 3
y: 1
Solving node: 5*7
x: 5
y: 7
Solving node: 24-1
x: 24
y: 1
Solving node: 23+2
x: 23
y: 2
Solving node: 25+27
x: 25
y: 27
Solving node: 52-2
x: 52
y: 2
Solving node: 50+3
x: 50
y: 3
Solving node: 53-1
x: 53
y: 1
Solving node: 52+4
x: 52
y: 4
Solving node: 56-3
x: 56
y: 3
Solving node: 8*3
x: 8
y: 3
Solving node: 1*2
x: 1
y: 2
Solving node: 9*3
x: 9
y: 3
Solving node: 3*1
x: 3
y: 1
Solving node: 5*7
x: 5
y: 7
Solving node: 24-1
x: 24
y: 1
Solving node: 23+2
x: 23
y: 2
Solving node: 25+27
x: 25
y: 27
Solving node: 52-2
x: 52
y: 2
Solving node: 50+3
x: 50
y: 3
Solving node: 53-1
x: 53
y: 1
Solving node: 52+4
x: 52
y: 4
Solving node: 56-3
x: 56
y: 3
Solving node: 53+35
x: 53
y: 35
Difference: 88
Last: 7; Last sum: 35
Calculating: 8*3-1+1*2+9*3-2+3-1+4-3*1+5*7-2
Solving node: 8*3
x: 8
y: 3
Solving node: 1*2
x: 1
y: 2
Solving node: 9*3
x: 9
y: 3
Solving node: 3*1
x: 3
y: 1
Solving node: 5*7
x: 5
y: 7
Solving node: 24-1
x: 24
y: 1
Solving node: 23+2
x: 23
y: 2
Solving node: 25+27
x: 25
y: 27
Solving node: 52-2
x: 52
y: 2
Solving node: 50+3
x: 50
y: 3
Solving node: 53-1
x: 53
y: 1
Solving node: 52+4
x: 52
y: 4
Solving node: 56-3
x: 56
y: 3
Solving node: 53+35
x: 53
y: 35
Solving node: 88-2
x: 88
y: 2
Solving node: 8*3
x: 8
y: 3
Solving node: 1*2
x: 1
y: 2
Solving node: 9*3
x: 9
y: 3
Solving node: 3*1
x: 3
y: 1
Solving node: 5*7
x: 5
y: 7
Solving node: 24-1
x: 24
y: 1
Solving node: 23+2
x: 23
y: 2
Solving node: 25+27
x: 25
y: 27
Solving node: 52-2
x: 52
y: 2
Solving node: 50+3
x: 50
y: 3
Solving node: 53-1
x: 53
y: 1
Solving node: 52+4
x: 52
y: 4
Solving node: 56-3
x: 56
y: 3
Solving node: 53+35
x: 53
y: 35
Solving node: 88-2
x: 88
y: 2
Solving node: 8*3
x: 8
y: 3
Solving node: 1*2
x: 1
y: 2
Solving node: 9*3
x: 9
y: 3
Solving node: 3*1
x: 3
y: 1
Solving node: 5*7
x: 5
y: 7
Solving node: 24-1
x: 24
y: 1
Solving node: 23+2
x: 23
y: 2
Solving node: 25+27
x: 25
y: 27
Solving node: 52-2
x: 52
y: 2
Solving node: 50+3
x: 50
y: 3
Solving node: 53-1
x: 53
y: 1
Solving node: 52+4
x: 52
y: 4
Solving node: 56-3
x: 56
y: 3
Solving node: 53+35
x: 53
y: 35
Difference: 88-2
Calculating bounds (multiplication)
Previous index: -1 | Last operator index: 2
Upper bound: 2
Calculating: 8*3-1+1*2+9*3-2+3-1+4-3*1+5*7-2*1
Solving node: 8*3
x: 8
y: 3
Solving node: 1*2
x: 1
y: 2
Solving node: 9*3
x: 9
y: 3
Solving node: 3*1
x: 3
y: 1
Solving node: 5*7
x: 5
y: 7
Solving node: 2*1
x: 2
y: 1
Solving node: 24-1
x: 24
y: 1
Solving node: 23+2
x: 23
y: 2
Solving node: 25+27
x: 25
y: 27
Solving node: 52-2
x: 52
y: 2
Solving node: 50+3
x: 50
y: 3
Solving node: 53-1
x: 53
y: 1
Solving node: 52+4
x: 52
y: 4
Solving node: 56-3
x: 56
y: 3
Solving node: 53+35
x: 53
y: 35
Solving node: 88-2
x: 88
y: 2
Originallösung: 8*3-1+1*2+9*3-2+3-1+4-3*1+5*7-2*1 = 86
[98/100] 8*3-1+1*2+9*3-2+3-1+4-3*1+5*7-2*1
Testing equation: 8*3-1+1*2+9*3-2+3-1+4-3*1+5*7-2*1
Checking node: 8*3
Solving node: 8*3
x: 8
y: 3
Checking node: 1*2
Solving node: 1*2
x: 1
y: 2
Checking node: 9*3
Solving node: 9*3
x: 9
y: 3
Checking node: 3*1
Solving node: 3*1
x: 3
y: 1
Checking node: 5*7
Solving node: 5*7
x: 5
y: 7
Checking node: 2*1
Solving node: 2*1
x: 2
y: 1
Checking node: 24-1
Solving node: 24-1
x: 24
y: 1
Checking node: 23+2
Solving node: 23+2
x: 23
y: 2
Checking node: 25+27
Solving node: 25+27
x: 25
y: 27
Checking node: 52-2
Solving node: 52-2
x: 52
y: 2
Checking node: 50+3
Solving node: 50+3
x: 50
y: 3
Checking node: 53-1
Solving node: 53-1
x: 53
y: 1
Checking node: 52+4
Solving node: 52+4
x: 52
y: 4
Checking node: 56-3
Solving node: 56-3
x: 56
y: 3
Checking node: 53+35
Solving node: 53+35
x: 53
y: 35
Checking node: 88-2
Solving node: 88-2
x: 88
y: 2
Checking node: 8*3
Checking node: 3-1
Checking node: 1+1
Checking node: 1*2
Checking node: 2+9
Checking node: 9*3
Checking node: 3-2
Checking node: 2+3
Checking node: 3-1
Checking node: 1+4
Checking node: 4-3
Checking node: 3*1
Checking node: 1+5
Checking node: 5*7
Checking node: 7-2
Checking node: 2*1
Difference: 5
Calculating: 5+3
Solving node: 5+3
x: 5
y: 3
Solving node: 5+3
x: 5
y: 3
Difference: 8
Using default bounds (multiplication)
Calculating: 5+3*2
Solving node: 3*2
x: 3
y: 2
Solving node: 5+6
x: 5
y: 6
Solving node: 3*2
x: 3
y: 2
Solving node: 3*2
x: 3
y: 2
Solving node: 5+6
x: 5
y: 6
Difference: 11
Calculating: 5+3*2+4
Solving node: 3*2
x: 3
y: 2
Solving node: 5+6
x: 5
y: 6
Solving node: 11+4
x: 11
y: 4
Solving node: 3*2
x: 3
y: 2
Solving node: 3*2
x: 3
y: 2
Solving node: 5+6
x: 5
y: 6
Solving node: 11+4
x: 11
y: 4
Difference: 15
Using default bounds (multiplication)
Calculating: 5+3*2+4*7
Solving node: 3*2
x: 3
y: 2
Solving node: 4*7
x: 4
y: 7
Solving node: 5+6
x: 5
y: 6
Solving node: 11+28
x: 11
y: 28
Solving node: 3*2
x: 3
y: 2
Solving node: 4*7
x: 4
y: 7
Solving node: 3*2
x: 3
y: 2
Solving node: 4*7
x: 4
y: 7
Solving node: 5+6
x: 5
y: 6
Solving node: 11+28
x: 11
y: 28
Difference: 39
Calculating: 5+3*2+4*7+4
Solving node: 3*2
x: 3
y: 2
Solving node: 4*7
x: 4
y: 7
Solving node: 5+6
x: 5
y: 6
Solving node: 11+28
x: 11
y: 28
Solving node: 39+4
x: 39
y: 4
Solving node: 3*2
x: 3
y: 2
Solving node: 4*7
x: 4
y: 7
Solving node: 3*2
x: 3
y: 2
Solving node: 4*7
x: 4
y: 7
Solving node: 5+6
x: 5
y: 6
Solving node: 11+28
x: 11
y: 28
Solving node: 39+4
x: 39
y: 4
Difference: 43
Calculating: 5+3*2+4*7+4:2
Solving node: 3*2
x: 3
y: 2
Solving node: 4*7
x: 4
y: 7
Solving node: 4:2
x: 4
y: 2
Solving node: 5+6
x: 5
y: 6
Solving node: 11+28
x: 11
y: 28
Solving node: 39+2
x: 39
y: 2
Solving node: 3*2
x: 3
y: 2
Solving node: 4*7
x: 4
y: 7
Solving node: 4:2
x: 4
y: 2
Solving node: 3*2
x: 3
y: 2
Solving node: 4*7
x: 4
y: 7
Solving node: 4:2
x: 4
y: 2
Solving node: 5+6
x: 5
y: 6
Solving node: 11+28
x: 11
y: 28
Solving node: 39+2
x: 39
y: 2
Difference: 41
Using default bounds (multiplication)
Calculating: 5+3*2+4*7+4:2*3
Solving node: 3*2
x: 3
y: 2
Solving node: 4*7
x: 4
y: 7
Solving node: 4:2
x: 4
y: 2
Solving node: 2*3
x: 2
y: 3
Solving node: 5+6
x: 5
y: 6
Solving node: 11+28
x: 11
y: 28
Solving node: 39+6
x: 39
y: 6
Solving node: 3*2
x: 3
y: 2
Solving node: 4*7
x: 4
y: 7
Solving node: 4:2
x: 4
y: 2
Solving node: 2*3
x: 2
y: 3
Solving node: 3*2
x: 3
y: 2
Solving node: 4*7
x: 4
y: 7
Solving node: 4:2
x: 4
y: 2
Solving node: 2*3
x: 2
y: 3
Solving node: 5+6
x: 5
y: 6
Solving node: 11+28
x: 11
y: 28
Solving node: 39+6
x: 39
y: 6
Difference: 45
Last: 3; Last sum: 6
Calculating: 5+3*2+4*7+4:2*3-1
Solving node: 3*2
x: 3
y: 2
Solving node: 4*7
x: 4
y: 7
Solving node: 4:2
x: 4
y: 2
Solving node: 2*3
x: 2
y: 3
Solving node: 5+6
x: 5
y: 6
Solving node: 11+28
x: 11
y: 28
Solving node: 39+6
x: 39
y: 6
Solving node: 45-1
x: 45
y: 1
Solving node: 3*2
x: 3
y: 2
Solving node: 4*7
x: 4
y: 7
Solving node: 4:2
x: 4
y: 2
Solving node: 2*3
x: 2
y: 3
Solving node: 5+6
x: 5
y: 6
Solving node: 11+28
x: 11
y: 28
Solving node: 39+6
x: 39
y: 6
Solving node: 45-1
x: 45
y: 1
Solving node: 3*2
x: 3
y: 2
Solving node: 4*7
x: 4
y: 7
Solving node: 4:2
x: 4
y: 2
Solving node: 2*3
x: 2
y: 3
Solving node: 5+6
x: 5
y: 6
Solving node: 11+28
x: 11
y: 28
Solving node: 39+6
x: 39
y: 6
Difference: 45-1
Calculating: 5+3*2+4*7+4:2*3-1+6
Solving node: 3*2
x: 3
y: 2
Solving node: 4*7
x: 4
y: 7
Solving node: 4:2
x: 4
y: 2
Solving node: 2*3
x: 2
y: 3
Solving node: 5+6
x: 5
y: 6
Solving node: 11+28
x: 11
y: 28
Solving node: 39+6
x: 39
y: 6
Solving node: 45-1
x: 45
y: 1
Solving node: 44+6
x: 44
y: 6
Solving node: 3*2
x: 3
y: 2
Solving node: 4*7
x: 4
y: 7
Solving node: 4:2
x: 4
y: 2
Solving node: 2*3
x: 2
y: 3
Solving node: 5+6
x: 5
y: 6
Solving node: 11+28
x: 11
y: 28
Solving node: 39+6
x: 39
y: 6
Solving node: 45-1
x: 45
y: 1
Solving node: 3*2
x: 3
y: 2
Solving node: 4*7
x: 4
y: 7
Solving node: 4:2
x: 4
y: 2
Solving node: 2*3
x: 2
y: 3
Solving node: 5+6
x: 5
y: 6
Solving node: 11+28
x: 11
y: 28
Solving node: 39+6
x: 39
y: 6
Solving node: 45-1
x: 45
y: 1
Solving node: 44+6
x: 44
y: 6
Difference: 50
Using default bounds (multiplication)
Calculating: 5+3*2+4*7+4:2*3-1+6*3
Solving node: 3*2
x: 3
y: 2
Solving node: 4*7
x: 4
y: 7
Solving node: 4:2
x: 4
y: 2
Solving node: 2*3
x: 2
y: 3
Solving node: 6*3
x: 6
y: 3
Solving node: 5+6
x: 5
y: 6
Solving node: 11+28
x: 11
y: 28
Solving node: 39+6
x: 39
y: 6
Solving node: 45-1
x: 45
y: 1
Solving node: 44+18
x: 44
y: 18
Solving node: 3*2
x: 3
y: 2
Solving node: 4*7
x: 4
y: 7
Solving node: 4:2
x: 4
y: 2
Solving node: 2*3
x: 2
y: 3
Solving node: 6*3
x: 6
y: 3
Solving node: 5+6
x: 5
y: 6
Solving node: 11+28
x: 11
y: 28
Solving node: 39+6
x: 39
y: 6
Solving node: 45-1
x: 45
y: 1
Solving node: 3*2
x: 3
y: 2
Solving node: 4*7
x: 4
y: 7
Solving node: 4:2
x: 4
y: 2
Solving node: 2*3
x: 2
y: 3
Solving node: 6*3
x: 6
y: 3
Solving node: 5+6
x: 5
y: 6
Solving node: 11+28
x: 11
y: 28
Solving node: 39+6
x: 39
y: 6
Solving node: 45-1
x: 45
y: 1
Solving node: 44+18
x: 44
y: 18
Difference: 62
Last: 3; Last sum: 18
Calculating: 5+3*2+4*7+4:2*3-1+6*3-2
Solving node: 3*2
x: 3
y: 2
Solving node: 4*7
x: 4
y: 7
Solving node: 4:2
x: 4
y: 2
Solving node: 2*3
x: 2
y: 3
Solving node: 6*3
x: 6
y: 3
Solving node: 5+6
x: 5
y: 6
Solving node: 11+28
x: 11
y: 28
Solving node: 39+6
x: 39
y: 6
Solving node: 45-1
x: 45
y: 1
Solving node: 44+18
x: 44
y: 18
Solving node: 62-2
x: 62
y: 2
Solving node: 3*2
x: 3
y: 2
Solving node: 4*7
x: 4
y: 7
Solving node: 4:2
x: 4
y: 2
Solving node: 2*3
x: 2
y: 3
Solving node: 6*3
x: 6
y: 3
Solving node: 5+6
x: 5
y: 6
Solving node: 11+28
x: 11
y: 28
Solving node: 39+6
x: 39
y: 6
Solving node: 45-1
x: 45
y: 1
Solving node: 44+18
x: 44
y: 18
Solving node: 62-2
x: 62
y: 2
Solving node: 3*2
x: 3
y: 2
Solving node: 4*7
x: 4
y: 7
Solving node: 4:2
x: 4
y: 2
Solving node: 2*3
x: 2
y: 3
Solving node: 6*3
x: 6
y: 3
Solving node: 5+6
x: 5
y: 6
Solving node: 11+28
x: 11
y: 28
Solving node: 39+6
x: 39
y: 6
Solving node: 45-1
x: 45
y: 1
Solving node: 44+18
x: 44
y: 18
Difference: 62-2
Calculating bounds (multiplication)
Previous index: -1 | Last operator index: 2
Upper bound: 2
Calculating: 5+3*2+4*7+4:2*3-1+6*3-2*1
Solving node: 3*2
x: 3
y: 2
Solving node: 4*7
x: 4
y: 7
Solving node: 4:2
x: 4
y: 2
Solving node: 2*3
x: 2
y: 3
Solving node: 6*3
x: 6
y: 3
Solving node: 2*1
x: 2
y: 1
Solving node: 5+6
x: 5
y: 6
Solving node: 11+28
x: 11
y: 28
Solving node: 39+6
x: 39
y: 6
Solving node: 45-1
x: 45
y: 1
Solving node: 44+18
x: 44
y: 18
Solving node: 62-2
x: 62
y: 2
Solving node: 3*2
x: 3
y: 2
Solving node: 4*7
x: 4
y: 7
Solving node: 4:2
x: 4
y: 2
Solving node: 2*3
x: 2
y: 3
Solving node: 6*3
x: 6
y: 3
Solving node: 2*1
x: 2
y: 1
Solving node: 5+6
x: 5
y: 6
Solving node: 11+28
x: 11
y: 28
Solving node: 39+6
x: 39
y: 6
Solving node: 45-1
x: 45
y: 1
Solving node: 44+18
x: 44
y: 18
Solving node: 62-2
x: 62
y: 2
Solving node: 3*2
x: 3
y: 2
Solving node: 4*7
x: 4
y: 7
Solving node: 4:2
x: 4
y: 2
Solving node: 2*3
x: 2
y: 3
Solving node: 6*3
x: 6
y: 3
Solving node: 2*1
x: 2
y: 1
Solving node: 5+6
x: 5
y: 6
Solving node: 11+28
x: 11
y: 28
Solving node: 39+6
x: 39
y: 6
Solving node: 45-1
x: 45
y: 1
Solving node: 44+18
x: 44
y: 18
Difference: 62-2
Calculating: 5+3*2+4*7+4:2*3-1+6*3-2*1+4
Solving node: 3*2
x: 3
y: 2
Solving node: 4*7
x: 4
y: 7
Solving node: 4:2
x: 4
y: 2
Solving node: 2*3
x: 2
y: 3
Solving node: 6*3
x: 6
y: 3
Solving node: 2*1
x: 2
y: 1
Solving node: 5+6
x: 5
y: 6
Solving node: 11+28
x: 11
y: 28
Solving node: 39+6
x: 39
y: 6
Solving node: 45-1
x: 45
y: 1
Solving node: 44+18
x: 44
y: 18
Solving node: 62-2
x: 62
y: 2
Solving node: 60+4
x: 60
y: 4
Solving node: 3*2
x: 3
y: 2
Solving node: 4*7
x: 4
y: 7
Solving node: 4:2
x: 4
y: 2
Solving node: 2*3
x: 2
y: 3
Solving node: 6*3
x: 6
y: 3
Solving node: 2*1
x: 2
y: 1
Solving node: 5+6
x: 5
y: 6
Solving node: 11+28
x: 11
y: 28
Solving node: 39+6
x: 39
y: 6
Solving node: 45-1
x: 45
y: 1
Solving node: 44+18
x: 44
y: 18
Solving node: 62-2
x: 62
y: 2
Solving node: 3*2
x: 3
y: 2
Solving node: 4*7
x: 4
y: 7
Solving node: 4:2
x: 4
y: 2
Solving node: 2*3
x: 2
y: 3
Solving node: 6*3
x: 6
y: 3
Solving node: 2*1
x: 2
y: 1
Solving node: 5+6
x: 5
y: 6
Solving node: 11+28
x: 11
y: 28
Solving node: 39+6
x: 39
y: 6
Solving node: 45-1
x: 45
y: 1
Solving node: 44+18
x: 44
y: 18
Solving node: 62-2
x: 62
y: 2
Solving node: 60+4
x: 60
y: 4
Difference: 64
Calculating: 5+3*2+4*7+4:2*3-1+6*3-2*1+4:1
Solving node: 3*2
x: 3
y: 2
Solving node: 4*7
x: 4
y: 7
Solving node: 4:2
x: 4
y: 2
Solving node: 2*3
x: 2
y: 3
Solving node: 6*3
x: 6
y: 3
Solving node: 2*1
x: 2
y: 1
Solving node: 4:1
x: 4
y: 1
Solving node: 5+6
x: 5
y: 6
Solving node: 11+28
x: 11
y: 28
Solving node: 39+6
x: 39
y: 6
Solving node: 45-1
x: 45
y: 1
Solving node: 44+18
x: 44
y: 18
Solving node: 62-2
x: 62
y: 2
Solving node: 60+4
x: 60
y: 4
Solving node: 3*2
x: 3
y: 2
Solving node: 4*7
x: 4
y: 7
Solving node: 4:2
x: 4
y: 2
Solving node: 2*3
x: 2
y: 3
Solving node: 6*3
x: 6
y: 3
Solving node: 2*1
x: 2
y: 1
Solving node: 4:1
x: 4
y: 1
Solving node: 5+6
x: 5
y: 6
Solving node: 11+28
x: 11
y: 28
Solving node: 39+6
x: 39
y: 6
Solving node: 45-1
x: 45
y: 1
Solving node: 44+18
x: 44
y: 18
Solving node: 62-2
x: 62
y: 2
Solving node: 3*2
x: 3
y: 2
Solving node: 4*7
x: 4
y: 7
Solving node: 4:2
x: 4
y: 2
Solving node: 2*3
x: 2
y: 3
Solving node: 6*3
x: 6
y: 3
Solving node: 2*1
x: 2
y: 1
Solving node: 4:1
x: 4
y: 1
Solving node: 5+6
x: 5
y: 6
Solving node: 11+28
x: 11
y: 28
Solving node: 39+6
x: 39
y: 6
Solving node: 45-1
x: 45
y: 1
Solving node: 44+18
x: 44
y: 18
Solving node: 62-2
x: 62
y: 2
Solving node: 60+4
x: 60
y: 4
Difference: 64
Calculating: 5+3*2+4*7+4:2*3-1+6*3-2*1+4:1+4
Solving node: 3*2
x: 3
y: 2
Solving node: 4*7
x: 4
y: 7
Solving node: 4:2
x: 4
y: 2
Solving node: 2*3
x: 2
y: 3
Solving node: 6*3
x: 6
y: 3
Solving node: 2*1
x: 2
y: 1
Solving node: 4:1
x: 4
y: 1
Solving node: 5+6
x: 5
y: 6
Solving node: 11+28
x: 11
y: 28
Solving node: 39+6
x: 39
y: 6
Solving node: 45-1
x: 45
y: 1
Solving node: 44+18
x: 44
y: 18
Solving node: 62-2
x: 62
y: 2
Solving node: 60+4
x: 60
y: 4
Solving node: 64+4
x: 64
y: 4
Solving node: 3*2
x: 3
y: 2
Solving node: 4*7
x: 4
y: 7
Solving node: 4:2
x: 4
y: 2
Solving node: 2*3
x: 2
y: 3
Solving node: 6*3
x: 6
y: 3
Solving node: 2*1
x: 2
y: 1
Solving node: 4:1
x: 4
y: 1
Solving node: 5+6
x: 5
y: 6
Solving node: 11+28
x: 11
y: 28
Solving node: 39+6
x: 39
y: 6
Solving node: 45-1
x: 45
y: 1
Solving node: 44+18
x: 44
y: 18
Solving node: 62-2
x: 62
y: 2
Solving node: 3*2
x: 3
y: 2
Solving node: 4*7
x: 4
y: 7
Solving node: 4:2
x: 4
y: 2
Solving node: 2*3
x: 2
y: 3
Solving node: 6*3
x: 6
y: 3
Solving node: 2*1
x: 2
y: 1
Solving node: 4:1
x: 4
y: 1
Solving node: 5+6
x: 5
y: 6
Solving node: 11+28
x: 11
y: 28
Solving node: 39+6
x: 39
y: 6
Solving node: 45-1
x: 45
y: 1
Solving node: 44+18
x: 44
y: 18
Solving node: 62-2
x: 62
y: 2
Solving node: 60+4
x: 60
y: 4
Solving node: 64+4
x: 64
y: 4
Difference: 68
Calculating: 5+3*2+4*7+4:2*3-1+6*3-2*1+4:1+4:2
Solving node: 3*2
x: 3
y: 2
Solving node: 4*7
x: 4
y: 7
Solving node: 4:2
x: 4
y: 2
Solving node: 2*3
x: 2
y: 3
Solving node: 6*3
x: 6
y: 3
Solving node: 2*1
x: 2
y: 1
Solving node: 4:1
x: 4
y: 1
Solving node: 4:2
x: 4
y: 2
Solving node: 5+6
x: 5
y: 6
Solving node: 11+28
x: 11
y: 28
Solving node: 39+6
x: 39
y: 6
Solving node: 45-1
x: 45
y: 1
Solving node: 44+18
x: 44
y: 18
Solving node: 62-2
x: 62
y: 2
Solving node: 60+4
x: 60
y: 4
Solving node: 64+2
x: 64
y: 2
Originallösung: 5+3*2+4*7+4:2*3-1+6*3-2*1+4:1+4:2 = 66
[99/100] 5+3*2+4*7+4:2*3-1+6*3-2*1+4:1+4:2
Testing equation: 5+3*2+4*7+4:2*3-1+6*3-2*1+4:1+4:2
Checking node: 3*2
Solving node: 3*2
x: 3
y: 2
Checking node: 4*7
Solving node: 4*7
x: 4
y: 7
Checking node: 4:2
Solving node: 4:2
x: 4
y: 2
Checking node: 2*3
Solving node: 2*3
x: 2
y: 3
Checking node: 6*3
Solving node: 6*3
x: 6
y: 3
Checking node: 2*1
Solving node: 2*1
x: 2
y: 1
Checking node: 4:1
Solving node: 4:1
x: 4
y: 1
Checking node: 4:2
Solving node: 4:2
x: 4
y: 2
Checking node: 5+6
Solving node: 5+6
x: 5
y: 6
Checking node: 11+28
Solving node: 11+28
x: 11
y: 28
Checking node: 39+6
Solving node: 39+6
x: 39
y: 6
Checking node: 45-1
Solving node: 45-1
x: 45
y: 1
Checking node: 44+18
Solving node: 44+18
x: 44
y: 18
Checking node: 62-2
Solving node: 62-2
x: 62
y: 2
Checking node: 60+4
Solving node: 60+4
x: 60
y: 4
Checking node: 64+2
Solving node: 64+2
x: 64
y: 2
Checking node: 5+3
Checking node: 3*2
Checking node: 2+4
Checking node: 4*7
Checking node: 7+4
Checking node: 4:2
Checking node: 2*3
Checking node: 3-1
Checking node: 1+6
Checking node: 6*3
Checking node: 3-2
Checking node: 2*1
Checking node: 1+4
Checking node: 4:1
Checking node: 1+4
Checking node: 4:2
Difference: 2
Calculating: 2+1
Solving node: 2+1
x: 2
y: 1
Solving node: 2+1
x: 2
y: 1
Difference: 3
Using default bounds (multiplication)
Calculating: 2+1*5
Solving node: 1*5
x: 1
y: 5
Solving node: 2+5
x: 2
y: 5
Solving node: 1*5
x: 1
y: 5
Solving node: 1*5
x: 1
y: 5
Solving node: 2+5
x: 2
y: 5
Difference: 7
Last: 5; Last sum: 5
Calculating: 2+1*5-3
Solving node: 1*5
x: 1
y: 5
Solving node: 2+5
x: 2
y: 5
Solving node: 7-3
x: 7
y: 3
Solving node: 1*5
x: 1
y: 5
Solving node: 2+5
x: 2
y: 5
Solving node: 7-3
x: 7
y: 3
Solving node: 1*5
x: 1
y: 5
Solving node: 2+5
x: 2
y: 5
Difference: 7-3
Calculating bounds (multiplication)
Upper bound: 1
Solving node: 1*5
x: 1
y: 5
Solving node: 2+5
x: 2
y: 5
Solving node: 7-3
x: 7
y: 3
Solving node: 1*5
x: 1
y: 5
Solving node: 2+5
x: 2
y: 5
Difference: 7-3
Calculating: 2+1*5-3+6
Solving node: 1*5
x: 1
y: 5
Solving node: 2+5
x: 2
y: 5
Solving node: 7-3
x: 7
y: 3
Solving node: 4+6
x: 4
y: 6
Solving node: 1*5
x: 1
y: 5
Solving node: 2+5
x: 2
y: 5
Solving node: 7-3
x: 7
y: 3
Solving node: 1*5
x: 1
y: 5
Solving node: 2+5
x: 2
y: 5
Solving node: 7-3
x: 7
y: 3
Solving node: 4+6
x: 4
y: 6
Difference: 10
Last: 6; Last sum: 6
Calculating: 2+1*5-3+6-1
Solving node: 1*5
x: 1
y: 5
Solving node: 2+5
x: 2
y: 5
Solving node: 7-3
x: 7
y: 3
Solving node: 4+6
x: 4
y: 6
Solving node: 10-1
x: 10
y: 1
Solving node: 1*5
x: 1
y: 5
Solving node: 2+5
x: 2
y: 5
Solving node: 7-3
x: 7
y: 3
Solving node: 4+6
x: 4
y: 6
Solving node: 10-1
x: 10
y: 1
Solving node: 1*5
x: 1
y: 5
Solving node: 2+5
x: 2
y: 5
Solving node: 7-3
x: 7
y: 3
Solving node: 4+6
x: 4
y: 6
Difference: 10-1
Calculating: 2+1*5-3+6-1+5
Solving node: 1*5
x: 1
y: 5
Solving node: 2+5
x: 2
y: 5
Solving node: 7-3
x: 7
y: 3
Solving node: 4+6
x: 4
y: 6
Solving node: 10-1
x: 10
y: 1
Solving node: 9+5
x: 9
y: 5
Solving node: 1*5
x: 1
y: 5
Solving node: 2+5
x: 2
y: 5
Solving node: 7-3
x: 7
y: 3
Solving node: 4+6
x: 4
y: 6
Solving node: 10-1
x: 10
y: 1
Solving node: 1*5
x: 1
y: 5
Solving node: 2+5
x: 2
y: 5
Solving node: 7-3
x: 7
y: 3
Solving node: 4+6
x: 4
y: 6
Solving node: 10-1
x: 10
y: 1
Solving node: 9+5
x: 9
y: 5
Difference: 14
Using default bounds (multiplication)
Calculating: 2+1*5-3+6-1+5*3
Solving node: 1*5
x: 1
y: 5
Solving node: 5*3
x: 5
y: 3
Solving node: 2+5
x: 2
y: 5
Solving node: 7-3
x: 7
y: 3
Solving node: 4+6
x: 4
y: 6
Solving node: 10-1
x: 10
y: 1
Solving node: 9+15
x: 9
y: 15
Solving node: 1*5
x: 1
y: 5
Solving node: 5*3
x: 5
y: 3
Solving node: 2+5
x: 2
y: 5
Solving node: 7-3
x: 7
y: 3
Solving node: 4+6
x: 4
y: 6
Solving node: 10-1
x: 10
y: 1
Solving node: 1*5
x: 1
y: 5
Solving node: 5*3
x: 5
y: 3
Solving node: 2+5
x: 2
y: 5
Solving node: 7-3
x: 7
y: 3
Solving node: 4+6
x: 4
y: 6
Solving node: 10-1
x: 10
y: 1
Solving node: 9+15
x: 9
y: 15
Difference: 24
Calculating: 2+1*5-3+6-1+5*3+2
Solving node: 1*5
x: 1
y: 5
Solving node: 5*3
x: 5
y: 3
Solving node: 2+5
x: 2
y: 5
Solving node: 7-3
x: 7
y: 3
Solving node: 4+6
x: 4
y: 6
Solving node: 10-1
x: 10
y: 1
Solving node: 9+15
x: 9
y: 15
Solving node: 24+2
x: 24
y: 2
Solving node: 1*5
x: 1
y: 5
Solving node: 5*3
x: 5
y: 3
Solving node: 2+5
x: 2
y: 5
Solving node: 7-3
x: 7
y: 3
Solving node: 4+6
x: 4
y: 6
Solving node: 10-1
x: 10
y: 1
Solving node: 1*5
x: 1
y: 5
Solving node: 5*3
x: 5
y: 3
Solving node: 2+5
x: 2
y: 5
Solving node: 7-3
x: 7
y: 3
Solving node: 4+6
x: 4
y: 6
Solving node: 10-1
x: 10
y: 1
Solving node: 9+15
x: 9
y: 15
Solving node: 24+2
x: 24
y: 2
Difference: 26
Using default bounds (multiplication)
Calculating: 2+1*5-3+6-1+5*3+2*9
Solving node: 1*5
x: 1
y: 5
Solving node: 5*3
x: 5
y: 3
Solving node: 2*9
x: 2
y: 9
Solving node: 2+5
x: 2
y: 5
Solving node: 7-3
x: 7
y: 3
Solving node: 4+6
x: 4
y: 6
Solving node: 10-1
x: 10
y: 1
Solving node: 9+15
x: 9
y: 15
Solving node: 24+18
x: 24
y: 18
Solving node: 1*5
x: 1
y: 5
Solving node: 5*3
x: 5
y: 3
Solving node: 2*9
x: 2
y: 9
Solving node: 2+5
x: 2
y: 5
Solving node: 7-3
x: 7
y: 3
Solving node: 4+6
x: 4
y: 6
Solving node: 10-1
x: 10
y: 1
Solving node: 1*5
x: 1
y: 5
Solving node: 5*3
x: 5
y: 3
Solving node: 2*9
x: 2
y: 9
Solving node: 2+5
x: 2
y: 5
Solving node: 7-3
x: 7
y: 3
Solving node: 4+6
x: 4
y: 6
Solving node: 10-1
x: 10
y: 1
Solving node: 9+15
x: 9
y: 15
Solving node: 24+18
x: 24
y: 18
Difference: 42
Calculating: 2+1*5-3+6-1+5*3+2*9+4
Solving node: 1*5
x: 1
y: 5
Solving node: 5*3
x: 5
y: 3
Solving node: 2*9
x: 2
y: 9
Solving node: 2+5
x: 2
y: 5
Solving node: 7-3
x: 7
y: 3
Solving node: 4+6
x: 4
y: 6
Solving node: 10-1
x: 10
y: 1
Solving node: 9+15
x: 9
y: 15
Solving node: 24+18
x: 24
y: 18
Solving node: 42+4
x: 42
y: 4
Solving node: 1*5
x: 1
y: 5
Solving node: 5*3
x: 5
y: 3
Solving node: 2*9
x: 2
y: 9
Solving node: 2+5
x: 2
y: 5
Solving node: 7-3
x: 7
y: 3
Solving node: 4+6
x: 4
y: 6
Solving node: 10-1
x: 10
y: 1
Solving node: 1*5
x: 1
y: 5
Solving node: 5*3
x: 5
y: 3
Solving node: 2*9
x: 2
y: 9
Solving node: 2+5
x: 2
y: 5
Solving node: 7-3
x: 7
y: 3
Solving node: 4+6
x: 4
y: 6
Solving node: 10-1
x: 10
y: 1
Solving node: 9+15
x: 9
y: 15
Solving node: 24+18
x: 24
y: 18
Solving node: 42+4
x: 42
y: 4
Difference: 46
Using default bounds (multiplication)
Calculating: 2+1*5-3+6-1+5*3+2*9+4*3
Solving node: 1*5
x: 1
y: 5
Solving node: 5*3
x: 5
y: 3
Solving node: 2*9
x: 2
y: 9
Solving node: 4*3
x: 4
y: 3
Solving node: 2+5
x: 2
y: 5
Solving node: 7-3
x: 7
y: 3
Solving node: 4+6
x: 4
y: 6
Solving node: 10-1
x: 10
y: 1
Solving node: 9+15
x: 9
y: 15
Solving node: 24+18
x: 24
y: 18
Solving node: 42+12
x: 42
y: 12
Solving node: 1*5
x: 1
y: 5
Solving node: 5*3
x: 5
y: 3
Solving node: 2*9
x: 2
y: 9
Solving node: 4*3
x: 4
y: 3
Solving node: 2+5
x: 2
y: 5
Solving node: 7-3
x: 7
y: 3
Solving node: 4+6
x: 4
y: 6
Solving node: 10-1
x: 10
y: 1
Solving node: 1*5
x: 1
y: 5
Solving node: 5*3
x: 5
y: 3
Solving node: 2*9
x: 2
y: 9
Solving node: 4*3
x: 4
y: 3
Solving node: 2+5
x: 2
y: 5
Solving node: 7-3
x: 7
y: 3
Solving node: 4+6
x: 4
y: 6
Solving node: 10-1
x: 10
y: 1
Solving node: 9+15
x: 9
y: 15
Solving node: 24+18
x: 24
y: 18
Solving node: 42+12
x: 42
y: 12
Difference: 54
Calculating: 2+1*5-3+6-1+5*3+2*9+4*3+7
Solving node: 1*5
x: 1
y: 5
Solving node: 5*3
x: 5
y: 3
Solving node: 2*9
x: 2
y: 9
Solving node: 4*3
x: 4
y: 3
Solving node: 2+5
x: 2
y: 5
Solving node: 7-3
x: 7
y: 3
Solving node: 4+6
x: 4
y: 6
Solving node: 10-1
x: 10
y: 1
Solving node: 9+15
x: 9
y: 15
Solving node: 24+18
x: 24
y: 18
Solving node: 42+12
x: 42
y: 12
Solving node: 54+7
x: 54
y: 7
Solving node: 1*5
x: 1
y: 5
Solving node: 5*3
x: 5
y: 3
Solving node: 2*9
x: 2
y: 9
Solving node: 4*3
x: 4
y: 3
Solving node: 2+5
x: 2
y: 5
Solving node: 7-3
x: 7
y: 3
Solving node: 4+6
x: 4
y: 6
Solving node: 10-1
x: 10
y: 1
Solving node: 1*5
x: 1
y: 5
Solving node: 5*3
x: 5
y: 3
Solving node: 2*9
x: 2
y: 9
Solving node: 4*3
x: 4
y: 3
Solving node: 2+5
x: 2
y: 5
Solving node: 7-3
x: 7
y: 3
Solving node: 4+6
x: 4
y: 6
Solving node: 10-1
x: 10
y: 1
Solving node: 9+15
x: 9
y: 15
Solving node: 24+18
x: 24
y: 18
Solving node: 42+12
x: 42
y: 12
Solving node: 54+7
x: 54
y: 7
Difference: 61
Using default bounds (multiplication)
Calculating: 2+1*5-3+6-1+5*3+2*9+4*3+7*6
Solving node: 1*5
x: 1
y: 5
Solving node: 5*3
x: 5
y: 3
Solving node: 2*9
x: 2
y: 9
Solving node: 4*3
x: 4
y: 3
Solving node: 7*6
x: 7
y: 6
Solving node: 2+5
x: 2
y: 5
Solving node: 7-3
x: 7
y: 3
Solving node: 4+6
x: 4
y: 6
Solving node: 10-1
x: 10
y: 1
Solving node: 9+15
x: 9
y: 15
Solving node: 24+18
x: 24
y: 18
Solving node: 42+12
x: 42
y: 12
Solving node: 54+42
x: 54
y: 42
Solving node: 1*5
x: 1
y: 5
Solving node: 5*3
x: 5
y: 3
Solving node: 2*9
x: 2
y: 9
Solving node: 4*3
x: 4
y: 3
Solving node: 7*6
x: 7
y: 6
Solving node: 2+5
x: 2
y: 5
Solving node: 7-3
x: 7
y: 3
Solving node: 4+6
x: 4
y: 6
Solving node: 10-1
x: 10
y: 1
Solving node: 1*5
x: 1
y: 5
Solving node: 5*3
x: 5
y: 3
Solving node: 2*9
x: 2
y: 9
Solving node: 4*3
x: 4
y: 3
Solving node: 7*6
x: 7
y: 6
Solving node: 2+5
x: 2
y: 5
Solving node: 7-3
x: 7
y: 3
Solving node: 4+6
x: 4
y: 6
Solving node: 10-1
x: 10
y: 1
Solving node: 9+15
x: 9
y: 15
Solving node: 24+18
x: 24
y: 18
Solving node: 42+12
x: 42
y: 12
Solving node: 54+42
x: 54
y: 42
Difference: 96
Calculating: 2+1*5-3+6-1+5*3+2*9+4*3+7*6:3
Solving node: 1*5
x: 1
y: 5
Solving node: 5*3
x: 5
y: 3
Solving node: 2*9
x: 2
y: 9
Solving node: 4*3
x: 4
y: 3
Solving node: 7*6
x: 7
y: 6
Solving node: 42:3
x: 42
y: 3
Solving node: 2+5
x: 2
y: 5
Solving node: 7-3
x: 7
y: 3
Solving node: 4+6
x: 4
y: 6
Solving node: 10-1
x: 10
y: 1
Solving node: 9+15
x: 9
y: 15
Solving node: 24+18
x: 24
y: 18
Solving node: 42+12
x: 42
y: 12
Solving node: 54+14
x: 54
y: 14
Solving node: 1*5
x: 1
y: 5
Solving node: 5*3
x: 5
y: 3
Solving node: 2*9
x: 2
y: 9
Solving node: 4*3
x: 4
y: 3
Solving node: 7*6
x: 7
y: 6
Solving node: 42:3
x: 42
y: 3
Solving node: 2+5
x: 2
y: 5
Solving node: 7-3
x: 7
y: 3
Solving node: 4+6
x: 4
y: 6
Solving node: 10-1
x: 10
y: 1
Solving node: 1*5
x: 1
y: 5
Solving node: 5*3
x: 5
y: 3
Solving node: 2*9
x: 2
y: 9
Solving node: 4*3
x: 4
y: 3
Solving node: 7*6
x: 7
y: 6
Solving node: 42:3
x: 42
y: 3
Solving node: 2+5
x: 2
y: 5
Solving node: 7-3
x: 7
y: 3
Solving node: 4+6
x: 4
y: 6
Solving node: 10-1
x: 10
y: 1
Solving node: 9+15
x: 9
y: 15
Solving node: 24+18
x: 24
y: 18
Solving node: 42+12
x: 42
y: 12
Solving node: 54+14
x: 54
y: 14
Difference: 68
Calculating: 2+1*5-3+6-1+5*3+2*9+4*3+7*6:3+1
Solving node: 1*5
x: 1
y: 5
Solving node: 5*3
x: 5
y: 3
Solving node: 2*9
x: 2
y: 9
Solving node: 4*3
x: 4
y: 3
Solving node: 7*6
x: 7
y: 6
Solving node: 42:3
x: 42
y: 3
Solving node: 2+5
x: 2
y: 5
Solving node: 7-3
x: 7
y: 3
Solving node: 4+6
x: 4
y: 6
Solving node: 10-1
x: 10
y: 1
Solving node: 9+15
x: 9
y: 15
Solving node: 24+18
x: 24
y: 18
Solving node: 42+12
x: 42
y: 12
Solving node: 54+14
x: 54
y: 14
Solving node: 68+1
x: 68
y: 1
Solving node: 1*5
x: 1
y: 5
Solving node: 5*3
x: 5
y: 3
Solving node: 2*9
x: 2
y: 9
Solving node: 4*3
x: 4
y: 3
Solving node: 7*6
x: 7
y: 6
Solving node: 42:3
x: 42
y: 3
Solving node: 2+5
x: 2
y: 5
Solving node: 7-3
x: 7
y: 3
Solving node: 4+6
x: 4
y: 6
Solving node: 10-1
x: 10
y: 1
Solving node: 1*5
x: 1
y: 5
Solving node: 5*3
x: 5
y: 3
Solving node: 2*9
x: 2
y: 9
Solving node: 4*3
x: 4
y: 3
Solving node: 7*6
x: 7
y: 6
Solving node: 42:3
x: 42
y: 3
Solving node: 2+5
x: 2
y: 5
Solving node: 7-3
x: 7
y: 3
Solving node: 4+6
x: 4
y: 6
Solving node: 10-1
x: 10
y: 1
Solving node: 9+15
x: 9
y: 15
Solving node: 24+18
x: 24
y: 18
Solving node: 42+12
x: 42
y: 12
Solving node: 54+14
x: 54
y: 14
Solving node: 68+1
x: 68
y: 1
Difference: 69
Using default bounds (multiplication)
Calculating: 2+1*5-3+6-1+5*3+2*9+4*3+7*6:3+1*4
Solving node: 1*5
x: 1
y: 5
Solving node: 5*3
x: 5
y: 3
Solving node: 2*9
x: 2
y: 9
Solving node: 4*3
x: 4
y: 3
Solving node: 7*6
x: 7
y: 6
Solving node: 42:3
x: 42
y: 3
Solving node: 1*4
x: 1
y: 4
Solving node: 2+5
x: 2
y: 5
Solving node: 7-3
x: 7
y: 3
Solving node: 4+6
x: 4
y: 6
Solving node: 10-1
x: 10
y: 1
Solving node: 9+15
x: 9
y: 15
Solving node: 24+18
x: 24
y: 18
Solving node: 42+12
x: 42
y: 12
Solving node: 54+14
x: 54
y: 14
Solving node: 68+4
x: 68
y: 4
Originallösung: 2+1*5-3+6-1+5*3+2*9+4*3+7*6:3+1*4 = 72
[100/100] 2+1*5-3+6-1+5*3+2*9+4*3+7*6:3+1*4
Testing equation: 2+1*5-3+6-1+5*3+2*9+4*3+7*6:3+1*4
Checking node: 1*5
Solving node: 1*5
x: 1
y: 5
Checking node: 5*3
Solving node: 5*3
x: 5
y: 3
Checking node: 2*9
Solving node: 2*9
x: 2
y: 9
Checking node: 4*3
Solving node: 4*3
x: 4
y: 3
Checking node: 7*6
Solving node: 7*6
x: 7
y: 6
Checking node: 42:3
Solving node: 42:3
x: 42
y: 3
Checking node: 1*4
Solving node: 1*4
x: 1
y: 4
Checking node: 2+5
Solving node: 2+5
x: 2
y: 5
Checking node: 7-3
Solving node: 7-3
x: 7
y: 3
Checking node: 4+6
Solving node: 4+6
x: 4
y: 6
Checking node: 10-1
Solving node: 10-1
x: 10
y: 1
Checking node: 9+15
Solving node: 9+15
x: 9
y: 15
Checking node: 24+18
Solving node: 24+18
x: 24
y: 18
Checking node: 42+12
Solving node: 42+12
x: 42
y: 12
Checking node: 54+14
Solving node: 54+14
x: 54
y: 14
Checking node: 68+4
Solving node: 68+4
x: 68
y: 4
Checking node: 2+1
Checking node: 1*5
Checking node: 5-3
Checking node: 3+6
Checking node: 6-1
Checking node: 1+5
Checking node: 5*3
Checking node: 3+2
Checking node: 2*9
Checking node: 9+4
Checking node: 4*3
Checking node: 3+7
Checking node: 7*6
Checking node: 6:3
Checking node: 3+1
Checking node: 1*4

]]></system-out>
  <system-err><![CDATA[]]></system-err>
</testsuite>
