<?xml version="1.0" encoding="UTF-8"?>
<testsuite name="EquationGeneratorUnitTest" tests="1" skipped="0" failures="0" errors="0" timestamp="2022-02-09T19:09:27" hostname="Max-MacBook-Pro.fritz.box" time="0.089">
  <properties/>
  <testcase name="testEquationGenerator()" classname="EquationGeneratorUnitTest" time="0.089"/>
  <system-out><![CDATA[
2
8
5
10
[1/10] 2 o 6 o 2 o 2 o 2 = 12
6
42
14
18
[2/10] 6 o 7 o 3 o 4 o 2 = 9
5
10
15
75
[3/10] 5 o 2 o 5 o 5 o 3 = 11
7
9
11
18
[4/10] 7 o 2 o 2 o 7 o 4 = 39
7
42
49
343
[5/10] 7 o 6 o 7 o 7 o 1 = 91
7
49
49
51
[6/10] 7 o 7 o 1 o 2 o 8 = 408
5
6
10
12
[7/10] 5 o 1 o 5 o 2 o 8 = 26
1
6
2
10
[8/10] 1 o 5 o 3 o 8 o 4 = 4
3
15
5
15
[9/10] 3 o 5 o 3 o 3 o 2 = 25
3
8
4
20
[10/10] 3 o 5 o 3 o 5 o 6 = 26

]]></system-out>
  <system-err><![CDATA[]]></system-err>
</testsuite>
